Latency: 0.01194369699805975
Latency: 0.008307746145874262
Latency: 0.007721469039097428
Latency: 0.008082151180133224
Latency: 0.007803929038345814
Latency: 0.007871152134612203
Latency: 0.008329421980306506
Latency: 0.007453813916072249
Latency: 0.00898711709305644
Latency: 0.00753214186988771
Latency: 0.008033118210732937
Latency: 0.0075787820387631655
Latency: 0.008624888956546783
Latency: 0.007466407958418131
Latency: 0.007993035949766636
Latency: 0.008982568047940731
Latency: 0.007706620963290334
Latency: 0.007559458026662469
Latency: 0.007496861042454839
Latency: 0.008393672062084079
Latency: 0.007513725897297263
Latency: 0.007471090881153941
Latency: 0.008367152186110616
Latency: 0.009063591016456485
Latency: 0.007343744859099388
Latency: 0.007335378089919686
Latency: 0.007398900110274553
Latency: 0.007463484071195126
Latency: 0.0075016210321336985
Latency: 0.008783745113760233
Latency: 0.007603138918057084
Latency: 0.009250364964827895
Latency: 0.007579004159197211
Latency: 0.008264431962743402
Latency: 0.007560012163594365
Latency: 0.008049224968999624
Latency: 0.007442141184583306
Latency: 0.007537259953096509
Latency: 0.008718412136659026
Latency: 0.0074877808801829815
Latency: 0.008207974024116993
Latency: 0.007283760933205485
Latency: 0.008202129043638706
Latency: 0.008359505096450448
Latency: 0.007284665014594793
Latency: 0.007378750015050173
Latency: 0.0072015628684312105
Latency: 0.007267995970323682
Latency: 0.007327727973461151
Latency: 0.007211617194116116
Latency: 0.0071935357991606
Latency: 0.007238148944452405
Latency: 0.0071905930526554585
Latency: 0.0071650599129498005
Latency: 0.008176431991159916
Latency: 0.007965832948684692
Latency: 0.007362375035881996
Latency: 0.008478196104988456
Latency: 0.007550977868959308
Latency: 0.008328454103320837
Latency: 0.007856460055336356
Latency: 0.00767311011441052
Latency: 0.008012778125703335
Latency: 0.007730914046987891
Latency: 0.0077448461670428514
Latency: 0.007558981887996197
Latency: 0.009601433062925935
Latency: 0.007552820956334472
Latency: 0.00764763611368835
Latency: 0.007163251051679254
Latency: 0.007276391144841909
Latency: 0.0072727210354059935
Latency: 0.007156027015298605
Latency: 0.007369542960077524
Latency: 0.0072336101438850164
Latency: 0.007244139211252332
Latency: 0.007291614077985287
Latency: 0.008461030898615718
Latency: 0.0071913558058440685
Latency: 0.007325886050239205
Latency: 0.00837196595966816
Latency: 0.007498888066038489
Latency: 0.008247883059084415
Latency: 0.0075336629524827
Latency: 0.007858203956857324
Latency: 0.007833520183339715
Latency: 0.00807340000756085
Latency: 0.00780489994212985
Latency: 0.007502735126763582
Latency: 0.009407223900780082
Latency: 0.007440549088642001
Latency: 0.007980220019817352
Latency: 0.007619738113135099
Latency: 0.008075813995674253
Latency: 0.007672737119719386
Latency: 0.007373805856332183
Latency: 0.0074482690542936325
Latency: 0.007297083968296647
Latency: 0.007173268124461174
Latency: 0.0074516599997878075
Latency: 0.007357991999015212
Latency: 0.008781552780419588
Latency: 0.007200852036476135
Latency: 0.007238726131618023
Latency: 0.0072352089919149876
Latency: 0.007191492011770606
Latency: 0.00721666612662375
Latency: 0.007168322103098035
Latency: 0.0071598198264837265
Latency: 0.0072592818178236485
Latency: 0.007174622034654021
Latency: 0.007242111023515463
Latency: 0.00745766400359571
Latency: 0.008302825968712568
Latency: 0.0073404801078140736
Latency: 0.0072569940239191055
Latency: 0.0073327498976141214
Latency: 0.007214134093374014
Latency: 0.007180699147284031
Latency: 0.007274493109434843
Latency: 0.007257210090756416
Latency: 0.007230402901768684
Latency: 0.007424013921990991
Latency: 0.007572480943053961
Latency: 0.008234130917117
Latency: 0.01509773381985724
Latency: 0.007597279967740178
Latency: 0.016843255842104554
Latency: 0.007550484035164118
Latency: 0.007303997874259949
Latency: 0.007323213154450059
Latency: 0.007341747870668769
Latency: 0.007408329052850604
Latency: 0.007390235085040331
Latency: 0.008557679131627083
Latency: 0.007257580058649182
Latency: 0.007610829081386328
Latency: 0.007293927017599344
Latency: 0.0073075429536402225
Latency: 0.00736794900149107
Latency: 0.007282828213647008
Latency: 0.007250339025631547
Latency: 0.007341872900724411
Latency: 0.007382278796285391
Latency: 0.0074682459235191345
Latency: 0.007607776904478669
Latency: 0.008421725826337934
Latency: 0.0073442659340798855
Latency: 0.007365077035501599
Latency: 0.007495576981455088
Latency: 0.0071838481817394495
Latency: 0.007205127971246839
Latency: 0.007295903982594609
Latency: 0.00745573197491467
Latency: 0.007256748853251338
Latency: 0.007412225008010864
Latency: 0.007248861016705632
Latency: 0.008235724875703454
Latency: 0.007350858999416232
Latency: 0.007380570052191615
Latency: 0.007384235970675945
Latency: 0.007502735126763582
Latency: 0.007233399897813797
Latency: 0.007275691023096442
Latency: 0.00743683404289186
Latency: 0.007342753931879997
Latency: 0.008486205944791436
Latency: 0.011965272948145866
Latency: 0.010596625972539186
Latency: 0.007466641021892428
Latency: 0.007502065971493721
Latency: 0.00730382208712399
Latency: 0.007312592817470431
Latency: 0.007267558015882969
Latency: 0.007257024059072137
Latency: 0.007343105971813202
Latency: 0.007367438171058893
Latency: 0.007434040075168014
Latency: 0.007354584988206625
Latency: 0.008328749099746346
Latency: 0.0070135039277374744
Latency: 0.00705636409111321
Latency: 0.0071850239764899015
Latency: 0.007254095049574971
Latency: 0.007243066094815731
Latency: 0.0071980401407927275
Latency: 0.007109188940376043
Latency: 0.007264818996191025
Latency: 0.007303555030375719
Latency: 0.0072870319709181786
Latency: 0.007303948048502207
Latency: 0.008112811017781496
Latency: 0.007354194996878505
Latency: 0.007206934969872236
Latency: 0.007247556932270527
Latency: 0.007135357009246945
Latency: 0.007218953920528293
Latency: 0.007307807914912701
Latency: 0.007326062070205808
Latency: 0.0073463639710098505
Latency: 0.007230326998978853
Latency: 0.007295561023056507
Latency: 0.008039076114073396
Latency: 0.007288231048732996
Latency: 0.007330054882913828
Latency: 0.007287250831723213
Latency: 0.007264424813911319
Latency: 0.0072687731590121984
Latency: 0.007414081133902073
Latency: 0.007285473868250847
Latency: 0.007200722116976976
Latency: 0.007426893105730414
Latency: 0.007121301954612136
Latency: 0.007140286965295672
Latency: 0.008188741048797965
Latency: 0.007074353052303195
Latency: 0.0071437840815633535
Latency: 0.007125175092369318
Latency: 0.007079193135723472
Latency: 0.0072892599273473024
Latency: 0.0076595020946115255
Latency: 0.007486311020329595
Latency: 0.007360381074249744
Latency: 0.007300039986148477
Latency: 0.007570028072223067
Latency: 0.008486950071528554
Latency: 0.007412069011479616
Latency: 0.007272991118952632
Latency: 0.007404320174828172
Latency: 0.007138045970350504
Latency: 0.007261199178174138
Latency: 0.007189155090600252
Latency: 0.007287788903340697
Latency: 0.007264779880642891
Latency: 0.00777094392105937
Latency: 0.007318965159356594
Latency: 0.008235585875809193
Latency: 0.00727404304780066
Latency: 0.007264439016580582
Latency: 0.007940227864310145
Latency: 0.0074601329397410154
Latency: 0.007086677011102438
Latency: 0.00726911798119545
Latency: 0.007287684129551053
Latency: 0.007261425955221057
Latency: 0.007383316056802869
Latency: 0.0072188600897789
Latency: 0.008299964014440775
Latency: 0.015598225872963667
Latency: 0.007482116110622883
Latency: 0.0072449990548193455
Latency: 0.007258403114974499
Latency: 0.007172825047746301
Latency: 0.007339664967730641
Latency: 0.007288113934919238
Latency: 0.007288279943168163
Latency: 0.007449969882145524
Latency: 0.008245967095717788
Latency: 0.007199004990980029
Latency: 0.007218669168651104
Latency: 0.007353598950430751
Latency: 0.007144777104258537
Latency: 0.007318279007449746
Latency: 0.007214300101622939
Latency: 0.007182965986430645
Latency: 0.0071987679693847895
Latency: 0.007290972163900733
Latency: 0.007282479899004102
Latency: 0.007332224864512682
Latency: 0.008054010104387999
Latency: 0.0072676390409469604
Latency: 0.00749037298373878
Latency: 0.007455357816070318
Latency: 0.0071551259607076645
Latency: 0.007134516024962068
Latency: 0.007129697827622294
Latency: 0.007237144047394395
Latency: 0.007224197033792734
Latency: 0.007237026002258062
Latency: 0.0071821308229118586
Latency: 0.008025072049349546
Latency: 0.007180582033470273
Latency: 0.007246837951242924
Latency: 0.007307133870199323
Latency: 0.007346349069848657
Latency: 0.007161600980907679
Latency: 0.007270625093951821
Latency: 0.007343540899455547
Latency: 0.007407333003357053
Latency: 0.007101184921339154
Latency: 0.0071402559988200665
Latency: 0.007223283173516393
Latency: 0.008091231109574437
Latency: 0.0073195151053369045
Latency: 0.007386081852018833
Latency: 0.007396773900836706
Latency: 0.007259339094161987
Latency: 0.007133796811103821
Latency: 0.007292537018656731
Latency: 0.0071494190488010645
Latency: 0.007319374941289425
Latency: 0.007342714816331863
Latency: 0.007331686094403267
Latency: 0.0082678550388664
Latency: 0.007497933926060796
Latency: 0.007253128103911877
Latency: 0.00736512104049325
Latency: 0.007285442901775241
Latency: 0.007259999867528677
Latency: 0.007097656838595867
Latency: 0.007212362019345164
Latency: 0.007797867059707642
Latency: 0.007350140018388629
Latency: 0.007276569027453661
Latency: 0.008590221870690584
Latency: 0.007337210001423955
Latency: 0.007180484943091869
Latency: 0.007287581916898489
Latency: 0.007352927001193166
Latency: 0.007266605971381068
Latency: 0.00727935298345983
Latency: 0.007273241877555847
Latency: 0.007182419998571277
Latency: 0.007193177938461304
Latency: 0.007218287093564868
Latency: 0.008278121938928962
Latency: 0.0071869101375341415
Latency: 0.007053666049614549
Latency: 0.007229130016639829
Latency: 0.007220636121928692
Latency: 0.007295676041394472
Latency: 0.007181189954280853
Latency: 0.007161608198657632
Latency: 0.007204222027212381
Latency: 0.007292879978194833
Latency: 0.0074887569062411785
Latency: 0.008550430880859494
Latency: 0.007364298915490508
Latency: 0.007303111953660846
Latency: 0.00721991783939302
Latency: 0.007294259965419769
Latency: 0.007297588977962732
Latency: 0.007299300981685519
Latency: 0.007576832082122564
Latency: 0.0072925148997455835
Latency: 0.01107817399315536
Latency: 0.008629912976175547
Latency: 0.009063297882676125
Latency: 0.007124739931896329
Latency: 0.007334390189498663
Latency: 0.007324290927499533
Latency: 0.0073385220021009445
Latency: 0.007375437067821622
Latency: 0.00727442093193531
Latency: 0.007301924051716924
Latency: 0.007207297952845693
Latency: 0.007285590982064605
Latency: 0.007580893114209175
Latency: 0.007255865028128028
Latency: 0.008251616032794118
Latency: 0.0072452048771083355
Latency: 0.007318820105865598
Latency: 0.007258902071043849
Latency: 0.0075496588833630085
Latency: 0.007243569940328598
Latency: 0.007415583822876215
Latency: 0.007497023092582822
Latency: 0.007300030207261443
Latency: 0.008601899025961757
Latency: 0.007431444013491273
Latency: 0.007106969831511378
Latency: 0.007132706930860877
Latency: 0.016314395936205983
Latency: 0.007428819080814719
Latency: 0.007268878165632486
Latency: 0.007428445853292942
Latency: 0.0072231360245496035
Latency: 0.010653972160071135
Latency: 0.0100509119220078
Latency: 0.011708117090165615
Latency: 0.013029588153585792
Latency: 0.007658567978069186
Latency: 0.007338717812672257
Latency: 0.007446821080520749
Latency: 0.007430138997733593
Latency: 0.007352164015173912
Latency: 0.0072640120051801205
Latency: 0.007212633034214377
Latency: 0.007368585094809532
Latency: 0.007245081011205912
Latency: 0.0073777849320322275
Latency: 0.007320866920053959
Latency: 0.008260938106104732
Latency: 0.007263486972078681
Latency: 0.007176507031545043
Latency: 0.007235119817778468
Latency: 0.007250922033563256
Latency: 0.007122833980247378
Latency: 0.0071073370054364204
Latency: 0.007160921115428209
Latency: 0.007307207910344005
Latency: 0.007199462037533522
Latency: 0.007281983038410544
Latency: 0.008158305892720819
Latency: 0.007153799990192056
Latency: 0.007152756908908486
Latency: 0.007160258945077658
Latency: 0.007071367930620909
Latency: 0.007253830088302493
Latency: 0.007198315812274814
Latency: 0.007218139944598079
Latency: 0.0073510450311005116
Latency: 0.007318523013964295
Latency: 0.007285586092621088
Latency: 0.008232356049120426
Latency: 0.0071053949650377035
Latency: 0.00736511405557394
Latency: 0.007198921870440245
Latency: 0.007247057044878602
Latency: 0.007334431167691946
Latency: 0.007212327094748616
Latency: 0.007217098958790302
Latency: 0.007218861952424049
Latency: 0.007233308861032128
Latency: 0.007207226939499378
Latency: 0.007261244114488363
Latency: 0.008172256872057915
Latency: 0.007320164004340768
Latency: 0.007293513044714928
Latency: 0.007397623034194112
Latency: 0.00728569901548326
Latency: 0.007141641108319163
Latency: 0.007396155968308449
Latency: 0.0072422700468450785
Latency: 0.007299584103748202
Latency: 0.007125746924430132
Latency: 0.0073019638657569885
Latency: 0.008835232118144631
Latency: 0.007596142124384642
Latency: 0.012857353081926703
Latency: 0.007690940052270889
Latency: 0.00750662200152874
Latency: 0.007207908201962709
Latency: 0.007194699952378869
Latency: 0.007399353897199035
Latency: 0.009181983070448041
Latency: 0.008824678137898445
Latency: 0.007483276072889566
Latency: 0.009303390048444271
Latency: 0.007419124012812972
Latency: 0.0072646429762244225
Latency: 0.007226886926218867
Latency: 0.007343450793996453
Latency: 0.007367893122136593
Latency: 0.007201713044196367
Latency: 0.00721286004409194
Latency: 0.007192492019385099
Latency: 0.007187095005065203
Latency: 0.007169878110289574
Latency: 0.008233796106651425
Latency: 0.0072377140168100595
Latency: 0.007230572169646621
Latency: 0.007254834054037929
Latency: 0.007166394963860512
Latency: 0.0072329540271312
Latency: 0.00721161300316453
Latency: 0.007217239821329713
Latency: 0.007245654007419944
Latency: 0.007579364813864231
Latency: 0.007462404202669859
Latency: 0.00853401399217546
Latency: 0.00728953187353909
Latency: 0.00725864595733583
Latency: 0.007205704925581813
Latency: 0.007334774825721979
Latency: 0.007300727069377899
Latency: 0.007180457003414631
Latency: 0.0073078470304608345
Latency: 0.007319655967876315
Latency: 0.007189495023339987
Latency: 0.007259317906573415
Latency: 0.008435299852862954
Latency: 0.007259001024067402
Latency: 0.007174886995926499
Latency: 0.007307864958420396
Latency: 0.0072212680242955685
Latency: 0.007168864132836461
Latency: 0.007243114057928324
Latency: 0.007255979115143418
Latency: 0.0072577709797769785
Latency: 0.007227608002722263
Latency: 0.00723055494017899
Latency: 0.00823684292845428
Latency: 0.01605964219197631
Latency: 0.007390747079625726
Latency: 0.007130669895559549
Latency: 0.007272615097463131
Latency: 0.007308206055313349
Latency: 0.007263443898409605
Latency: 0.010673206066712737
Latency: 0.007474734913557768
Latency: 0.007776480866596103
Latency: 0.009733859915286303
Latency: 0.007738094078376889
Latency: 0.007369038183242083
Latency: 0.007385740987956524
Latency: 0.0074565301183611155
Latency: 0.0073450959753245115
Latency: 0.007401200942695141
Latency: 0.007323816884309053
Latency: 0.0072738961316645145
Latency: 0.0074107651598751545
Latency: 0.007378583075478673
Latency: 0.007481398992240429
Latency: 0.008187812054529786
Latency: 0.00723867304623127
Latency: 0.007315061986446381
Latency: 0.007206636015325785
Latency: 0.007187562063336372
Latency: 0.0071184642147272825
Latency: 0.007126873126253486
Latency: 0.007132318103685975
Latency: 0.007188251940533519
Latency: 0.007209128001704812
Latency: 0.007204805966466665
Latency: 0.008166498970240355
Latency: 0.0074087881948798895
Latency: 0.007263065781444311
Latency: 0.007389006903395057
Latency: 0.007214302197098732
Latency: 0.007236802950501442
Latency: 0.007231344003230333
Latency: 0.007205253001302481
Latency: 0.007345167919993401
Latency: 0.007329503074288368
Latency: 0.007302266079932451
Latency: 0.007398944813758135
Latency: 0.008229949977248907
Latency: 0.007417634828016162
Latency: 0.007287793792784214
Latency: 0.008898823987692595
Latency: 0.007700400892645121
Latency: 0.007395020918920636
Latency: 0.0072958581149578094
Latency: 0.007324997102841735
Latency: 0.007266672095283866
Latency: 0.00719359191134572
Latency: 0.007276785792782903
Latency: 0.008426089072600007
Latency: 0.007133072009310126
Latency: 0.007176567101851106
Latency: 0.007171630859375
Latency: 0.007275799056515098
Latency: 0.007295860908925533
Latency: 0.007178782019764185
Latency: 0.0073626849334686995
Latency: 0.007523067994043231
Latency: 0.01494372682645917
Latency: 0.009156733052805066
Latency: 0.007390085840597749
Latency: 0.008982277009636164
Latency: 0.00724471895955503
Latency: 0.007231861120089889
Latency: 0.0073646120727062225
Latency: 0.007209931965917349
Latency: 0.007349053863435984
Latency: 0.007244774140417576
Latency: 0.007307387888431549
Latency: 0.007147730095311999
Latency: 0.009656529873609543
Latency: 0.0072518279775977135
Latency: 0.008739617187529802
Latency: 0.007222192129120231
Latency: 0.007335614878684282
Latency: 0.007166592869907618
Latency: 0.007120030000805855
Latency: 0.007201570086181164
Latency: 0.007247973000630736
Latency: 0.0071337600238621235
Latency: 0.007205707021057606
Latency: 0.007475825026631355
Latency: 0.007314161863178015
Latency: 0.007378960028290749
Latency: 0.008504020050168037
Latency: 0.009305467130616307
Latency: 0.007481285138055682
Latency: 0.007420875830575824
Latency: 0.0077444519847631454
Latency: 0.007418990135192871
Latency: 0.007509154034778476
Latency: 0.007681075017899275
Latency: 0.009113013045862317
Latency: 0.007717638975009322
Latency: 0.007549098925665021
Latency: 0.008948157075792551
Latency: 0.00728882011026144
Latency: 0.007153126876801252
Latency: 0.007349504856392741
Latency: 0.0072922848630696535
Latency: 0.007410558173432946
Latency: 0.007248840993270278
Latency: 0.007271619979292154
Latency: 0.007191770011559129
Latency: 0.007278787204995751
Latency: 0.0071731628850102425
Latency: 0.008555657928809524
Latency: 0.00740631390362978
Latency: 0.007243315922096372
Latency: 0.0076521011069417
Latency: 0.009405381977558136
Latency: 0.007661198964342475
Latency: 0.007388391997665167
Latency: 0.007429763907566667
Latency: 0.007311085006222129
Latency: 0.007509944960474968
Latency: 0.007372271036729217
Latency: 0.008897239109501243
Latency: 0.007183750858530402
Latency: 0.007105433149263263
Latency: 0.007575725205242634
Latency: 0.007483502151444554
Latency: 0.007554996060207486
Latency: 0.007373922038823366
Latency: 0.009486299939453602
Latency: 0.007703521987423301
Latency: 0.007235863013193011
Latency: 0.007187576964497566
Latency: 0.008723709033802152
Latency: 0.016979504842311144
Latency: 0.007406011922284961
Latency: 0.007541155908256769
Latency: 0.007160932058468461
Latency: 0.00711213587783277
Latency: 0.007093762047588825
Latency: 0.007116288878023624
Latency: 0.007222071988508105
Latency: 0.007311725988984108
Latency: 0.008035161066800356
Latency: 0.007226949092000723
Latency: 0.007233755895867944
Latency: 0.007416448090225458
Latency: 0.0072881439700722694
Latency: 0.007242914056405425
Latency: 0.007172968005761504
Latency: 0.007171374978497624
Latency: 0.007108542835339904
Latency: 0.007338604191318154
Latency: 0.007309942971915007
Latency: 0.0072680311277508736
Latency: 0.00822195503860712
Latency: 0.007253804011270404
Latency: 0.007364046992734075
Latency: 0.007365304045379162
Latency: 0.007234510965645313
Latency: 0.0072473520413041115
Latency: 0.0071802600286901
Latency: 0.007375763962045312
Latency: 0.007170161930844188
Latency: 0.007212769007310271
Latency: 0.00716280797496438
Latency: 0.00814751093275845
Latency: 0.007045276928693056
Latency: 0.007186203962191939
Latency: 0.007451844867318869
Latency: 0.007116768974810839
Latency: 0.007145299110561609
Latency: 0.007307017920538783
Latency: 0.007275385083630681
Latency: 0.00721573201008141
Latency: 0.00722100492566824
Latency: 0.007211821852251887
Latency: 0.0071825438644737005
Latency: 0.008261357201263309
Latency: 0.007249461021274328
Latency: 0.007260881131514907
Latency: 0.007320197997614741
Latency: 0.007087873062118888
Latency: 0.007095770910382271
Latency: 0.007236542878672481
Latency: 0.007074184017255902
Latency: 0.007364114047959447
Latency: 0.007282556965947151
Latency: 0.007196445018053055
Latency: 0.00819953391328454
Latency: 0.007270331960171461
Latency: 0.007304464932531118
Latency: 0.007259096950292587
Latency: 0.00739997997879982
Latency: 0.007320252945646644
Latency: 0.0072957370430231094
Latency: 0.007211992051452398
Latency: 0.007512030890211463
Latency: 0.00782194104976952
Latency: 0.008790917927399278
Latency: 0.007140133064240217
Latency: 0.007381913950666785
Latency: 0.007197801023721695
Latency: 0.0071920359041541815
Latency: 0.0072796212043613195
Latency: 0.007153620943427086
Latency: 0.007167230127379298
Latency: 0.0072194410022348166
Latency: 0.007280783960595727
Latency: 0.007361616939306259
Latency: 0.007439129985868931
Latency: 0.008348040981218219
Latency: 0.007213965989649296
Latency: 0.007249777903780341
Latency: 0.0070790930185467005
Latency: 0.007245134096592665
Latency: 0.007297837873920798
Latency: 0.007226150017231703
Latency: 0.0072609130293130875
Latency: 0.007231241092085838
Latency: 0.007166906027123332
Latency: 0.00716030690819025
Latency: 0.00721187493763864
Latency: 0.008265187032520771
Latency: 0.007200677879154682
Latency: 0.0072297470178455114
Latency: 0.007397899171337485
Latency: 0.008229554863646626
Latency: 0.007589627988636494
Latency: 0.007618658011779189
Latency: 0.007655301131308079
Latency: 0.009548673871904612
Latency: 0.007672431878745556
Latency: 0.007248813984915614
Latency: 0.008708948967978358
Latency: 0.007412649923935533
Latency: 0.007462183944880962
Latency: 0.007776539074257016
Latency: 0.007693922845646739
Latency: 0.0075330769177526236
Latency: 0.007425875868648291
Latency: 0.007548202993348241
Latency: 0.008225143887102604
Latency: 0.007567941909655929
Latency: 0.007589164189994335
Latency: 0.007281617959961295
Latency: 0.008683714084327221
Latency: 0.007161006098613143
Latency: 0.007215449120849371
Latency: 0.007230527000501752
Latency: 0.0072911682073026896
Latency: 0.007168364943936467
Latency: 0.007169825024902821
Latency: 0.007348995190113783
Latency: 0.007265284890308976
Latency: 0.007278084987774491
Latency: 0.00725671905092895
Latency: 0.008330653887242079
Latency: 0.007444010116159916
Latency: 0.007312208181247115
Latency: 0.00726851006038487
Latency: 0.007218301063403487
Latency: 0.007244269130751491
Latency: 0.007290426176041365
Latency: 0.007270104950293899
Latency: 0.008413639152422547
Latency: 0.007620565826073289
Latency: 0.007543104933574796
Latency: 0.007369878003373742
Latency: 0.0085636330768466
Latency: 0.02252047206275165
Latency: 0.007454701000824571
Latency: 0.00709637301042676
Latency: 0.007246171124279499
Latency: 0.007341847056522965
Latency: 0.007250391878187656
Latency: 0.007202486973255873
Latency: 0.007217861013486981
Latency: 0.007175161968916655
Latency: 0.00778034096583724
Latency: 0.00722937798127532
Latency: 0.00733326212503016
Latency: 0.007382791955024004
Latency: 0.0075429140124469995
Latency: 0.007722692098468542
Latency: 0.007934754015877843
Latency: 0.00782082206569612
Latency: 0.00937851588241756
Latency: 0.007423480041325092
Latency: 0.007377269910648465
Latency: 0.007317172130569816
Latency: 0.008625467075034976
Latency: 0.007253741845488548
Latency: 0.007338297786191106
Latency: 0.007283283164724708
Latency: 0.007157984189689159
Latency: 0.007118739886209369
Latency: 0.007311049848794937
Latency: 0.007301105884835124
Latency: 0.0073294860776513815
Latency: 0.007284987019374967
Latency: 0.007312775123864412
Latency: 0.008331712102517486
Latency: 0.007236443925648928
Latency: 0.0072976958472281694
Latency: 0.0071718229446560144
Latency: 0.007400525966659188
Latency: 0.007218731101602316
Latency: 0.007225718814879656
Latency: 0.00714602111838758
Latency: 0.007178510073572397
Latency: 0.007233110023662448
Latency: 0.007148473057895899
Latency: 0.007229601964354515
Latency: 0.008145331870764494
Latency: 0.007412104168906808
Latency: 0.007366474950686097
Latency: 0.007353559136390686
Latency: 0.007101414958015084
Latency: 0.007240698905661702
Latency: 0.007113710977137089
Latency: 0.007299239980056882
Latency: 0.007386662997305393
Latency: 0.007259639911353588
Latency: 0.00727749103680253
Latency: 0.008347677998244762
Latency: 0.007124077994376421
Latency: 0.007176258135586977
Latency: 0.007326165912672877
Latency: 0.007253268966451287
Latency: 0.00722081121057272
Latency: 0.007308457046747208
Latency: 0.00729005504399538
Latency: 0.0073136319406330585
Latency: 0.007259040139615536
Latency: 0.007221794920042157
Latency: 0.00823680404573679
Latency: 0.007244328036904335
Latency: 0.007547117071226239
Latency: 0.0075965519063174725
Latency: 0.007247720146551728
Latency: 0.0073559959419071674
Latency: 0.007290695095434785
Latency: 0.007283730898052454
Latency: 0.007260482059791684
Latency: 0.007291062967851758
Latency: 0.008478677133098245
Latency: 0.007157243089750409
Latency: 0.007618098985403776
Latency: 0.007286707870662212
Latency: 0.0073828259482979774
Latency: 0.007303826976567507
Latency: 0.007274270989000797
Latency: 0.007149870973080397
Latency: 0.007281692000105977
Latency: 0.007120720110833645
Latency: 0.007818598067387938
Latency: 0.007344275014474988
Latency: 0.008529610000550747
Latency: 0.007403460098430514
Latency: 0.007228358881548047
Latency: 0.007227639900520444
Latency: 0.007400294067338109
Latency: 0.007283309940248728
Latency: 0.00723051093518734
Latency: 0.007147395052015781
Latency: 0.007205446949228644
Latency: 0.007207628106698394
Latency: 0.0071807061322033405
Latency: 0.007113578030839562
Latency: 0.008285488933324814
Latency: 0.007187586976215243
Latency: 0.00722677493467927
Latency: 0.007320880889892578
Latency: 0.0071799978613853455
Latency: 0.0071248088497668505
Latency: 0.007242019986733794
Latency: 0.007263359846547246
Latency: 0.007356812944635749
Latency: 0.007263535866513848
Latency: 0.007261742139235139
Latency: 0.008156724041327834
Latency: 0.00733625004068017
Latency: 0.0074514830484986305
Latency: 0.0073069739155471325
Latency: 0.007301544072106481
Latency: 0.007418717024847865
Latency: 0.007179464912042022
Latency: 0.007226220099255443
Latency: 0.007370572071522474
Latency: 0.007420561043545604
Latency: 0.007283939979970455
Latency: 0.008413498057052493
Latency: 0.007341620046645403
Latency: 0.007257735123857856
Latency: 0.007229034090414643
Latency: 0.00725931697525084
Latency: 0.007263431092724204
Latency: 0.007260542130097747
Latency: 0.007259767968207598
Latency: 0.0072767180390655994
Latency: 0.00725073111243546
Latency: 0.00736205605790019
Latency: 0.0072053170297294855
Latency: 0.008218697970733047
Latency: 0.017482822062447667
Latency: 0.007398032117635012
Latency: 0.007448565913364291
Latency: 0.0073904478922486305
Latency: 0.007226265035569668
Latency: 0.007222547894343734
Latency: 0.007210858864709735
Latency: 0.007198952836915851
Latency: 0.007241526152938604
Latency: 0.008042613044381142
Latency: 0.007240654900670052
Latency: 0.007132095983251929
Latency: 0.007235655095428228
Latency: 0.0073103709146380424
Latency: 0.007303083082661033
Latency: 0.007320498814806342
Latency: 0.0081403199583292
Latency: 0.007541668834164739
Latency: 0.0072739459574222565
Latency: 0.007323089055716991
Latency: 0.008535151835530996
Latency: 0.0070691280998289585
Latency: 0.007327517960220575
Latency: 0.007275923155248165
Latency: 0.007273005088791251
Latency: 0.007114628795534372
Latency: 0.007235249970108271
Latency: 0.007241105893626809
Latency: 0.007225401932373643
Latency: 0.007309312932193279
Latency: 0.007166760973632336
Latency: 0.007229986833408475
Latency: 0.008107770001515746
Latency: 0.0072830310091376305
Latency: 0.007332783890888095
Latency: 0.007249288959428668
Latency: 0.007259289035573602
Latency: 0.007271941052749753
Latency: 0.007203828077763319
Latency: 0.007214948069304228
Latency: 0.007247657980769873
Latency: 0.007091960171237588
Latency: 0.0071932540740817785
Latency: 0.008191264001652598
Latency: 0.007608405081555247
Latency: 0.007558505982160568
Latency: 0.0073967319913208485
Latency: 0.007894555106759071
Latency: 0.009127296973019838
Latency: 0.007508384063839912
Latency: 0.007440255023539066
Latency: 0.007434699917212129
Latency: 0.007394853979349136
Latency: 0.007297412026673555
Latency: 0.0073412260971963406
Latency: 0.008363251108676195
Latency: 0.007331070955842733
Latency: 0.0073270550929009914
Latency: 0.0073396279476583
Latency: 0.007164900191128254
Latency: 0.007567541906610131
Latency: 0.0074688768945634365
Latency: 0.007280479883775115
Latency: 0.007352904882282019
Latency: 0.007190898060798645
Latency: 0.0072861958760768175
Latency: 0.008648016024380922
Latency: 0.007104912074282765
Latency: 0.007372834021225572
Latency: 0.0075525580905377865
Latency: 0.007532106013968587
Latency: 0.007407871074974537
Latency: 0.007660440867766738
Latency: 0.009173314087092876
Latency: 0.007495974889025092
Latency: 0.007472969824448228
Latency: 0.007535717915743589
Latency: 0.0073891798965632915
Latency: 0.008665428962558508
Latency: 0.007304689148440957
Latency: 0.0072377759497612715
Latency: 0.007190132047981024
Latency: 0.007125630974769592
Latency: 0.007280463818460703
Latency: 0.007123673101887107
Latency: 0.007062728051096201
Latency: 0.007112569874152541
Latency: 0.007170637138187885
Latency: 0.007247401867061853
Latency: 0.0071968380361795425
Latency: 0.00816133408807218
Latency: 0.007311712950468063
Latency: 0.00720698619261384
Latency: 0.007367817917838693
Latency: 0.007156491046771407
Latency: 0.007232123985886574
Latency: 0.007247048197314143
Latency: 0.00722855213098228
Latency: 0.007341455202549696
Latency: 0.007237219018861651
Latency: 0.0073621030896902084
Latency: 0.008298865053802729
Latency: 0.007344954181462526
Latency: 0.007314886897802353
Latency: 0.007365521974861622
Latency: 0.007229289971292019
Latency: 0.007203222950920463
Latency: 0.0069718079175800085
Latency: 0.007146902149543166
Latency: 0.007235937053337693
Latency: 0.007241402054205537
Latency: 0.00711932685226202
Latency: 0.007201225031167269
Latency: 0.008283675881102681
Latency: 0.007433359045535326
Latency: 0.0072363680228590965
Latency: 0.007411736994981766
Latency: 0.007260687882080674
Latency: 0.008524619974195957
Latency: 0.007517243968322873
Latency: 0.017722534015774727
Latency: 0.01160514703951776
Latency: 0.010501248063519597
Latency: 0.012154188007116318
Latency: 0.009246586821973324
Latency: 0.007378819165751338
Latency: 0.007230617105960846
Latency: 0.007275932002812624
Latency: 0.007219597930088639
Latency: 0.0073075678665190935
Latency: 0.007610594853758812
Latency: 0.007098878966644406
Latency: 0.007146195974200964
Latency: 0.007268635090440512
Latency: 0.0071256039664149284
Latency: 0.007167199859395623
Latency: 0.008221430936828256
Latency: 0.007143640890717506
Latency: 0.007201506057754159
Latency: 0.0072366041131317616
Latency: 0.007271433947607875
Latency: 0.007387701887637377
Latency: 0.007290506036952138
Latency: 0.007264292100444436
Latency: 0.007304809987545013
Latency: 0.0072441918309777975
Latency: 0.007276812801137567
Latency: 0.00802287901751697
Latency: 0.01718215411528945
Latency: 0.007471758173778653
Latency: 0.0073393399361521006
Latency: 0.0072169729974120855
Latency: 0.0073342949617654085
Latency: 0.0073696100153028965
Latency: 0.007287721149623394
Latency: 0.007301450939849019
Latency: 0.007382571930065751
Latency: 0.0073176040314137936
Latency: 0.008082658052444458
Latency: 0.007232956122606993
Latency: 0.00726287579163909
Latency: 0.007265804102644324
Latency: 0.007454928010702133
Latency: 0.007313838927075267
Latency: 0.007290990091860294
Latency: 0.007308247033506632
Latency: 0.007211040938273072
Latency: 0.007248023059219122
Latency: 0.007174280937761068
Latency: 0.007195289013907313
Latency: 0.007189591880887747
Latency: 0.007111923070624471
Latency: 0.007220566039904952
Latency: 0.007368994876742363
Latency: 0.007093388121575117
Latency: 0.007476954022422433
Latency: 0.00812266394495964
Latency: 0.007344459183514118
Latency: 0.013503866968676448
Latency: 0.007592706009745598
Latency: 0.008865651907399297
Latency: 0.007296205032616854
Latency: 0.007420576177537441
Latency: 0.01099767698906362
Latency: 0.008073640987277031
Latency: 0.008157070027664304
Latency: 0.007444335147738457
Latency: 0.007436260115355253
Latency: 0.007431799080222845
Latency: 0.0075153999496251345
Latency: 0.007149396929889917
Latency: 0.00871697487309575
Latency: 0.007352335844188929
Latency: 0.007493983022868633
Latency: 0.007368225138634443
Latency: 0.007438373984768987
Latency: 0.007183129899203777
Latency: 0.00740365288220346
Latency: 0.007307551801204681
Latency: 0.007267107022926211
Latency: 0.007216920144855976
Latency: 0.007235631113871932
Latency: 0.007241342915222049
Latency: 0.008188545936718583
Latency: 0.007408977020531893
Latency: 0.007376577006652951
Latency: 0.00723576289601624
Latency: 0.007755649043247104
Latency: 0.00719152414239943
Latency: 0.007175204111263156
Latency: 0.007181662134826183
Latency: 0.007293066941201687
Latency: 0.0071659451350569725
Latency: 0.007264675106853247
Latency: 0.008464038139209151
Latency: 0.007232749834656715
Latency: 0.0072271679528057575
Latency: 0.007201598957180977
Latency: 0.007261838996782899
Latency: 0.007267609937116504
Latency: 0.00741089484654367
Latency: 0.00723322993144393
Latency: 0.007148874923586845
Latency: 0.007198113016784191
Latency: 0.007234293036162853
Latency: 0.007315840106457472
Latency: 0.008272336097434163
Latency: 0.007184107089415193
Latency: 0.007273548981174827
Latency: 0.007258130935952067
Latency: 0.007290479959920049
Latency: 0.0077523288782685995
Latency: 0.007317533018067479
Latency: 0.007372904801741242
Latency: 0.007428960874676704
Latency: 0.0073032190557569265
Latency: 0.007375665009021759
Latency: 0.008567004930227995
Latency: 0.007297844858840108
Latency: 0.00733590591698885
Latency: 0.0072663838509470224
Latency: 0.007189066847786307
Latency: 0.007278658915311098
Latency: 0.007171375211328268
Latency: 0.007143198046833277
Latency: 0.007117539877071977
Latency: 0.007071575848385692
Latency: 0.007189610973000526
Latency: 0.007140506990253925
Latency: 0.008183150086551905
Latency: 0.007284883875399828
Latency: 0.007156176958233118
Latency: 0.0073000609409064054
Latency: 0.007580781122669578
Latency: 0.007373349973931909
Latency: 0.00784350698813796
Latency: 0.00806240807287395
Latency: 0.008735409006476402
Latency: 0.008327321847900748
Latency: 0.007543608080595732
Latency: 0.009863861836493015
Latency: 0.007501228014007211
Latency: 0.007355303969234228
Latency: 0.00734473904594779
Latency: 0.007346361875534058
Latency: 0.007259845966473222
Latency: 0.00726321991533041
Latency: 0.007195152109488845
Latency: 0.007167448988184333
Latency: 0.0072042630054056644
Latency: 0.00725927110761404
Latency: 0.0072667901404201984
Latency: 0.008278656983748078
Latency: 0.007094859844073653
Latency: 0.007152101024985313
Latency: 0.007261845050379634
Latency: 0.0072246219497174025
Latency: 0.007238749880343676
Latency: 0.007235368015244603
Latency: 0.007266432046890259
Latency: 0.007344922050833702
Latency: 0.007398505927994847
Latency: 0.007271843962371349
Latency: 0.008421558886766434
Latency: 0.0073095359839499
Latency: 0.007383775897324085
Latency: 0.007187999086454511
Latency: 0.0072074169293046
Latency: 0.00720814592204988
Latency: 0.007206714944913983
Latency: 0.0070923189632594585
Latency: 0.00716049293987453
Latency: 0.007138648768886924
Latency: 0.007278044940903783
Latency: 0.007261372869834304
Latency: 0.008128362940624356
Latency: 0.007231238996610045
Latency: 0.007228374015539885
Latency: 0.007206320995464921
Latency: 0.007236733101308346
Latency: 0.007211268180981278
Latency: 0.007400027941912413
Latency: 0.007315539056435227
Latency: 0.007271121023222804
Latency: 0.007352622924372554
Latency: 0.007239100057631731
Latency: 0.008477834984660149
Latency: 0.017610420007258654
Latency: 0.007440655957907438
Latency: 0.0074564318638294935
Latency: 0.007335130125284195
Latency: 0.007407988887280226
Latency: 0.007309081964194775
Latency: 0.007295682793483138
Latency: 0.007246644934639335
Latency: 0.007244475185871124
Latency: 0.00821839808486402
Latency: 0.007235686061903834
Latency: 0.007357178023084998
Latency: 0.007325796876102686
Latency: 0.007317268988117576
Latency: 0.007326663937419653
Latency: 0.007231147028505802
Latency: 0.007127012126147747
Latency: 0.007233712822198868
Latency: 0.007026513107120991
Latency: 0.007162793073803186
Latency: 0.007265878142789006
Latency: 0.008772423956543207
Latency: 0.007408072939142585
Latency: 0.007410114863887429
Latency: 0.007315236143767834
Latency: 0.0072139420080929995
Latency: 0.007230995921418071
Latency: 0.007234449964016676
Latency: 0.007282880134880543
Latency: 0.007337883114814758
Latency: 0.0073399911634624004
Latency: 0.0073638970497995615
Latency: 0.008457227144390345
Latency: 0.0072591789066791534
Latency: 0.007337905000895262
Latency: 0.007104022894054651
Latency: 0.007335760165005922
Latency: 0.007218028884381056
Latency: 0.007221603067591786
Latency: 0.007339094066992402
Latency: 0.007381004048511386
Latency: 0.00738418591208756
Latency: 0.00752084911800921
Latency: 0.008479268057271838
Latency: 0.007336472859606147
Latency: 0.0072978700045496225
Latency: 0.007358629954978824
Latency: 0.007271955022588372
Latency: 0.0071366478223353624
Latency: 0.007096995832398534
Latency: 0.007252026116475463
Latency: 0.007201513973996043
Latency: 0.007018267177045345
Latency: 0.007153455866500735
Latency: 0.008272684877738357
Latency: 0.007069058017805219
Latency: 0.007333084009587765
Latency: 0.007289303001016378
Latency: 0.007364712189882994
Latency: 0.007175741018727422
Latency: 0.007182267028838396
Latency: 0.0071641209069639444
Latency: 0.007133108098059893
Latency: 0.007147182011976838
Latency: 0.007304233964532614
Latency: 0.008331704884767532
Latency: 0.007315516006201506
Latency: 0.0072501059621572495
Latency: 0.007290565874427557
Latency: 0.007302007870748639
Latency: 0.007332745008170605
Latency: 0.007347903912886977
Latency: 0.007382926996797323
Latency: 0.007365558063611388
Latency: 0.00746711203828454
Latency: 0.007142296992242336
Latency: 0.007186134811490774
Latency: 0.008217905880883336
Latency: 0.007313715992495418
Latency: 0.0071454590652137995
Latency: 0.007244566921144724
Latency: 0.007342389086261392
Latency: 0.007280897116288543
Latency: 0.007221953012049198
Latency: 0.007245487067848444
Latency: 0.007194678066298366
Latency: 0.0072367999237030745
Latency: 0.00730142486281693
Latency: 0.00835266406647861
Latency: 0.0072042790707200766
Latency: 0.007404139032587409
Latency: 0.0072615910321474075
Latency: 0.007233829936012626
Latency: 0.007243352942168713
Latency: 0.007431186968460679
Latency: 0.008660143939778209
Latency: 0.007475276943296194
Latency: 0.007314711110666394
Latency: 0.007147866068407893
Latency: 0.007283166982233524
Latency: 0.008321161847561598
Latency: 0.007237803190946579
Latency: 0.007222016807645559
Latency: 0.0071421838365495205
Latency: 0.007260933052748442
Latency: 0.007335737114772201
Latency: 0.00767704495228827
Latency: 0.0074256411753594875
Latency: 0.007297898177057505
Latency: 0.0073259552009403706
Latency: 0.007410017075017095
Latency: 0.008735971990972757
Latency: 0.007349560037255287
Latency: 0.007197219878435135
Latency: 0.0072641579899936914
Latency: 0.007321513956412673
Latency: 0.007151666097342968
Latency: 0.007448845077306032
Latency: 0.0073968819342553616
Latency: 0.007311003049835563
Latency: 0.007237436017021537
Latency: 0.007137899054214358
Latency: 0.0074700668919831514
Latency: 0.008180177072063088
Latency: 0.007317285984754562
Latency: 0.007159186061471701
Latency: 0.007326090941205621
Latency: 0.007256814977154136
Latency: 0.007361279800534248
Latency: 0.007397249108180404
Latency: 0.007290069013834
Latency: 0.007357816910371184
Latency: 0.007337650051340461
Latency: 0.007296534953638911
Latency: 0.008443581871688366
Latency: 0.007369091967120767
Latency: 0.007413255982100964
Latency: 0.007408800069242716
Latency: 0.007547734072431922
Latency: 0.0073854271322488785
Latency: 0.007300852099433541
Latency: 0.007290520006790757
Latency: 0.0072195581160485744
Latency: 0.007154823048040271
Latency: 0.00717202783562243
Latency: 0.007320603122934699
Latency: 0.008263066876679659
Latency: 0.00712660001590848
Latency: 0.007064959034323692
Latency: 0.007273389957845211
Latency: 0.007268399000167847
Latency: 0.007392320083454251
Latency: 0.013125533936545253
Latency: 0.009016792988404632
Latency: 0.0077488410752266645
Latency: 0.00742929894477129
Latency: 0.0074394941329956055
Latency: 0.00898369587957859
Latency: 0.018545149825513363
Latency: 0.007671216037124395
Latency: 0.007749099982902408
Latency: 0.008780702948570251
Latency: 0.007527633802965283
Latency: 0.007487458875402808
Latency: 0.007333292160183191
Latency: 0.007249162998050451
Latency: 0.007380021968856454
Latency: 0.007355675799772143
Latency: 0.008641703985631466
Latency: 0.007446761941537261
Latency: 0.007514877011999488
Latency: 0.007474784040823579
Latency: 0.007239355938509107
Latency: 0.007303411141037941
Latency: 0.007221246138215065
Latency: 0.0071311830542981625
Latency: 0.007361060939729214
Latency: 0.007301216945052147
Latency: 0.007323484169319272
Latency: 0.008441542973741889
Latency: 0.007497901096940041
Latency: 0.007294309791177511
Latency: 0.007300622994080186
Latency: 0.007402949035167694
Latency: 0.007242412073537707
Latency: 0.007364246994256973
Latency: 0.0074739770498126745
Latency: 0.007375381886959076
Latency: 0.007404447998851538
Latency: 0.00869339401833713
Latency: 0.007117000175639987
Latency: 0.007298072101548314
Latency: 0.007257970981299877
Latency: 0.007160928100347519
Latency: 0.007274985080584884
Latency: 0.007182347122579813
Latency: 0.007144488161429763
Latency: 0.0071144700050354
Latency: 0.00719679519534111
Latency: 0.007280527148395777
Latency: 0.00750615494325757
Latency: 0.008387150941416621
Latency: 0.0073752510361373425
Latency: 0.007308479864150286
Latency: 0.007225972833111882
Latency: 0.007315468043088913
Latency: 0.007448025979101658
Latency: 0.007364832796156406
Latency: 0.007361936150118709
Latency: 0.007259974023327231
Latency: 0.007336881011724472
Latency: 0.00720936106517911
Latency: 0.007425285875797272
Latency: 0.008268574019894004
Latency: 0.007463578134775162
Latency: 0.007395033026114106
Latency: 0.007353628054261208
Latency: 0.007371261017397046
Latency: 0.007420803885906935
Latency: 0.007284407038241625
Latency: 0.00725094904191792
Latency: 0.007346159080043435
Latency: 0.007443844107910991
Latency: 0.007428338984027505
Latency: 0.008598182816058397
Latency: 0.00727992202155292
Latency: 0.0072613670490682125
Latency: 0.007237384095788002
Latency: 0.007232239004224539
Latency: 0.007218773942440748
Latency: 0.007250937866047025
Latency: 0.007327196886762977
Latency: 0.007340353913605213
Latency: 0.007345956051722169
Latency: 0.0076905349269509315
Latency: 0.007521349936723709
Latency: 0.014746489934623241
Latency: 0.007872343994677067
Latency: 0.007401979062706232
Latency: 0.007488911971449852
Latency: 0.007451389916241169
Latency: 0.0072990229818969965
Latency: 0.007438292959704995
Latency: 0.007434885948896408
Latency: 0.007345222868025303
Latency: 0.007386886980384588
Latency: 0.00738234119489789
Latency: 0.008917530998587608
Latency: 0.00733637111261487
Latency: 0.007360358024016023
Latency: 0.007551355054602027
Latency: 0.007450636941939592
Latency: 0.007482423912733793
Latency: 0.007381462026387453
Latency: 0.0073551819659769535
Latency: 0.007477371953427792
Latency: 0.007255858974531293
Latency: 0.007396019995212555
Latency: 0.007363734999671578
Latency: 0.008388780057430267
Latency: 0.00735984300263226
Latency: 0.0072572019416838884
Latency: 0.00746875093318522
Latency: 0.014765884960070252
Latency: 0.008379881037399173
Latency: 0.0076736328192055225
Latency: 0.00758802006021142
Latency: 0.007256217068061233
Latency: 0.007229784037917852
Latency: 0.007208327995613217
Latency: 0.008717498974874616
Latency: 0.007287915097549558
Latency: 0.00734491809271276
Latency: 0.00739602604880929
Latency: 0.0074528970289975405
Latency: 0.007380900206044316
Latency: 0.007385383825749159
Latency: 0.008140631020069122
Latency: 0.0077524271328002214
Latency: 0.012386969989165664
Latency: 0.015014773001894355
Latency: 0.007960953051224351
Latency: 0.007544311927631497
Latency: 0.007241151994094253
Latency: 0.007323435973376036
Latency: 0.007440991932526231
Latency: 0.007471037097275257
Latency: 0.007504889043048024
Latency: 0.007430789992213249
Latency: 0.0073095569387078285
Latency: 0.007274731062352657
Latency: 0.007277719909325242
Latency: 0.008284679148346186
Latency: 0.007348798913881183
Latency: 0.007430317113175988
Latency: 0.007350098108872771
Latency: 0.007476805010810494
Latency: 0.0072758200112730265
Latency: 0.0075409498531371355
Latency: 0.0072017989587038755
Latency: 0.007266595959663391
Latency: 0.007278396049514413
Latency: 0.00729628000408411
Latency: 0.007455314043909311
Latency: 0.00831033498980105
Latency: 0.007307963911443949
Latency: 0.007291408954188228
Latency: 0.007480919826775789
Latency: 0.007453256985172629
Latency: 0.007406530901789665
Latency: 0.007253187010064721
Latency: 0.007451104000210762
Latency: 0.007374524837359786
Latency: 0.007362649077549577
Latency: 0.007365465862676501
Latency: 0.00834450009278953
Latency: 0.018868261948227882
Latency: 0.007503968896344304
Latency: 0.007507090922445059
Latency: 0.0072798230685293674
Latency: 0.007278007920831442
Latency: 0.007231544004753232
Latency: 0.007303246995434165
Latency: 0.007392419967800379
Latency: 0.007423945935443044
Latency: 0.008083011955022812
Latency: 0.0074373818933963776
Latency: 0.0073716770857572556
Latency: 0.007337026996538043
Latency: 0.007248105015605688
Latency: 0.007563865976408124
Latency: 0.007402643095701933
Latency: 0.007343345088884234
Latency: 0.007363595999777317
Latency: 0.007267081178724766
Latency: 0.007420154055580497
Latency: 0.0075335700530558825
Latency: 0.01168803102336824
Latency: 0.00880440603941679
Latency: 0.007425140123814344
Latency: 0.007525932043790817
Latency: 0.007490205112844706
Latency: 0.007280586054548621
Latency: 0.010497828014194965
Latency: 0.00777437211945653
Latency: 0.008897947845980525
Latency: 0.007325827842578292
Latency: 0.007307988125830889
Latency: 0.008717098040506244
Latency: 0.007763053989037871
Latency: 0.007415865082293749
Latency: 0.011091497028246522
Latency: 0.007609410909935832
Latency: 0.007424117997288704
Latency: 0.007326215039938688
Latency: 0.007395225809887052
Latency: 0.007522585103288293
Latency: 0.007921749027445912
Latency: 0.00778408907353878
Latency: 0.007525567896664143
Latency: 0.008851135149598122
Latency: 0.007397304987534881
Latency: 0.007558366982266307
Latency: 0.0074068058747798204
Latency: 0.007529907859861851
Latency: 0.0073862941935658455
Latency: 0.007457467028871179
Latency: 0.0072007249109447
Latency: 0.007464688969776034
Latency: 0.00724301696754992
Latency: 0.0074711209163069725
Latency: 0.00852929288521409
Latency: 0.00729159009642899
Latency: 0.007331788074225187
Latency: 0.007335244910791516
Latency: 0.007424928015097976
Latency: 0.007352193119004369
Latency: 0.0073079310823231936
Latency: 0.007453191792592406
Latency: 0.0073530361987650394
Latency: 0.007374373963102698
Latency: 0.007268165936693549
Latency: 0.0073106419295072556
Latency: 0.008511862950399518
Latency: 0.007327233906835318
Latency: 0.007228340953588486
Latency: 0.007512405980378389
Latency: 0.0072790151461958885
Latency: 0.007470652926713228
Latency: 0.007298150099813938
Latency: 0.007272152928635478
Latency: 0.007458418840542436
Latency: 0.007780772168189287
Latency: 0.007634999928995967
Latency: 0.00924142193980515
Latency: 0.007518864003941417
Latency: 0.007414903957396746
Latency: 0.0074175139889121056
Latency: 0.007275987882167101
Latency: 0.007247851928696036
Latency: 0.008416330209001899
Latency: 0.007848993176594377
Latency: 0.0075396401807665825
Latency: 0.007159108994528651
Latency: 0.007345858961343765
Latency: 0.008765505161136389
Latency: 0.007256379118189216
Latency: 0.007285597966983914
Latency: 0.007694827159866691
Latency: 0.007547748042270541
Latency: 0.007533322088420391
Latency: 0.007377083878964186
Latency: 0.007292027119547129
Latency: 0.007355089066550136
Latency: 0.007224492030218244
Latency: 0.007563187973573804
Latency: 0.0087158118840307
Latency: 0.007890288019552827
Latency: 0.007449390133842826
Latency: 0.009504314977675676
Latency: 0.007711679907515645
Latency: 0.00758441211655736
Latency: 0.007300223922356963
Latency: 0.007400727132335305
Latency: 0.007326364982873201
Latency: 0.007188983028754592
Latency: 0.008178118849173188
Latency: 0.0074960049241781235
Latency: 0.008764690952375531
Latency: 0.007506707217544317
Latency: 0.007236555917188525
Latency: 0.007354012923315167
Latency: 0.007379440125077963
Latency: 0.007171537959948182
Latency: 0.0071135179605335
Latency: 0.007301671896129847
Latency: 0.007340296171605587
Latency: 0.007506316062062979
Latency: 0.007295486982911825
Latency: 0.008439460070803761
Latency: 0.007096040993928909
Latency: 0.007153426995500922
Latency: 0.008617690997198224
Latency: 0.007434098981320858
Latency: 0.007279271027073264
Latency: 0.007257048040628433
Latency: 0.00724331708624959
Latency: 0.007241041166707873
Latency: 0.007201635977253318
Latency: 0.007167249917984009
Latency: 0.0072911870665848255
Latency: 0.008255174150690436
Latency: 0.007482502143830061
Latency: 0.007321468088775873
Latency: 0.007462147157639265
Latency: 0.007498440099880099
Latency: 0.007205660920590162
Latency: 0.007333298213779926
Latency: 0.00728049804456532
Latency: 0.007273341063410044
Latency: 0.007357224123552442
Latency: 0.007261885795742273
Latency: 0.008449614979326725
Latency: 0.007329941960051656
Latency: 0.010300139896571636
Latency: 0.011979962000623345
Latency: 0.007628846913576126
Latency: 0.007221762090921402
Latency: 0.007329324027523398
Latency: 0.007156130159273744
Latency: 0.00722371693700552
Latency: 0.007238701917231083
Latency: 0.007163523929193616
Latency: 0.008613443933427334
Latency: 0.007298548938706517
Latency: 0.007184707093983889
Latency: 0.007142822025343776
Latency: 0.007310908054932952
Latency: 0.007164324866607785
Latency: 0.00709244585596025
Latency: 0.007163146045058966
Latency: 0.007225607056170702
Latency: 0.00717764301225543
Latency: 0.007202113978564739
Latency: 0.008320179069414735
Latency: 0.0200185920111835
Latency: 0.00723115005530417
Latency: 0.007388117955997586
Latency: 0.007290218956768513
Latency: 0.007257917197421193
Latency: 0.007239941041916609
Latency: 0.0072563870344311
Latency: 0.00734640983864665
Latency: 0.007221353007480502
Latency: 0.00806897901929915
Latency: 0.00720018008723855
Latency: 0.007207839051261544
Latency: 0.007143303053453565
Latency: 0.007055805996060371
Latency: 0.007416331209242344
Latency: 0.0071879548486322165
Latency: 0.007856229087337852
Latency: 0.007413584040477872
Latency: 0.008157914038747549
Latency: 0.007547606015577912
Latency: 0.009808857925236225
Latency: 0.007981125032529235
Latency: 0.007610148983076215
Latency: 0.008391936076804996
Latency: 0.0076944909524172544
Latency: 0.008209612919017673
Latency: 0.007526734843850136
Latency: 0.007961883908137679
Latency: 0.007668358972296119
Latency: 0.007872893009334803
Latency: 0.0075150891207158566
Latency: 0.007784503977745771
Latency: 0.00888199103064835
Latency: 0.007376983063295484
Latency: 0.007346648024395108
Latency: 0.007274403003975749
Latency: 0.007325475104153156
Latency: 0.00739218108355999
Latency: 0.007243460044264793
Latency: 0.007243921048939228
Latency: 0.007392473053187132
Latency: 0.007211799966171384
Latency: 0.007420163135975599
Latency: 0.0073693490121513605
Latency: 0.008453829912468791
Latency: 0.007188890827819705
Latency: 0.0072587409522384405
Latency: 0.007314878981560469
Latency: 0.008067599032074213
Latency: 0.007484168047085404
Latency: 0.007395080057904124
Latency: 0.007418541004881263
Latency: 0.007362612057477236
Latency: 0.007529351161792874
Latency: 0.0073620781768113375
Latency: 0.008641241118311882
Latency: 0.007388846017420292
Latency: 0.00740347895771265
Latency: 0.007556278957054019
Latency: 0.007368146907538176
Latency: 0.007254477124661207
Latency: 0.007391148013994098
Latency: 0.007365311961621046
Latency: 0.007457189029082656
Latency: 0.007371765095740557
Latency: 0.007426436059176922
Latency: 0.008609238779172301
Latency: 0.007251818897202611
Latency: 0.007288818946108222
Latency: 0.007476321188732982
Latency: 0.007460171123966575
Latency: 0.007420544978231192
Latency: 0.007363431854173541
Latency: 0.007388384081423283
Latency: 0.007380323018878698
Latency: 0.007384487893432379
Latency: 0.007455675862729549
Latency: 0.008499169023707509
Latency: 0.0072634550742805
Latency: 0.0073494319804012775
Latency: 0.007447457872331142
Latency: 0.00738220289349556
Latency: 0.007171039003878832
Latency: 0.007365330122411251
Latency: 0.0073609191458672285
Latency: 0.007570222020149231
Latency: 0.007472374010831118
Latency: 0.0073754009790718555
Latency: 0.008400301914662123
Latency: 0.007422806927934289
Latency: 0.0073654260486364365
Latency: 0.007355074863880873
Latency: 0.007390465121716261
Latency: 0.007360678864642978
Latency: 0.007349940948188305
Latency: 0.007290488108992577
Latency: 0.00730979791842401
Latency: 0.007431825855746865
Latency: 0.007497131824493408
Latency: 0.008493826957419515
Latency: 0.007331853965297341
Latency: 0.007543487939983606
Latency: 0.007343296892940998
Latency: 0.0072689608205109835
Latency: 0.0073555640410631895
Latency: 0.007324716076254845
Latency: 0.007223116001114249
Latency: 0.007402097107842565
Latency: 0.007304120110347867
Latency: 0.007363372948020697
Latency: 0.008412966970354319
Latency: 0.007412405917420983
Latency: 0.007329043000936508
Latency: 0.007448351942002773
Latency: 0.007529743947088718
Latency: 0.007379022892564535
Latency: 0.007458757841959596
Latency: 0.007578379008919001
Latency: 0.007484060944989324
Latency: 0.007319629890844226
Latency: 0.007769020972773433
Latency: 0.00886262091808021
Latency: 0.007102570962160826
Latency: 0.007423578063026071
Latency: 0.0073117888532578945
Latency: 0.007228635950013995
Latency: 0.007429642137140036
Latency: 0.007325975922867656
Latency: 0.007353397086262703
Latency: 0.0071954510640352964
Latency: 0.0071976229082793
Latency: 0.007276040036231279
Latency: 0.0073614870198071
Latency: 0.008492202963680029
Latency: 0.007278459845110774
Latency: 0.0072253099642694
Latency: 0.007397347129881382
Latency: 0.0074196800123900175
Latency: 0.00731819006614387
Latency: 0.00739308400079608
Latency: 0.007336388109251857
Latency: 0.007262724917382002
Latency: 0.007304341997951269
Latency: 0.007393015082925558
Latency: 0.007341181160882115
Latency: 0.008365177782252431
Latency: 0.0073246408719569445
Latency: 0.007459647953510284
Latency: 0.007537924917414784
Latency: 0.007378906011581421
Latency: 0.007251410046592355
Latency: 0.0074290509801357985
Latency: 0.007327512837946415
Latency: 0.0074524718802422285
Latency: 0.007407065015286207
Latency: 0.007211810909211636
Latency: 0.008373931981623173
Latency: 0.00744951399974525
Latency: 0.007481192937120795
Latency: 0.007434321101754904
Latency: 0.007384398952126503
Latency: 0.0073667000979185104
Latency: 0.007338335970416665
Latency: 0.007375315995886922
Latency: 0.007334314053878188
Latency: 0.007651057094335556
Latency: 0.0074074710719287395
Latency: 0.008596527157351375
Latency: 0.020319612929597497
Latency: 0.0074045739602297544
Latency: 0.007438720902428031
Latency: 0.007321106968447566
Latency: 0.007325211074203253
Latency: 0.00737729505635798
Latency: 0.007401410024613142
Latency: 0.007402271032333374
Latency: 0.007261961931362748
Latency: 0.008113028947263956
Latency: 0.007398576010018587
Latency: 0.007333785993978381
Latency: 0.007426942000165582
Latency: 0.007604083977639675
Latency: 0.007431221893057227
Latency: 0.0073507060296833515
Latency: 0.0072488628793507814
Latency: 0.0073065911419689655
Latency: 0.007216260069981217
Latency: 0.00736198085360229
Latency: 0.0073585109785199165
Latency: 0.008249371079728007
Latency: 0.007338366005569696
Latency: 0.008169736946001649
Latency: 0.007514582946896553
Latency: 0.007207099813967943
Latency: 0.007245964137837291
Latency: 0.007191161159425974
Latency: 0.007382520008832216
Latency: 0.00761567777954042
Latency: 0.007461094995960593
Latency: 0.007392844883725047
Latency: 0.00834648497402668
Latency: 0.007244301959872246
Latency: 0.007291145157068968
Latency: 0.007421186892315745
Latency: 0.007377969101071358
Latency: 0.007292506052181125
Latency: 0.007228096015751362
Latency: 0.0073511539958417416
Latency: 0.00738691701553762
Latency: 0.007282763021066785
Latency: 0.007287600077688694
Latency: 0.00737592508085072
Latency: 0.008419495075941086
Latency: 0.007420653011649847
Latency: 0.00733375595882535
Latency: 0.0075081088580191135
Latency: 0.007463818183168769
Latency: 0.007355432957410812
Latency: 0.0073262229561805725
Latency: 0.007263361010700464
Latency: 0.007342987926676869
Latency: 0.007348532089963555
Latency: 0.007372559979557991
Latency: 0.008388875052332878
Latency: 0.00732064712792635
Latency: 0.007417130982503295
Latency: 0.00726058310829103
Latency: 0.007245965069159865
Latency: 0.007196442922577262
Latency: 0.007318203803151846
Latency: 0.007459979970008135
Latency: 0.007405213778838515
Latency: 0.0073957249987870455
Latency: 0.007445926079526544
Latency: 0.007329215062782168
Latency: 0.008429106092080474
Latency: 0.007413461804389954
Latency: 0.007510310038924217
Latency: 0.007402959046885371
Latency: 0.007483318913727999
Latency: 0.0073070579674094915
Latency: 0.007334812078624964
Latency: 0.007518560858443379
Latency: 0.0074268190655857325
Latency: 0.007345407968387008
Latency: 0.008908554911613464
Latency: 0.007289509056136012
Latency: 0.007539753103628755
Latency: 0.0074307420291006565
Latency: 0.0072854128666222095
Latency: 0.007473628036677837
Latency: 0.007236801087856293
Latency: 0.007350611966103315
Latency: 0.007353737019002438
Latency: 0.007291063899174333
Latency: 0.007401525042951107
Latency: 0.007388676051050425
Latency: 0.008454559138044715
Latency: 0.007295323070138693
Latency: 0.007376429159194231
Latency: 0.007257956080138683
Latency: 0.007483392022550106
Latency: 0.007408103905618191
Latency: 0.007776322076097131
Latency: 0.007743581896647811
Latency: 0.007549857022240758
Latency: 0.007400112925097346
Latency: 0.007348608924075961
Latency: 0.007197094848379493
Latency: 0.008492535911500454
Latency: 0.007189630996435881
Latency: 0.007143579889088869
Latency: 0.007146730786189437
Latency: 0.0073377389926463366
Latency: 0.0071117940824478865
Latency: 0.00719334208406508
Latency: 0.007189357886090875
Latency: 0.00714039895683527
Latency: 0.0072540410328656435
Latency: 0.0072963491547852755
Latency: 0.008463033940643072
Latency: 0.00732035213150084
Latency: 0.0072997419629246
Latency: 0.007286753039807081
Latency: 0.007298955926671624
Latency: 0.007246144115924835
Latency: 0.007306014886125922
Latency: 0.007346196100115776
Latency: 0.007330733118578792
Latency: 0.0073573479894548655
Latency: 0.007263764040544629
Latency: 0.00710910907946527
Latency: 0.00818742997944355
Latency: 0.007340518059208989
Latency: 0.007116780849173665
Latency: 0.00727884704247117
Latency: 0.007212816039100289
Latency: 0.0072556419763714075
Latency: 0.007210564101114869
Latency: 0.007229083916172385
Latency: 0.007227049907669425
Latency: 0.007258547004312277
Latency: 0.007185542955994606
Latency: 0.007123176008462906
Latency: 0.0081423819065094
Latency: 0.007303511956706643
Latency: 0.007230774965137243
Latency: 0.007163544185459614
Latency: 0.007336251903325319
Latency: 0.007377633126452565
Latency: 0.00723578198812902
Latency: 0.007425167132169008
Latency: 0.007415234111249447
Latency: 0.0072364110965281725
Latency: 0.007188976975157857
Latency: 0.007303493097424507
Latency: 0.008157636970281601
Latency: 0.007283461978659034
Latency: 0.007316541159525514
Latency: 0.007246465887874365
Latency: 0.007256624987348914
Latency: 0.007184913847595453
Latency: 0.0072339680045843124
Latency: 0.007215598132461309
Latency: 0.007241895888000727
Latency: 0.007406143005937338
Latency: 0.007317272946238518
Latency: 0.007167846895754337
Latency: 0.00820698100142181
Latency: 0.0072851821314543486
Latency: 0.007266080938279629
Latency: 0.007248175097629428
Latency: 0.0072323360946029425
Latency: 0.007242901949211955
Latency: 0.00722546991892159
Latency: 0.007284809835255146
Latency: 0.007467005169019103
Latency: 0.008231363026425242
Latency: 0.00758590386249125
Latency: 0.007620026124641299
Latency: 0.008612309116870165
Latency: 0.007376035209745169
Latency: 0.007313618902117014
Latency: 0.007486675167456269
Latency: 0.007552620954811573
Latency: 0.007755317958071828
Latency: 0.00751537992618978
Latency: 0.007422111928462982
Latency: 0.0075423379894346
Latency: 0.0077749870251864195
Latency: 0.008231080835685134
Latency: 0.007418222026899457
Latency: 0.00892035011202097
Latency: 0.0072108490858227015
Latency: 0.007267127046361566
Latency: 0.007320658070966601
Latency: 0.0073705550748854876
Latency: 0.007399349007755518
Latency: 0.007261950988322496
Latency: 0.00728603801690042
Latency: 0.0073002350982278585
Latency: 0.007376890862360597
Latency: 0.0074105579406023026
Latency: 0.007332384819164872
Latency: 0.0081715970300138
Latency: 0.020629256032407284
Latency: 0.007569917943328619
Latency: 0.007282051956281066
Latency: 0.007255275966599584
Latency: 0.007165813818573952
Latency: 0.007257845951244235
Latency: 0.007230648072436452
Latency: 0.007246360881254077
Latency: 0.00716427294537425
Latency: 0.007162231951951981
Latency: 0.008142085978761315
Latency: 0.007265669060871005
Latency: 0.007231774972751737
Latency: 0.007313044974580407
Latency: 0.007301561068743467
Latency: 0.007137454114854336
Latency: 0.007100750925019383
Latency: 0.007324042031541467
Latency: 0.00731652183458209
Latency: 0.0074247377924621105
Latency: 0.007348557002842426
Latency: 0.008214046014472842
Latency: 0.007304554106667638
Latency: 0.0072828291449695826
Latency: 0.007457580883055925
Latency: 0.00722706806845963
Latency: 0.007250145077705383
Latency: 0.007064218167215586
Latency: 0.007173463935032487
Latency: 0.007077480899170041
Latency: 0.007226801943033934
Latency: 0.007165415911003947
Latency: 0.00830431911163032
Latency: 0.007406210992485285
Latency: 0.00732044386677444
Latency: 0.007303369930014014
Latency: 0.0073229409754276276
Latency: 0.007236233912408352
Latency: 0.00722079211845994
Latency: 0.007198218954727054
Latency: 0.007326588965952396
Latency: 0.0073107159696519375
Latency: 0.007281597936525941
Latency: 0.009301895974203944
Latency: 0.007801631931215525
Latency: 0.007294049020856619
Latency: 0.007228094851598144
Latency: 0.007200537947937846
Latency: 0.00709826685488224
Latency: 0.00715273292735219
Latency: 0.0073084470350295305
Latency: 0.007280068006366491
Latency: 0.007164973998442292
Latency: 0.007210670039057732
Latency: 0.00729255098849535
Latency: 0.008287289179861546
Latency: 0.007402049144729972
Latency: 0.007274416042491794
Latency: 0.007342600962147117
Latency: 0.0071666210424155
Latency: 0.007186912000179291
Latency: 0.007289164001122117
Latency: 0.007321556098759174
Latency: 0.007321129087358713
Latency: 0.007297911215573549
Latency: 0.0073318209033459425
Latency: 0.008403867948800325
Latency: 0.0072206552140414715
Latency: 0.007301019970327616
Latency: 0.00730646587908268
Latency: 0.007222427055239677
Latency: 0.007284578867256641
Latency: 0.007280500140041113
Latency: 0.007198695093393326
Latency: 0.007230301853269339
Latency: 0.007160073844715953
Latency: 0.007290283916518092
Latency: 0.007221749052405357
Latency: 0.00819694111123681
Latency: 0.007288988912478089
Latency: 0.007449080003425479
Latency: 0.0072682679165154696
Latency: 0.007195603102445602
Latency: 0.007200242020189762
Latency: 0.0072876939084380865
Latency: 0.007222109008580446
Latency: 0.007215026067569852
Latency: 0.007252436829730868
Latency: 0.007358915871009231
Latency: 0.008351106895133853
Latency: 0.007247501984238625
Latency: 0.007198800798505545
Latency: 0.007261777995154262
Latency: 0.007337555987760425
Latency: 0.007210719166323543
Latency: 0.007292908849194646
Latency: 0.007279556943103671
Latency: 0.007337183924391866
Latency: 0.007181301945820451
Latency: 0.008474441012367606
Latency: 0.007108393125236034
Latency: 0.007384116994217038
Latency: 0.007277028169482946
Latency: 0.007193902041763067
Latency: 0.007413200102746487
Latency: 0.0072359200567007065
Latency: 0.007212671916931868
Latency: 0.0072871658485382795
Latency: 0.0073031659703701735
Latency: 0.007294785929843783
Latency: 0.007451460929587483
Latency: 0.008693827083334327
Latency: 0.0073514231480658054
Latency: 0.007246613968163729
Latency: 0.007373273838311434
Latency: 0.0074577180203050375
Latency: 0.007556610042229295
Latency: 0.007517924066632986
Latency: 0.007418056018650532
Latency: 0.007495617959648371
Latency: 0.007535716984421015
Latency: 0.007193340919911861
Latency: 0.008667774964123964
Latency: 0.0073132740799337626
Latency: 0.007245538989081979
Latency: 0.00737359281629324
Latency: 0.007228453177958727
Latency: 0.007355158915743232
Latency: 0.007377105066552758
Latency: 0.0073597729206085205
Latency: 0.007341932971030474
Latency: 0.007252115057781339
Latency: 0.007232999894768
Latency: 0.008205803111195564
Latency: 0.007305023958906531
Latency: 0.007284850114956498
Latency: 0.007409336976706982
Latency: 0.007424673065543175
Latency: 0.007212828146293759
Latency: 0.007241152925416827
Latency: 0.007160448934882879
Latency: 0.0072821148205548525
Latency: 0.007191496901214123
Latency: 0.007229737937450409
Latency: 0.008395510958507657
Latency: 0.007346787955611944
Latency: 0.007255445001646876
Latency: 0.007236583158373833
Latency: 0.007193082012236118
Latency: 0.007161058019846678
Latency: 0.0072461210656911135
Latency: 0.0073286599945276976
Latency: 0.007402371149510145
Latency: 0.0071912300772964954
Latency: 0.007205713074654341
Latency: 0.008187446044757962
Latency: 0.007287390064448118
Latency: 0.007293160771951079
Latency: 0.007322064135223627
Latency: 0.007341830059885979
Latency: 0.007274395087733865
Latency: 0.007047132821753621
Latency: 0.00715251499786973
Latency: 0.00724912597797811
Latency: 0.007196246879175305
Latency: 0.007223743945360184
Latency: 0.008443814003840089
Latency: 0.007313819834962487
Latency: 0.007601218996569514
Latency: 0.007486958988010883
Latency: 0.00742450007237494
Latency: 0.007602269062772393
Latency: 0.007462159963324666
Latency: 0.007221668027341366
Latency: 0.007335684960708022
Latency: 0.0071450769901275635
Latency: 0.007253491086885333
Latency: 0.007281964877620339
Latency: 0.021755744935944676
Latency: 0.007312760921195149
Latency: 0.007380943978205323
Latency: 0.00722003192640841
Latency: 0.007293584058061242
Latency: 0.007319206837564707
Latency: 0.007242671912536025
Latency: 0.007204944035038352
Latency: 0.007110686972737312
Latency: 0.008278972003608942
Latency: 0.007482879096642137
Latency: 0.007309810956940055
Latency: 0.007405725074931979
Latency: 0.0072938380762934685
Latency: 0.007181863067671657
Latency: 0.007117060013115406
Latency: 0.007209400879219174
Latency: 0.007304962025955319
Latency: 0.007327591069042683
Latency: 0.0073129970114678144
Latency: 0.008395256008952856
Latency: 0.00734751601703465
Latency: 0.007371189072728157
Latency: 0.007104537915438414
Latency: 0.007308366009965539
Latency: 0.007120504975318909
Latency: 0.007262371014803648
Latency: 0.007290793117135763
Latency: 0.0072127520106732845
Latency: 0.007164092967286706
Latency: 0.007147719152271748
Latency: 0.008159413933753967
Latency: 0.007144950097426772
Latency: 0.007265446940436959
Latency: 0.007273294031620026
Latency: 0.007275615120306611
Latency: 0.0072112909983843565
Latency: 0.00731503707356751
Latency: 0.007323990110307932
Latency: 0.007240984821692109
Latency: 0.007226618006825447
Latency: 0.007260076934471726
Latency: 0.008274332154542208
Latency: 0.0073543270118534565
Latency: 0.007195590063929558
Latency: 0.007341516902670264
Latency: 0.00735203898511827
Latency: 0.007380189839750528
Latency: 0.00733509287238121
Latency: 0.007267017848789692
Latency: 0.007313396083191037
Latency: 0.0073335180059075356
Latency: 0.007309346925467253
Latency: 0.007178705185651779
Latency: 0.008344150148332119
Latency: 0.007257156074047089
Latency: 0.007257083198055625
Latency: 0.007160702021792531
Latency: 0.007238501217216253
Latency: 0.007227117195725441
Latency: 0.007244856096804142
Latency: 0.007260224083438516
Latency: 0.007272881921380758
Latency: 0.007512146141380072
Latency: 0.0074247149750590324
Latency: 0.008400609949603677
Latency: 0.007248080801218748
Latency: 0.007143435999751091
Latency: 0.007079162867739797
Latency: 0.007112851832062006
Latency: 0.007307690801098943
Latency: 0.007148762000724673
Latency: 0.007147155003622174
Latency: 0.007125729927793145
Latency: 0.00718726497143507
Latency: 0.007226685993373394
Latency: 0.00727534806355834
Latency: 0.008177439216524363
Latency: 0.0073160280007869005
Latency: 0.007335865870118141
Latency: 0.00741238403134048
Latency: 0.00725775514729321
Latency: 0.007237793179228902
Latency: 0.007750877877697349
Latency: 0.007386693032458425
Latency: 0.007342639146372676
Latency: 0.007616852875798941
Latency: 0.007372296880930662
Latency: 0.009023285005241632
Latency: 0.007492667064070702
Latency: 0.007467673858627677
Latency: 0.007372003048658371
Latency: 0.0073562441393733025
Latency: 0.007222503889352083
Latency: 0.007247281027957797
Latency: 0.007410542108118534
Latency: 0.007288314867764711
Latency: 0.007198462961241603
Latency: 0.007274317089468241
Latency: 0.007254811003804207
Latency: 0.008207612903788686
Latency: 0.0071839760057628155
Latency: 0.007270856993272901
Latency: 0.007235140074044466
Latency: 0.00725780101493001
Latency: 0.007251995848491788
Latency: 0.007257523015141487
Latency: 0.007307080086320639
Latency: 0.007364660035818815
Latency: 0.00717129185795784
Latency: 0.007187934126704931
Latency: 0.00842339894734323
Latency: 0.007282079895958304
Latency: 0.007368394173681736
Latency: 0.007209497038275003
Latency: 0.007236632984131575
Latency: 0.00735575589351356
Latency: 0.007222404005005956
Latency: 0.007889878004789352
Latency: 0.0073709129355847836
Latency: 0.007308399071916938
