Latency: 0.033434160985052586
Latency: 0.03485692385584116
Latency: 0.03977175382897258
Latency: 0.03980930196121335
Latency: 0.04117041593417525
Latency: 0.04297785391099751
Latency: 0.04471119400113821
Latency: 0.046889648074284196
Latency: 0.033961216919124126
Latency: 0.03613597108051181
Latency: 0.037736551836133
Latency: 0.039033117005601525
Latency: 0.041063796961680055
Latency: 0.04383131396025419
Latency: 0.044399207923561335
Latency: 0.04401002079248428
Latency: 0.03776618582196534
Latency: 0.03958693007007241
Latency: 0.03967483597807586
Latency: 0.04099019104614854
Latency: 0.043492313008755445
Latency: 0.04392091301269829
Latency: 0.04460488399490714
Latency: 0.04398738709278405
Latency: 0.039410038851201534
Latency: 0.03920234693214297
Latency: 0.039015576941892505
Latency: 0.04211840615607798
Latency: 0.04255147813819349
Latency: 0.044065763941034675
Latency: 0.04473546892404556
Latency: 0.04493931494653225
Latency: 0.03509282786399126
Latency: 0.036396867129951715
Latency: 0.04109795507974923
Latency: 0.04238803801126778
Latency: 0.04348922520875931
Latency: 0.043956880923360586
Latency: 0.04570020316168666
Latency: 0.045986901968717575
Latency: 0.03713262500241399
Latency: 0.038378167897462845
Latency: 0.03914540586993098
Latency: 0.0407413758803159
Latency: 0.04133311379700899
Latency: 0.04358262079767883
Latency: 0.04523488413542509
Latency: 0.045242452062666416
Latency: 0.0381357001606375
Latency: 0.03956771804951131
Latency: 0.039449431002140045
Latency: 0.04099719412624836
Latency: 0.04201992601156235
Latency: 0.0445886489469558
Latency: 0.04417661693878472
Latency: 0.04414821299724281
Latency: 0.038416685070842505
Latency: 0.040612529031932354
Latency: 0.038471312960609794
Latency: 0.04183765291236341
Latency: 0.043420547153800726
Latency: 0.04375965381041169
Latency: 0.045122740091755986
Latency: 0.04490768490359187
Latency: 0.0376466391608119
Latency: 0.0387884930241853
Latency: 0.040340384002774954
Latency: 0.041729597840458155
Latency: 0.04132879781536758
Latency: 0.042414868948981166
Latency: 0.045246309135109186
Latency: 0.041290073189884424
Latency: 0.03605871298350394
Latency: 0.039565656101331115
Latency: 0.04137879889458418
Latency: 0.041739915031939745
Latency: 0.042946763103827834
Latency: 0.042530825128778815
Latency: 0.044506893027573824
Latency: 0.04250742495059967
Latency: 0.04065545508638024
Latency: 0.03945409297011793
Latency: 0.04092968790791929
Latency: 0.041052395943552256
Latency: 0.04312801989726722
Latency: 0.043803934939205647
Latency: 0.04542829096317291
Latency: 0.04823712515644729
Latency: 0.03810052201151848
Latency: 0.04005551082082093
Latency: 0.04114720108918846
Latency: 0.04330258397385478
Latency: 0.0447226669639349
Latency: 0.047089219093322754
Latency: 0.045804606983438134
Latency: 0.04387280298396945
Latency: 0.03813788713887334
Latency: 0.03897107392549515
Latency: 0.0409659540746361
Latency: 0.042072169948369265
Latency: 0.042042631888762116
Latency: 0.04357646801508963
Latency: 0.04423553589731455
Latency: 0.04035466420464218
Latency: 0.0392013699747622
Latency: 0.039394683903083205
Latency: 0.04164474597200751
Latency: 0.0401836649980396
Latency: 0.04211212508380413
Latency: 0.0448655248619616
Latency: 0.044676681980490685
Latency: 0.043091773986816406
Latency: 0.05418278113938868
Latency: 0.05977221392095089
Latency: 0.060870638117194176
Latency: 0.06094349012710154
Latency: 0.06296113901771605
Latency: 0.06534348707646132
Latency: 0.062025676015764475
Latency: 0.06394432415254414
Latency: 0.04243534291163087
Latency: 0.03840765985660255
Latency: 0.03798640915192664
Latency: 0.03828783915378153
Latency: 0.03985466412268579
Latency: 0.041807739064097404
Latency: 0.043104914017021656
Latency: 0.044648789102211595
Latency: 0.03937279502861202
Latency: 0.041837084107100964
Latency: 0.03689583297818899
Latency: 0.03801874606870115
Latency: 0.04060814110562205
Latency: 0.04272637516260147
Latency: 0.041570233879610896
Latency: 0.04320365400053561
Latency: 0.04029689799062908
Latency: 0.03892686404287815
Latency: 0.03964086691848934
Latency: 0.03971609892323613
Latency: 0.04062315309420228
Latency: 0.04308327310718596
Latency: 0.039158994099125266
Latency: 0.04314283304847777
Latency: 0.035845347912982106
Latency: 0.04434032295830548
Latency: 0.04153193696402013
Latency: 0.043990671867504716
Latency: 0.045043040066957474
Latency: 0.04775375919416547
Latency: 0.04625334404408932
Latency: 0.04088481701910496
Latency: 0.03865574602968991
Latency: 0.039153698133304715
Latency: 0.039889343082904816
Latency: 0.0415113209746778
Latency: 0.04289313615299761
Latency: 0.04288604808971286
Latency: 0.04420654010027647
Latency: 0.046281538903713226
Latency: 0.03740596491843462
Latency: 0.0357307440135628
Latency: 0.038386811036616564
Latency: 0.03955195704475045
Latency: 0.04141305782832205
Latency: 0.042361305095255375
Latency: 0.04413907392881811
Latency: 0.04542154399678111
Latency: 0.03556283097714186
Latency: 0.03778492915444076
Latency: 0.041172355180606246
Latency: 0.04043746320530772
Latency: 0.04443956911563873
Latency: 0.04406353202648461
Latency: 0.04717363091185689
Latency: 0.04120979504659772
Latency: 0.03438596404157579
Latency: 0.03580030892044306
Latency: 0.040216186083853245
Latency: 0.0432631759904325
Latency: 0.044706763001158834
Latency: 0.043342760065570474
Latency: 0.04052082193084061
Latency: 0.04185686795972288
Latency: 0.0356292889919132
Latency: 0.03691345080733299
Latency: 0.041966985212638974
Latency: 0.0430508169811219
Latency: 0.045200310880318284
Latency: 0.04213737812824547
Latency: 0.03863902995362878
Latency: 0.04177287686616182
Latency: 0.036546700866892934
Latency: 0.04228958603926003
Latency: 0.04015198303386569
Latency: 0.04149613017216325
Latency: 0.043432108126580715
Latency: 0.041848691180348396
Latency: 0.04312796099111438
Latency: 0.04389145504683256
Latency: 0.04010417521931231
Latency: 0.04211398703046143
Latency: 0.04095360916107893
Latency: 0.04269986809231341
Latency: 0.04322919505648315
Latency: 0.04428727994672954
Latency: 0.04640378104522824
Latency: 0.041215826058760285
Latency: 0.03891921299509704
Latency: 0.03925956296734512
Latency: 0.03975574183277786
Latency: 0.04283852013759315
Latency: 0.0444993011187762
Latency: 0.04590148408897221
Latency: 0.04368823114782572
Latency: 0.04232202610000968
Latency: 0.04021408315747976
Latency: 0.04463539598509669
Latency: 0.04461349290795624
Latency: 0.04249587282538414
Latency: 0.04197556199505925
Latency: 0.04596467595547438
Latency: 0.043718182016164064
Latency: 0.046800484880805016
Latency: 0.03816326009109616
Latency: 0.04171428899280727
Latency: 0.03993250406347215
Latency: 0.04215323622338474
Latency: 0.043555178912356496
Latency: 0.04297889512963593
Latency: 0.0450596590526402
Latency: 0.04398588393814862
Latency: 0.06517378613352776
Latency: 0.06590148084796965
Latency: 0.06372806383296847
Latency: 0.06789362290874124
Latency: 0.06781184999272227
Latency: 0.06798341404646635
Latency: 0.07018305780366063
Latency: 0.07146425498649478
Latency: 0.038325536996126175
Latency: 0.04130379296839237
Latency: 0.04116699122823775
Latency: 0.04314863495528698
Latency: 0.04428278794512153
Latency: 0.04481226298958063
Latency: 0.04515899391844869
Latency: 0.043691125931218266
Latency: 0.03610639716498554
Latency: 0.040077757090330124
Latency: 0.04096288909204304
Latency: 0.04138856288045645
Latency: 0.04341828706674278
Latency: 0.04481993708759546
Latency: 0.04539541597478092
Latency: 0.04394726501777768
Latency: 0.037154309917241335
Latency: 0.038364910054951906
Latency: 0.038382067112252116
Latency: 0.0402393420226872
Latency: 0.043115189066156745
Latency: 0.04481063596904278
Latency: 0.045321441954001784
Latency: 0.03822923684492707
Latency: 0.037552526919171214
Latency: 0.04141551908105612
Latency: 0.042839492904022336
Latency: 0.045971920946612954
Latency: 0.0447740969248116
Latency: 0.046503590885549784
Latency: 0.045381537871435285
Latency: 0.04262139811180532
Latency: 0.04121307795867324
Latency: 0.039986609015613794
Latency: 0.04152758698910475
Latency: 0.041024427860975266
Latency: 0.04239227995276451
Latency: 0.04381773294880986
Latency: 0.04619074612855911
Latency: 0.0456929630599916
Latency: 0.03772943210788071
Latency: 0.039342915173619986
Latency: 0.040183136938139796
Latency: 0.041769183008000255
Latency: 0.043516634963452816
Latency: 0.04496070113964379
Latency: 0.0446312939748168
Latency: 0.043366052908822894
Latency: 0.03582591307349503
Latency: 0.04091942706145346
Latency: 0.042464722180739045
Latency: 0.04328537406399846
Latency: 0.04521454591304064
Latency: 0.04748312709853053
Latency: 0.04379618400707841
Latency: 0.04263230296783149
Latency: 0.04093089699745178
Latency: 0.038323174929246306
Latency: 0.04020288889296353
Latency: 0.041635914938524365
Latency: 0.04406751482747495
Latency: 0.04360142513178289
Latency: 0.04484174307435751
Latency: 0.04595712595619261
Latency: 0.04125185706652701
Latency: 0.03888180502690375
Latency: 0.04122904012911022
Latency: 0.042509933933615685
Latency: 0.04425104986876249
Latency: 0.04559911205433309
Latency: 0.04635615786537528
Latency: 0.04683924908749759
Latency: 0.03756746090948582
Latency: 0.03799940086901188
Latency: 0.03923522890545428
Latency: 0.04147429997101426
Latency: 0.04411985585466027
Latency: 0.043099207105115056
Latency: 0.04370285687036812
Latency: 0.043865873012691736
Latency: 0.03958452888764441
Latency: 0.03871272993274033
Latency: 0.03997077187523246
Latency: 0.04032962303608656
Latency: 0.04183798609301448
Latency: 0.04383064713329077
Latency: 0.04442020202986896
Latency: 0.043907969025895
Latency: 0.03897720295935869
Latency: 0.03888889402151108
Latency: 0.03923744102939963
Latency: 0.0408332129009068
Latency: 0.04266776400618255
Latency: 0.044047964038327336
Latency: 0.0452092110645026
Latency: 0.03983950987458229
Latency: 0.03672986989840865
Latency: 0.04292665095999837
Latency: 0.0410529300570488
Latency: 0.0420822121668607
Latency: 0.044649983989074826
Latency: 0.0432414379902184
Latency: 0.04390783398412168
Latency: 0.04255568911321461
Latency: 0.03646311582997441
Latency: 0.037175382021814585
Latency: 0.03814918803982437
Latency: 0.040396947879344225
Latency: 0.04335389006882906
Latency: 0.04214875982142985
Latency: 0.044097719015553594
Latency: 0.04047348187305033
Latency: 0.06331080407835543
Latency: 0.06452169315889478
Latency: 0.06502774194814265
Latency: 0.06640050210990012
Latency: 0.06913806591182947
Latency: 0.06611972395330667
Latency: 0.06786822387948632
Latency: 0.03919395199045539
Latency: 0.03968466608785093
Latency: 0.041880026925355196
Latency: 0.04205487295985222
Latency: 0.04381699790246785
Latency: 0.04309290205128491
Latency: 0.04386954801157117
Latency: 0.04450932005420327
Latency: 0.0421981830149889
Latency: 0.03961107297800481
Latency: 0.040549912955611944
Latency: 0.04365138802677393
Latency: 0.04340100404806435
Latency: 0.042129393899813294
Latency: 0.04131535813212395
Latency: 0.042655873810872436
Latency: 0.0458100619725883
Latency: 0.03946565883234143
Latency: 0.04152139206416905
Latency: 0.03894675616174936
Latency: 0.03935441700741649
Latency: 0.04373127315193415
Latency: 0.04220059001818299
Latency: 0.04522922611795366
Latency: 0.041067891055718064
Latency: 0.033615113934502006
Latency: 0.036403055768460035
Latency: 0.04100352991372347
Latency: 0.039658172987401485
Latency: 0.04125375207513571
Latency: 0.044720944948494434
Latency: 0.039364867843687534
Latency: 0.038652437971904874
Latency: 0.03973549488000572
Latency: 0.041756856022402644
Latency: 0.04217502404935658
Latency: 0.04317849990911782
Latency: 0.04660572903230786
Latency: 0.047699482878670096
Latency: 0.04031228111125529
Latency: 0.039107793010771275
Latency: 0.03806988708674908
Latency: 0.0407024088781327
Latency: 0.0443428959697485
Latency: 0.04568913811817765
Latency: 0.04579080990515649
Latency: 0.04732856503687799
Latency: 0.04579353705048561
Latency: 0.0402248939499259
Latency: 0.03913303301669657
Latency: 0.043322536861523986
Latency: 0.03935433505102992
Latency: 0.041215116158127785
Latency: 0.044338049832731485
Latency: 0.043433370999991894
Latency: 0.044164287857711315
Latency: 0.0412932641338557
Latency: 0.03861527098342776
Latency: 0.038952556904405355
Latency: 0.042537046829238534
Latency: 0.04423627187497914
Latency: 0.04581583710387349
Latency: 0.04340749094262719
Latency: 0.044817143119871616
Latency: 0.04036213597282767
Latency: 0.039117569802328944
Latency: 0.03940699598751962
Latency: 0.039397818967700005
Latency: 0.044931247131899
Latency: 0.04295158386230469
Latency: 0.045227664057165384
Latency: 0.04739878908731043
Latency: 0.04224061197601259
Latency: 0.04143749317154288
Latency: 0.042146837105974555
Latency: 0.04105197498574853
Latency: 0.04104887112043798
Latency: 0.04338177107274532
Latency: 0.045707962941378355
Latency: 0.044723922153934836
Latency: 0.043541746912524104
Latency: 0.03612208319827914
Latency: 0.03883353807032108
Latency: 0.04241676814854145
Latency: 0.04259658604860306
Latency: 0.04400745593011379
Latency: 0.044392041163519025
Latency: 0.046482618898153305
Latency: 0.04297936614602804
Latency: 0.035277571994811296
Latency: 0.03874200885184109
Latency: 0.03990849805995822
Latency: 0.04237981420010328
Latency: 0.04379635094664991
Latency: 0.047129034996032715
Latency: 0.04173124604858458
Latency: 0.040414886083453894
Latency: 0.04232663498260081
Latency: 0.044449781998991966
Latency: 0.04173173103481531
Latency: 0.041319947922602296
Latency: 0.04388291412033141
Latency: 0.045834589982405305
Latency: 0.04302559397183359
Latency: 0.0452286209911108
Latency: 0.04341820487752557
Latency: 0.04329129005782306
Latency: 0.0412443820387125
Latency: 0.04270913312211633
Latency: 0.0440307988319546
Latency: 0.04496007296256721
Latency: 0.04575624410063028
Latency: 0.0464090199675411
Latency: 0.06285972404293716
Latency: 0.06111846398562193
Latency: 0.06181421712972224
Latency: 0.0639722018968314
Latency: 0.06534911901690066
Latency: 0.06809301720932126
Latency: 0.046314575942233205
Latency: 0.04704113304615021
Latency: 0.03954833489842713
Latency: 0.03902177209965885
Latency: 0.040458870120346546
Latency: 0.043189340038225055
Latency: 0.044597907923161983
Latency: 0.045056702801957726
Latency: 0.04526659403927624
Latency: 0.04626118089072406
Latency: 0.03772637015208602
Latency: 0.03924945695325732
Latency: 0.040019479813054204
Latency: 0.04331193817779422
Latency: 0.04538515512831509
Latency: 0.04280490102246404
Latency: 0.04481158615089953
Latency: 0.04539143806323409
Latency: 0.03764423914253712
Latency: 0.03513669897802174
Latency: 0.03991983295418322
Latency: 0.04247020999900997
Latency: 0.04351652297191322
Latency: 0.04538865596987307
Latency: 0.046792256180197
Latency: 0.039521093014627695
Latency: 0.03489430504851043
Latency: 0.039164005080237985
Latency: 0.04342685081064701
Latency: 0.04251030902378261
Latency: 0.043384546879678965
Latency: 0.04604395688511431
Latency: 0.03981798398308456
Latency: 0.03958245413377881
Latency: 0.04336875700391829
Latency: 0.04471498494967818
Latency: 0.043856668984517455
Latency: 0.0429828439373523
Latency: 0.04602248012088239
Latency: 0.047628487925976515
Latency: 0.04308017692528665
Latency: 0.04559473320841789
Latency: 0.043240530183538795
Latency: 0.03701502806507051
Latency: 0.04454800905659795
Latency: 0.04230573307722807
Latency: 0.045935981906950474
Latency: 0.04076792299747467
Latency: 0.042456140043213964
Latency: 0.03969479678198695
Latency: 0.0418749051168561
Latency: 0.04329552105627954
Latency: 0.042121595004573464
Latency: 0.04347070399671793
Latency: 0.04519986594095826
Latency: 0.04699069308117032
Latency: 0.04471452301368117
Latency: 0.04105365904979408
Latency: 0.038026943104341626
Latency: 0.04010389093309641
Latency: 0.04239417496137321
Latency: 0.04434587596915662
Latency: 0.04566133790649474
Latency: 0.04210079787299037
Latency: 0.04372112615965307
Latency: 0.04486989905126393
Latency: 0.04312588204629719
Latency: 0.04122151411138475
Latency: 0.042781388852745295
Latency: 0.04249710589647293
Latency: 0.045609259977936745
Latency: 0.04735068394802511
Latency: 0.045717454981058836
Latency: 0.03838402917608619
Latency: 0.03963552718050778
Latency: 0.03955651889555156
Latency: 0.039967479882761836
Latency: 0.043758926913142204
Latency: 0.04310389398597181
Latency: 0.04288319614715874
Latency: 0.04552389797754586
Latency: 0.04244479490444064
Latency: 0.04018380492925644
Latency: 0.042673748917877674
Latency: 0.04312468087300658
Latency: 0.046644391026347876
Latency: 0.04093129397369921
Latency: 0.0432860751170665
Latency: 0.043590506073087454
Latency: 0.04192282585427165
Latency: 0.04488687915727496
Latency: 0.04229978984221816
Latency: 0.04202862991951406
Latency: 0.03995656408369541
Latency: 0.04299420490860939
Latency: 0.04385878494940698
Latency: 0.04429700318723917
Latency: 0.04244429897516966
Latency: 0.037176662124693394
Latency: 0.03936658799648285
Latency: 0.04455501097254455
Latency: 0.04439701698720455
Latency: 0.04575206199660897
Latency: 0.048198132077232
Latency: 0.046165576903149486
Latency: 0.04459648998454213
Latency: 0.04432200803421438
Latency: 0.04069358785636723
Latency: 0.04130455991253257
Latency: 0.0664861521217972
Latency: 0.06688405782915652
Latency: 0.06988216890022159
Latency: 0.06991846999153495
Latency: 0.06830765586346388
Latency: 0.037527417996898293
Latency: 0.03874202794395387
Latency: 0.03878662292845547
Latency: 0.0418240858707577
Latency: 0.04389426112174988
Latency: 0.04225311707705259
Latency: 0.042641192907467484
Latency: 0.044935032026842237
Latency: 0.03867354802787304
Latency: 0.040023886831477284
Latency: 0.04029319202527404
Latency: 0.04279411491006613
Latency: 0.04484969703480601
Latency: 0.04327461798675358
Latency: 0.0439591770991683
Latency: 0.04314607218839228
Latency: 0.03816164308227599
Latency: 0.04127803398296237
Latency: 0.041869299951940775
Latency: 0.04259212501347065
Latency: 0.04450286692008376
Latency: 0.04400765895843506
Latency: 0.0462511801160872
Latency: 0.042067659087479115
Latency: 0.039191249990835786
Latency: 0.04132928000763059
Latency: 0.04038542415946722
Latency: 0.041775292018428445
Latency: 0.04447228298522532
Latency: 0.040637162048369646
Latency: 0.04207789711654186
Latency: 0.04628231609240174
Latency: 0.037840668112039566
Latency: 0.04193735495209694
Latency: 0.04015949508175254
Latency: 0.04297262988984585
Latency: 0.040691213915124536
Latency: 0.04028275702148676
Latency: 0.04264141898602247
Latency: 0.04527739994227886
Latency: 0.041008569998666644
Latency: 0.04375298507511616
Latency: 0.04213492595590651
Latency: 0.04425307898782194
Latency: 0.040718261850997806
Latency: 0.04254447901621461
Latency: 0.0433524358086288
Latency: 0.043955486034974456
Latency: 0.04094418394379318
Latency: 0.044485620921477675
Latency: 0.04029528982937336
Latency: 0.04233679687604308
Latency: 0.04366468684747815
Latency: 0.04357170616276562
Latency: 0.04641972202807665
Latency: 0.040438521187752485
Latency: 0.04077999107539654
Latency: 0.04215860296972096
Latency: 0.04062699596397579
Latency: 0.043107959907501936
Latency: 0.044880579924210906
Latency: 0.041402471950277686
Latency: 0.043631050968542695
Latency: 0.04119599610567093
Latency: 0.040071971947327256
Latency: 0.041503723012283444
Latency: 0.041730876080691814
Latency: 0.04328742600046098
Latency: 0.044724392937496305
Latency: 0.043925662990659475
Latency: 0.0442575691267848
Latency: 0.04017093381844461
Latency: 0.0382463950663805
Latency: 0.03986179898492992
Latency: 0.042038417188450694
Latency: 0.04399276408366859
Latency: 0.04500336502678692
Latency: 0.040244159987196326
Latency: 0.04149293387308717
Latency: 0.04179077409207821
Latency: 0.04046978009864688
Latency: 0.04093443392775953
Latency: 0.044209667947143316
Latency: 0.043372839922085404
Latency: 0.04643402714282274
Latency: 0.041713854065164924
Latency: 0.04269631812348962
Latency: 0.0406968779861927
Latency: 0.042181627824902534
Latency: 0.04363086982630193
Latency: 0.042920713080093265
Latency: 0.04304313310422003
Latency: 0.043475475860759616
Latency: 0.04325640108436346
Latency: 0.044995513977482915
Latency: 0.04036555113270879
Latency: 0.038422523997724056
Latency: 0.041882331017404795
Latency: 0.04469728609547019
Latency: 0.04288602992892265
Latency: 0.03843423584476113
Latency: 0.04007565486244857
Latency: 0.0433347390498966
Latency: 0.04484421596862376
Latency: 0.04106480581685901
Latency: 0.04571801400743425
Latency: 0.045680209062993526
Latency: 0.046129002002999187
Latency: 0.04373679799027741
Latency: 0.046473131980746984
Latency: 0.04269040492363274
Latency: 0.043264348059892654
Latency: 0.06585625000298023
Latency: 0.06858958210796118
Latency: 0.06736308499239385
Latency: 0.06905298889614642
Latency: 0.07124679209664464
Latency: 0.06985862599685788
Latency: 0.07310725888237357
Latency: 0.06783607415854931
Latency: 0.039996749022975564
Latency: 0.04315690905787051
Latency: 0.042088187066838145
Latency: 0.04422120680101216
Latency: 0.04529276699759066
Latency: 0.045049563981592655
Latency: 0.04308672598563135
Latency: 0.04526646388694644
Latency: 0.037674206076189876
Latency: 0.04176265886053443
Latency: 0.04270792007446289
Latency: 0.04239842901006341
Latency: 0.045314800925552845
Latency: 0.046846653101965785
Latency: 0.04150199587456882
Latency: 0.043070478131994605
Latency: 0.03817330114543438
Latency: 0.041754346806555986
Latency: 0.042942960979416966
Latency: 0.044217014918103814
Latency: 0.04531521489843726
Latency: 0.04004856897518039
Latency: 0.042774448869749904
Latency: 0.043386802077293396
Latency: 0.041854050010442734
Latency: 0.042120801052078605
Latency: 0.0447057168930769
Latency: 0.04576555499807
Latency: 0.04277950106188655
Latency: 0.04115386004559696
Latency: 0.04319942300207913
Latency: 0.04537646588869393
Latency: 0.03927696612663567
Latency: 0.04578227503225207
Latency: 0.04908597911708057
Latency: 0.04407583409920335
Latency: 0.039713401813060045
Latency: 0.04175871307961643
Latency: 0.045994693879038095
Latency: 0.045465566916391253
Latency: 0.03865931602194905
Latency: 0.0460356988478452
Latency: 0.04272855003364384
Latency: 0.038162027951329947
Latency: 0.03923718282021582
Latency: 0.04149225493893027
Latency: 0.044524215161800385
Latency: 0.044518015114590526
Latency: 0.03818859881721437
Latency: 0.041803732980042696
Latency: 0.04140991484746337
Latency: 0.042970958864316344
Latency: 0.0406918169464916
Latency: 0.04373359610326588
Latency: 0.044362280052155256
Latency: 0.04222892294637859
Latency: 0.04108152608387172
Latency: 0.04398725903593004
Latency: 0.04536472703330219
Latency: 0.0428239069879055
Latency: 0.04349735006690025
Latency: 0.04136214102618396
Latency: 0.043876060051843524
Latency: 0.044809361919760704
Latency: 0.04134004004299641
Latency: 0.040167317958548665
Latency: 0.042173244059085846
Latency: 0.04360416205599904
Latency: 0.041988915065303445
Latency: 0.04293266008608043
Latency: 0.043833202915266156
Latency: 0.044908166863024235
Latency: 0.04090571193955839
Latency: 0.04074433515779674
Latency: 0.042618840001523495
Latency: 0.0395651999861002
Latency: 0.04099076194688678
Latency: 0.042172267101705074
Latency: 0.041619275929406285
Latency: 0.04415091685950756
Latency: 0.0425630530808121
Latency: 0.03953092498704791
Latency: 0.04399192798882723
Latency: 0.040703277103602886
Latency: 0.04244087007828057
Latency: 0.04572100518271327
Latency: 0.04361964319832623
Latency: 0.045168349985033274
Latency: 0.04534883005544543
Latency: 0.04346077796071768
Latency: 0.04030634509399533
Latency: 0.04428366501815617
Latency: 0.043606461957097054
Latency: 0.045801573898643255
Latency: 0.04300164105370641
Latency: 0.04525504889898002
Latency: 0.04138078400865197
Latency: 0.04178494098596275
Latency: 0.04342714184895158
Latency: 0.044750740053132176
Latency: 0.0423030280508101
Latency: 0.043842884013429284
Latency: 0.04305053781718016
Latency: 0.04887117515318096
Latency: 0.03870410192757845
Latency: 0.03892385307699442
Latency: 0.0413086770568043
Latency: 0.03966623009182513
Latency: 0.04153791815042496
Latency: 0.043726562056690454
Latency: 0.04205894493497908
Latency: 0.04032038291916251
Latency: 0.06490385206416249
Latency: 0.06552122696302831
Latency: 0.06822763895615935
Latency: 0.06699272990226746
Latency: 0.0693360900040716
Latency: 0.07129353401251137
Latency: 0.0685126839671284
Latency: 0.0432506671641022
Latency: 0.04445085395127535
Latency: 0.04163501877337694
Latency: 0.04234634106978774
Latency: 0.043311750050634146
Latency: 0.044136798940598965
Latency: 0.04679050203412771
Latency: 0.04282916500233114
Latency: 0.04158137505874038
Latency: 0.040656681871041656
Latency: 0.03905215207487345
Latency: 0.04240347002632916
Latency: 0.04519783309660852
Latency: 0.044305020943284035
Latency: 0.04679709696210921
Latency: 0.04607663000933826
Latency: 0.04401795216836035
Latency: 0.04329977207817137
Latency: 0.04058460704982281
Latency: 0.04439909500069916
Latency: 0.044753557071089745
Latency: 0.043012448120862246
Latency: 0.04544210503809154
Latency: 0.04115911293774843
Latency: 0.04313097498379648
Latency: 0.037544636987149715
Latency: 0.03991307015530765
Latency: 0.04345141910016537
Latency: 0.043812887044623494
Latency: 0.0468064749147743
Latency: 0.045652978122234344
Latency: 0.04110573511570692
Latency: 0.04039620701223612
Latency: 0.036795671097934246
Latency: 0.03817631397396326
Latency: 0.04239700501784682
Latency: 0.045382251031696796
Latency: 0.04636215092614293
Latency: 0.046498822048306465
Latency: 0.042266749776899815
Latency: 0.044354444835335016
Latency: 0.036618552170693874
Latency: 0.03793975687585771
Latency: 0.042395740980282426
Latency: 0.04432990401983261
Latency: 0.04621124779805541
Latency: 0.04529459308832884
Latency: 0.04270687606185675
Latency: 0.04555348609574139
Latency: 0.035708684008568525
Latency: 0.04038778902031481
Latency: 0.04595885006710887
Latency: 0.0421180659905076
Latency: 0.04480671603232622
Latency: 0.04183869902044535
Latency: 0.04429592099040747
Latency: 0.042954555014148355
Latency: 0.039536657044664025
Latency: 0.045337924966588616
Latency: 0.041028551990166306
Latency: 0.043464464135468006
Latency: 0.04395756497979164
Latency: 0.04257354512810707
Latency: 0.044386148918420076
Latency: 0.04494919395074248
Latency: 0.039407860953360796
Latency: 0.042380945989862084
Latency: 0.0466570018325001
Latency: 0.04566092509776354
Latency: 0.04488903400488198
Latency: 0.04264553100802004
Latency: 0.042808596044778824
Latency: 0.04431889415718615
Latency: 0.043422486865893006
Latency: 0.043244977947324514
Latency: 0.044678714126348495
Latency: 0.04561338201165199
Latency: 0.04316760296933353
Latency: 0.040004379115998745
Latency: 0.04182769008912146
Latency: 0.044732982059940696
Latency: 0.04281104914844036
Latency: 0.042551778024062514
Latency: 0.04011253989301622
Latency: 0.03915287111885846
Latency: 0.04208371113054454
Latency: 0.041454382007941604
Latency: 0.04301306093111634
Latency: 0.04524424485862255
Latency: 0.03824619413353503
Latency: 0.041044129990041256
Latency: 0.04346262803301215
Latency: 0.04719572700560093
Latency: 0.04218417499214411
Latency: 0.04214022704400122
Latency: 0.0404738700017333
Latency: 0.04439082695171237
Latency: 0.03852018807083368
Latency: 0.040936006931588054
Latency: 0.04132639686577022
Latency: 0.04022291209548712
Latency: 0.042527294950559735
Latency: 0.04126826301217079
Latency: 0.04297199589200318
Latency: 0.0464625908061862
Latency: 0.0395778629463166
Latency: 0.04350365581922233
Latency: 0.04105282807722688
Latency: 0.039712449070066214
Latency: 0.04123569303192198
Latency: 0.04241168196313083
Latency: 0.04373356304131448
Latency: 0.04837633203715086
Latency: 0.06939193280413747
Latency: 0.07355861202813685
Latency: 0.07317408989183605
Latency: 0.0725516970269382
Latency: 0.07056811801157892
Latency: 0.07073015999048948
Latency: 0.04296416090801358
Latency: 0.04592268681153655
Latency: 0.04202034114859998
Latency: 0.04798967600800097
Latency: 0.042011745972558856
Latency: 0.04006678983569145
Latency: 0.04137805104255676
Latency: 0.046303814044222236
Latency: 0.048300222028046846
Latency: 0.04411528492346406
Latency: 0.043508850038051605
Latency: 0.040726929903030396
Latency: 0.043887166073545814
Latency: 0.04480309411883354
Latency: 0.04464009101502597
Latency: 0.04445852804929018
Latency: 0.04525238601490855
Latency: 0.0430836861487478
Latency: 0.040665901033207774
Latency: 0.04066898091696203
Latency: 0.04403317393735051
Latency: 0.04281545290723443
Latency: 0.04447200009599328
Latency: 0.043211749056354165
Latency: 0.04381455993279815
Latency: 0.046785291051492095
Latency: 0.042545567033812404
Latency: 0.04008709383197129
Latency: 0.04078116500750184
Latency: 0.04215061292052269
Latency: 0.04464785009622574
Latency: 0.04403918003663421
Latency: 0.04366202699020505
Latency: 0.041030650958418846
Latency: 0.04337875614874065
Latency: 0.03899144707247615
Latency: 0.043858570978045464
Latency: 0.04518581321462989
Latency: 0.04646903299726546
Latency: 0.04175219498574734
Latency: 0.04398185410536826
Latency: 0.044965971959754825
Latency: 0.04276337311603129
Latency: 0.040397221921011806
Latency: 0.04372099810279906
Latency: 0.04522024397738278
Latency: 0.045703840209171176
Latency: 0.041387759847566485
Latency: 0.04388976003974676
Latency: 0.04591509094461799
Latency: 0.04037503502331674
Latency: 0.0445649940520525
Latency: 0.04186604218557477
Latency: 0.04363994509913027
Latency: 0.04184624901972711
Latency: 0.04218605789355934
Latency: 0.039953866973519325
Latency: 0.045569238951429725
Latency: 0.04016550909727812
Latency: 0.0408502290956676
Latency: 0.03912607999518514
Latency: 0.04125791508704424
Latency: 0.044722798047587276
Latency: 0.04593983408994973
Latency: 0.04343426297418773
Latency: 0.04024163796566427
Latency: 0.04365555988624692
Latency: 0.04512067302130163
Latency: 0.041242131032049656
Latency: 0.045374887995421886
Latency: 0.04432286601513624
Latency: 0.044205817859619856
Latency: 0.045887186890468
Latency: 0.04577326285652816
Latency: 0.04259034409187734
Latency: 0.0390420719049871
Latency: 0.04079122608527541
Latency: 0.04060141695663333
Latency: 0.041901395190507174
Latency: 0.042749849148094654
Latency: 0.04183515487238765
Latency: 0.04084432194940746
Latency: 0.04156132508069277
Latency: 0.040678054094314575
Latency: 0.04404621897265315
Latency: 0.04047081805765629
Latency: 0.04454313009046018
Latency: 0.042675082106143236
Latency: 0.042745456798002124
Latency: 0.044567608973011374
Latency: 0.04019455797970295
Latency: 0.041567590087652206
Latency: 0.0450097918510437
Latency: 0.04493225715123117
Latency: 0.04319841810502112
Latency: 0.04270462109707296
Latency: 0.044971051160246134
Latency: 0.04087953991256654
Latency: 0.04124429100193083
Latency: 0.04136557783931494
Latency: 0.04397825384512544
Latency: 0.043316436000168324
Latency: 0.04026091587729752
Latency: 0.041864858008921146
Latency: 0.04519031988456845
Latency: 0.04733225982636213
Latency: 0.04075925098732114
Latency: 0.043405118864029646
Latency: 0.04445393686182797
Latency: 0.041547185042873025
Latency: 0.03880666592158377
Latency: 0.040436013136059046
Latency: 0.0444860621355474
Latency: 0.07112118508666754
Latency: 0.0644987819250673
Latency: 0.06847590394318104
Latency: 0.06978273391723633
Latency: 0.06613455596379936
Latency: 0.06570330797694623
Latency: 0.04199935798533261
Latency: 0.044512331020087004
Latency: 0.043443738017231226
Latency: 0.03990004397928715
Latency: 0.04220524802803993
Latency: 0.047134605003520846
Latency: 0.0408425978384912
Latency: 0.04342461400665343
Latency: 0.04207944497466087
Latency: 0.04101664503104985
Latency: 0.04594338499009609
Latency: 0.03841017303057015
Latency: 0.04497317085042596
Latency: 0.04409805196337402
Latency: 0.039620819967240095
Latency: 0.0410457591060549
Latency: 0.04621612513437867
Latency: 0.045712844002991915
Latency: 0.04358367598615587
Latency: 0.038472892018035054
Latency: 0.04102923418395221
Latency: 0.035451463889330626
Latency: 0.03728480497375131
Latency: 0.04071151791140437
Latency: 0.044585474068298936
Latency: 0.044947942020371556
Latency: 0.03853497817181051
Latency: 0.04172053886577487
Latency: 0.03952276799827814
Latency: 0.03613966912962496
Latency: 0.041770814917981625
Latency: 0.043281512102112174
Latency: 0.04420566000044346
Latency: 0.04706333391368389
Latency: 0.0394830321893096
Latency: 0.0441214619204402
Latency: 0.038134238915517926
Latency: 0.04090995411388576
Latency: 0.04121197503991425
Latency: 0.04283615085296333
Latency: 0.04450104804709554
Latency: 0.04526756191626191
Latency: 0.04158567893318832
Latency: 0.03900764207355678
Latency: 0.04476194619201124
Latency: 0.04380901507101953
Latency: 0.04031855100765824
Latency: 0.04231186886318028
Latency: 0.04409913602285087
Latency: 0.04293733602389693
Latency: 0.04372142720967531
Latency: 0.040816407185047865
Latency: 0.04002601793035865
Latency: 0.04465204197913408
Latency: 0.04356052586808801
Latency: 0.044119724072515965
Latency: 0.044991682982072234
Latency: 0.040553973987698555
Latency: 0.04125964199192822
Latency: 0.04260420496575534
Latency: 0.0405803460162133
Latency: 0.04231589799746871
Latency: 0.04317672899924219
Latency: 0.04744141502305865
Latency: 0.0382880219258368
Latency: 0.04270296706818044
Latency: 0.04291388485580683
Latency: 0.04572993190959096
Latency: 0.04807107406668365
Latency: 0.04309802199713886
Latency: 0.04223305615596473
Latency: 0.04187874309718609
Latency: 0.04067359515465796
Latency: 0.03953771316446364
Latency: 0.04402594710700214
Latency: 0.04501848900690675
Latency: 0.03998048393987119
Latency: 0.040198714938014746
Latency: 0.04121897299773991
Latency: 0.04591168789193034
Latency: 0.04353120597079396
Latency: 0.040541824186220765
Latency: 0.04220921499654651
Latency: 0.04402992804534733
Latency: 0.03846874297596514
Latency: 0.04046500218100846
Latency: 0.04225110914558172
Latency: 0.04849234200082719
Latency: 0.044641104992479086
Latency: 0.03908315603621304
Latency: 0.042439626064151525
Latency: 0.04598016804084182
Latency: 0.04154822789132595
Latency: 0.040768760023638606
Latency: 0.04276154306717217
Latency: 0.045616413932293653
Latency: 0.04544599796645343
Latency: 0.04025822295807302
Latency: 0.04145410400815308
Latency: 0.04261750215664506
Latency: 0.04302882496267557
Latency: 0.04188783606514335
Latency: 0.0444714049808681
Latency: 0.044516367837786674
Latency: 0.046340169850736856
Latency: 0.03796471701934934
Latency: 0.04059070395305753
Latency: 0.044382363092154264
Latency: 0.03712146217003465
Latency: 0.03802684182301164
Latency: 0.0410470578353852
Latency: 0.04585412493906915
Latency: 0.047048444859683514
Latency: 0.03838127199560404
Latency: 0.06691820290870965
Latency: 0.06887851003557444
Latency: 0.06767850113101304
Latency: 0.0686433338560164
Latency: 0.07042606803588569
Latency: 0.07100698701106012
Latency: 0.07251202990300953
Latency: 0.03525227098725736
Latency: 0.039150468073785305
Latency: 0.04056084086187184
Latency: 0.03603546996600926
Latency: 0.040542326867580414
Latency: 0.04181235795840621
Latency: 0.04387109098024666
Latency: 0.046002139104530215
Latency: 0.038825072813779116
Latency: 0.041302662109956145
Latency: 0.044195346999913454
Latency: 0.038073231000453234
Latency: 0.041492067044600844
Latency: 0.0439479888882488
Latency: 0.04735503299161792
Latency: 0.04712878889404237
Latency: 0.0420320238918066
Latency: 0.03930238797329366
Latency: 0.042323708068579435
Latency: 0.03965236386284232
Latency: 0.04218075703829527
Latency: 0.04348594811744988
Latency: 0.04776313598267734
Latency: 0.04683168511837721
Latency: 0.04327538097277284
Latency: 0.04041653196327388
Latency: 0.042272199876606464
Latency: 0.03949816501699388
Latency: 0.04359964095056057
Latency: 0.04837410198524594
Latency: 0.04143249592743814
Latency: 0.0401224959641695
Latency: 0.04085527500137687
Latency: 0.044111403869464993
Latency: 0.04456629091873765
Latency: 0.04020160296931863
Latency: 0.04081810102798045
Latency: 0.044192487141117454
Latency: 0.04025059216655791
Latency: 0.03783097886480391
Latency: 0.03969848109409213
Latency: 0.041943148942664266
Latency: 0.045622960198670626
Latency: 0.039935042848810554
Latency: 0.041275540832430124
Latency: 0.043842812068760395
Latency: 0.04223456489853561
Latency: 0.03856159094721079
Latency: 0.04170774016529322
Latency: 0.04480815981514752
Latency: 0.04513286706060171
Latency: 0.03932103794068098
Latency: 0.04205054906196892
Latency: 0.04870675201527774
Latency: 0.03804186615161598
Latency: 0.041582205099985003
Latency: 0.04503675806336105
Latency: 0.048061534063890576
Latency: 0.04363875603303313
Latency: 0.04221294284798205
Latency: 0.04424680303782225
Latency: 0.046622527996078134
Latency: 0.041851253947243094
Latency: 0.039283467922359705
Latency: 0.04016959387809038
Latency: 0.042682845843955874
Latency: 0.04473439301364124
Latency: 0.04334000893868506
Latency: 0.04318910907022655
Latency: 0.04100641398690641
Latency: 0.04087862209416926
Latency: 0.03940010303631425
Latency: 0.04235738795250654
Latency: 0.044968460919335485
Latency: 0.0419849781319499
Latency: 0.04250021814368665
Latency: 0.039108687080442905
Latency: 0.03740922990255058
Latency: 0.040717730997130275
Latency: 0.042528798105195165
Latency: 0.044063768116757274
Latency: 0.04686373402364552
Latency: 0.04429171816445887
Latency: 0.040793820982798934
Latency: 0.04392558406107128
Latency: 0.03833924001082778
Latency: 0.04203183809295297
Latency: 0.03969763801433146
Latency: 0.04281569900922477
Latency: 0.04606880201026797
Latency: 0.04541622591204941
Latency: 0.04152012104168534
Latency: 0.04226060304790735
Latency: 0.03991132089868188
Latency: 0.04188984399661422
Latency: 0.04174816608428955
Latency: 0.04368625092320144
Latency: 0.046701434068381786
Latency: 0.04455529898405075
Latency: 0.03895438299514353
Latency: 0.044617329025641084
Latency: 0.040139075834304094
Latency: 0.03897598199546337
Latency: 0.04253713903017342
Latency: 0.0388428270816803
Latency: 0.04616538481786847
Latency: 0.046320447931066155
Latency: 0.03535805409774184
Latency: 0.03821876202709973
Latency: 0.03876280598342419
Latency: 0.06899983715265989
Latency: 0.06983554898761213
Latency: 0.06719600292854011
Latency: 0.07156792096793652
Latency: 0.06501943804323673
Latency: 0.06463775900192559
Latency: 0.0679437501821667
Latency: 0.039108239114284515
Latency: 0.036504117073491216
Latency: 0.0413169979583472
Latency: 0.045782572124153376
Latency: 0.04579983791336417
Latency: 0.04272302892059088
Latency: 0.04151941114105284
Latency: 0.04378361999988556
Latency: 0.045476144878193736
Latency: 0.03922215919010341
Latency: 0.041136193089187145
Latency: 0.04402090795338154
Latency: 0.04512562998570502
Latency: 0.04258169000968337
Latency: 0.04206181620247662
Latency: 0.04219207097776234
Latency: 0.046016694977879524
Latency: 0.040758807910606265
Latency: 0.042615430895239115
Latency: 0.04385569808073342
Latency: 0.046783643774688244
Latency: 0.04467387683689594
Latency: 0.039875841001048684
Latency: 0.042981109116226435
Latency: 0.04323897906579077
Latency: 0.04148621205240488
Latency: 0.04567787703126669
Latency: 0.04470314597710967
Latency: 0.04167125094681978
Latency: 0.04034295794554055
Latency: 0.04258190793916583
Latency: 0.04539942112751305
Latency: 0.042471101973205805
Latency: 0.04454932804219425
Latency: 0.04067500005476177
Latency: 0.04477806086651981
Latency: 0.04319869098253548
Latency: 0.045675521017983556
Latency: 0.03833809704519808
Latency: 0.04474022192880511
Latency: 0.04323631408624351
Latency: 0.03807813907042146
Latency: 0.04356210306286812
Latency: 0.043877830961719155
Latency: 0.043270873138681054
Latency: 0.044819683069363236
Latency: 0.04109356505796313
Latency: 0.0415676471311599
Latency: 0.039348130114376545
Latency: 0.036387057043612
Latency: 0.04431482986547053
Latency: 0.04427739488892257
Latency: 0.045973921893164515
Latency: 0.0428265689406544
Latency: 0.04387883120216429
Latency: 0.039939966052770615
Latency: 0.04334506602026522
Latency: 0.04182325303554535
Latency: 0.042623752960935235
Latency: 0.04292632592841983
Latency: 0.044432563008740544
Latency: 0.042488171020522714
Latency: 0.04415708011947572
Latency: 0.045178327010944486
Latency: 0.043439849046990275
Latency: 0.04296081396751106
Latency: 0.04679169901646674
Latency: 0.03754475014284253
Latency: 0.039299453841522336
Latency: 0.04192532389424741
Latency: 0.04397969204001129
Latency: 0.04571650084108114
Latency: 0.04654312808997929
Latency: 0.042648158967494965
Latency: 0.04259511502459645
Latency: 0.04017626098357141
Latency: 0.042940824991092086
Latency: 0.04453889583237469
Latency: 0.04233260196633637
Latency: 0.045137269888073206
Latency: 0.04586080089211464
Latency: 0.04629021999426186
Latency: 0.04223794210702181
Latency: 0.040792861953377724
Latency: 0.04260047199204564
Latency: 0.04442055197432637
Latency: 0.04566065105609596
Latency: 0.04657775512896478
Latency: 0.0488473130390048
Latency: 0.04230241710320115
Latency: 0.03813210013322532
Latency: 0.03994586202315986
Latency: 0.04313790495507419
Latency: 0.0427476258482784
Latency: 0.0444725900888443
Latency: 0.04574435809627175
Latency: 0.04739358415827155
Latency: 0.051477603148669004
Latency: 0.04303156700916588
Latency: 0.04412973811849952
Latency: 0.04819012200459838
Latency: 0.04762447183020413
Latency: 0.04892548592761159
Latency: 0.050942562986165285
Latency: 0.05411983304657042
Latency: 0.05341289611533284
Latency: 0.037971524987369776
Latency: 0.04099956387653947
Latency: 0.04318706993944943
Latency: 0.04376088501885533
Latency: 0.04538740194402635
Latency: 0.04647987196221948
Latency: 0.04824803816154599
Latency: 0.07045029802247882
Latency: 0.06794372596777976
Latency: 0.06920621497556567
Latency: 0.06795848696492612
Latency: 0.06959307403303683
Latency: 0.07038890803232789
Latency: 0.07212906191125512
Latency: 0.07409192388877273
Latency: 0.04457036801613867
Latency: 0.03762899711728096
Latency: 0.038983261212706566
Latency: 0.03990255412645638
Latency: 0.04171521193347871
Latency: 0.04427804006263614
Latency: 0.045165647054091096
Latency: 0.050231507048010826
Latency: 0.03820056584663689
Latency: 0.036811879836022854
Latency: 0.039048988139256835
Latency: 0.04108981881290674
Latency: 0.04250920005142689
Latency: 0.04474253719672561
Latency: 0.04629052500240505
Latency: 0.03888270212337375
Latency: 0.03622486488893628
Latency: 0.03771808394230902
Latency: 0.043043816927820444
Latency: 0.045736398082226515
Latency: 0.04709327593445778
Latency: 0.04842622182331979
Latency: 0.04308402305468917
Latency: 0.03912621201016009
Latency: 0.04016822995617986
Latency: 0.04715227894484997
Latency: 0.045034786919131875
Latency: 0.04097836487926543
Latency: 0.04346071998588741
Latency: 0.04395795799791813
Latency: 0.04409629199653864
Latency: 0.04515562788583338
Latency: 0.04245225782506168
Latency: 0.04238926898688078
Latency: 0.04254490486346185
Latency: 0.04322734009474516
Latency: 0.042321552988141775
Latency: 0.04464302211999893
Latency: 0.043885448947548866
Latency: 0.04261818085797131
Latency: 0.04032598598860204
Latency: 0.04013508907519281
Latency: 0.041842115111649036
Latency: 0.04055510112084448
Latency: 0.04201175086200237
Latency: 0.046639905078336596
Latency: 0.04349973984062672
Latency: 0.04600283014588058
Latency: 0.039518586127087474
Latency: 0.03969368990510702
Latency: 0.04311603191308677
Latency: 0.039950628066435456
Latency: 0.041853242088109255
Latency: 0.041996828047558665
Latency: 0.04313012398779392
Latency: 0.0452260950114578
Latency: 0.04237115802243352
Latency: 0.04106883401982486
Latency: 0.04272956517525017
Latency: 0.04067761008627713
Latency: 0.04312375304289162
Latency: 0.04112270497716963
Latency: 0.04223382892087102
Latency: 0.044509285129606724
Latency: 0.04459613794460893
Latency: 0.04423971101641655
Latency: 0.045742635848000646
Latency: 0.04282582411542535
Latency: 0.044971269089728594
Latency: 0.0455077129881829
Latency: 0.044351846911013126
Latency: 0.04500213800929487
Latency: 0.041541093960404396
Latency: 0.04147825506515801
Latency: 0.0429519098252058
Latency: 0.04098284896463156
Latency: 0.043775117956101894
Latency: 0.0443545700982213
Latency: 0.04571949108503759
Latency: 0.047041211975738406
Latency: 0.040982776787132025
Latency: 0.03769658482633531
Latency: 0.03994224313646555
Latency: 0.04141844785772264
Latency: 0.044158342061564326
Latency: 0.044538360089063644
Latency: 0.04513783100992441
Latency: 0.04733995604328811
Latency: 0.040479051880538464
Latency: 0.03843922005034983
Latency: 0.03988507995381951
Latency: 0.04327565501444042
Latency: 0.04477976402267814
Latency: 0.04482219205237925
Latency: 0.045653312001377344
Latency: 0.047369726933538914
Latency: 0.04404550907202065
Latency: 0.0373463979922235
Latency: 0.040972819086164236
Latency: 0.041366199031472206
Latency: 0.04276487720198929
Latency: 0.04124390101060271
Latency: 0.04301637993194163
Latency: 0.04474741104058921
Latency: 0.03626202302984893
Latency: 0.03763627610169351
Latency: 0.04046656284481287
Latency: 0.04267800506204367
Latency: 0.04256638791412115
Latency: 0.044213654939085245
Latency: 0.04599018185399473
Latency: 0.04809300205670297
Latency: 0.06511263106949627
Latency: 0.06565167405642569
Latency: 0.06962694600224495
Latency: 0.06795332208275795
Latency: 0.06997122103348374
Latency: 0.07228920119814575
Latency: 0.07397334696725011
Latency: 0.07554677897132933
Latency: 0.039240035926923156
Latency: 0.03849668498151004
Latency: 0.03980476805008948
Latency: 0.04152498906478286
Latency: 0.04346885182894766
Latency: 0.04623569501563907
Latency: 0.044952772092074156
Latency: 0.04537334991618991
Latency: 0.03783653303980827
Latency: 0.039917516987770796
Latency: 0.04214048013091087
Latency: 0.04203602601774037
Latency: 0.043807414127513766
Latency: 0.04420086299069226
Latency: 0.04487756104208529
Latency: 0.048519131960347295
Latency: 0.042749684071168303
Latency: 0.04106402094475925
Latency: 0.041904049925506115
Latency: 0.04415940912440419
Latency: 0.044173417845740914
Latency: 0.045832562958821654
Latency: 0.04653085791505873
Latency: 0.0395771861076355
Latency: 0.038976864190772176
Latency: 0.038978285156190395
Latency: 0.040674479911103845
Latency: 0.042527978075668216
Latency: 0.045900914119556546
Latency: 0.045491541968658566
Latency: 0.047492885030806065
Latency: 0.04414970800280571
Latency: 0.03840675810351968
Latency: 0.039518477162346244
Latency: 0.04320809105411172
Latency: 0.044069180032238364
Latency: 0.045603495091199875
Latency: 0.0440774189773947
Latency: 0.04583525797352195
Latency: 0.04337850888259709
Latency: 0.03844413999468088
Latency: 0.04234992899000645
Latency: 0.038261185865849257
Latency: 0.040454932022839785
Latency: 0.04211981315165758
Latency: 0.04280127491801977
Latency: 0.044613113859668374
Latency: 0.04521039198152721
Latency: 0.04425925202667713
Latency: 0.04319333308376372
Latency: 0.0406368609983474
Latency: 0.042288313852623105
Latency: 0.04329444793984294
Latency: 0.04492288990877569
Latency: 0.04567372100427747
Latency: 0.04997404990717769
Latency: 0.03861470287665725
Latency: 0.040182736935094
Latency: 0.03990418300963938
Latency: 0.04262310406193137
Latency: 0.044291144935414195
Latency: 0.045828748028725386
Latency: 0.04413729696534574
Latency: 0.03984689898788929
Latency: 0.03706419700756669
Latency: 0.03941343701444566
Latency: 0.04308454389683902
Latency: 0.04383546020835638
Latency: 0.04511032602749765
Latency: 0.04701956384815276
Latency: 0.047051402973011136
Latency: 0.04171428317204118
Latency: 0.03873287909664214
Latency: 0.03991301404312253
Latency: 0.04209056496620178
Latency: 0.044607029063627124
Latency: 0.04478740110062063
Latency: 0.04802949004806578
Latency: 0.04353904793970287
Latency: 0.04216803004965186
Latency: 0.03969651320949197
Latency: 0.041984227020293474
Latency: 0.043584650848060846
Latency: 0.044893458019942045
Latency: 0.04643529001623392
Latency: 0.04736997885629535
Latency: 0.04097362398169935
Latency: 0.04127853992395103
Latency: 0.040437371004372835
Latency: 0.04146957607008517
Latency: 0.04120343178510666
Latency: 0.04294774984009564
Latency: 0.04447032907046378
Latency: 0.045524584129452705
Latency: 0.04439968313090503
Latency: 0.04201262700371444
Latency: 0.03475451609119773
Latency: 0.042573123006150126
Latency: 0.042460403172299266
Latency: 0.044815097004175186
Latency: 0.046929804142564535
Latency: 0.04172577499412
Latency: 0.045582748018205166
Latency: 0.04279492795467377
Latency: 0.03945264290086925
Latency: 0.03893812699243426
Latency: 0.04047238896600902
Latency: 0.0425013629719615
Latency: 0.04013724811375141
Latency: 0.04298651101998985
Latency: 0.044510768027976155
Latency: 0.042098826030269265
Latency: 0.0680001750588417
Latency: 0.06979244807735085
Latency: 0.07207454205490649
Latency: 0.07144639501348138
Latency: 0.07113890396431088
Latency: 0.070366334868595
Latency: 0.07197063998319209
Latency: 0.04295782698318362
Latency: 0.03566530090756714
Latency: 0.0375464940443635
Latency: 0.03892492293380201
Latency: 0.040425651939585805
Latency: 0.04212842904962599
Latency: 0.04466394893825054
Latency: 0.0445731480140239
Latency: 0.04265508893877268
Latency: 0.041484626941382885
Latency: 0.0368576489854604
Latency: 0.041525448905304074
Latency: 0.04044665000401437
Latency: 0.04043082194402814
Latency: 0.0431172139942646
Latency: 0.04267707094550133
Latency: 0.04570412798784673
Latency: 0.04074385203421116
Latency: 0.042837125016376376
Latency: 0.03989104786887765
Latency: 0.03820726601406932
Latency: 0.039468111004680395
Latency: 0.04160723905079067
Latency: 0.0429772341158241
Latency: 0.04529797099530697
Latency: 0.045516486978158355
Latency: 0.0454306120518595
Latency: 0.04167703306302428
Latency: 0.040625365916639566
Latency: 0.04211565409786999
Latency: 0.044182212091982365
Latency: 0.04438522201962769
Latency: 0.04304870776832104
Latency: 0.039572522044181824
Latency: 0.04353771801106632
Latency: 0.04533820995129645
Latency: 0.04490248207002878
Latency: 0.04624005779623985
Latency: 0.04384105606004596
Latency: 0.04280896717682481
Latency: 0.046294334111735225
Latency: 0.04233897919766605
Latency: 0.04183588898740709
Latency: 0.04187769815325737
Latency: 0.04245929513126612
Latency: 0.04518171399831772
Latency: 0.041490071918815374
Latency: 0.04327473999001086
Latency: 0.045296593802049756
Latency: 0.041022467194125056
Latency: 0.04073337512090802
Latency: 0.0421702959574759
Latency: 0.042176763992756605
Latency: 0.04368458385579288
Latency: 0.043793327175080776
Latency: 0.04560582502745092
Latency: 0.04191243113018572
Latency: 0.04283461789600551
Latency: 0.044307727133855224
Latency: 0.045796623919159174
Latency: 0.04307463695295155
Latency: 0.04489644500426948
Latency: 0.04297076212242246
Latency: 0.04468865995295346
Latency: 0.04542925511486828
Latency: 0.04667904507368803
Latency: 0.041578555945307016
Latency: 0.046111840987578034
Latency: 0.04134720703586936
Latency: 0.04278886294923723
Latency: 0.04310201108455658
Latency: 0.04382567806169391
Latency: 0.041880346136167645
Latency: 0.039974458049982786
Latency: 0.04095241101458669
Latency: 0.03957997797988355
Latency: 0.04150548507459462
Latency: 0.043700845912098885
Latency: 0.04263589112088084
Latency: 0.043686400866135955
Latency: 0.04480075789615512
Latency: 0.03722469485364854
Latency: 0.03971816296689212
Latency: 0.04256179416552186
Latency: 0.03852380090393126
Latency: 0.0425868418533355
Latency: 0.04346807696856558
Latency: 0.04662552196532488
Latency: 0.043443776899948716
Latency: 0.04628853406757116
Latency: 0.04253866616636515
Latency: 0.040332731092348695
Latency: 0.04305962100625038
Latency: 0.04447067203000188
Latency: 0.039991374826058745
Latency: 0.04441683413460851
Latency: 0.04504322912544012
Latency: 0.04059394705109298
Latency: 0.040450440952554345
Latency: 0.042238645022735
Latency: 0.04535791510716081
Latency: 0.045062846038490534
Latency: 0.040227645076811314
Latency: 0.04239289602264762
Latency: 0.04384527704678476
Latency: 0.044186722952872515
Latency: 0.038676088908687234
Latency: 0.040199930081143975
Latency: 0.04376332485117018
Latency: 0.04105699108913541
Latency: 0.0717556041199714
Latency: 0.07038185000419617
Latency: 0.07643018593080342
Latency: 0.06696530408225954
Latency: 0.06817075680010021
Latency: 0.07090303814038634
Latency: 0.074705655220896
Latency: 0.04052769811823964
Latency: 0.03885207395069301
Latency: 0.04199625994078815
Latency: 0.04603511095046997
Latency: 0.04354332690127194
Latency: 0.04140598117373884
Latency: 0.04287315718829632
Latency: 0.045886421110481024
Latency: 0.04366256482899189
Latency: 0.03953901887871325
Latency: 0.04207239905372262
Latency: 0.041123948991298676
Latency: 0.04082016693428159
Latency: 0.0396877049934119
Latency: 0.041183431865647435
Latency: 0.044997042044997215
Latency: 0.043089804938063025
Latency: 0.036773328902199864
Latency: 0.04044334287755191
Latency: 0.045068948063999414
Latency: 0.04096528608351946
Latency: 0.039051598869264126
Latency: 0.040095745120197535
Latency: 0.042220202973112464
Latency: 0.046861890936270356
Latency: 0.040750409942120314
Latency: 0.042678239988163114
Latency: 0.04696209984831512
Latency: 0.04284837911836803
Latency: 0.0409480610396713
Latency: 0.04392695799469948
Latency: 0.04401857918128371
Latency: 0.04621692397631705
Latency: 0.041078716050833464
Latency: 0.04264881508424878
Latency: 0.04589343210682273
Latency: 0.04053537198342383
Latency: 0.04080488299950957
Latency: 0.04368808679282665
Latency: 0.046484461054205894
Latency: 0.04708133381791413
Latency: 0.03868879098445177
Latency: 0.04009729181416333
Latency: 0.043486525071784854
Latency: 0.0417471609544009
Latency: 0.04178883298300207
Latency: 0.04297245107591152
Latency: 0.04708338901400566
Latency: 0.0481337069068104
Latency: 0.039619385031983256
Latency: 0.04451000690460205
Latency: 0.04368189908564091
Latency: 0.04310831311158836
Latency: 0.04387637414038181
Latency: 0.041184280067682266
Latency: 0.04608194809406996
Latency: 0.04468073113821447
Latency: 0.03981068590655923
Latency: 0.044902477180585265
Latency: 0.04290483891963959
Latency: 0.04439555085264146
Latency: 0.04038643115200102
Latency: 0.0421076319180429
Latency: 0.04542353190481663
Latency: 0.04205642896704376
Latency: 0.03691964386962354
Latency: 0.04236058588139713
Latency: 0.04738262505270541
Latency: 0.04240420111455023
Latency: 0.03939350415021181
Latency: 0.04080967511981726
Latency: 0.041441776091232896
Latency: 0.04418034595437348
Latency: 0.04101748997345567
Latency: 0.03918153792619705
Latency: 0.043734566075727344
Latency: 0.042620202992111444
Latency: 0.0363361369818449
Latency: 0.04244228987954557
Latency: 0.04462313582189381
Latency: 0.04437634698115289
Latency: 0.04231585701927543
Latency: 0.04584580007940531
Latency: 0.04420918598771095
Latency: 0.03921157703734934
Latency: 0.040561684872955084
Latency: 0.04217593092471361
Latency: 0.04286320391111076
Latency: 0.04703366290777922
Latency: 0.042635983088985085
Latency: 0.042447459883987904
Latency: 0.04284772602841258
Latency: 0.040945447050035
Latency: 0.04286762699484825
Latency: 0.04371961602009833
Latency: 0.04249958693981171
Latency: 0.04844998405314982
Latency: 0.04122316394932568
Latency: 0.044422972947359085
Latency: 0.03973478893749416
Latency: 0.042742263060063124
Latency: 0.042958762031048536
Latency: 0.0426693360786885
Latency: 0.04659114591777325
Latency: 0.04121110285632312
Latency: 0.03917876281775534
Latency: 0.04389894101768732
Latency: 0.03825074201449752
Latency: 0.038012889912351966
Latency: 0.04066492198035121
Latency: 0.04207308101467788
Latency: 0.04297939781099558
Latency: 0.04720562603324652
Latency: 0.07120665907859802
Latency: 0.07423294894397259
Latency: 0.07081313198432326
Latency: 0.06732959416694939
Latency: 0.07010910823009908
Latency: 0.07164819911122322
Latency: 0.07403442496433854
Latency: 0.04363230988383293
Latency: 0.04124061809852719
Latency: 0.0435626688413322
Latency: 0.04134588595479727
Latency: 0.04068306810222566
Latency: 0.042632031021639705
Latency: 0.044055546168237925
Latency: 0.04684854205697775
Latency: 0.047535892110317945
Latency: 0.03677739296108484
Latency: 0.04455719003453851
Latency: 0.041946974117308855
Latency: 0.040657968958839774
Latency: 0.04378000902943313
Latency: 0.04614429804496467
Latency: 0.04449753020890057
Latency: 0.046383599983528256
Latency: 0.04126502200961113
Latency: 0.04220803803764284
Latency: 0.03862073482014239
Latency: 0.040764904115349054
Latency: 0.04384660185314715
Latency: 0.044649722054600716
Latency: 0.046278104884549975
Latency: 0.047193133970722556
Latency: 0.043238937156274915
Latency: 0.041164231952279806
Latency: 0.04012276791036129
Latency: 0.04110927600413561
Latency: 0.04274514899589121
Latency: 0.046267279889434576
Latency: 0.04479539510793984
Latency: 0.04682695399969816
Latency: 0.04321149596944451
Latency: 0.04253098298795521
Latency: 0.039247215958312154
Latency: 0.0415354089345783
Latency: 0.04417033912613988
Latency: 0.04487032303586602
Latency: 0.04845143901184201
Latency: 0.04916896182112396
Latency: 0.041623055934906006
Latency: 0.04103332501836121
Latency: 0.042139828903600574
Latency: 0.04295515618287027
Latency: 0.0469449230004102
Latency: 0.046420527854934335
Latency: 0.04652427788823843
Latency: 0.048132813069969416
Latency: 0.03896961291320622
Latency: 0.04378366703167558
Latency: 0.03738550399430096
Latency: 0.039258856093510985
Latency: 0.0433202360291034
Latency: 0.04443112690933049
Latency: 0.043747218092903495
Latency: 0.041336626978591084
Latency: 0.04229962709359825
Latency: 0.041246913839131594
Latency: 0.04283309611491859
Latency: 0.04461044888012111
Latency: 0.043184356065467
Latency: 0.04443984595127404
Latency: 0.04582448396831751
Latency: 0.04377042897976935
Latency: 0.04227505694143474
Latency: 0.04271969012916088
Latency: 0.04271244304254651
Latency: 0.044108477886766195
Latency: 0.04576346999965608
Latency: 0.044640672858804464
Latency: 0.043187160044908524
Latency: 0.04098769696429372
Latency: 0.04748684307560325
Latency: 0.044403070118278265
Latency: 0.04491093708202243
Latency: 0.04897878598421812
Latency: 0.048825484002009034
Latency: 0.04933013487607241
Latency: 0.05183112411759794
Latency: 0.04991974402219057
Latency: 0.05151640297845006
Latency: 0.0405650120228529
Latency: 0.041427904041484
Latency: 0.04453182406723499
Latency: 0.04472612706013024
Latency: 0.04355187714099884
Latency: 0.04355352115817368
Latency: 0.043488768860697746
Latency: 0.04447373910807073
Latency: 0.04336208989843726
Latency: 0.04142798716202378
Latency: 0.04416873608715832
Latency: 0.040471012936905026
Latency: 0.04005424096249044
Latency: 0.04003105708397925
Latency: 0.04473714507184923
Latency: 0.04136298014782369
Latency: 0.04159977822564542
Latency: 0.041904529090970755
Latency: 0.044423511950299144
Latency: 0.041482541942968965
Latency: 0.042954887030646205
Latency: 0.04602349805645645
Latency: 0.04307381506077945
Latency: 0.040721960132941604
Latency: 0.039428346091881394
Latency: 0.04124168585985899
Latency: 0.045332656940445304
Latency: 0.040724775986745954
Latency: 0.07355955988168716
Latency: 0.07372371014207602
Latency: 0.07434686413034797
Latency: 0.06955420202575624
Latency: 0.07045446103438735
Latency: 0.07175892707891762
Latency: 0.0368514449801296
Latency: 0.041835113894194365
Latency: 0.033958724001422524
Latency: 0.03951966296881437
Latency: 0.04116721288301051
Latency: 0.04354861285537481
Latency: 0.04038142482750118
Latency: 0.045603686943650246
Latency: 0.04286991385743022
Latency: 0.045128436060622334
Latency: 0.03878508205525577
Latency: 0.03746898798272014
Latency: 0.04253967897966504
Latency: 0.04492751811631024
Latency: 0.03556100116111338
Latency: 0.04092306992970407
Latency: 0.0450446680188179
Latency: 0.04604959092102945
Latency: 0.03859173506498337
Latency: 0.03864506911486387
Latency: 0.0422105819452554
Latency: 0.045123684918507934
Latency: 0.03568878001533449
Latency: 0.038798811845481396
Latency: 0.04151729214936495
Latency: 0.04574451199732721
Latency: 0.03642743290401995
Latency: 0.0382678690366447
Latency: 0.04375031287781894
Latency: 0.048911391058936715
Latency: 0.03956784005276859
Latency: 0.039247546112164855
Latency: 0.0429795840755105
Latency: 0.043736028019338846
Latency: 0.03695320012047887
Latency: 0.03941207192838192
Latency: 0.043529378017410636
Latency: 0.045963219134137034
Latency: 0.03756514796987176
Latency: 0.039276489056646824
Latency: 0.04076253995299339
Latency: 0.04563299100846052
Latency: 0.03699995903298259
Latency: 0.0375530191231519
Latency: 0.04101621313020587
Latency: 0.043822052888572216
Latency: 0.038115554954856634
Latency: 0.039162277011200786
Latency: 0.04136376501992345
Latency: 0.04469313193112612
Latency: 0.03721481002867222
Latency: 0.03869962505996227
Latency: 0.04320911318063736
Latency: 0.04662968195043504
Latency: 0.0399580339435488
Latency: 0.04013947490602732
Latency: 0.039635693188756704
Latency: 0.04556620493531227
Latency: 0.03728037187829614
Latency: 0.04385699285194278
Latency: 0.04510238906368613
Latency: 0.04455988481640816
Latency: 0.03967975894920528
Latency: 0.04347206302918494
Latency: 0.04352038796059787
Latency: 0.04358265013433993
Latency: 0.038322089007124305
Latency: 0.04220453882589936
Latency: 0.04365748190321028
Latency: 0.04438363597728312
Latency: 0.04280573106370866
Latency: 0.039336704881861806
Latency: 0.04049798520281911
Latency: 0.04401889396831393
Latency: 0.036940647987648845
Latency: 0.04034970607608557
Latency: 0.041941703064367175
Latency: 0.04332776088267565
Latency: 0.04313492402434349
Latency: 0.03972386312671006
Latency: 0.04321556189097464
Latency: 0.04527980997227132
Latency: 0.03881562198512256
Latency: 0.0418549869209528
Latency: 0.04398786905221641
Latency: 0.04544170992448926
Latency: 0.04072180297225714
Latency: 0.03867500298656523
Latency: 0.04239895706996322
Latency: 0.044660559855401516
Latency: 0.03679507807828486
Latency: 0.039048036094754934
Latency: 0.0426064389757812
Latency: 0.04800436901859939
Latency: 0.03904620581306517
Latency: 0.04218098195269704
Latency: 0.040836777072399855
Latency: 0.04324737889692187
Latency: 0.033046321012079716
Latency: 0.03938414994627237
Latency: 0.04050199803896248
Latency: 0.05465139797888696
Latency: 0.05097290896810591
Latency: 0.046873535960912704
Latency: 0.05234315013512969
Latency: 0.049744082847610116
Latency: 0.04934549215249717
Latency: 0.038042837055400014
Latency: 0.04481006902642548
Latency: 0.040140512865036726
Latency: 0.04169736499898136
Latency: 0.04424682795070112
Latency: 0.046270933002233505
Latency: 0.045506090857088566
Latency: 0.07234662491828203
Latency: 0.07083483994938433
Latency: 0.07430217997170985
Latency: 0.07143802382051945
Latency: 0.06950586009770632
Latency: 0.03981725522316992
Latency: 0.04133114404976368
Latency: 0.04380084597505629
Latency: 0.04006646084599197
Latency: 0.04028778779320419
Latency: 0.04287205100990832
Latency: 0.04343202500604093
Latency: 0.041364957112818956
Latency: 0.04510153294540942
Latency: 0.04214487713761628
Latency: 0.04423579713329673
Latency: 0.044226825004443526
Latency: 0.04323726100847125
Latency: 0.04412262118421495
Latency: 0.04232301516458392
Latency: 0.04374441807158291
Latency: 0.04194667190313339
Latency: 0.044948057970032096
Latency: 0.04124808497726917
Latency: 0.04345019208267331
Latency: 0.039116039872169495
Latency: 0.038506932090967894
Latency: 0.03940537013113499
Latency: 0.040804120944812894
Latency: 0.04315680800937116
Latency: 0.04579168907366693
Latency: 0.043411018094047904
Latency: 0.042729110922664404
Latency: 0.04215588583610952
Latency: 0.038930583046749234
Latency: 0.03987273806706071
Latency: 0.04221997200511396
Latency: 0.04354394297115505
Latency: 0.04426308604888618
Latency: 0.04308572085574269
Latency: 0.04292065603658557
Latency: 0.04435300291515887
Latency: 0.03910544398240745
Latency: 0.040632040007039905
Latency: 0.043680026195943356
Latency: 0.04654201492667198
Latency: 0.044690456008538604
Latency: 0.04314687615260482
Latency: 0.04236631793901324
Latency: 0.04291509999893606
Latency: 0.04156909906305373
Latency: 0.041355849942192435
Latency: 0.04350124509073794
Latency: 0.045566755114123225
Latency: 0.04480708111077547
Latency: 0.04273512912914157
Latency: 0.043245306937024
Latency: 0.04190142103470862
Latency: 0.04150161799043417
Latency: 0.03940567094832659
Latency: 0.041809687158092856
Latency: 0.04465034184977412
Latency: 0.045147808035835624
Latency: 0.0433306850027293
Latency: 0.04049714910797775
Latency: 0.04238433018326759
Latency: 0.04143360001035035
Latency: 0.04319999902509153
Latency: 0.04498735908418894
Latency: 0.044019096065312624
Latency: 0.04174102214165032
Latency: 0.0399920791387558
Latency: 0.042070415103808045
Latency: 0.041701501002535224
Latency: 0.036524690920487046
Latency: 0.041222441010177135
Latency: 0.046442961087450385
Latency: 0.04044839204289019
Latency: 0.043604981154203415
Latency: 0.0399987727869302
Latency: 0.040787543170154095
Latency: 0.04292958998121321
Latency: 0.04127019690349698
Latency: 0.039212757954373956
Latency: 0.03980343812145293
Latency: 0.042078092927113175
Latency: 0.04325343994423747
Latency: 0.03893099189735949
Latency: 0.04247469804249704
Latency: 0.045575883937999606
Latency: 0.037260235054418445
Latency: 0.0403178830165416
Latency: 0.041773115983232856
Latency: 0.04185266885906458
Latency: 0.04254383500665426
Latency: 0.042546013835817575
Latency: 0.0418066771235317
Latency: 0.04477527900598943
Latency: 0.0375520889647305
Latency: 0.03901682188734412
Latency: 0.042446293868124485
Latency: 0.045223204884678125
Latency: 0.042304288828745484
Latency: 0.042366667184978724
Latency: 0.0404410099145025
Latency: 0.04412535880692303
Latency: 0.04257461987435818
Latency: 0.04396025789901614
Latency: 0.04126487206667662
Latency: 0.04352725902572274
Latency: 0.040833260864019394
Latency: 0.042612903052940965
Latency: 0.04382780287414789
Latency: 0.04453695495612919
Latency: 0.043053245171904564
Latency: 0.04441042500548065
Latency: 0.03935670107603073
Latency: 0.074341821949929
Latency: 0.07307908707298338
Latency: 0.0745196130592376
Latency: 0.07601238810457289
Latency: 0.07632207102142274
Latency: 0.0431162400636822
Latency: 0.04565961705520749
Latency: 0.04644260602071881
Latency: 0.044851436046883464
Latency: 0.046381802996620536
Latency: 0.04728729394264519
Latency: 0.04935106891207397
Latency: 0.046146736945956945
Latency: 0.04547531995922327
Latency: 0.046360825188457966
Latency: 0.04633615701459348
Latency: 0.04835759592242539
Latency: 0.04850044217891991
Latency: 0.04388728505000472
Latency: 0.04596973187290132
Latency: 0.04634573799557984
Latency: 0.041839833837002516
Latency: 0.04414274194277823
Latency: 0.04723768401890993
Latency: 0.04473290708847344
Latency: 0.04134314297698438
Latency: 0.04269061191007495
Latency: 0.0490012161899358
Latency: 0.04895410989411175
Latency: 0.04062964813783765
Latency: 0.04017401090823114
Latency: 0.04288897104561329
Latency: 0.042685385094955564
Latency: 0.04087475105188787
Latency: 0.04347164509817958
Latency: 0.04171534115448594
Latency: 0.04467921913601458
Latency: 0.038794249994680285
Latency: 0.040546839125454426
Latency: 0.04299771785736084
Latency: 0.03872084803879261
Latency: 0.03837981098331511
Latency: 0.03993345517665148
Latency: 0.04441803111694753
Latency: 0.047578766010701656
Latency: 0.03661501198075712
Latency: 0.04223315301351249
Latency: 0.04376011621206999
Latency: 0.040352295152843
Latency: 0.03812878578901291
Latency: 0.03957322100177407
Latency: 0.041136807994917035
Latency: 0.04456755006685853
Latency: 0.03658364713191986
Latency: 0.04197610286064446
Latency: 0.0454319161362946
Latency: 0.04011255200020969
Latency: 0.04079604800790548
Latency: 0.0423847739584744
Latency: 0.046772720059379935
Latency: 0.045495901023969054
Latency: 0.04002443910576403
Latency: 0.04069814505055547
Latency: 0.042339876061305404
Latency: 0.038763158954679966
Latency: 0.03985980409197509
Latency: 0.041276011848822236
Latency: 0.04580901190638542
Latency: 0.0466111630667001
Latency: 0.03541409713216126
Latency: 0.043553652008995414
Latency: 0.04313028510659933
Latency: 0.03543443791568279
Latency: 0.03449945501051843
Latency: 0.040843192022293806
Latency: 0.04260221705771983
Latency: 0.046002992894500494
Latency: 0.035535543225705624
Latency: 0.04179705702699721
Latency: 0.041907394072040915
Latency: 0.03567568794824183
Latency: 0.03752250503748655
Latency: 0.03807280492037535
Latency: 0.04262631805613637
Latency: 0.0463007939979434
Latency: 0.03899163496680558
Latency: 0.04085534601472318
Latency: 0.046772636007517576
Latency: 0.03594933496788144
Latency: 0.037251899018883705
Latency: 0.03873048513196409
Latency: 0.04381234315223992
Latency: 0.046787922037765384
Latency: 0.03612668300047517
Latency: 0.03898731106892228
Latency: 0.04583747498691082
Latency: 0.0387247649487108
Latency: 0.041416950058192015
Latency: 0.04313995502889156
Latency: 0.04327767598442733
Latency: 0.04679600312374532
Latency: 0.037109444150701165
Latency: 0.04126362595707178
Latency: 0.04444869398139417
Latency: 0.040092956041917205
Latency: 0.04094539606012404
Latency: 0.0425016398075968
Latency: 0.04410703596659005
Latency: 0.04728012392297387
Latency: 0.03922230890020728
Latency: 0.0401354068890214
Latency: 0.043006901163607836
Latency: 0.04020540788769722
Latency: 0.041156835155561566
Latency: 0.04204201209358871
Latency: 0.04558753198944032
Latency: 0.04295395687222481
Latency: 0.0416688472032547
Latency: 0.043060665018856525
Latency: 0.07071274006739259
Latency: 0.0713068600744009
Latency: 0.07220152183435857
Latency: 0.07402199204079807
Latency: 0.07518618600443006
Latency: 0.0747316658962518
Latency: 0.040064027067273855
Latency: 0.04036714602261782
Latency: 0.040020092856138945
Latency: 0.043322499142959714
Latency: 0.04195592715404928
Latency: 0.04192090313881636
Latency: 0.045220135943964124
Latency: 0.04075969010591507
Latency: 0.044756471179425716
Latency: 0.04621486319229007
Latency: 0.03926663310267031
Latency: 0.04098531906493008
Latency: 0.04295545700006187
Latency: 0.04329514899291098
Latency: 0.03873659810051322
Latency: 0.04424878698773682
Latency: 0.03983995015732944
Latency: 0.04389112698845565
Latency: 0.03849993413314223
Latency: 0.04262723308056593
Latency: 0.03753898688592017
Latency: 0.04258739692158997
Latency: 0.04228720790706575
Latency: 0.044130598893389106
Latency: 0.04075655713677406
Latency: 0.04082572506740689
Latency: 0.044144293991848826
Latency: 0.040868873009458184
Latency: 0.039075555047020316
Latency: 0.04423495219089091
Latency: 0.042468901025131345
Latency: 0.04349296516738832
Latency: 0.03921275702305138
Latency: 0.0432904870249331
Latency: 0.04299515695311129
Latency: 0.04059910704381764
Latency: 0.042986464919522405
Latency: 0.03790615405887365
Latency: 0.03997436189092696
Latency: 0.041549373883754015
Latency: 0.043247208930552006
Latency: 0.045008647022768855
Latency: 0.04361723898909986
Latency: 0.03910622699186206
Latency: 0.04104648483917117
Latency: 0.04344412591308355
Latency: 0.04362444393336773
Latency: 0.03918423387221992
Latency: 0.0396045062225312
Latency: 0.0451300130225718
Latency: 0.04688965110108256
Latency: 0.03843618300743401
Latency: 0.03717705700546503
Latency: 0.04237364209257066
Latency: 0.04415081301704049
Latency: 0.036864212015643716
Latency: 0.038932021940127015
Latency: 0.044354632031172514
Latency: 0.04676448507234454
Latency: 0.03886024188250303
Latency: 0.042706104926764965
Latency: 0.04210455110296607
Latency: 0.04429253609851003
Latency: 0.03740247501991689
Latency: 0.041828376008197665
Latency: 0.04297250718809664
Latency: 0.0446293018758297
Latency: 0.041672563180327415
Latency: 0.039759478997439146
Latency: 0.04402956902049482
Latency: 0.045492126140743494
Latency: 0.04123140498995781
Latency: 0.04270461294800043
Latency: 0.04384232102893293
Latency: 0.044351750053465366
Latency: 0.04193538590334356
Latency: 0.041283268947154284
Latency: 0.04167088191024959
Latency: 0.04321022401563823
Latency: 0.03934173798188567
Latency: 0.040033614030107856
Latency: 0.04279602086171508
Latency: 0.045411966973915696
Latency: 0.04242746392264962
Latency: 0.04076418909244239
Latency: 0.04092483897693455
Latency: 0.04187864903360605
Latency: 0.03843665309250355
Latency: 0.04053653101436794
Latency: 0.040973589988425374
Latency: 0.04353052796795964
Latency: 0.04380807396955788
Latency: 0.03801565710455179
Latency: 0.04160932311788201
Latency: 0.045051028952002525
Latency: 0.038110935827717185
Latency: 0.0403401420917362
Latency: 0.042995547875761986
Latency: 0.04410380613990128
Latency: 0.0431079319678247
Latency: 0.042033337987959385
Latency: 0.040420271921902895
Latency: 0.04375344095751643
Latency: 0.04229111899621785
Latency: 0.0399105679243803
Latency: 0.04126352095045149
Latency: 0.044041696935892105
Latency: 0.04518037592060864
Latency: 0.04087266884744167
Latency: 0.03825836000032723
Latency: 0.04348614881746471
Latency: 0.0688825179822743
Latency: 0.07169737806543708
Latency: 0.07330371299758554
Latency: 0.07452970906160772
Latency: 0.0750245451927185
Latency: 0.0741843159776181
Latency: 0.06881470908410847
Latency: 0.042791142128407955
Latency: 0.03666871483437717
Latency: 0.039955266984179616
Latency: 0.043885559076443315
Latency: 0.04597944999113679
Latency: 0.04312661592848599
Latency: 0.03879816806875169
Latency: 0.04215517593547702
Latency: 0.045053382171317935
Latency: 0.03755827201530337
Latency: 0.039749359944835305
Latency: 0.04321504104882479
Latency: 0.0433306391350925
Latency: 0.04299407498911023
Latency: 0.04059501807205379
Latency: 0.042828010860830545
Latency: 0.04516999609768391
Latency: 0.037223194958642125
Latency: 0.040212251944467425
Latency: 0.04169764695689082
Latency: 0.04565365891903639
Latency: 0.04051689198240638
Latency: 0.0425554858520627
Latency: 0.04361781710758805
Latency: 0.04006398282945156
Latency: 0.04032214288599789
Latency: 0.042731988010928035
Latency: 0.03968705702573061
Latency: 0.04585356405004859
Latency: 0.03900634218007326
Latency: 0.04196883202530444
Latency: 0.042066380148753524
Latency: 0.04211213206872344
Latency: 0.04212318500503898
Latency: 0.043247004970908165
Latency: 0.04176534991711378
Latency: 0.042507053120061755
Latency: 0.044259361922740936
Latency: 0.040568886091932654
Latency: 0.04171383613720536
Latency: 0.043726720148697495
Latency: 0.040243093855679035
Latency: 0.03818700695410371
Latency: 0.04006601497530937
Latency: 0.04068068088963628
Latency: 0.04362648492679
Latency: 0.04165859497152269
Latency: 0.044018091866746545
Latency: 0.04278882103972137
Latency: 0.04286050098016858
Latency: 0.03977874503470957
Latency: 0.04262186796404421
Latency: 0.04299917700700462
Latency: 0.04404603620059788
Latency: 0.04076287895441055
Latency: 0.04269724292680621
Latency: 0.04021489410661161
Latency: 0.039995463099330664
Latency: 0.039615617133677006
Latency: 0.04320539813488722
Latency: 0.042369961040094495
Latency: 0.043424657080322504
Latency: 0.04341633780859411
Latency: 0.042958809062838554
Latency: 0.04157933103851974
Latency: 0.042230993043631315
Latency: 0.03823150903917849
Latency: 0.0421021559741348
Latency: 0.0428985171020031
Latency: 0.04375826893374324
Latency: 0.04429371212609112
Latency: 0.04247215297073126
Latency: 0.04302563611418009
Latency: 0.04035802488215268
Latency: 0.041277753887698054
Latency: 0.04273460293188691
Latency: 0.046437019016593695
Latency: 0.04271678812801838
Latency: 0.043595981085672975
Latency: 0.04239256912842393
Latency: 0.04264466091990471
Latency: 0.039084251038730145
Latency: 0.04217663500458002
Latency: 0.043999251909554005
Latency: 0.04103408404625952
Latency: 0.04388638003729284
Latency: 0.0439619820099324
Latency: 0.037919849855825305
Latency: 0.04436102695763111
Latency: 0.04456178192049265
Latency: 0.04025852517224848
Latency: 0.041083098854869604
Latency: 0.0440404808614403
Latency: 0.04302513902075589
Latency: 0.044834187952801585
Latency: 0.04051372711546719
Latency: 0.043336168862879276
Latency: 0.04283227305859327
Latency: 0.03956267097964883
Latency: 0.0416315239854157
Latency: 0.04492297908291221
Latency: 0.03876813198439777
Latency: 0.04053964000195265
Latency: 0.04295619600452483
Latency: 0.044477971037849784
Latency: 0.040881057968363166
Latency: 0.04193689092062414
Latency: 0.04250207310542464
Latency: 0.04366035293787718
Latency: 0.03851819597184658
Latency: 0.04133090702816844
Latency: 0.042216822039335966
Latency: 0.042345247929915786
Latency: 0.04201703402213752
Latency: 0.03937050700187683
Latency: 0.041300781071186066
Latency: 0.07595075014978647
Latency: 0.07688038307242095
Latency: 0.07363854697905481
Latency: 0.0744001988787204
Latency: 0.07493017800152302
Latency: 0.042581299087032676
Latency: 0.04199111391790211
Latency: 0.04154639597982168
Latency: 0.04172854800708592
Latency: 0.040040927939116955
Latency: 0.03975922288373113
Latency: 0.04260218795388937
Latency: 0.04501537303440273
Latency: 0.036955276038497686
Latency: 0.04152520187199116
Latency: 0.04369526403024793
Latency: 0.04456118796952069
Latency: 0.0420871670357883
Latency: 0.0412181590218097
Latency: 0.04325838014483452
Latency: 0.04707406903617084
Latency: 0.03962205094285309
Latency: 0.04104066197760403
Latency: 0.04344736901111901
Latency: 0.04171160492114723
Latency: 0.040156947914510965
Latency: 0.04229560005478561
Latency: 0.04561814689077437
Latency: 0.03939485806040466
Latency: 0.039685993921011686
Latency: 0.042345560155808926
Latency: 0.04465597704984248
Latency: 0.04507243190892041
Latency: 0.04191832710057497
Latency: 0.04258445790037513
Latency: 0.04527700389735401
Latency: 0.038562883855775
Latency: 0.039137777173891664
Latency: 0.04323915112763643
Latency: 0.04438003804534674
Latency: 0.04380738502368331
Latency: 0.0446842520032078
Latency: 0.04400588502176106
Latency: 0.04525838908739388
Latency: 0.0429611389990896
Latency: 0.04411031189374626
Latency: 0.04237911500968039
Latency: 0.041373821906745434
Latency: 0.03923735395073891
Latency: 0.03800841304473579
Latency: 0.042166189989075065
Latency: 0.04243583302013576
Latency: 0.04470274690538645
Latency: 0.03918885299935937
Latency: 0.04383223410695791
Latency: 0.04403109708800912
Latency: 0.043342401972040534
Latency: 0.04218539805151522
Latency: 0.043026800034567714
Latency: 0.04361287294887006
Latency: 0.0449017861392349
Latency: 0.03936435701325536
Latency: 0.04271686915308237
Latency: 0.042171582113951445
Latency: 0.0421116859652102
Latency: 0.038455368019640446
Latency: 0.040382209001109004
Latency: 0.04408223694190383
Latency: 0.04449512902647257
Latency: 0.0404839098919183
Latency: 0.04194929311051965
Latency: 0.04264445509761572
Latency: 0.042954862117767334
Latency: 0.042990028159692883
Latency: 0.04205863201059401
Latency: 0.04540110402740538
Latency: 0.0452520209364593
Latency: 0.04438952403143048
Latency: 0.04155962308868766
Latency: 0.04280917998403311
Latency: 0.041404122952371836
Latency: 0.042693960946053267
Latency: 0.043856835924088955
Latency: 0.04259396903216839
Latency: 0.04618671303614974
Latency: 0.03740878379903734
Latency: 0.03747086809016764
Latency: 0.04430631594732404
Latency: 0.04057396505959332
Latency: 0.040121762081980705
Latency: 0.044396738056093454
Latency: 0.045423952862620354
Latency: 0.042083799839019775
Latency: 0.03904283791780472
Latency: 0.0404057081323117
Latency: 0.04101603291928768
Latency: 0.03970749699510634
Latency: 0.04057103302329779
Latency: 0.04199403501115739
Latency: 0.04700527200475335
Latency: 0.04344635014422238
Latency: 0.03992247907444835
Latency: 0.04177729110233486
Latency: 0.04288801993243396
Latency: 0.041996804997324944
Latency: 0.0433535969350487
Latency: 0.04673478612676263
Latency: 0.04035588703118265
Latency: 0.04153048503212631
Latency: 0.04142390191555023
Latency: 0.04320329613983631
Latency: 0.041068342979997396
Latency: 0.03678235108964145
Latency: 0.04081241483800113
Latency: 0.04329848103225231
Latency: 0.0440202250611037
Latency: 0.0427852189168334
Latency: 0.04251796402968466
Latency: 0.04298586095683277
Latency: 0.040263500064611435
Latency: 0.06764166615903378
Latency: 0.06925331498496234
Latency: 0.07362160691991448
Latency: 0.07458770996890962
Latency: 0.07640316803008318
Latency: 0.03909717220813036
Latency: 0.04214551323093474
Latency: 0.043260629987344146
Latency: 0.042234818916767836
Latency: 0.0393411370459944
Latency: 0.043833121890202165
Latency: 0.04041632707230747
Latency: 0.04264798783697188
Latency: 0.039453897858038545
Latency: 0.045451808953657746
Latency: 0.04218281107023358
Latency: 0.03622188698500395
Latency: 0.04061119211837649
Latency: 0.0460284180007875
Latency: 0.04486385197378695
Latency: 0.045229431008920074
Latency: 0.040181057062000036
Latency: 0.039545037085190415
Latency: 0.04238624405115843
Latency: 0.043398926965892315
Latency: 0.041206385008990765
Latency: 0.04378166701644659
Latency: 0.0454443721100688
Latency: 0.04454525001347065
Latency: 0.04135461593978107
Latency: 0.041432122932747006
Latency: 0.04277866892516613
Latency: 0.03561359317973256
Latency: 0.03760358504951
Latency: 0.040536149172112346
Latency: 0.04183378699235618
Latency: 0.04591812286525965
Latency: 0.040961805963888764
Latency: 0.04192748502828181
Latency: 0.04469944699667394
Latency: 0.03799443389289081
Latency: 0.03912573819980025
Latency: 0.0434075859375298
Latency: 0.04587472998537123
Latency: 0.04478520108386874
Latency: 0.041488236049190164
Latency: 0.04254778893664479
Latency: 0.04541717399843037
Latency: 0.037928940961137414
Latency: 0.03824293985962868
Latency: 0.0396443591453135
Latency: 0.04117696615867317
Latency: 0.04569586995057762
Latency: 0.03623756114393473
Latency: 0.03754997183568776
Latency: 0.04390402510762215
Latency: 0.03867522696964443
Latency: 0.037727853981778026
Latency: 0.038799579022452235
Latency: 0.040971438866108656
Latency: 0.047114392975345254
Latency: 0.03445165394805372
Latency: 0.038565119029954076
Latency: 0.04642733302898705
Latency: 0.04019659198820591
Latency: 0.04081217385828495
Latency: 0.042210425017401576
Latency: 0.044684875989332795
Latency: 0.03923156508244574
Latency: 0.038403109880164266
Latency: 0.039342124946415424
Latency: 0.04091113619506359
Latency: 0.04095886088907719
Latency: 0.041416579857468605
Latency: 0.04396213684231043
Latency: 0.04249803791753948
Latency: 0.03908628295175731
Latency: 0.041925769997760653
Latency: 0.04326787986792624
Latency: 0.04143599304370582
Latency: 0.03698174515739083
Latency: 0.03836476500146091
Latency: 0.03946420783177018
Latency: 0.042280750116333365
Latency: 0.0433602340053767
Latency: 0.037318966118618846
Latency: 0.04422057303600013
Latency: 0.04519151500426233
Latency: 0.03754650289192796
Latency: 0.039965911069884896
Latency: 0.04354262095876038
Latency: 0.04336933512240648
Latency: 0.04151259013451636
Latency: 0.037275960901752114
Latency: 0.04491711803711951
Latency: 0.043977294117212296
Latency: 0.037668039789423347
Latency: 0.03906237194314599
Latency: 0.03944755811244249
Latency: 0.04134375904686749
Latency: 0.048998945159837604
Latency: 0.035334965912625194
Latency: 0.04103536298498511
Latency: 0.04408367699943483
Latency: 0.0371217499487102
Latency: 0.03856533393263817
Latency: 0.04055912303738296
Latency: 0.04472693405114114
Latency: 0.04869979387149215
Latency: 0.05177505686879158
Latency: 0.05278504895977676
Latency: 0.04884184990078211
Latency: 0.045293723000213504
Latency: 0.04670106084086001
Latency: 0.04390615806914866
Latency: 0.0461970039177686
