Latency: 0.9236306129023433
Latency: 0.9304267640691251
Latency: 0.9323082638438791
Latency: 0.934903436107561
Latency: 0.813649320974946
Latency: 0.8292361060157418
Latency: 0.819231104105711
Latency: 0.8264714279212058
Latency: 0.8239723560400307
Latency: 0.8265575191471726
Latency: 0.8290743599645793
Latency: 0.834610627964139
Latency: 0.8156615030020475
Latency: 0.829253566917032
Latency: 0.8209418139886111
Latency: 0.8300432038959116
Latency: 0.8260870729573071
Latency: 0.8305279458872974
Latency: 0.8311927921604365
Latency: 0.8342884911689907
Latency: 0.8232041501905769
Latency: 0.822557226056233
Latency: 0.8275332280900329
Latency: 0.821452226024121
Latency: 0.8150873901322484
Latency: 0.8410866281483322
Latency: 0.8140578889288008
Latency: 0.8401074770372361
Latency: 0.8216893600765616
Latency: 0.8268837428186089
Latency: 0.8255967230070382
Latency: 0.8296116618439555
Latency: 0.8169534909538925
Latency: 0.832657904131338
Latency: 0.8430444928817451
Latency: 0.8306416349951178
Latency: 0.8224429921247065
Latency: 0.8290713389869779
Latency: 0.8137845310848206
Latency: 0.820987727958709
Latency: 0.8204836898948997
Latency: 0.83586311689578
Latency: 0.8413451930973679
Latency: 0.8359457030892372
Latency: 0.8343468089587986
Latency: 0.8279237891547382
Latency: 0.8319482700899243
Latency: 0.8345665549859405
Latency: 0.8221440038178116
Latency: 0.8218687858898193
Latency: 0.8252544610295445
Latency: 0.8359913090243936
Latency: 0.83661715593189
Latency: 0.8350262730382383
Latency: 0.8327237078920007
Latency: 0.834226060891524
Latency: 0.8305289810523391
Latency: 0.8247080449946225
Latency: 0.8336149060633034
Latency: 0.8293414351064712
Latency: 0.8311251709237695
Latency: 0.8317271999549121
Latency: 0.8399201110005379
Latency: 0.8165554369334131
Latency: 0.8323433350306004
Latency: 0.831367617007345
Latency: 0.8245120830833912
Latency: 0.8277456648647785
Latency: 0.8361278020311147
Latency: 0.8208562829531729
Latency: 0.8287989979144186
Latency: 0.8224625000730157
Latency: 0.8187263070140034
Latency: 0.8280661168973893
Latency: 0.8233106839470565
Latency: 0.8359402019996196
