Latency: 0.9330195190850645
Latency: 0.9342577569186687
Latency: 0.9233221421018243
Latency: 0.9502698599826545
Latency: 0.9595464759040624
Latency: 0.9637363089714199
Latency: 0.96639369498007
Latency: 0.9647498622070998
Latency: 0.9689599201083183
Latency: 0.966183542041108
Latency: 0.9628181110601872
Latency: 0.9618185139261186
Latency: 0.9740713469218463
Latency: 0.9732675279956311
Latency: 0.9679648170713335
Latency: 0.9775925481226295
Latency: 0.9674688188824803
Latency: 0.9755159199703485
Latency: 0.9691465320065618
Latency: 0.9759011301212013
Latency: 0.9698192500509322
Latency: 0.9834118150174618
Latency: 0.9702544831670821
Latency: 0.978706801077351
Latency: 0.979336794000119
Latency: 0.9846875420771539
Latency: 0.9813042148016393
Latency: 0.9852698668837547
Latency: 0.9738555171061307
Latency: 0.9717908781021833
Latency: 0.9764988508541137
Latency: 0.9852807768620551
Latency: 0.9795340620912611
Latency: 1.009327779058367
Latency: 1.012605493888259
Latency: 1.0151044228114188
Latency: 1.0139306290075183
Latency: 1.0188833670690656
Latency: 1.0162798129022121
Latency: 1.0332920961081982
Latency: 1.0171255820896477
Latency: 1.0293707591481507
Latency: 1.0201483860146254
Latency: 1.0318925858009607
Latency: 1.0274130760226399
Latency: 1.0365103441290557
Latency: 1.0360953260678798
Latency: 1.0278891639318317
Latency: 1.0306431259959936
Latency: 1.0304398690350354
Latency: 1.0312646119855344
Latency: 1.0296574051026255
Latency: 1.024778526974842
Latency: 1.0387914311140776
Latency: 1.0351455591153353
Latency: 1.0301449249964207
Latency: 1.041098615853116
Latency: 1.0371669260784984
Latency: 1.032219790155068
Latency: 1.0427315700799227
Latency: 1.034212320111692
Latency: 1.0429683600086719
Latency: 1.0420546820387244
Latency: 1.0318995739798993
Latency: 0.8239998810458928
Latency: 0.828955024946481
Latency: 0.82857152284123
Latency: 0.8258764899801463
Latency: 0.8102782999631017
Latency: 0.8149708569981158
Latency: 0.8133682401385158
Latency: 0.8227186151780188
Latency: 0.8073396990075707
Latency: 0.8120925549883395
Latency: 0.8118761030491441
Latency: 0.8098764519672841
Latency: 0.8145683188922703
Latency: 0.8126132520847023
Latency: 0.8094094002153724
Latency: 0.8267525299452245
Latency: 0.8141922869253904
Latency: 0.825004150159657
Latency: 0.8223210079595447
Latency: 0.8235099571757019
Latency: 0.8147245449945331
Latency: 0.8202958758920431
Latency: 0.8347449079155922
Latency: 0.8195126850623637
Latency: 0.8201736779883504
Latency: 0.8184769740328193
Latency: 0.8196848479565233
Latency: 0.8275632630102336
Latency: 0.8240808551199734
Latency: 0.8225804900284857
Latency: 0.8205660639796406
Latency: 0.8244323139078915
Latency: 0.8247520041186363
Latency: 0.8192533098626882
Latency: 0.8202230159658939
Latency: 0.8197252082172781
Latency: 0.8294414270203561
Latency: 0.8323493208736181
Latency: 0.8259088860359043
Latency: 0.8245842140167952
Latency: 0.8196457868907601
Latency: 0.8304903800599277
Latency: 0.8288764008320868
Latency: 0.8290430339984596
Latency: 0.8304866489488631
Latency: 0.8332510811742395
Latency: 0.8332184301689267
Latency: 0.8269331129267812
Latency: 0.8430090681649745
Latency: 0.8295847489498556
Latency: 0.8326678529847413
Latency: 0.831950806081295
Latency: 0.8287359981331974
Latency: 0.8440680608619004
Latency: 0.8382035379763693
Latency: 0.8399745700880885
Latency: 0.8358507570810616
Latency: 0.8401789551135153
Latency: 0.8439325890503824
Latency: 0.8358858309220523
Latency: 0.8355736380908638
Latency: 0.8349052050616592
Latency: 0.8281200188212097
Latency: 0.8398705839645118
Latency: 0.8331913601141423
Latency: 0.8488839289639145
Latency: 0.828989792149514
Latency: 0.8482503578998148
Latency: 0.8290161129552871
Latency: 0.8253486300818622
Latency: 0.8486298189964145
Latency: 0.8368212289642543
Latency: 0.8265213300473988
Latency: 0.8333995009306818
Latency: 0.8435700938571244
Latency: 0.8228041208349168
Latency: 0.8216928911861032
Latency: 0.8250395129434764
Latency: 0.8375608630012721
Latency: 0.825935177039355
Latency: 0.8352119331248105
Latency: 0.8322735570836812
Latency: 0.8182268089149147
Latency: 0.8253623149357736
Latency: 0.833945294143632
Latency: 0.86757593578659
Latency: 0.8247916991822422
Latency: 0.8295143449213356
Latency: 0.8349940299522132
Latency: 0.8321353890933096
Latency: 0.8353411080315709
Latency: 0.8348780111409724
Latency: 0.8323741650674492
Latency: 0.8236246230080724
Latency: 0.8376697308849543
Latency: 0.833585511893034
Latency: 0.8292649898212403
Latency: 0.8258311711251736
Latency: 0.826911095995456
Latency: 0.8205299989785999
Latency: 0.8369708249811083
Latency: 0.8236030521802604
Latency: 0.8216561051085591
Latency: 0.8317385038826615
Latency: 0.8391336950007826
Latency: 0.8280284898355603
Latency: 0.8337639931123704
Latency: 0.8320584169123322
Latency: 0.8341175150126219
Latency: 0.8355472928378731
Latency: 0.8381094429641962
Latency: 0.8598581191617996
Latency: 0.8673868149053305
Latency: 0.865775692043826
Latency: 0.8690740331076086
Latency: 0.8663901370018721
Latency: 0.8668819959275424
Latency: 0.8735915198922157
Latency: 0.8720838841982186
Latency: 0.8688313451129943
Latency: 0.8743230469990522
Latency: 0.8765577629674226
Latency: 0.8695507219526917
Latency: 0.8768096501007676
Latency: 0.8700448030140251
Latency: 0.8735060589388013
Latency: 0.8749056658707559
Latency: 0.875307563925162
Latency: 0.8036584078799933
Latency: 0.8164512149523944
Latency: 0.8338508140295744
Latency: 0.8319634320214391
Latency: 0.8245244869031012
Latency: 0.8216999960131943
Latency: 0.8272837998811156
Latency: 0.8314520779531449
Latency: 0.8334557579364628
Latency: 0.841821582056582
Latency: 0.8390442188829184
Latency: 0.8340191659517586
Latency: 0.8435637168586254
Latency: 0.8448482239618897
Latency: 0.844568369910121
Latency: 0.8418687330558896
Latency: 0.8433396271429956
Latency: 0.8447238730732352
Latency: 0.8402830390259624
Latency: 0.8442725669592619
Latency: 0.841594132129103
Latency: 0.8512927379924804
Latency: 0.853091447846964
Latency: 0.8446417190134525
Latency: 0.8214861550368369
Latency: 0.8424532860517502
Latency: 0.8520030679646879
Latency: 0.8461475789081305
Latency: 0.8520267640706152
Latency: 0.8470988478511572
Latency: 0.8494166759774089
Latency: 0.8450518569443375
Latency: 0.8362635041121393
Latency: 0.8106240071356297
Latency: 0.86019576783292
Latency: 0.8486475991085172
Latency: 0.8498174441047013
Latency: 0.817198044853285
Latency: 0.8083616148214787
Latency: 0.8478619770612568
Latency: 0.8230942341033369
Latency: 0.8338785760570318
Latency: 0.8183514149859548
Latency: 0.818174293031916
Latency: 0.8174559599719942
Latency: 0.8112123480532318
Latency: 0.819841407937929
Latency: 0.8248099479824305
Latency: 0.8263380778953433
Latency: 0.8304286010097712
Latency: 0.8290145960636437
Latency: 0.8360219839960337
Latency: 0.8489352371543646
Latency: 0.8435197060462087
Latency: 0.8395238679368049
Latency: 0.8410781100392342
Latency: 0.8408813229762018
Latency: 0.8401025291532278
Latency: 0.838139011990279
Latency: 0.8401904250495136
Latency: 0.8434678211342543
Latency: 0.8396422490477562
Latency: 0.8456902839243412
Latency: 0.8453864648472518
Latency: 0.8104943330399692
Latency: 0.8374981989618391
Latency: 0.8350840681232512
Latency: 0.8334655780345201
Latency: 0.8051063790917397
Latency: 0.8174436518456787
Latency: 0.8460480738431215
Latency: 0.8264643989969045
Latency: 0.8347527070436627
Latency: 0.8372040379326791
Latency: 0.8126749019138515
Latency: 0.8264512638561428
Latency: 0.8254688121378422
Latency: 0.8294619829393923
Latency: 0.818510390818119
Latency: 0.8246943198610097
Latency: 0.8263207150157541
Latency: 0.8177517962176353
Latency: 0.8206472669262439
Latency: 0.8163362299092114
Latency: 0.8203742089681327
Latency: 0.8145850750152022
Latency: 0.8239052931312472
Latency: 0.8273329969961196
Latency: 0.8262242169585079
Latency: 0.8264572711195797
Latency: 0.8248190130107105
Latency: 0.8166052079759538
Latency: 0.8251117721665651
Latency: 0.8227489860728383
Latency: 0.8263109670951962
Latency: 0.8228257158771157
Latency: 0.844040434109047
Latency: 0.8262070389464498
Latency: 0.834323724033311
Latency: 0.8288104198873043
Latency: 0.8264189108740538
Latency: 0.8293875390663743
Latency: 0.835350080858916
Latency: 0.8179047980811447
Latency: 0.826067155925557
Latency: 0.8259720669593662
Latency: 0.8277194269467145
Latency: 0.8301656309049577
Latency: 0.818328910972923
Latency: 0.8201704528182745
Latency: 0.838752742856741
Latency: 0.8333787599112839
Latency: 0.8093090530019253
Latency: 0.8300356999970973
Latency: 0.8154307650402188
Latency: 0.8117954349145293
Latency: 0.8208100660704076
Latency: 0.8171669689472765
Latency: 0.8242631610482931
Latency: 0.8162890421226621
Latency: 0.8178618769161403
Latency: 0.8212848969269544
Latency: 0.8298358230385929
Latency: 0.8303860628511757
Latency: 0.8261627431493253
Latency: 0.8260127250105143
Latency: 0.8248879660386592
Latency: 0.8319678078405559
Latency: 0.8210558041464537
Latency: 0.822307761060074
Latency: 0.8253486510366201
Latency: 0.8295871398877352
Latency: 0.8283028251025826
Latency: 0.8108523930422962
Latency: 0.8388788329903036
Latency: 0.8198577880393714
Latency: 0.8130591020453721
Latency: 0.8209637678228319
Latency: 0.8309087061788887
Latency: 0.8422891870141029
Latency: 0.8370386399328709
Latency: 0.8218686110340059
Latency: 0.8455003730487078
Latency: 0.8302436259109527
Latency: 0.8268192789983004
Latency: 0.8449273922014982
Latency: 0.8358397709671408
Latency: 0.8592165019363165
Latency: 0.8331719657871872
Latency: 0.8417908370029181
Latency: 0.8390598478727043
Latency: 0.8310422671493143
Latency: 0.8380219871178269
Latency: 0.8379004860762507
Latency: 0.8319399489555508
Latency: 0.829539213096723
Latency: 0.8268802470993251
Latency: 0.8346678970847279
Latency: 0.8385410199407488
Latency: 0.8393060369417071
Latency: 0.8376698819920421
Latency: 0.8356226631440222
Latency: 0.8398427530191839
Latency: 0.8290005729068071
Latency: 0.831999366171658
Latency: 0.8319839250762016
Latency: 0.8314704049844295
Latency: 0.8419593409635127
Latency: 0.8329181370791048
Latency: 0.8359211650677025
Latency: 0.8341226261109114
Latency: 0.8403241590131074
Latency: 0.8345087019260973
Latency: 0.8369316309690475
Latency: 0.8398189598228782
Latency: 0.8296656492166221
Latency: 0.8206881838850677
Latency: 0.8256224489305168
Latency: 0.8242720609996468
Latency: 0.8317146888002753
Latency: 0.8237495210487396
Latency: 0.8362660889979452
Latency: 0.8255920368246734
Latency: 0.8277517720125616
Latency: 0.8304820200428367
Latency: 0.8329362249933183
Latency: 0.8410429889336228
Latency: 0.8460495471954346
Latency: 0.8412234659772366
Latency: 0.8321729269810021
Latency: 0.8368500869255513
Latency: 0.8348535210825503
Latency: 0.8288755009416491
Latency: 0.8236246139276773
Latency: 0.8547778639476746
Latency: 0.8296577839646488
Latency: 0.8064636900089681
Latency: 0.8162941348273307
Latency: 0.8243641930166632
Latency: 0.8065154070500284
Latency: 0.8261323990300298
Latency: 0.8140953441616148
Latency: 0.8263268051669002
Latency: 0.8157851831056178
Latency: 0.8178579939994961
Latency: 0.8099354410078377
Latency: 0.8115784390829504
Latency: 0.8192324019037187
Latency: 0.8176328351255506
Latency: 0.81335992901586
Latency: 0.8166941190138459
Latency: 0.8175320150330663
Latency: 0.8201364460401237
Latency: 0.8256628711242229
Latency: 0.8327061338350177
Latency: 0.8237366729881614
Latency: 0.8235079869627953
Latency: 0.8263589020352811
Latency: 0.8197887949645519
Latency: 0.8296182241756469
Latency: 0.8619733729865402
Latency: 0.8636114438995719
Latency: 0.8650515801273286
Latency: 0.8679442571010441
Latency: 0.8717668820172548
Latency: 0.8725835499353707
Latency: 0.8712298478931189
Latency: 0.8687751549296081
Latency: 0.8755819059442729
Latency: 0.8750263710971922
Latency: 0.8806327739730477
Latency: 0.8755655870772898
Latency: 0.8750174308661371
Latency: 0.873759884852916
Latency: 0.877844758797437
Latency: 0.8772823389153928
Latency: 0.8805782699491829
Latency: 0.8778058369643986
Latency: 0.8290718370117247
Latency: 0.8787897420115769
Latency: 0.8183921230956912
Latency: 0.8255082392133772
Latency: 0.8109531281515956
Latency: 0.8018415148835629
Latency: 0.812946192920208
Latency: 0.8125242509413511
Latency: 0.8124766459222883
Latency: 0.8609696668572724
Latency: 0.8728782259859145
Latency: 0.8710452609229833
Latency: 0.8749516129028052
Latency: 0.8765461219009012
Latency: 0.8752699110191315
Latency: 0.8778354979585856
Latency: 0.8773492940235883
Latency: 0.8845601067878306
Latency: 0.8139268059749156
Latency: 0.8286720670294017
Latency: 0.8246752240229398
Latency: 0.8318313769996166
Latency: 0.8327423681039363
Latency: 0.8298960730899125
Latency: 0.831714227097109
Latency: 0.8204713449813426
Latency: 0.8338761769700795
Latency: 0.837454620981589
Latency: 0.8356762339826673
Latency: 0.8140784110873938
Latency: 0.8377219829708338
Latency: 0.8113043329212815
Latency: 0.8145182598382235
Latency: 0.8262911380734295
Latency: 0.8493944830261171
Latency: 0.8248683440033346
Latency: 0.8160489681176841
Latency: 0.815081442007795
Latency: 0.8210018710233271
Latency: 0.8188046258874238
Latency: 0.8206033960450441
Latency: 0.81776301888749
Latency: 0.8168505609501153
Latency: 0.818843652959913
Latency: 0.8165360540151596
Latency: 0.8244743389077485
Latency: 0.8344010410364717
Latency: 0.8282161660026759
Latency: 0.8212221150752157
Latency: 0.837007591035217
Latency: 0.8322664080187678
Latency: 0.837796495994553
Latency: 0.8238093280233443
Latency: 0.8375782601069659
Latency: 0.8317506548482925
Latency: 0.8218924230895936
Latency: 0.8254770110361278
Latency: 0.8323723138310015
Latency: 0.8345241800416261
Latency: 0.8261703760363162
Latency: 0.8354509030468762
Latency: 0.8293043519370258
Latency: 0.833022209815681
Latency: 0.8304185180459172
Latency: 0.8285405698698014
Latency: 0.8219947929028422
Latency: 0.8191192511003464
Latency: 0.835115151014179
Latency: 0.8362363299820572
Latency: 0.838359794113785
Latency: 0.8380917378235608
Latency: 0.8357600069139153
Latency: 0.8203986349981278
Latency: 0.8177500870078802
Latency: 0.8367835890967399
Latency: 0.8286978439427912
Latency: 0.8459745699074119
Latency: 0.8316083929967135
Latency: 0.8306921699550003
Latency: 0.8353368449024856
Latency: 0.8471275600604713
Latency: 0.8401812571100891
Latency: 0.8404786351602525
Latency: 0.8290547758806497
Latency: 0.8254500320181251
Latency: 0.8293935139663517
Latency: 0.8287597121670842
Latency: 0.8339009650517255
Latency: 0.8389218058437109
Latency: 0.8351832509506494
Latency: 0.8420687918551266
Latency: 0.841586722061038
Latency: 0.8407157550100237
Latency: 0.841702199075371
Latency: 0.8460263079032302
Latency: 0.8515206100419164
Latency: 0.8375748661346734
Latency: 0.8399481240194291
Latency: 0.8522001928649843
Latency: 0.8587297271005809
Latency: 0.8416995569132268
Latency: 0.8410982948262244
Latency: 0.8406934149097651
Latency: 0.8417956249322742
Latency: 0.8440589320380241
Latency: 0.8460173571947962
Latency: 0.8506221249699593
Latency: 0.8515306089539081
Latency: 0.8506166960578412
Latency: 0.8560345529112965
Latency: 0.8155222448986024
Latency: 0.8192575669381768
Latency: 0.8275195129681379
Latency: 0.8250119569711387
Latency: 0.8337487101089209
Latency: 0.8272707390133291
Latency: 0.8394200198817998
Latency: 0.832284189062193
Latency: 0.8376383320428431
Latency: 0.8294930870179087
Latency: 0.8418648580554873
Latency: 0.8282847260124981
Latency: 0.8410605578683317
Latency: 0.8398646689020097
Latency: 0.8442922520916909
Latency: 0.8369999160058796
Latency: 0.8368822548072785
Latency: 0.8350490790326148
Latency: 0.8407499368768185
Latency: 0.8418205669149756
Latency: 0.8405476119369268
Latency: 0.8500727021601051
Latency: 0.8412935291416943
Latency: 0.8471440190915018
Latency: 0.8461158710997552
Latency: 0.8458263659849763
Latency: 0.8449629780370742
Latency: 0.8273381481412798
Latency: 0.8305253619328141
Latency: 0.8378690348472446
Latency: 0.8163167659658939
Latency: 0.8395364792086184
Latency: 0.8335683129262179
Latency: 0.8369967460166663
Latency: 0.8489543530158699
Latency: 0.8423901628702879
Latency: 0.838995116064325
Latency: 0.8194891849998385
Latency: 0.8078201960306615
Latency: 0.8257889789529145
Latency: 0.8128919871523976
Latency: 0.8214516849257052
Latency: 0.8194422780070454
Latency: 0.8192605150397867
Latency: 0.8206037350464612
Latency: 0.8182662320323288
Latency: 0.8288979788776487
Latency: 0.8281032999511808
Latency: 0.8342712779995054
Latency: 0.8181132981553674
Latency: 0.8196090050041676
Latency: 0.8187973648309708
Latency: 0.8227144081611186
Latency: 0.8196044380310923
Latency: 0.8456253008916974
Latency: 0.8294036139268428
Latency: 0.8276807288639247
Latency: 0.8383470419794321
Latency: 0.8208512749988586
Latency: 0.8295962321572006
Latency: 0.8270871639251709
Latency: 0.8231752261053771
Latency: 0.8311409740708768
Latency: 0.8298372600693256
Latency: 0.8093764241784811
Latency: 0.8288991481531411
Latency: 0.8309165008831769
Latency: 0.8098354199901223
Latency: 0.8266335278749466
Latency: 0.8485690159723163
Latency: 0.8448934780899435
Latency: 0.8259958650451154
Latency: 0.8466670310590416
Latency: 0.8343803430907428
Latency: 0.855595625936985
Latency: 0.839288905961439
Latency: 0.8318995670415461
Latency: 0.8448297269642353
Latency: 0.8367282878607512
Latency: 0.8320926900487393
Latency: 0.8349408570211381
Latency: 0.8402375609148294
Latency: 0.83537980588153
Latency: 0.8373499079607427
Latency: 0.8552306331694126
Latency: 0.858284407062456
Latency: 0.8569320850074291
Latency: 0.8455078639090061
Latency: 0.8452449510805309
Latency: 0.8450615068431944
Latency: 0.8467618890572339
Latency: 0.8213611941318959
Latency: 0.8217536578886211
Latency: 0.8395361080765724
Latency: 0.8285058010369539
Latency: 0.8380117288324982
Latency: 0.8373797340318561
Latency: 0.8533270210027695
Latency: 0.8506062189117074
Latency: 0.8444050140678883
Latency: 0.8192149389069527
Latency: 0.8166947728022933
Latency: 0.8252237890847027
Latency: 0.827948119957
Latency: 0.8281029851641506
Latency: 0.8432643350679427
Latency: 0.8418279390316457
Latency: 0.8316536440979689
Latency: 0.8343722820281982
Latency: 0.824095853138715
Latency: 0.8328443330246955
Latency: 0.8385738099459559
Latency: 0.8397185951471329
Latency: 0.8372189309448004
Latency: 0.8362558861263096
Latency: 0.8378773769363761
Latency: 0.8485608820337802
Latency: 0.844209625152871
Latency: 0.8408789900131524
Latency: 0.8335828969720751
Latency: 0.8429714639205486
Latency: 0.8488939001690596
Latency: 0.8478218491654843
Latency: 0.8408691440708935
Latency: 0.842754416167736
Latency: 0.8409482031129301
Latency: 0.8423818200826645
Latency: 0.8441899120807648
Latency: 0.8201726959086955
Latency: 0.837241976056248
Latency: 0.8415672320406884
Latency: 0.838982047047466
Latency: 0.8492107579950243
Latency: 0.8200537159573287
Latency: 0.8139156871475279
Latency: 0.8241026860196143
Latency: 0.8263637500349432
Latency: 0.8295223489403725
Latency: 0.8244044848252088
Latency: 0.8183508298825473
Latency: 0.8340552349109203
Latency: 0.8322183641139418
Latency: 0.822077200980857
Latency: 0.820826489944011
Latency: 0.832329822005704
Latency: 0.8245140791404992
Latency: 0.8193333949893713
Latency: 0.8248993461020291
Latency: 0.822801202069968
Latency: 0.8324332309421152
Latency: 0.8292783368378878
Latency: 0.8271920408587903
Latency: 0.823763414984569
Latency: 0.823282462079078
Latency: 0.802517652977258
Latency: 0.8264620238915086
Latency: 0.83094064402394
Latency: 0.8413664270192385
Latency: 0.8247824218124151
Latency: 0.8476717011071742
Latency: 0.8273579368833452
Latency: 0.8221679220441729
Latency: 0.8365036759059876
Latency: 0.8321567510720342
Latency: 0.8415328979026526
Latency: 0.8329544109292328
Latency: 0.828579223016277
Latency: 0.8311004398856312
Latency: 0.8173098871484399
Latency: 0.8209507081191987
Latency: 0.8227207190357149
Latency: 0.8207427798770368
Latency: 0.82096809707582
Latency: 0.8207323579117656
Latency: 0.8287163020577282
Latency: 0.8360896881204098
Latency: 0.832540487870574
Latency: 0.8331656788941473
Latency: 0.8368391890544444
Latency: 0.8294574550818652
Latency: 0.8307092799805105
Latency: 0.8333629339467734
Latency: 0.845236255088821
Latency: 0.8315773219801486
Latency: 0.8450070701073855
Latency: 0.8316383690107614
Latency: 0.8393514030613005
Latency: 0.8404144069645554
Latency: 0.839018841041252
Latency: 0.8384834649041295
Latency: 0.836248910985887
Latency: 0.8360889570321888
Latency: 0.8442915950436145
Latency: 0.8344770050607622
Latency: 0.8258683879394084
Latency: 0.8229958429001272
Latency: 0.8369232572149485
Latency: 0.8245650168973953
Latency: 0.8361678710207343
Latency: 0.823063796851784
Latency: 0.8254089409019798
Latency: 0.8265946281608194
Latency: 0.8237510900944471
Latency: 0.8227651829365641
Latency: 0.8306567701511085
Latency: 0.8223691689781845
Latency: 0.8275624918751419
Latency: 0.8279852860141546
Latency: 0.8331710069905967
Latency: 0.8256142919417471
Latency: 0.8296278959605843
Latency: 0.8374564880505204
Latency: 0.8280625520274043
Latency: 0.8297862010076642
Latency: 0.8322237909305841
Latency: 0.8330603651702404
Latency: 0.837913032155484
Latency: 0.8439107320737094
Latency: 0.8364085799548775
Latency: 0.8438165709376335
Latency: 0.8169472881127149
Latency: 0.8458639499731362
Latency: 0.8214906030334532
Latency: 0.8415921949781477
Latency: 0.8449473208747804
Latency: 0.8289204770699143
Latency: 0.8323717240709811
Latency: 0.837047244887799
Latency: 0.8737564550247043
Latency: 0.8274961530696601
Latency: 0.840490201022476
Latency: 0.83073506411165
Latency: 0.8367437021806836
Latency: 0.8328724738676101
Latency: 0.8512877100147307
Latency: 0.8480912181548774
Latency: 0.8364727429579943
Latency: 0.8385983319021761
Latency: 0.8385470288340002
Latency: 0.8420338020659983
Latency: 0.8421525510493666
Latency: 0.843731707893312
Latency: 0.8479347829706967
Latency: 0.8504543290473521
Latency: 0.8401122889481485
Latency: 0.8580223191529512
Latency: 0.8582751099020243
Latency: 0.8600062110926956
Latency: 0.8641843439545482
Latency: 0.8666777638718486
Latency: 0.8784428001381457
Latency: 0.8675091359764338
Latency: 0.8720020060427487
Latency: 0.8734349210280925
Latency: 0.876733988057822
Latency: 0.8774177199229598
Latency: 0.8752866920549423
Latency: 0.8311196130234748
Latency: 0.8407274489291012
Latency: 0.8450869431253523
Latency: 0.8425134369172156
Latency: 0.8386675929650664
Latency: 0.8364273889455944
Latency: 0.8276277780532837
Latency: 0.8479254019912332
Latency: 0.8388988741207868
Latency: 0.8363398059736937
Latency: 0.8504008380696177
Latency: 0.8374528789427131
Latency: 0.8413777989335358
Latency: 0.8484549629501998
Latency: 0.8356147550512105
Latency: 0.8373811452183872
Latency: 0.839175479952246
Latency: 0.8460637391544878
Latency: 0.8459854039829224
Latency: 0.8457245421595871
Latency: 0.8400023900903761
Latency: 0.8612182328943163
Latency: 0.8612848459742963
Latency: 0.877527394099161
Latency: 0.8712617671117187
Latency: 0.8635180960409343
Latency: 0.8781228370498866
Latency: 0.8253188219387084
Latency: 0.8435912011191249
Latency: 0.8318834528326988
Latency: 0.836443642154336
Latency: 0.8361689620651305
Latency: 0.8389909439720213
Latency: 0.8461631059180945
Latency: 0.8479416889604181
Latency: 0.8102391758002341
Latency: 0.8126635299995542
Latency: 0.8345868450123817
Latency: 0.8363729640841484
Latency: 0.8225038209930062
Latency: 0.8361786301247776
Latency: 0.824596282094717
Latency: 0.8310219189152122
Latency: 0.8396488109137863
Latency: 0.8350216199178249
Latency: 0.8325935220345855
Latency: 0.8033203089144081
Latency: 0.8104814018588513
Latency: 0.8413149178959429
Latency: 0.8359134928323328
Latency: 0.8210352619644254
Latency: 0.8449689398985356
Latency: 0.8186398949474096
Latency: 0.8116542680654675
Latency: 0.8426763578318059
Latency: 0.8127369591966271
Latency: 0.8470971500501037
Latency: 0.8200444681569934
Latency: 0.8176551160868257
Latency: 0.8208410867955536
Latency: 0.8118784739635885
Latency: 0.8450579140335321
Latency: 0.8182599600404501
Latency: 0.815781535115093
Latency: 0.8152401279658079
Latency: 0.8382934860419482
Latency: 0.8301941340323538
Latency: 0.8189844398293644
Latency: 0.8263568561524153
Latency: 0.837754282867536
Latency: 0.8229875231627375
Latency: 0.8282254650257528
Latency: 0.833354237023741
Latency: 0.8223223621025681
Latency: 0.8262128201313317
Latency: 0.8096455479972064
Latency: 0.8320626900531352
Latency: 0.85082440613769
Latency: 0.8352171517908573
Latency: 0.8409581009764224
Latency: 0.8326870759483427
Latency: 0.8354556460399181
Latency: 0.8327538399025798
Latency: 0.8188456629868597
Latency: 0.8415996578987688
Latency: 0.8362114168703556
Latency: 0.8412599849980325
Latency: 0.8159088450483978
Latency: 0.814431673148647
Latency: 0.8202660949900746
Latency: 0.8228792289737612
Latency: 0.828798864968121
Latency: 0.8392427749931812
Latency: 0.8127716761082411
Latency: 0.8247698058839887
Latency: 0.8319139499217272
Latency: 0.8366285199299455
Latency: 0.8397512689698488
Latency: 0.8439659599680454
Latency: 0.8308139459695667
Latency: 0.8296057591214776
Latency: 0.8331500559579581
Latency: 0.8426126011181623
Latency: 0.8373458499554545
Latency: 0.855654661078006
Latency: 0.8384315620642155
Latency: 0.84474380989559
Latency: 0.8370603939983994
Latency: 0.8319382248446345
Latency: 0.8406064899172634
Latency: 0.8306606090627611
Latency: 0.8399661669973284
Latency: 0.8315946569200605
Latency: 0.8366104310844094
Latency: 0.8370693698525429
Latency: 0.8222478129900992
Latency: 0.8565199701115489
Latency: 0.8345605549402535
Latency: 0.8432105029933155
Latency: 0.8313345739152282
Latency: 0.8414996219798923
Latency: 0.8342467481270432
Latency: 0.8349653019104153
Latency: 0.8431828010361642
Latency: 0.8344019949436188
Latency: 0.8349049971438944
Latency: 0.8431373371277004
Latency: 0.8497442591469735
Latency: 0.8463842959608883
Latency: 0.8439414559397846
Latency: 0.8324910688679665
Latency: 0.8419566731899977
Latency: 0.8364621021319181
Latency: 0.839297367958352
Latency: 0.8395809140056372
Latency: 0.8442120240069926
Latency: 0.8286169869825244
Latency: 0.8516674421261996
Latency: 0.8365070871077478
Latency: 0.8566408609040082
Latency: 0.8498993520624936
Latency: 0.8493409100919962
Latency: 0.8388447901234031
Latency: 0.8383331091608852
Latency: 0.833161786897108
Latency: 0.8478960290085524
Latency: 0.8359784428030252
Latency: 0.8436261189635843
Latency: 0.837383063044399
Latency: 0.8447575829923153
Latency: 0.8529855988454074
Latency: 0.8282306620385498
Latency: 0.8352570838760585
Latency: 0.841913026990369
Latency: 0.8309083969797939
Latency: 0.8198792459443212
Latency: 0.8147665010765195
Latency: 0.8295493910554796
Latency: 0.8479660220909864
Latency: 0.8225152399390936
Latency: 0.8407290049362928
Latency: 0.8390017121564597
Latency: 0.8333803850691766
Latency: 0.8325691681820899
Latency: 0.8344687651842833
Latency: 0.8303802609443665
Latency: 0.8174314079806209
Latency: 0.821798596996814
Latency: 0.8243276670109481
Latency: 0.8449888648465276
Latency: 0.8374525199178606
Latency: 0.8354994070250541
Latency: 0.8234510950278491
Latency: 0.827761362073943
Latency: 0.8267037840560079
Latency: 0.8341422628145665
Latency: 0.8343781500589103
Latency: 0.8293372029438615
Latency: 0.8340750748757273
Latency: 0.8284978419542313
Latency: 0.8298510350286961
Latency: 0.8307453629095107
Latency: 0.8305562280584127
Latency: 0.8502363138832152
Latency: 0.8350866490509361
Latency: 0.8436134429648519
Latency: 0.8416344670113176
Latency: 0.8376767870504409
Latency: 0.8417559671215713
Latency: 0.8454828900285065
Latency: 0.8443548020441085
Latency: 0.8518608710728586
Latency: 0.845532116945833
Latency: 0.8454940179362893
Latency: 0.8480834569782019
Latency: 0.8388832060154527
Latency: 0.843730767024681
Latency: 0.8350049438886344
Latency: 0.8564192308112979
Latency: 0.8468309969175607
Latency: 0.8363522330764681
Latency: 0.8482668581418693
Latency: 0.8542552960570902
Latency: 0.8414568910375237
Latency: 0.8370626999530941
Latency: 0.8410599739290774
Latency: 0.8400462979916483
Latency: 0.8547103710006922
Latency: 0.8489052730146796
Latency: 0.8450520250480622
Latency: 0.8478807108476758
Latency: 0.8400105079635978
Latency: 0.8483657338656485
Latency: 0.8408981100656092
Latency: 0.8401417480781674
Latency: 0.8437192239798605
Latency: 0.8433583260048181
Latency: 0.8503155009821057
Latency: 0.8519810908474028
Latency: 0.8109348260331899
Latency: 0.8754921772051603
Latency: 0.8651345048565418
Latency: 0.8458059579133987
Latency: 0.885439570993185
Latency: 0.8550564448814839
Latency: 0.8811239069327712
Latency: 0.8609224071260542
Latency: 0.85400978801772
Latency: 0.85268494207412
Latency: 0.8259314098395407
Latency: 0.8360259521286935
Latency: 0.8285526540130377
Latency: 0.8414361909963191
Latency: 0.8474190419074148
Latency: 0.8554880400188267
Latency: 0.8467848049476743
Latency: 0.8464677140582353
Latency: 0.8453078651800752
Latency: 0.853911826852709
Latency: 0.855154074029997
Latency: 0.8481848908122629
Latency: 0.8602775658946484
Latency: 0.8567358118016273
Latency: 0.8603007129859179
Latency: 0.8555685009341687
Latency: 0.8533744008745998
Latency: 0.8568019750528038
Latency: 0.8524765309412032
Latency: 0.8532730999868363
Latency: 0.8547009350731969
Latency: 0.8507154809776694
Latency: 0.8632121600676328
Latency: 0.8516139278654009
Latency: 0.8503150939941406
Latency: 0.8538086588960141
Latency: 0.8571050330065191
Latency: 0.8653634351212531
Latency: 0.8290070570074022
Latency: 0.8284808669704944
Latency: 0.8562753619626164
Latency: 0.8484264968428761
Latency: 0.8421137870755047
Latency: 0.843291733879596
Latency: 0.8377899827901274
Latency: 0.8365126040298492
Latency: 0.8363269781693816
Latency: 0.8461892060004175
Latency: 0.8568813509773463
Latency: 0.8446554108522832
Latency: 0.8497218920383602
Latency: 0.8455872731283307
Latency: 0.8448761370964348
Latency: 0.851429752074182
Latency: 0.8469594551716
Latency: 0.8437197390012443
Latency: 0.8421823149546981
Latency: 0.8475714880041778
Latency: 0.8481028210371733
Latency: 0.860666441032663
Latency: 0.847270221915096
Latency: 0.8525825159158558
Latency: 0.849543155869469
Latency: 0.8544261059723794
Latency: 0.8522428348660469
Latency: 0.8319331558886915
Latency: 0.8263347349129617
Latency: 0.8282590468879789
Latency: 0.8269783230498433
Latency: 0.8305443560238928
Latency: 0.8363484810106456
Latency: 0.8402015820611268
Latency: 0.8272589170373976
Latency: 0.8473571001086384
Latency: 0.8208897409494966
Latency: 0.8328823018819094
Latency: 0.8255346531514078
Latency: 0.8407876549754292
Latency: 0.8313914390746504
Latency: 0.8403191671241075
Latency: 0.8295284369960427
Latency: 0.8376898779533803
Latency: 0.8403514409437776
Latency: 0.824251594953239
Latency: 0.8297755641397089
Latency: 0.8354204250499606
Latency: 0.8293372970074415
Latency: 0.834433512063697
Latency: 0.8320175439585
Latency: 0.8311572049278766
Latency: 0.8333552819676697
Latency: 0.8316464340314269
Latency: 0.8334146260749549
Latency: 0.8357175611890852
Latency: 0.8417017110623419
Latency: 0.836467265849933
Latency: 0.842693957965821
Latency: 0.8500407210085541
Latency: 0.8493275039363652
Latency: 0.8465548320673406
Latency: 0.8416150631383061
Latency: 0.8555936100892723
Latency: 0.8422827459871769
Latency: 0.82712671905756
Latency: 0.8317200990859419
Latency: 0.8289383689407259
Latency: 0.8340056058950722
Latency: 0.824539229972288
Latency: 0.8268074467778206
Latency: 0.8245230431202799
Latency: 0.8310783158522099
Latency: 0.843550672987476
Latency: 0.8315250668674707
Latency: 0.8276305480394512
Latency: 0.8297232310287654
Latency: 0.8316548259463161
Latency: 0.8358066158834845
Latency: 0.8289898601360619
Latency: 0.8370643279049546
Latency: 0.8320278089959174
Latency: 0.831611325033009
Latency: 0.8315627619158477
Latency: 0.8420832159463316
Latency: 0.8361286660656333
Latency: 0.8389117489568889
Latency: 0.8375111038330942
Latency: 0.8453254420310259
Latency: 0.8366667039226741
Latency: 0.8412303049117327
Latency: 0.8411577888764441
Latency: 0.8237893690820783
Latency: 0.8266562719363719
Latency: 0.8270724080502987
Latency: 0.8276043538935483
Latency: 0.826330006821081
Latency: 0.8278353328350931
Latency: 0.832897799089551
Latency: 0.8274896619841456
Latency: 0.8247773228213191
Latency: 0.8275757550727576
Latency: 0.8138112730812281
Latency: 0.8097222838550806
Latency: 0.8400581749156117
Latency: 0.8323644800111651
Latency: 0.8364803320728242
Latency: 0.8331263309810311
Latency: 0.8277902221307158
Latency: 0.8188950438052416
Latency: 0.8504154039546847
Latency: 0.8401961501222104
Latency: 0.8285379619337618
Latency: 0.8336903110612184
Latency: 0.8344258200377226
Latency: 0.8393053449690342
Latency: 0.8254174841567874
Latency: 0.8383922560606152
Latency: 0.835566246882081
Latency: 0.8415863949339837
Latency: 0.8405890888534486
Latency: 0.8263667530845851
Latency: 0.823392870137468
Latency: 0.8271274028811604
Latency: 0.8479715059511364
Latency: 0.8425383530557156
Latency: 0.8470560158602893
Latency: 0.8314029790926725
Latency: 0.8388134769629687
