Latency: 0.2987920001614839
Latency: 0.29925548401661217
Latency: 0.3008026860188693
Latency: 0.30225395504385233
Latency: 0.30378820816986263
Latency: 0.305312795098871
Latency: 0.306907556951046
Latency: 0.3084658309817314
Latency: 0.30996639002114534
Latency: 0.3114578318782151
Latency: 0.31288251001387835
Latency: 0.3143523361068219
Latency: 0.3158153030090034
Latency: 0.3173240600153804
Latency: 0.31876001204364
Latency: 0.3201942809391767
Latency: 0.32161726895719767
Latency: 0.3231758789625019
Latency: 0.3246266860514879
Latency: 0.3260467639192939
Latency: 0.3274943029973656
Latency: 0.3289607269689441
Latency: 0.3303692939225584
Latency: 0.3318479110021144
Latency: 0.3332742939237505
Latency: 0.3347226239275187
Latency: 0.33615271700546145
Latency: 0.3376121891196817
Latency: 0.3390771187841892
Latency: 0.34052199008874595
Latency: 0.3419530210085213
Latency: 0.34329798305407166
Latency: 0.34531927411444485
Latency: 0.3468091790564358
Latency: 0.34823041199706495
Latency: 0.3497067850548774
Latency: 0.3511638098862022
Latency: 0.3525888950098306
Latency: 0.3540429980494082
Latency: 0.3570309628266841
Latency: 0.3585229101590812
Latency: 0.3599646578077227
Latency: 0.36140811000950634
Latency: 0.36284582200460136
Latency: 0.364195107948035
Latency: 0.36564143211580813
Latency: 0.36706677614711225
Latency: 0.3685225360095501
Latency: 0.36997684999369085
Latency: 0.37155564804561436
Latency: 0.3730582359712571
Latency: 0.374536459101364
Latency: 0.37888354202732444
Latency: 0.380381815135479
Latency: 0.3819073198828846
Latency: 0.38337517995387316
Latency: 0.38476570416241884
Latency: 0.38616098114289343
Latency: 0.38772034202702343
Latency: 0.3892136469949037
Latency: 0.39068473712541163
Latency: 0.3921390059404075
Latency: 0.39638378913514316
Latency: 0.40135492803528905
Latency: 0.26878801081329584
Latency: 0.2665314569603652
Latency: 0.26773483282886446
Latency: 0.2691584078129381
Latency: 0.2700297150295228
Latency: 0.2713279479648918
Latency: 0.2727637349162251
Latency: 0.2741838530637324
Latency: 0.27558218291960657
Latency: 0.2770000018645078
Latency: 0.2775569499935955
Latency: 0.27892088890075684
Latency: 0.2803023299202323
Latency: 0.28168832208029926
Latency: 0.2830896549858153
Latency: 0.2844734429381788
Latency: 0.29087881883606315
Latency: 0.29132838104851544
Latency: 0.29267604905180633
Latency: 0.29407021403312683
Latency: 0.29541050805710256
Latency: 0.2995902181137353
Latency: 0.30098675191402435
Latency: 0.30237875203602016
Latency: 0.3037797771394253
Latency: 0.3041362869553268
Latency: 0.3054429912008345
Latency: 0.3068681610748172
Latency: 0.30827398505061865
Latency: 0.3096738108433783
Latency: 0.3110060829203576
Latency: 0.3123835390433669
Latency: 0.3138154211919755
Latency: 0.31518632802180946
Latency: 0.31658356194384396
Latency: 0.3168671471066773
Latency: 0.318271704018116
Latency: 0.31976523296907544
Latency: 0.32120138220489025
Latency: 0.32204249408096075
Latency: 0.32341277599334717
Latency: 0.32480181101709604
Latency: 0.32620135392062366
Latency: 0.3288773908279836
Latency: 0.3302371308673173
Latency: 0.33162925904616714
Latency: 0.33300828794017434
Latency: 0.3344330550171435
Latency: 0.3359250610228628
Latency: 0.3375255838036537
Latency: 0.33897831896319985
Latency: 0.3403670529369265
Latency: 0.3418040000833571
Latency: 0.3432009720709175
Latency: 0.34461390203796327
Latency: 0.3459777510724962
Latency: 0.34737267112359405
Latency: 0.3513475339859724
Latency: 0.3584346999414265
Latency: 0.3545166610274464
Latency: 0.3558340170420706
Latency: 0.35992788011208177
Latency: 0.363865755032748
Latency: 0.3695431861560792
Latency: 0.24308224115520716
Latency: 0.2501241008285433
Latency: 0.2520522561389953
Latency: 0.25305819790810347
Latency: 0.2540586891118437
Latency: 0.25541946291923523
Latency: 0.25705200200900435
Latency: 0.25782693084329367
Latency: 0.2666984749957919
Latency: 0.26807153900153935
Latency: 0.2780325401108712
Latency: 0.2794199751224369
Latency: 0.28093038289807737
Latency: 0.28233246598392725
Latency: 0.28255559504032135
Latency: 0.28989072889089584
Latency: 0.28831426496617496
Latency: 0.2938123270869255
Latency: 0.295238162856549
Latency: 0.29661165713332593
Latency: 0.2980307531543076
Latency: 0.2952389798592776
Latency: 0.29660150595009327
Latency: 0.29803609917871654
Latency: 0.2994162121322006
Latency: 0.30088372086174786
Latency: 0.3022687518969178
Latency: 0.30366764799691737
Latency: 0.3050117529928684
Latency: 0.30660147895105183
Latency: 0.30812464910559356
Latency: 0.30954245920293033
Latency: 0.3109600548632443
Latency: 0.3123953540343791
Latency: 0.31375156715512276
Latency: 0.3185288349632174
Latency: 0.32002303609624505
Latency: 0.3214393660891801
Latency: 0.32624605717137456
Latency: 0.3276785220950842
Latency: 0.32918034214526415
Latency: 0.3306256029754877
Latency: 0.33195980987511575
Latency: 0.3261206238530576
Latency: 0.3273896409664303
Latency: 0.32886255299672484
Latency: 0.33021068410016596
Latency: 0.3315861178562045
Latency: 0.3329782879445702
Latency: 0.33437554305419326
Latency: 0.3357692169956863
Latency: 0.3371090260334313
Latency: 0.3440023160073906
Latency: 0.33959530387073755
Latency: 0.3404132588766515
Latency: 0.34186794399283826
Latency: 0.3432407060172409
Latency: 0.3478676429949701
Latency: 0.34932937496341765
Latency: 0.3507034429349005
Latency: 0.35496891499496996
Latency: 0.3517855308018625
Latency: 0.35444698901847005
Latency: 0.3396998441312462
Latency: 0.2981201959773898
Latency: 0.2993135810829699
Latency: 0.2978342780843377
Latency: 0.2993019358254969
Latency: 0.3042547639925033
Latency: 0.30536053818650544
Latency: 0.31347338389605284
Latency: 0.3148773438297212
Latency: 0.31678826082497835
Latency: 0.3178875381127
Latency: 0.3138418660964817
Latency: 0.31502673402428627
Latency: 0.3164405468851328
Latency: 0.3236459761392325
Latency: 0.3250589619856328
Latency: 0.3153552620206028
Latency: 0.3167711088899523
Latency: 0.3181974890176207
Latency: 0.3191861098166555
Latency: 0.3205944299697876
Latency: 0.32225868408568203
Latency: 0.3231266380753368
Latency: 0.3390441769734025
Latency: 0.34040270699188113
Latency: 0.3382437820546329
Latency: 0.3396147540770471
Latency: 0.3408772449474782
Latency: 0.33798997988924384
Latency: 0.33949533896520734
Latency: 0.34084111801348627
Latency: 0.34223537612706423
Latency: 0.3436251380480826
Latency: 0.3455539878923446
Latency: 0.34544715797528625
Latency: 0.34683958999812603
Latency: 0.34762459713965654
Latency: 0.3490148570854217
Latency: 0.3504039749968797
Latency: 0.3511597670149058
Latency: 0.35259512811899185
Latency: 0.35396062210202217
Latency: 0.3553610451053828
Latency: 0.35673832590691745
Latency: 0.3576694498769939
Latency: 0.3590207449160516
Latency: 0.3603871730156243
Latency: 0.36179414903745055
Latency: 0.3631683010607958
Latency: 0.36343651404604316
Latency: 0.3594896448776126
Latency: 0.3608759487979114
Latency: 0.3665909201372415
Latency: 0.37542018201202154
Latency: 0.3780492541845888
Latency: 0.3795811820309609
Latency: 0.37701708916574717
Latency: 0.3783897690009326
Latency: 0.3739512718748301
Latency: 0.37429612106643617
Latency: 0.37564364704303443
Latency: 0.37986975186504424
Latency: 0.38132925797253847
Latency: 0.36139161908067763
Latency: 0.3628841359168291
Latency: 0.27040502498857677
Latency: 0.27166471304371953
Latency: 0.27289232495240867
Latency: 0.2742938161827624
Latency: 0.2750302469357848
Latency: 0.28677611611783504
Latency: 0.2806076151318848
Latency: 0.2896083181258291
Latency: 0.29093802999705076
Latency: 0.28837860212661326
Latency: 0.28949828003533185
Latency: 0.29090038617141545
Latency: 0.29206737712956965
Latency: 0.2867032999638468
Latency: 0.293883710866794
Latency: 0.28374011209234595
Latency: 0.28490970889106393
Latency: 0.2910038928966969
Latency: 0.2923978290054947
Latency: 0.29356522182933986
Latency: 0.29497447912581265
Latency: 0.2963461740873754
Latency: 0.29722105991095304
Latency: 0.29860862996429205
Latency: 0.3000196029897779
Latency: 0.30142295896075666
Latency: 0.30192728503607213
Latency: 0.30329199600964785
Latency: 0.30389328114688396
Latency: 0.3062586330343038
Latency: 0.30769262998364866
Latency: 0.30765830003656447
Latency: 0.312293449183926
Latency: 0.3136891471222043
Latency: 0.3151283508632332
Latency: 0.3165106438100338
Latency: 0.317851283820346
Latency: 0.319276429945603
Latency: 0.32068733195774257
Latency: 0.32156340195797384
Latency: 0.3229583411011845
Latency: 0.32430596300400794
Latency: 0.3256943339947611
Latency: 0.32707018218934536
Latency: 0.32316800602711737
Latency: 0.3237345430534333
Latency: 0.32514300593174994
Latency: 0.3265117828268558
Latency: 0.32792896102182567
Latency: 0.3339360640384257
Latency: 0.3353368490934372
Latency: 0.3398801158182323
Latency: 0.34124981495551765
Latency: 0.34416016517207026
Latency: 0.34575013583526015
Latency: 0.34023114992305636
Latency: 0.3470868719741702
Latency: 0.33934493898414075
Latency: 0.3433620510622859
Latency: 0.3444170008879155
Latency: 0.3302947711199522
Latency: 0.3303276230581105
Latency: 0.33545488910749555
Latency: 0.3420737518463284
Latency: 0.3112465979065746
Latency: 0.3126501739025116
Latency: 0.3140770229510963
Latency: 0.3177085369825363
Latency: 0.3245885530486703
Latency: 0.32859215093776584
Latency: 0.321486275177449
Latency: 0.3229149989783764
Latency: 0.32409616792574525
Latency: 0.3265690030530095
Latency: 0.32795935682952404
Latency: 0.3354899932164699
Latency: 0.336848289007321
Latency: 0.3382524310145527
Latency: 0.34053370519541204
Latency: 0.34185550711117685
Latency: 0.34331387421116233
Latency: 0.3412813588511199
Latency: 0.3424929690081626
Latency: 0.3436958850361407
Latency: 0.34507547807879746
Latency: 0.345795304980129
Latency: 0.347196927992627
Latency: 0.34912816202268004
Latency: 0.350473108002916
Latency: 0.35194185096770525
Latency: 0.356614412041381
Latency: 0.3580441118683666
Latency: 0.3594436028506607
Latency: 0.3607290340587497
Latency: 0.3621488017961383
Latency: 0.3634841700550169
Latency: 0.3600964641664177
Latency: 0.36145444121211767
Latency: 0.36284700501710176
Latency: 0.3641739450395107
Latency: 0.36558454600162804
Latency: 0.3670061130542308
Latency: 0.36592349084094167
Latency: 0.36725476011633873
Latency: 0.3686398391146213
Latency: 0.3700269591063261
Latency: 0.3726668630260974
Latency: 0.37264541699551046
Latency: 0.3740096860565245
Latency: 0.37537471298128366
Latency: 0.3832922198344022
Latency: 0.3847188299987465
Latency: 0.3861357949208468
Latency: 0.3875221121124923
Latency: 0.39167548809200525
Latency: 0.3931235580239445
Latency: 0.3945467041339725
Latency: 0.38487981213256717
Latency: 0.39045356097631156
Latency: 0.3907874128781259
Latency: 0.34626954700797796
Latency: 0.34665344608947635
Latency: 0.33072275994345546
Latency: 0.332162027945742
Latency: 0.3389609418809414
Latency: 0.33860026113688946
Latency: 0.33271396602503955
Latency: 0.31195013294927776
Latency: 0.25915321288630366
Latency: 0.28536301711574197
Latency: 0.2866645229514688
Latency: 0.2880184471141547
Latency: 0.29779356718063354
Latency: 0.28948103403672576
Latency: 0.2907332240138203
Latency: 0.29208476608619094
Latency: 0.29325969493947923
Latency: 0.2946895209606737
Latency: 0.3012670041061938
Latency: 0.2966993539594114
Latency: 0.2981173738371581
Latency: 0.3049998979549855
Latency: 0.3003199070226401
Latency: 0.3016088050790131
Latency: 0.30108589702285826
Latency: 0.3022925490513444
Latency: 0.3036948989611119
Latency: 0.30500452406704426
Latency: 0.3064241739921272
Latency: 0.3078453070484102
Latency: 0.30724639585241675
Latency: 0.3081354619935155
Latency: 0.3093288519885391
Latency: 0.3107448751106858
Latency: 0.31026461021974683
Latency: 0.31162657705135643
Latency: 0.31301636598072946
Latency: 0.3077554819174111
Latency: 0.30892529082484543
Latency: 0.31649938598275185
Latency: 0.31771216285414994
Latency: 0.31906661996617913
Latency: 0.32045159209519625
Latency: 0.366193771827966
Latency: 0.36767717194743454
Latency: 0.3690743970219046
Latency: 0.3699341439642012
Latency: 0.37125106411986053
Latency: 0.3726310711354017
Latency: 0.3739774760324508
Latency: 0.3753385469317436
Latency: 0.37589856307022274
Latency: 0.37722042691893876
Latency: 0.37855039187707007
Latency: 0.3824893608689308
Latency: 0.3839986049570143
Latency: 0.38537282310426235
Latency: 0.38584751612506807
Latency: 0.3862209490034729
Latency: 0.3876366848126054
Latency: 0.3890135451219976
Latency: 0.39037551498040557
Latency: 0.39388710586354136
Latency: 0.3942009110469371
Latency: 0.38744287099689245
Latency: 0.3888073479756713
Latency: 0.3901660980191082
Latency: 0.39155890909023583
Latency: 0.3838330670259893
Latency: 0.3845023650210351
Latency: 0.3756391550414264
Latency: 0.378410616889596
Latency: 0.33498467202298343
Latency: 0.2828472179826349
Latency: 0.29129126900807023
Latency: 0.2927864089142531
Latency: 0.2810917559545487
Latency: 0.28244212199933827
Latency: 0.28362679784186184
Latency: 0.2850070199929178
Latency: 0.2863995530642569
Latency: 0.28778815013356507
Latency: 0.27899253205396235
Latency: 0.2801700991112739
Latency: 0.2816792430821806
Latency: 0.2827453559730202
Latency: 0.2841257229447365
Latency: 0.28549529309384525
Latency: 0.3073856148403138
Latency: 0.3087542199064046
Latency: 0.3099808618426323
Latency: 0.3037094520404935
Latency: 0.304816230898723
Latency: 0.306212309980765
Latency: 0.30715731205418706
Latency: 0.3085259778890759
Latency: 0.30674474500119686
Latency: 0.30768713797442615
Latency: 0.30884898686781526
Latency: 0.30991162918508053
Latency: 0.3061054290737957
Latency: 0.3074981761164963
Latency: 0.308862023986876
Latency: 0.31026655808091164
Latency: 0.30990746105089784
Latency: 0.3112987980712205
Latency: 0.3224588008597493
Latency: 0.3238326841965318
Latency: 0.3254598390776664
Latency: 0.3237731771077961
Latency: 0.3251780020073056
Latency: 0.3265729679260403
Latency: 0.3280415509361774
Latency: 0.3288636018987745
Latency: 0.3302393238991499
Latency: 0.33160524908453226
Latency: 0.3330004569143057
Latency: 0.3396706390194595
Latency: 0.34072897187434137
Latency: 0.3420422419440001
Latency: 0.3485240410082042
Latency: 0.3491552739869803
Latency: 0.34373709885403514
Latency: 0.3412655061110854
Latency: 0.34606332005932927
Latency: 0.3462944950442761
Latency: 0.34377860091626644
Latency: 0.34518442302942276
Latency: 0.32374394312500954
Latency: 0.32468714797869325
Latency: 0.3260816470719874
Latency: 0.3274989069905132
Latency: 0.3311070429626852
Latency: 0.33263888000510633
Latency: 0.3335693560075015
Latency: 0.3351677260361612
Latency: 0.3465565729420632
Latency: 0.3283313980791718
Latency: 0.31985956616699696
Latency: 0.3145434861071408
Latency: 0.31580673600547016
Latency: 0.317070207092911
Latency: 0.3183742540422827
Latency: 0.3198315391782671
Latency: 0.32103100302629173
Latency: 0.34086849400773644
Latency: 0.31614841520786285
Latency: 0.31651658681221306
Latency: 0.31790525186806917
Latency: 0.31926677701994777
Latency: 0.3206945259589702
Latency: 0.31404668209142983
Latency: 0.3143396859522909
Latency: 0.31575108389370143
Latency: 0.31650347192771733
Latency: 0.31787496618926525
Latency: 0.31926435814239085
Latency: 0.3206530420575291
Latency: 0.3290845970623195
Latency: 0.3301770491525531
Latency: 0.3367386609315872
Latency: 0.3379925040062517
Latency: 0.34296516911126673
Latency: 0.34435001597739756
Latency: 0.34797242493368685
Latency: 0.3493988539557904
Latency: 0.3471394181251526
Latency: 0.3484332498628646
Latency: 0.3498392109759152
Latency: 0.3563206889666617
Latency: 0.3577158048283309
Latency: 0.36240150802768767
Latency: 0.3638283989857882
Latency: 0.3589887102134526
Latency: 0.3603887071367353
Latency: 0.3618757158983499
Latency: 0.3632464518304914
Latency: 0.3646587999537587
Latency: 0.3659534000325948
Latency: 0.3703397719655186
Latency: 0.3717574269976467
Latency: 0.37281981692649424
Latency: 0.3773324890062213
Latency: 0.37884138198569417
Latency: 0.3611641579773277
Latency: 0.36247379099950194
Latency: 0.3636952810920775
Latency: 0.3651532519143075
Latency: 0.3491031317971647
Latency: 0.35050908103585243
Latency: 0.35190479806624353
Latency: 0.3531426009722054
Latency: 0.35763483098708093
Latency: 0.3585199199151248
Latency: 0.35999788204208016
Latency: 0.3726690858602524
Latency: 0.37538006203249097
Latency: 0.3753555689472705
Latency: 0.349393533077091
Latency: 0.3508138891775161
Latency: 0.28914418420754373
Latency: 0.2903938319068402
Latency: 0.2856569930445403
Latency: 0.2916744379326701
Latency: 0.27543668495491147
Latency: 0.2767317488323897
Latency: 0.27815787494182587
Latency: 0.27919868589378893
Latency: 0.2806572890840471
Latency: 0.2820175690576434
Latency: 0.283032689942047
Latency: 0.2844019040931016
Latency: 0.28580589103512466
Latency: 0.3190194040071219
Latency: 0.3023551569785923
Latency: 0.30382033181376755
Latency: 0.3051766101270914
Latency: 0.3063858209643513
Latency: 0.3117741639725864
Latency: 0.3085447901394218
Latency: 0.3051669590640813
Latency: 0.30660609900951385
Latency: 0.3134077510330826
Latency: 0.31509387120604515
Latency: 0.31337577500380576
Latency: 0.31467996700666845
Latency: 0.31457010190933943
Latency: 0.3159434851258993
Latency: 0.3173181740567088
Latency: 0.31871636398136616
Latency: 0.32013023691251874
Latency: 0.32487571495585144
Latency: 0.3262496190145612
Latency: 0.3277213559485972
Latency: 0.32920575700700283
Latency: 0.32444385485723615
Latency: 0.32583526405505836
Latency: 0.3271964981686324
Latency: 0.32860495895147324
Latency: 0.32991893286816776
Latency: 0.33135487884283066
Latency: 0.33276666118763387
Latency: 0.3341787769459188
Latency: 0.33537451294250786
Latency: 0.33674103603698313
Latency: 0.33815521909855306
Latency: 0.3334470731206238
Latency: 0.3348324301186949
Latency: 0.339837450068444
Latency: 0.3412407971918583
Latency: 0.34267214592546225
Latency: 0.3441211092285812
Latency: 0.35013774200342596
Latency: 0.35157953412272036
Latency: 0.35296723805367947
Latency: 0.3543709679506719
Latency: 0.34667239990085363
Latency: 0.3465533619746566
Latency: 0.3486502789892256
Latency: 0.3473216760903597
Latency: 0.3352154491003603
Latency: 0.3348757850471884
Latency: 0.3069313068408519
Latency: 0.3084608830977231
Latency: 0.31128971581347287
Latency: 0.3199378829449415
Latency: 0.3227994900662452
Latency: 0.32246677903458476
Latency: 0.31493124598637223
Latency: 0.31616744701750576
Latency: 0.31726425094529986
Latency: 0.3186317749787122
Latency: 0.31927637103945017
Latency: 0.32068939390592277
Latency: 0.32151305489242077
Latency: 0.3228969029150903
Latency: 0.33019914315082133
Latency: 0.3317510159686208
Latency: 0.3328260069247335
Latency: 0.33421022817492485
Latency: 0.34193319804035127
Latency: 0.34333823691122234
Latency: 0.3407268291339278
Latency: 0.3420851109549403
Latency: 0.3434674891177565
Latency: 0.34487272915430367
Latency: 0.34324308205395937
Latency: 0.34464608202688396
Latency: 0.3463043640367687
Latency: 0.34775445982813835
Latency: 0.34915512800216675
Latency: 0.35060410806909204
Latency: 0.35198369016870856
Latency: 0.3557543959468603
Latency: 0.35713855479843915
Latency: 0.35831491695716977
Latency: 0.35974650317803025
Latency: 0.3619308560155332
Latency: 0.3633141510654241
Latency: 0.3646069271489978
Latency: 0.36607345496304333
Latency: 0.36749540898017585
Latency: 0.3689192249439657
Latency: 0.37016189796850085
Latency: 0.3715381680522114
Latency: 0.3729267518501729
Latency: 0.3743539929855615
Latency: 0.3757170350290835
Latency: 0.3774131368845701
Latency: 0.38271539798006415
Latency: 0.3841500338166952
Latency: 0.38553176005370915
Latency: 0.3841320890933275
Latency: 0.3855646320153028
Latency: 0.38699156790971756
Latency: 0.3883412820287049
Latency: 0.3848099410533905
Latency: 0.39168696594424546
Latency: 0.39144976413808763
Latency: 0.39153792010620236
Latency: 0.3866732649039477
Latency: 0.38812023610807955
Latency: 0.37793120509013534
Latency: 0.3774309039581567
Latency: 0.38223224389366806
Latency: 0.38373073912225664
Latency: 0.3463789811357856
Latency: 0.34781821398064494
Latency: 0.2914496809244156
Latency: 0.2830613700207323
Latency: 0.28457374800927937
Latency: 0.2762422380037606
Latency: 0.2774128559976816
Latency: 0.2803546991199255
Latency: 0.2814515270292759
Latency: 0.2828504468780011
Latency: 0.2839142940938473
Latency: 0.2852811389602721
Latency: 0.29148573405109346
Latency: 0.2924691529478878
Latency: 0.3015207848511636
Latency: 0.3029045150615275
Latency: 0.30438542691990733
Latency: 0.3056924920529127
Latency: 0.29843024211004376
Latency: 0.2997078720945865
Latency: 0.2953280550427735
Latency: 0.3024122780188918
Latency: 0.3036227710545063
Latency: 0.31200325884856284
Latency: 0.31350137712433934
Latency: 0.31443855189718306
Latency: 0.31585278012789786
Latency: 0.3174237529747188
Latency: 0.3182370231952518
Latency: 0.31446788902394474
Latency: 0.31578426086343825
Latency: 0.3211223029065877
Latency: 0.3224876131862402
Latency: 0.32678413996472955
Latency: 0.3295915541239083
Latency: 0.32909165997989476
Latency: 0.33054013294167817
Latency: 0.331931013148278
Latency: 0.3336523091420531
Latency: 0.33511124597862363
Latency: 0.3365225209854543
Latency: 0.33796194288879633
Latency: 0.33938086312264204
Latency: 0.34077969403006136
Latency: 0.3421675569843501
Latency: 0.34957849117927253
Latency: 0.3493540920317173
Latency: 0.34779982711188495
Latency: 0.35181625909172
Latency: 0.353214540053159
Latency: 0.34710329002700746
Latency: 0.3483706598635763
Latency: 0.341864655027166
Latency: 0.3432612242177129
Latency: 0.34464544896036386
Latency: 0.33684336207807064
Latency: 0.33822793094441295
Latency: 0.33958954201079905
Latency: 0.3440288049168885
Latency: 0.34545806609094143
Latency: 0.34689390496350825
Latency: 0.35107772587798536
Latency: 0.3525176541879773
Latency: 0.35942368512041867
Latency: 0.2962890958879143
Latency: 0.29783395305275917
Latency: 0.3256226950325072
Latency: 0.32709168596193194
Latency: 0.3281872598454356
Latency: 0.33116467390209436
Latency: 0.33359851292334497
Latency: 0.3347351071424782
Latency: 0.3361337131354958
Latency: 0.337501262081787
Latency: 0.3446140259038657
Latency: 0.345975219970569
Latency: 0.35091855516657233
Latency: 0.3522763019427657
Latency: 0.3354748380370438
Latency: 0.3367753168568015
Latency: 0.338169164955616
Latency: 0.3382010238710791
Latency: 0.34711825801059604
Latency: 0.34856353094801307
Latency: 0.34998499089851975
Latency: 0.3477713509928435
Latency: 0.34923160704784095
Latency: 0.34617516305297613
Latency: 0.3475301240105182
Latency: 0.3488114420324564
Latency: 0.3447463880293071
Latency: 0.34604449989274144
Latency: 0.3474998138844967
Latency: 0.3489446910098195
Latency: 0.3499923700001091
Latency: 0.3485813040751964
Latency: 0.3499641320668161
Latency: 0.3513342309743166
Latency: 0.35958531498908997
Latency: 0.3610993670299649
Latency: 0.3624868420884013
Latency: 0.36835444206371903
Latency: 0.36969987489283085
Latency: 0.3654437039513141
Latency: 0.3668367569334805
Latency: 0.36828386993147433
Latency: 0.37856689491309226
Latency: 0.379956740885973
Latency: 0.3755389410071075
Latency: 0.37986628618091345
Latency: 0.38123630499467254
Latency: 0.3827191349118948
Latency: 0.38006809004582465
Latency: 0.38007940212264657
Latency: 0.38052840693853796
Latency: 0.3820353501942009
Latency: 0.3834133620839566
Latency: 0.38485199003480375
Latency: 0.3861763598397374
Latency: 0.387656815815717
Latency: 0.39064024295657873
Latency: 0.3920764238573611
Latency: 0.39324023900553584
Latency: 0.3974900299217552
Latency: 0.39806067501194775
Latency: 0.3898520029615611
Latency: 0.39126366609707475
Latency: 0.390425767051056
Latency: 0.27870217082090676
Latency: 0.2800428799819201
Latency: 0.2883256140630692
Latency: 0.28971829591318965
Latency: 0.28550246683880687
Latency: 0.28667596518062055
Latency: 0.2984625077806413
Latency: 0.29982852400280535
Latency: 0.30113975680433214
Latency: 0.30250293109565973
Latency: 0.30128947901539505
Latency: 0.30270421085879207
Latency: 0.3084432790055871
Latency: 0.2914342919830233
Latency: 0.3009956351015717
Latency: 0.30238453298807144
Latency: 0.30379853304475546
Latency: 0.30497721186839044
Latency: 0.29980829800479114
Latency: 0.3011280628852546
Latency: 0.30256781494244933
Latency: 0.298160013044253
Latency: 0.29923586710356176
Latency: 0.3003800099249929
Latency: 0.3017730580177158
Latency: 0.30284152016974986
Latency: 0.30422367504797876
Latency: 0.3050252799876034
Latency: 0.3063758460339159
Latency: 0.31270272098481655
Latency: 0.3122241541277617
Latency: 0.31359762605279684
Latency: 0.3200045870617032
Latency: 0.3214563720393926
Latency: 0.32172472309321165
Latency: 0.3231816701591015
Latency: 0.324573497986421
Latency: 0.3234125410672277
Latency: 0.32484455686062574
Latency: 0.3262246251106262
Latency: 0.32762854010798037
Latency: 0.3290136060677469
Latency: 0.3353382849600166
Latency: 0.3367547180969268
Latency: 0.33816305501386523
Latency: 0.34394327085465193
Latency: 0.34423552080988884
Latency: 0.34254886698909104
Latency: 0.33546933997422457
Latency: 0.3361793349031359
Latency: 0.3336948149371892
Latency: 0.33512416295707226
Latency: 0.33655273099429905
Latency: 0.33796162996441126
Latency: 0.3428535021375865
Latency: 0.3439316099975258
Latency: 0.34545507887378335
Latency: 0.3497809059917927
Latency: 0.3511709598824382
Latency: 0.34054470993578434
Latency: 0.34545343392528594
Latency: 0.3469622409902513
Latency: 0.36624474497511983
Latency: 0.33356786402873695
Latency: 0.3513039539102465
Latency: 0.35260163503699005
Latency: 0.32952427584677935
Latency: 0.3308570170775056
Latency: 0.3323773960582912
Latency: 0.33371952804736793
Latency: 0.3198824538849294
Latency: 0.3211591150611639
Latency: 0.32238115603104234
Latency: 0.3237312010023743
Latency: 0.3248482618946582
Latency: 0.33182287006638944
Latency: 0.33608551998622715
Latency: 0.33755894494242966
Latency: 0.3324396228417754
Latency: 0.3338644232135266
Latency: 0.33515766984783113
Latency: 0.3312967868987471
Latency: 0.3325725360773504
Latency: 0.333736838074401
Latency: 0.33472187211737037
Latency: 0.3339384328573942
Latency: 0.33470973395742476
Latency: 0.3361286739818752
Latency: 0.3375364551320672
Latency: 0.33912914199754596
Latency: 0.340640626847744
Latency: 0.34201963897794485
Latency: 0.3489314499311149
Latency: 0.34890930191613734
Latency: 0.3503054101020098
Latency: 0.35818686918355525
Latency: 0.3558142799884081
Latency: 0.35734587581828237
Latency: 0.35869629587978125
Latency: 0.3602166648488492
Latency: 0.3616322260349989
Latency: 0.3630901030264795
Latency: 0.3711899190675467
Latency: 0.37258600583299994
Latency: 0.37408534390851855
Latency: 0.37547102803364396
Latency: 0.3764140009880066
Latency: 0.3778100358322263
Latency: 0.37923987908288836
Latency: 0.366306324955076
Latency: 0.36765820696018636
Latency: 0.3691022600978613
Latency: 0.37043535406701267
Latency: 0.3718330559786409
Latency: 0.37901628599502146
Latency: 0.37883171904832125
Latency: 0.3793930478859693
Latency: 0.38088378496468067
Latency: 0.38608958292752504
Latency: 0.38744718581438065
Latency: 0.3889357668813318
Latency: 0.38074534689076245
Latency: 0.392019686056301
Latency: 0.39311120100319386
Latency: 0.3318559790495783
Latency: 0.3406643078196794
Latency: 0.33455976587720215
Latency: 0.3154933420009911
Latency: 0.30839877389371395
Latency: 0.3099631601944566
Latency: 0.2772022560238838
Latency: 0.27844813419505954
Latency: 0.2798300141002983
Latency: 0.28132193395867944
Latency: 0.28256433783099055
Latency: 0.2840403348673135
Latency: 0.28536842321045697
Latency: 0.28696812805719674
Latency: 0.2933034780435264
Latency: 0.2891440321691334
Latency: 0.2905943701043725
Latency: 0.29149527405388653
Latency: 0.2929854409303516
Latency: 0.2939307529013604
Latency: 0.2939324660692364
Latency: 0.29541315813548863
Latency: 0.2968360548838973
Latency: 0.2982327488716692
Latency: 0.31687734089791775
Latency: 0.3093457550276071
Latency: 0.3106599301099777
Latency: 0.31182025908492506
Latency: 0.3129658221732825
Latency: 0.3144312889780849
Latency: 0.315781514858827
Latency: 0.32419485901482403
Latency: 0.3215208479668945
Latency: 0.32296550390310585
Latency: 0.32435906189493835
Latency: 0.3212749408558011
Latency: 0.3226828230544925
Latency: 0.324119265191257
Latency: 0.3296331060118973
Latency: 0.3310662799049169
Latency: 0.337263765046373
Latency: 0.33868988091126084
Latency: 0.3295865429099649
Latency: 0.3310209019109607
Latency: 0.33389088697731495
Latency: 0.3352897330187261
Latency: 0.33655717596411705
Latency: 0.33794665592722595
Latency: 0.33930386090651155
Latency: 0.340725023066625
Latency: 0.3421983611769974
Latency: 0.3436303879134357
Latency: 0.34971307404339314
Latency: 0.3494877018965781
Latency: 0.34334222809411585
Latency: 0.3476727711968124
Latency: 0.34910081210546196
Latency: 0.35039139399304986
Latency: 0.33510033693164587
Latency: 0.33653907594271004
Latency: 0.33791808295063674
Latency: 0.34325572685338557
Latency: 0.33780385996215045
Latency: 0.3509123220574111
Latency: 0.3546913079917431
Latency: 0.33686690009199083
Latency: 0.3658366031013429
Latency: 0.34118342702277005
Latency: 0.3357372300233692
Latency: 0.3371061962097883
Latency: 0.3160082718823105
Latency: 0.3172649908810854
Latency: 0.31856595794670284
Latency: 0.31982980901375413
Latency: 0.3212025130633265
Latency: 0.3236059008631855
Latency: 0.3248029490932822
Latency: 0.3261607219465077
Latency: 0.3285409240052104
Latency: 0.31708119600079954
Latency: 0.32183449482545257
Latency: 0.32281561894342303
Latency: 0.32413970795460045
Latency: 0.3230668678879738
Latency: 0.3372303450014442
Latency: 0.33843252900987864
Latency: 0.3397673689760268
Latency: 0.3352138791233301
Latency: 0.3363908091560006
Latency: 0.34002950810827315
Latency: 0.3414164900314063
Latency: 0.349048585165292
Latency: 0.3497476098127663
Latency: 0.3511748618911952
Latency: 0.35246516205370426
Latency: 0.36274451087228954
Latency: 0.36401062179356813
Latency: 0.36542392103001475
Latency: 0.366784815909341
Latency: 0.36818265193141997
Latency: 0.36958275199867785
Latency: 0.3672387218102813
Latency: 0.36856843903660774
Latency: 0.3699128539301455
Latency: 0.36901494301855564
Latency: 0.3703694618307054
Latency: 0.36166829289868474
Latency: 0.3627554918639362
Latency: 0.36411363212391734
Latency: 0.36550055304542184
Latency: 0.37139094388112426
Latency: 0.3711685130838305
Latency: 0.3723290900234133
Latency: 0.3733714069239795
Latency: 0.37478970806114376
Latency: 0.3800201111007482
Latency: 0.377413677982986
Latency: 0.3787913001142442
Latency: 0.3801428978331387
Latency: 0.32797316601499915
Latency: 0.3289688469376415
Latency: 0.3302526248153299
Latency: 0.3365538069047034
Latency: 0.33634747192263603
Latency: 0.337730233091861
Latency: 0.34256283286958933
Latency: 0.3440107509959489
Latency: 0.32734464085660875
Latency: 0.33009338611736894
Latency: 0.3247507200576365
Latency: 0.2844895632006228
Latency: 0.2859179300721735
Latency: 0.30782010802067816
Latency: 0.30923453508876264
Latency: 0.2722481850069016
Latency: 0.2736263829283416
Latency: 0.2807739388663322
Latency: 0.28475632006302476
Latency: 0.28588958899490535
Latency: 0.27284180489368737
Latency: 0.3003519580233842
Latency: 0.3016299260780215
Latency: 0.3030342620331794
Latency: 0.3043902739882469
Latency: 0.3057941950391978
Latency: 0.28208181192167103
Latency: 0.28472291491925716
Latency: 0.2942955170292407
Latency: 0.3035719678737223
Latency: 0.3049607288558036
Latency: 0.30610906588844955
Latency: 0.3075378949288279
Latency: 0.3089165990240872
Latency: 0.30296261701732874
Latency: 0.31810904294252396
Latency: 0.3153162261005491
Latency: 0.316702714888379
Latency: 0.3181075188331306
Latency: 0.31945168110542
Latency: 0.31095172301866114
Latency: 0.31221594801172614
Latency: 0.31374345696531236
Latency: 0.31511772400699556
Latency: 0.3166545429266989
Latency: 0.31812855787575245
Latency: 0.3195587480440736
Latency: 0.32089427299797535
Latency: 0.322302846936509
Latency: 0.31650039297528565
Latency: 0.3176787649281323
Latency: 0.3606886831112206
Latency: 0.36217958596535027
Latency: 0.36769904708489776
Latency: 0.3689417040441185
Latency: 0.3697038469836116
Latency: 0.3774119911249727
Latency: 0.3788483771495521
Latency: 0.3802543010096997
Latency: 0.3816264411434531
Latency: 0.37521240091882646
Latency: 0.37653690087608993
Latency: 0.3779071068856865
Latency: 0.3792688609100878
Latency: 0.38655085396021605
Latency: 0.3861861580517143
Latency: 0.38655381300486624
Latency: 0.3824991681613028
Latency: 0.38387284195050597
Latency: 0.3852728789206594
Latency: 0.38359176693484187
Latency: 0.38505670404993
Latency: 0.3808155879378319
Latency: 0.3496544440276921
Latency: 0.33709019608795643
Latency: 0.34804480499587953
Latency: 0.34951022919267416
Latency: 0.34385806298814714
Latency: 0.34531284798868
Latency: 0.2951843198388815
Latency: 0.2963911269325763
Latency: 0.28692353097721934
Latency: 0.2717625249642879
Latency: 0.27403797395527363
Latency: 0.27543421392329037
Latency: 0.2765615319367498
Latency: 0.27792672789655626
Latency: 0.27930025197565556
Latency: 0.2803378279786557
Latency: 0.2874646498821676
Latency: 0.2891412500757724
Latency: 0.29005877091549337
Latency: 0.2954206808935851
Latency: 0.2924519709777087
Latency: 0.29372512293048203
Latency: 0.29508594097569585
Latency: 0.2964012778829783
Latency: 0.30455805780366063
Latency: 0.30054470687173307
Latency: 0.30520865810103714
Latency: 0.3065189451444894
Latency: 0.30797245213761926
Latency: 0.3092262321151793
Latency: 0.31057180603966117
Latency: 0.30658700596541166
Latency: 0.3077546290587634
Latency: 0.30886448617093265
Latency: 0.30961744813248515
Latency: 0.31608999404124916
Latency: 0.31713497010059655
Latency: 0.31852631689980626
Latency: 0.3234428979922086
Latency: 0.3248894070275128
Latency: 0.32615381898358464
Latency: 0.32746397610753775
Latency: 0.32885832292959094
Latency: 0.3296878261025995
Latency: 0.3309965538792312
Latency: 0.33238810184411705
Latency: 0.33376030600629747
Latency: 0.32822098792530596
Latency: 0.3296351039316505
Latency: 0.3310495079495013
Latency: 0.33233259501866996
Latency: 0.33378343214280903
Latency: 0.3351472120266408
Latency: 0.33656886708922684
Latency: 0.3379500969313085
Latency: 0.3457063459791243
Latency: 0.34636038495227695
Latency: 0.3478587770368904
Latency: 0.3331775690894574
Latency: 0.33822264592163265
Latency: 0.33910250500775874
Latency: 0.33478191611357033
Latency: 0.3416473069228232
Latency: 0.3172228429466486
Latency: 0.3062077041249722
Latency: 0.3124437499791384
Latency: 0.3026240710169077
Latency: 0.30402900208719075
Latency: 0.3085497971624136
Latency: 0.3189941968303174
Latency: 0.2628162940964103
Latency: 0.2641678231302649
Latency: 0.2654888238757849
Latency: 0.2668418800458312
Latency: 0.26819063001312315
Latency: 0.26934086298570037
Latency: 0.270634378073737
Latency: 0.27207929105497897
Latency: 0.2728353838901967
Latency: 0.3300899260211736
Latency: 0.3385020468849689
Latency: 0.33989061904139817
Latency: 0.3413007839117199
Latency: 0.3392781300935894
Latency: 0.3403786348644644
Latency: 0.34171992004849017
Latency: 0.34278272301889956
Latency: 0.34417017083615065
Latency: 0.34098270907998085
Latency: 0.34698203997686505
Latency: 0.3373842251021415
Latency: 0.33848881209269166
Latency: 0.3429763240274042
Latency: 0.3443678009789437
Latency: 0.34517839597538114
Latency: 0.34505442599765956
Latency: 0.3463811019901186
Latency: 0.34781352104619145
Latency: 0.349179474869743
Latency: 0.3479567700996995
Latency: 0.34931684704497457
Latency: 0.35071819508448243
Latency: 0.35208077100105584
Latency: 0.353487754939124
Latency: 0.35485195997171104
Latency: 0.35625113802962005
Latency: 0.3695205030962825
Latency: 0.3705489649437368
Latency: 0.37193141714669764
Latency: 0.36896714684553444
Latency: 0.37036541290581226
Latency: 0.37176292506046593
Latency: 0.37530176085419953
Latency: 0.37674092897213995
Latency: 0.3781245709396899
Latency: 0.38449242408387363
Latency: 0.3842960528563708
Latency: 0.3779886499978602
Latency: 0.37935854285024107
Latency: 0.38074755808338523
Latency: 0.3821400150191039
Latency: 0.3869607539381832
Latency: 0.3836130709387362
Latency: 0.3849659329280257
Latency: 0.38955889106728137
Latency: 0.3706131619401276
Latency: 0.33683828613720834
Latency: 0.3432787840720266
Latency: 0.33966680709272623
Latency: 0.3401877349242568
Latency: 0.34139315504580736
Latency: 0.3441960169002414
Latency: 0.3537389659322798
Latency: 0.3684134860523045
Latency: 0.2740263200830668
Latency: 0.27644012589007616
Latency: 0.2778745898976922
Latency: 0.2791446519549936
Latency: 0.28048627101816237
Latency: 0.28192548197694123
Latency: 0.2832525859121233
Latency: 0.2846934590488672
Latency: 0.2972174750175327
Latency: 0.2888643490150571
Latency: 0.29043540987186134
Latency: 0.2916816009674221
Latency: 0.2931290380656719
Latency: 0.29448667098768055
Latency: 0.2958553631324321
Latency: 0.29730964195914567
Latency: 0.29870190820656717
Latency: 0.3000855359714478
Latency: 0.3055907660163939
Latency: 0.3043900430202484
Latency: 0.3057647990062833
Latency: 0.3071484591346234
Latency: 0.3061405410990119
Latency: 0.30753385415300727
Latency: 0.3088766869623214
Latency: 0.31010184017941356
Latency: 0.30694499099627137
Latency: 0.30831891391426325
Latency: 0.31405322114005685
Latency: 0.3154444561805576
Latency: 0.31682380801066756
Latency: 0.3182366229593754
Latency: 0.3198377510998398
Latency: 0.3211783410515636
Latency: 0.3225600530859083
Latency: 0.3239017529413104
Latency: 0.3246562199201435
Latency: 0.32493068906478584
Latency: 0.32468739803880453
Latency: 0.3260987380053848
Latency: 0.32744032400660217
Latency: 0.3264967300929129
Latency: 0.3278536209836602
Latency: 0.3302460350096226
Latency: 0.33162914495915174
Latency: 0.345619574887678
Latency: 0.34730726294219494
Latency: 0.34059312799945474
Latency: 0.342015866888687
Latency: 0.3434196449816227
Latency: 0.3448091170284897
Latency: 0.34615327091887593
Latency: 0.35717703797854483
Latency: 0.35750950197689235
Latency: 0.3477408930193633
Latency: 0.332088255090639
Latency: 0.3358153880108148
Latency: 0.34164106799289584
Latency: 0.2991173709742725
Latency: 0.25901446398347616
Latency: 0.26032605208456516
Latency: 0.2617946609389037
Latency: 0.3003166310954839
Latency: 0.2881825971417129
Latency: 0.3132242939900607
Latency: 0.3001697037834674
Latency: 0.30145624396391213
Latency: 0.30289416317828
Latency: 0.304259676951915
Latency: 0.30562183586880565
Latency: 0.3070295511279255
Latency: 0.3083884669467807
Latency: 0.3089528139680624
Latency: 0.31848794408142567
Latency: 0.31766170100308955
Latency: 0.3261797099839896
Latency: 0.33376104198396206
Latency: 0.33523393888026476
Latency: 0.3365581159014255
Latency: 0.33817469608038664
Latency: 0.33962121489457786
Latency: 0.3409849121235311
Latency: 0.33621589886024594
Latency: 0.33734360593371093
Latency: 0.3387010821606964
Latency: 0.34002541098743677
Latency: 0.341437446186319
Latency: 0.3428406030870974
Latency: 0.3442569309845567
Latency: 0.34563683485612273
Latency: 0.3470451079774648
Latency: 0.35184384300373495
Latency: 0.3498811391182244
Latency: 0.3513047909364104
Latency: 0.35291190911084414
Latency: 0.3543281410820782
Latency: 0.355742400046438
Latency: 0.35715784202329814
Latency: 0.3585151578299701
Latency: 0.3639761251397431
Latency: 0.3653596139047295
Latency: 0.3667631179559976
Latency: 0.36816187016665936
Latency: 0.36955131008289754
Latency: 0.3709734370931983
Latency: 0.37238281802274287
Latency: 0.373773637926206
Latency: 0.37512636580504477
Latency: 0.37650792417116463
Latency: 0.3779381229542196
Latency: 0.3793280359823257
Latency: 0.38376353587955236
Latency: 0.38249596301466227
Latency: 0.38299088180065155
Latency: 0.3879138308111578
Latency: 0.38930012308992445
Latency: 0.3823533561080694
Latency: 0.38697745301760733
Latency: 0.38834202103316784
Latency: 0.3924127190839499
Latency: 0.39423730899579823
Latency: 0.36017610505223274
Latency: 0.35082534700632095
Latency: 0.3076081480830908
Latency: 0.3089772469829768
Latency: 0.32745385100133717
Latency: 0.31207029498182237
Latency: 0.31331820297054946
Latency: 0.26117897708900273
Latency: 0.2634841038379818
Latency: 0.26472679316066206
Latency: 0.26608720794320107
Latency: 0.26749702100642025
Latency: 0.2688863549847156
Latency: 0.27023646607995033
Latency: 0.2716619640123099
Latency: 0.2791068160440773
Latency: 0.3004548877943307
Latency: 0.2927207089960575
Latency: 0.29291715496219695
Latency: 0.29166411980986595
Latency: 0.29254600894637406
Latency: 0.29356933711096644
Latency: 0.29394549410790205
Latency: 0.30120096914470196
Latency: 0.3010724091436714
Latency: 0.3024694169871509
Latency: 0.3038045521825552
Latency: 0.3052030950784683
Latency: 0.30662217596545815
Latency: 0.30800757091492414
Latency: 0.30945144104771316
Latency: 0.3108471310697496
Latency: 0.3122490521054715
Latency: 0.31365462811663747
Latency: 0.31486023194156587
Latency: 0.3161542809102684
Latency: 0.3179564119782299
Latency: 0.31936690397560596
Latency: 0.3208030459936708
Latency: 0.3222151258960366
Latency: 0.3236124599352479
Latency: 0.32499537500552833
Latency: 0.320597053039819
Latency: 0.32196946791373193
Latency: 0.32334603904746473
Latency: 0.3246980430558324
Latency: 0.32607682002708316
Latency: 0.32748823892325163
Latency: 0.32888840697705746
Latency: 0.33736031386069953
Latency: 0.33881382597610354
Latency: 0.3402022880036384
Latency: 0.34075341117568314
Latency: 0.3420885510277003
Latency: 0.34348472696729004
Latency: 0.34493016893975437
Latency: 0.35105384211055934
Latency: 0.34787444793619215
Latency: 0.345086193876341
Latency: 0.34639637009240687
Latency: 0.3516541358549148
Latency: 0.35316100902855396
Latency: 0.3413463421165943
Latency: 0.3279480589553714
Latency: 0.3229110259562731
Latency: 0.28175458684563637
Latency: 0.282847051974386
Latency: 0.28426169184967875
Latency: 0.31702036317437887
Latency: 0.31926791393198073
Latency: 0.32060609199106693
Latency: 0.32703087804839015
Latency: 0.32827605097554624
Latency: 0.32907986105419695
Latency: 0.3305154961999506
Latency: 0.3329043360427022
Latency: 0.3339997639413923
Latency: 0.3352688951417804
Latency: 0.34217945393174887
Latency: 0.3283914120402187
Latency: 0.34616975113749504
Latency: 0.34743945696391165
Latency: 0.34419625997543335
Latency: 0.3455115961842239
Latency: 0.35062368493527174
Latency: 0.3486230340786278
Latency: 0.34996094601228833
Latency: 0.3542408801149577
Latency: 0.3555809441022575
Latency: 0.3546810308471322
Latency: 0.3560212180018425
Latency: 0.3573924310039729
Latency: 0.3587765640113503
Latency: 0.3601322958711535
Latency: 0.3615520768798888
Latency: 0.3629056070931256
Latency: 0.3581303230021149
Latency: 0.35954857198521495
Latency: 0.3609337790403515
Latency: 0.3621078229043633
Latency: 0.36349647701717913
Latency: 0.36485089804045856
Latency: 0.3662372000981122
Latency: 0.3676329730078578
Latency: 0.36900497297756374
Latency: 0.3703831718303263
Latency: 0.3716171309351921
Latency: 0.37300464208237827
Latency: 0.37438934692181647
Latency: 0.3758326559327543
Latency: 0.3768808310851455
Latency: 0.3782689608633518
Latency: 0.3798094028607011
Latency: 0.3796863208990544
Latency: 0.38515284517779946
Latency: 0.3864205991849303
Latency: 0.38780242507345974
Latency: 0.38920587697066367
Latency: 0.3901435909792781
Latency: 0.391528561944142
Latency: 0.38909302093088627
Latency: 0.3893965429160744
Latency: 0.39059906895272434
Latency: 0.3956022479105741
Latency: 0.39957558712922037
Latency: 0.40469691599719226
Latency: 0.38406484480947256
Latency: 0.38527695182710886
Latency: 0.36197885498404503
Latency: 0.29123464901931584
Latency: 0.2924811439588666
Latency: 0.2938463978935033
Latency: 0.29451332497410476
Latency: 0.28725834912620485
Latency: 0.31661758106201887
Latency: 0.2583516559097916
Latency: 0.25993222184479237
Latency: 0.26122450502589345
Latency: 0.262621495872736
Latency: 0.2637174869887531
Latency: 0.2740101770032197
Latency: 0.2754063450265676
Latency: 0.27308566495776176
Latency: 0.27433095802553
Latency: 0.2805394718889147
Latency: 0.28102629096247256
Latency: 0.28239891515113413
Latency: 0.2908205969724804
Latency: 0.29218981182202697
Latency: 0.29360462189652026
Latency: 0.2950288278516382
Latency: 0.28260230203159153
Latency: 0.2839928960893303
Latency: 0.285360791021958
Latency: 0.28674009698443115
Latency: 0.28814763808622956
Latency: 0.28926936094649136
Latency: 0.2906833370216191
Latency: 0.2920522119384259
Latency: 0.2934194279368967
Latency: 0.29490480991080403
Latency: 0.2962551631499082
Latency: 0.2976407369133085
Latency: 0.29904545610770583
Latency: 0.30010641110129654
Latency: 0.301448788959533
Latency: 0.302898951806128
Latency: 0.3042714081238955
Latency: 0.30924690794199705
Latency: 0.31064228690229356
Latency: 0.3120920420624316
Latency: 0.31349411490373313
Latency: 0.3177001001313329
Latency: 0.3190838859882206
Latency: 0.32052989793010056
Latency: 0.3219425289425999
Latency: 0.3232881990261376
Latency: 0.3247358249500394
Latency: 0.32637915713712573
Latency: 0.3262347129639238
Latency: 0.3276526900008321
Latency: 0.32899881387129426
Latency: 0.3304394851438701
Latency: 0.3318322850391269
Latency: 0.32765447394922376
Latency: 0.3380492690484971
Latency: 0.339443271048367
Latency: 0.34082443080842495
Latency: 0.33314313809387386
Latency: 0.33310741116292775
Latency: 0.3399184287991375
Latency: 0.3058485339861363
Latency: 0.3033383321017027
Latency: 0.3372507488820702
Latency: 0.33866111701354384
Latency: 0.3469508630223572
Latency: 0.34834762406535447
Latency: 0.3516319948248565
Latency: 0.3536142958328128
Latency: 0.33334634988568723
Latency: 0.3478412660770118
Latency: 0.3483891061041504
Latency: 0.3497364579234272
Latency: 0.351164226885885
Latency: 0.36075872788205743
Latency: 0.36216379795223475
Latency: 0.3378482209518552
Latency: 0.33918590005487204
Latency: 0.327821145998314
Latency: 0.33639920013956726
Latency: 0.33772577601484954
Latency: 0.3403992881067097
Latency: 0.33798887906596065
Latency: 0.339137754868716
Latency: 0.34040068089962006
Latency: 0.34012998291291296
Latency: 0.3348575020208955
Latency: 0.33598864101804793
Latency: 0.3373303359840065
Latency: 0.3385778679512441
Latency: 0.3401460030581802
Latency: 0.34166574105620384
Latency: 0.34287271299399436
Latency: 0.3442128768656403
Latency: 0.34265425382182
Latency: 0.34404987609013915
Latency: 0.35501118702813983
Latency: 0.3564390412066132
Latency: 0.3576584681868553
Latency: 0.35910987202078104
Latency: 0.36046184320002794
Latency: 0.36185176600702107
Latency: 0.3632386850658804
Latency: 0.36413475195877254
Latency: 0.36834174301475286
Latency: 0.3690904090180993
Latency: 0.3651065710000694
Latency: 0.3664235968608409
Latency: 0.3678272869437933
Latency: 0.3692134339362383
Latency: 0.3705844529904425
Latency: 0.3714884831570089
Latency: 0.3703297390602529
Latency: 0.3717384079936892
Latency: 0.3733762209303677
Latency: 0.3748142831027508
Latency: 0.3762753389310092
Latency: 0.3806316249538213
Latency: 0.38739848509430885
Latency: 0.3887728489935398
Latency: 0.39010348496958613
Latency: 0.3915411198977381
Latency: 0.38433719519525766
Latency: 0.3856598718557507
Latency: 0.319035752909258
Latency: 0.31867071613669395
Latency: 0.3095166189596057
Latency: 0.3017920730635524
Latency: 0.3030791780911386
Latency: 0.2941118960734457
Latency: 0.2954590788576752
Latency: 0.3124858159571886
Latency: 0.3069696631282568
Latency: 0.28991622594185174
Latency: 0.2647968370001763
Latency: 0.27169408998452127
Latency: 0.27291722409427166
Latency: 0.2875291630625725
Latency: 0.28254031715914607
Latency: 0.2839209900703281
Latency: 0.2743040448985994
Latency: 0.2756639008875936
Latency: 0.27703639189712703
Latency: 0.28177257790230215
Latency: 0.2832589130848646
Latency: 0.29054020694456995
Latency: 0.29193876101635396
Latency: 0.2932483290787786
Latency: 0.29452770901843905
Latency: 0.29591371305286884
Latency: 0.29727847897447646
Latency: 0.2986750060226768
Latency: 0.30009126802906394
Latency: 0.3006744629237801
Latency: 0.3020042481366545
Latency: 0.3085755920037627
Latency: 0.3099841258954257
Latency: 0.3113923149649054
Latency: 0.3139681271277368
Latency: 0.3152789790183306
Latency: 0.31538851209916174
Latency: 0.31677667307667434
Latency: 0.31816920707933605
Latency: 0.319571984000504
Latency: 0.32101015094667673
Latency: 0.32241223799064755
Latency: 0.322811686899513
Latency: 0.32419137307442725
Latency: 0.3215225550811738
Latency: 0.3229073209222406
Latency: 0.3242881160695106
Latency: 0.32565587293356657
Latency: 0.3257833169773221
Latency: 0.327185814967379
Latency: 0.32829666999168694
Latency: 0.32975688902661204
Latency: 0.3311611879616976
Latency: 0.33883580891415477
Latency: 0.34024729183875024
Latency: 0.3416751560289413
Latency: 0.34302521916106343
Latency: 0.34595600701868534
Latency: 0.33639205410145223
Latency: 0.33781078993342817
Latency: 0.3488137179519981
Latency: 0.35388026502914727
Latency: 0.3057790701277554
Latency: 0.30532985902391374
Latency: 0.30531241395510733
Latency: 0.3080856208689511
Latency: 0.3329398729838431
Latency: 0.3247349050361663
Latency: 0.3259721838403493
Latency: 0.35087896999903023
Latency: 0.3522596980910748
Latency: 0.3476221568416804
Latency: 0.3485159161500633
Latency: 0.3283867889549583
Latency: 0.3296414390206337
Latency: 0.3199729360640049
Latency: 0.32130650780163705
Latency: 0.31151900882832706
Latency: 0.3125400869175792
Latency: 0.3140011481009424
Latency: 0.31503465096466243
Latency: 0.31642609904520214
Latency: 0.3181224730797112
Latency: 0.336470017908141
Latency: 0.3388343558181077
Latency: 0.3360896878875792
Latency: 0.33449997706338763
Latency: 0.34387844800949097
Latency: 0.34519069478847086
Latency: 0.34937478601932526
Latency: 0.350538806989789
Latency: 0.351953255943954
Latency: 0.3533100560307503
Latency: 0.3481984029058367
Latency: 0.3495539389550686
Latency: 0.35010574711486697
Latency: 0.3510687770321965
Latency: 0.35245127510279417
Latency: 0.35382801899686456
Latency: 0.3552133028861135
Latency: 0.3566223639063537
Latency: 0.3582788398489356
Latency: 0.35971251293085515
Latency: 0.3611495199147612
Latency: 0.36257647816091776
Latency: 0.36795814894139767
Latency: 0.3690864599775523
Latency: 0.370744118001312
Latency: 0.37207047105766833
Latency: 0.37067461013793945
Latency: 0.37207771791145205
Latency: 0.3734428200405091
Latency: 0.37480785488151014
Latency: 0.3762189808767289
Latency: 0.3890764690004289
Latency: 0.390452201012522
Latency: 0.3855616319924593
Latency: 0.38583283103071153
Latency: 0.3888097039889544
Latency: 0.39013837091624737
Latency: 0.3915981010068208
Latency: 0.39255178696475923
Latency: 0.3929166211746633
Latency: 0.3937210291624069
Latency: 0.39497097209095955
Latency: 0.3837739590089768
Latency: 0.2808205960318446
Latency: 0.282239523017779
Latency: 0.3018024761695415
Latency: 0.3047061529941857
Latency: 0.26755799003876746
Latency: 0.2687335289083421
Latency: 0.2701033130288124
Latency: 0.2610798538662493
Latency: 0.2622636118903756
Latency: 0.28434601007029414
Latency: 0.28575544618070126
Latency: 0.2548871280159801
Latency: 0.2562178100924939
Latency: 0.2572393019217998
Latency: 0.26471601286903024
Latency: 0.26611949084326625
Latency: 0.2816295870579779
Latency: 0.2826162460260093
Latency: 0.28402421390637755
Latency: 0.28543437784537673
Latency: 0.28681260417215526
Latency: 0.2842534340452403
Latency: 0.2856279311235994
Latency: 0.2869613531511277
Latency: 0.29645262006670237
Latency: 0.30369465379044414
Latency: 0.3051129428204149
Latency: 0.29381970805116
Latency: 0.29484816105104983
Latency: 0.2959342049434781
Latency: 0.2970143149141222
Latency: 0.29756737500429153
Latency: 0.29835971305146813
Latency: 0.2997563148383051
Latency: 0.29999464098364115
Latency: 0.30139856203459203
Latency: 0.30671536293812096
Latency: 0.30811754520982504
Latency: 0.3095500119961798
Latency: 0.31547729298472404
Latency: 0.31697645015083253
Latency: 0.3184026831295341
Latency: 0.3198046609759331
Latency: 0.32119847810827196
Latency: 0.32260160287842155
Latency: 0.3229020428843796
Latency: 0.3242535521276295
Latency: 0.32562606083229184
Latency: 0.3270195689983666
Latency: 0.32861505704931915
Latency: 0.33010070002637804
Latency: 0.3314639711752534
Latency: 0.33290561800822616
Latency: 0.33815327915363014
Latency: 0.33956612297333777
Latency: 0.3409820629749447
Latency: 0.34801333700306714
Latency: 0.3494039289653301
Latency: 0.35089794313535094
Latency: 0.33597909403033555
Latency: 0.33662341395393014
Latency: 0.33645386900752783
Latency: 0.3402268630452454
Latency: 0.34159166109748185
Latency: 0.33406725199893117
Latency: 0.33552053081803024
Latency: 0.36230055382475257
Latency: 0.3568961350247264
Latency: 0.33271116600371897
Latency: 0.3341155641246587
Latency: 0.33546168683096766
Latency: 0.3367911179084331
Latency: 0.33810214092954993
Latency: 0.32421058998443186
Latency: 0.34832295891828835
Latency: 0.3237010061275214
Latency: 0.32500105700455606
Latency: 0.3263222810346633
Latency: 0.31684190896339715
Latency: 0.3182336080353707
Latency: 0.3168671268504113
Latency: 0.31808930286206305
Latency: 0.33308829506859183
Latency: 0.3343060661572963
Latency: 0.3356883218511939
Latency: 0.33681744895875454
Latency: 0.34579390101134777
Latency: 0.34722849098034203
Latency: 0.3450619059149176
Latency: 0.3418607560452074
Latency: 0.34317856398411095
Latency: 0.3447308870963752
Latency: 0.3461033080238849
Latency: 0.3464373101014644
Latency: 0.3478292101062834
Latency: 0.3491991441696882
Latency: 0.35059068305417895
Latency: 0.3520012099761516
Latency: 0.35357945901341736
Latency: 0.3550724731758237
Latency: 0.3561723430175334
Latency: 0.35756774991750717
Latency: 0.3589317330624908
Latency: 0.35885366797447205
Latency: 0.36022956599481404
Latency: 0.36158574582077563
Latency: 0.3629730448592454
Latency: 0.36848169402219355
Latency: 0.3699291250668466
Latency: 0.37138576712459326
Latency: 0.375462737865746
Latency: 0.3768798178061843
Latency: 0.3781737480312586
Latency: 0.37963034212589264
Latency: 0.3810054138302803
Latency: 0.38586789881810546
Latency: 0.38735868711955845
Latency: 0.39268045709468424
Latency: 0.3940940760076046
Latency: 0.3954945500008762
Latency: 0.3434751720633358
Latency: 0.3446631960105151
Latency: 0.3459585150703788
Latency: 0.3473086808808148
Latency: 0.3397228210233152
Latency: 0.33209227002225816
Latency: 0.33572010789066553
Latency: 0.3369599268771708
Latency: 0.3417685779277235
Latency: 0.34897460509091616
Latency: 0.2985760609153658
Latency: 0.3022989500313997
Latency: 0.28549664304591715
Latency: 0.28693280299194157
Latency: 0.2882850042078644
Latency: 0.2896438199095428
Latency: 0.2911078620236367
Latency: 0.2924994840286672
Latency: 0.2851219230797142
Latency: 0.2679221259895712
Latency: 0.26905801706016064
Latency: 0.27043012296780944
Latency: 0.2782654669135809
Latency: 0.27973227319307625
Latency: 0.28445567609742284
Latency: 0.26969538209959865
Latency: 0.27049933886155486
Latency: 0.2718729239422828
Latency: 0.27291331999003887
Latency: 0.2734670299105346
Latency: 0.28721838304772973
Latency: 0.3374947961419821
Latency: 0.33880427200347185
Latency: 0.34014451992698014
Latency: 0.34138709492981434
Latency: 0.33325532590970397
Latency: 0.34681813791394234
Latency: 0.3482069468591362
Latency: 0.3492467477917671
Latency: 0.34887004899792373
Latency: 0.34966920386068523
Latency: 0.35100342403165996
Latency: 0.3521335618570447
Latency: 0.3529863671865314
Latency: 0.3543679900467396
Latency: 0.35574584687128663
Latency: 0.35712150298058987
Latency: 0.35763567104004323
Latency: 0.35897812503390014
Latency: 0.36034470913000405
Latency: 0.3617341371718794
Latency: 0.35948386206291616
Latency: 0.3608165050391108
Latency: 0.3621608749963343
Latency: 0.3742037389893085
Latency: 0.3756897449493408
Latency: 0.377110862871632
Latency: 0.37852244800888
Latency: 0.3799457100685686
Latency: 0.3809894910082221
Latency: 0.3823537048883736
Latency: 0.37556456797756255
Latency: 0.37698296504095197
Latency: 0.37832550588063896
Latency: 0.3796924790367484
Latency: 0.3811388360336423
Latency: 0.3824579401407391
Latency: 0.3838296281173825
Latency: 0.38521579606458545
Latency: 0.3920152329374105
Latency: 0.38616853184066713
Latency: 0.3867976979818195
Latency: 0.3904746880289167
Latency: 0.3918416209053248
Latency: 0.3565595089457929
Latency: 0.33792700595222414
Latency: 0.3340384040493518
Latency: 0.3354451679624617
Latency: 0.34297503414563835
Latency: 0.3442806659732014
Latency: 0.3455111470539123
Latency: 0.3468986409716308
Latency: 0.3482680949382484
Latency: 0.29588368302211165
Latency: 0.2970860409550369
Latency: 0.3048474669922143
Latency: 0.2883055810816586
Latency: 0.2905282541178167
Latency: 0.27766288886778057
Latency: 0.2788086941000074
Latency: 0.28026784490793943
Latency: 0.28144235885702074
Latency: 0.2828399979043752
Latency: 0.28418189217336476
Latency: 0.2827026629820466
Latency: 0.28690229589119554
Latency: 0.29851443809457123
Latency: 0.29991900781169534
Latency: 0.30131283891387284
Latency: 0.30269669205881655
Latency: 0.29255581088364124
Latency: 0.29364180099219084
Latency: 0.294803265016526
Latency: 0.2961949519813061
Latency: 0.2974329979624599
Latency: 0.29890301707200706
Latency: 0.29998078499920666
Latency: 0.3013468610588461
Latency: 0.3027870748192072
Latency: 0.30424901214428246
Latency: 0.3056310308165848
Latency: 0.30660656886175275
Latency: 0.3079767960589379
Latency: 0.316493279999122
Latency: 0.3178999291267246
Latency: 0.3192541729658842
Latency: 0.3236869100946933
Latency: 0.32445080881007016
Latency: 0.3235018430277705
Latency: 0.3248928668908775
Latency: 0.3262716841418296
Latency: 0.327663087984547
Latency: 0.329074801877141
Latency: 0.3379611340351403
Latency: 0.33933256985619664
Latency: 0.3407113798893988
Latency: 0.3420716261025518
Latency: 0.3434796829242259
Latency: 0.34485639980994165
Latency: 0.3463079119101167
Latency: 0.34771360410377383
Latency: 0.34913331689313054
Latency: 0.35290065105073154
Latency: 0.3429466439411044
Latency: 0.34430844499729574
Latency: 0.3457294248510152
Latency: 0.3450306709855795
Latency: 0.35247482103295624
Latency: 0.30639901594258845
Latency: 0.2894989768974483
Latency: 0.286830959841609
Latency: 0.2882653889246285
Latency: 0.29164899280294776
Latency: 0.293083222117275
Latency: 0.3078132930677384
Latency: 0.30925457109697163
Latency: 0.3105761129409075
Latency: 0.3308435471262783
Latency: 0.3322351931128651
Latency: 0.3274142218288034
Latency: 0.3287651769351214
Latency: 0.33591377292759717
Latency: 0.3086175580974668
Latency: 0.3221422170754522
Latency: 0.323561908910051
Latency: 0.3247630859259516
Latency: 0.32612105808220804
Latency: 0.32749194791540504
Latency: 0.3285534370224923
Latency: 0.3271614830009639
Latency: 0.326136709889397
Latency: 0.32749929395504296
Latency: 0.3288799598813057
Latency: 0.33023899095132947
Latency: 0.33165059704333544
Latency: 0.33305081888101995
Latency: 0.3427164959721267
Latency: 0.34806113387458026
Latency: 0.34906563395634294
Latency: 0.3504507299512625
Latency: 0.3519325971137732
Latency: 0.3533473680727184
Latency: 0.3547394999768585
Latency: 0.3560962029732764
Latency: 0.3574889109004289
Latency: 0.3589138260576874
Latency: 0.3639553899411112
Latency: 0.373066013911739
Latency: 0.36710431007668376
Latency: 0.36847030697390437
Latency: 0.3718619158025831
Latency: 0.37329740007407963
Latency: 0.3746606269851327
Latency: 0.37605711282230914
Latency: 0.3774901609867811
Latency: 0.3788458751514554
Latency: 0.3802887292113155
Latency: 0.3697082679718733
Latency: 0.3710342040285468
Latency: 0.37221136409789324
Latency: 0.37354541290551424
Latency: 0.3749133278615773
Latency: 0.38059812178835273
Latency: 0.3884953218512237
Latency: 0.3899122111033648
Latency: 0.39131797989830375
Latency: 0.38209249707870185
Latency: 0.39179810089990497
Latency: 0.39162341388873756
Latency: 0.3811205599922687
Latency: 0.3874617659021169
Latency: 0.36533336504362524
Latency: 0.346203361870721
Latency: 0.3564782610628754
Latency: 0.34137773094698787
Latency: 0.3427229078952223
Latency: 0.34402922983281314
Latency: 0.35135244112461805
Latency: 0.33611874701455235
Latency: 0.3374992038588971
Latency: 0.3388723370153457
Latency: 0.2680657741148025
Latency: 0.2694597390946001
Latency: 0.27859505312517285
Latency: 0.27996448101475835
Latency: 0.2834669700823724
Latency: 0.28433870803564787
Latency: 0.2776964381337166
Latency: 0.27893481007777154
Latency: 0.28028263500891626
Latency: 0.2814403169322759
Latency: 0.28280952596105635
Latency: 0.28389790188521147
Latency: 0.2852578640449792
Latency: 0.2866408240515739
Latency: 0.2878006419632584
Latency: 0.28927572211250663
Latency: 0.2981869319919497
Latency: 0.2995681550819427
Latency: 0.30052808695472777
Latency: 0.30752225406467915
Latency: 0.3072213039267808
Latency: 0.3086469299159944
Latency: 0.3100517080165446
Latency: 0.31140933209098876
Latency: 0.3128397949039936
Latency: 0.3142112491186708
Latency: 0.31017474411055446
Latency: 0.3183474838733673
Latency: 0.32326705008745193
Latency: 0.32436854112893343
Latency: 0.3258220520801842
Latency: 0.3272507528308779
Latency: 0.32866449910216033
Latency: 0.3223194188904017
Latency: 0.3235720298253
Latency: 0.32495267293415964
Latency: 0.3263193080201745
Latency: 0.32770040491595864
Latency: 0.3290963398758322
Latency: 0.3304230871144682
Latency: 0.33182808104902506
Latency: 0.333205949049443
Latency: 0.33464470598846674
Latency: 0.33606776501983404
Latency: 0.33745639119297266
Latency: 0.33908930397592485
Latency: 0.3329020910896361
Latency: 0.3343335560057312
Latency: 0.3400458530522883
Latency: 0.3398094321601093
Latency: 0.3331001929473132
Latency: 0.34071034495718777
Latency: 0.342269707005471
Latency: 0.323263319209218
Latency: 0.3244076098781079
Latency: 0.2596019790507853
Latency: 0.30725941504351795
Latency: 0.2965873070061207
Latency: 0.2806045429315418
Latency: 0.28200942394323647
Latency: 0.29158978699706495
Latency: 0.29300696891732514
Latency: 0.29417723091319203
Latency: 0.29557929490692914
Latency: 0.3134483902249485
Latency: 0.31468534492887557
Latency: 0.3285875339061022
Latency: 0.32966815191321075
Latency: 0.3224483970552683
Latency: 0.3236461461056024
Latency: 0.32472565211355686
Latency: 0.32608642405830324
Latency: 0.327090053120628
Latency: 0.3285012550186366
Latency: 0.35016359691508114
Latency: 0.3469370608218014
Latency: 0.3481493799481541
Latency: 0.34962733602151275
Latency: 0.35075037414208055
Latency: 0.3521401558537036
Latency: 0.3505232590250671
Latency: 0.35190648096613586
Latency: 0.3532575361896306
Latency: 0.3520448280032724
Latency: 0.3534070448949933
Latency: 0.35478713107295334
Latency: 0.3536515689920634
Latency: 0.3593641680199653
Latency: 0.36202348698861897
Latency: 0.36257260595448315
Latency: 0.3687170101329684
Latency: 0.370093114906922
Latency: 0.36391846113838255
Latency: 0.36495922482572496
Latency: 0.3779600791167468
Latency: 0.37935105594806373
Latency: 0.38047533319331706
Latency: 0.3818684141151607
Latency: 0.3832517908886075
Latency: 0.38464855891652405
Latency: 0.3850962510332465
Latency: 0.38644562382251024
Latency: 0.38780553289689124
Latency: 0.3891779298428446
Latency: 0.39051577588543296
Latency: 0.3918758400250226
Latency: 0.39940802892670035
Latency: 0.40084026101976633
Latency: 0.4022589800879359
Latency: 0.40231644501909614
Latency: 0.4028702068608254
Latency: 0.40267170988954604
Latency: 0.4040566871408373
Latency: 0.40821107011288404
Latency: 0.4096561288461089
Latency: 0.3915253900922835
Latency: 0.39281346020288765
Latency: 0.40396839077584445
Latency: 0.40828692889772356
Latency: 0.3395921678747982
Latency: 0.3620700759347528
Latency: 0.36315962113440037
Latency: 0.29542271606624126
Latency: 0.2968362008687109
Latency: 0.2894680188037455
Latency: 0.29082211502827704
Latency: 0.29215003293938935
Latency: 0.3077912188600749
Latency: 0.3019223241135478
Latency: 0.30934241600334644
Latency: 0.27500516502186656
Latency: 0.27642247593030334
Latency: 0.2776999098714441
Latency: 0.27904177783057094
Latency: 0.28053199290297925
Latency: 0.2819063258357346
Latency: 0.2833613520488143
Latency: 0.29433582886122167
Latency: 0.29489436699077487
Latency: 0.29617335298098624
Latency: 0.29723490099422634
Latency: 0.29393132007680833
Latency: 0.2952347779646516
Latency: 0.29639625712297857
Latency: 0.2977668691892177
Latency: 0.29886884707957506
Latency: 0.3002225218806416
Latency: 0.3065077899955213
Latency: 0.3075744090601802
Latency: 0.31348014692775905
Latency: 0.31489285291172564
Latency: 0.31294831493869424
Latency: 0.3143153740093112
Latency: 0.3157335459254682
Latency: 0.3134692069143057
Latency: 0.3149379170499742
Latency: 0.31628922815434635
Latency: 0.31772470311261714
Latency: 0.31869669700972736
Latency: 0.3201188768725842
Latency: 0.3215073891915381
Latency: 0.32291837711818516
Latency: 0.32397303311154246
Latency: 0.32530775805935264
Latency: 0.3267153629567474
Latency: 0.33248962508514524
Latency: 0.33393001882359385
Latency: 0.33535986486822367
Latency: 0.336794450879097
Latency: 0.33814650285057724
Latency: 0.3337079619523138
Latency: 0.34574629412963986
Latency: 0.34714295994490385
Latency: 0.3485372578725219
Latency: 0.33957188087515533
Latency: 0.34491448593325913
Latency: 0.3453756331000477
Latency: 0.34585251403041184
Latency: 0.3472337687853724
Latency: 0.34386380203068256
Latency: 0.3453270639292896
Latency: 0.3349103929940611
Latency: 0.3250010299962014
Latency: 0.29161853389814496
Latency: 0.2790424779523164
Latency: 0.2804176851641387
Latency: 0.28182498808018863
Latency: 0.30080558406189084
Latency: 0.30229728878475726
Latency: 0.3036947390064597
Latency: 0.305131692904979
Latency: 0.30179236689582467
Latency: 0.3283979098778218
Latency: 0.3348461140412837
Latency: 0.3224861049093306
Latency: 0.32367735309526324
Latency: 0.32620951090939343
Latency: 0.32742274389602244
Latency: 0.3287942868191749
Latency: 0.33017770387232304
Latency: 0.3399632549844682
Latency: 0.3358914030250162
Latency: 0.336292919004336
Latency: 0.33757949294522405
Latency: 0.3389781459700316
Latency: 0.33899075095541775
Latency: 0.3392621888779104
Latency: 0.34166900999844074
Latency: 0.34140709904022515
Latency: 0.34769156691618264
Latency: 0.3490794550161809
Latency: 0.3539893161505461
Latency: 0.3553479181136936
Latency: 0.35414547892287374
Latency: 0.3554818299598992
Latency: 0.35686872503720224
Latency: 0.35824331687763333
Latency: 0.3596218430902809
Latency: 0.36105533596128225
Latency: 0.36242265603505075
Latency: 0.3637995361350477
Latency: 0.36520648188889027
Latency: 0.3635943189729005
Latency: 0.36495248205028474
Latency: 0.3643775209784508
Latency: 0.3657529940828681
Latency: 0.3671566331759095
Latency: 0.3700133222155273
Latency: 0.37143762805499136
Latency: 0.37289703800342977
Latency: 0.3743068091571331
Latency: 0.38304952695034444
Latency: 0.3844146460760385
Latency: 0.39128485205583274
Latency: 0.3926970630418509
Latency: 0.39068622095510364
Latency: 0.39212521305307746
Latency: 0.39883939106948674
Latency: 0.3987847699318081
Latency: 0.39518952812068164
Latency: 0.3964245819952339
Latency: 0.38863141601905227
Latency: 0.38877025293186307
Latency: 0.37960711610503495
Latency: 0.381044756853953
Latency: 0.35830735601484776
Latency: 0.30006610113196075
Latency: 0.2897126490715891
Latency: 0.2941722460091114
Latency: 0.29554984997957945
Latency: 0.29696604213677347
Latency: 0.2926004019100219
Latency: 0.293977847089991
Latency: 0.29529536399059
Latency: 0.2966906609944999
Latency: 0.29807672277092934
Latency: 0.29475753917358816
Latency: 0.2752743801102042
Latency: 0.2764459429308772
Latency: 0.2779099310282618
Latency: 0.2950416549574584
Latency: 0.29615472513251007
Latency: 0.2975472069811076
Latency: 0.2989507189486176
Latency: 0.30081026698462665
Latency: 0.3022477561607957
Latency: 0.3005360499955714
Latency: 0.30182656506076455
Latency: 0.30308889620937407
Latency: 0.30443008500151336
Latency: 0.30543694901280105
Latency: 0.3068135518115014
Latency: 0.3082374380901456
Latency: 0.3059068259317428
Latency: 0.30724908504635096
Latency: 0.30182937113568187
Latency: 0.3032161861192435
Latency: 0.30448998021893203
Latency: 0.30037455284036696
Latency: 0.30161127797327936
Latency: 0.30300257401540875
Latency: 0.30434975679963827
Latency: 0.31001577083952725
Latency: 0.31144230207428336
Latency: 0.3125458909198642
Latency: 0.3248685719445348
Latency: 0.32622780301608145
Latency: 0.32730025821365416
Latency: 0.3286943230777979
Latency: 0.3300862219184637
Latency: 0.33149232901632786
Latency: 0.33194657997228205
Latency: 0.33148705307394266
Latency: 0.33204937586560845
Latency: 0.3334440807811916
Latency: 0.33474189788103104
Latency: 0.3361534720752388
Latency: 0.33300330908969045
Latency: 0.350077347131446
Latency: 0.3532421439886093
Latency: 0.3562698771711439
Latency: 0.36528031690977514
Latency: 0.36680991505272686
Latency: 0.355303464923054
Latency: 0.35515913693234324
Latency: 0.3548929668031633
Latency: 0.35488771786913276
Latency: 0.3256701978389174
Latency: 0.3270157049410045
Latency: 0.3359929679427296
Latency: 0.2978453279938549
Latency: 0.299203144852072
Latency: 0.35394213488325477
Latency: 0.3552371459081769
Latency: 0.35637848312035203
Latency: 0.35752080590464175
Latency: 0.35885213501751423
Latency: 0.3601093450561166
Latency: 0.3614442190155387
Latency: 0.36361846304498613
Latency: 0.31909711519256234
Latency: 0.30481593613512814
Latency: 0.3136866199783981
Latency: 0.32647819607518613
Latency: 0.3249435022007674
Latency: 0.32635020720772445
Latency: 0.327559235971421
Latency: 0.34119657007977366
Latency: 0.34233787190169096
Latency: 0.34360374393872917
Latency: 0.3449151942040771
Latency: 0.3462898940779269
Latency: 0.3477116459980607
Latency: 0.34907214692793787
Latency: 0.3504396320786327
Latency: 0.3518553718458861
Latency: 0.353103952948004
Latency: 0.35450846515595913
Latency: 0.35586850601248443
Latency: 0.35704973596148193
Latency: 0.34981319797225296
Latency: 0.3601840289775282
Latency: 0.3615737990476191
Latency: 0.36296514491550624
Latency: 0.3643440678715706
Latency: 0.37090518418699503
Latency: 0.3723832319956273
Latency: 0.36756982700899243
Latency: 0.36878868797793984
Latency: 0.37017241888679564
Latency: 0.37144494196400046
Latency: 0.3730692658573389
Latency: 0.37428291188552976
Latency: 0.3756559679750353
Latency: 0.3770103568676859
Latency: 0.3784208169672638
Latency: 0.37937179603613913
Latency: 0.38075235788710415
Latency: 0.3941050439607352
Latency: 0.3955221709329635
Latency: 0.385721153113991
Latency: 0.38974688993766904
Latency: 0.3915227078832686
Latency: 0.39690396399237216
Latency: 0.398379263933748
Latency: 0.3970798528753221
Latency: 0.3984908149577677
Latency: 0.3868310370016843
Latency: 0.38695551292039454
Latency: 0.3095309508498758
Latency: 0.2893421940971166
Latency: 0.2974134951364249
Latency: 0.2972898120060563
Latency: 0.3220095969736576
Latency: 0.30654504313133657
Latency: 0.3079784407746047
Latency: 0.29631488397717476
Latency: 0.31415858096443117
Latency: 0.3156252179760486
Latency: 0.3180135558359325
Latency: 0.3193688918836415
Latency: 0.3207594510167837
Latency: 0.3221977138891816
Latency: 0.33391614304855466
Latency: 0.27264715800993145
Latency: 0.27405979903414845
Latency: 0.2889035469852388
Latency: 0.2822604621760547
Latency: 0.28369849594309926
Latency: 0.2931884569115937
Latency: 0.29460326489061117
Latency: 0.28856054483912885
Latency: 0.2900186600163579
Latency: 0.29119635303504765
Latency: 0.29256843705661595
Latency: 0.2939437939785421
Latency: 0.2951140629593283
Latency: 0.2964803611394018
Latency: 0.297872198978439
Latency: 0.2989665111526847
Latency: 0.31465315516106784
Latency: 0.3068635498639196
Latency: 0.30197123903781176
Latency: 0.3027555679436773
Latency: 0.3040969760622829
Latency: 0.30033352598547935
Latency: 0.3015996648464352
Latency: 0.3011887928005308
Latency: 0.3025516930501908
Latency: 0.32213063701055944
Latency: 0.3231922790873796
Latency: 0.3246006369590759
Latency: 0.3260186230763793
Latency: 0.32304244209080935
Latency: 0.3244820209220052
Latency: 0.3259227729868144
Latency: 0.32744477689266205
Latency: 0.328854639781639
Latency: 0.3302715530153364
Latency: 0.3316862159408629
Latency: 0.332977713085711
Latency: 0.33438793709501624
Latency: 0.3402976698707789
Latency: 0.3416242089588195
Latency: 0.34300268394872546
Latency: 0.34452208899892867
Latency: 0.3495473521761596
Latency: 0.34308512485586107
Latency: 0.3443867659661919
Latency: 0.3459074068814516
Latency: 0.3472381348256022
Latency: 0.31451732898131013
Latency: 0.3146505781915039
Latency: 0.3229394780937582
Latency: 0.3225974750239402
Latency: 0.3011434730142355
Latency: 0.3010877331253141
Latency: 0.35046256612986326
Latency: 0.33001918997615576
Latency: 0.34018054883927107
Latency: 0.334371916949749
Latency: 0.33013469516299665
Latency: 0.3492123319301754
Latency: 0.35054048895835876
Latency: 0.3520042879972607
Latency: 0.35341296903789043
Latency: 0.3724910088349134
Latency: 0.36555694905109704
Latency: 0.31632488197647035
Latency: 0.31747388700023293
Latency: 0.33985596895217896
Latency: 0.34116700082086027
Latency: 0.34254864999093115
Latency: 0.33864045795053244
Latency: 0.3400686769746244
Latency: 0.3312010399531573
Latency: 0.3325416150037199
Latency: 0.3338099289685488
Latency: 0.3351639260072261
Latency: 0.33653245284222066
Latency: 0.33773408411070704
Latency: 0.33911716705188155
Latency: 0.3476074889767915
Latency: 0.3487587010022253
Latency: 0.3569065039046109
Latency: 0.35775426402688026
Latency: 0.35471977782435715
Latency: 0.35607881797477603
Latency: 0.3574519050307572
Latency: 0.3588338550180197
Latency: 0.36054467502981424
Latency: 0.36198158701881766
Latency: 0.36336133093573153
Latency: 0.3647703470196575
Latency: 0.36616774392314255
Latency: 0.36751875397749245
Latency: 0.36894209892489016
Latency: 0.367438759887591
Latency: 0.3732293408829719
Latency: 0.37465428397990763
Latency: 0.3824573818128556
Latency: 0.38389874482527375
Latency: 0.3852810780517757
Latency: 0.38671947293914855
Latency: 0.3881212188862264
Latency: 0.3895474642049521
Latency: 0.39095327188260853
Latency: 0.39237646805122495
Latency: 0.39379403786733747
Latency: 0.3904871989507228
Latency: 0.39308878197334707
Latency: 0.3943785058800131
Latency: 0.40310548804700375
Latency: 0.40300456807017326
Latency: 0.40765562909655273
Latency: 0.33336517796851695
Latency: 0.3254190001171082
Latency: 0.32941423589363694
Latency: 0.33086441387422383
Latency: 0.3196726890746504
Latency: 0.3210357269272208
Latency: 0.2828463511541486
Latency: 0.27237537899054587
Latency: 0.2891199958976358
Latency: 0.2905279479455203
Latency: 0.29194625886157155
Latency: 0.2858305969275534
Latency: 0.31109648710116744
Latency: 0.31238226499408484
Latency: 0.31368759786710143
Latency: 0.31185701698996127
Latency: 0.3132346400525421
Latency: 0.2813963608350605
Latency: 0.28276075003668666
Latency: 0.27237722114659846
Latency: 0.2737195009831339
Latency: 0.27508844807744026
Latency: 0.27639489294961095
Latency: 0.277521246811375
Latency: 0.2788993678987026
Latency: 0.28404842503368855
Latency: 0.2853491771966219
Latency: 0.2859548388514668
Latency: 0.2923088239040226
Latency: 0.2936629180330783
Latency: 0.29867807612754405
Latency: 0.29834535997360945
Latency: 0.2998085010331124
Latency: 0.29711844609119
Latency: 0.2984898379072547
Latency: 0.2998246308416128
Latency: 0.3011735798791051
Latency: 0.3025541650131345
Latency: 0.30036824312992394
Latency: 0.3006289030890912
Latency: 0.30201400094665587
Latency: 0.3036937960423529
Latency: 0.3051233480218798
Latency: 0.3057725902181119
Latency: 0.31810495909303427
Latency: 0.3193895979784429
Latency: 0.322783692041412
Latency: 0.32441882812418044
Latency: 0.3328786089550704
Latency: 0.33229734119959176
Latency: 0.3337722800206393
Latency: 0.33513015205971897
Latency: 0.33624193305149674
Latency: 0.33762520807795227
Latency: 0.33905624388717115
Latency: 0.3404397920239717
Latency: 0.34182058996520936
Latency: 0.39402849809266627
Latency: 0.395496180979535
Latency: 0.3942894630599767
Latency: 0.40065285307355225
Latency: 0.390304802916944
Latency: 0.39162293705157936
Latency: 0.36251393402926624
Latency: 0.3622311670333147
Latency: 0.36203802190721035
Latency: 0.3662471529096365
Latency: 0.3676252388395369
Latency: 0.3529704299289733
Latency: 0.35908137797378004
Latency: 0.3397678618784994
Latency: 0.3525196190457791
Latency: 0.34888873994350433
Latency: 0.35009049787186086
Latency: 0.3625363300088793
Latency: 0.36378887202590704
Latency: 0.35295300697907805
Latency: 0.35430865711532533
Latency: 0.3557206769473851
Latency: 0.35707800392992795
Latency: 0.358471164945513
Latency: 0.34712364012375474
Latency: 0.3549078218638897
Latency: 0.2687044919002801
Latency: 0.2698282978963107
Latency: 0.2709442269988358
Latency: 0.272313314024359
Latency: 0.27325041498988867
Latency: 0.28136983909644186
Latency: 0.28476598486304283
Latency: 0.2862229759339243
Latency: 0.2863563320133835
Latency: 0.28800729499198496
Latency: 0.28875226713716984
Latency: 0.2940620689187199
Latency: 0.2952040049713105
Latency: 0.2968420039396733
Latency: 0.29801784502342343
Latency: 0.29943222599104047
Latency: 0.30077588791027665
Latency: 0.30174198979511857
Latency: 0.3031294960528612
Latency: 0.30446281796321273
Latency: 0.31177034811116755
Latency: 0.3122820460703224
Latency: 0.3135454810690135
Latency: 0.3150742251891643
Latency: 0.3166905918624252
Latency: 0.3236425439827144
Latency: 0.325009040068835
Latency: 0.3252994050271809
Latency: 0.3266649548895657
Latency: 0.3211562489159405
Latency: 0.317637681029737
Latency: 0.318678495939821
Latency: 0.3201393790077418
Latency: 0.32150068995542824
Latency: 0.3228671320248395
Latency: 0.324175164103508
Latency: 0.32809811807237566
Latency: 0.3294218219816685
Latency: 0.33082049200311303
Latency: 0.3354695348534733
Latency: 0.3370075048878789
Latency: 0.3384218330029398
Latency: 0.3398247810546309
Latency: 0.34103313088417053
Latency: 0.3380687842145562
Latency: 0.3394292660523206
Latency: 0.34860814595595
Latency: 0.34837630786933005
Latency: 0.3483786720316857
Latency: 0.3132413469720632
Latency: 0.31460694898851216
Latency: 0.29312082496471703
Latency: 0.27683841600082815
Latency: 0.30642206920310855
Latency: 0.3078424718696624
Latency: 0.3061432570684701
Latency: 0.307512448169291
Latency: 0.3063432350754738
Latency: 0.30762815196067095
Latency: 0.309025377035141
Latency: 0.31070366711355746
Latency: 0.3121456478256732
Latency: 0.29168652184307575
Latency: 0.2958971259649843
Latency: 0.28679952514357865
Latency: 0.2881017760373652
Latency: 0.2893526379484683
Latency: 0.29080395493656397
Latency: 0.29213242093101144
Latency: 0.288275987142697
Latency: 0.27486355998553336
Latency: 0.32989389495924115
Latency: 0.3313704049214721
Latency: 0.3463840689510107
Latency: 0.3476547230966389
Latency: 0.3490380810108036
Latency: 0.3503721209708601
Latency: 0.3516969638876617
Latency: 0.35313404304906726
Latency: 0.3545381659641862
Latency: 0.3559410769958049
Latency: 0.3572607529349625
Latency: 0.35866123088635504
Latency: 0.3600280659738928
Latency: 0.35790321696549654
Latency: 0.3592652711085975
Latency: 0.3668435870204121
Latency: 0.3680595480836928
Latency: 0.3694904788862914
Latency: 0.371767041971907
Latency: 0.3731378810480237
Latency: 0.3745130740571767
Latency: 0.37593137100338936
Latency: 0.3773225471377373
Latency: 0.3731119208969176
Latency: 0.3744788889307529
Latency: 0.3758787859696895
Latency: 0.3772743968293071
Latency: 0.3841316949110478
Latency: 0.385570963146165
Latency: 0.38239008584059775
Latency: 0.38371445913799107
Latency: 0.3850756208412349
Latency: 0.37151265190914273
Latency: 0.3725167310331017
Latency: 0.3739047688432038
Latency: 0.38178914599120617
Latency: 0.38049578201025724
Latency: 0.3817641739733517
Latency: 0.3850375930778682
Latency: 0.3862578209955245
Latency: 0.39114175783470273
Latency: 0.39258189406245947
Latency: 0.37405804404988885
Latency: 0.3754294060636312
Latency: 0.34479807293973863
Latency: 0.3462605329696089
Latency: 0.3353329370729625
Latency: 0.33896986907348037
Latency: 0.34032689197920263
Latency: 0.34157029213383794
Latency: 0.3429537280462682
Latency: 0.3442081529647112
Latency: 0.34556352789513767
Latency: 0.352485487004742
Latency: 0.3539304870646447
Latency: 0.2827948050107807
Latency: 0.27792341308668256
Latency: 0.27201013499870896
Latency: 0.27316971588879824
Latency: 0.2745964059140533
Latency: 0.2753730649128556
Latency: 0.27673126198351383
Latency: 0.2774023348465562
Latency: 0.27875965111888945
Latency: 0.2756043418776244
Latency: 0.2768166419118643
Latency: 0.27320500602945685
Latency: 0.27463013702072203
Latency: 0.2908385139890015
Latency: 0.2919817469082773
Latency: 0.2934913211502135
Latency: 0.2945655328221619
Latency: 0.2959513501264155
Latency: 0.29735269397497177
Latency: 0.2982039609923959
Latency: 0.2995715590659529
Latency: 0.3069266900420189
Latency: 0.30833499296568334
Latency: 0.30481525394134223
Latency: 0.311744136037305
Latency: 0.31518537108786404
Latency: 0.3166333339177072
Latency: 0.31659484887495637
Latency: 0.3179591519292444
Latency: 0.3193331218790263
Latency: 0.32070217304863036
Latency: 0.32209183811210096
Latency: 0.3237853879109025
Latency: 0.32988779293373227
Latency: 0.33133975719101727
Latency: 0.34306502412073314
Latency: 0.3381651579402387
Latency: 0.3395187840797007
Latency: 0.3336895280517638
Latency: 0.3350610868074
Latency: 0.341190829873085
Latency: 0.3409583820030093
Latency: 0.3416373850777745
Latency: 0.3430289220996201
Latency: 0.3413418089039624
Latency: 0.34277599211782217
Latency: 0.34417107701301575
Latency: 0.33124632202088833
Latency: 0.33250182517804205
Latency: 0.33784890081733465
Latency: 0.33926463802345097
Latency: 0.3048056988045573
Latency: 0.3072645259089768
Latency: 0.308563717873767
Latency: 0.31002364098094404
Latency: 0.29268120299093425
Latency: 0.2949786449316889
Latency: 0.2962850979529321
Latency: 0.2977103879675269
Latency: 0.2991069408599287
Latency: 0.30052345409058034
Latency: 0.3149518328718841
Latency: 0.3129483179654926
Latency: 0.31466746190562844
Latency: 0.3445411049760878
Latency: 0.3368108810391277
Latency: 0.32033355813473463
Latency: 0.3205960940103978
Latency: 0.3219366301782429
Latency: 0.32319894013926387
Latency: 0.3245793899986893
Latency: 0.32600527396425605
Latency: 0.3273344598710537
Latency: 0.33499627700075507
Latency: 0.33640946890227497
Latency: 0.34636482200585306
Latency: 0.3477034419775009
Latency: 0.33144907490350306
Latency: 0.3327518899459392
Latency: 0.3341376609168947
Latency: 0.33528558094985783
Latency: 0.3366554419044405
Latency: 0.3380717949476093
Latency: 0.3389806388877332
Latency: 0.34971029008738697
Latency: 0.346508173039183
Latency: 0.352279941085726
Latency: 0.3536907790694386
Latency: 0.3535500329453498
Latency: 0.3531685520429164
Latency: 0.3545179320499301
Latency: 0.35588763398118317
Latency: 0.35726621514186263
Latency: 0.3633182260673493
Latency: 0.3647859478369355
Latency: 0.36620458704419434
Latency: 0.3737904999870807
Latency: 0.38075909996405244
Latency: 0.3822037710342556
Latency: 0.367745712865144
Latency: 0.3689273598138243
Latency: 0.37663644296117127
Latency: 0.3823890930507332
Latency: 0.38387863081879914
Latency: 0.38794796890579164
Latency: 0.38769924896769226
Latency: 0.3884298629127443
Latency: 0.3897922318428755
Latency: 0.3754171470645815
Latency: 0.37942022597417235
Latency: 0.38084994396194816
Latency: 0.3822956997901201
Latency: 0.39222462102770805
Latency: 0.39383779000490904
Latency: 0.39857100206427276
Latency: 0.34665686287917197
Latency: 0.3480758210644126
Latency: 0.3494269191287458
Latency: 0.35081887408159673
Latency: 0.35220531304366887
Latency: 0.3536240430548787
Latency: 0.3550101690925658
Latency: 0.3563418588601053
Latency: 0.35775848501361907
Latency: 0.35945755802094936
Latency: 0.31187603692524135
Latency: 0.3148268519435078
Latency: 0.3159380010329187
Latency: 0.2725590381305665
Latency: 0.2742642948869616
Latency: 0.275521227857098
Latency: 0.2965288700070232
Latency: 0.2978919008746743
Latency: 0.2993868028279394
Latency: 0.30054731806740165
Latency: 0.3015579809434712
Latency: 0.3030066729988903
Latency: 0.30007316591218114
