Latency: 0.9218651100527495
Latency: 0.9250896640587598
Latency: 0.9302625861018896
Latency: 0.9339435659348965
Latency: 0.9366892219986767
Latency: 0.937905834056437
Latency: 0.9367890399880707
Latency: 0.9408824548590928
Latency: 0.9410781429614872
Latency: 0.9446168900467455
Latency: 0.947204742114991
Latency: 0.9443692381028086
Latency: 0.9436782030388713
Latency: 0.943878591991961
Latency: 0.9477843069471419
Latency: 0.9468296370469034
Latency: 0.824301048181951
Latency: 0.825271210167557
Latency: 0.8440180148463696
Latency: 0.8512173460330814
Latency: 0.8244045129977167
Latency: 0.8369438531808555
Latency: 0.8352833760436624
Latency: 0.83152842707932
Latency: 0.8335776070598513
Latency: 0.835575798060745
Latency: 0.833549601957202
Latency: 0.8417510169092566
Latency: 0.8383795069530606
Latency: 0.8400174479465932
Latency: 0.8403885602019727
Latency: 0.8538690428249538
Latency: 0.8328326910268515
Latency: 0.8311084229499102
Latency: 0.8245039370376617
Latency: 0.8277683979831636
Latency: 0.8290913579985499
Latency: 0.8322629418689758
Latency: 0.8375005319248885
Latency: 0.8380298800766468
Latency: 0.8260448151268065
Latency: 0.8224598888773471
Latency: 0.8306658410001546
Latency: 0.8419758619274944
Latency: 0.84683180693537
Latency: 0.8325484290253371
Latency: 0.8547227301169187
Latency: 0.8382342208642513
Latency: 0.829509258037433
Latency: 0.816551601048559
Latency: 0.8239255188964307
Latency: 0.8399259049911052
Latency: 0.8142786792013794
Latency: 0.8423607491422445
Latency: 0.8244866449385881
Latency: 0.8251524709630758
Latency: 0.8206632130313665
Latency: 0.8189626079984009
Latency: 0.8315200149081647
Latency: 0.8225525398738682
Latency: 0.8271842929534614
Latency: 0.8255873240996152
Latency: 0.8341404011007398
Latency: 0.8318380259443074
Latency: 0.8176553719677031
Latency: 0.8270840349141508
Latency: 0.8265929210465401
Latency: 0.8259884419385344
Latency: 0.8358753339853138
Latency: 0.8308353801257908
Latency: 0.8247081879526377
Latency: 0.8451104059349746
Latency: 0.8297953479923308
Latency: 0.8374045321252197
Latency: 0.8287746522109956
Latency: 0.8320598979480565
Latency: 0.8273204141296446
Latency: 0.8323139098938555
Latency: 0.835178806912154
Latency: 0.8387067799922079
Latency: 0.8385012960061431
Latency: 0.8209275451954454
Latency: 0.8322203219868243
Latency: 0.8299051120411605
Latency: 0.8176640530582517
Latency: 0.8250826150178909
Latency: 0.830189990112558
Latency: 0.8258429120760411
Latency: 0.82548962184228
Latency: 0.8340138047933578
Latency: 0.8245656669605523
Latency: 0.828014523955062
Latency: 0.8321079681627452
Latency: 0.8320094470400363
Latency: 0.834416143829003
Latency: 0.8423918068874627
Latency: 0.8252006359398365
Latency: 0.8141944690141827
Latency: 0.8384558910038322
Latency: 0.8298025738913566
Latency: 0.8288421200122684
Latency: 0.8293676148168743
Latency: 0.8217739090323448
Latency: 0.8276528439018875
Latency: 0.8234050620812923
Latency: 0.8160045249387622
Latency: 0.8237632177770138
Latency: 0.8202914318535477
Latency: 0.8194679380394518
Latency: 0.8376062079332769
Latency: 0.8246205449104309
Latency: 0.8310440790373832
Latency: 0.8228380989748985
Latency: 0.8292295981664211
Latency: 0.8223094190470874
Latency: 0.82744449400343
Latency: 0.8210686610545963
Latency: 0.8282935470342636
Latency: 0.8049923959188163
Latency: 0.8215712050441653
Latency: 0.8127536380197853
Latency: 0.8215736909769475
Latency: 0.8260534468572587
Latency: 0.8246091660112143
Latency: 0.8229095910210162
Latency: 0.8201151150278747
Latency: 0.8310395949520171
Latency: 0.8300814018584788
Latency: 0.825395209947601
Latency: 0.8286773110739887
Latency: 0.8237636489793658
Latency: 0.830657804151997
Latency: 0.8327536338474602
Latency: 0.8186572541017085
Latency: 0.8236251771450043
Latency: 0.8328000821638852
Latency: 0.8210780278313905
Latency: 0.8241236750036478
Latency: 0.8304568720050156
Latency: 0.8288580679800361
Latency: 0.8311671761330217
Latency: 0.8272849519271404
Latency: 0.8376488131470978
Latency: 0.8349547320976853
Latency: 0.8245292010251433
Latency: 0.8162340840790421
Latency: 0.8237069919705391
Latency: 0.835204164031893
Latency: 0.8242080928757787
Latency: 0.823943603085354
Latency: 0.8334425420034677
Latency: 0.8300388720817864
Latency: 0.8117100859526545
Latency: 0.8385624790098518
Latency: 0.8196360371075571
Latency: 0.8104377300478518
Latency: 0.8125165938399732
Latency: 0.8206092729233205
Latency: 0.8187465290538967
Latency: 0.8292580670677125
Latency: 0.8297390479128808
Latency: 0.8304200961720198
Latency: 0.8224777961149812
Latency: 0.8252762360498309
Latency: 0.8335612979717553
Latency: 0.8321402550209314
Latency: 0.8296347989235073
Latency: 0.8176456529181451
Latency: 0.8230256950482726
Latency: 0.8220236590132117
Latency: 0.8307902198284864
Latency: 0.8416543188504875
Latency: 0.8297757168766111
Latency: 0.8219305600505322
Latency: 0.8394564329646528
Latency: 0.8267835029400885
Latency: 0.8268980758730322
Latency: 0.8392302049323916
Latency: 0.8264766028150916
Latency: 0.8238835621159524
Latency: 0.8270920189097524
Latency: 0.8330786251462996
Latency: 0.8314887080341578
Latency: 0.8327722360845655
Latency: 0.8238381200935692
Latency: 0.8238878089468926
Latency: 0.8326228428632021
Latency: 0.8365955329500139
Latency: 0.8357758580241352
Latency: 0.8401247181463987
Latency: 0.8273170040920377
Latency: 0.8276415311265737
Latency: 0.8164992600213736
Latency: 0.8164219241589308
Latency: 0.8341633500531316
Latency: 0.8270092159509659
Latency: 0.8239761078730226
Latency: 0.8271805248223245
Latency: 0.8250946388579905
Latency: 0.8268721969798207
Latency: 0.833190490026027
Latency: 0.8343111060094088
Latency: 0.8488584831357002
Latency: 0.8239147020503879
Latency: 0.8299965008627623
Latency: 0.8296092869713902
Latency: 0.8393836750183254
Latency: 0.8370883569587022
Latency: 0.8360579158179462
Latency: 0.8374211280606687
Latency: 0.8265767549164593
Latency: 0.8293391200713813
Latency: 0.8256275090388954
Latency: 0.8283039729576558
Latency: 0.8252352769486606
Latency: 0.8314478751271963
Latency: 0.846755855018273
Latency: 0.8332156150136143
Latency: 0.8284858020488173
Latency: 0.8393428309354931
Latency: 0.8378864340484142
Latency: 0.8369460920803249
Latency: 0.838575738016516
Latency: 0.838798071956262
Latency: 0.8245918259490281
Latency: 0.8309335350058973
Latency: 0.8359918550122529
Latency: 0.8228962640278041
Latency: 0.812272563111037
Latency: 0.8211175270844251
Latency: 0.8070050210226327
Latency: 0.8444021118339151
Latency: 0.8315164709929377
Latency: 0.8434148100204766
Latency: 0.821289653191343
Latency: 0.8144783661700785
Latency: 0.8270411759149283
Latency: 0.8241606159135699
Latency: 0.8290160400792956
Latency: 0.8278793250210583
Latency: 0.822611624840647
Latency: 0.8206837270408869
Latency: 0.8307401130441576
Latency: 0.8303642189130187
Latency: 0.8111184788867831
Latency: 0.8245889330282807
Latency: 0.8208048839587718
Latency: 0.8285539841745049
Latency: 0.8270952869206667
Latency: 0.8295745891518891
Latency: 0.8307383961509913
Latency: 0.8278523250482976
Latency: 0.8426592641044408
Latency: 0.8297377449925989
Latency: 0.8293094278778881
Latency: 0.8400073430966586
Latency: 0.8278036159463227
Latency: 0.8156300799455494
Latency: 0.8210575790144503
Latency: 0.8383507109247148
Latency: 0.8151890018489212
Latency: 0.8227729250211269
Latency: 0.8321008780039847
Latency: 0.8280505170114338
Latency: 0.8186268350109458
Latency: 0.8310969141311944
Latency: 0.8209293968975544
Latency: 0.8223252610769123
Latency: 0.8410838469862938
Latency: 0.829869074979797
Latency: 0.8340853860136122
Latency: 0.8286119040567428
Latency: 0.8277522861026227
Latency: 0.8117521470412612
Latency: 0.8199318398255855
Latency: 0.8236338740680367
Latency: 0.8302207288797945
Latency: 0.8265148240607232
Latency: 0.8324683560058475
Latency: 0.8214031190145761
Latency: 0.8194794370792806
Latency: 0.8247359760571271
Latency: 0.8232267980929464
Latency: 0.8439619620330632
Latency: 0.8294693259522319
Latency: 0.8271197499707341
Latency: 0.8246704221237451
Latency: 0.8342316949274391
Latency: 0.8399133840575814
Latency: 0.8286169019993395
Latency: 0.8274429680313915
Latency: 0.8332925660070032
Latency: 0.8264732561074197
Latency: 0.8159993879962713
Latency: 0.8187966111581773
Latency: 0.8402452562004328
Latency: 0.8182661130558699
Latency: 0.8317581280134618
Latency: 0.8280482471454889
Latency: 0.8372913601342589
Latency: 0.8354815568309277
Latency: 0.8305369610898197
Latency: 0.8304865129757673
Latency: 0.8248488921672106
