Latency: 0.9174269870854914
Latency: 0.9397758899722248
Latency: 0.9499814161099494
Latency: 0.9501504888758063
Latency: 0.9523175170179456
Latency: 0.9548067830037326
Latency: 0.9611170699354261
Latency: 0.9576968690380454
Latency: 0.9659761390648782
Latency: 0.9661413219291717
Latency: 0.9675221410579979
Latency: 0.9685497200116515
Latency: 0.9731578780338168
Latency: 0.9692455627955496
Latency: 0.9688546729739755
Latency: 0.9710940250661224
Latency: 0.9767294591292739
Latency: 0.9950659810565412
Latency: 0.9921250869520009
Latency: 0.9958775700069964
Latency: 0.9988238639198244
Latency: 1.0012747750151902
Latency: 1.0010786450002342
Latency: 1.0029778990428895
Latency: 1.005527843022719
Latency: 1.0048800220247358
Latency: 1.011302914004773
Latency: 1.020117280073464
Latency: 1.018068420002237
Latency: 1.016469744965434
Latency: 1.0209044369403273
Latency: 1.0226299460045993
Latency: 0.8238749620504677
Latency: 0.8457095881458372
Latency: 0.8487701879348606
Latency: 0.8458823419641703
Latency: 0.8422841390129179
Latency: 0.8586934569757432
Latency: 0.8674735608510673
Latency: 0.8621846919413656
Latency: 0.8571730018593371
Latency: 0.850548448972404
Latency: 0.8604382029734552
Latency: 0.8483413138892502
Latency: 0.8569247091654688
Latency: 0.8641472370363772
Latency: 0.8570370050147176
Latency: 0.8564319708384573
Latency: 0.850044604158029
Latency: 0.844193585915491
Latency: 0.8506483358796686
Latency: 0.8799606799148023
Latency: 0.8397217609453946
Latency: 0.8466474558226764
Latency: 0.8346613028552383
Latency: 0.8480793628841639
Latency: 0.8379677489865571
Latency: 0.831599858822301
Latency: 0.8526878280099481
Latency: 0.8429507620166987
Latency: 0.8385902340523899
Latency: 0.845755296992138
Latency: 0.8542689390014857
Latency: 0.861062282929197
Latency: 0.8100957211572677
Latency: 0.826899120118469
Latency: 0.8376694850157946
Latency: 0.8325528651475906
Latency: 0.831662188982591
Latency: 0.8223361009731889
Latency: 0.822725399164483
Latency: 0.8332022291142493
Latency: 0.8435923161450773
Latency: 0.8233668999746442
Latency: 0.8211607721168548
Latency: 0.8393735159188509
Latency: 0.8375875148922205
Latency: 0.8330855940002948
Latency: 0.8375892529729754
Latency: 0.834608705015853
Latency: 0.8242996011395007
Latency: 0.8399669760838151
Latency: 0.8358819140121341
Latency: 0.8496479550376534
Latency: 0.8261194450315088
Latency: 0.8392976941540837
Latency: 0.8402117388322949
Latency: 0.8497419650666416
Latency: 0.8298468510620296
Latency: 0.8634299300611019
Latency: 0.8370266607962549
Latency: 0.8306073090061545
Latency: 0.8547149549704045
Latency: 0.8387679180596024
Latency: 0.8489265078678727
Latency: 0.8390444219112396
Latency: 0.8251621178351343
Latency: 0.8359552950132638
Latency: 0.8565068251919001
Latency: 0.8564452000427991
Latency: 0.8529957088176161
Latency: 0.8521399840246886
Latency: 0.847884827060625
Latency: 0.870314208092168
Latency: 0.8549824138171971
Latency: 0.8633471350185573
Latency: 0.8446238480973989
Latency: 0.8456069729290903
Latency: 0.8601183979772031
Latency: 0.8553978120908141
Latency: 0.8568941599223763
Latency: 0.8508500580210239
Latency: 0.8696159548126161
Latency: 0.8754659960977733
Latency: 0.8529354180209339
Latency: 0.856826039031148
Latency: 0.8609027191996574
Latency: 0.8684670049697161
Latency: 0.8622804330661893
Latency: 0.8479404649697244
Latency: 0.8525862691458315
Latency: 0.8586471970193088
Latency: 0.8816258001606911
Latency: 0.8610733558889478
Latency: 0.8633641060441732
Latency: 0.8745090700685978
Latency: 0.8828353339340538
Latency: 0.8686534841544926
Latency: 0.8429713419172913
Latency: 0.8291337350383401
Latency: 0.8323272010311484
Latency: 0.8317365581169724
Latency: 0.8451394888106734
Latency: 0.8494276949204504
Latency: 0.8378808489069343
Latency: 0.8271391871385276
Latency: 0.8472748850472271
Latency: 0.8454729199875146
Latency: 0.8395229740999639
Latency: 0.8332018409855664
Latency: 0.8433500539977103
Latency: 0.8279980029910803
Latency: 0.8478118421044201
Latency: 0.8584989330265671
Latency: 0.8366526230238378
Latency: 0.8304339221213013
Latency: 0.850788113893941
Latency: 0.8569771600887179
Latency: 0.8638918029610068
Latency: 0.8642141309101135
Latency: 0.8579111399594694
Latency: 0.8581749161239713
Latency: 0.8690382142085582
Latency: 0.8548382048029453
Latency: 0.8489452810026705
Latency: 0.8552747888024896
Latency: 0.8590658230241388
Latency: 0.8487693909555674
Latency: 0.8722345589194447
Latency: 0.8515491709113121
Latency: 0.8468241179361939
Latency: 0.8263695710338652
Latency: 0.8214378559496254
Latency: 0.8382321090903133
Latency: 0.839785389136523
Latency: 0.8341990939807147
Latency: 0.8398662558756769
Latency: 0.8533249238971621
Latency: 0.8343109330162406
Latency: 0.8377996480558068
Latency: 0.8360181921161711
Latency: 0.8369206821080297
Latency: 0.8439358239993453
Latency: 0.8578222501091659
Latency: 0.8425355041399598
Latency: 0.8450048798695207
Latency: 0.8355181619990617
Latency: 0.8469177940860391
Latency: 0.8437470200005919
Latency: 0.855747157940641
Latency: 0.8313306008931249
Latency: 0.8391985851339996
Latency: 0.8545826270710677
Latency: 0.8587189340032637
Latency: 0.8396123871207237
Latency: 0.8465641378425062
Latency: 0.8404688609298319
Latency: 0.8368621459230781
Latency: 0.8399324200581759
Latency: 0.8485787590034306
Latency: 0.85066461795941
Latency: 0.8504618040751666
Latency: 0.829742276109755
Latency: 0.8629204721655697
Latency: 0.810054938076064
Latency: 0.8635070400778204
Latency: 0.8211110990960151
Latency: 0.8269988589454442
Latency: 0.826294579776004
Latency: 0.8267300319857895
Latency: 0.8362203477881849
Latency: 0.838156855199486
Latency: 0.8553721539210528
Latency: 0.8646232339087874
Latency: 0.858669756911695
Latency: 0.8563073319382966
Latency: 0.85299480590038
Latency: 0.8543860900681466
Latency: 0.863750885007903
Latency: 0.858320090919733
Latency: 0.8810654911212623
Latency: 0.8528270409442484
Latency: 0.863952063024044
Latency: 0.8504570480436087
Latency: 0.8656951449811459
Latency: 0.876078634057194
Latency: 0.8645644600037485
Latency: 0.8557189479470253
Latency: 0.8636682280339301
Latency: 0.8739650039933622
Latency: 0.8665225589647889
Latency: 0.8731238450855017
Latency: 0.8682810179889202
Latency: 0.892487004166469
Latency: 0.8362719821743667
Latency: 0.8480864651501179
Latency: 0.8069515128154308
Latency: 0.8374058038461953
Latency: 0.8342767399735749
Latency: 0.8553080160636455
Latency: 0.8247128580696881
Latency: 0.8266299399547279
Latency: 0.8269745530560613
Latency: 0.8394671799615026
Latency: 0.8295642319135368
Latency: 0.8344168940093368
Latency: 0.8289941819384694
Latency: 0.8434731219895184
Latency: 0.83638826594688
Latency: 0.8450518620666116
Latency: 0.8436681870371103
Latency: 0.8298365750815719
Latency: 0.8315268710721284
Latency: 0.8469894060399383
Latency: 0.8422008960042149
Latency: 0.8487143609672785
Latency: 0.860712145222351
Latency: 0.8371162549592555
Latency: 0.831885586027056
Latency: 0.8582097499165684
Latency: 0.8435468941461295
Latency: 0.8507379670627415
Latency: 0.8523051948286593
Latency: 0.8503222069703043
Latency: 0.868350540054962
Latency: 0.8498019939288497
Latency: 0.8372745590750128
Latency: 0.8371399720199406
Latency: 0.8363562051672488
Latency: 0.8206909650471061
Latency: 0.8237587499897927
Latency: 0.8228023529518396
Latency: 0.8394667338579893
Latency: 0.8164501739665866
Latency: 0.8122767729219049
Latency: 0.8223220619838685
Latency: 0.829580859048292
Latency: 0.8309657629579306
Latency: 0.8506432548165321
Latency: 0.8393504829145968
Latency: 0.8285132350865752
Latency: 0.8223700218368322
Latency: 0.8360043140128255
Latency: 0.8568198739085346
Latency: 0.825442923931405
Latency: 0.8367886899504811
Latency: 0.8414374468848109
Latency: 0.8394002371933311
Latency: 0.8375905090942979
Latency: 0.8439389150589705
Latency: 0.8571751657873392
Latency: 0.8391849140170962
Latency: 0.8538359089288861
Latency: 0.8361933780834079
Latency: 0.8448756851721555
Latency: 0.8597617051564157
Latency: 0.8353902681265026
Latency: 0.8498341690283269
Latency: 0.8314434438943863
Latency: 0.8558242269791663
Latency: 0.8525339679326862
Latency: 0.8572351979091763
Latency: 0.859998825006187
Latency: 0.8447206639684737
Latency: 0.8714773058891296
Latency: 0.8668913790024817
Latency: 0.8596270778216422
Latency: 0.8654713789001107
Latency: 0.8230562440585345
Latency: 0.817848521983251
Latency: 0.8162560639902949
Latency: 0.8219228030648082
Latency: 0.826467185979709
Latency: 0.8150698279496282
Latency: 0.8253791988827288
Latency: 0.8179853460751474
Latency: 0.832843572134152
Latency: 0.8543149000033736
Latency: 0.8627236040774733
Latency: 0.8690320369787514
Latency: 0.8538327279966325
Latency: 0.8563373850192875
Latency: 0.8650452818255872
Latency: 0.8621472620870918
Latency: 0.860235997941345
Latency: 0.8560445171315223
Latency: 0.8587098261341453
Latency: 0.8614314300939441
Latency: 0.8798187428619713
Latency: 0.8754591380711645
Latency: 0.8344234430696815
Latency: 0.8155592710245401
Latency: 0.8311737489420921
Latency: 0.8370793180074543
Latency: 0.8352816321421415
Latency: 0.83272934705019
Latency: 0.8331212289631367
Latency: 0.8235101290047169
Latency: 0.8320708780083805
Latency: 0.8266499079763889
Latency: 0.8457485139369965
Latency: 0.8427117189858109
Latency: 0.8234489269088954
Latency: 0.8549272839445621
Latency: 0.8241081410087645
Latency: 0.8274073801003397
Latency: 0.8184699569828808
Latency: 0.8325061521027237
Latency: 0.8272407879121602
Latency: 0.8320069189649075
Latency: 0.8408694081008434
Latency: 0.8272951599210501
Latency: 0.8378661791794002
Latency: 0.8439422009978443
Latency: 0.8376693630125374
Latency: 0.8291782799642533
Latency: 0.8385418469551951
Latency: 0.8449676528107375
Latency: 0.8427653640974313
Latency: 0.8427495330106467
Latency: 0.853707057191059
Latency: 0.8553577940911055
Latency: 0.8444538610056043
Latency: 0.8411868619732559
Latency: 0.8437883290462196
Latency: 0.83658327604644
Latency: 0.8303590051364154
Latency: 0.8353549249004573
Latency: 0.8273081688676029
Latency: 0.8369416110217571
Latency: 0.8371421720366925
Latency: 0.8524951599538326
Latency: 0.8409670670516789
Latency: 0.8330931200180203
Latency: 0.8453192920424044
Latency: 0.8492753622122109
Latency: 0.8275720400270075
Latency: 0.8398198750801384
Latency: 0.8297320371493697
Latency: 0.8677976778708398
Latency: 0.8361324409488589
Latency: 0.8400574279949069
Latency: 0.8312535299919546
Latency: 0.8513006779830903
Latency: 0.8590097380802035
Latency: 0.8604693340603262
Latency: 0.8388849450275302
Latency: 0.857188360998407
Latency: 0.8592544561251998
Latency: 0.8569915350526571
Latency: 0.8802390571217984
Latency: 0.8602344940882176
Latency: 0.8615472710225731
Latency: 0.8533231900073588
Latency: 0.8198480969294906
Latency: 0.844192119082436
Latency: 0.852713996078819
Latency: 0.8489664809312671
Latency: 0.8404985188972205
Latency: 0.8388966200873256
Latency: 0.8300933409482241
Latency: 0.841602595988661
Latency: 0.8562226567883044
Latency: 0.8544563630130142
Latency: 0.8539806609041989
Latency: 0.8450343350414187
Latency: 0.8531194999814034
Latency: 0.8580546281300485
Latency: 0.8544432688504457
Latency: 0.8647924980614334
Latency: 0.8639029029291123
Latency: 0.860800864873454
Latency: 0.8199359271675348
Latency: 0.8737362811807543
Latency: 0.8258171160705388
Latency: 0.8171086800284684
Latency: 0.8401341040153056
Latency: 0.8477763831615448
Latency: 0.853519091848284
Latency: 0.8461472860071808
Latency: 0.8453005061019212
Latency: 0.8724145791493356
Latency: 0.8603180348873138
Latency: 0.859008887084201
Latency: 0.862420029938221
Latency: 0.8588722601998597
Latency: 0.8396112681366503
Latency: 0.8265436131041497
Latency: 0.8498029739130288
Latency: 0.8348753890022635
Latency: 0.8480193759314716
Latency: 0.8509034761227667
Latency: 0.8448338429443538
Latency: 0.8525570870842785
Latency: 0.8311919290572405
Latency: 0.8323971370700747
Latency: 0.8412269230466336
Latency: 0.8202530879061669
Latency: 0.8412087839096785
Latency: 0.8575796489603817
Latency: 0.8321000779978931
Latency: 0.8473155880346894
Latency: 0.8308868131134659
Latency: 0.8434267758857459
Latency: 0.8399174029473215
Latency: 0.8503655781969428
Latency: 0.8222913390491158
Latency: 0.8403647700324655
Latency: 0.8668749309144914
Latency: 0.8429184919223189
Latency: 0.8429057500325143
Latency: 0.8539785260800272
Latency: 0.8561024509835988
Latency: 0.8420400260947645
Latency: 0.8468396088574082
Latency: 0.8507812938187271
Latency: 0.8465803391300142
Latency: 0.8623331759590656
Latency: 0.8305031121708453
Latency: 0.8364343428984284
Latency: 0.8264056260231882
Latency: 0.830660664010793
Latency: 0.8324684440158308
Latency: 0.8415316848549992
Latency: 0.8436281050089747
Latency: 0.8215440791100264
Latency: 0.8472905899398029
Latency: 0.8326784500386566
Latency: 0.8244845301378518
Latency: 0.819766643922776
Latency: 0.8477101209573448
Latency: 0.826869489857927
Latency: 0.8376949068624526
Latency: 0.8310205971356481
Latency: 0.8349958679173142
Latency: 0.8525904240086675
Latency: 0.8385832449421287
Latency: 0.8401960982009768
Latency: 0.84170535299927
Latency: 0.8376127169467509
Latency: 0.8335480589885265
Latency: 0.8404924781061709
Latency: 0.8370661181397736
Latency: 0.8462443558964878
Latency: 0.8404929740354419
Latency: 0.8460240170825273
Latency: 0.8483119891025126
Latency: 0.8459147789981216
Latency: 0.8414301739539951
Latency: 0.8631564159877598
Latency: 0.8241994269192219
Latency: 0.8407837999984622
Latency: 0.8538314180914313
Latency: 0.851193233858794
Latency: 0.8692411200609058
Latency: 0.862822893075645
Latency: 0.8314866060391068
Latency: 0.8664929440710694
Latency: 0.8907782200258225
Latency: 0.8613510618451983
Latency: 0.8590817891526967
Latency: 0.8899263849016279
Latency: 0.8684711230453104
Latency: 0.8586786610540003
Latency: 0.8665432878769934
Latency: 0.8722342159599066
Latency: 0.8837137739174068
Latency: 0.8720225549768656
Latency: 0.8686066570226103
Latency: 0.8769316060934216
Latency: 0.8762465671170503
Latency: 0.8477147549856454
Latency: 0.8593516610562801
Latency: 0.865592832909897
Latency: 0.8768650400452316
Latency: 0.8771459050476551
Latency: 0.8738427860662341
Latency: 0.8753680679947138
Latency: 0.8688953400123864
Latency: 0.8756136440206319
Latency: 0.8783371760509908
Latency: 0.8764165760949254
Latency: 0.8269252381287515
Latency: 0.8133441761601716
Latency: 0.8187902050558478
Latency: 0.8370810048654675
Latency: 0.8308878359384835
Latency: 0.8320960830897093
Latency: 0.8437216090969741
Latency: 0.8323882920667529
Latency: 0.8310849289409816
Latency: 0.8270871948916465
Latency: 0.8256751419976354
Latency: 0.8389783550519496
Latency: 0.8322498470079154
Latency: 0.837824575137347
Latency: 0.8488171850331128
Latency: 0.8291329788044095
Latency: 0.840421557193622
Latency: 0.841931686969474
Latency: 0.8524739861022681
Latency: 0.8397501490544528
Latency: 0.8432381069287658
Latency: 0.8518466709647328
Latency: 0.844588051084429
Latency: 0.8361732778139412
Latency: 0.8509652309585363
Latency: 0.8301489700097591
Latency: 0.8347293469123542
Latency: 0.8439448748249561
Latency: 0.8349022308830172
Latency: 0.8439033939503133
Latency: 0.8443209198303521
Latency: 0.8521366389468312
Latency: 0.8532205449882895
Latency: 0.8529697279445827
Latency: 0.8290149699896574
Latency: 0.8303374010138214
Latency: 0.8251804050523788
Latency: 0.8319746488705277
Latency: 0.8492033479269594
Latency: 0.8387344570364803
Latency: 0.848580245161429
Latency: 0.8319537360221148
Latency: 0.8388585769571364
Latency: 0.8324534920975566
Latency: 0.846421079011634
Latency: 0.8465403618756682
Latency: 0.8497534429188818
Latency: 0.8621402331627905
Latency: 0.8564719818532467
Latency: 0.8478340320289135
Latency: 0.8458180138841271
Latency: 0.869013600051403
Latency: 0.86717982403934
Latency: 0.8474468481726944
Latency: 0.842255821917206
Latency: 0.8496037619188428
Latency: 0.837872909847647
Latency: 0.8427153120283037
Latency: 0.8476274809800088
Latency: 0.8479717809241265
Latency: 0.8543146250303835
Latency: 0.8394166678190231
Latency: 0.8510954189114273
Latency: 0.8564289449714124
Latency: 0.8241228929255158
Latency: 0.8394813570193946
Latency: 0.8246510259341449
Latency: 0.834696494974196
Latency: 0.8432297769468278
Latency: 0.8211722760461271
