Latency: 0.9326935401186347
Latency: 0.9365295451134443
Latency: 0.8421499021351337
Latency: 0.8419670299626887
Latency: 0.8347512038890272
Latency: 0.8495286470279098
Latency: 0.8475760731380433
Latency: 0.8409848429728299
Latency: 0.8463555809576064
Latency: 0.8370186029933393
Latency: 0.8402137490920722
Latency: 0.8522229469381273
Latency: 0.8182289721444249
Latency: 0.8381491729523987
Latency: 0.8375979729462415
Latency: 0.8358284260611981
Latency: 0.8364416840486228
Latency: 0.8469693658407778
Latency: 0.8292961951810867
Latency: 0.826315914047882
Latency: 0.8310280060395598
Latency: 0.8318991919513792
Latency: 0.8371549248695374
Latency: 0.8424637110438198
Latency: 0.8423279181588441
Latency: 0.836462534032762
Latency: 0.8234095589723438
Latency: 0.8365985301788896
Latency: 0.8497991911135614
Latency: 0.8397690090350807
Latency: 0.8335618830751628
Latency: 0.8239924339577556
Latency: 0.8436037199571729
Latency: 0.8418461179826409
Latency: 0.8315731750335544
Latency: 0.851570172002539
Latency: 0.8415785820689052
Latency: 0.8425013369414955
