Latency: 0.9563206650782377
Latency: 0.9640723660122603
Latency: 0.9762521439697593
Latency: 0.9718898609280586
Latency: 0.9708587969653308
Latency: 0.9770538478624076
Latency: 0.9768394229467958
Latency: 0.9726555459201336
Latency: 0.9902937680017203
Latency: 0.9888727189972997
Latency: 0.9929953019600362
Latency: 0.9969256601762027
Latency: 0.9981588870286942
Latency: 0.9972676280885935
Latency: 1.001484113978222
Latency: 0.9972374399658293
Latency: 0.9960675819311291
Latency: 0.9930388620123267
Latency: 1.0099839090835303
Latency: 1.0093205031007528
Latency: 1.0050943898968399
Latency: 1.014705756912008
Latency: 1.0059707870241255
Latency: 1.021722167963162
Latency: 1.0217432130593807
Latency: 1.0148075190372765
Latency: 1.0209443080238998
Latency: 1.0249617730733007
Latency: 1.0284163071773946
Latency: 1.0266611678525805
Latency: 1.0343325131107122
Latency: 1.0272785369306803
Latency: 1.024953282205388
Latency: 1.0404866398312151
Latency: 1.0363344671204686
Latency: 1.0303799610119313
Latency: 1.0303632970899343
Latency: 1.0422761170193553
Latency: 1.0491313030943274
Latency: 1.0422575529664755
Latency: 1.0411731682252139
Latency: 1.0511112450622022
Latency: 1.0502001021523029
Latency: 1.0480817530769855
Latency: 1.0457926569506526
Latency: 1.0469434871338308
Latency: 1.0489026790019125
Latency: 1.0615977919660509
Latency: 1.0597209860570729
Latency: 1.0578640720341355
Latency: 1.062169997021556
Latency: 1.06483652908355
Latency: 1.0718808458186686
Latency: 1.0634041209705174
Latency: 1.072102015838027
Latency: 1.081328621134162
Latency: 1.0795414471067488
Latency: 1.0863898650277406
Latency: 1.089854666031897
Latency: 1.0910642880480736
Latency: 1.0922062310855836
Latency: 1.0952661521732807
Latency: 1.087139505892992
Latency: 1.0907584908418357
Latency: 0.82755869301036
Latency: 0.8375267998781055
Latency: 0.8321293350309134
Latency: 0.8348496989347041
Latency: 0.8439854742027819
Latency: 0.8621555732097477
Latency: 0.8246800350025296
Latency: 0.8472626509610564
Latency: 0.8453310991171747
Latency: 0.8500196940731257
Latency: 0.8443000460974872
Latency: 0.85372852999717
Latency: 0.8531257319264114
Latency: 0.8654568931087852
Latency: 0.8604558159131557
Latency: 0.8651633400004357
Latency: 0.8591620658989996
Latency: 0.8594002919271588
Latency: 0.8546741050668061
Latency: 0.8691118129063398
Latency: 0.8710610410198569
Latency: 0.8440621888730675
Latency: 0.8465871021617204
Latency: 0.8587456031236798
Latency: 0.8608229150995612
Latency: 0.8503954960033298
Latency: 0.8492848379537463
Latency: 0.8670406527817249
Latency: 0.8540580191183835
Latency: 0.8616336551494896
Latency: 0.8436094971839339
Latency: 0.8585800239816308
Latency: 0.8617248921655118
Latency: 0.8578651759307832
Latency: 0.8658944719936699
Latency: 0.8708230399060994
Latency: 0.8647147819865495
Latency: 0.852231256198138
Latency: 0.8642346130218357
Latency: 0.8621224139351398
Latency: 0.8548152500297874
Latency: 0.8575856320094317
Latency: 0.8427061408292502
Latency: 0.8472732880618423
Latency: 0.860819960013032
Latency: 0.8512377068400383
Latency: 0.8509490229189396
Latency: 0.8582842720206827
Latency: 0.870989833958447
Latency: 0.8631152978632599
Latency: 0.8547447680030018
Latency: 0.859634602908045
Latency: 0.8549156480003148
Latency: 0.8486483448650688
Latency: 0.8570295218378305
Latency: 0.863864810904488
Latency: 0.8620502280537039
Latency: 0.8495924770832062
Latency: 0.8600940189789981
Latency: 0.8522505259606987
Latency: 0.8846722359303385
Latency: 0.879495315020904
Latency: 0.8731174380518496
Latency: 0.8789078218396753
Latency: 0.8121161600574851
Latency: 0.8139359760098159
Latency: 0.8306652291212231
Latency: 0.8224126829300076
Latency: 0.8313534350600094
Latency: 0.818836105056107
Latency: 0.8299669369589537
Latency: 0.8351817179936916
Latency: 0.8372889920137823
Latency: 0.8268299899064004
Latency: 0.8346690530888736
Latency: 0.850947628961876
Latency: 0.8353403839282691
Latency: 0.8331471038982272
Latency: 0.8368781411554664
Latency: 0.8451166301965714
Latency: 0.8455403929110616
Latency: 0.8565212648827583
Latency: 0.8578524480108172
Latency: 0.8432584900874645
Latency: 0.8427632658276707
Latency: 0.8367926450446248
Latency: 0.8464673871640116
Latency: 0.8409686200320721
Latency: 0.8489454737864435
Latency: 0.8455093540251255
Latency: 0.8335359101183712
Latency: 0.8309087648522109
Latency: 0.8440492050722241
Latency: 0.8482347629033029
Latency: 0.849802068900317
Latency: 0.8307470749132335
Latency: 0.8439997399691492
Latency: 0.8445542119443417
Latency: 0.8419680630322546
Latency: 0.8268026500009
Latency: 0.8316399890463799
Latency: 0.8501323380041867
Latency: 0.8317490920890123
Latency: 0.8515144649427384
Latency: 0.8509607571177185
Latency: 0.8311031428165734
Latency: 0.8465827258769423
Latency: 0.8241580021567643
Latency: 0.8318296670913696
Latency: 0.8477101570460945
Latency: 0.8467449219897389
Latency: 0.8420089981518686
Latency: 0.8538150920066983
Latency: 0.8525379139464349
Latency: 0.8446013589855283
Latency: 0.8492584030609578
Latency: 0.8411164828576148
Latency: 0.8479467208962888
Latency: 0.8493950560223311
Latency: 0.8451308070216328
Latency: 0.8444958250038326
Latency: 0.8453705909196287
Latency: 0.8356410348787904
Latency: 0.8351307888515294
Latency: 0.8362698520068079
Latency: 0.8390808831900358
Latency: 0.8454706640914083
Latency: 0.8490853039547801
Latency: 0.8095228660386056
Latency: 0.8155116641428322
Latency: 0.8224909789860249
Latency: 0.8330518880393356
Latency: 0.835344237042591
Latency: 0.8601608260069042
Latency: 0.8602560278959572
Latency: 0.8651395591441542
Latency: 0.8496288519818336
Latency: 0.8692075409926474
Latency: 0.8514336450025439
Latency: 0.8775291990023106
Latency: 0.8539123148657382
Latency: 0.8603479680605233
Latency: 0.8707575388252735
Latency: 0.8752459450624883
Latency: 0.8906168860848993
Latency: 0.8866365910507739
Latency: 0.8688296449836344
Latency: 0.8924102149903774
Latency: 0.8551466749049723
Latency: 0.8743407460860908
Latency: 0.8610571189783514
Latency: 0.9119017401244491
Latency: 0.8663541169371456
Latency: 0.9104075140785426
Latency: 0.8943026179913431
Latency: 0.876870488980785
Latency: 0.8680303280707449
Latency: 0.8883958179503679
Latency: 0.8564659871626645
Latency: 0.8714748830534518
Latency: 0.8879471598193049
Latency: 0.8627316628117114
Latency: 0.8712704628705978
Latency: 0.8926098479423672
Latency: 0.8837075608316809
Latency: 0.8608783870004117
Latency: 0.8855903090443462
Latency: 0.8730449180584401
Latency: 0.8791121810209006
Latency: 0.8775159630458802
Latency: 0.8975526918657124
Latency: 0.8825506039429456
Latency: 0.8614858980290592
Latency: 0.8659675200469792
Latency: 0.8675961049739271
Latency: 0.8731851440388709
Latency: 0.889970381045714
Latency: 0.8717915888410062
Latency: 0.8663520680274814
Latency: 0.8844260480254889
Latency: 0.8923389709088951
Latency: 0.8800359689630568
Latency: 0.8853336011525244
Latency: 0.8634746759198606
Latency: 0.8650190189946443
Latency: 0.89186274795793
Latency: 0.8894178410992026
Latency: 0.8815237691160291
Latency: 0.8845810960046947
Latency: 0.8953010118566453
Latency: 0.8874806691892445
Latency: 0.9020827009808272
Latency: 0.8385524079203606
Latency: 0.8268642039038241
Latency: 0.8265422389376909
Latency: 0.8118933429941535
Latency: 0.8100384739227593
Latency: 0.8191756119485945
Latency: 0.8216309051495045
Latency: 0.8217027289792895
Latency: 0.8195942270103842
Latency: 0.8212255141697824
Latency: 0.8183228021953255
Latency: 0.8109260390046984
Latency: 0.8210698089096695
Latency: 0.8304740840103477
Latency: 0.8432910430710763
Latency: 0.8501716598402709
Latency: 0.8461463709827513
Latency: 0.8512857279274613
Latency: 0.84377157012932
Latency: 0.8666689400561154
Latency: 0.8683935040608048
Latency: 0.8567005391232669
Latency: 0.8707195839378983
Latency: 0.8448100879322737
Latency: 0.856798819033429
Latency: 0.8516931319609284
Latency: 0.8417004188522696
Latency: 0.8483429839834571
Latency: 0.8708417958114296
Latency: 0.873168425867334
Latency: 0.868096669903025
Latency: 0.8313298688735813
Latency: 0.8671102719381452
Latency: 0.8651212060358375
Latency: 0.8575844869483262
Latency: 0.865830043097958
Latency: 0.8513202948961407
Latency: 0.8597302180714905
Latency: 0.8517335450742394
Latency: 0.8636873210780323
Latency: 0.8687570039182901
Latency: 0.8577602468430996
Latency: 0.8676538441795856
Latency: 0.8731811989564449
Latency: 0.8744090248364955
Latency: 0.8550482140854001
Latency: 0.8525456259958446
Latency: 0.8650609590113163
Latency: 0.8712079951073974
Latency: 0.8568120610434562
Latency: 0.8530071771237999
Latency: 0.8749578939750791
Latency: 0.8632463691756129
Latency: 0.8410915918648243
Latency: 0.8663272629491985
Latency: 0.8477574801072478
Latency: 0.8432044959627092
Latency: 0.8464710391126573
Latency: 0.8483522119931877
Latency: 0.8498726738616824
Latency: 0.866152421105653
Latency: 0.8416284930426627
Latency: 0.8473703069612384
Latency: 0.8890582239255309
Latency: 0.8240761240012944
Latency: 0.8299346431158483
Latency: 0.8244901900179684
Latency: 0.802368288859725
Latency: 0.8080693329684436
Latency: 0.8150099241174757
Latency: 0.8144080729689449
Latency: 0.8181621490512043
Latency: 0.8230336969718337
Latency: 0.8198214811272919
Latency: 0.8223379838746041
Latency: 0.831547925947234
Latency: 0.812441810965538
Latency: 0.81590426992625
Latency: 0.8382804719731212
Latency: 0.8333291348535568
Latency: 0.8172166319563985
Latency: 0.8177249520085752
Latency: 0.815488580847159
Latency: 0.8252237041015178
Latency: 0.8271605710033327
Latency: 0.8196272370405495
Latency: 0.8143524010665715
Latency: 0.8073063739575446
Latency: 0.8195801840629429
Latency: 0.8202444741036743
Latency: 0.830522377975285
Latency: 0.8305131690576673
Latency: 0.8195762999821454
Latency: 0.8182016829960048
Latency: 0.8174564680084586
Latency: 0.8175471590366215
Latency: 0.8244563001208007
Latency: 0.8173970421776175
Latency: 0.8259697249159217
Latency: 0.823724381858483
Latency: 0.8164785490371287
Latency: 0.8349841081071645
Latency: 0.8242879270110279
Latency: 0.8448609730694443
Latency: 0.8249556159134954
Latency: 0.8354090440552682
Latency: 0.8068305130582303
Latency: 0.8195683958474547
Latency: 0.8244957448914647
Latency: 0.8289933609776199
Latency: 0.8288991451263428
Latency: 0.8186449720524251
Latency: 0.8281255650799721
Latency: 0.8117036251351237
Latency: 0.8224845908116549
Latency: 0.8362205640878528
Latency: 0.8221766441129148
Latency: 0.8267596440855414
Latency: 0.8329060941468924
Latency: 0.8252088190056384
Latency: 0.8401344739831984
Latency: 0.8286988451145589
Latency: 0.8447173580061644
Latency: 0.8130360099021345
Latency: 0.8090845800470561
Latency: 0.829392635030672
Latency: 0.819238776806742
Latency: 0.8498352859169245
Latency: 0.8548004098702222
Latency: 0.853123193141073
Latency: 0.8279135271441191
Latency: 0.8502646859269589
Latency: 0.8214602009393275
Latency: 0.8422741051763296
Latency: 0.8338101438712329
Latency: 0.8309700971003622
Latency: 0.8404895539861172
Latency: 0.8401011978276074
Latency: 0.8445056369528174
Latency: 0.8257147499825805
Latency: 0.8352412818931043
Latency: 0.8303220910020173
Latency: 0.8261306730564684
Latency: 0.8379480361472815
Latency: 0.8661417660769075
Latency: 0.8540028859861195
Latency: 0.8637368408963084
Latency: 0.8598166308365762
Latency: 0.8569169680122286
Latency: 0.8435893829446286
Latency: 0.8721098199021071
Latency: 0.834127790061757
Latency: 0.8714195729698986
Latency: 0.8649873801041394
Latency: 0.8782727539073676
Latency: 0.8384546220768243
Latency: 0.8673535578418523
Latency: 0.8409478890243918
Latency: 0.842395304935053
Latency: 0.8910998399369419
Latency: 0.8582219069357961
Latency: 0.8667061140295118
Latency: 0.8594408461358398
Latency: 0.865434403065592
Latency: 0.8496262249536812
Latency: 0.8660809139255434
Latency: 0.8823207139503211
Latency: 0.8498652977868915
Latency: 0.8499199340585619
Latency: 0.8453287510201335
Latency: 0.85909164394252
Latency: 0.8435081969946623
Latency: 0.8533458169549704
Latency: 0.8631754720117897
Latency: 0.8627205179072917
Latency: 0.8528951848857105
Latency: 0.8494141190312803
Latency: 0.877588015049696
Latency: 0.8731095190159976
Latency: 0.8666294389404356
Latency: 0.8875824799761176
Latency: 0.8654013779014349
Latency: 0.8550900940317661
Latency: 0.8536742208525538
Latency: 0.8552013479638845
Latency: 0.8578947789501399
Latency: 0.8658594149164855
Latency: 0.8642258879262954
Latency: 0.8869338619988412
Latency: 0.8943706220015883
Latency: 0.8524549058638513
Latency: 0.8921595790889114
Latency: 0.8243501449469477
Latency: 0.8151084661949426
Latency: 0.8250854951329529
Latency: 0.82224754197523
Latency: 0.818706750869751
Latency: 0.8144366280175745
Latency: 0.8309889989905059
Latency: 0.80151212005876
Latency: 0.8456067908555269
Latency: 0.8240806981921196
Latency: 0.8361972779966891
Latency: 0.8203633688390255
Latency: 0.8175406740047038
Latency: 0.8597436621785164
Latency: 0.8403854488860816
Latency: 0.8342986821662635
Latency: 0.8182410318404436
Latency: 0.8442826489917934
Latency: 0.8241399840917438
Latency: 0.8447246518917382
Latency: 0.8203404119703919
Latency: 0.8184399760793895
Latency: 0.8207877981476486
Latency: 0.8277336130850017
Latency: 0.8131651140283793
Latency: 0.8140261159278452
Latency: 0.8231055201031268
Latency: 0.8246901861857623
Latency: 0.821695351973176
Latency: 0.8352096180897206
Latency: 0.8294908101670444
Latency: 0.8255749430973083
Latency: 0.8424153309315443
Latency: 0.8196535571478307
Latency: 0.8150365438777953
Latency: 0.8230858300812542
Latency: 0.8292313148267567
Latency: 0.8184132678434253
Latency: 0.8308717459440231
Latency: 0.8173265259247273
Latency: 0.8272247449494898
Latency: 0.8206908938009292
Latency: 0.816688067978248
Latency: 0.8257710731122643
Latency: 0.8205380029976368
Latency: 0.8274699819739908
Latency: 0.8321135819423944
Latency: 0.8363219760358334
Latency: 0.8329743798822165
Latency: 0.8189776290673763
Latency: 0.8219996280968189
Latency: 0.8293920429423451
Latency: 0.8392065209336579
Latency: 0.8239455008879304
Latency: 0.825777349062264
Latency: 0.8257433788385242
Latency: 0.8207655218429863
Latency: 0.84212442394346
Latency: 0.8134775410871953
Latency: 0.827809490961954
Latency: 0.8252235481049865
Latency: 0.8251885850913823
Latency: 0.8218482099473476
Latency: 0.8685535539407283
Latency: 0.7992438119836152
Latency: 0.8146492599043995
Latency: 0.8132467800751328
Latency: 0.8216776489280164
Latency: 0.8204401188995689
Latency: 0.8272666020784527
Latency: 0.804797425866127
Latency: 0.8108825548551977
Latency: 0.8162441290915012
Latency: 0.8112355060875416
Latency: 0.8421249750535935
Latency: 0.8277482939884067
Latency: 0.8223664041142911
Latency: 0.8323103971779346
Latency: 0.8112509669736028
Latency: 0.8302627799566835
Latency: 0.8229967399965972
Latency: 0.8182519010733813
Latency: 0.814856800949201
Latency: 0.8092411700636148
Latency: 0.824399660108611
Latency: 0.8313074940815568
Latency: 0.798475377028808
Latency: 0.8128353650681674
Latency: 0.8360224140342325
Latency: 0.8054176371078938
Latency: 0.8274176570121199
Latency: 0.8185612680390477
Latency: 0.8137556510046124
Latency: 0.83250442892313
Latency: 0.8221435900777578
Latency: 0.8232209868729115
Latency: 0.8111606161110103
Latency: 0.824680081801489
Latency: 0.8151086601428688
Latency: 0.8224623950663954
Latency: 0.8176096768584102
Latency: 0.8222950689960271
Latency: 0.831276117824018
Latency: 0.8324106400832534
Latency: 0.8321982650086284
Latency: 0.8361322809942067
Latency: 0.8322694939561188
Latency: 0.8308292950969189
Latency: 0.836402514949441
Latency: 0.8240725270006806
Latency: 0.8360254019498825
Latency: 0.8222467140294611
Latency: 0.8317062000278383
Latency: 0.8330408108886331
Latency: 0.8435474750585854
Latency: 0.8370052569080144
Latency: 0.8291820648591965
Latency: 0.8422065570484847
Latency: 0.8408712591044605
Latency: 0.8217401839792728
Latency: 0.8474062199238688
Latency: 0.826180811971426
Latency: 0.8105648991186172
Latency: 0.8494532941840589
Latency: 0.8262455000076443
Latency: 0.8168651731684804
Latency: 0.8357793539762497
Latency: 0.835017894860357
Latency: 0.8138038089964539
Latency: 0.837780375033617
Latency: 0.8293380751274526
Latency: 0.8317043608985841
Latency: 0.856972096953541
Latency: 0.8449803658295423
Latency: 0.8070291699841619
Latency: 0.830508918967098
Latency: 0.8306411590892822
Latency: 0.8254555640742183
Latency: 0.8266093949787319
Latency: 0.834954597055912
Latency: 0.8233065970707685
Latency: 0.8188740788027644
Latency: 0.8267279281280935
Latency: 0.8258567289449275
Latency: 0.8369537040125579
Latency: 0.8437968420330435
Latency: 0.8216505551245064
Latency: 0.8268561901059002
Latency: 0.8307663979940116
Latency: 0.8385124651249498
Latency: 0.8393469888251275
Latency: 0.8299511461518705
Latency: 0.8464480908587575
Latency: 0.8447209158912301
Latency: 0.8461733111180365
Latency: 0.8282989889848977
Latency: 0.8588760560378432
Latency: 0.8689704178832471
Latency: 0.8223547129891813
Latency: 0.832457171054557
Latency: 0.8375191139057279
Latency: 0.8672817109618336
Latency: 0.8421771680004895
Latency: 0.8671888839453459
Latency: 0.8787417621351779
Latency: 0.8362333059776574
Latency: 0.8709322230424732
Latency: 0.842148691881448
Latency: 0.8865393369924277
Latency: 0.8574112800415605
Latency: 0.893616811838001
Latency: 0.9000697599258274
Latency: 0.851735559059307
Latency: 0.8612002390436828
Latency: 0.8577286140061915
Latency: 0.8358689430169761
Latency: 0.8588156059850007
Latency: 0.8393517839722335
Latency: 0.8448376408778131
Latency: 0.856603330001235
Latency: 0.8515772151295096
Latency: 0.8531040959060192
Latency: 0.8503085779957473
Latency: 0.8620881529059261
Latency: 0.8474275411572307
Latency: 0.8516232210677117
Latency: 0.8480687621049583
Latency: 0.861296660033986
Latency: 0.8719486629124731
Latency: 0.8491302689071745
Latency: 0.882996432017535
Latency: 0.8223039419390261
Latency: 0.8083379829768091
Latency: 0.8244707798585296
Latency: 0.8119122020434588
Latency: 0.8742194559890777
Latency: 0.8764815200120211
Latency: 0.8554563720244914
Latency: 0.8444934608414769
Latency: 0.8450547270476818
Latency: 0.8582097969483584
Latency: 0.8610651479102671
Latency: 0.8552896061446518
Latency: 0.8530405168421566
Latency: 0.858374065021053
Latency: 0.8730761839542538
Latency: 0.8429855490103364
Latency: 0.8705330260563642
Latency: 0.8615816440433264
Latency: 0.8474500880111009
Latency: 0.855306738987565
Latency: 0.8623084228020161
Latency: 0.8540480730589479
Latency: 0.8725963409524411
Latency: 0.8389968399424106
Latency: 0.8626939768437296
Latency: 0.8635200900025666
Latency: 0.8656555421184748
Latency: 0.839287995127961
Latency: 0.865063538076356
Latency: 0.8261466880794615
Latency: 0.8654735360760242
Latency: 0.8182399740908295
Latency: 0.8318940391764045
Latency: 0.8538881761487573
Latency: 0.8359830221161246
Latency: 0.8589672439265996
Latency: 0.8602291990537196
Latency: 0.8679097990971059
Latency: 0.8550210800021887
Latency: 0.8681442739907652
Latency: 0.8525538761168718
Latency: 0.8553182028699666
Latency: 0.8568966849707067
Latency: 0.8779863000381738
Latency: 0.8600503890775144
Latency: 0.8849464398808777
Latency: 0.8577132930513471
Latency: 0.8899874479975551
Latency: 0.8884189520031214
Latency: 0.8722909460775554
Latency: 0.8590791809838265
Latency: 0.8777125130873173
Latency: 0.9017066298983991
Latency: 0.8583906721323729
Latency: 0.8769636249635369
Latency: 0.8643104890361428
Latency: 0.8621954321861267
Latency: 0.8742110510356724
Latency: 0.8763600960373878
Latency: 0.8770537350792438
Latency: 0.8804564769379795
Latency: 0.858975880080834
Latency: 0.8890490350313485
Latency: 0.8884993549436331
Latency: 0.8815849449019879
Latency: 0.8467644858174026
Latency: 0.8114318780135363
Latency: 0.819059262983501
Latency: 0.8212246040347964
Latency: 0.8321370661724359
Latency: 0.8184704179875553
Latency: 0.8200683118775487
Latency: 0.8246209670323879
Latency: 0.8357169609516859
Latency: 0.820660870987922
Latency: 0.8272424901369959
Latency: 0.8202745928429067
Latency: 0.8409651219844818
Latency: 0.8300945169758052
Latency: 0.8243663441389799
Latency: 0.8387184459716082
Latency: 0.8341815350577235
Latency: 0.8324903200846165
Latency: 0.8316077708732337
Latency: 0.8265879489481449
Latency: 0.8508616010658443
Latency: 0.8396647530607879
Latency: 0.8317467360757291
Latency: 0.8369117628317326
Latency: 0.8451962610706687
Latency: 0.8429227210581303
Latency: 0.8472767039202154
Latency: 0.8430982229765505
Latency: 0.8515930210705847
Latency: 0.8450889219529927
Latency: 0.8457797090522945
Latency: 0.8453964709769934
Latency: 0.8131506191566586
Latency: 0.8287698200438172
Latency: 0.8120305528864264
Latency: 0.8198637140449136
Latency: 0.8167549408972263
Latency: 0.8335631128866225
Latency: 0.8285702059511095
Latency: 0.8222504709847271
Latency: 0.833066888153553
Latency: 0.8085763149429113
Latency: 0.8343240520916879
Latency: 0.8241438770201057
Latency: 0.8152229071129113
Latency: 0.8298118070233613
Latency: 0.8370068240910769
Latency: 0.8287014339584857
Latency: 0.8397828550077975
Latency: 0.8374616850633174
Latency: 0.8371327919885516
Latency: 0.8286179271526635
Latency: 0.8269833300728351
Latency: 0.8475569868460298
Latency: 0.8382725699339062
Latency: 0.8510679081082344
Latency: 0.8483344758860767
Latency: 0.837736734887585
Latency: 0.8452117540873587
Latency: 0.8436299038585275
Latency: 0.8227612669579685
Latency: 0.8315270668826997
Latency: 0.834746653912589
Latency: 0.8381101521663368
Latency: 0.826926204143092
Latency: 0.8152077971026301
Latency: 0.8286016958300024
Latency: 0.8164970739744604
Latency: 0.8227951480075717
Latency: 0.868879715912044
Latency: 0.8746931909117848
Latency: 0.8772395101841539
Latency: 0.87969970703125
Latency: 0.8788461450021714
Latency: 0.8899430590681732
Latency: 0.8823235989548266
Latency: 0.8711609970778227
Latency: 0.8712170028593391
Latency: 0.8661428401246667
Latency: 0.8986430850345641
Latency: 0.873015183955431
Latency: 0.8636676971800625
Latency: 0.9051802989561111
Latency: 0.8676840318366885
Latency: 0.881862557027489
Latency: 0.8800079522188753
Latency: 0.923381214030087
Latency: 0.8806123097892851
Latency: 0.8931099188048393
Latency: 0.8621078729629517
Latency: 0.8833138970658183
Latency: 0.8854077109135687
Latency: 0.8815649671014398
Latency: 0.8702773470431566
Latency: 0.8776508148293942
Latency: 0.8937785488087684
Latency: 0.8911945649888366
Latency: 0.8651816039346159
Latency: 0.9004625070374459
Latency: 0.8770827511325479
Latency: 0.8613201270345598
Latency: 0.851624924922362
Latency: 0.8815399880986661
Latency: 0.8742822920903563
Latency: 0.8676335921045393
Latency: 0.8632144730072469
Latency: 0.8662781331222504
Latency: 0.8684577809181064
Latency: 0.873631166992709
Latency: 0.8414235659874976
Latency: 0.8944082160014659
Latency: 0.8502091970294714
Latency: 0.8552036418113858
Latency: 0.857023096177727
Latency: 0.8938063180539757
Latency: 0.8646368351764977
Latency: 0.8821612298488617
Latency: 0.9043793259188533
Latency: 0.8681315809953958
Latency: 0.8896064758300781
Latency: 0.864550253842026
Latency: 0.8896429790183902
Latency: 0.8856016141362488
Latency: 0.9201822518371046
Latency: 0.8969390750862658
Latency: 0.9055024480912834
Latency: 0.9403930529952049
Latency: 0.94870400801301
Latency: 0.800300762988627
Latency: 0.8111058841459453
Latency: 0.8138502049259841
Latency: 0.7989891429897398
Latency: 0.8324566620867699
Latency: 0.8215637849643826
Latency: 0.8168243549298495
Latency: 0.8212594599463046
Latency: 0.8203915648628026
Latency: 0.8146613650023937
Latency: 0.8285080739296973
Latency: 0.8168873800896108
Latency: 0.8151030021253973
Latency: 0.8190958960913122
Latency: 0.8100567511282861
Latency: 0.8029636428691447
Latency: 0.8243365751113743
Latency: 0.8239381839521229
Latency: 0.8083427390083671
Latency: 0.8188985821325332
Latency: 0.8343428720254451
Latency: 0.8187898332253098
Latency: 0.8142666642088443
Latency: 0.8216933030635118
Latency: 0.8232158499304205
Latency: 0.8190452931448817
Latency: 0.8215990879107267
Latency: 0.8160869830753654
Latency: 0.8180235188920051
Latency: 0.8207962801679969
Latency: 0.8216851230245084
Latency: 0.8224584967829287
Latency: 0.8368166340515018
Latency: 0.8173896200023592
Latency: 0.8162403600290418
Latency: 0.8215954669285566
Latency: 0.8063059519045055
Latency: 0.8080076570622623
Latency: 0.8241504461038858
Latency: 0.8155663970392197
Latency: 0.8008359470404685
Latency: 0.8359039770439267
Latency: 0.8181970259174705
Latency: 0.8281063290778548
Latency: 0.8129386729560792
Latency: 0.8253200761973858
Latency: 0.8031122970860451
Latency: 0.8385056559927762
Latency: 0.8186750030145049
Latency: 0.8272046989295632
Latency: 0.8226146758534014
Latency: 0.8399514730554074
Latency: 0.8227862911298871
Latency: 0.8164431180339307
Latency: 0.8321111691184342
Latency: 0.8271362001542002
Latency: 0.831489339005202
Latency: 0.8316320439334959
Latency: 0.818485792959109
Latency: 0.8298548860475421
Latency: 0.8206633978988975
Latency: 0.82175686606206
Latency: 0.8152569199446589
Latency: 0.8177107670344412
Latency: 0.8289264100603759
Latency: 0.8653468061238527
Latency: 0.8733446591068059
Latency: 0.8576973080635071
Latency: 0.8757732859812677
Latency: 0.8587544278707355
Latency: 0.8563699028454721
Latency: 0.8661271899472922
Latency: 0.8371457839384675
Latency: 0.858376907883212
Latency: 0.8710109042003751
Latency: 0.8615519539453089
Latency: 0.8655064951162785
Latency: 0.8543497379869223
Latency: 0.8747389931231737
Latency: 0.8633262878283858
Latency: 0.8551314261276275
Latency: 0.8611841970123351
Latency: 0.8816059560049325
Latency: 0.852294998941943
Latency: 0.8635166499298066
Latency: 0.8660303971264511
Latency: 0.8650733020622283
Latency: 0.8502357341349125
Latency: 0.8671712258365005
Latency: 0.8513978580012918
Latency: 0.8656486109830439
Latency: 0.8612047741189599
Latency: 0.8726593169849366
Latency: 0.8538855840452015
Latency: 0.8730088849551976
Latency: 0.8741719380486757
Latency: 0.8671555321197957
Latency: 0.8621369739994407
Latency: 0.8760479157790542
Latency: 0.8533436330035329
Latency: 0.8820837319362909
Latency: 0.8752044050488621
Latency: 0.8475456140004098
Latency: 0.8837866811081767
Latency: 0.8860484620090574
Latency: 0.8828838600311428
Latency: 0.8851364308502525
Latency: 0.8546286711934954
Latency: 0.8475076060276479
Latency: 0.8571844631806016
Latency: 0.8624271680600941
Latency: 0.87488396698609
Latency: 0.8848914899863303
Latency: 0.8861434960272163
Latency: 0.9069916759617627
Latency: 0.905859590973705
Latency: 0.9017408099025488
Latency: 0.8549325121566653
Latency: 0.8638781129848212
Latency: 0.8629004240501672
Latency: 0.8526807781308889
Latency: 0.8678394260350615
Latency: 0.8390271528623998
Latency: 0.8587787998840213
Latency: 0.8650389041285962
Latency: 0.8679270960856229
Latency: 0.8464835390914232
Latency: 0.8526041111908853
Latency: 0.8257651228923351
Latency: 0.8327419401612133
Latency: 0.8237945889122784
Latency: 0.8241424860898405
Latency: 0.8588755989912897
Latency: 0.8314456529915333
Latency: 0.8227780959568918
Latency: 0.8296976590063423
Latency: 0.8297945850063115
Latency: 0.8251772979274392
Latency: 0.8345407899469137
Latency: 0.8255369199905545
Latency: 0.82364297285676
Latency: 0.8249595009256154
Latency: 0.8278595509473234
Latency: 0.8741488188970834
Latency: 0.8704091010149568
Latency: 0.8728566619101912
Latency: 0.8831866099499166
Latency: 0.8868729181122035
Latency: 0.8650882809888572
Latency: 0.8904466941021383
Latency: 0.8877217778936028
Latency: 0.8894569361582398
Latency: 0.8734980241861194
Latency: 0.8786555628757924
Latency: 0.892875503981486
Latency: 0.8817885550670326
Latency: 0.8738769409246743
Latency: 0.8948528529144824
Latency: 0.8675492219626904
Latency: 0.9033757380675524
Latency: 0.9156591650098562
Latency: 0.8710806928575039
Latency: 0.8625646859873086
Latency: 0.8488424310926348
Latency: 0.9013848749455065
Latency: 0.9005409800447524
Latency: 0.859501414000988
Latency: 0.8548971521668136
Latency: 0.8676979870069772
Latency: 0.8796847201883793
Latency: 0.8546616430394351
Latency: 0.869012980023399
Latency: 0.8772982850205153
Latency: 0.8666555860545486
Latency: 0.8820809461176395
Latency: 0.8818375959526747
Latency: 0.8732602561358362
Latency: 0.8745675231330097
Latency: 0.8779587629251182
Latency: 0.8720543428789824
Latency: 0.8639217100571841
Latency: 0.872207737993449
Latency: 0.8678744959179312
Latency: 0.8644118420779705
Latency: 0.8682480670977384
Latency: 0.8648834358900785
Latency: 0.8833285910077393
Latency: 0.8936146260239184
Latency: 0.8581974790431559
Latency: 0.8259733840823174
Latency: 0.8909677071496844
Latency: 0.8927933471277356
Latency: 0.8218619499821216
Latency: 0.8274395861662924
Latency: 0.8188492190092802
Latency: 0.8227874850854278
Latency: 0.8284340549726039
Latency: 0.8286615421529859
Latency: 0.8121183270122856
Latency: 0.8035930881742388
Latency: 0.815427275840193
Latency: 0.8256764500401914
Latency: 0.8206841950304806
Latency: 0.8272449888754636
Latency: 0.8229941080790013
Latency: 0.8233940650243312
Latency: 0.8292119931429625
Latency: 0.8188936128281057
Latency: 0.8059602540452033
Latency: 0.8203314528800547
Latency: 0.8073804969899356
Latency: 0.8121746159158647
Latency: 0.8186417750548571
Latency: 0.8261419509071857
Latency: 0.826756453840062
Latency: 0.8284747148863971
Latency: 0.8104555930476636
Latency: 0.8323712779674679
Latency: 0.8232331019826233
Latency: 0.8259532370138913
Latency: 0.838902176823467
Latency: 0.8377546858973801
Latency: 0.8295762659981847
Latency: 0.839683439116925
Latency: 0.8492192318663001
Latency: 0.8377154609188437
Latency: 0.8383842669427395
Latency: 0.8256646739318967
Latency: 0.836983019951731
Latency: 0.8338474419433624
Latency: 0.8403361679520458
Latency: 0.820964922895655
Latency: 0.8283779961057007
Latency: 0.8359309700317681
Latency: 0.8392791468650103
Latency: 0.8353137308731675
Latency: 0.8211086960509419
Latency: 0.8372524669393897
Latency: 0.8377976261544973
Latency: 0.8245937619358301
Latency: 0.8241558619774878
Latency: 0.825585869140923
Latency: 0.8395772748626769
Latency: 0.8244331299792975
Latency: 0.8331607279833406
Latency: 0.8459000829607248
Latency: 0.8376180408522487
Latency: 0.8319685300812125
Latency: 0.8425933320540935
Latency: 0.8371646590530872
Latency: 0.8298573640640825
Latency: 0.8272120871115476
Latency: 0.8306087329983711
Latency: 0.8230966900009662
Latency: 0.838815996889025
Latency: 0.835625363048166
Latency: 0.8580688789952546
Latency: 0.826552479993552
Latency: 0.8285003327764571
Latency: 0.8524165409617126
Latency: 0.8451383179053664
Latency: 0.8619545069523156
Latency: 0.8568862308748066
Latency: 0.8608024690765887
Latency: 0.8281773759517819
Latency: 0.8454427449032664
Latency: 0.8519635980483145
Latency: 0.8381186409387738
Latency: 0.822271732147783
Latency: 0.8497077699285001
Latency: 0.8367222771048546
Latency: 0.8388407488819212
Latency: 0.8456467757932842
Latency: 0.8479982239659876
Latency: 0.8419188251718879
Latency: 0.8511863460298628
Latency: 0.8396557189989835
Latency: 0.8382022590376437
Latency: 0.8528608258347958
Latency: 0.8317521121352911
Latency: 0.8568845228292048
Latency: 0.853651189012453
Latency: 0.8527054800651968
Latency: 0.8604897379409522
Latency: 0.8429879820905626
Latency: 0.8522083130665123
Latency: 0.8638459700159729
Latency: 0.8704564231447875
Latency: 0.878956523956731
Latency: 0.8602094540838152
Latency: 0.8537512652110308
Latency: 0.8637563311494887
Latency: 0.8442661340814084
Latency: 0.8532635360024869
Latency: 0.8399827848188579
Latency: 0.8751548589207232
Latency: 0.870662905042991
Latency: 0.8549652800429612
Latency: 0.8801008460577577
Latency: 0.9028735680039972
Latency: 0.8589329228270799
Latency: 0.8545666858553886
Latency: 0.8776935250498354
Latency: 0.8709305680822581
Latency: 0.8644829508848488
Latency: 0.866896647028625
Latency: 0.8824727779719979
Latency: 0.8612783818971366
Latency: 0.8606246770359576
Latency: 0.860366309992969
Latency: 0.8755063889548182
Latency: 0.8726955319289118
Latency: 0.8669904039707035
Latency: 0.862281696870923
Latency: 0.8480865529272705
Latency: 0.8755399249494076
Latency: 0.8606367679312825
Latency: 0.8275367519818246
Latency: 0.826437063049525
Latency: 0.8362958431243896
Latency: 0.82294742600061
Latency: 0.8243308640085161
Latency: 0.8242648288141936
