Latency: 0.8238069829531014
Latency: 0.8243860590737313
Latency: 0.8257268839515746
Latency: 0.8271192039828748
Latency: 0.8285356780979782
Latency: 0.8299717409536242
Latency: 0.831688717007637
Latency: 0.8331164689734578
Latency: 0.8345839008688927
Latency: 0.8360008231829852
Latency: 0.8374562410172075
Latency: 0.8389216850046068
Latency: 0.840420134132728
Latency: 0.8419089808594435
Latency: 0.8433971649501473
Latency: 0.8448913979809731
Latency: 0.8462934789713472
Latency: 0.8477238330524415
Latency: 0.8491838790941983
Latency: 0.8506304360926151
Latency: 0.8520855051465333
Latency: 0.854255166137591
Latency: 0.8558731731027365
Latency: 0.8574547560419887
Latency: 0.8590622511692345
Latency: 0.8607720420695841
Latency: 0.8623983738943934
Latency: 0.864031339995563
Latency: 0.865601944969967
Latency: 0.8671294921077788
Latency: 0.8686712151393294
Latency: 0.8702195279765874
Latency: 0.8717632459010929
Latency: 0.8733523341361433
Latency: 0.8748959340155125
Latency: 0.8764323319774121
Latency: 0.907874220982194
Latency: 0.9093440638389438
Latency: 0.9108823491260409
Latency: 0.9123658370226622
Latency: 0.9138719399925321
Latency: 0.9152782100718468
Latency: 0.9167639617808163
Latency: 0.9182630029972643
Latency: 0.9197208259720355
Latency: 0.921204426093027
Latency: 0.9226399990729988
Latency: 0.9241104039829224
Latency: 0.9255710570141673
Latency: 0.9272416741587222
Latency: 0.9287131468299776
Latency: 0.9302102930378169
Latency: 0.9316702429205179
Latency: 0.9313599278684705
Latency: 0.9349063150584698
Latency: 0.9363437790889293
Latency: 0.9377695489674807
Latency: 0.939244891051203
Latency: 0.9407150230836123
Latency: 0.9421952390111983
Latency: 0.9190162930171937
Latency: 0.9204702649731189
Latency: 0.9219529388938099
Latency: 0.9235517480410635
Latency: 0.9250850270036608
Latency: 0.9265785948373377
Latency: 0.9280712979380041
Latency: 0.9295888459309936
Latency: 0.931097897933796
Latency: 0.9326099150348455
Latency: 0.9341414920054376
Latency: 0.9355642350856215
Latency: 0.9649205019231886
Latency: 0.9663689250592142
Latency: 0.9678335259668529
Latency: 0.96929692896083
Latency: 0.9707524280529469
Latency: 0.9722395208664238
Latency: 0.9738414469175041
Latency: 0.9748359811492264
Latency: 0.9762617899104953
Latency: 0.9777403811458498
Latency: 0.9791827050503343
Latency: 0.9806732588913292
Latency: 0.9821435150224715
Latency: 0.983647882938385
Latency: 0.9851363787893206
Latency: 0.9862794219516218
Latency: 0.9726286949589849
Latency: 0.970608975039795
Latency: 0.9714749699924141
Latency: 0.9730600079055876
Latency: 0.9745492718648165
Latency: 0.9760299050249159
Latency: 0.9774996130727232
Latency: 0.9789136259350926
Latency: 0.9803956269752234
Latency: 0.9818957468960434
Latency: 0.9833119530230761
Latency: 0.9847549928817898
Latency: 0.9862834510859102
Latency: 0.987710377201438
Latency: 0.9891876759938896
Latency: 0.9906381131149828
Latency: 0.9920659868512303
Latency: 0.9935467559844255
Latency: 0.9951605231035501
Latency: 0.99667595513165
Latency: 0.9981725211255252
Latency: 0.9996689930558205
Latency: 1.0010665708687156
Latency: 1.0025373110547662
Latency: 1.004030518932268
Latency: 1.00551467994228
Latency: 1.0070202930364758
Latency: 1.0085633138660342
Latency: 1.0100718969479203
Latency: 1.0115360310301185
Latency: 1.0129770780913532
Latency: 1.0144679120276123
Latency: 1.0159712540917099
Latency: 1.0175787368789315
Latency: 1.0190677689388394
Latency: 1.0205445070751011
Latency: 1.0220290459692478
Latency: 1.0235047719907016
Latency: 1.0249778379220515
Latency: 1.0264915328007191
Latency: 1.0279732670169324
Latency: 1.0342462658882141
Latency: 1.034108998021111
Latency: 1.0339330080896616
Latency: 1.0338679631240666
Latency: 1.0720382239669561
Latency: 1.073510809103027
Latency: 1.0834562091622502
Latency: 1.0850664989557117
Latency: 1.086528651881963
Latency: 1.088133417069912
Latency: 1.0895877920556813
Latency: 1.0911045279353857
Latency: 1.0925868100021034
Latency: 1.09407446696423
Latency: 1.0955522689037025
Latency: 1.0970277758315206
Latency: 1.0985066359862685
Latency: 1.0671131371054798
Latency: 1.0685936179943383
Latency: 1.0700362210627645
Latency: 1.0715468940325081
Latency: 1.0730302389711142
Latency: 1.0746142140123993
Latency: 1.0835384759120643
Latency: 1.085314883152023
Latency: 1.0868868520483375
Latency: 1.08831581287086
Latency: 1.089855836937204
Latency: 1.0913427688647062
Latency: 1.0923596350476146
Latency: 1.0938267630990595
Latency: 1.0952766011469066
Latency: 1.0967501809354872
Latency: 1.098246678011492
Latency: 1.0997353680431843
Latency: 1.1012377839069813
Latency: 1.1124787230510265
Latency: 1.1124069418292493
Latency: 1.9824697289150208
Latency: 1.984685756964609
Latency: 1.9869181730318815
Latency: 1.9892167130019516
Latency: 1.9913604769390076
Latency: 1.9934899751096964
Latency: 1.995559975039214
Latency: 1.9976803488098085
Latency: 1.9997611651197076
Latency: 2.001844049198553
Latency: 2.0039632900152355
Latency: 2.006231287959963
Latency: 2.0084414179436862
Latency: 2.01060519204475
Latency: 2.0126925241202116
Latency: 2.014819228788838
Latency: 2.016920561902225
Latency: 2.0190171180292964
Latency: 2.021102925064042
Latency: 2.0232247880194336
Latency: 2.0253723098430783
Latency: 2.0274619499687105
Latency: 2.0295516450423747
Latency: 2.031684439862147
Latency: 2.0599226190242916
Latency: 2.0619583670049906
Latency: 2.0277995930518955
Latency: 2.029839532915503
Latency: 2.0320374390576035
Latency: 2.0341311800293624
Latency: 2.03615938895382
Latency: 2.0382143361493945
Latency: 2.0402576860506088
Latency: 2.0422707789111882
Latency: 2.044315107865259
Latency: 2.0937424150761217
Latency: 2.0959619442000985
Latency: 2.098039292031899
Latency: 2.100114458007738
Latency: 2.1021927348338068
Latency: 2.104274295968935
Latency: 2.106291742064059
Latency: 2.108452011132613
Latency: 2.1105503030121326
Latency: 2.1126057929359376
Latency: 2.114688904955983
Latency: 2.202273885020986
Latency: 2.2043989261146635
Latency: 2.2064674301072955
Latency: 2.2085446720011532
Latency: 2.2106571330223233
Latency: 2.212751080049202
Latency: 2.2148042409680784
Latency: 2.216838357038796
Latency: 2.192476578988135
Latency: 2.1946517128963023
Latency: 2.1967495421413332
Latency: 2.2232489599846303
Latency: 2.2253204360604286
Latency: 2.227407150901854
Latency: 2.2294587299693376
Latency: 2.2315192981623113
Latency: 2.233575033955276
Latency: 2.235646955901757
Latency: 2.2377042258158326
Latency: 2.239838707027957
Latency: 2.2418897771276534
Latency: 2.244040052872151
Latency: 2.24611428193748
Latency: 2.248197351116687
Latency: 2.250241067027673
Latency: 2.252294398844242
Latency: 2.254330813884735
Latency: 2.2568100800272077
Latency: 2.258996288990602
Latency: 2.2610746189020574
Latency: 2.2632010029628873
Latency: 2.265274266945198
Latency: 2.267347327200696
Latency: 2.2695244799833745
Latency: 2.271580645814538
Latency: 2.273651909083128
Latency: 2.2756827550474554
Latency: 2.2777242199517787
Latency: 2.2797887448687106
Latency: 2.2818514979444444
Latency: 2.2839308900292963
Latency: 2.2860026040580124
Latency: 1.1202881559729576
Latency: 1.1215239621233195
Latency: 1.1226034690625966
Latency: 1.1240129210054874
Latency: 1.1246608418878168
Latency: 1.1260618809610605
Latency: 1.1274330241139978
Latency: 1.1276942470576614
Latency: 1.1291079339571297
Latency: 1.130479688057676
Latency: 1.129997700219974
Latency: 1.1313712161500007
Latency: 1.1327943140640855
Latency: 1.1341777120251209
Latency: 1.1335374999325722
Latency: 1.1349128298461437
Latency: 1.1578516091685742
Latency: 1.1592547029722482
Latency: 1.1606497659813613
Latency: 1.1605928840581328
Latency: 1.1619962120894343
Latency: 1.1635561319999397
Latency: 1.1605501910671592
Latency: 1.1619417648762465
Latency: 1.163330104900524
Latency: 1.1646962279919535
Latency: 1.166145134018734
Latency: 2.350772701902315
Latency: 1.1693044698331505
Latency: 1.1824323900509626
Latency: 1.183964200783521
Latency: 1.1854976390022784
Latency: 1.186911391094327
Latency: 1.188328311080113
Latency: 1.1896323920227587
Latency: 1.191051848931238
Latency: 1.192466570995748
Latency: 1.1938692589756101
Latency: 1.194807771127671
Latency: 1.1962132619228214
Latency: 1.19763849908486
Latency: 1.1990847350098193
Latency: 1.200516639975831
Latency: 1.2019740999676287
Latency: 1.2033493211492896
Latency: 1.2047548450063914
Latency: 1.2061986229382455
Latency: 1.2075842667836696
Latency: 1.2090325059834868
Latency: 1.2104637550655752
Latency: 1.2122421290259808
Latency: 1.2137422629166394
Latency: 1.2151767897885293
Latency: 1.2165871178731322
Latency: 1.2180040951352566
Latency: 1.2194718578830361
Latency: 1.2208624749910086
Latency: 1.2223228309303522
Latency: 1.223717276006937
Latency: 1.2250941770616919
Latency: 1.226537638809532
Latency: 1.227965764934197
Latency: 1.229425081051886
Latency: 1.2308539368677884
Latency: 1.2322873529046774
Latency: 1.2340314029715955
Latency: 1.2354760027956218
Latency: 1.2369926669634879
Latency: 1.2385662368033081
Latency: 1.239978482015431
Latency: 1.2413942129351199
Latency: 1.2428344700019807
Latency: 1.2442349188495427
Latency: 1.2456789698917419
Latency: 1.2470825358759612
Latency: 1.241550583159551
Latency: 1.2429900669958442
Latency: 1.2443736190907657
Latency: 1.2458090230356902
Latency: 1.247158634942025
Latency: 1.248615002958104
Latency: 1.250024365959689
Latency: 1.2609755489975214
Latency: 1.2623207550495863
Latency: 1.2637485119048506
Latency: 1.265329847112298
Latency: 1.2668091910891235
Latency: 1.268325509969145
Latency: 1.2697642238344997
Latency: 1.2712450888939202
Latency: 1.272637733956799
Latency: 1.3053660080768168
Latency: 1.306873074034229
Latency: 1.308331053936854
Latency: 1.3097797890659422
Latency: 1.3111736997961998
Latency: 1.3125539820175618
Latency: 1.314161310903728
Latency: 1.3155772811733186
Latency: 1.3169555419590324
Latency: 1.3183700919616967
Latency: 1.3392696911469102
Latency: 1.3393353789579123
Latency: 1.3408097380306572
Latency: 1.3422104509081692
Latency: 1.3436335111036897
Latency: 1.3442836098838598
Latency: 1.3456795008387417
Latency: 1.3470861890818924
Latency: 1.3485286810901016
Latency: 1.3909414901863784
Latency: 1.3906877799890935
Latency: 1.3472047089599073
Latency: 1.346758448984474
Latency: 1.3511010860092938
Latency: 1.3508133210707456
Latency: 1.3512680621352047
Latency: 1.3509755651466548
Latency: 1.3513450231403112
Latency: 1.3510335590690374
Latency: 1.352125845151022
Latency: 1.3519836699124426
Latency: 1.351699945051223
Latency: 1.3513996319379658
Latency: 1.3512456840835512
Latency: 1.351004517171532
Latency: 1.3520026290789247
Latency: 1.3534474337939173
Latency: 1.3548176770564169
Latency: 1.3562818050850183
Latency: 1.3576975339092314
Latency: 1.3593465271405876
Latency: 1.360911521827802
Latency: 1.3625032978598028
Latency: 1.3640951139386743
Latency: 1.3656907728873193
Latency: 1.367290015798062
Latency: 1.3699339909944683
Latency: 1.3713963781483471
Latency: 1.3728659849148244
Latency: 1.3743385509587824
Latency: 1.3758990468923002
Latency: 1.377334229182452
Latency: 1.3787908430676907
Latency: 1.3802433810196817
Latency: 1.3818691140040755
Latency: 1.3832565629854798
Latency: 1.3847002028487623
Latency: 1.3862742760684341
Latency: 1.387696352088824
Latency: 1.389094163896516
Latency: 1.390456744004041
Latency: 1.3919120079372078
Latency: 1.3856857041828334
Latency: 1.387056556995958
Latency: 1.388424937846139
Latency: 1.3898082880768925
Latency: 1.391220168909058
Latency: 1.427197118056938
Latency: 1.4280912880785763
Latency: 1.4278172268532217
Latency: 1.4275152808986604
Latency: 1.4272014799062163
Latency: 1.4286205449607223
Latency: 1.4283439859282225
Latency: 1.4280465259216726
Latency: 1.4133879179134965
Latency: 1.4131085500121117
Latency: 1.1979599008336663
Latency: 1.199218327878043
Latency: 1.200525872875005
Latency: 1.2020097759086639
Latency: 1.202476752921939
Latency: 1.2039235811680555
Latency: 1.2053296938538551
Latency: 1.2067563568707556
Latency: 1.2081270250491798
Latency: 1.209545535966754
Latency: 1.2109740800224245
Latency: 1.2124025879893452
Latency: 1.2139732430223376
Latency: 1.215433823876083
Latency: 1.216875527985394
Latency: 1.2173889779951423
Latency: 1.218786695972085
Latency: 1.2202427070587873
Latency: 1.2216590179596096
Latency: 1.2230770790483803
Latency: 1.224484235048294
Latency: 1.2256933660246432
Latency: 1.2271459980402142
Latency: 1.2285688370466232
Latency: 1.2572628809139132
Latency: 1.258823195938021
Latency: 1.2602491839788854
Latency: 1.2616466048639268
Latency: 1.2630944079719484
Latency: 1.2645153801422566
Latency: 1.3036623429507017
Latency: 1.305077221011743
Latency: 1.306551894871518
Latency: 1.3078942750580609
Latency: 1.309370841132477
Latency: 1.3107816549018025
Latency: 1.3121444198768586
Latency: 1.313635134138167
Latency: 1.3151093469932675
Latency: 1.3165340339764953
Latency: 1.31793507700786
Latency: 1.3193657391238958
Latency: 1.3207716848701239
Latency: 1.3222181301098317
Latency: 1.3236935010645539
Latency: 1.3250985799822956
Latency: 1.3099144748412073
Latency: 1.3112617111764848
Latency: 1.3126770539674908
Latency: 1.3141457189340144
Latency: 1.3158740890212357
Latency: 1.3173319438938051
Latency: 1.3187527789268643
Latency: 1.3202460990287364
Latency: 1.2570754440966994
Latency: 1.2580970248673111
Latency: 1.2595322120469064
Latency: 1.260339792119339
Latency: 1.261746292002499
Latency: 1.262499624164775
Latency: 1.263929155888036
Latency: 1.2653475978877395
Latency: 1.2661533060017973
Latency: 1.2665263200178742
Latency: 1.2671384408604354
Latency: 1.2685296598356217
Latency: 1.269414084032178
Latency: 1.2708298889920115
Latency: 1.272268031956628
Latency: 1.2944951890967786
Latency: 1.295923075871542
Latency: 1.2973585340660065
Latency: 1.2987481630407274
Latency: 1.3001457629725337
Latency: 1.3015637199860066
Latency: 1.30293312901631
Latency: 1.3043687411118299
Latency: 1.330206244951114
Latency: 1.3170688671525568
Latency: 1.318469607969746
Latency: 1.319971876917407
Latency: 1.3213963909074664
Latency: 1.3228227680083364
Latency: 1.3242494789883494
Latency: 1.3175637510139495
Latency: 1.3444470108952373
Latency: 1.3458510769996792
Latency: 1.3473077681846917
Latency: 1.3486992488615215
Latency: 1.3502452219836414
Latency: 1.3516463481355458
Latency: 1.3530969528947026
Latency: 1.3545181199442595
Latency: 1.3559799240902066
Latency: 1.3573839620221406
Latency: 1.35882230498828
Latency: 1.3605896329972893
Latency: 1.3616117481142282
Latency: 1.3630218210164458
Latency: 1.3644128798041493
Latency: 1.3658850621432066
Latency: 1.3673332061152905
Latency: 1.3687636540271342
Latency: 1.3701603268273175
Latency: 1.3715714139398187
Latency: 1.3730048898141831
Latency: 1.3744307770393789
Latency: 1.3758890631143004
Latency: 1.377278315834701
Latency: 1.3787081469781697
Latency: 1.3780124459881335
Latency: 1.3793326220475137
Latency: 1.3943560009356588
Latency: 1.3957876260392368
Latency: 1.3972994731739163
Latency: 1.398646589834243
Latency: 1.4008411578834057
Latency: 1.4015002101659775
Latency: 1.4028226679656655
Latency: 1.403761186869815
Latency: 1.405071741901338
Latency: 1.4065498590935022
Latency: 1.4069732918869704
Latency: 1.4083561759907752
Latency: 1.4097905890084803
Latency: 1.4111750340089202
Latency: 1.411144097102806
Latency: 1.4125760949682444
Latency: 1.414015460992232
Latency: 1.415474999928847
Latency: 1.4152392221149057
Latency: 1.4166238650213927
Latency: 1.4180526998825371
Latency: 1.4199468169827014
Latency: 1.4214422560762614
Latency: 1.4218417319934815
Latency: 1.4232064371462911
Latency: 1.4246079800650477
Latency: 1.4260221580043435
Latency: 1.4274228371214122
Latency: 1.428844888927415
Latency: 1.4292358679231256
Latency: 1.4306491031311452
Latency: 1.432100425940007
Latency: 1.4335121810436249
Latency: 1.4349198539275676
Latency: 1.4363640651572496
Latency: 1.4377360851503909
Latency: 1.4391859120223671
Latency: 1.4392667110078037
Latency: 1.44063636707142
Latency: 1.4421566878445446
Latency: 1.4435713270213455
Latency: 1.4449745160527527
Latency: 1.446397309890017
Latency: 1.4477875020820647
Latency: 1.449214574880898
Latency: 1.4505793449934572
Latency: 1.4519746010191739
Latency: 1.4517788209486753
Latency: 1.4531552949920297
Latency: 1.4545272791292518
Latency: 1.4559414889663458
Latency: 1.4573334900196642
Latency: 1.45872967899777
Latency: 1.460160288028419
Latency: 1.4615860618650913
Latency: 1.4631201941519976
Latency: 1.464523484930396
Latency: 1.465906847966835
Latency: 1.4673387110233307
Latency: 1.4687258570920676
Latency: 1.4701125589199364
Latency: 1.4715314749628305
Latency: 1.4729569798801094
Latency: 1.4743761050049216
Latency: 1.475808888906613
Latency: 1.4771831741090864
Latency: 1.4785638770554215
Latency: 1.4800110969226807
Latency: 1.481418687850237
Latency: 1.5139627759344876
Latency: 1.5136899359058589
Latency: 1.5133709430228919
Latency: 1.5130598829127848
Latency: 1.5129285720176995
Latency: 1.5127010331489146
Latency: 1.5123862470500171
Latency: 1.5129925680812448
Latency: 1.4876593931112438
Latency: 1.489034895086661
Latency: 1.4904694489669055
Latency: 1.4917984039057046
Latency: 1.4932217218447477
Latency: 1.4947080540005118
Latency: 1.4961397100705653
Latency: 1.497582205105573
Latency: 1.4989976240321994
Latency: 1.485618005041033
Latency: 1.5153758889064193
Latency: 1.4606503848917782
Latency: 1.4601819519884884
Latency: 1.4598001730628312
Latency: 1.4606026250403374
Latency: 1.4607029049657285
Latency: 1.460498038912192
Latency: 1.4602915041614324
Latency: 1.4600156049709767
Latency: 1.4602582389488816
Latency: 1.4616726429667324
Latency: 1.4631083339918405
Latency: 1.4646815878804773
Latency: 1.4659292749129236
Latency: 1.4673084779642522
Latency: 1.4687503401655704
Latency: 1.4701863839291036
Latency: 1.4716089412104338
Latency: 1.473026281921193
Latency: 1.4744654251262546
Latency: 1.4759029860142618
Latency: 1.4772623770404607
Latency: 1.4785158359445632
Latency: 1.479907310102135
Latency: 1.4818649841472507
Latency: 1.4834581320174038
Latency: 1.4847419441211969
Latency: 1.4861669240053743
Latency: 1.4875878719612956
Latency: 1.4890135410241783
Latency: 1.4904502360150218
Latency: 1.491834342945367
Latency: 1.4932546019554138
Latency: 1.4947290390264243
Latency: 1.496241200948134
Latency: 1.4976699789986014
Latency: 1.4990771019365638
Latency: 1.5006008120253682
Latency: 1.5020259858574718
Latency: 1.503438465995714
Latency: 1.5048589461948723
Latency: 1.5062929368577898
Latency: 1.507698368979618
Latency: 1.5091056618839502
Latency: 1.3870332960505038
Latency: 1.388659151038155
Latency: 1.3901207929011434
Latency: 1.3915727171115577
Latency: 1.3929476658813655
Latency: 1.536633063107729
Latency: 1.5356867681257427
Latency: 1.537090010009706
Latency: 1.41919145709835
Latency: 1.42042091418989
Latency: 1.4218424949795008
Latency: 1.4232770260423422
Latency: 1.4247804339975119
Latency: 1.3194682968314737
Latency: 1.3209312178660184
Latency: 1.3212628548499197
Latency: 1.3225636379793286
Latency: 1.3239848918747157
Latency: 1.3253880850970745
Latency: 1.32676823111251
Latency: 1.334947997936979
Latency: 1.336115969112143
Latency: 1.3374691870994866
Latency: 1.338820266071707
Latency: 1.340220910962671
Latency: 1.3415332718286663
Latency: 1.3429942650254816
Latency: 1.30242999503389
Latency: 1.303835978033021
Latency: 1.305282725021243
Latency: 1.3068145709112287
Latency: 1.3582014320418239
Latency: 1.3598545838613063
Latency: 1.361394674051553
Latency: 1.3628495279699564
Latency: 1.364269464975223
Latency: 1.3656928571872413
Latency: 1.3670647020917386
Latency: 1.3684723628684878
Latency: 1.3717715449165553
Latency: 1.373218874912709
Latency: 1.3584002128336579
Latency: 1.35972152184695
Latency: 1.3610757188871503
Latency: 1.3624573980923742
Latency: 1.3638463409151882
Latency: 1.3652910320088267
Latency: 1.3457504559773952
Latency: 1.3464523090515286
Latency: 1.3478461131453514
Latency: 1.3488020829390734
Latency: 1.3502033909317106
Latency: 1.3516193099785596
Latency: 1.353023931151256
Latency: 1.3520378798712045
Latency: 1.3523362388368696
Latency: 1.3536972959991544
Latency: 1.3550845480058342
Latency: 1.356511757010594
Latency: 1.3581430919002742
Latency: 1.3595662259031087
Latency: 1.3595484821125865
Latency: 1.36095004202798
Latency: 1.3962678138632327
Latency: 1.3977469778619707
Latency: 1.3989024579059333
Latency: 1.4003727789968252
Latency: 1.4017895020078868
Latency: 1.4012354488950223
Latency: 1.4257002579979599
Latency: 1.42707543913275
Latency: 1.4262694879435003
Latency: 1.4276495759841055
Latency: 1.4291298377793282
Latency: 1.430533749051392
Latency: 1.4319192620459944
Latency: 1.4334033410996199
Latency: 1.4347919749561697
Latency: 1.4362349340226501
Latency: 1.437641021097079
Latency: 1.4390673821326345
Latency: 1.4404973359778523
Latency: 1.3582335629034787
Latency: 1.359506273875013
Latency: 1.3608387021813542
Latency: 1.3621916009578854
Latency: 1.363492073956877
Latency: 1.3630985110066831
Latency: 1.364390020025894
Latency: 1.365705423988402
Latency: 1.3658088548108935
Latency: 1.3670229979325086
Latency: 1.368268754100427
Latency: 1.3693103559780866
Latency: 1.370020808884874
Latency: 1.3713970098178834
Latency: 1.3720260059926659
Latency: 1.3734704959206283
Latency: 1.3741546648088843
Latency: 1.3755462551489472
Latency: 1.3769658589735627
Latency: 1.3778584089595824
Latency: 1.379284508060664
Latency: 1.380645246943459
Latency: 1.3672546071466058
Latency: 1.3683023578487337
Latency: 1.3696851970162243
Latency: 1.370752951130271
Latency: 1.3722803939599544
Latency: 1.373702134937048
Latency: 1.3748087140265852
Latency: 1.3762438860721886
Latency: 1.377629943890497
Latency: 1.3786649031098932
Latency: 1.3800373352132738
Latency: 1.381428977008909
Latency: 1.3827926709782332
Latency: 1.3826328990980983
Latency: 1.3839670398738235
Latency: 1.3853376240003854
Latency: 1.3867698467802256
Latency: 1.3845314339268953
Latency: 1.5151876749005169
Latency: 1.5165592180565
Latency: 1.517973385984078
Latency: 1.511857341043651
Latency: 1.5131925388704985
Latency: 1.5145727989729494
Latency: 1.5159148599486798
Latency: 1.5172673780471087
Latency: 1.542970241047442
Latency: 1.5442770931404084
Latency: 1.545615853043273
Latency: 1.5470734420232475
Latency: 1.548465637024492
Latency: 1.549858036916703
Latency: 1.5512499290052801
Latency: 1.552599110873416
Latency: 1.5540016510058194
Latency: 1.5553763711359352
Latency: 1.556738895829767
Latency: 1.5586336280684918
Latency: 1.5600725980475545
Latency: 1.5614562060218304
Latency: 1.5628635711036623
Latency: 1.5642062309198081
Latency: 1.565570006845519
Latency: 1.5669918439816684
Latency: 1.5683564317878336
Latency: 1.56971998908557
Latency: 1.571069855010137
Latency: 1.5724353899713606
Latency: 1.5738007640466094
Latency: 1.5752149589825422
Latency: 1.5765838760416955
Latency: 1.577965036034584
Latency: 1.579358849907294
Latency: 1.5807371251285076
Latency: 1.582136692944914
Latency: 1.5836644449736923
Latency: 1.5851379211526364
Latency: 1.5866006140131503
Latency: 1.5879375638905913
Latency: 1.5893296459689736
Latency: 1.5906961089931428
Latency: 1.5920875100418925
Latency: 1.5934227940160781
Latency: 1.5947801729198545
Latency: 1.5961752161383629
Latency: 1.597568818135187
Latency: 1.598957150010392
Latency: 1.6003026589751244
Latency: 1.6017156089656055
Latency: 1.6030901039484888
Latency: 1.6044555210974067
Latency: 1.6079662248957902
Latency: 1.6093927898909897
Latency: 1.6107741550076753
Latency: 1.6121363278944045
Latency: 1.6424563971813768
Latency: 1.642175206914544
Latency: 1.6418324580881745
Latency: 1.6416165211703628
Latency: 1.6413443570490927
Latency: 1.6411874189507216
Latency: 1.6423758759628981
Latency: 1.6437773238867521
Latency: 1.645152986049652
Latency: 1.6465695130173117
Latency: 1.647940268041566
Latency: 1.6492998478934169
Latency: 1.650680836988613
Latency: 1.6520663439296186
Latency: 1.6534286988899112
Latency: 1.6535653099417686
Latency: 1.654910990037024
Latency: 1.6562948189675808
Latency: 1.657693810062483
Latency: 1.6591062829829752
Latency: 1.6604977201204747
Latency: 1.6618670849129558
Latency: 1.6635846949648112
Latency: 1.5449650429654866
Latency: 1.544592248974368
Latency: 1.5441702220123261
Latency: 1.5435072421096265
Latency: 1.5432990160770714
Latency: 1.5429667530115694
Latency: 1.5426238849759102
Latency: 1.542578412918374
Latency: 1.5424767630174756
Latency: 1.5532699779141694
Latency: 1.4884645831771195
Latency: 1.4898562310263515
Latency: 1.4912371498066932
Latency: 1.4837742180097848
Latency: 1.485167235834524
Latency: 1.4865223350934684
Latency: 1.488002112833783
Latency: 1.489414227195084
Latency: 1.4908053448889405
Latency: 1.4922315969597548
Latency: 1.4930815289262682
Latency: 1.49443719512783
Latency: 1.4958081250078976
Latency: 1.4972085470799357
Latency: 1.4986184779554605
Latency: 1.5000034908298403
Latency: 1.5013829309027642
Latency: 1.502818999812007
Latency: 1.504207898164168
Latency: 1.5056099500507116
Latency: 1.5070088941138238
Latency: 1.5083877430297434
Latency: 1.510311592835933
Latency: 1.5117479779291898
Latency: 1.5132357659749687
Latency: 1.5147459341678768
Latency: 1.5161390178836882
Latency: 1.5174438138492405
Latency: 1.518900983966887
Latency: 1.5202994630672038
Latency: 1.5216882980894297
Latency: 1.5230809729546309
Latency: 1.5246122919488698
Latency: 1.5260743089020252
Latency: 1.527439221041277
Latency: 1.5290616929996759
Latency: 1.5304875748697668
Latency: 1.5318844858556986
Latency: 1.5332840899936855
Latency: 1.534297855105251
Latency: 1.535889751976356
Latency: 1.5372970330063254
Latency: 1.5387051701545715
Latency: 1.5401184251531959
Latency: 1.54152582003735
Latency: 1.5464622569270432
Latency: 1.5478567539248616
Latency: 1.5492585450410843
Latency: 1.5894975571427494
Latency: 1.589241940062493
Latency: 1.5970673488918692
Latency: 1.5967722630593926
Latency: 1.6087739700451493
Latency: 1.608510907040909
Latency: 1.6132002528756857
Latency: 1.6129359379410744
Latency: 1.6149929729290307
Latency: 1.274500401923433
Latency: 1.2760637949686497
Latency: 1.3083438999019563
Latency: 1.3098217870574445
Latency: 1.3112957060802728
Latency: 1.3126724360045046
Latency: 1.3140764981508255
Latency: 1.279453822877258
Latency: 1.2807345509063452
Latency: 1.2817943601403385
Latency: 1.2831440810114145
Latency: 1.284535535145551
Latency: 1.2859769370406866
Latency: 1.2873544080648571
Latency: 1.2889251369051635
Latency: 1.2903672349639237
Latency: 1.291799445869401
Latency: 1.2928748189006
Latency: 1.2942914960440248
Latency: 1.2957394300028682
Latency: 1.2970950950402766
Latency: 1.2985381688922644
Latency: 1.2999280320946127
Latency: 1.300433857832104
Latency: 1.3018593380693346
Latency: 1.3032675520516932
Latency: 1.3046444961801171
Latency: 1.3060597649309784
Latency: 1.3074404469225556
Latency: 1.308878174982965
Latency: 1.310480491956696
Latency: 1.3119407629128546
Latency: 1.313372486969456
Latency: 1.3147181069944054
Latency: 1.3149682900402695
Latency: 1.3163405330851674
Latency: 1.3177212479058653
Latency: 1.3191329350229353
Latency: 1.3205278241075575
Latency: 1.3219254829455167
Latency: 1.3233875688165426
Latency: 1.3247879189439118
Latency: 1.3262021138798445
Latency: 1.3202682791743428
Latency: 1.3217156128957868
Latency: 1.3230998900253326
Latency: 1.3246431811712682
Latency: 1.3256529429927468
Latency: 1.3963572869542986
Latency: 1.4012190809007734
Latency: 1.402375388192013
Latency: 1.403736962005496
Latency: 1.4050782730337232
Latency: 1.4064954190980643
Latency: 1.4067337948363274
Latency: 1.3887899820692837
Latency: 1.2785286649595946
Latency: 1.2794059000443667
Latency: 1.2806358330417424
Latency: 1.2816804880276322
Latency: 1.2829945830162615
Latency: 1.2843554532155395
Latency: 1.2848826989065856
Latency: 1.2863888298161328
Latency: 1.2878780018072575
Latency: 1.2893846491351724
Latency: 1.2899730480276048
Latency: 1.2932616439647973
Latency: 1.2954398749861866
Latency: 1.297051917994395
Latency: 1.2985038941260427
Latency: 1.2988459737971425
Latency: 1.3001967950258404
Latency: 1.3016054478939623
Latency: 1.3030033039394766
Latency: 1.3078276659362018
Latency: 1.308283652877435
Latency: 1.3095719018019736
Latency: 1.310937497066334
Latency: 1.3123163860291243
Latency: 1.3136868260335177
Latency: 1.3150768540799618
Latency: 1.3164669980760664
Latency: 1.3168340509291738
Latency: 1.3182295940350741
Latency: 1.319632725091651
Latency: 1.32104960992001
Latency: 1.3225074030924588
Latency: 1.323841449804604
Latency: 1.3252407279796898
Latency: 1.325570608023554
Latency: 1.326926179928705
Latency: 1.3284466478507966
Latency: 1.329857090022415
Latency: 1.3312260329257697
Latency: 1.3326269411481917
Latency: 1.3339912788942456
Latency: 1.3341930250171572
Latency: 1.3355191978625953
Latency: 1.3369235328864306
Latency: 1.3383195709902793
Latency: 1.3397057589609176
Latency: 1.3411335200071335
Latency: 1.386341881006956
Latency: 1.3877951800823212
Latency: 1.3891832889057696
Latency: 1.3905611541122198
Latency: 1.3919609361328185
Latency: 1.3933343570679426
Latency: 1.3929215089883655
Latency: 1.451789790065959
Latency: 1.4532832000404596
Latency: 1.4547216210048646
Latency: 1.4561037300154567
Latency: 1.4575085088144988
Latency: 1.4617041789460927
Latency: 1.4630998659413308
Latency: 1.4247596298810095
Latency: 1.4475285068619996
Latency: 1.4482107139192522
Latency: 1.4496240948792547
Latency: 1.4509604659397155
Latency: 1.4752600209321827
Latency: 1.475046267034486
Latency: 1.4747314641717821
Latency: 1.4745115840341896
Latency: 1.4742851159535348
Latency: 1.4739674939773977
Latency: 1.4738143170252442
Latency: 1.4747461769729853
Latency: 1.476166944950819
Latency: 1.477612151997164
Latency: 1.4789753980003297
Latency: 1.480414975900203
Latency: 1.4818327859975398
Latency: 1.4832179630175233
Latency: 1.4846473459620029
Latency: 1.4860429901164025
Latency: 1.4874840641859919
Latency: 1.4888412458822131
Latency: 1.4902198270428926
Latency: 1.491643070941791
Latency: 1.493039027089253
Latency: 1.4945141419302672
Latency: 1.4958834869321436
Latency: 1.4977205370087177
Latency: 1.4991180018987507
Latency: 1.500535757979378
Latency: 1.501985654933378
Latency: 1.5033875149674714
Latency: 1.5047787080984563
Latency: 1.5061763308476657
Latency: 1.5075677810236812
Latency: 1.50901297503151
Latency: 1.5103787370026112
Latency: 1.511816679034382
Latency: 1.5132224769331515
Latency: 1.5146910268813372
Latency: 1.5160922019276768
Latency: 1.5175143228843808
Latency: 1.5188895119354129
Latency: 1.5202815129887313
Latency: 1.521737429080531
Latency: 1.523167981998995
Latency: 1.5246856319718063
Latency: 1.5260984699707478
Latency: 1.5085750659927726
Latency: 1.5098413608502597
Latency: 1.5112272759433836
Latency: 1.5127735717687756
Latency: 1.514199156081304
Latency: 1.5155713758431375
Latency: 1.5169396579731256
Latency: 1.5183436230290681
Latency: 1.5198697780724615
Latency: 1.5212938140612096
Latency: 1.5227024951018393
Latency: 1.5241526798345149
Latency: 1.5430312678217888
Latency: 1.5427284019533545
Latency: 1.5424992649350315
Latency: 1.5422331111039966
Latency: 1.5421241798903793
Latency: 1.5434564659371972
Latency: 1.5449178598355502
Latency: 1.5463398869615048
Latency: 1.5477786930277944
Latency: 1.5492377390619367
Latency: 1.5506602379027754
Latency: 1.5059253151994199
Latency: 1.5054682749323547
Latency: 1.5066856010816991
Latency: 1.5079782740212977
Latency: 1.5095162820070982
Latency: 1.5110200268682092
Latency: 1.5125319850631058
Latency: 1.5139487111009657
Latency: 1.5153802670538425
Latency: 1.4415250059682876
Latency: 1.442767069907859
Latency: 1.4441076510120183
Latency: 1.4454862880520523
Latency: 1.4469095789827406
Latency: 1.448318803915754
Latency: 1.449777582893148
Latency: 1.451202284079045
Latency: 1.4533157430123538
Latency: 1.454731043893844
Latency: 1.456165520939976
Latency: 1.457603434100747
Latency: 1.4590566179249436
Latency: 1.4535203301347792
Latency: 1.4549475919920951
Latency: 1.45638114400208
Latency: 1.457849133061245
Latency: 1.4592707089614123
Latency: 1.4591499147936702
Latency: 1.4605302929412574
Latency: 1.461928518023342
Latency: 1.4633280590642244
Latency: 1.464734175009653
Latency: 1.4661019230261445
Latency: 1.4675588211975992
Latency: 1.4692205130122602
Latency: 1.4706467050127685
Latency: 1.4720797780901194
Latency: 1.473546452820301
Latency: 1.474982899846509
Latency: 1.4765425010118634
Latency: 1.4779985970817506
Latency: 1.4949833080172539
Latency: 1.4965835169423372
Latency: 1.49798558303155
Latency: 1.4994082909543067
Latency: 1.5007894551381469
Latency: 1.502243357943371
Latency: 1.5036796790082008
Latency: 1.5050815548747778
Latency: 1.5065131729934365
Latency: 1.5310668700840324
Latency: 1.5307909499388188
Latency: 1.5305823599919677
Latency: 1.5302621279843152
Latency: 1.530100226867944
Latency: 1.5297913148533553
Latency: 1.5296824069228023
Latency: 1.5310790371149778
Latency: 1.510117183206603
Latency: 1.5117457071319222
Latency: 1.513173989020288
Latency: 1.5146435839124024
Latency: 1.4733830180484802
Latency: 1.4748144599143416
Latency: 1.4762016499880701
Latency: 1.477687698090449
Latency: 1.47919158404693
Latency: 1.459393193013966
Latency: 1.4606572499033064
Latency: 1.4489002260379493
Latency: 1.450230458052829
Latency: 1.4517778551671654
Latency: 1.4529892860446125
Latency: 1.4544577829074115
Latency: 1.455927663948387
Latency: 1.4573410369921476
Latency: 1.4588041307870299
Latency: 1.4600160801783204
Latency: 1.4614741790574044
Latency: 1.4629050251096487
Latency: 1.4643638010602444
Latency: 1.4658225739840418
Latency: 1.467317626113072
Latency: 1.4693797659128904
Latency: 1.4708308528643101
Latency: 1.472238234942779
Latency: 1.473701419075951
Latency: 1.4750316378194839
Latency: 1.3790174999739975
Latency: 1.3804640481248498
Latency: 1.3819898089859635
Latency: 1.3834468491841108
Latency: 1.3849175989162177
Latency: 1.3860766110010445
Latency: 1.3875268220435828
Latency: 1.3889358488377184
Latency: 1.390443482203409
Latency: 1.3918778451625258
Latency: 1.3933144591283053
Latency: 1.394766516983509
Latency: 1.3955863558221608
Latency: 1.3970035139936954
Latency: 1.398428020067513
Latency: 1.3998883210588247
Latency: 1.4012970339972526
Latency: 1.516315519809723
Latency: 1.51776089402847
Latency: 1.5192006148863584
Latency: 1.520578783005476
Latency: 1.5222133388742805
Latency: 1.5419578889850527
Latency: 1.543469653930515
Latency: 1.5448981190565974
Latency: 1.5463254179339856
Latency: 1.5477514199446887
Latency: 1.4524959980044514
Latency: 1.4537633510772139
Latency: 1.452068499987945
Latency: 1.463117903098464
Latency: 1.464643914019689
Latency: 1.465780935017392
Latency: 1.4673575300257653
Latency: 1.468850773992017
Latency: 1.4703259880188853
Latency: 1.471823225961998
Latency: 1.4732867500279099
Latency: 1.474781610071659
Latency: 1.4762367201037705
Latency: 1.4777095979079604
Latency: 1.4791480069980025
Latency: 1.386173692997545
Latency: 1.3873603278771043
Latency: 1.3887708589900285
Latency: 1.5162519610021263
Latency: 1.517741773976013
Latency: 1.5192435709759593
Latency: 1.520686823874712
Latency: 1.504837054060772
Latency: 1.506268251920119
Latency: 1.5083423689939082
Latency: 1.5097529720515013
Latency: 1.5111661478877068
Latency: 1.5126305408775806
Latency: 1.5350436931475997
Latency: 1.5365308329928666
Latency: 1.5379081240389496
Latency: 1.4381486419588327
Latency: 1.43963942094706
Latency: 1.4738991751801223
Latency: 1.4753110979218036
Latency: 1.4768490609712899
Latency: 1.478299355134368
Latency: 1.4797851420007646
Latency: 1.481241264846176
Latency: 1.4826976000331342
Latency: 1.4841712729539722
Latency: 1.485642461804673
Latency: 1.4871246521361172
Latency: 1.4885811519343406
Latency: 1.490014472976327
Latency: 1.4914504420012236
Latency: 1.4929205239750445
Latency: 1.4943547770380974
Latency: 1.4958003889769316
Latency: 1.4972908799536526
Latency: 1.4987441741395742
Latency: 1.4996644330676645
Latency: 1.5010700360871851
Latency: 1.5030649439431727
Latency: 1.5045632219407707
Latency: 1.5059514988679439
Latency: 1.507345245918259
Latency: 1.508768609026447
Latency: 1.5101637379266322
Latency: 1.5116274571046233
Latency: 1.5130637339316308
Latency: 1.514574354980141
Latency: 1.4685688850004226
Latency: 1.4942302000708878
Latency: 1.4956387830898166
Latency: 1.502968586049974
Latency: 1.504383068997413
Latency: 1.5248171780258417
Latency: 1.526447457028553
Latency: 1.5270151258446276
Latency: 1.4701008589472622
Latency: 1.471338831121102
Latency: 1.4727180150803179
Latency: 1.4741452869493514
Latency: 1.4740788890048862
Latency: 1.4757275630254298
Latency: 1.4772027218714356
Latency: 1.4787590999621898
Latency: 1.4802494619507343
Latency: 1.4809195599518716
Latency: 1.482415695907548
Latency: 1.4838452329859138
Latency: 1.4852456720545888
Latency: 1.4866911210119724
Latency: 1.4881179281510413
Latency: 1.4887167729903013
Latency: 1.4901115100365132
Latency: 1.4915190800093114
Latency: 1.493838731199503
Latency: 1.4952709442004561
Latency: 1.4966560369357467
Latency: 1.4981036679819226
Latency: 1.4995661778375506
Latency: 1.5001561718527228
Latency: 1.5016130679287016
Latency: 1.50306739192456
Latency: 1.504454063018784
Latency: 1.5058630579151213
Latency: 1.5073182580526918
Latency: 1.5087382728233933
Latency: 1.5102013249415904
Latency: 1.5102641119156033
Latency: 1.5116511941887438
Latency: 1.513046681182459
Latency: 1.5144922228064388
Latency: 1.5182685628533363
Latency: 1.5196894898544997
Latency: 1.5210323128849268
Latency: 1.5225024588871747
Latency: 1.523917936021462
Latency: 1.52529432089068
Latency: 1.561227482976392
Latency: 1.5609119178261608
Latency: 1.561574226943776
Latency: 1.561255375156179
Latency: 1.560892425943166
Latency: 1.5605449359863997
Latency: 1.5646432430949062
Latency: 1.5651145158335567
Latency: 1.5655640601180494
Latency: 1.5653046048246324
Latency: 1.5650590679142624
Latency: 1.5657638108823448
Latency: 1.5672651110216975
Latency: 1.5688424960244447
Latency: 1.5702919869218022
Latency: 1.5717547298409045
Latency: 1.5714149030391127
Latency: 1.5729106499347836
Latency: 1.5743353608995676
Latency: 1.5584831000305712
Latency: 1.5598590150475502
Latency: 1.5612316648475826
Latency: 1.562669217120856
Latency: 1.564119566930458
Latency: 1.5655515138059855
Latency: 1.566986412042752
Latency: 1.5684437102172524
Latency: 1.5704842198174447
Latency: 1.5719960108399391
Latency: 1.5733130550943315
Latency: 1.4173048450611532
Latency: 1.4185876150149852
Latency: 1.4199237991124392
Latency: 1.4209634670987725
Latency: 1.4224029150791466
Latency: 1.4238046871032566
Latency: 1.4252610080875456
Latency: 1.4267123900353909
Latency: 1.428136772941798
Latency: 1.429560448974371
Latency: 1.43097586883232
Latency: 1.4324181370902807
Latency: 1.4338698890060186
Latency: 1.4353326139971614
Latency: 1.4365872039925307
Latency: 1.438075607875362
Latency: 1.4395424709655344
Latency: 1.4410122549161315
Latency: 1.44240886089392
Latency: 1.4438959760591388
Latency: 1.4453075039200485
Latency: 1.4467117940075696
Latency: 1.4481496470980346
Latency: 1.449572378071025
Latency: 1.4510083361528814
Latency: 1.4524494111537933
Latency: 1.4538969290442765
Latency: 1.4553290270268917
Latency: 1.4567761269863695
Latency: 1.4582226518541574
Latency: 1.4596424750052392
Latency: 1.4611295820213854
Latency: 1.460948719875887
Latency: 1.4623344710562378
Latency: 1.4638000880368054
Latency: 1.4652073381002992
Latency: 1.485174803994596
Latency: 1.4849455659277737
Latency: 1.4846281039062887
Latency: 1.484300586860627
Latency: 1.484143421985209
Latency: 1.4839476158376783
Latency: 1.4850221839733422
Latency: 1.4865338860545307
Latency: 1.4880382989067584
Latency: 1.4895613850094378
Latency: 1.4911089760717005
Latency: 1.4926427898462862
Latency: 1.4941393451299518
Latency: 1.4955540348310024
Latency: 1.6277122779283673
Latency: 1.6293521909974515
Latency: 1.6307579721324146
Latency: 1.6321724660228938
Latency: 1.6335477370303124
Latency: 1.6348995179869235
Latency: 1.6362652361858636
Latency: 1.6376325411256403
Latency: 1.5829446150455624
Latency: 1.5842680581845343
Latency: 1.5855898109730333
Latency: 1.5869905028957874
Latency: 1.5883995648473501
Latency: 1.5897646760568023
Latency: 1.5912715781014413
Latency: 1.6474664260167629
Latency: 1.647162347799167
Latency: 1.3556806012056768
Latency: 1.3569602181669325
Latency: 1.3739974319469184
Latency: 1.3753720899112523
Latency: 1.3768837789539248
Latency: 1.378329907078296
Latency: 1.378966883989051
Latency: 1.3803866328671575
Latency: 1.3817968862131238
Latency: 1.3832237268798053
Latency: 1.3846752780955285
Latency: 1.3861202399712056
Latency: 1.3895860849879682
Latency: 1.3910677030216902
Latency: 1.3924528560601175
Latency: 1.393873681081459
Latency: 1.3952996630687267
Latency: 1.3967408088501543
Latency: 1.3974590089637786
Latency: 1.3988923269789666
Latency: 1.4003290871623904
Latency: 1.4017917059827596
Latency: 1.4031995099503547
Latency: 1.4046439800877124
Latency: 1.4060267340391874
Latency: 1.4074404379352927
Latency: 1.4088622271083295
Latency: 1.4102734639309347
Latency: 1.4116887918207794
Latency: 1.4130863600876182
Latency: 1.4144726148806512
Latency: 1.5202252778690308
Latency: 1.5215854190755635
Latency: 1.5222920419182628
Latency: 1.5236286208964884
Latency: 1.525058101164177
Latency: 1.5460946229286492
Latency: 1.5475073889829218
Latency: 1.5489401360973716
Latency: 1.550328423967585
Latency: 1.5517382400576025
Latency: 1.553109219064936
Latency: 1.5545193848665804
Latency: 1.594325982965529
Latency: 1.5957421781495214
Latency: 1.5972595049533993
Latency: 1.5986932029481977
Latency: 1.6000742299947888
Latency: 1.4964386709034443
Latency: 1.4977915748022497
Latency: 1.498828258132562
Latency: 1.4960242048837245
Latency: 1.497445717919618
Latency: 1.498853157972917
Latency: 1.50031527900137
Latency: 1.5017665419727564
Latency: 1.5032384009100497
Latency: 1.5046679677907377
Latency: 1.5061084269545972
Latency: 1.50756199285388
Latency: 1.5090175769291818
Latency: 1.5104328750167042
Latency: 1.5124306480865926
Latency: 1.5136576420627534
Latency: 1.5150966439396143
Latency: 1.586195046082139
Latency: 1.5878155550453812
Latency: 1.5892443689517677
Latency: 1.5907821599394083
Latency: 1.5922456469852477
Latency: 1.593668975867331
Latency: 1.5951576950028539
Latency: 1.5966011590790004
Latency: 1.5980975050479174
Latency: 1.5995829759631306
Latency: 1.6010928531177342
Latency: 1.5758659150451422
Latency: 1.5772284890990704
Latency: 1.5786627950146794
Latency: 1.5801237439736724
Latency: 1.581567560788244
Latency: 1.4014188160654157
Latency: 1.402442263904959
Latency: 1.4031911450438201
Latency: 1.403794048121199
Latency: 1.4052305901423097
Latency: 1.4053929320070893
Latency: 1.406802596990019
Latency: 1.432544656097889
Latency: 1.4339771589729935
Latency: 1.435435689985752
Latency: 1.4351962630171329
Latency: 1.4539913621265441
Latency: 1.4554708781652153
Latency: 1.4570042910054326
Latency: 1.456467529060319
Latency: 1.4578581941314042
Latency: 1.4593471691478044
Latency: 1.4607978160493076
Latency: 1.4606088229920715
Latency: 1.4620618489570916
Latency: 1.463488003006205
Latency: 1.4649577199015766
Latency: 1.4663950700778514
Latency: 1.4678372570779175
Latency: 1.4692845889367163
Latency: 1.470756330061704
Latency: 1.4722091478761286
Latency: 1.4736585197970271
Latency: 1.4750665279570967
Latency: 1.4765535639598966
Latency: 1.4730736431665719
Latency: 1.4744834520388395
Latency: 1.4738432730082422
Latency: 1.4752590800635517
Latency: 1.4712203580420464
Latency: 1.4726471430622041
Latency: 1.4740950639825314
Latency: 1.475476476829499
Latency: 1.4768725209869444
Latency: 1.478302774950862
Latency: 1.479752209968865
Latency: 1.4812082459684461
Latency: 1.4826823470648378
Latency: 1.4840904499869794
Latency: 1.4855712589342147
Latency: 1.4870154790114611
Latency: 1.4884247509762645
Latency: 1.4898922599386424
Latency: 1.4912847080267966
Latency: 1.492965669836849
Latency: 1.4944514310918748
Latency: 1.4958458740729839
Latency: 1.4973156328778714
Latency: 1.4985880488529801
Latency: 1.5000406370963901
Latency: 1.50146319787018
Latency: 1.5028779690619558
Latency: 1.5043226890265942
Latency: 1.505743820918724
Latency: 1.5071426799986511
Latency: 1.508572132093832
Latency: 1.5099848278332502
Latency: 1.5113964348565787
Latency: 1.5126204688567668
Latency: 1.5140814988408238
Latency: 1.5156880260910839
Latency: 1.517153623048216
Latency: 1.5185765388887376
Latency: 1.520006817067042
Latency: 1.5214307899586856
Latency: 1.5501823539379984
Latency: 1.5500224919524044
Latency: 1.5496845180168748
Latency: 1.5493480518925935
Latency: 1.5491416258737445
Latency: 1.5488238921388984
Latency: 1.5487312751356512
Latency: 1.548508949112147
Latency: 1.5132101841736585
Latency: 1.5144691518507898
Latency: 1.5159106410574168
Latency: 1.5173231030348688
Latency: 1.518837976967916
Latency: 1.5202865721657872
Latency: 1.4826283790171146
Latency: 1.4839110558386892
Latency: 1.4853203401435167
Latency: 1.4860815959982574
Latency: 1.4874871328938752
Latency: 1.4883569309022278
Latency: 1.4898219220340252
Latency: 1.4905957151204348
Latency: 1.4920467571355402
Latency: 1.493490562075749
Latency: 1.494954135036096
Latency: 1.4964520540088415
Latency: 1.4978635059669614
Latency: 1.4993349032010883
Latency: 1.5007932798471302
Latency: 1.5022707299795002
Latency: 1.504596411017701
Latency: 1.5060697591397911
Latency: 1.5075733850244433
Latency: 1.50807398208417
Latency: 1.5095313598867506
Latency: 1.5109479879029095
Latency: 1.5123617781791836
Latency: 1.5137790490407497
Latency: 1.5152396238408983
Latency: 1.5166563601233065
Latency: 1.518120151013136
Latency: 1.5195469970349222
Latency: 1.520974287064746
Latency: 1.5224401080049574
Latency: 1.523906486807391
Latency: 1.5252729810308665
Latency: 1.526894188951701
Latency: 1.5273404219187796
Latency: 1.5288078780286014
Latency: 1.530238944105804
Latency: 1.5316945740487427
Latency: 1.5331521020270884
Latency: 1.5345886249560863
Latency: 1.5360166060272604
Latency: 1.5374494681600481
Latency: 1.538910754956305
Latency: 1.5403483919799328
Latency: 1.5417773979716003
Latency: 1.5432242730166763
Latency: 1.5446744919754565
Latency: 1.5444725779816508
Latency: 1.5458811949938536
Latency: 1.547302579972893
Latency: 1.548954265890643
Latency: 1.5462756371125579
Latency: 1.5477218818850815
Latency: 1.54913370590657
Latency: 1.5506138890050352
Latency: 1.5442562769167125
Latency: 1.545682958792895
Latency: 1.5471329120919108
Latency: 1.5646200480405241
Latency: 1.5644067539833486
Latency: 1.5641606070566922
Latency: 1.5639080659020692
Latency: 1.5805749050341547
Latency: 1.5820209679659456
Latency: 1.5834919039625674
Latency: 1.5849703210406005
Latency: 1.5864386127796024
Latency: 1.5879404740408063
Latency: 1.5894601829349995
Latency: 1.5909989338833839
Latency: 1.5924859950318933
Latency: 1.5939496110659093
Latency: 1.5968108449596912
Latency: 1.598310190020129
Latency: 1.5997325601056218
Latency: 1.5727958458010107
Latency: 1.574192482046783
Latency: 1.5755436248145998
Latency: 1.5770933760795742
Latency: 1.5784956619609147
Latency: 1.5799506350886077
Latency: 1.5813985101412982
Latency: 1.5828783479519188
Latency: 1.5843167551793158
Latency: 1.585720008937642
Latency: 1.5872497619129717
Latency: 1.5886447702068835
Latency: 1.5901928439270705
Latency: 1.5916351859923452
Latency: 1.624492219882086
Latency: 1.6416757290717214
Latency: 1.6411182701122016
Latency: 1.3948140509892255
Latency: 1.3961221780627966
Latency: 1.397535642143339
Latency: 1.3989774859510362
Latency: 1.4004313109908253
Latency: 1.4018872159067541
Latency: 1.4038935538847
Latency: 1.4048214848153293
Latency: 1.406209931941703
Latency: 1.4076467470731586
Latency: 1.4091034231241792
Latency: 1.4104864920955151
Latency: 1.41193709615618
Latency: 1.4133425268810242
Latency: 1.4148146118968725
Latency: 1.4162513550836593
Latency: 1.4177265239413828
Latency: 1.4191681030206382
Latency: 1.4202682790346444
Latency: 1.4217144940048456
Latency: 1.4231689400039613
Latency: 1.424599640071392
Latency: 1.4260092789772898
Latency: 1.4274507681839168
Latency: 1.4291110059712082
Latency: 1.430579770123586
Latency: 1.4319625729694963
Latency: 1.433439281070605
Latency: 1.4564023360144347
Latency: 1.4579727659001946
Latency: 1.4593914540018886
Latency: 1.460837391903624
Latency: 1.3709616069681942
Latency: 1.3715751501731575
Latency: 1.373006742913276
Latency: 1.518514899071306
Latency: 1.520009693922475
Latency: 1.5208356080111116
Latency: 1.522247991990298
Latency: 1.5131241858471185
Latency: 1.5145138460211456
Latency: 1.5160067910328507
Latency: 1.517499848967418
Latency: 1.5183221141342074
Latency: 1.5198291181586683
Latency: 1.52129981899634
Latency: 1.4005382179748267
Latency: 1.401587782194838
Latency: 1.4028995840344578
Latency: 1.4038201700896025
Latency: 1.4053686358965933
Latency: 1.4068020898848772
Latency: 1.404534287052229
Latency: 1.406015151180327
Latency: 1.407457579858601
Latency: 1.4076935769990087
Latency: 1.4091397391166538
Latency: 1.4105817740783095
Latency: 1.4120060428977013
Latency: 1.4124264118727297
Latency: 1.4216319029219449
Latency: 1.4483333178795874
Latency: 1.4498809890355915
Latency: 1.4447942019905895
Latency: 1.446248929016292
Latency: 1.4243395149242133
Latency: 1.4255598320160061
Latency: 1.4270401711110026
Latency: 1.428387003019452
Latency: 1.4298373539932072
Latency: 1.4313116171397269
Latency: 1.4325399950612336
Latency: 1.433997126063332
Latency: 1.4354464099742472
Latency: 1.4369626978877932
Latency: 1.4383162839803845
Latency: 1.439882637001574
Latency: 1.4408870418556035
Latency: 1.4423998061101884
Latency: 1.4438187561463565
Latency: 1.4452825079206377
Latency: 1.470241968985647
Latency: 1.4717084260191768
Latency: 1.473200790118426
Latency: 1.4734633860643953
Latency: 1.4749644040130079
Latency: 1.4764652128797024
Latency: 1.477960396092385
Latency: 1.4699346700217575
Latency: 1.4712811911012977
Latency: 1.4726865659467876
Latency: 1.474150222958997
Latency: 1.4626574038993567
Latency: 1.464015276869759
Latency: 1.4654581791255623
Latency: 1.4658469301648438
Latency: 1.4672884331084788
Latency: 1.468650960130617
Latency: 1.4701125130522996
Latency: 1.4715607080142945
Latency: 1.4729941370896995
Latency: 1.4744360439945012
Latency: 1.4759208241011947
Latency: 1.4773654628079385
Latency: 1.4788419930264354
Latency: 1.4802513062022626
Latency: 1.4821689948439598
Latency: 1.4836559128016233
Latency: 1.4847995850723237
Latency: 1.4862017000559717
Latency: 1.4876306150108576
Latency: 1.4890632501337677
Latency: 1.49050885415636
Latency: 1.4919431579764932
Latency: 1.493457328993827
Latency: 1.494857702869922
Latency: 1.4962635589763522
Latency: 1.4976679820101708
Latency: 1.4991221299860626
Latency: 1.5005331309512258
Latency: 1.501961899921298
Latency: 1.503403321141377
Latency: 1.5048330759163946
Latency: 1.5064358790405095
Latency: 1.507867987966165
Latency: 1.5092902830801904
Latency: 1.5102556310594082
Latency: 1.511704944074154
Latency: 1.5131361919920892
Latency: 1.5146072648931295
Latency: 1.5160624340642244
Latency: 1.5174817009828985
Latency: 1.518896722001955
Latency: 1.5202939501032233
Latency: 1.5217015070375055
Latency: 1.5231275011319667
Latency: 1.5245287551078945
Latency: 1.5259879648219794
Latency: 1.527410738170147
Latency: 1.5290029221214354
Latency: 1.5304067770484835
Latency: 1.531858780886978
Latency: 1.5333159980364144
Latency: 1.5569389739539474
Latency: 1.5566576931159943
Latency: 1.5563157689757645
Latency: 1.5561190948355943
Latency: 1.555841450812295
Latency: 1.5555946291424334
Latency: 1.5556303020566702
Latency: 1.5571922571398318
Latency: 1.5550984090659767
Latency: 1.5564608110580593
Latency: 1.5578885469585657
Latency: 1.5594639210030437
Latency: 1.5609023999422789
Latency: 1.5623512859456241
Latency: 1.563818837981671
Latency: 1.5652865348383784
Latency: 1.519656108925119
Latency: 1.5209818980656564
Latency: 1.5186746169347316
Latency: 1.5200767330825329
Latency: 1.5215526630636305
Latency: 1.5225040619261563
Latency: 1.5239805430173874
Latency: 1.5253760549239814
Latency: 1.5268461171071976
Latency: 1.528291366994381
Latency: 1.529767077183351
Latency: 1.5311615718528628
Latency: 1.5326314070262015
Latency: 1.53409985313192
Latency: 1.5355084559414536
Latency: 1.536974563030526
Latency: 1.539028205908835
Latency: 1.540492479223758
Latency: 1.5419525040779263
Latency: 1.5433978529181331
Latency: 1.5448066690005362
Latency: 1.5392451798543334
Latency: 1.5406515458598733
Latency: 1.5420774249359965
Latency: 1.543452818179503
Latency: 1.5449051661416888
Latency: 1.5463292910717428
Latency: 1.5477338519413024
Latency: 1.5491734549868852
Latency: 1.5506045909132808
Latency: 1.552019391907379
Latency: 1.5534353780094534
Latency: 1.5548633500002325
Latency: 1.5564689950551838
Latency: 1.557927408022806
Latency: 1.559390238020569
Latency: 1.5607603308744729
Latency: 1.5621863880660385
Latency: 1.563616839936003
Latency: 1.5650143867824227
Latency: 1.5664633580017835
Latency: 1.5678914589807391
Latency: 1.5693174148909748
Latency: 1.570798838045448
Latency: 1.572191232116893
Latency: 1.5723183969967067
Latency: 1.5574977539945394
Latency: 1.5588853501249105
Latency: 1.5602731690742075
Latency: 1.564224059926346
Latency: 1.5656948150135577
Latency: 1.56711791199632
Latency: 1.5685207839123905
Latency: 1.569921880029142
Latency: 1.571286560036242
Latency: 1.5726787890307605
Latency: 1.574151671025902
Latency: 1.5755674440879375
Latency: 1.576964768115431
Latency: 1.578340444015339
Latency: 1.6200731771532446
Latency: 1.6215093361679465
Latency: 1.622943292139098
Latency: 1.6244272750336677
Latency: 1.64963355101645
Latency: 1.649349746061489
Latency: 1.6490236059762537
Latency: 1.6488390560261905
Latency: 1.6485084271989763
Latency: 1.6483446049969643
Latency: 1.648117246106267
Latency: 1.6478968590963632
Latency: 1.648577800951898
Latency: 1.6500293312128633
Latency: 1.6515299349557608
Latency: 1.6529695219360292
Latency: 1.6541460379958153
Latency: 1.6362993449438363
Latency: 1.6378139988519251
Latency: 1.639274231158197
Latency: 1.6407804749906063
Latency: 1.6422542408108711
Latency: 1.6437153271399438
Latency: 1.5036124780308455
Latency: 1.5048827638383955
Latency: 1.5009085200726986
Latency: 1.502113037975505
Latency: 1.5035528359003365
Latency: 1.5050435450393707
Latency: 1.5065499329939485
Latency: 1.5080226310528815
Latency: 1.5088930218480527
Latency: 1.5373452831991017
Latency: 1.5370496360119432
Latency: 1.5028057049494237
Latency: 1.4785787479486316
Latency: 1.513302108971402
Latency: 1.4253706820309162
Latency: 1.4267171840183437
Latency: 1.4281311128288507
Latency: 1.4291581390425563
Latency: 1.4306461699306965
Latency: 1.4341364288702607
Latency: 1.4356686070095748
Latency: 1.437115402892232
Latency: 1.4385819549206644
Latency: 1.4400640660896897
Latency: 1.4420120301656425
Latency: 1.4431421719491482
Latency: 1.4445403770077974
Latency: 1.4459821209311485
Latency: 1.4474297610577196
Latency: 1.4489086922258139
Latency: 1.4503235660959035
Latency: 1.451757692033425
Latency: 1.453187929932028
Latency: 1.4546564288903028
Latency: 1.4561374720651656
Latency: 1.4575969320721924
Latency: 1.459095556056127
Latency: 1.4604977199342102
Latency: 1.461939264088869
Latency: 1.4833394240122288
Latency: 1.4843681289348751
Latency: 1.485824972158298
Latency: 1.369944412028417
Latency: 1.3709755460731685
Latency: 1.3714235490188003
Latency: 1.3722565351054072
Latency: 1.3704456579871476
Latency: 1.371899092104286
Latency: 1.373309754068032
Latency: 1.374763588886708
Latency: 1.3751760749146342
Latency: 1.3766518759075552
Latency: 1.3780920209828764
Latency: 1.3717232579365373
Latency: 1.3823953720275313
Latency: 1.3838889608159661
Latency: 1.3853464771527797
Latency: 1.386824532179162
Latency: 1.3882672348991036
Latency: 1.389723998028785
Latency: 1.391199453966692
Latency: 1.3926604348234832
Latency: 1.3941375620197505
Latency: 1.3955904110334814
Latency: 1.3970416919328272
Latency: 1.3991337909828871
Latency: 1.4005969408899546
Latency: 1.4015610481146723
Latency: 1.403008361114189
Latency: 1.4043926431331784
Latency: 1.4058720420580357
Latency: 1.4486869471147656
Latency: 1.4484588748309761
Latency: 1.4497508879285306
Latency: 1.4512090049684048
Latency: 1.4435764360241592
Latency: 1.4449719828553498
Latency: 1.4464386450126767
Latency: 1.4479711710009724
Latency: 1.4152181441895664
Latency: 1.4159749308601022
Latency: 1.4174044779501855
Latency: 1.4188217970076948
Latency: 1.4202514830976725
Latency: 1.4217298950534314
Latency: 1.4231740459799767
Latency: 1.4238760380540043
Latency: 1.4252996512223035
Latency: 1.4267440068069845
Latency: 1.5913734019268304
Latency: 1.5911861900240183
Latency: 1.591536981984973
Latency: 1.591682072961703
Latency: 1.5930912147741765
Latency: 1.5945376008749008
Latency: 1.6087224672082812
Latency: 1.6100820049177855
Latency: 1.611567806918174
Latency: 1.6129904889967293
Latency: 1.6144731307867914
Latency: 1.6111228798981756
Latency: 1.612519881920889
Latency: 1.6138064309488982
Latency: 1.6143555170856416
Latency: 1.6157309100963175
Latency: 1.617157693952322
Latency: 1.6185327901039273
Latency: 1.619998784037307
Latency: 1.621481061913073
Latency: 1.622929950011894
Latency: 1.624360678019002
Latency: 1.6258111039642245
Latency: 1.6270059167873114
Latency: 1.628432780969888
Latency: 1.6299423510208726
Latency: 1.6312973131425679
Latency: 1.632730782032013
Latency: 1.6341656208969653
Latency: 1.6356430749874562
Latency: 1.6376384599134326
Latency: 1.639098386047408
Latency: 1.6405626479536295
Latency: 1.6420166089665145
Latency: 1.6434140461497009
Latency: 1.6448668281082064
Latency: 1.6462935348972678
Latency: 1.6477039658930153
Latency: 1.6491554290987551
Latency: 1.650606855051592
Latency: 1.6520140229258686
Latency: 1.6534751139115542
Latency: 1.654926081886515
Latency: 1.657321927137673
Latency: 1.6587897799909115
Latency: 1.638036852935329
Latency: 1.6394797249231488
Latency: 1.6408843859098852
Latency: 1.6422980190254748
Latency: 1.643717432860285
Latency: 1.6451466248836368
Latency: 1.646571848075837
Latency: 1.647991311037913
Latency: 1.6494408040307462
Latency: 1.6508566038683057
Latency: 1.6523110629059374
Latency: 1.6537206871435046
Latency: 1.6552150680217892
Latency: 1.6566404739860445
Latency: 1.6580659679602832
Latency: 1.65929014980793
Latency: 1.6606969039421529
Latency: 1.6623088400810957
Latency: 1.6637768249493092
Latency: 1.6652588229626417
Latency: 1.6667188059072942
Latency: 1.6681634820997715
Latency: 1.6942206609528512
Latency: 1.6937366998754442
Latency: 1.6934853049460799
Latency: 1.6931684638839215
Latency: 1.693004006985575
Latency: 1.6928127850405872
Latency: 1.6939722739625722
Latency: 1.6956407979596406
Latency: 1.697140933945775
Latency: 1.5485220169648528
Latency: 1.5481095497962087
Latency: 1.5477225331123918
Latency: 1.5469056309666485
Latency: 1.5467032880987972
Latency: 1.5464701298624277
Latency: 1.5462583960033953
Latency: 1.5470819261390716
Latency: 1.5485642910934985
Latency: 1.5501885691192
Latency: 1.550920014968142
Latency: 1.552382837049663
Latency: 1.553900129860267
Latency: 1.555268103023991
Latency: 1.5568620660342276
Latency: 1.5582886331249028
Latency: 1.5597367400769144
Latency: 1.5612247639801353
Latency: 1.5626418699976057
Latency: 1.5641384369228035
Latency: 1.5655942941084504
Latency: 1.5661918290425092
Latency: 1.567623564042151
Latency: 1.5690643419511616
Latency: 1.570515391184017
Latency: 1.572013892000541
Latency: 1.5734262929763645
Latency: 1.5763234810438007
Latency: 1.5778311099857092
Latency: 1.57924796291627
Latency: 1.580671849893406
Latency: 1.5821668789722025
Latency: 1.5836275729816407
Latency: 1.5850438720081002
Latency: 1.586475881980732
Latency: 1.5879117909353226
Latency: 1.587952655972913
Latency: 1.58936641481705
Latency: 1.5908365279901773
Latency: 1.5922497101128101
Latency: 1.5936593471560627
Latency: 1.5950827940832824
Latency: 1.5965341299306601
Latency: 1.5960964299738407
Latency: 1.5974804740399122
Latency: 1.5989002480637282
Latency: 1.6003364440985024
Latency: 1.6017277049832046
Latency: 1.603367276955396
Latency: 1.6048710620962083
Latency: 1.6065117639955133
Latency: 1.6079657340887934
Latency: 1.6093649161048234
Latency: 1.610793085070327
Latency: 1.6122506491374224
Latency: 1.6137287139426917
Latency: 1.6151715030428022
Latency: 1.6166107070166618
Latency: 1.6180608549620956
Latency: 1.6195448890794069
Latency: 1.620976105099544
Latency: 1.6224298239685595
Latency: 1.6238372439984232
Latency: 1.622611981118098
Latency: 1.6240224230568856
Latency: 1.625443879980594
Latency: 1.6268263990059495
Latency: 1.6282665499020368
Latency: 1.6299368031322956
Latency: 1.6429597951937467
Latency: 1.6444465469103307
Latency: 1.6458847669418901
Latency: 1.6400674681644887
Latency: 1.6414298098534346
Latency: 1.6428946449887007
Latency: 1.6443419009447098
Latency: 1.6457815391477197
Latency: 1.6472342209890485
Latency: 1.648671262897551
Latency: 1.650078414939344
Latency: 1.6519194059073925
Latency: 1.6533633118961006
Latency: 1.6548534960020334
Latency: 1.6563065289519727
Latency: 1.6577580198645592
Latency: 1.6440681130625308
Latency: 1.6453857978340238
Latency: 1.6467863710131496
Latency: 1.64818647201173
Latency: 1.6496610990725458
Latency: 1.6511243809945881
Latency: 1.6525603861082345
Latency: 1.6539801300968975
Latency: 1.6555856431368738
Latency: 1.6570190419442952
Latency: 1.6584861299488693
Latency: 1.6598891650792211
Latency: 1.6613211592193693
Latency: 1.675997233018279
Latency: 1.6763637051917613
Latency: 1.6657950030639768
Latency: 1.6673105279915035
Latency: 1.6270455969497561
Latency: 1.4115239609964192
Latency: 1.3387154079973698
Latency: 1.3936923230066895
Latency: 1.3949348290916532
Latency: 1.3962422220502049
Latency: 1.397324054967612
Latency: 1.3987181428819895
Latency: 1.4000603461172432
Latency: 1.401490124175325
Latency: 1.4028962759766728
Latency: 1.404343742877245
Latency: 1.4057529959827662
Latency: 1.407210318138823
Latency: 1.408619276015088
Latency: 1.4100496948231012
Latency: 1.4114390041213483
Latency: 1.4128829969558865
Latency: 1.4142915080301464
Latency: 1.4179374410305172
Latency: 1.4375781221315265
Latency: 1.4393365771975368
Latency: 1.4407529949676245
Latency: 1.4418069429229945
Latency: 1.443212881917134
Latency: 1.4637934768106788
Latency: 1.4644199169706553
Latency: 1.4659440929535776
Latency: 1.46743349195458
Latency: 1.4688671519979835
Latency: 1.470312874065712
Latency: 1.471763825044036
Latency: 1.4723582880105823
Latency: 1.4738443631213158
Latency: 1.4753432869911194
Latency: 1.4767926789354533
Latency: 1.4782469379715621
Latency: 1.4797327870037407
Latency: 1.5191243749577552
Latency: 1.5206130049191415
Latency: 1.5220438628457487
Latency: 1.510609378106892
Latency: 1.5120364460162818
Latency: 1.513442686991766
Latency: 1.5016166989225894
Latency: 1.5022872400004417
Latency: 1.5037193449679762
Latency: 1.505733409896493
Latency: 1.3729678681120276
Latency: 1.373744270997122
Latency: 1.5039501748979092
Latency: 1.5054296299349517
Latency: 1.5068195520434529
Latency: 1.5082887068856508
Latency: 1.534492737846449
Latency: 1.5349316550418735
Latency: 1.5362828930374235
Latency: 1.5376958940178156
Latency: 1.5391609859652817
Latency: 1.4192127578426152
Latency: 1.4026131960563362
Latency: 1.4039043309167027
Latency: 1.4036644531879574
Latency: 1.4051336669363081
Latency: 1.4060663559939712
Latency: 1.40759566007182
Latency: 1.4087686468847096
Latency: 1.4102377030067146
Latency: 1.411673350026831
Latency: 1.4130966211669147
Latency: 1.4145981459878385
Latency: 1.4160498790442944
Latency: 1.4175358859356493
Latency: 1.4189788971561939
Latency: 1.4204454969149083
Latency: 1.4219276278745383
Latency: 1.4229496428743005
Latency: 1.4243736770004034
Latency: 1.4193187721539289
Latency: 1.4207693699281663
Latency: 1.422114587156102
Latency: 1.4483705749735236
Latency: 1.4508559580426663
Latency: 1.452001852914691
Latency: 1.4488800978288054
Latency: 1.4500709839630872
Latency: 1.4513417780399323
Latency: 1.4528188260737807
Latency: 1.4539155049715191
Latency: 1.4554068469442427
Latency: 1.4568953320849687
Latency: 1.4428804649505764
Latency: 1.4442743109539151
Latency: 1.445222405018285
Latency: 1.4466575800906867
Latency: 1.4481033980846405
Latency: 1.4486348908394575
Latency: 1.450067135039717
Latency: 1.4515431898180395
Latency: 1.4529692500364035
Latency: 1.4544569430872798
Latency: 1.4558845979627222
Latency: 1.4564329308923334
Latency: 1.4584444868378341
Latency: 1.459913627943024
Latency: 1.461312647210434
Latency: 1.4627927360124886
Latency: 1.4642715980298817
Latency: 1.4657042920589447
Latency: 1.466082639992237
Latency: 1.4675054741092026
Latency: 1.4689110938925296
Latency: 1.470319253159687
Latency: 1.4717550300993025
Latency: 1.4731823520269245
Latency: 1.4745736350305378
Latency: 1.4746856479905546
Latency: 1.4761068420484662
Latency: 1.4774677259847522
Latency: 1.4791064851451665
Latency: 1.4805517990607768
Latency: 1.4819753381889313
Latency: 1.4834454448428005
Latency: 1.484890331979841
Latency: 1.486303712008521
Latency: 1.4877523889299482
Latency: 1.4892115008551627
Latency: 1.4887123969383538
Latency: 1.4901266561355442
Latency: 1.4915352310054004
Latency: 1.4929841947741807
Latency: 1.4943495800253004
Latency: 1.49582334398292
Latency: 1.4972430439665914
Latency: 1.4986844009254128
Latency: 1.522553256014362
Latency: 1.5227202309761196
Latency: 1.523621064145118
Latency: 1.525172438006848
Latency: 1.5267456430010498
Latency: 1.5261974320746958
Latency: 1.5384232751093805
Latency: 1.5398574380669743
Latency: 1.5413998030126095
Latency: 1.5428357569035143
Latency: 1.5411107379477471
Latency: 1.5425198031589389
Latency: 1.5439124640543014
Latency: 1.5453546000644565
Latency: 1.5468294988386333
Latency: 1.5482912380248308
Latency: 1.5497463180217892
Latency: 1.5511984161566943
Latency: 1.552682451205328
Latency: 1.5040981511119753
Latency: 1.5053723009768873
Latency: 1.5067398468963802
Latency: 1.5078023439273238
Latency: 1.5092134410515428
Latency: 1.5106465721037239
Latency: 1.5120808379724622
Latency: 1.5135533961001784
Latency: 1.5145288880448788
Latency: 1.5159480401780456
Latency: 1.5173555971123278
Latency: 1.5194756390992552
Latency: 1.5209204980637878
Latency: 1.522416396997869
Latency: 1.5238538759294897
Latency: 1.525316660059616
Latency: 1.5267414059489965
Latency: 1.5281788730062544
Latency: 1.5296681558247656
Latency: 1.5310535528697073
Latency: 1.531635879073292
Latency: 1.5330504311714321
Latency: 1.534492224920541
Latency: 1.5358729709405452
Latency: 1.537363253068179
Latency: 1.5387930418364704
Latency: 1.540250893915072
Latency: 1.5418273149989545
Latency: 1.5433062962256372
Latency: 1.5447044919710606
Latency: 1.5461464829277247
Latency: 1.5475532358977944
Latency: 1.5490061840973794
Latency: 1.5504127780441195
Latency: 1.551029060035944
Latency: 1.5524629689753056
Latency: 1.553868365008384
Latency: 1.5553383191581815
Latency: 1.555625227978453
Latency: 1.5569790159352124
Latency: 1.5584507470484823
Latency: 1.5598788841161877
Latency: 1.5612798309884965
Latency: 1.5627164118923247
Latency: 1.5643267170526087
Latency: 1.5657536960206926
Latency: 1.5672024500090629
Latency: 1.5686385540757328
Latency: 1.5701032469514757
Latency: 1.5715059540234506
Latency: 1.5729468250647187
Latency: 1.5743780408520252
Latency: 1.5758151290938258
Latency: 1.5772482550237328
Latency: 1.5786234780680388
Latency: 1.5800674150232226
Latency: 1.6051717249210924
Latency: 1.604886970948428
Latency: 1.6045452700927854
Latency: 1.6041875819209963
Latency: 1.604059105971828
Latency: 1.6016185490880162
Latency: 1.6169119898695499
Latency: 1.6179017389658839
Latency: 1.6186671550385654
Latency: 1.6201711769681424
Latency: 1.6216701529920101
Latency: 1.6231243468355387
Latency: 1.62463499000296
Latency: 1.5737307709641755
Latency: 1.5750369040761143
Latency: 1.5763949879910797
Latency: 1.5778491999953985
Latency: 1.5791886509396136
Latency: 1.5805940020363778
Latency: 1.582018350949511
Latency: 1.5834793848916888
Latency: 1.5849451159592718
Latency: 1.5864023710601032
Latency: 1.587861126055941
Latency: 1.5890909058507532
Latency: 1.5905744859483093
Latency: 1.5921345800161362
Latency: 1.5935767150949687
Latency: 1.5950785549357533
Latency: 1.596509198890999
Latency: 1.597899658838287
Latency: 1.5998114261310548
Latency: 1.6012887950055301
Latency: 1.6018064750824124
Latency: 1.623433014843613
Latency: 1.6231886418536305
Latency: 1.6228577580768615
Latency: 1.6226366511546075
Latency: 1.6230431438889354
Latency: 1.6245026940014213
Latency: 1.6260016299784184
Latency: 1.6275676821824163
Latency: 1.6274877889081836
Latency: 1.6289397759828717
Latency: 1.6193477150518447
Latency: 1.6203867720905691
Latency: 1.5391640288289636
Latency: 1.575414129998535
Latency: 1.5767616899684072
Latency: 1.3796851730439812
Latency: 1.4194476541597396
Latency: 1.4208719248417765
Latency: 1.4500281219370663
Latency: 1.4513715549837798
Latency: 1.53989171795547
Latency: 1.5396152641624212
Latency: 1.5393812258262187
Latency: 1.5390473981387913
Latency: 1.5387028220575303
Latency: 1.5386099570896477
Latency: 1.5397334480658174
Latency: 1.5405003170017153
Latency: 1.5419857010710984
Latency: 1.5435154719743878
Latency: 1.5450331780593842
Latency: 1.5465338411740959
Latency: 1.3928713731002063
Latency: 1.393875570036471
Latency: 1.3954000431112945
Latency: 1.396803671028465
Latency: 1.3976698978804052
Latency: 1.3948476461227983
Latency: 1.3963163951411843
Latency: 1.3977864200714976
Latency: 1.3992278510704637
Latency: 1.4004237661138177
Latency: 1.4018633030354977
Latency: 1.4033387978561223
Latency: 1.404785880818963
Latency: 1.406246273079887
Latency: 1.4076952261384577
Latency: 1.4091822719201446
Latency: 1.4106007169466466
Latency: 1.4121226989664137
Latency: 1.4135390550363809
Latency: 1.4150026889983565
Latency: 1.4164590928703547
Latency: 1.4179247911088169
Latency: 1.4193453160114586
Latency: 1.4210016308352351
Latency: 1.4224756569601595
Latency: 1.423953243996948
Latency: 1.425408398034051
Latency: 1.4268514239229262
Latency: 1.4468091840390116
Latency: 1.4482810201589018
Latency: 1.449709416134283
Latency: 1.45114900986664
Latency: 1.4525664479006082
Latency: 1.4540437790565193
Latency: 1.467564269900322
Latency: 1.4689795419108123
Latency: 1.4704833920113742
Latency: 1.471983881900087
Latency: 1.4733782010152936
Latency: 1.4749418359715492
Latency: 1.4227607019711286
Latency: 1.4241691040806472
Latency: 1.4250687260646373
Latency: 1.4265320089180022
Latency: 1.4279916670639068
Latency: 1.4294640959706157
Latency: 1.4300406358670443
Latency: 1.431496184086427
Latency: 1.4329647161066532
Latency: 1.4344204810913652
Latency: 1.4359090540092438
Latency: 1.4363581081852317
Latency: 1.4058249341323972
Latency: 1.3970394369680434
Latency: 1.3981788649689406
Latency: 1.397884361911565
Latency: 1.399348438018933
Latency: 1.400786334881559
Latency: 1.4017667041625828
Latency: 1.4032018668949604
Latency: 1.4046556130051613
Latency: 1.4551758810412139
Latency: 1.4566204000730067
Latency: 1.4580611900892109
Latency: 1.459528662962839
Latency: 1.4609755619894713
Latency: 1.462420707102865
Latency: 1.5022772478405386
Latency: 1.500235415995121
Latency: 1.501743558095768
Latency: 1.4969346090219915
Latency: 1.498412603046745
Latency: 1.4988663590047508
Latency: 1.5004122259560972
Latency: 1.5018673948943615
Latency: 1.5033273380249739
Latency: 1.50477832602337
Latency: 1.5045936522074044
Latency: 1.506110118003562
Latency: 1.5075155089143664
Latency: 1.5089555617887527
Latency: 1.5103760538622737
Latency: 1.5118308148812503
Latency: 1.5132606821134686
Latency: 1.5147175819147378
Latency: 1.5161928299348801
Latency: 1.5176096179056913
Latency: 1.5190904210321605
Latency: 1.5205380551051348
Latency: 1.5219601800199598
Latency: 1.5239248189609498
Latency: 1.52544885315001
Latency: 1.526870763860643
Latency: 1.5078761039767414
Latency: 1.5091982909943908
Latency: 1.5105818279553205
Latency: 1.512005606200546
Latency: 1.5133019851054996
Latency: 1.5147777840029448
Latency: 1.5161907491274178
Latency: 1.5175993291195482
Latency: 1.5190212209708989
Latency: 1.5204412110615522
Latency: 1.521893871948123
Latency: 1.523333926917985
Latency: 1.524737031199038
Latency: 1.526180971879512
Latency: 1.5277659648563713
Latency: 1.5292041550856084
Latency: 1.5306196049787104
Latency: 1.5320541460532695
Latency: 1.5327061167918146
Latency: 1.5341404471546412
Latency: 1.5347483470104635
Latency: 1.5361402181442827
Latency: 1.5375696700066328
Latency: 1.5552279811818153
Latency: 1.5567415039986372
Latency: 1.5582161420024931
Latency: 1.5645465161651373
Latency: 1.56597024993971
Latency: 1.5544874439947307
Latency: 1.5558049839455634
Latency: 1.5570978219620883
Latency: 1.5584369290154427
Latency: 1.5599557699169964
Latency: 1.561392017873004
Latency: 1.5628534308634698
Latency: 1.5629134569317102
Latency: 1.588980188826099
Latency: 1.5887932658661157
Latency: 1.5887033981271088
Latency: 1.5911042019724846
Latency: 1.5907825999893248
Latency: 1.5904477701988071
Latency: 1.590107087045908
Latency: 1.5899225489702076
Latency: 1.5897371449973434
Latency: 1.5895450999960303
Latency: 1.5910664200782776
Latency: 1.5926160379312932
Latency: 1.5941234780475497
Latency: 1.595601666951552
Latency: 1.597056611906737
Latency: 1.5984664789866656
Latency: 1.5999689348973334
Latency: 1.6013841959647834
Latency: 1.602864729007706
Latency: 1.7459872630424798
Latency: 1.748250151053071
Latency: 1.749697915976867
Latency: 1.7511121327988803
Latency: 1.7524801599793136
Latency: 1.7538555739447474
Latency: 1.7552035020198673
Latency: 1.75657390197739
Latency: 1.7579637391027063
Latency: 1.759345370111987
Latency: 1.7606805469840765
Latency: 1.7620199660304934
Latency: 1.7633566700387746
Latency: 1.7647499989252537
Latency: 1.7662922160234302
Latency: 1.7676809979602695
Latency: 1.7690356778912246
Latency: 1.7704163719899952
Latency: 1.7718153581954539
Latency: 1.7732158959843218
Latency: 1.7747046709991992
Latency: 1.7761030530091375
Latency: 1.777489025844261
Latency: 1.7788695530034602
Latency: 1.780473134946078
Latency: 1.7818648121319711
Latency: 1.7832797670271248
Latency: 1.7846412011422217
Latency: 1.7860655719414353
Latency: 1.7874841450247914
Latency: 1.7888776389881968
Latency: 1.790279348846525
Latency: 1.7918619909323752
Latency: 1.793307808926329
Latency: 1.7946924499701709
Latency: 1.7960946129169315
Latency: 1.7974923991132528
Latency: 1.7988918928895146
Latency: 1.800291595980525
Latency: 1.801725434139371
Latency: 1.8028228401672095
Latency: 1.8158800220116973
Latency: 1.8018150860443711
Latency: 1.803027326008305
Latency: 1.8044078550301492
Latency: 1.8057728840503842
Latency: 1.8071701228618622
Latency: 1.808510520029813
Latency: 1.8099102100823075
Latency: 1.8113067708909512
Latency: 1.6210044780746102
Latency: 1.6223319920245558
Latency: 1.623739860020578
Latency: 1.6251700879074633
Latency: 1.6265693590976298
Latency: 1.6279553179629147
Latency: 1.6293766980525106
Latency: 1.6305620248895139
Latency: 1.6319708831142634
Latency: 1.6333725380245596
Latency: 1.634541884995997
Latency: 1.635882361093536
Latency: 1.637606647098437
Latency: 1.6453064649831504
Latency: 1.6467106058262289
Latency: 1.6481608590111136
Latency: 1.6495118830353022
Latency: 1.65017598005943
Latency: 1.6515926339197904
Latency: 1.6529658581130207
Latency: 1.6543322750367224
Latency: 1.6557052661664784
Latency: 1.6570584459695965
Latency: 1.6584781371057034
Latency: 1.6598870898596942
Latency: 1.661322619067505
Latency: 1.6350804439280182
Latency: 1.6363150051329285
Latency: 1.6376144369132817
