Latency: 0.5501763818319887
Latency: 0.5493471070658416
Latency: 0.5494790761731565
Latency: 0.550008025020361
Latency: 0.5515180369839072
Latency: 0.5530071868561208
Latency: 0.5545351770706475
Latency: 0.5560499080456793
Latency: 0.5575270089320838
Latency: 0.5589947351254523
Latency: 0.5604695109650493
Latency: 0.5619338690303266
Latency: 0.5635635568760335
Latency: 0.5650347729679197
Latency: 0.5665077411103994
Latency: 0.5680340200196952
Latency: 0.5695145148783922
Latency: 0.5709851880092174
Latency: 0.5724919729400426
Latency: 0.5740288100205362
Latency: 0.5754993029404432
Latency: 0.5769744620192796
Latency: 0.5784773079212755
Latency: 0.579917199909687
Latency: 0.581388195976615
Latency: 0.5828493710141629
Latency: 0.5842839570250362
Latency: 0.5859611609485
Latency: 0.5874810758978128
Latency: 0.5890386190731078
Latency: 0.5905556541401893
Latency: 0.5920125818811357
Latency: 0.5935127809643745
Latency: 0.5949705929961056
Latency: 0.5964289458934218
Latency: 0.5978788118809462
Latency: 0.5993291940540075
Latency: 0.6008204391691834
Latency: 0.6023182170465589
Latency: 0.6038158219307661
Latency: 0.6077824169769883
Latency: 0.6092672101221979
Latency: 0.6107410008553416
Latency: 0.612193503882736
Latency: 0.6144313511904329
Latency: 0.6158828651532531
Latency: 0.617321111029014
Latency: 0.6187731651589274
Latency: 0.6202417309395969
Latency: 0.6217233359348029
Latency: 0.6232115388847888
Latency: 0.6247130110859871
Latency: 0.6294683378655463
Latency: 0.6311186749953777
Latency: 0.6327072859276086
Latency: 0.6342099870089442
Latency: 0.6356795071624219
Latency: 0.6371910071466118
Latency: 0.6386695429682732
Latency: 0.6401145150884986
Latency: 0.6415544869378209
Latency: 0.6430203439667821
Latency: 0.6445085580926389
Latency: 0.6459480528719723
Latency: 0.6473479918204248
Latency: 0.6488965940661728
Latency: 0.6503588599152863
Latency: 0.6518221918959171
Latency: 0.6532445738557726
Latency: 0.6548732849769294
Latency: 0.6563682910054922
Latency: 0.6578696800861508
Latency: 0.6592785399407148
Latency: 0.6607097319792956
Latency: 0.6621675828937441
Latency: 0.663680779049173
Latency: 0.6651335291098803
Latency: 0.666605887003243
Latency: 0.6680509999860078
Latency: 0.6695159110240638
Latency: 0.671030541183427
Latency: 0.6724188360385597
Latency: 0.6738702298607677
Latency: 0.6754504439886659
Latency: 0.677007548045367
Latency: 0.6779740250203758
Latency: 0.6793910621199757
Latency: 0.6808245698921382
Latency: 0.6822079599369317
Latency: 0.683673043968156
Latency: 0.6850913730449975
Latency: 0.686568055069074
Latency: 0.6880045600701123
Latency: 0.6895059780217707
Latency: 0.6909507908858359
Latency: 0.6924192330334336
Latency: 0.6938513061031699
Latency: 0.6952684030402452
Latency: 0.6968502278905362
Latency: 0.7039921311661601
Latency: 0.7054766258224845
Latency: 0.7069401131011546
Latency: 0.7085300118196756
Latency: 0.7100619140546769
Latency: 0.7115642880089581
Latency: 0.7130591068416834
Latency: 0.7144412859342992
Latency: 0.7158394819125533
Latency: 0.7172965300269425
Latency: 0.7240111341234297
Latency: 0.7294875208754092
Latency: 0.7303753928281367
Latency: 0.7312358908820897
Latency: 0.7320888980757445
Latency: 0.7303061399143189
Latency: 0.7317838261369616
Latency: 0.7332780710421503
Latency: 0.7347530629485846
Latency: 0.7362530108075589
Latency: 0.737684145802632
Latency: 0.7390918680466712
Latency: 0.740575126837939
Latency: 0.7420254941098392
Latency: 0.7434269431978464
Latency: 0.7449197410605848
Latency: 0.746429312042892
Latency: 0.7479163620155305
Latency: 0.7493790150620043
Latency: 0.5510217288974673
Latency: 0.5525064810644835
Latency: 0.5564953188877553
Latency: 0.5577551939059049
Latency: 0.5586290599312633
Latency: 0.5445141298696399
Latency: 0.5459825440775603
Latency: 0.54738759691827
Latency: 0.5488177328370512
Latency: 0.5502586411312222
Latency: 0.5573476180434227
Latency: 0.5589469121769071
Latency: 0.5604292799253017
Latency: 0.5618661921471357
Latency: 0.563268129946664
Latency: 0.5646944229956716
Latency: 0.5660674220416695
Latency: 0.5675548759754747
Latency: 0.568982345983386
Latency: 0.5704031309578568
Latency: 0.5718301339074969
Latency: 0.5816047189291567
Latency: 0.5829641239251941
Latency: 0.584341349080205
Latency: 0.585714512038976
Latency: 0.5871296310797334
Latency: 0.5884728508535773
Latency: 0.5898768501356244
Latency: 0.5914378908928484
Latency: 0.5928399260155857
Latency: 0.5942498662043363
Latency: 0.5956490868702531
Latency: 0.6053946418687701
Latency: 0.6011049470398575
Latency: 0.6025092529598624
Latency: 0.6039403181057423
Latency: 0.605321979150176
Latency: 0.6067343589384109
Latency: 0.6128505889791995
Latency: 0.6143102250061929
Latency: 0.6145450519397855
Latency: 0.6160105869639665
Latency: 0.617393028922379
Latency: 0.6187842348590493
Latency: 0.6201669969595969
Latency: 0.621592499082908
Latency: 0.62307438114658
Latency: 0.6244695610366762
Latency: 0.6198405688628554
Latency: 0.6211247828323394
Latency: 0.6224697160068899
Latency: 0.6238913889974356
Latency: 0.6207879218272865
Latency: 0.6224000919610262
Latency: 0.6237991331145167
Latency: 0.6252200969029218
Latency: 0.6266451862175018
Latency: 0.6280453249346465
Latency: 0.6295023730490357
Latency: 0.6308732239995152
Latency: 0.6322707219514996
Latency: 0.633662949083373
Latency: 0.6350840460509062
Latency: 0.6364940940402448
Latency: 0.6378949249628931
Latency: 0.6392678909469396
Latency: 0.6358279390260577
Latency: 0.6371958630625159
Latency: 0.6387857140507549
Latency: 0.6401029450353235
Latency: 0.6415792710613459
Latency: 0.6429485799744725
Latency: 0.6443162218201905
Latency: 0.6457264840137213
Latency: 0.6471031338442117
Latency: 0.6485092430375516
Latency: 0.6499214069917798
Latency: 0.6513036529067904
Latency: 0.6527422568760812
Latency: 0.6541332199703902
Latency: 0.6555322939530015
Latency: 0.6569124408997595
Latency: 0.6582359510939568
Latency: 0.6597880912013352
Latency: 0.6612614300101995
Latency: 0.6626545060425997
Latency: 0.664017174160108
Latency: 0.6654144059866667
Latency: 0.6668214588426054
Latency: 0.6749060309957713
Latency: 0.6764387630391866
Latency: 0.6778463481459767
Latency: 0.6792614059522748
Latency: 0.680639656027779
Latency: 0.6820797140244395
Latency: 0.6834429460577667
Latency: 0.6848655459471047
Latency: 0.6861857699695975
Latency: 0.6876092520542443
Latency: 0.6889953790232539
Latency: 0.6903871968388557
Latency: 0.6917822870891541
Latency: 0.7008831349667162
Latency: 0.6935473419725895
Latency: 0.694938933942467
Latency: 0.6963370838202536
Latency: 0.6977518419735134
Latency: 0.699137284886092
Latency: 0.700806570937857
Latency: 0.7022746449802071
Latency: 0.7037196620367467
Latency: 0.7051364269573241
Latency: 0.7188161790836602
Latency: 0.720238609937951
Latency: 0.7216605418361723
Latency: 0.7231209499295801
Latency: 0.7245157789438963
Latency: 0.7307278770022094
Latency: 0.7221448111813515
Latency: 0.7238480900414288
Latency: 0.7161670110654086
Latency: 0.7175775389187038
Latency: 0.7189400738570839
Latency: 0.72035967791453
Latency: 0.7218822150025517
Latency: 0.7460044829640538
Latency: 0.7490112020168453
Latency: 0.7522698740940541
Latency: 0.5272788000293076
Latency: 0.5281618239823729
Latency: 0.5294269840233028
Latency: 0.5302667520008981
Latency: 0.5316130639985204
Latency: 0.532318257028237
Latency: 0.5366609359625727
Latency: 0.538058364065364
Latency: 0.538682006066665
Latency: 0.5400281248148531
Latency: 0.5415923029650003
Latency: 0.5429725670255721
Latency: 0.5435450500808656
Latency: 0.5449183320160955
Latency: 0.5461853570304811
Latency: 0.5475895910058171
Latency: 0.5489787990227342
Latency: 0.5496135598514229
Latency: 0.550976897822693
Latency: 0.5523048778995872
Latency: 0.5536747761070728
Latency: 0.5550635359250009
Latency: 0.5564678569789976
Latency: 0.5563928678166121
Latency: 0.5772692700847983
Latency: 0.5770418900065124
Latency: 0.5775926078204066
Latency: 0.5790211078710854
Latency: 0.5803897641599178
Latency: 0.5871155231725425
Latency: 0.588563245953992
Latency: 0.5876982070039958
Latency: 0.5960566618014127
Latency: 0.5931278408970684
Latency: 0.5945464670658112
Latency: 0.5958686121739447
Latency: 0.5973105959128588
Latency: 0.5998896160162985
Latency: 0.6012105520348996
Latency: 0.6025325879454613
Latency: 0.603906684089452
Latency: 0.6052858110051602
Latency: 0.6066799468826503
Latency: 0.6080545869190246
Latency: 0.6093338960781693
Latency: 0.6107855048030615
Latency: 0.6121581101324409
Latency: 0.6135184010490775
Latency: 0.614854401210323
Latency: 0.6162276349496096
Latency: 0.6176509289070964
Latency: 0.6189861949533224
Latency: 0.6204218140337616
Latency: 0.6219644139055163
Latency: 0.6233548461459577
Latency: 0.6247465778142214
Latency: 0.626109461998567
Latency: 0.6275134119205177
Latency: 0.628871605033055
Latency: 0.6302389518823475
Latency: 0.6315999389626086
Latency: 0.6330142610240728
Latency: 0.6343820060137659
Latency: 0.6336092080455273
Latency: 0.6348618450574577
Latency: 0.6361831310205162
Latency: 0.6374219660647213
Latency: 0.6387783128302544
Latency: 0.640232953010127
Latency: 0.6416458140593022
Latency: 0.6430074500385672
Latency: 0.6443698881193995
Latency: 0.6457341979257762
Latency: 0.6470651659183204
Latency: 0.6484420748893172
Latency: 0.6497903508134186
Latency: 0.6511744069866836
Latency: 0.6525385568384081
Latency: 0.6538825640454888
Latency: 0.6552524969447404
Latency: 0.656641375971958
Latency: 0.6580062280409038
Latency: 0.6593732738401741
Latency: 0.6606937830802053
Latency: 0.6622079750522971
Latency: 0.66358762816526
Latency: 0.6649825519416481
Latency: 0.6614707137923688
Latency: 0.662827500840649
Latency: 0.6697854690719396
Latency: 0.6711566678714007
Latency: 0.6798002221621573
Latency: 0.681229563895613
Latency: 0.6826119469478726
Latency: 0.6840126698371023
Latency: 0.6853869291953743
Latency: 0.6867343839257956
Latency: 0.6880712260026485
Latency: 0.6894398890435696
Latency: 0.6908288188278675
Latency: 0.6922378449235111
Latency: 0.6935823729727417
Latency: 0.7049781112000346
Latency: 0.7046155058778822
Latency: 0.7048602809663862
Latency: 0.7045409430284053
Latency: 0.7042139798868448
Latency: 0.7080128050874919
Latency: 0.7087105729151517
Latency: 0.7084825069177896
Latency: 0.7082631359808147
Latency: 0.7090502171777189
Latency: 0.7104408559389412
Latency: 0.7121094828471541
Latency: 0.7135779489763081
Latency: 0.7149606221355498
Latency: 0.7164235580712557
Latency: 0.7077089860104024
Latency: 0.7090310831554234
Latency: 0.7102099999319762
Latency: 0.6975573878735304
Latency: 0.6988250461872667
Latency: 0.7000852539204061
Latency: 0.7058327600825578
Latency: 0.7071821459103376
Latency: 0.6319985259324312
Latency: 0.6336754271760583
Latency: 0.6333752069622278
Latency: 0.5705463450867683
Latency: 0.5718279790598899
Latency: 0.5728283489588648
Latency: 0.5742464000359178
Latency: 0.5755868041887879
Latency: 0.5766835901886225
Latency: 0.5780551431234926
Latency: 0.5793882219586521
Latency: 0.5807705090846866
Latency: 0.5821336980443448
Latency: 0.5825634819921106
Latency: 0.5838989289477468
Latency: 0.5852356590330601
Latency: 0.586572804953903
Latency: 0.5879385939333588
Latency: 0.6106270309537649
Latency: 0.6120470699388534
Latency: 0.6133880871348083
Latency: 0.6336101528722793
Latency: 0.6349705511238426
Latency: 0.63641735794954
Latency: 0.6377007868140936
Latency: 0.6390628018416464
Latency: 0.6405337830074131
Latency: 0.6533905030228198
Latency: 0.6366648289840668
Latency: 0.6367248890455812
Latency: 0.6378722540102899
Latency: 0.6391355851665139
Latency: 0.6403862810693681
Latency: 0.6417359909974039
Latency: 0.6426995068322867
Latency: 0.6387658210005611
Latency: 0.619292468065396
Latency: 0.620110726216808
Latency: 0.6229980189818889
Latency: 0.62436628411524
Latency: 0.6251878028269857
Latency: 0.6265182290226221
Latency: 0.6278861160390079
Latency: 0.6293110309634358
Latency: 0.6294957420323044
Latency: 0.6308624329976737
Latency: 0.632247180910781
Latency: 0.6335985129699111
Latency: 0.6349768559448421
Latency: 0.6351151950657368
Latency: 0.6364542450755835
Latency: 0.637749468209222
Latency: 0.6453903710935265
Latency: 0.6467799399979413
Latency: 0.6484544151462615
Latency: 0.6487708250060678
Latency: 0.650117106968537
Latency: 0.6514778221026063
Latency: 0.6528485051821917
Latency: 0.654141838895157
Latency: 0.6555837208870798
Latency: 0.6570018709171563
Latency: 0.6583337818738073
Latency: 0.6583823130931705
Latency: 0.659715506946668
Latency: 0.6610542200505733
Latency: 0.6624163719825447
Latency: 0.6637422658968717
Latency: 0.6651101820170879
Latency: 0.6665721870958805
Latency: 0.6668282989412546
Latency: 0.6681897940579802
Latency: 0.6695728099439293
Latency: 0.6692233388312161
Latency: 0.6705678619910032
Latency: 0.6719206490088254
Latency: 0.6733033440541476
Latency: 0.6746562868356705
Latency: 0.6760643350426108
Latency: 0.6773892359342426
Latency: 0.6787720259744674
Latency: 0.6801597459707409
Latency: 0.6815175982192159
Latency: 0.6829251481685787
Latency: 0.6928435228765011
Latency: 0.6942755521740764
Latency: 0.6940714330412447
Latency: 0.6953838360495865
Latency: 0.6967289629392326
Latency: 0.6979856251273304
Latency: 0.6994270971044898
Latency: 0.7007794368546456
Latency: 0.7021401750389487
Latency: 0.7035273930523545
Latency: 0.6950443401001394
Latency: 0.6963492359500378
Latency: 0.6977219269610941
Latency: 0.6990965879522264
Latency: 0.7004542830400169
Latency: 0.7139425440691411
Latency: 0.7140630739741027
Latency: 0.7142324359156191
Latency: 0.7203488789964467
Latency: 0.7217392588499933
Latency: 0.7231169799342752
Latency: 0.7157968410756439
Latency: 0.717029670951888
Latency: 0.7185524730011821
Latency: 0.7196071001235396
Latency: 0.7210843269713223
Latency: 0.6988156551960856
Latency: 0.7002497639041394
Latency: 0.7015606071799994
Latency: 0.7029028211254627
Latency: 0.7042937900405377
Latency: 0.7054169131442904
Latency: 0.7067650330718607
Latency: 0.7178426741156727
Latency: 0.7170071299187839
Latency: 0.7242248940747231
Latency: 0.7256247701589018
Latency: 0.7270719530060887
Latency: 0.727386947022751
Latency: 0.7233654449228197
Latency: 0.7247693720273674
Latency: 0.7493648289237171
Latency: 0.6184563741553575
Latency: 0.6215857460629195
Latency: 0.6075531649403274
Latency: 0.7165622857864946
Latency: 0.7179532938171178
Latency: 0.6030676709488034
Latency: 0.6038535370025784
Latency: 0.6051525520160794
Latency: 0.6064645261503756
Latency: 0.6078596760053188
Latency: 0.6087355890776962
Latency: 0.6100870431400836
Latency: 0.611448687966913
Latency: 0.6128607450518757
Latency: 0.6142051890492439
Latency: 0.6156014308799058
Latency: 0.6169837841298431
Latency: 0.617755256826058
Latency: 0.6190868890844285
Latency: 0.6204590401612222
Latency: 0.5841284980997443
Latency: 0.5854844069108367
Latency: 0.5869171270169318
Latency: 0.5838955489452928
Latency: 0.612682324135676
Latency: 0.6141211541835219
Latency: 0.6154975548852235
Latency: 0.6168717260006815
Latency: 0.6182518189307302
Latency: 0.5996362140867859
Latency: 0.6010444869752973
Latency: 0.6021388899534941
Latency: 0.6034727860242128
Latency: 0.6043995870277286
Latency: 0.6057394871022552
Latency: 0.6071089832112193
Latency: 0.6078836130909622
Latency: 0.6093209688551724
Latency: 0.610674912808463
Latency: 0.6124129849486053
Latency: 0.611792084062472
Latency: 0.6224222350865602
Latency: 0.6237658900208771
Latency: 0.6251257511321455
Latency: 0.6264918439555913
Latency: 0.6309066419489682
Latency: 0.63235177192837
Latency: 0.6337144980207086
Latency: 0.6351096138823777
Latency: 0.6364724792074412
Latency: 0.6378531570080668
Latency: 0.6374755101278424
Latency: 0.6387944009620696
Latency: 0.6305526581127197
Latency: 0.631716902833432
Latency: 0.6330889440141618
Latency: 0.6344166691415012
Latency: 0.6339212029706687
Latency: 0.6352534231264144
Latency: 0.6359567390754819
Latency: 0.6392504679970443
Latency: 0.6406285089906305
Latency: 0.6420163379516453
Latency: 0.6434533770661801
Latency: 0.6447517208289355
Latency: 0.6460875859484076
Latency: 0.6474493320565671
Latency: 0.6488107501063496
Latency: 0.6501854509115219
Latency: 0.6515458391513675
Latency: 0.6529194279573858
Latency: 0.6542975699994713
Latency: 0.6556507800705731
Latency: 0.6570230480283499
Latency: 0.6583714520093054
Latency: 0.6598126329481602
Latency: 0.661241427063942
Latency: 0.7098260859493166
Latency: 0.7116566349286586
Latency: 0.7131890130694956
Latency: 0.7146845539100468
Latency: 0.7161676660180092
Latency: 0.7176340811420232
Latency: 0.7191338199190795
Latency: 0.7206160919740796
Latency: 0.7221031601075083
Latency: 0.7235492230392992
Latency: 0.7249807838816196
Latency: 0.7264564570505172
Latency: 0.741905968869105
Latency: 0.74340805481188
Latency: 0.7449200709816068
Latency: 0.7465809769928455
Latency: 0.7480933670885861
Latency: 0.7495030439458787
Latency: 0.7655720610637218
Latency: 0.7672032839618623
Latency: 0.7687571330461651
Latency: 0.7703917589969933
Latency: 0.7717350099701434
Latency: 0.7732923398725688
Latency: 0.7644332589115947
Latency: 0.7750961629208177
Latency: 0.7757477920968086
Latency: 0.7215480981394649
Latency: 0.7228758321143687
Latency: 0.7223037339281291
Latency: 0.7220364839304239
Latency: 0.7217830801382661
Latency: 0.7221741860266775
Latency: 0.723734880099073
Latency: 0.7251317128539085
Latency: 0.7264919080771506
Latency: 0.7277179979719222
Latency: 0.7291278580669314
Latency: 0.7304923238698393
Latency: 0.7323073011357337
Latency: 0.7337276628240943
Latency: 0.7351178040262312
Latency: 0.7360347448848188
Latency: 0.7373831630684435
Latency: 0.7387449201196432
Latency: 0.746842484921217
Latency: 0.7466269379947335
Latency: 0.7477201230358332
Latency: 0.7490529220085591
Latency: 0.7504408210515976
Latency: 0.689670154126361
Latency: 0.6886450899764895
Latency: 0.6882423399947584
Latency: 0.6878922909963876
Latency: 0.5994371259585023
Latency: 0.6008445678744465
Latency: 0.5823458479717374
Latency: 0.5830191848799586
Latency: 0.5843959008343518
Latency: 0.6050796820782125
Latency: 0.606519483961165
Latency: 0.6079684679862112
Latency: 0.6161793230567127
Latency: 0.6171730128116906
Latency: 0.618519390001893
Latency: 0.6150007769465446
Latency: 0.6162541641388088
Latency: 0.61760394112207
Latency: 0.6189523180946708
Latency: 0.6203217511065304
Latency: 0.6216435991227627
Latency: 0.6230181579012424
Latency: 0.6243764681275934
Latency: 0.6257287890184671
Latency: 0.6270641339942813
Latency: 0.6216010220814496
Latency: 0.6229423498734832
Latency: 0.6242644849698991
Latency: 0.6256523740012199
Latency: 0.6269983870442957
Latency: 0.6283510068897158
Latency: 0.629696954973042
Latency: 0.6312897149473429
Latency: 0.6327319350093603
Latency: 0.6341032469645143
Latency: 0.6487588570453227
Latency: 0.6501925711054355
Latency: 0.6258223741315305
Latency: 0.6408520678523928
Latency: 0.6420677120331675
Latency: 0.6431291580665857
Latency: 0.6445201749447733
Latency: 0.6432501617819071
Latency: 0.6445280460175127
Latency: 0.6459572499152273
Latency: 0.6472735218703747
Latency: 0.6363797639496624
Latency: 0.6375277570914477
Latency: 0.6385528170503676
Latency: 0.6394109409302473
Latency: 0.6407373989932239
Latency: 0.6413809489458799
Latency: 0.6416235598735511
Latency: 0.6429937740322202
Latency: 0.6420200010761619
Latency: 0.6433673200663179
Latency: 0.6559190659318119
Latency: 0.6544009260833263
Latency: 0.6557419530581683
Latency: 0.6637343969196081
Latency: 0.6671625080052763
Latency: 0.6667456550057977
Latency: 0.6680866049136966
Latency: 0.6694286800920963
Latency: 0.6707926511298865
Latency: 0.672127255005762
Latency: 0.6734643478412181
Latency: 0.6748427008278668
Latency: 0.666517250938341
Latency: 0.6679249280132353
Latency: 0.6693158070556819
Latency: 0.6706981789320707
Latency: 0.6720486669801176
Latency: 0.6734202429652214
Latency: 0.674816960003227
Latency: 0.6762002960313112
Latency: 0.6779532160144299
Latency: 0.679484779946506
Latency: 0.6807418290991336
Latency: 0.6821444381494075
Latency: 0.6835550940595567
Latency: 0.6848998481873423
Latency: 0.6862352930475026
Latency: 0.6876080660149455
Latency: 0.6889696528669447
Latency: 0.6904210119973868
Latency: 0.7031195028685033
Latency: 0.7044897740706801
Latency: 0.7059005671180785
Latency: 0.7072413000278175
Latency: 0.7086004980374128
Latency: 0.7099738779943436
Latency: 0.721995318075642
Latency: 0.7234505449887365
Latency: 0.7248193409759551
Latency: 0.7261229970026761
Latency: 0.7250663999002427
Latency: 0.7264099419116974
Latency: 0.7277527919504791
Latency: 0.7291477979160845
Latency: 0.7304959748871624
Latency: 0.7318395478650928
Latency: 0.7449169429019094
Latency: 0.7448454010300338
Latency: 0.7447379119694233
Latency: 0.7089926688931882
Latency: 0.708514547906816
Latency: 0.7081266399472952
Latency: 0.7077715129125863
Latency: 0.7074488690122962
Latency: 0.7073051859624684
Latency: 0.7071042840834707
Latency: 0.7065809881314635
Latency: 0.707269286038354
Latency: 0.7086154129356146
Latency: 0.7100813859142363
Latency: 0.7115454848390073
Latency: 0.7129260029178113
Latency: 0.7143077689688653
Latency: 0.7156482108402997
Latency: 0.7170795919373631
Latency: 0.7240599559154361
Latency: 0.7252211410086602
Latency: 0.7266262560151517
Latency: 0.7279947411734611
Latency: 0.7294116769917309
Latency: 0.7308124410919845
Latency: 0.7321237272117287
Latency: 0.6738690531346947
Latency: 0.6747548838611692
Latency: 0.6762028378434479
Latency: 0.6775811840780079
Latency: 0.6924805340822786
Latency: 0.6938007608987391
Latency: 0.6056428789161146
Latency: 0.5965432960074395
Latency: 0.5967893479391932
Latency: 0.5983897468540817
Latency: 0.5996993919834495
Latency: 0.6010409230366349
Latency: 0.6019810088910162
Latency: 0.6033267590682954
Latency: 0.6046914670150727
Latency: 0.6060658360365778
Latency: 0.6074487129226327
Latency: 0.6088257329538465
Latency: 0.6101756209973246
Latency: 0.6111578289419413
Latency: 0.6087008100003004
Latency: 0.6336247101426125
Latency: 0.6710757960099727
Latency: 0.6723992160987109
Latency: 0.6385186919942498
Latency: 0.6397612451110035
Latency: 0.6410817159339786
Latency: 0.6558535362128168
Latency: 0.6560869067907333
Latency: 0.6574785870034248
Latency: 0.6588721568696201
Latency: 0.6601492271292955
Latency: 0.6615305070299655
Latency: 0.6629101820290089
Latency: 0.6643061910290271
Latency: 0.6578327179886401
Latency: 0.6592109519988298
Latency: 0.6605728650465608
Latency: 0.6618729189503938
Latency: 0.6632305160164833
Latency: 0.664598889881745
Latency: 0.6660247941035777
Latency: 0.6674226759932935
Latency: 0.6688032478559762
Latency: 0.6701921499334276
Latency: 0.6722837178967893
Latency: 0.6736905160360038
Latency: 0.675072053913027
Latency: 0.6764539740979671
Latency: 0.677827242994681
Latency: 0.6792716518975794
Latency: 0.680665462044999
Latency: 0.6820223601534963
Latency: 0.6835001220460981
Latency: 0.6850287078414112
Latency: 0.6865008098538965
Latency: 0.6665898798964918
Latency: 0.6790233470965177
Latency: 0.6804127830546349
Latency: 0.6812549899332225
Latency: 0.6825278177857399
Latency: 0.6838062459137291
Latency: 0.6852141260169446
Latency: 0.6863677909132093
Latency: 0.6877284930087626
Latency: 0.6888771690428257
Latency: 0.6902033481746912
Latency: 0.691671947017312
Latency: 0.6922537300270051
Latency: 0.6936613109428436
Latency: 0.6950047959107906
Latency: 0.6952609298750758
Latency: 0.6964953469578177
Latency: 0.6978914530482143
Latency: 0.6992855740245432
Latency: 0.7005952559411526
Latency: 0.7000061320140958
Latency: 0.7013682359829545
Latency: 0.6959515989292413
Latency: 0.6968962808605283
Latency: 0.6982810569461435
Latency: 0.6996813868172467
Latency: 0.7011072069872171
Latency: 0.702499273000285
Latency: 0.703878735890612
Latency: 0.7052616789005697
Latency: 0.7066361890174448
Latency: 0.7080494719557464
Latency: 0.7094463109970093
Latency: 0.7217627000063658
Latency: 0.7231872640550137
Latency: 0.7245650379918516
Latency: 0.7258208531420678
Latency: 0.7272338320035487
Latency: 0.7306767078116536
Latency: 0.7323677139356732
Latency: 0.7339684939943254
Latency: 0.735451570013538
Latency: 0.7369067019317299
Latency: 0.7383117501158267
Latency: 0.7397293120156974
Latency: 0.7410947009921074
Latency: 0.736111898208037
Latency: 0.7358961759600788
Latency: 0.747160340892151
Latency: 0.737593448953703
Latency: 0.7371762359980494
Latency: 0.7368108769878745
Latency: 0.7364214810077101
Latency: 0.7362716449424624
Latency: 0.7359472401440144
Latency: 0.735714697977528
Latency: 0.7354978350922465
Latency: 0.7352814020123333
Latency: 0.7351274881511927
Latency: 0.736000400967896
Latency: 0.7375209501478821
Latency: 0.7454955070279539
Latency: 0.7469619440380484
Latency: 0.7483961170073599
Latency: 0.7498809220269322
Latency: 0.7114547821693122
Latency: 0.7214848648291081
Latency: 0.7227096071001142
Latency: 0.7240235949866474
Latency: 0.7255676200147718
Latency: 0.7269785748794675
Latency: 0.7284046309068799
Latency: 0.6582404151558876
Latency: 0.659655543975532
Latency: 0.6611982129979879
Latency: 0.6625381170306355
Latency: 0.6223955629393458
Latency: 0.6239092068281025
Latency: 0.6094092780258507
Latency: 0.5789208149071783
Latency: 0.5800602389499545
Latency: 0.6307216840796173
Latency: 0.6321837981231511
Latency: 0.6336134751327336
Latency: 0.635048053925857
Latency: 0.6364577780477703
Latency: 0.6377959961537272
Latency: 0.6391390110366046
Latency: 0.6401945780962706
Latency: 0.6416375709231943
Latency: 0.6485250040423125
Latency: 0.6498977879527956
Latency: 0.651282015023753
Latency: 0.6634352579712868
Latency: 0.6648179912008345
Latency: 0.6662428812123835
Latency: 0.6698766390327364
Latency: 0.6694789659231901
Latency: 0.67090994422324
Latency: 0.6746228390838951
Latency: 0.6760012588929385
Latency: 0.6775281270965934
Latency: 0.6789050519000739
Latency: 0.6803796170279384
Latency: 0.6818192389328033
Latency: 0.6832316222134978
Latency: 0.6846566370222718
Latency: 0.6860732599161565
Latency: 0.6874856480862945
Latency: 0.6888724861200899
Latency: 0.6903060579206795
Latency: 0.6917077710386366
Latency: 0.6934408380184323
Latency: 0.6948965732008219
Latency: 0.6963219339959323
Latency: 0.6977632970083505
Latency: 0.6986224418506026
Latency: 0.7000133090186864
Latency: 0.7014069049619138
Latency: 0.7027903830166906
Latency: 0.704205899965018
Latency: 0.7056175030302256
Latency: 0.7069793459959328
Latency: 0.7078788520302624
Latency: 0.7092161520849913
Latency: 0.7106367510277778
Latency: 0.7120493738912046
Latency: 0.7133933280128986
Latency: 0.7165899570100009
Latency: 0.7135125589556992
Latency: 0.7148793269880116
Latency: 0.6863364859018475
Latency: 0.6876592531334609
Latency: 0.6886783530935645
Latency: 0.6900051580742002
Latency: 0.6914480770938098
Latency: 0.692847098922357
Latency: 0.6935493131168187
Latency: 0.6949607781134546
Latency: 0.6963265819940716
Latency: 0.6977537800557911
Latency: 0.6991924960166216
Latency: 0.7001189920119941
Latency: 0.7015149351209402
Latency: 0.7028984769713134
Latency: 0.7046167759690434
Latency: 0.7061079351697117
Latency: 0.7074839710257947
Latency: 0.7089051050134003
Latency: 0.7103181139100343
Latency: 0.7117025279439986
Latency: 0.7131315441802144
Latency: 0.7145451940596104
Latency: 0.7125720109324902
Latency: 0.7139486209489405
Latency: 0.7153225678484887
Latency: 0.7153231110423803
Latency: 0.7166941079776734
Latency: 0.7180905467830598
Latency: 0.719502008985728
Latency: 0.7281231328379363
Latency: 0.7287810118868947
Latency: 0.7301293010823429
Latency: 0.731558111961931
Latency: 0.7329440240282565
Latency: 0.7438683880027384
Latency: 0.7452842770144343
Latency: 0.7467432119883597
Latency: 0.7481472089421004
Latency: 0.7494711391627789
Latency: 0.7509297169744968
Latency: 0.7523530209437013
Latency: 0.7537753118667752
Latency: 0.7552071800455451
Latency: 0.7393652889877558
Latency: 0.7523571639321744
Latency: 0.7581170049961656
Latency: 0.7130098461639136
Latency: 0.713999283965677
Latency: 0.7154789541382343
Latency: 0.7169282529503107
Latency: 0.7183305739890784
Latency: 0.7198334611020982
Latency: 0.721052462933585
Latency: 0.7225245051085949
Latency: 0.7426109770312905
Latency: 0.7469556960277259
Latency: 0.7469331081956625
Latency: 0.7478682429064065
Latency: 0.703071973985061
Latency: 0.7031181680504233
Latency: 0.7040629850234836
Latency: 0.7209491028916091
Latency: 0.7208478641696274
Latency: 0.7313268268480897
Latency: 0.7310805558227003
Latency: 0.7308243510778993
Latency: 0.7311468741390854
Latency: 0.7690799729898572
Latency: 0.7705852161161602
Latency: 0.6955175141338259
Latency: 0.6968980401288718
Latency: 0.6982899471186101
Latency: 0.6999153490178287
Latency: 0.6975201070308685
Latency: 0.6990319460164756
Latency: 0.630129304016009
Latency: 0.6315876259468496
Latency: 0.6324696058873087
Latency: 0.6416762589942664
Latency: 0.6429314098786563
Latency: 0.6443957081064582
Latency: 0.6456141001544893
Latency: 0.6470343440305442
Latency: 0.6484651209320873
Latency: 0.6498614081647247
Latency: 0.6509237440768629
Latency: 0.6516474939417094
Latency: 0.6530180720146745
Latency: 0.6544115950819105
Latency: 0.6558117740787566
Latency: 0.6785539358388633
Latency: 0.68001598585397
Latency: 0.6814856168348342
Latency: 0.6829490200616419
Latency: 0.6655942990910262
Latency: 0.6667722600977868
Latency: 0.6676296598743647
Latency: 0.6687544640153646
Latency: 0.670176446903497
Latency: 0.6715876329690218
Latency: 0.6729700709693134
Latency: 0.6743847869802266
Latency: 0.6757760038599372
Latency: 0.6765446187928319
Latency: 0.6779607420321554
Latency: 0.6793711001519114
Latency: 0.6769111461471766
Latency: 0.6782780459616333
Latency: 0.6796221148688346
Latency: 0.6810215651057661
Latency: 0.6827779409941286
Latency: 0.6835016859695315
Latency: 0.684864146867767
Latency: 0.6862784151453525
Latency: 0.6877028001472354
Latency: 0.689097949070856
Latency: 0.6905068110208958
Latency: 0.6918969738762826
Latency: 0.6932793359737843
Latency: 0.6946639530360699
Latency: 0.6960964149329811
Latency: 0.6975161631125957
Latency: 0.6989334970712662
Latency: 0.7003465369343758
Latency: 0.6960746920667589
Latency: 0.6974185439758003
Latency: 0.6961108210962266
Latency: 0.6975839450024068
Latency: 0.6988819348625839
Latency: 0.7084393110126257
Latency: 0.7098396820947528
Latency: 0.7286724948789924
Latency: 0.7300227999221534
Latency: 0.7285262290388346
Latency: 0.729945114813745
Latency: 0.7313440418802202
Latency: 0.73275809106417
Latency: 0.7342374860309064
Latency: 0.7356628309935331
Latency: 0.7369741250295192
Latency: 0.7384884329512715
Latency: 0.7395677780732512
Latency: 0.7464911181014031
Latency: 0.7478936610277742
Latency: 0.7492787139490247
Latency: 0.7506822268478572
Latency: 0.745025753043592
Latency: 0.7463782669510692
Latency: 0.7477697771973908
Latency: 0.7491673408076167
Latency: 0.75053840293549
Latency: 0.7519669870380312
Latency: 0.7533422179985791
Latency: 0.7627235101535916
Latency: 0.7640396449714899
Latency: 0.7654340739827603
Latency: 0.7823171480558813
Latency: 0.7743557360954583
Latency: 0.7752808390650898
Latency: 0.7809654891025275
Latency: 0.7824187569785863
Latency: 0.783810222055763
Latency: 0.7675431170500815
Latency: 0.7687697161454707
Latency: 0.7701652930118144
Latency: 0.7714387369342148
Latency: 0.7728472598828375
Latency: 0.7742447790224105
Latency: 0.7754077247809619
Latency: 0.7904589280951768
Latency: 0.7902037901803851
Latency: 0.7964489948935807
Latency: 0.7948920130729675
Latency: 0.7224484528414905
Latency: 0.723746192175895
Latency: 0.725097392918542
Latency: 0.7265854740981013
Latency: 0.7279602200724185
Latency: 0.7293017329648137
Latency: 0.7307362060528249
Latency: 0.7321994688827544
Latency: 0.7335905951913446
Latency: 0.7009071910288185
Latency: 0.7022276639472693
Latency: 0.721801534993574
Latency: 0.7220866850111634
Latency: 0.7217727659735829
Latency: 0.7333728622179478
Latency: 0.7347784140147269
Latency: 0.7152843738440424
Latency: 0.7405051498208195
Latency: 0.7061728679109365
Latency: 0.732718514977023
Latency: 0.7342115670908242
Latency: 0.7357269420754164
Latency: 0.5972401439212263
Latency: 0.5985033118631691
Latency: 0.59598652808927
Latency: 0.5974571111146361
Latency: 0.5987952330615371
Latency: 0.6002700959797949
Latency: 0.6016425639390945
Latency: 0.6030790179502219
Latency: 0.6116080088540912
Latency: 0.6126125189475715
Latency: 0.6272799409925938
Latency: 0.6342576569877565
Latency: 0.6355450798291713
Latency: 0.6368526360020041
Latency: 0.638288325862959
Latency: 0.6397172708529979
Latency: 0.6411352090071887
Latency: 0.6425416981801391
Latency: 0.6431318901013583
Latency: 0.6444289851933718
Latency: 0.6457247750367969
Latency: 0.646967404987663
Latency: 0.6596124859061092
Latency: 0.6408051990438253
Latency: 0.6420904009137303
Latency: 0.6433218589518219
Latency: 0.6447054869495332
Latency: 0.6461463030427694
Latency: 0.6475859000347555
Latency: 0.6489962399937212
Latency: 0.650079530896619
Latency: 0.6515195500105619
Latency: 0.6529554589651525
Latency: 0.6542990729212761
Latency: 0.655713576124981
Latency: 0.6571195649448782
Latency: 0.6585066388361156
Latency: 0.6599449070636183
Latency: 0.6522134230472147
Latency: 0.6536035609897226
Latency: 0.6550634601153433
Latency: 0.6559642180800438
Latency: 0.654616927029565
Latency: 0.6562974150292575
Latency: 0.6577211359981447
Latency: 0.6591728169005364
Latency: 0.660531731788069
Latency: 0.6619318199809641
Latency: 0.6633353461511433
Latency: 0.6647559548728168
Latency: 0.6661531268619001
Latency: 0.6675577159039676
Latency: 0.6690072568599135
Latency: 0.670090215979144
Latency: 0.671368686016649
Latency: 0.6923042088747025
Latency: 0.6928935959003866
Latency: 0.6943151538725942
Latency: 0.695655619027093
Latency: 0.697175906971097
Latency: 0.6944262471515685
Latency: 0.7047562529332936
Latency: 0.7061187122017145
Latency: 0.7155324819032103
Latency: 0.716967212036252
Latency: 0.7183697069995105
Latency: 0.7126956740394235
Latency: 0.7136887549422681
Latency: 0.715091363992542
Latency: 0.71643838705495
Latency: 0.7179473740980029
Latency: 0.7189861938823014
Latency: 0.7203750400803983
Latency: 0.7220741079654545
Latency: 0.7234894740395248
Latency: 0.7249247781001031
Latency: 0.726366984192282
Latency: 0.7277664639987051
Latency: 0.7291424209252
Latency: 0.730540722142905
Latency: 0.731464589945972
Latency: 0.732892805011943
Latency: 0.7342594161164016
Latency: 0.7439122700598091
Latency: 0.7453318098559976
Latency: 0.7470511749852449
Latency: 0.7464637758675963
Latency: 0.7478805819991976
Latency: 0.7566002279054374
Latency: 0.7579596438445151
Latency: 0.7593965260311961
Latency: 0.7608277630060911
Latency: 0.7493467149324715
Latency: 0.7506849148776382
Latency: 0.7519111928995699
Latency: 0.753315367968753
Latency: 0.7547315838746727
Latency: 0.7561601258348674
Latency: 0.7575378839392215
Latency: 0.7664544847793877
Latency: 0.7662780131213367
Latency: 0.7754827570170164
Latency: 0.7534744448494166
Latency: 0.7548547610640526
Latency: 0.7176396390423179
Latency: 0.7190474318340421
Latency: 0.7204893659800291
Latency: 0.7218111041001976
Latency: 0.7231046170927584
Latency: 0.7245340989902616
Latency: 0.7259716859553009
Latency: 0.7274081129580736
Latency: 0.7288352509494871
Latency: 0.7302685738541186
Latency: 0.7316828549373895
Latency: 0.7327490749303252
Latency: 0.7428164558950812
Latency: 0.7071959800086915
Latency: 0.7085329149849713
Latency: 0.7099702698178589
Latency: 0.737334187142551
Latency: 0.7515152851119637
Latency: 0.7530067909974605
Latency: 0.6459187720902264
Latency: 0.645809767069295
Latency: 0.6137442789040506
Latency: 0.6152074451092631
Latency: 0.6165873759891838
Latency: 0.6180097060278058
Latency: 0.619398906826973
Latency: 0.610269112046808
Latency: 0.6116394009441137
Latency: 0.61307268217206
Latency: 0.6365035439375788
Latency: 0.6379648300353438
Latency: 0.6394149370025843
Latency: 0.5989474260713905
Latency: 0.601532774977386
Latency: 0.6029709579888731
Latency: 0.6272601860109717
Latency: 0.6285001549404114
Latency: 0.6307715680450201
Latency: 0.6320621119812131
Latency: 0.6332059509586543
Latency: 0.6345828978810459
Latency: 0.6354469510260969
Latency: 0.6368302458431572
Latency: 0.6382580720819533
Latency: 0.6395051199942827
Latency: 0.6393395829945803
Latency: 0.6505931541323662
Latency: 0.6371184859890491
Latency: 0.6385009011719376
Latency: 0.6398399330209941
Latency: 0.6381744029931724
Latency: 0.6395811159163713
Latency: 0.640914921881631
Latency: 0.642297969898209
Latency: 0.6437133671715856
Latency: 0.6451472891494632
Latency: 0.6465620920062065
Latency: 0.6480475761927664
Latency: 0.6427987390197814
Latency: 0.6441304150503129
Latency: 0.6475789891555905
Latency: 0.6488009919412434
Latency: 0.650205235928297
Latency: 0.6514878410380334
Latency: 0.654703148175031
Latency: 0.6561202520970255
Latency: 0.6542913948651403
Latency: 0.6633888990618289
Latency: 0.6647948590107262
Latency: 0.6662849828135222
Latency: 0.6676914270501584
Latency: 0.6690943918656558
Latency: 0.6827007071115077
Latency: 0.6841443150769919
Latency: 0.6855293808039278
Latency: 0.6869395461399108
Latency: 0.6883499941322953
Latency: 0.6897269538603723
Latency: 0.6911782240495086
Latency: 0.6925052769947797
Latency: 0.6939658450428396
Latency: 0.695376134943217
Latency: 0.6967809770721942
Latency: 0.6981905710417777
Latency: 0.6995955950114876
Latency: 0.7012401339598
Latency: 0.7026393068954349
Latency: 0.6934529219288379
Latency: 0.6948310411535203
Latency: 0.6961914098355919
Latency: 0.697564491070807
Latency: 0.698973362101242
Latency: 0.7003645580261946
Latency: 0.7017738088034093
Latency: 0.7031950298696756
Latency: 0.7045722999610007
Latency: 0.7059997820761055
Latency: 0.7137295638676733
Latency: 0.7151645740959793
Latency: 0.7165755541063845
Latency: 0.721149057848379
Latency: 0.7318946588784456
Latency: 0.7333304299972951
Latency: 0.7347308231983334
Latency: 0.7361674560233951
Latency: 0.7471862400416285
Latency: 0.748683474957943
Latency: 0.7383179177995771
Latency: 0.739708931883797
Latency: 0.7411534050479531
Latency: 0.7425823900848627
Latency: 0.7440147439483553
Latency: 0.7396432170644403
Latency: 0.7410983620211482
Latency: 0.7424635079223663
Latency: 0.7438677190802991
Latency: 0.7452711139339954
Latency: 0.7548742929939181
Latency: 0.7557544750161469
Latency: 0.7572561961133033
Latency: 0.76508868788369
Latency: 0.7664911020547152
Latency: 0.7679011209402233
Latency: 0.7151494170539081
Latency: 0.7164002601057291
Latency: 0.6880885269492865
Latency: 0.6894452341366559
Latency: 0.6908380938693881
Latency: 0.6920819680672139
Latency: 0.6934968810528517
Latency: 0.6949311508797109
Latency: 0.696346249897033
Latency: 0.6977571728639305
Latency: 0.6990345099475235
Latency: 0.7004617240745574
Latency: 0.7018914830405265
Latency: 0.7032985060941428
Latency: 0.7047504719812423
Latency: 0.7057478209026158
Latency: 0.7257565318141133
Latency: 0.725452862912789
Latency: 0.7251241242047399
Latency: 0.7305988078005612
Latency: 0.7310625850223005
Latency: 0.6596465439070016
Latency: 0.6406354999635369
Latency: 0.6641983489971608
Latency: 0.6453517251648009
Latency: 0.6463977310340852
Latency: 0.7133651049807668
Latency: 0.7147739238571376
Latency: 0.716142161982134
Latency: 0.7175404620356858
Latency: 0.7189589259214699
Latency: 0.7203947969246656
Latency: 0.7217927009332925
Latency: 0.7231573071330786
Latency: 0.6901518718805164
Latency: 0.6914838771335781
Latency: 0.6928501329384744
Latency: 0.671721912920475
Latency: 0.6730434230994433
Latency: 0.6739786630496383
Latency: 0.6316788229160011
Latency: 0.6324891969561577
Latency: 0.6338945559691638
Latency: 0.635215420043096
Latency: 0.6366088269278407
Latency: 0.6375829179305583
Latency: 0.638962967088446
Latency: 0.6403343579731882
Latency: 0.6416936391033232
Latency: 0.643121181987226
Latency: 0.6655024299398065
Latency: 0.6338783330284059
Latency: 0.632543426938355
Latency: 0.6338859999086708
Latency: 0.6352331389207393
Latency: 0.6365812041331083
Latency: 0.6380077158100903
Latency: 0.6393712069839239
Latency: 0.640777753200382
Latency: 0.6421833399217576
Latency: 0.6435598339885473
Latency: 0.6449760789982975
Latency: 0.6443957700394094
Latency: 0.6457425239495933
Latency: 0.6469830970745534
Latency: 0.6478118260856718
Latency: 0.6492023898754269
Latency: 0.6462306289467961
Latency: 0.6476105831097811
Latency: 0.6489364088047296
Latency: 0.6509430247824639
Latency: 0.6524204509332776
Latency: 0.6537868781015277
Latency: 0.6551349840592593
Latency: 0.6565743861719966
Latency: 0.657908882945776
Latency: 0.6593382288701832
Latency: 0.6607295800931752
Latency: 0.6617029849439859
Latency: 0.6630538830067962
Latency: 0.664412465179339
Latency: 0.6657996701542288
Latency: 0.6671476180199534
Latency: 0.6685116922017187
Latency: 0.6981787709519267
Latency: 0.699575254926458
Latency: 0.7009244100190699
Latency: 0.7023120850790292
Latency: 0.703360685845837
Latency: 0.7059582869987935
Latency: 0.707343959948048
Latency: 0.708726956974715
Latency: 0.7101123700849712
Latency: 0.711510585155338
Latency: 0.6966057040262967
Latency: 0.698112711077556
Latency: 0.6995107149705291
Latency: 0.6981874569319189
Latency: 0.6995798270218074
Latency: 0.7137855540495366
Latency: 0.7151584441307932
Latency: 0.7166043031029403
Latency: 0.7096842448227108
Latency: 0.7109756621066481
Latency: 0.7124157620128244
Latency: 0.713806709041819
Latency: 0.7149368550162762
Latency: 0.7163070761598647
Latency: 0.7176790181547403
Latency: 0.7190546300262213
Latency: 0.7071973558049649
Latency: 0.7085136789828539
Latency: 0.7098854859359562
Latency: 0.7112808148376644
Latency: 0.7126392561476678
Latency: 0.7140025671105832
Latency: 0.7154054818674922
Latency: 0.7168075358495116
Latency: 0.7181093839462847
Latency: 0.7198338299058378
Latency: 0.7212827990297228
Latency: 0.7226956998929381
Latency: 0.7636614239308983
Latency: 0.7638084541540593
Latency: 0.7652504779398441
Latency: 0.6620556621346623
Latency: 0.661590632982552
Latency: 0.6613176660612226
Latency: 0.6613467400893569
Latency: 0.6626931941136718
Latency: 0.6640251120552421
Latency: 0.6652052488643676
Latency: 0.6665007439441979
Latency: 0.6678997359704226
Latency: 0.6690730629488826
Latency: 0.6704438359010965
Latency: 0.6719045380596071
Latency: 0.6732688657939434
Latency: 0.6747185450512916
Latency: 0.6761004340369254
Latency: 0.677500267047435
Latency: 0.6789198978804052
Latency: 0.6802800979930907
Latency: 0.6816942570731044
Latency: 0.6778830690309405
Latency: 0.6861794828437269
Latency: 0.687519412022084
Latency: 0.6889228881336749
Latency: 0.6900328581687063
Latency: 0.6611104819457978
Latency: 0.7148727020248771
Latency: 0.7164616740774363
Latency: 0.738158234860748
Latency: 0.7208612149115652
Latency: 0.6422619700897485
Latency: 0.6419350230135024
Latency: 0.6416735409293324
Latency: 0.6426434440072626
Latency: 0.643993214936927
Latency: 0.6452843048609793
Latency: 0.646578149870038
Latency: 0.6479362628888339
Latency: 0.6497640118468553
Latency: 0.6511402959004045
Latency: 0.652696946868673
Latency: 0.6083934300113469
Latency: 0.6098066710401326
Latency: 0.6112144030630589
Latency: 0.6125388748478144
Latency: 0.6133067631162703
Latency: 0.6145490978378803
Latency: 0.6159813979174942
Latency: 0.6173496791161597
Latency: 0.6187677090056241
Latency: 0.6201473081018776
Latency: 0.6215234249830246
Latency: 0.6229096909519285
Latency: 0.6242494729813188
Latency: 0.6189725620206445
Latency: 0.6177828828804195
Latency: 0.627379504032433
Latency: 0.6288078429643065
Latency: 0.6303046429529786
Latency: 0.6040408480912447
Latency: 0.6054190900176764
Latency: 0.6060437129344791
Latency: 0.6066800560802221
Latency: 0.6080277729779482
Latency: 0.6094363799784333
Latency: 0.6108201511669904
Latency: 0.6114120918791741
Latency: 0.613154883030802
Latency: 0.6145735369063914
Latency: 0.6159601169638336
Latency: 0.6173450120259076
Latency: 0.6178845011163503
Latency: 0.6192481890320778
Latency: 0.6206374939065427
Latency: 0.6851457569282502
Latency: 0.6865484658628702
Latency: 0.6878902381286025
Latency: 0.6893057250417769
Latency: 0.6907086719293147
Latency: 0.6918642220553011
Latency: 0.6932702099438757
Latency: 0.6489483839832246
Latency: 0.6499349030200392
Latency: 0.6509759810287505
Latency: 0.6519012730568647
Latency: 0.6532164879608899
Latency: 0.6542510620784014
Latency: 0.6558095579966903
Latency: 0.6685336779337376
Latency: 0.6600500801578164
Latency: 0.661444823956117
Latency: 0.662829902023077
Latency: 0.6642261419910938
Latency: 0.6656317941378802
Latency: 0.6660622679628432
Latency: 0.6674350390676409
Latency: 0.6734294379130006
Latency: 0.6748266378417611
Latency: 0.6788726099766791
Latency: 0.6802181720267981
Latency: 0.6815811209380627
Latency: 0.6830538350623101
Latency: 0.7522201398387551
Latency: 0.7471993069630116
Latency: 0.7565023188944906
Latency: 0.7578783920034766
Latency: 0.7593171489425004
Latency: 0.7607423008885235
Latency: 0.7621089410968125
Latency: 0.7634711938444525
Latency: 0.7648032680153847
Latency: 0.7661684670019895
Latency: 0.7675362310837954
Latency: 0.7689059290569276
Latency: 0.770269043976441
Latency: 0.7716211769729853
Latency: 0.7729680000338703
Latency: 0.7725834839511663
Latency: 0.7738989659119397
Latency: 0.7752727509941906
Latency: 0.7766070619691163
Latency: 0.7779212750028819
Latency: 0.7792509580031037
Latency: 0.7806673250161111
Latency: 0.8008764840196818
Latency: 0.8014318221248686
Latency: 0.7183680990710855
Latency: 0.7195882850792259
Latency: 0.7208791160956025
Latency: 0.6723695448599756
Latency: 0.6735704820603132
Latency: 0.6748763220384717
Latency: 0.6762331021018326
Latency: 0.6776172858662903
Latency: 0.6789980069734156
Latency: 0.6803668630309403
Latency: 0.6817799301352352
Latency: 0.6828975221142173
Latency: 0.6842939639464021
Latency: 0.6856349539011717
Latency: 0.6870267959311604
Latency: 0.6884046390186995
Latency: 0.6897801000159234
Latency: 0.6911558019928634
Latency: 0.692555874818936
Latency: 0.693936541909352
Latency: 0.695271432865411
Latency: 0.6970200098585337
Latency: 0.7050565299578011
Latency: 0.7062548389658332
Latency: 0.7080516149289906
Latency: 0.7094508949667215
Latency: 0.71090098307468
Latency: 0.7024431659374386
Latency: 0.6609914030414075
Latency: 0.660686946939677
Latency: 0.6603727929759771
Latency: 0.6609587371349335
Latency: 0.6149986470118165
Latency: 0.616369886090979
Latency: 0.61774443811737
Latency: 0.6191053101792932
Latency: 0.6204894098918885
Latency: 0.6218627199996263
Latency: 0.6232428390067071
Latency: 0.6246594449039549
Latency: 0.6612891950644553
Latency: 0.6626626569777727
Latency: 0.6640496689360589
Latency: 0.5356832249090075
Latency: 0.5367776369675994
Latency: 0.5382073679938912
Latency: 0.5398207169491798
Latency: 0.541177302133292
Latency: 0.5425386431161314
Latency: 0.5439053270965815
Latency: 0.5674858330748975
Latency: 0.5689017111435533
Latency: 0.5702589671127498
Latency: 0.571634158026427
Latency: 0.5729972140397877
Latency: 0.5743795479647815
Latency: 0.5757417809218168
Latency: 0.577112881001085
Latency: 0.5733474439475685
Latency: 0.5747221161145717
Latency: 0.5884029809385538
Latency: 0.5494604620616883
Latency: 0.5506547552067786
Latency: 0.5517383760306984
Latency: 0.5526825268752873
Latency: 0.5404751051682979
Latency: 0.541806026129052
Latency: 0.6113966461271048
Latency: 0.6129641539882869
Latency: 0.6142939180135727
Latency: 0.6149728731252253
Latency: 0.6163060849066824
Latency: 0.6176552849356085
Latency: 0.6189901779871434
Latency: 0.6305730708409101
Latency: 0.6319102379493415
Latency: 0.6325627400074154
Latency: 0.6338309550192207
Latency: 0.635237448848784
Latency: 0.6340719219297171
Latency: 0.6354211468715221
Latency: 0.631125379120931
Latency: 0.632526766974479
Latency: 0.6339120590128005
Latency: 0.6353014681953937
Latency: 0.6545604970306158
Latency: 0.6561047651339322
Latency: 0.6575319250114262
Latency: 0.6588835469447076
Latency: 0.6602964939083904
Latency: 0.6631004170048982
Latency: 0.6644689440727234
Latency: 0.6658622091636062
Latency: 0.66726771206595
Latency: 0.6685500300955027
Latency: 0.6700289221480489
Latency: 0.6714107419829816
Latency: 0.6728180849459022
Latency: 0.6742126699537039
Latency: 0.7054428411647677
Latency: 0.6998492109123617
Latency: 0.6999000681098551
Latency: 0.7012616419233382
Latency: 0.7026235370431095
Latency: 0.703769417013973
Latency: 0.7050780248828232
Latency: 0.6913965810090303
Latency: 0.6926940421108156
Latency: 0.6938259729649872
Latency: 0.6951997969299555
Latency: 0.6965855630114675
Latency: 0.6979490488301963
Latency: 0.6993114540819079
Latency: 0.7007334760855883
Latency: 0.7018716668244451
Latency: 0.7032808389049023
Latency: 0.7047528049442917
Latency: 0.706535629928112
Latency: 0.7080696690827608
Latency: 0.709333460079506
Latency: 0.7107333529274911
Latency: 0.7121412840206176
Latency: 0.7135345879942179
Latency: 0.7149456420447677
Latency: 0.7242874049115926
Latency: 0.7254496419336647
Latency: 0.7041397439315915
Latency: 0.705429102992639
Latency: 0.7068017420824617
Latency: 0.7080059659201652
Latency: 0.7093857799191028
Latency: 0.7107770349830389
Latency: 0.7121831551194191
Latency: 0.7135986718349159
Latency: 0.7147898059338331
Latency: 0.7162005819845945
Latency: 0.7175826239399612
Latency: 0.719008251093328
Latency: 0.7204208329785615
Latency: 0.7214315210003406
Latency: 0.7228066308889538
Latency: 0.7242981027811766
Latency: 0.7257541930302978
Latency: 0.7270872150547802
Latency: 0.7284919528756291
Latency: 0.7299230548087507
Latency: 0.7313070900272578
Latency: 0.7327145650051534
Latency: 0.7341321669518948
Latency: 0.7345576910302043
Latency: 0.7516913448926061
Latency: 0.7513871870469302
Latency: 0.7513235509395599
Latency: 0.7512887131888419
Latency: 0.7512256149202585
Latency: 0.6805907159578055
Latency: 0.6246014218777418
Latency: 0.6260364388581365
Latency: 0.6272962361108512
Latency: 0.6286997799761593
Latency: 0.6300968141295016
Latency: 0.6313991521019489
Latency: 0.6327738780528307
Latency: 0.6341815060004592
Latency: 0.6355920329224318
Latency: 0.6367283118888736
Latency: 0.6690311869606376
Latency: 0.6705864442046732
Latency: 0.6864194050431252
Latency: 0.6877469040919095
Latency: 0.6891649989411235
Latency: 0.6647327889222652
Latency: 0.6660696321632713
Latency: 0.6674143539275974
Latency: 0.6688006371259689
Latency: 0.6701735549140722
Latency: 0.6715327228885144
Latency: 0.6729193280916661
Latency: 0.628175534075126
Latency: 0.6200291030108929
Latency: 0.6213713269680738
Latency: 0.622690558899194
Latency: 0.6240059789270163
Latency: 0.6254221948329359
Latency: 0.6382726789452136
Latency: 0.639582997886464
Latency: 0.6409712270833552
Latency: 0.6423469330184162
Latency: 0.6437212759628892
Latency: 0.6451302750501782
Latency: 0.663754889043048
Latency: 0.6651851958595216
Latency: 0.6665652759838849
Latency: 0.6626330660656095
Latency: 0.669744340935722
Latency: 0.6194459542166442
Latency: 0.6207691680174321
Latency: 0.6221017921343446
Latency: 0.6232058699242771
Latency: 0.6245838250033557
Latency: 0.625430952059105
Latency: 0.6235973900184035
Latency: 0.6249331601429731
Latency: 0.6263087110128254
Latency: 0.62771634478122
Latency: 0.6291048070415854
Latency: 0.6304491888731718
Latency: 0.6318886850494891
Latency: 0.6332590840756893
Latency: 0.6346250069327652
Latency: 0.6357431709766388
Latency: 0.6370943859219551
Latency: 0.6384844288695604
Latency: 0.639055019011721
Latency: 0.6404350809752941
Latency: 0.6640233581420034
Latency: 0.6653028118889779
Latency: 0.6619603149592876
Latency: 0.6756630328018218
Latency: 0.676954269874841
Latency: 0.6784417249727994
Latency: 0.6835861529689282
Latency: 0.6849488720763475
Latency: 0.6863594560418278
Latency: 0.6877700921613723
Latency: 0.6891917299944907
Latency: 0.6906224640551955
Latency: 0.6986544989049435
Latency: 0.6998291600029916
Latency: 0.7012631760444492
Latency: 0.7026064759120345
Latency: 0.7039920249953866
Latency: 0.7052331059239805
Latency: 0.7066252629738301
Latency: 0.7080160118639469
Latency: 0.709425853099674
Latency: 0.7108206569682807
Latency: 0.7122176140546799
Latency: 0.7134285119827837
Latency: 0.7148046439979225
Latency: 0.7161680681165308
Latency: 0.7175657781772316
Latency: 0.7190544190816581
Latency: 0.7198472740128636
Latency: 0.7213284040335566
Latency: 0.7226911690086126
Latency: 0.7240849421359599
Latency: 0.7254671519622207
Latency: 0.7287050418090075
Latency: 0.7464545790571719
Latency: 0.7461534179747105
Latency: 0.7458224589936435
Latency: 0.7446807459928095
Latency: 0.7446009139530361
Latency: 0.7049451910424978
Latency: 0.7060044708196074
Latency: 0.7071368610486388
Latency: 0.7082177409902215
Latency: 0.7095757708884776
Latency: 0.7106399768963456
Latency: 0.7120157619938254
Latency: 0.7129984318744391
Latency: 0.714382859878242
Latency: 0.7157872801180929
Latency: 0.716662100981921
Latency: 0.7180542182177305
Latency: 0.7194207420106977
Latency: 0.7208053739741445
Latency: 0.7216042820364237
Latency: 0.7230163489002734
Latency: 0.7244336889125407
Latency: 0.725944055011496
Latency: 0.7273863640148193
Latency: 0.7282853010110557
Latency: 0.7296646570321172
Latency: 0.7310523039195687
Latency: 0.7324491331819445
Latency: 0.7338097121100873
Latency: 0.7238062331452966
Latency: 0.7234370841179043
Latency: 0.7230511959642172
Latency: 0.7228672429919243
Latency: 0.7225940190255642
Latency: 0.6520653138868511
Latency: 0.6276146459858865
Latency: 0.6273500099778175
Latency: 0.650395190808922
Latency: 0.6516291459556669
Latency: 0.6530802811030298
Latency: 0.6544778030365705
Latency: 0.6559264550451189
Latency: 0.6573885190300643
Latency: 0.7005173300858587
Latency: 0.7019192900042981
Latency: 0.6689168738666922
Latency: 0.6702594291418791
Latency: 0.6362024480476975
Latency: 0.6375510350335389
Latency: 0.6389418488834053
Latency: 0.62608877196908
Latency: 0.6274240810889751
Latency: 0.6287970289122313
Latency: 0.6298086119350046
Latency: 0.6311882231384516
Latency: 0.6284660832025111
Latency: 0.629793789004907
Latency: 0.6311586208175868
Latency: 0.632563843857497
Latency: 0.633940182859078
Latency: 0.6353642072062939
Latency: 0.6367061180062592
Latency: 0.6380475189071149
Latency: 0.6394265361595899
Latency: 0.6408787430264056
Latency: 0.6422946860548109
Latency: 0.64364431402646
Latency: 0.6450350240338594
Latency: 0.6467589919921011
Latency: 0.6671345441136509
Latency: 0.6685711520258337
Latency: 0.6699692660477012
Latency: 0.6713335339445621
Latency: 0.6354563839267939
Latency: 0.636782611021772
Latency: 0.6382598348427564
Latency: 0.6424850397743285
Latency: 0.6408522119745612
Latency: 0.6423301219474524
Latency: 0.6436830069869757
Latency: 0.6450818800367415
Latency: 0.6464809249155223
Latency: 0.6478515029884875
Latency: 0.6492520179599524
Latency: 0.6506297329906374
Latency: 0.6520575638860464
Latency: 0.6532564179506153
Latency: 0.6546890209428966
Latency: 0.6564620858989656
Latency: 0.6579206599853933
Latency: 0.6593519649468362
Latency: 0.6607441280502826
Latency: 0.662157418904826
Latency: 0.6635787449777126
Latency: 0.6649761740118265
Latency: 0.6664183191023767
Latency: 0.6664677469525486
Latency: 0.6680823359638453
Latency: 0.6694321078248322
Latency: 0.6708457609638572
Latency: 0.6931334331165999
Latency: 0.68448631092906
Latency: 0.6858775380533189
Latency: 0.7040641519706696
Latency: 0.7054550868924707
Latency: 0.7069089598953724
Latency: 0.6977464570663869
Latency: 0.6991252980660647
Latency: 0.7005185841117054
Latency: 0.7018749141134322
Latency: 0.7033108789473772
Latency: 0.7043040979187936
Latency: 0.705697035882622
Latency: 0.7070632600225508
Latency: 0.7084492999128997
Latency: 0.7098455640953034
Latency: 0.7112566041760147
Latency: 0.7127054419834167
Latency: 0.7141250830609351
Latency: 0.715539573924616
Latency: 0.7169994032010436
Latency: 0.7184140589088202
Latency: 0.7199990982189775
Latency: 0.7330657730344683
Latency: 0.73451803997159
Latency: 0.7560862379614264
Latency: 0.7556658471003175
Latency: 0.7588490881025791
Latency: 0.7050841618329287
Latency: 0.7062494670972228
Latency: 0.707550223916769
Latency: 0.7089214178267866
Latency: 0.7101237589959055
Latency: 0.7115167039446533
Latency: 0.7129034141544253
Latency: 0.7142638468649238
Latency: 0.7153382180258632
Latency: 0.7167598169762641
Latency: 0.718144231941551
Latency: 0.7195307270158082
Latency: 0.7209511469118297
Latency: 0.7223884968552738
Latency: 0.7238401609938592
Latency: 0.7252397299744189
Latency: 0.7266514990478754
Latency: 0.7276857711840421
Latency: 0.7290246088523418
Latency: 0.7305461058858782
Latency: 0.731905970023945
Latency: 0.7334125849884003
Latency: 0.7348235747776926
Latency: 0.7362425960600376
Latency: 0.7380713410675526
Latency: 0.7394848538096994
Latency: 0.7408986440859735
Latency: 0.7619916368275881
Latency: 0.7625233179423958
Latency: 0.762210147920996
Latency: 0.7623607108835131
Latency: 0.7607346079312265
Latency: 0.7614783111494035
Latency: 0.7611541969235986
Latency: 0.683011514833197
Latency: 0.6844210179988295
Latency: 0.6857179449871182
Latency: 0.6517199091613293
Latency: 0.6528970280196518
Latency: 0.6542791391257197
Latency: 0.6590933091938496
Latency: 0.6603335940744728
Latency: 0.695195929845795
Latency: 0.6706798968371004
Latency: 0.6720510700251907
Latency: 0.7051589449401945
Latency: 0.7066108230501413
Latency: 0.6110274840611964
Latency: 0.6122618250083178
Latency: 0.6135730550158769
Latency: 0.6446380720008165
Latency: 0.646020419197157
Latency: 0.6473431130871177
Latency: 0.6477073170244694
Latency: 0.649093315936625
Latency: 0.6504683019593358
Latency: 0.6518403410445899
Latency: 0.6532082839403301
Latency: 0.6545916490722448
Latency: 0.6559644290246069
Latency: 0.6573437459301203
Latency: 0.6587457340210676
Latency: 0.6601437388453633
Latency: 0.6612405041232705
Latency: 0.6625906489789486
Latency: 0.664002750068903
Latency: 0.6766113650519401
Latency: 0.678007563110441
Latency: 0.6795051859226078
Latency: 0.6951506012119353
Latency: 0.6965499049983919
Latency: 0.6979589650873095
Latency: 0.6993358551990241
Latency: 0.6472890910226852
Latency: 0.6486650600563735
Latency: 0.650017186999321
Latency: 0.65021429117769
Latency: 0.6515718069858849
Latency: 0.6529574349988252
Latency: 0.6543420441448689
Latency: 0.6557204371783882
Latency: 0.6570868229027838
Latency: 0.6586574679240584
Latency: 0.6595910910982639
Latency: 0.6609740001149476
Latency: 0.6623821789398789
Latency: 0.6638260849285871
Latency: 0.6652146601118147
Latency: 0.6665868959389627
Latency: 0.6762433389667422
Latency: 0.6773377470672131
Latency: 0.6787032589782029
Latency: 0.6801147849764675
Latency: 0.697400710079819
Latency: 0.6988174358848482
Latency: 0.7002294161356986
Latency: 0.7009042331483215
Latency: 0.7022635790053755
Latency: 0.7036409780848771
Latency: 0.7050177459605038
Latency: 0.706437581917271
Latency: 0.6972153999377042
Latency: 0.6986334221437573
Latency: 0.6985436838585883
Latency: 0.6999023149255663
Latency: 0.7011248930357397
Latency: 0.7025043880566955
Latency: 0.7038979660719633
Latency: 0.7053124378435314
Latency: 0.7062531209085137
Latency: 0.7080931491218507
Latency: 0.7094734429847449
Latency: 0.7108942030463368
Latency: 0.7123102750629187
Latency: 0.7137257622089237
Latency: 0.7151084369979799
Latency: 0.7165279758628458
Latency: 0.7299735608976334
Latency: 0.7314023138023913
Latency: 0.7327893129549921
Latency: 0.7460036780685186
Latency: 0.7474464857950807
Latency: 0.7489697521086782
Latency: 0.718351170886308
Latency: 0.7356239140499383
Latency: 0.718519960064441
Latency: 0.718142150901258
Latency: 0.721530320122838
Latency: 0.7075624570716172
Latency: 0.7083921968005598
Latency: 0.7096570809371769
Latency: 0.7109665211755782
Latency: 0.7123982990160584
Latency: 0.7138177149463445
Latency: 0.7150557809509337
Latency: 0.7164337658323348
Latency: 0.7178459449205548
Latency: 0.7192229451611638
Latency: 0.720643482170999
Latency: 0.7220518230460584
Latency: 0.7235815769527107
Latency: 0.7245772299356759
Latency: 0.7259473940357566
Latency: 0.7273600490298122
Latency: 0.7287627779878676
Latency: 0.7301477731671184
Latency: 0.731532784178853
Latency: 0.7333042111713439
Latency: 0.7346884550061077
Latency: 0.7488661301322281
Latency: 0.7480508419685066
Latency: 0.747860873118043
Latency: 0.7477582721039653
Latency: 0.755289755994454
Latency: 0.7567124450579286
Latency: 0.7318364009261131
Latency: 0.733244732953608
Latency: 0.7346823550760746
Latency: 0.7361211888492107
Latency: 0.737594906007871
Latency: 0.7692592469975352
Latency: 0.7690236810594797
Latency: 0.7177774040028453
Latency: 0.7190675041638315
Latency: 0.7205246000085026
Latency: 0.7218593959696591
Latency: 0.7232621519360691
Latency: 0.7246496931184083
Latency: 0.726031448924914
Latency: 0.7273792969062924
Latency: 0.730372411897406
Latency: 0.6004759760107845
Latency: 0.6018769380170852
Latency: 0.595866397023201
Latency: 0.5973013369366527
Latency: 0.5986112060490996
Latency: 0.5997468868736178
Latency: 0.6011522561311722
Latency: 0.6332329649012536
Latency: 0.6348308299202472
Latency: 0.6362688338849694
Latency: 0.6376544530503452
Latency: 0.6386158929672092
Latency: 0.6399744520895183
Latency: 0.6413699509575963
Latency: 0.6427785200066864
Latency: 0.6441265260800719
Latency: 0.6555550589691848
Latency: 0.655263447901234
Latency: 0.6566888731904328
Latency: 0.6580418159719557
Latency: 0.6811054449062794
Latency: 0.6824670929927379
Latency: 0.6838373320642859
Latency: 0.6793159430380911
Latency: 0.6807249700650573
Latency: 0.6820555520243943
Latency: 0.6450404049828649
Latency: 0.6462385060731322
Latency: 0.6475549868773669
Latency: 0.648765621939674
Latency: 0.6501420850399882
Latency: 0.6515463020186871
Latency: 0.6529421948362142
Latency: 0.6539918789640069
Latency: 0.6553835158701986
Latency: 0.6567494319751859
Latency: 0.6581437920685858
Latency: 0.6584935470018536
Latency: 0.6603279230184853
Latency: 0.6618022269103676
Latency: 0.6632623139303178
Latency: 0.6833084020763636
Latency: 0.6846991970669478
Latency: 0.6853680780623108
Latency: 0.6867611119523644
Latency: 0.6963573549874127
Latency: 0.6938132571522146
Latency: 0.6952654649503529
Latency: 0.6966599558945745
Latency: 0.6980604950804263
Latency: 0.7055586960632354
Latency: 0.7070109362248331
Latency: 0.7080979878082871
Latency: 0.709547168109566
Latency: 0.7109485291875899
Latency: 0.7117851069197059
Latency: 0.7131618401035666
Latency: 0.7144949929788709
Latency: 0.7159955268725753
Latency: 0.7167568919248879
Latency: 0.7181452380027622
Latency: 0.7195404609665275
Latency: 0.723860268946737
Latency: 0.7253567669540644
Latency: 0.7258527718950063
Latency: 0.727263554930687
Latency: 0.728656108956784
Latency: 0.7300319040659815
Latency: 0.7314135460183024
Latency: 0.7328307679854333
Latency: 0.7332755769602954
Latency: 0.7346492698416114
Latency: 0.7360546020790935
Latency: 0.7374305038247257
Latency: 0.7349966431502253
Latency: 0.7352221941109747
Latency: 0.7365588110405952
Latency: 0.7363630549516529
Latency: 0.7377179090399295
Latency: 0.739088699920103
Latency: 0.7493118280544877
Latency: 0.7260363148525357
Latency: 0.7272553788498044
Latency: 0.7280662229750305
Latency: 0.6980704730376601
Latency: 0.6993587790057063
Latency: 0.7004366251640022
Latency: 0.7017188619356602
Latency: 0.7031857899855822
Latency: 0.7045877159107476
Latency: 0.7059694449417293
Latency: 0.707347024930641
Latency: 0.7087354389950633
Latency: 0.7101563131436706
Latency: 0.7115724389441311
Latency: 0.71281245094724
Latency: 0.714261885965243
Latency: 0.7156620849855244
Latency: 0.7170306739863008
Latency: 0.718501805095002
Latency: 0.7198879308998585
Latency: 0.7212886149063706
Latency: 0.7226445239502937
Latency: 0.723977783927694
Latency: 0.7254245630465448
Latency: 0.7444425891153514
Latency: 0.7441242090426385
Latency: 0.7447035240475088
Latency: 0.744346764869988
Latency: 0.7442148751579225
Latency: 0.7374175779987127
Latency: 0.7387779341079295
Latency: 0.7401558870915323
Latency: 0.7414720959495753
Latency: 0.7429303489625454
Latency: 0.744329582201317
Latency: 0.753873934969306
Latency: 0.7505507511086762
Latency: 0.7502471141051501
Latency: 0.6091263359412551
Latency: 0.609471095027402
Latency: 0.6096675919834524
Latency: 0.6095016789622605
Latency: 0.6106317830272019
Latency: 0.6121060349978507
Latency: 0.627531873062253
Latency: 0.627382145030424
Latency: 0.5958707090467215
Latency: 0.5972095250617713
Latency: 0.5985672899987549
Latency: 0.594568190863356
Latency: 0.5958552870433778
Latency: 0.5972115709446371
Latency: 0.5985719189047813
Latency: 0.599970648996532
Latency: 0.6162428811658174
Latency: 0.6176529941149056
Latency: 0.6191399721428752
Latency: 0.6202581920661032
Latency: 0.6216809849720448
Latency: 0.6230308250524104
Latency: 0.624456366058439
Latency: 0.6258322859648615
Latency: 0.6272313001099974
Latency: 0.670094575965777
Latency: 0.6714916480705142
Latency: 0.6742473549675196
Latency: 0.6747324110474437
Latency: 0.6570671950466931
Latency: 0.6583909031469375
Latency: 0.6596534680575132
Latency: 0.6608999948948622
Latency: 0.662257316056639
Latency: 0.6636968140956014
Latency: 0.6616917171049863
Latency: 0.6630519770551473
Latency: 0.6644280371256173
Latency: 0.665800052927807
Latency: 0.6672401030082256
Latency: 0.6686251410283148
Latency: 0.6700023969169706
Latency: 0.6709914361126721
Latency: 0.6723116459324956
Latency: 0.6736642529722303
Latency: 0.6750652999617159
Latency: 0.6764559848234057
Latency: 0.6778479290660471
Latency: 0.6792475529946387
Latency: 0.680664197076112
Latency: 0.6789779390674084
Latency: 0.6795530959498137
Latency: 0.6809487859718502
Latency: 0.6823432240635157
Latency: 0.6810632948763669
Latency: 0.6840973470825702
Latency: 0.6854493641294539
Latency: 0.6979827301111072
Latency: 0.699438523966819
Latency: 0.6746960550080985
Latency: 0.6754686220083386
Latency: 0.6768626340199262
Latency: 0.6782327520195395
Latency: 0.6795713230967522
Latency: 0.6810610659886152
Latency: 0.6824466828256845
Latency: 0.6836368639487773
Latency: 0.6850259490311146
Latency: 0.6867593440692872
Latency: 0.6881990479305387
Latency: 0.6896095140837133
Latency: 0.6910110560711473
Latency: 0.6923657401930541
Latency: 0.6937739390414208
Latency: 0.6951986199710518
Latency: 0.6965724569745362
Latency: 0.6979758010711521
Latency: 0.7078196529764682
Latency: 0.7072545001283288
Latency: 0.708532596938312
Latency: 0.7099828161299229
Latency: 0.7113534309901297
Latency: 0.7128289979882538
Latency: 0.7142875811550766
Latency: 0.7179098471533507
Latency: 0.7237924220971763
Latency: 0.725154273910448
Latency: 0.7265441999770701
Latency: 0.7280340418219566
Latency: 0.724496210925281
Latency: 0.7149302270263433
Latency: 0.716235440922901
Latency: 0.7175274637993425
Latency: 0.7189725509379059
Latency: 0.7203458989970386
Latency: 0.7216075980104506
Latency: 0.7230111469980329
Latency: 0.7244320542085916
Latency: 0.7261679410003126
Latency: 0.7272461149841547
Latency: 0.7285999529995024
Latency: 0.7300068931654096
Latency: 0.7313574620056897
Latency: 0.7328086229972541
Latency: 0.7342315090354532
Latency: 0.7435137769207358
Latency: 0.7442650541197509
Latency: 0.7456271939445287
Latency: 0.7470396999269724
Latency: 0.7484478240367025
Latency: 0.7561358991079032
Latency: 0.7575527559965849
Latency: 0.7590376648586243
Latency: 0.7599315929692239
Latency: 0.709022929193452
Latency: 0.7104779661167413
Latency: 0.7116901171393692
Latency: 0.7131789207924157
Latency: 0.7145643460098654
Latency: 0.7259172559715807
Latency: 0.7253861362114549
Latency: 0.7270290330052376
Latency: 0.7274444550275803
Latency: 0.7309788551647216
Latency: 0.746669485932216
Latency: 0.7465807788539678
Latency: 0.6057516089640558
Latency: 0.6053857279475778
Latency: 0.5802441060077399
Latency: 0.5803129312116653
Latency: 0.5820717420428991
Latency: 0.5834406230133027
Latency: 0.5848293339367956
Latency: 0.5861921210307628
Latency: 0.5873381088022143
Latency: 0.5886893980205059
Latency: 0.7030738098546863
Latency: 0.7045499428641051
Latency: 0.7058721189387143
Latency: 0.7027416070923209
Latency: 0.7041406619828194
Latency: 0.7054910021834075
Latency: 0.7068562610074878
Latency: 0.7082544239237905
Latency: 0.6591732900124043
Latency: 0.6605765980202705
Latency: 0.661902106134221
Latency: 0.6632322010118514
Latency: 0.6642656431067735
Latency: 0.6656522720586509
Latency: 0.6669995430856943
Latency: 0.6858474600594491
Latency: 0.6246790771838278
Latency: 0.6260856059379876
Latency: 0.6948327990248799
Latency: 0.6521166937891394
Latency: 0.6535066899377853
Latency: 0.6220203770790249
Latency: 0.62333581619896
Latency: 0.6244577458128333
Latency: 0.6259001358412206
Latency: 0.6272755151148885
Latency: 0.6283192439004779
Latency: 0.6296829769853503
Latency: 0.6310823129024357
Latency: 0.6324668428860605
Latency: 0.6338912909850478
Latency: 0.6345055259298533
Latency: 0.6358865899965167
Latency: 0.6372552369721234
Latency: 0.6386862969957292
Latency: 0.640056564938277
Latency: 0.6414345540106297
Latency: 0.6428505221847445
Latency: 0.6442473791539669
Latency: 0.6426545269787312
Latency: 0.6440560889896005
Latency: 0.6454126050230116
Latency: 0.6468052898999304
Latency: 0.6464646069798619
Latency: 0.6478263561148196
Latency: 0.6491968620102853
Latency: 0.6506029991433024
Latency: 0.6523850120138377
Latency: 0.6917477881070226
Latency: 0.6928978899959475
Latency: 0.6943797771818936
Latency: 0.6898605129681528
Latency: 0.6912956710439175
Latency: 0.6926635031122714
Latency: 0.6940004888456315
Latency: 0.6954796628560871
Latency: 0.6968548928853124
Latency: 0.6982648321427405
Latency: 0.6996342521160841
Latency: 0.7009982990566641
Latency: 0.7024081880226731
Latency: 0.7037648360710591
Latency: 0.7051789909601212
Latency: 0.7058445380534977
Latency: 0.7072734769899398
Latency: 0.7086377697996795
Latency: 0.7100183910224587
Latency: 0.7115809130482376
Latency: 0.7130267389584333
Latency: 0.7074476359412074
Latency: 0.7087998199276626
Latency: 0.7101889378391206
Latency: 0.711533805122599
Latency: 0.7129080470185727
Latency: 0.7143069368321449
Latency: 0.7156722859945148
Latency: 0.7240473709534854
Latency: 0.7217867439612746
Latency: 0.7231226288713515
Latency: 0.7242646599188447
Latency: 0.7256715190596879
Latency: 0.7270837298128754
Latency: 0.7282354969065636
Latency: 0.7296241349540651
Latency: 0.7310132160782814
Latency: 0.7318769528064877
Latency: 0.7332326220348477
Latency: 0.7346185389906168
Latency: 0.7360019218176603
Latency: 0.7366044360678643
Latency: 0.737990687135607
Latency: 0.7393694180063903
Latency: 0.7407728109974414
Latency: 0.7421583391260356
Latency: 0.7427240340039134
Latency: 0.7440872939769179
Latency: 0.750433883164078
Latency: 0.7510772540699691
Latency: 0.7515766890719533
Latency: 0.7529371848795563
Latency: 0.754351943032816
Latency: 0.7557343409862369
Latency: 0.7396441930904984
Latency: 0.7409740278963
Latency: 0.7496394459158182
Latency: 0.7510459541808814
Latency: 0.7524511979427189
Latency: 0.753868164960295
Latency: 0.7552668999414891
Latency: 0.7564704138785601
Latency: 0.757804413093254
Latency: 0.621695423964411
Latency: 0.6248520300723612
Latency: 0.6444007330574095
Latency: 0.6447167389560491
Latency: 0.6861668399069458
Latency: 0.6858020250219852
Latency: 0.6475008169654757
Latency: 0.5597570249810815
Latency: 0.5611327257938683
Latency: 0.5625525279901922
Latency: 0.5638968120329082
Latency: 0.5653922769706696
Latency: 0.6763082789257169
Latency: 0.6777036180719733
Latency: 0.6790565950796008
Latency: 0.6803920229431242
Latency: 0.681746314978227
Latency: 0.6607967938762158
Latency: 0.6622611179482192
Latency: 0.6634811689145863
Latency: 0.6490144950803369
Latency: 0.6503888990264386
Latency: 0.651742332149297
Latency: 0.653112209867686
Latency: 0.6544821839779615
Latency: 0.6575744119472802
Latency: 0.658961980836466
Latency: 0.6603628038428724
Latency: 0.661588795017451
Latency: 0.6577900131233037
Latency: 0.6030698230024427
Latency: 0.6685921330936253
Latency: 0.6699985140003264
Latency: 0.6713080969639122
Latency: 0.6242906309198588
Latency: 0.6200366199482232
Latency: 0.62113201408647
Latency: 0.6224578190594912
Latency: 0.6239530339371413
Latency: 0.6250138499308378
Latency: 0.6574400030076504
Latency: 0.6585008690599352
Latency: 0.6567050321027637
Latency: 0.6580815371125937
Latency: 0.6449402400758117
Latency: 0.6461789279710501
Latency: 0.6475042721722275
Latency: 0.6488752579316497
Latency: 0.6502675127703696
Latency: 0.6516479339916259
Latency: 0.6488842240069062
Latency: 0.6502970708534122
Latency: 0.6511450808029622
Latency: 0.6526484561618418
Latency: 0.6540012860205024
Latency: 0.6554358941502869
Latency: 0.665735965128988
Latency: 0.6672023059800267
Latency: 0.6686153609771281
Latency: 0.6700944940093905
Latency: 0.6699211029335856
Latency: 0.6786197510082275
Latency: 0.6800703848712146
Latency: 0.6940824941266328
Latency: 0.6954536919947714
Latency: 0.6908848008606583
Latency: 0.692197433905676
Latency: 0.6935272759292275
Latency: 0.6949321869760752
Latency: 0.6962662790901959
Latency: 0.6977225409355015
Latency: 0.6931141030509025
Latency: 0.6944811949506402
Latency: 0.6959101809188724
Latency: 0.6973123250063509
Latency: 0.6990086908917874
Latency: 0.7004523978102952
Latency: 0.7018828971777111
Latency: 0.7032529381103814
Latency: 0.7046793471090496
Latency: 0.7060972340404987
Latency: 0.7074361620470881
Latency: 0.7088760621845722
Latency: 0.7102568349801004
Latency: 0.7116678659804165
Latency: 0.7249059909954667
Latency: 0.7263095029629767
Latency: 0.7277403820771724
Latency: 0.72810043906793
Latency: 0.735791910905391
Latency: 0.7372016089502722
Latency: 0.7386292759329081
Latency: 0.7401162669993937
Latency: 0.7414303889963776
Latency: 0.7270541328471154
Latency: 0.728372931946069
Latency: 0.7297518970444798
Latency: 0.7311373958364129
Latency: 0.7325525551568717
Latency: 0.7339493799954653
Latency: 0.7353466409258544
Latency: 0.7364787170663476
Latency: 0.737897148123011
Latency: 0.7385331369005144
Latency: 0.7399756722152233
Latency: 0.7413383461534977
Latency: 0.7414922551251948
Latency: 0.7424569560680538
Latency: 0.743853542022407
Latency: 0.7452480371575803
Latency: 0.7466184610966593
Latency: 0.7480029468424618
Latency: 0.749428641051054
Latency: 0.750428156927228
Latency: 0.7517469320446253
Latency: 0.7531132670119405
Latency: 0.7545007499866188
Latency: 0.7558597510214895
Latency: 0.7572569029871374
Latency: 0.758616064907983
Latency: 0.7618711821269244
Latency: 0.6748393441084772
Latency: 0.7470867321826518
Latency: 0.7483900031074882
Latency: 0.749605325050652
Latency: 0.7509736679494381
Latency: 0.7525960749480873
Latency: 0.7540498559828848
Latency: 0.7529709080699831
Latency: 0.7526397469919175
Latency: 0.7138111328240484
Latency: 0.7134818630293012
Latency: 0.7131326019298285
Latency: 0.7127838039305061
Latency: 0.7124458309262991
Latency: 0.7271049257833511
Latency: 0.7285213740542531
Latency: 0.7298940778709948
Latency: 0.7312693598214537
Latency: 0.732668146956712
Latency: 0.6724316829349846
Latency: 0.6736710639670491
Latency: 0.7061436339281499
Latency: 0.7060211850330234
Latency: 0.7056898910086602
Latency: 0.6574622550979257
Latency: 0.6588363819755614
Latency: 0.6602113440167159
Latency: 0.6409489160869271
Latency: 0.6423252809327096
Latency: 0.6436527131590992
Latency: 0.666515699820593
Latency: 0.6679016980342567
Latency: 0.6327231109607965
Latency: 0.6340640329290181
Latency: 0.6355010438710451
Latency: 0.6368803239893168
Latency: 0.6382347100879997
Latency: 0.6395394820719957
Latency: 0.6429755031131208
Latency: 0.6552069939207286
Latency: 0.6565973109100014
Latency: 0.5341403330676258
Latency: 0.534633002942428
Latency: 0.5360055977944285
Latency: 0.5373490150086582
Latency: 0.5378149561583996
Latency: 0.5391944812145084
Latency: 0.6294488438870758
Latency: 0.5519901679363102
Latency: 0.5528750538360327
Latency: 0.5538627740461379
Latency: 0.5551839170511812
Latency: 0.556116437073797
Latency: 0.5574605669826269
Latency: 0.5582211108412594
Latency: 0.564594266936183
Latency: 0.557012673933059
Latency: 0.5584237740840763
Latency: 0.5597620140761137
Latency: 0.5584260351024568
Latency: 0.5597913488745689
Latency: 0.5708638487849385
Latency: 0.58571049105376
Latency: 0.5859668389894068
Latency: 0.5873400908894837
Latency: 0.5886945989914238
Latency: 0.6647487659938633
Latency: 0.6661863930057734
Latency: 0.6675242308992893
Latency: 0.6689686649478972
Latency: 0.6680689379572868
Latency: 0.669314251979813
Latency: 0.6926819900982082
Latency: 0.694184951018542
Latency: 0.6956332288682461
Latency: 0.6969974678941071
Latency: 0.6984236449934542
Latency: 0.6997846940066665
Latency: 0.7012400578241795
Latency: 0.7026021680794656
Latency: 0.7039680869784206
Latency: 0.7054069500882179
Latency: 0.7067788410931826
Latency: 0.7082055259961635
Latency: 0.7096452789846808
Latency: 0.7110431580804288
Latency: 0.7124004820361733
Latency: 0.7138270540162921
Latency: 0.7152712990064174
Latency: 0.7166773069184273
Latency: 0.718083854066208
Latency: 0.7194560989737511
Latency: 0.7176372169051319
Latency: 0.7189716529101133
Latency: 0.7203235200140625
Latency: 0.7221306890714914
Latency: 0.7078173370100558
Latency: 0.7161511280573905
Latency: 0.7174993040971458
Latency: 0.7189692489337176
Latency: 0.7275699099991471
Latency: 0.6852037471253425
Latency: 0.6865437279921025
Latency: 0.6878045359626412
Latency: 0.6892561048734933
Latency: 0.6902453391812742
Latency: 0.6916511659510434
Latency: 0.6930238788481802
Latency: 0.6944381720386446
Latency: 0.6958158249035478
Latency: 0.6972374790348113
Latency: 0.6982394270598888
Latency: 0.6996187879703939
Latency: 0.7010932310950011
Latency: 0.7024883721023798
Latency: 0.7039057861547917
Latency: 0.7053872828837484
Latency: 0.7067676729056984
Latency: 0.7081678241956979
Latency: 0.7095872617792338
Latency: 0.7103112449403852
Latency: 0.7117466640193015
Latency: 0.7136559369973838
Latency: 0.7150771741289645
Latency: 0.716492434963584
Latency: 0.7325383499264717
Latency: 0.7307959641329944
Latency: 0.7305203618016094
Latency: 0.7303283161018044
Latency: 0.7228118621278554
Latency: 0.7325859009288251
Latency: 0.7340189011301845
Latency: 0.7337352510076016
Latency: 0.7351369089446962
Latency: 0.7365909139625728
Latency: 0.7200608749408275
Latency: 0.7214929591864347
Latency: 0.6964179049246013
Latency: 0.697754621040076
Latency: 0.6992321920115501
Latency: 0.7006563749164343
Latency: 0.7020874528679997
Latency: 0.6989873019047081
Latency: 0.7001532749272883
Latency: 0.7014999929815531
Latency: 0.7027236700523645
Latency: 0.7041434380225837
Latency: 0.7054981701076031
Latency: 0.706928334897384
Latency: 0.6664164091926068
Latency: 0.6677332839462906
Latency: 0.6691547131631523
Latency: 0.658838062081486
Latency: 0.6602260728832334
Latency: 0.6614928978960961
Latency: 0.6629268899559975
Latency: 0.6643039691261947
Latency: 0.682250133017078
Latency: 0.670984050957486
Latency: 0.6724034938961267
Latency: 0.5843642931431532
Latency: 0.5857946360483766
Latency: 0.5382118499837816
Latency: 0.5393170369789004
Latency: 0.6060652399901301
Latency: 0.6074154749512672
Latency: 0.6087840602267534
Latency: 0.6099812227766961
Latency: 0.6113503631204367
Latency: 0.6990260640159249
Latency: 0.7004157900810242
Latency: 0.6395049029961228
Latency: 0.6441669850610197
Latency: 0.6668487607967108
Latency: 0.6681908390019089
Latency: 0.668890523025766
Latency: 0.6703105268534273
Latency: 0.6716416429262608
Latency: 0.6712830429896712
Latency: 0.6726290371734649
Latency: 0.6739950638730079
Latency: 0.6754092499613762
Latency: 0.6748972160276026
Latency: 0.676286316011101
Latency: 0.6776019709650427
Latency: 0.6790778320282698
Latency: 0.6797208350617439
Latency: 0.6811103718355298
Latency: 0.6824889248237014
Latency: 0.6786511701066047
Latency: 0.6797721409238875
Latency: 0.6941623350139707
Latency: 0.6955244140699506
Latency: 0.6969170081429183
Latency: 0.685579698998481
Latency: 0.6979412229266018
Latency: 0.6991082190070301
Latency: 0.700474760029465
Latency: 0.7018941480200738
Latency: 0.7032850671093911
Latency: 0.69035640405491
Latency: 0.6917349260766059
Latency: 0.6931342349853367
Latency: 0.6944386861287057
Latency: 0.6959087278228253
Latency: 0.6972480828408152
Latency: 0.6982907250057906
Latency: 0.6996993329375982
Latency: 0.7017049831338227
Latency: 0.7032137101050466
Latency: 0.7046339649241418
Latency: 0.7060841440688819
Latency: 0.7074439281132072
Latency: 0.7088405038230121
Latency: 0.7087859169114381
