Latency: 0.9217663730960339
Latency: 0.9241027350071818
Latency: 0.9316303029190749
Latency: 0.9307428628671914
Latency: 0.9325942969880998
Latency: 0.9326147139072418
Latency: 0.9340763760264963
Latency: 0.9379873550496995
Latency: 0.8223550419788808
Latency: 0.8260296541266143
Latency: 0.8255807450041175
Latency: 0.8321762948762625
Latency: 0.8327028381172568
Latency: 0.8321165761444718
Latency: 0.8301426728721708
Latency: 0.8426031898707151
Latency: 0.8163386769592762
Latency: 0.8214068149682134
Latency: 0.8342481940053403
Latency: 0.8287836769595742
Latency: 0.8240240570157766
Latency: 0.8315586389508098
Latency: 0.8323015971109271
Latency: 0.8333738090004772
Latency: 0.8129816518630832
Latency: 0.8182494400534779
Latency: 0.8267414311412722
Latency: 0.8254301331471652
Latency: 0.8313106310088187
Latency: 0.8427205088082701
Latency: 0.8257028218358755
Latency: 0.8341426439583302
Latency: 0.8207526069600135
Latency: 0.8357810620218515
Latency: 0.8346794240642339
Latency: 0.8287453260272741
Latency: 0.8242216650396585
Latency: 0.8290644809603691
Latency: 0.8320113301742822
Latency: 0.8350355990696698
Latency: 0.8269022980239242
Latency: 0.8414948969148099
Latency: 0.8235796408262104
Latency: 0.8322203708812594
Latency: 0.8424827950075269
Latency: 0.8399129458703101
Latency: 0.8316573170013726
Latency: 0.8269082379993051
Latency: 0.8218260710127652
Latency: 0.8275070858653635
Latency: 0.820572905940935
Latency: 0.8194786689709872
Latency: 0.8260935100261122
Latency: 0.8242216079961509
Latency: 0.8297758619301021
Latency: 0.8272696789354086
Latency: 0.8463533269241452
Latency: 0.824866513023153
Latency: 0.8240624510217458
Latency: 0.8292458939831704
Latency: 0.8304883041419089
Latency: 0.8294790601357818
Latency: 0.8285725510213524
Latency: 0.831360936164856
Latency: 0.8304558859672397
Latency: 0.8256958599667996
Latency: 0.827344347955659
Latency: 0.8354079378768802
Latency: 0.8377592209726572
Latency: 0.8171352159697562
Latency: 0.8303026589564979
Latency: 0.8342359929811209
Latency: 0.8239771891385317
Latency: 0.8270564598497003
Latency: 0.816562914988026
Latency: 0.8314836039207876
Latency: 0.836246290942654
Latency: 0.8235802259296179
Latency: 0.8296953539829701
Latency: 0.8405217051040381
Latency: 0.8410214120522141
Latency: 0.8288867089431733
Latency: 0.8245403240434825
Latency: 0.8298990610055625
Latency: 0.8209193910006434
Latency: 0.838597530964762
Latency: 0.832801670068875
Latency: 0.8327569980174303
Latency: 0.8223482060711831
Latency: 0.8171398860868067
Latency: 0.8297456179279834
Latency: 0.8255212481599301
Latency: 0.8331179700326174
Latency: 0.8343957189936191
Latency: 0.8314658480230719
Latency: 0.8359664578456432
Latency: 0.8173532269429415
Latency: 0.823959678877145
Latency: 0.8250938151031733
Latency: 0.8238334888592362
Latency: 0.8274324180092663
Latency: 0.8292895711492747
Latency: 0.8361834969837219
Latency: 0.8511142979841679
Latency: 0.8130149920471013
Latency: 0.8327404928859323
Latency: 0.8454555140342563
Latency: 0.8292613350786269
Latency: 0.8314288810361177
Latency: 0.8261907428968698
Latency: 0.8332868691068143
Latency: 0.8411340068560094
Latency: 0.8339327869471163
Latency: 0.8029741421341896
Latency: 0.8186184100341052
Latency: 0.8404703771229833
Latency: 0.842961359070614
Latency: 0.8353745550848544
Latency: 0.8275727981235832
Latency: 0.8343937539029866
Latency: 0.8285516079049557
Latency: 0.8334447999950498
Latency: 0.8271119280252606
Latency: 0.8305095110554248
Latency: 0.82846585707739
Latency: 0.8339353380724788
Latency: 0.8292407630942762
Latency: 0.8273051371797919
Latency: 0.8332877950742841
Latency: 0.82114940113388
Latency: 0.81621686485596
Latency: 0.8101778051350266
Latency: 0.8247532320674509
Latency: 0.8065686819609255
Latency: 0.8274415081832558
Latency: 0.8172815449070185
Latency: 0.8221616020891815
Latency: 0.8139024879783392
Latency: 0.8305499290581793
Latency: 0.8337433531414717
Latency: 0.8247908579651266
Latency: 0.8168650651350617
Latency: 0.8137877159751952
Latency: 0.8253902229480445
Latency: 0.818186657037586
Latency: 0.8326499529648572
Latency: 0.8325661108829081
Latency: 0.8362250169739127
Latency: 0.8435979741625488
Latency: 0.816041219048202
Latency: 0.8289595418609679
Latency: 0.8422594370786101
