Latency: 0.013552461052313447
Latency: 0.014033605111762881
Latency: 0.010690797120332718
Latency: 0.012180885067209601
Latency: 0.010671223048120737
Latency: 0.011846702080219984
Latency: 0.010554887121543288
Latency: 0.01202174392528832
Latency: 0.010826892917975783
Latency: 0.01274371799081564
Latency: 0.011461487039923668
Latency: 0.0124088479205966
Latency: 0.010273115942254663
Latency: 0.012030126992613077
Latency: 0.011534952092915773
Latency: 0.012483353959396482
Latency: 0.010467784013599157
Latency: 0.011982939904555678
Latency: 0.011512538185343146
Latency: 0.013504661154001951
Latency: 0.010189262218773365
Latency: 0.01184267713688314
Latency: 0.011382046155631542
Latency: 0.012367384973913431
Latency: 0.011372656095772982
Latency: 0.012327131116762757
Latency: 0.01062025292776525
Latency: 0.01183957397006452
Latency: 0.011558064026758075
Latency: 0.012287988793104887
Latency: 0.012210909044370055
Latency: 0.013362776953727007
Latency: 0.012320307083427906
Latency: 0.01330644404515624
Latency: 0.011443058028817177
Latency: 0.012359746964648366
Latency: 0.011537476908415556
Latency: 0.012601122027263045
Latency: 0.011449878104031086
Latency: 0.012448983965441585
Latency: 0.011592843104153872
Latency: 0.012759840814396739
Latency: 0.01221468998119235
Latency: 0.013025335967540741
Latency: 0.011365185026079416
Latency: 0.012490281136706471
Latency: 0.011370660038664937
Latency: 0.012310778954997659
Latency: 0.011425997130572796
Latency: 0.012604770949110389
Latency: 0.011461090063676238
Latency: 0.012143837986513972
Latency: 0.011488372227177024
Latency: 0.012510706903412938
Latency: 0.011492873076349497
Latency: 0.013004384934902191
Latency: 0.011309880064800382
Latency: 0.012381545966491103
Latency: 0.010488413972780108
Latency: 0.012114680139347911
Latency: 0.011404681950807571
Latency: 0.012457357021048665
Latency: 0.01152740209363401
Latency: 0.012565825833007693
Latency: 0.012637512059882283
Latency: 0.013478951063007116
Latency: 0.011493792058899999
Latency: 0.012453316012397408
Latency: 0.011320529039949179
Latency: 0.01243623811751604
Latency: 0.011422789189964533
Latency: 0.012351542012766004
Latency: 0.011494521982967854
Latency: 0.012550081126391888
Latency: 0.011448025004938245
Latency: 0.01241585100069642
Latency: 0.012465613894164562
Latency: 0.013430068967863917
Latency: 0.011549904011189938
Latency: 0.012409331044182181
Latency: 0.011511131888255477
Latency: 0.012693181168287992
Latency: 0.011503544868901372
Latency: 0.012357181869447231
Latency: 0.011520344065502286
Latency: 0.012566113844513893
Latency: 0.012431815965101123
Latency: 0.013284161919727921
Latency: 0.011441925074905157
Latency: 0.012420173035934567
Latency: 0.011436058906838298
Latency: 0.012355688959360123
Latency: 0.011389347957447171
Latency: 0.012546948855742812
Latency: 0.011437393026426435
Latency: 0.012432642979547381
Latency: 0.011669842060655355
Latency: 0.012547120917588472
Latency: 0.011402734089642763
Latency: 0.012977662961930037
Latency: 0.011525118025019765
Latency: 0.012153089046478271
Latency: 0.011409627040848136
Latency: 0.012411158066242933
Latency: 0.011403740849345922
Latency: 0.0124465839471668
Latency: 0.010451694950461388
Latency: 0.012036964995786548
Latency: 0.011491541983559728
Latency: 0.012619201093912125
Latency: 0.012276381952688098
Latency: 0.013100279960781336
Latency: 0.011435705004259944
Latency: 0.01245261705480516
Latency: 0.010503922123461962
Latency: 0.012027963995933533
Latency: 0.011483524227514863
Latency: 0.012471874011680484
Latency: 0.011296708136796951
Latency: 0.012709656031802297
Latency: 0.01152328192256391
Latency: 0.012587728910148144
Latency: 0.012588727986440063
Latency: 0.013582983054220676
Latency: 0.02090164297260344
Latency: 0.021941344952210784
Latency: 0.011302758008241653
Latency: 0.012545525096356869
Latency: 0.011618468910455704
Latency: 0.012314847903326154
Latency: 0.011991373030468822
Latency: 0.012658566934987903
Latency: 0.01138292602263391
Latency: 0.012321949936449528
Latency: 0.012210222892463207
Latency: 0.013289345894008875
Latency: 0.01145158801227808
Latency: 0.012711937073618174
Latency: 0.011320471996441483
Latency: 0.012341838097199798
Latency: 0.011502826819196343
Latency: 0.012483723927289248
Latency: 0.011463367147371173
Latency: 0.01251627691090107
Latency: 0.012492184061557055
Latency: 0.013219413114711642
Latency: 0.011435288935899734
Latency: 0.012475064024329185
Latency: 0.011427005054429173
Latency: 0.01241963217034936
Latency: 0.011363819940015674
Latency: 0.012419654056429863
Latency: 0.010644508991390467
Latency: 0.012124466011300683
Latency: 0.01143034896813333
Latency: 0.013782934984192252
Latency: 0.010124071966856718
Latency: 0.011858395067974925
Latency: 0.011585703119635582
Latency: 0.01290060207247734
Latency: 0.011948941042646766
Latency: 0.012409720104187727
Latency: 0.011281731072813272
Latency: 0.012357068015262485
Latency: 0.011460145004093647
Latency: 0.01246733102016151
Latency: 0.01143691805191338
Latency: 0.013051494024693966
Latency: 0.011394318891689181
Latency: 0.012609763070940971
Latency: 0.011357896029949188
Latency: 0.012285287026315928
Latency: 0.01149150705896318
Latency: 0.012328010983765125
Latency: 0.011300368001684546
Latency: 0.012545120902359486
Latency: 0.011614994145929813
Latency: 0.012398133054375648
Latency: 0.012511114124208689
Latency: 0.013628717977553606
Latency: 0.011541276006028056
Latency: 0.012505813967436552
Latency: 0.011656315065920353
Latency: 0.012418630067259073
Latency: 0.011433258885517716
Latency: 0.01237308606505394
Latency: 0.011455916101112962
Latency: 0.012546134879812598
Latency: 0.010516857961192727
Latency: 0.011939476011320949
Latency: 0.012247174978256226
Latency: 0.013319716788828373
Latency: 0.011675182962790132
Latency: 0.012364540016278625
Latency: 0.011292923940345645
Latency: 0.012430702103301883
Latency: 0.01154158590361476
Latency: 0.012557402020320296
Latency: 0.011428987141698599
Latency: 0.012412708019837737
Latency: 0.011470858007669449
Latency: 0.01291636610403657
Latency: 0.012016694992780685
Latency: 0.013431139988824725
Latency: 0.011598662938922644
Latency: 0.01274374802596867
Latency: 0.010685572866350412
Latency: 0.012238327180966735
Latency: 0.01170354406349361
Latency: 0.012615502113476396
Latency: 0.011482610832899809
Latency: 0.0124002480879426
Latency: 0.012443981831893325
Latency: 0.013428633101284504
Latency: 0.011603574035689235
Latency: 0.012751898029819131
Latency: 0.011331055080518126
Latency: 0.01218329812400043
Latency: 0.0114261528942734
Latency: 0.012528441147878766
Latency: 0.011531527154147625
Latency: 0.012496630195528269
Latency: 0.010546087054535747
Latency: 0.012050891993567348
Latency: 0.012704730965197086
Latency: 0.013612631941214204
Latency: 0.01149377110414207
Latency: 0.012453516013920307
Latency: 0.011475258972495794
Latency: 0.012525933096185327
Latency: 0.011453774059191346
Latency: 0.012509522028267384
Latency: 0.010647292947396636
Latency: 0.012486298102885485
Latency: 0.011576960096135736
Latency: 0.012413681019097567
Latency: 0.012436497025191784
Latency: 0.013571618124842644
Latency: 0.01154015096835792
Latency: 0.012853024993091822
Latency: 0.01163021195679903
Latency: 0.012536859838292003
Latency: 0.011533832177519798
Latency: 0.01251763291656971
Latency: 0.01059758779592812
Latency: 0.012239288073033094
Latency: 0.023882924113422632
Latency: 0.025321744149550796
Latency: 0.011503631016239524
Latency: 0.012562345946207643
Latency: 0.011458686087280512
Latency: 0.01233529788441956
Latency: 0.011367834871634841
Latency: 0.012331316014751792
Latency: 0.01159769599325955
Latency: 0.01252948003821075
Latency: 0.012346067931503057
Latency: 0.013194458093494177
Latency: 0.011476653860881925
Latency: 0.01239064009860158
Latency: 0.011326613137498498
Latency: 0.012315096100792289
Latency: 0.011465210001915693
Latency: 0.012779016979038715
Latency: 0.011447512079030275
Latency: 0.012127901893109083
Latency: 0.012624341994524002
Latency: 0.01358480704948306
Latency: 0.011317438911646605
Latency: 0.012380406958982348
Latency: 0.011400843039155006
Latency: 0.012518391013145447
Latency: 0.010558250127360225
Latency: 0.011841850122436881
Latency: 0.011555316857993603
Latency: 0.012589168967679143
Latency: 0.011495106853544712
Latency: 0.012585563119500875
Latency: 0.012445162981748581
Latency: 0.013589481823146343
Latency: 0.011336919851601124
Latency: 0.012223993893712759
Latency: 0.011385053861886263
Latency: 0.012723288964480162
Latency: 0.011624241014942527
Latency: 0.012492518872022629
Latency: 0.012290006037801504
Latency: 0.013398383976891637
Latency: 0.011674875160679221
Latency: 0.012507162988185883
Latency: 0.012816399103030562
Latency: 0.013864099979400635
Latency: 0.011369699845090508
Latency: 0.01245411392301321
Latency: 0.010480112163349986
Latency: 0.011989682912826538
Latency: 0.011437273817136884
Latency: 0.012458147015422583
Latency: 0.010608478914946318
Latency: 0.01217263494618237
Latency: 0.012582081137225032
Latency: 0.013395063811913133
Latency: 0.011397247901186347
Latency: 0.012574255932122469
Latency: 0.011385174933820963
Latency: 0.012254299130290747
Latency: 0.011439223075285554
Latency: 0.01237187790684402
Latency: 0.011643811129033566
Latency: 0.012363075045868754
Latency: 0.011343451915308833
Latency: 0.012503264006227255
Latency: 0.012397378915920854
Latency: 0.01336570899002254
Latency: 0.010542477015405893
Latency: 0.011988570913672447
Latency: 0.011386367958039045
Latency: 0.012620225781574845
Latency: 0.01157722482457757
Latency: 0.01260212087072432
Latency: 0.011707133846357465
Latency: 0.012598610948771238
Latency: 0.010558214038610458
Latency: 0.012027128832414746
Latency: 0.012623797869309783
Latency: 0.013575555989518762
Latency: 0.011537531856447458
Latency: 0.012632251949980855
Latency: 0.011285891057923436
Latency: 0.012209448963403702
Latency: 0.011407151818275452
Latency: 0.012320770183578134
Latency: 0.011532485950738192
Latency: 0.012490789871662855
Latency: 0.010524736950173974
Latency: 0.012107855873182416
Latency: 0.012505519203841686
Latency: 0.01342509500682354
Latency: 0.011555663077160716
Latency: 0.0126950410194695
Latency: 0.011358530027791858
Latency: 0.01245138794183731
Latency: 0.011540629900991917
Latency: 0.012443066108971834
Latency: 0.01140927104279399
Latency: 0.012495149159803987
Latency: 0.011457225074991584
Latency: 0.012896629981696606
Latency: 0.011267556808888912
Latency: 0.012551137944683433
Latency: 0.011271212948486209
Latency: 0.012420709012076259
Latency: 0.01163811213336885
Latency: 0.012421412859112024
Latency: 0.011496229097247124
Latency: 0.012470992049202323
Latency: 0.011424713069573045
Latency: 0.012475772993639112
Latency: 0.011373894987627864
Latency: 0.012824649922549725
Latency: 0.011445131851360202
Latency: 0.012538031907752156
Latency: 0.011508757015690207
Latency: 0.012504941085353494
Latency: 0.011484968941658735
Latency: 0.012345282826572657
Latency: 0.01130685000680387
Latency: 0.012670357944443822
Latency: 0.011332966154441237
Latency: 0.012312570121139288
Latency: 0.012447749031707644
Latency: 0.013541395077481866
Latency: 0.02398159704171121
Latency: 0.024814756121486425
Latency: 0.011472262907773256
Latency: 0.012835051165893674
Latency: 0.011643426027148962
Latency: 0.012595462147146463
Latency: 0.011665801052004099
Latency: 0.01281412411481142
Latency: 0.011549935210496187
Latency: 0.012419461971148849
Latency: 0.012405436020344496
Latency: 0.01244429498910904
Latency: 0.011646701954305172
Latency: 0.012381833977997303
Latency: 0.010175057919695973
Latency: 0.011975253000855446
Latency: 0.011539865052327514
Latency: 0.012390867108479142
Latency: 0.011376036796718836
Latency: 0.012535491958260536
Latency: 0.011439000954851508
Latency: 0.012977526057511568
Latency: 0.011368325911462307
Latency: 0.012437433935701847
Latency: 0.01139806304126978
Latency: 0.012549965875223279
Latency: 0.011287291068583727
Latency: 0.012095073936507106
Latency: 0.01065378007479012
Latency: 0.01200628001242876
Latency: 0.01276340987533331
Latency: 0.014004251919686794
Latency: 0.011550870025530457
Latency: 0.012775363167747855
Latency: 0.01156169013120234
Latency: 0.012324939016252756
Latency: 0.011677847942337394
Latency: 0.01237040082924068
Latency: 0.01155434106476605
Latency: 0.01266575581394136
Latency: 0.011569997062906623
Latency: 0.012617335887625813
Latency: 0.012494481867179275
Latency: 0.013251952128484845
Latency: 0.01148763089440763
Latency: 0.012467738939449191
Latency: 0.010503354948014021
Latency: 0.012126384070143104
Latency: 0.011742268921807408
Latency: 0.012390492018312216
Latency: 0.01141364499926567
Latency: 0.012469112873077393
Latency: 0.011549499118700624
Latency: 0.012578492984175682
Latency: 0.011594449868425727
Latency: 0.0129860769957304
Latency: 0.011353952111676335
Latency: 0.01225592801347375
Latency: 0.011316150892525911
Latency: 0.012884850846603513
Latency: 0.011484352173283696
Latency: 0.012252499116584659
Latency: 0.01157909887842834
Latency: 0.012484010076150298
Latency: 0.011421957053244114
Latency: 0.01247510896064341
Latency: 0.011436802102252841
Latency: 0.012935403035953641
Latency: 0.01147432904690504
Latency: 0.012638925109058619
Latency: 0.011375720147043467
Latency: 0.012236990965902805
Latency: 0.011416450841352344
Latency: 0.012443221872672439
Latency: 0.011441436829045415
Latency: 0.012411331990733743
Latency: 0.012696814024820924
Latency: 0.013466879958286881
Latency: 0.011377071030437946
Latency: 0.012693112017586827
Latency: 0.011272112838923931
Latency: 0.012478560907766223
Latency: 0.011623045895248652
Latency: 0.012849645921960473
Latency: 0.012024646857753396
Latency: 0.0127927849534899
Latency: 0.01142796315252781
Latency: 0.012389302020892501
Latency: 0.012745473999530077
Latency: 0.01353499200195074
Latency: 0.011397219030186534
Latency: 0.01251106383278966
Latency: 0.01161181298084557
Latency: 0.012359977001324296
Latency: 0.011494492879137397
Latency: 0.012511590961366892
Latency: 0.010517849121242762
Latency: 0.01203911704942584
Latency: 0.011322887847200036
Latency: 0.012175933923572302
Latency: 0.011450010119006038
Latency: 0.012868768069893122
Latency: 0.011583327082917094
Latency: 0.012344932882115245
Latency: 0.011442562099546194
Latency: 0.012503928039222956
Latency: 0.011467301985248923
Latency: 0.012447278015315533
Latency: 0.010617339052259922
Latency: 0.012083549052476883
Latency: 0.011567919980734587
Latency: 0.012598559027537704
Latency: 0.012400781037285924
Latency: 0.013276702957227826
Latency: 0.011460791109129786
Latency: 0.01259780302643776
Latency: 0.011404830031096935
Latency: 0.012152571929618716
Latency: 0.011448716977611184
Latency: 0.012478496180847287
Latency: 0.011607041116803885
Latency: 0.012296659173443913
Latency: 0.011345872888341546
Latency: 0.012367282062768936
Latency: 0.012500487035140395
Latency: 0.013321415055543184
Latency: 0.023321481188759208
Latency: 0.024653408909216523
Latency: 0.011442632181569934
Latency: 0.012343736132606864
Latency: 0.011454426916316152
Latency: 0.01241524820216
Latency: 0.01155340508557856
Latency: 0.012493749847635627
Latency: 0.011529293842613697
Latency: 0.01230219192802906
Latency: 0.01213022693991661
Latency: 0.013278427068144083
Latency: 0.011439344845712185
Latency: 0.012408397858962417
Latency: 0.011578192934393883
Latency: 0.012583618983626366
Latency: 0.011551467003300786
Latency: 0.01233251509256661
Latency: 0.011310169007629156
Latency: 0.012285216012969613
Latency: 0.012223283993080258
Latency: 0.013081853976473212
Latency: 0.011362835997715592
Latency: 0.012374891201034188
Latency: 0.011395600158721209
Latency: 0.012376338941976428
Latency: 0.011454641819000244
Latency: 0.01253690104931593
Latency: 0.01141293509863317
Latency: 0.012402534019201994
Latency: 0.011550165014341474
Latency: 0.012458235956728458
Latency: 0.012248555896803737
Latency: 0.013193802908062935
Latency: 0.011364432983100414
Latency: 0.012457796838134527
Latency: 0.011400355026125908
Latency: 0.01213182881474495
Latency: 0.011445214971899986
Latency: 0.012529575964435935
Latency: 0.011755645973607898
Latency: 0.012834907043725252
Latency: 0.01204030611552298
Latency: 0.014526508981361985
Latency: 0.01287752203643322
Latency: 0.01235758513212204
Latency: 0.010596222011372447
Latency: 0.012279885821044445
Latency: 0.011683154152706265
Latency: 0.012462609214708209
Latency: 0.01143590989522636
Latency: 0.012516362126916647
Latency: 0.011463194154202938
Latency: 0.012465595966205001
Latency: 0.01250701886601746
Latency: 0.01361447898671031
Latency: 0.011424586875364184
Latency: 0.012435026001185179
Latency: 0.010470116976648569
Latency: 0.01201212708838284
Latency: 0.011443270137533545
Latency: 0.01269914279691875
Latency: 0.011600857833400369
Latency: 0.012222919147461653
Latency: 0.011512209894135594
Latency: 0.012693558819591999
Latency: 0.0125595279969275
Latency: 0.013221079017966986
Latency: 0.01146788103505969
Latency: 0.012606526026502252
Latency: 0.011556565994396806
Latency: 0.012580910930410028
Latency: 0.011403881013393402
Latency: 0.012449821922928095
Latency: 0.011497738072648644
Latency: 0.012385537149384618
Latency: 0.012603370007127523
Latency: 0.01357656205072999
Latency: 0.011652400018647313
Latency: 0.012648863950744271
Latency: 0.011357691837474704
Latency: 0.012228184845298529
Latency: 0.011451471829786897
Latency: 0.012281377101317048
Latency: 0.011519835097715259
Latency: 0.01261673797853291
Latency: 0.011559520149603486
Latency: 0.013838629005476832
Latency: 0.011411829153075814
Latency: 0.012302426854148507
Latency: 0.011536961887031794
Latency: 0.012820185860618949
Latency: 0.011590559035539627
Latency: 0.012128990143537521
Latency: 0.01146531687118113
Latency: 0.012424703920260072
Latency: 0.011294788913801312
Latency: 0.012200598139315844
Latency: 0.011431952938437462
Latency: 0.013099511852487922
Latency: 0.011425437172874808
Latency: 0.01241729804314673
Latency: 0.011530098039656878
Latency: 0.01254485989920795
Latency: 0.01150450692512095
Latency: 0.012539697112515569
Latency: 0.01167409704066813
Latency: 0.012456004973500967
Latency: 0.011440190020948648
Latency: 0.012457932811230421
Latency: 0.012422893894836307
Latency: 0.013233768055215478
Latency: 0.011486059986054897
Latency: 0.012562097050249577
Latency: 0.01146852201782167
Latency: 0.01250371802598238
Latency: 0.011535255005583167
Latency: 0.012443623039871454
Latency: 0.011423018062487245
Latency: 0.012310927966609597
Latency: 0.011424563126638532
Latency: 0.012538804905489087
Latency: 0.012356539024040103
Latency: 0.013161737937480211
Latency: 0.023068679962307215
Latency: 0.024585770908743143
Latency: 0.012696048012003303
Latency: 0.013392574852332473
Latency: 0.01136550703085959
Latency: 0.012593450024724007
Latency: 0.011570082977414131
Latency: 0.012522892095148563
Latency: 0.0125132049433887
Latency: 0.013101940043270588
Latency: 0.01117864390835166
Latency: 0.012421569088473916
Latency: 0.011436918983235955
Latency: 0.012556003173813224
Latency: 0.01170377992093563
Latency: 0.012513532070443034
Latency: 0.011516130063682795
Latency: 0.012536233989521861
Latency: 0.011615179013460875
Latency: 0.012695512035861611
Latency: 0.012430483009666204
Latency: 0.013262798776850104
Latency: 0.011365371057763696
Latency: 0.01266638794913888
Latency: 0.011473143938928843
Latency: 0.012348266085609794
Latency: 0.011553996009752154
Latency: 0.012299407972022891
Latency: 0.011372676817700267
Latency: 0.012446044012904167
Latency: 0.011455066036432981
Latency: 0.012441657017916441
Latency: 0.012368852971121669
Latency: 0.013505012029781938
Latency: 0.01153016579337418
Latency: 0.012445593951269984
Latency: 0.011398547096177936
Latency: 0.012521191034466028
Latency: 0.011750554898753762
Latency: 0.012369435979053378
Latency: 0.019723528996109962
Latency: 0.020564096979796886
Latency: 0.012337855063378811
Latency: 0.013394430046901107
Latency: 0.011431494960561395
Latency: 0.012144197011366487
Latency: 0.011474485974758863
Latency: 0.012495125876739621
Latency: 0.010471729096025229
Latency: 0.01213194103911519
Latency: 0.011605944018810987
Latency: 0.012575451983138919
Latency: 0.011403319891542196
Latency: 0.012293912004679441
Latency: 0.012407619040459394
Latency: 0.013398065930232406
Latency: 0.010486378101631999
Latency: 0.012203793972730637
Latency: 0.011686366982758045
Latency: 0.012292970204725862
Latency: 0.01131573598831892
Latency: 0.01245728600770235
Latency: 0.011509833857417107
Latency: 0.012647270923480392
Latency: 0.011451611993834376
Latency: 0.012333259219303727
Latency: 0.01257417188026011
Latency: 0.013457254972308874
Latency: 0.010517398128286004
Latency: 0.011794362915679812
Latency: 0.01134325796738267
Latency: 0.012617440894246101
Latency: 0.011598275974392891
Latency: 0.01237517804838717
Latency: 0.011540441075339913
Latency: 0.012513599125668406
Latency: 0.01164827705360949
Latency: 0.012983578955754638
Latency: 0.011347698047757149
Latency: 0.012674561934545636
Latency: 0.011458270018920302
Latency: 0.01226261886768043
Latency: 0.011552661890164018
Latency: 0.01251458702608943
Latency: 0.011617236072197556
Latency: 0.012470409041270614
Latency: 0.012127964990213513
Latency: 0.01304786279797554
Latency: 0.013068102998659015
Latency: 0.014087637886404991
Latency: 0.011472834972664714
Latency: 0.012155015021562576
Latency: 0.01148727792315185
Latency: 0.012696023099124432
Latency: 0.011564098997041583
Latency: 0.0124184750020504
Latency: 0.01152443396858871
Latency: 0.012532764114439487
Latency: 0.01181168295443058
Latency: 0.013151430059224367
Latency: 0.01127277105115354
Latency: 0.012590395985171199
Latency: 0.011396902846172452
Latency: 0.012640913017094135
Latency: 0.011434918036684394
Latency: 0.012280359165742993
Latency: 0.011557624908164144
Latency: 0.012415329925715923
Latency: 0.011383000994101167
Latency: 0.01247189100831747
Latency: 0.011352756060659885
Latency: 0.012841101037338376
Latency: 0.011458955006673932
Latency: 0.0125774210318923
Latency: 0.011652271030470729
Latency: 0.01253685588017106
Latency: 0.011438838904723525
Latency: 0.012530453968793154
Latency: 0.011611466063186526
Latency: 0.012765364022925496
Latency: 0.011438002111390233
Latency: 0.012365716975182295
Latency: 0.02470474294386804
Latency: 0.025907251052558422
Latency: 0.0113536580465734
Latency: 0.01229223096743226
Latency: 0.011403366923332214
Latency: 0.012575598899275064
Latency: 0.011393496068194509
Latency: 0.012388639152050018
Latency: 0.011747743003070354
Latency: 0.012569356011226773
Latency: 0.012024644995108247
Latency: 0.013099132105708122
Latency: 0.011355377966538072
Latency: 0.012846665922552347
Latency: 0.011260417988523841
Latency: 0.012154558207839727
Latency: 0.01144705805927515
Latency: 0.012464453000575304
Latency: 0.01141244312748313
Latency: 0.012117150006815791
Latency: 0.01142778992652893
Latency: 0.013656802009791136
Latency: 0.011353036854416132
Latency: 0.011974696069955826
Latency: 0.011567211942747235
Latency: 0.01269676093943417
Latency: 0.011510288110002875
Latency: 0.01240713195875287
Latency: 0.011403071926906705
Latency: 0.012431835057213902
Latency: 0.010513808112591505
Latency: 0.012094591045752168
Latency: 0.012388600967824459
Latency: 0.013428166974335909
Latency: 0.011369669809937477
Latency: 0.012321736896410584
Latency: 0.011410972103476524
Latency: 0.012554351007565856
Latency: 0.011597748147323728
Latency: 0.012580126989632845
Latency: 0.011579240905120969
Latency: 0.01268953806720674
Latency: 0.011451710015535355
Latency: 0.012353633996099234
Latency: 0.012531616957858205
Latency: 0.013393145054578781
Latency: 0.010497221956029534
Latency: 0.012474449817091227
Latency: 0.012100822990760207
Latency: 0.012852778192609549
Latency: 0.01173373288474977
Latency: 0.01244361000135541
Latency: 0.01142689399421215
Latency: 0.01250671991147101
Latency: 0.012591836974024773
Latency: 0.013646251987665892
Latency: 0.011562807019799948
Latency: 0.012146341847255826
Latency: 0.011421518167480826
Latency: 0.01240796991623938
Latency: 0.010494144167751074
Latency: 0.012127971975132823
Latency: 0.011450744001194835
Latency: 0.012473921990022063
Latency: 0.0113885800819844
Latency: 0.01261546602472663
Latency: 0.012388549977913499
Latency: 0.013729510130360723
Latency: 0.01142486883327365
Latency: 0.012400218052789569
Latency: 0.01145859295502305
Latency: 0.012425626860931516
Latency: 0.010639142012223601
Latency: 0.012075497070327401
Latency: 0.011525754816830158
Latency: 0.012514553964138031
Latency: 0.010581515962257981
Latency: 0.012169143883511424
Latency: 0.012414455879479647
Latency: 0.01378520205616951
Latency: 0.011546198977157474
Latency: 0.01259285700507462
Latency: 0.011264247121289372
Latency: 0.012080998858436942
Latency: 0.01140002184547484
Latency: 0.0124860811047256
Latency: 0.011506710201501846
Latency: 0.012463988969102502
Latency: 0.012557219946756959
Latency: 0.013316743075847626
Latency: 0.011379102012142539
Latency: 0.012285657925531268
Latency: 0.011393365915864706
Latency: 0.012269773054867983
Latency: 0.011419580783694983
Latency: 0.012489387998357415
Latency: 0.01169467787258327
Latency: 0.012449972797185183
Latency: 0.01134726288728416
Latency: 0.012388210976496339
Latency: 0.012455563992261887
Latency: 0.013397902017459273
Latency: 0.01144518400542438
Latency: 0.012551440857350826
Latency: 0.01074157189577818
Latency: 0.012136443983763456
Latency: 0.011444969102740288
Latency: 0.012686252128332853
Latency: 0.010569649981334805
Latency: 0.012016650987789035
Latency: 0.01144673302769661
Latency: 0.012551239924505353
Latency: 0.012617286061868072
Latency: 0.013546857051551342
Latency: 0.011333807138726115
Latency: 0.012425060151144862
Latency: 0.011579472105950117
Latency: 0.012682775035500526
Latency: 0.011463861213997006
Latency: 0.012496822979301214
Latency: 0.011435641907155514
Latency: 0.012344917980954051
Latency: 0.012525137979537249
Latency: 0.013322321930900216
Latency: 0.024140815949067473
Latency: 0.025307976873591542
Latency: 0.011296141892671585
Latency: 0.012313856976106763
Latency: 0.011567729990929365
Latency: 0.012583558214828372
Latency: 0.010622394969686866
Latency: 0.012729091104120016
Latency: 0.01265773898921907
Latency: 0.013520046137273312
Latency: 0.011484364978969097
Latency: 0.012480992125347257
Latency: 0.011588850058615208
Latency: 0.012545353034511209
Latency: 0.011705343844369054
Latency: 0.012536513851955533
Latency: 0.011353443143889308
Latency: 0.01243249699473381
Latency: 0.012723902007564902
Latency: 0.01382492482662201
Latency: 0.011233949102461338
Latency: 0.012031721882522106
Latency: 0.011335341958329082
Latency: 0.012469785055145621
Latency: 0.01165601797401905
Latency: 0.012330153025686741
Latency: 0.01143194385804236
Latency: 0.01255797897465527
Latency: 0.011548001784831285
Latency: 0.012243960052728653
Latency: 0.012458321172744036
Latency: 0.013365061022341251
Latency: 0.010502176824957132
Latency: 0.012151814065873623
Latency: 0.011375605128705502
Latency: 0.012698231032118201
Latency: 0.011423889081925154
Latency: 0.012350946897640824
Latency: 0.01155075803399086
Latency: 0.01251738891005516
Latency: 0.01148313982412219
Latency: 0.01257392717525363
Latency: 0.012509780004620552
Latency: 0.013671010034158826
Latency: 0.011408964870497584
Latency: 0.0123699561227113
Latency: 0.011445212177932262
Latency: 0.012664905982092023
Latency: 0.011447652941569686
Latency: 0.012176473857834935
Latency: 0.011516157072037458
Latency: 0.012602774892002344
Latency: 0.01240857900120318
Latency: 0.013196910033002496
Latency: 0.011434182990342379
Latency: 0.012511396082118154
Latency: 0.011370376916602254
Latency: 0.012356817023828626
Latency: 0.011429270962253213
Latency: 0.01252288999967277
Latency: 0.01148953102529049
Latency: 0.012187709100544453
Latency: 0.011512907920405269
Latency: 0.01260384707711637
Latency: 0.012416359037160873
Latency: 0.01320492709055543
Latency: 0.011410061968490481
Latency: 0.012543372111395001
Latency: 0.011450550984591246
Latency: 0.012372270924970508
Latency: 0.011638838099315763
Latency: 0.012508373940363526
Latency: 0.011422726092860103
Latency: 0.012181909987702966
Latency: 0.01149372709915042
Latency: 0.012539283838123083
Latency: 0.012531604850664735
Latency: 0.01323331193998456
Latency: 0.0114109271671623
Latency: 0.012485374230891466
Latency: 0.010501531884074211
Latency: 0.011777922976762056
Latency: 0.011392383137717843
Latency: 0.01293027400970459
Latency: 0.01163600804284215
Latency: 0.012340181972831488
Latency: 0.012569412123411894
Latency: 0.013728142017498612
Latency: 0.012198936194181442
Latency: 0.013295345939695835
Latency: 0.011642958968877792
Latency: 0.012697631027549505
Latency: 0.012457314878702164
Latency: 0.013873934047296643
Latency: 0.011812723940238357
Latency: 0.01255186996422708
Latency: 0.011678938986733556
Latency: 0.012755612144246697
Latency: 0.013850831892341375
Latency: 0.012872758088633418
Latency: 0.011938211973756552
Latency: 0.012978917919099331
Latency: 0.011160661932080984
Latency: 0.01297117117792368
Latency: 0.011052684159949422
Latency: 0.012706819223240018
Latency: 0.011837026104331017
Latency: 0.012983049964532256
Latency: 0.01349424198269844
Latency: 0.014085042988881469
Latency: 0.010812998982146382
Latency: 0.012389966053888202
Latency: 0.01184785389341414
Latency: 0.013003127882257104
Latency: 0.01195466797798872
Latency: 0.012755559990182519
Latency: 0.011666310019791126
Latency: 0.012854996137320995
Latency: 0.011934710899367929
Latency: 0.012926648138090968
Latency: 0.02568340813741088
Latency: 0.026883292943239212
Latency: 0.011398643953725696
Latency: 0.01259665796533227
Latency: 0.011846634093672037
Latency: 0.012655488913878798
Latency: 0.010794166009873152
Latency: 0.012299842899665236
Latency: 0.011872932082042098
Latency: 0.012856979155912995
Latency: 0.01798143400810659
Latency: 0.01924415212124586
Latency: 0.01212600595317781
Latency: 0.012757976073771715
Latency: 0.011745446128770709
Latency: 0.01254835189320147
Latency: 0.011968014994636178
Latency: 0.013028559973463416
Latency: 0.010893597966060042
Latency: 0.012542601907625794
Latency: 0.011878541903570294
Latency: 0.01277673989534378
Latency: 0.012754278955981135
Latency: 0.01379275880753994
Latency: 0.01079024001955986
Latency: 0.012595996027812362
Latency: 0.011882311897352338
Latency: 0.012907425174489617
Latency: 0.011851056944578886
Latency: 0.01245477283373475
Latency: 0.011710196966305375
Latency: 0.012947815004736185
Latency: 0.011918165953829885
Latency: 0.012997666141018271
Latency: 0.012721856124699116
Latency: 0.013645987026393414
Latency: 0.011929405853152275
Latency: 0.012952259974554181
Latency: 0.011741474969312549
Latency: 0.01274272589944303
Latency: 0.011873723939061165
Latency: 0.01312350295484066
Latency: 0.011938088107854128
Latency: 0.012888905126601458
Latency: 0.011851459043100476
Latency: 0.013496414991095662
Latency: 0.011653718072921038
Latency: 0.012750238878652453
Latency: 0.011743851937353611
Latency: 0.012772277928888798
Latency: 0.010752719826996326
Latency: 0.012364004971459508
Latency: 0.012573214946314692
Latency: 0.013641906902194023
Latency: 0.01165537885390222
Latency: 0.012615180108696222
Latency: 0.013086145045235753
Latency: 0.012443036073818803
Latency: 0.011748802848160267
Latency: 0.012871773913502693
Latency: 0.011915249982848763
Latency: 0.012982622953131795
Latency: 0.011911403853446245
Latency: 0.013078748947009444
Latency: 0.011882481863722205
Latency: 0.012943587033078074
Latency: 0.01177963986992836
Latency: 0.013350321911275387
Latency: 0.010764813981950283
Latency: 0.012416448909789324
Latency: 0.011677992064505816
Latency: 0.012881960952654481
Latency: 0.011752657126635313
Latency: 0.012818897841498256
Latency: 0.011729429941624403
Latency: 0.01292952406220138
Latency: 0.011874385876581073
Latency: 0.012883665040135384
Latency: 0.012658471940085292
Latency: 0.013867683941498399
Latency: 0.011692719999700785
Latency: 0.013089423067867756
Latency: 0.01173087302595377
Latency: 0.01266651414334774
Latency: 0.012024893891066313
Latency: 0.01265346398577094
Latency: 0.011756685096770525
Latency: 0.012827594066038728
Latency: 0.01201496017165482
Latency: 0.013119921088218689
Latency: 0.012938011903315783
Latency: 0.014216213952749968
Latency: 0.011806453112512827
Latency: 0.012523195007815957
Latency: 0.011694001965224743
Latency: 0.012803190853446722
Latency: 0.01178871188312769
Latency: 0.01285300892777741
Latency: 0.011873784940689802
Latency: 0.013187384931370616
Latency: 0.011963519034907222
Latency: 0.012875460786744952
Latency: 0.01282314001582563
Latency: 0.01392381195910275
Latency: 0.01181253301911056
Latency: 0.012657084967941046
Latency: 0.011768743861466646
Latency: 0.013055559014901519
Latency: 0.011892576003447175
Latency: 0.012431921903043985
Latency: 0.011831281939521432
Latency: 0.012770185945555568
Latency: 0.012795448070392013
Latency: 0.013769479934126139
Latency: 0.010848290054127574
Latency: 0.012588965008035302
Latency: 0.012084936024621129
Latency: 0.01278917002491653
Latency: 0.01173062389716506
Latency: 0.012820378877222538
Latency: 0.011837286176159978
Latency: 0.012914464110508561
Latency: 0.011955817928537726
Latency: 0.012910393998026848
Latency: 0.012664930894970894
Latency: 0.013756812084466219
Latency: 0.023964783176779747
Latency: 0.0252483319491148
Latency: 0.011553992982953787
Latency: 0.01264063804410398
Latency: 0.011620979057624936
Latency: 0.012893333798274398
Latency: 0.012080507120117545
Latency: 0.01286908402107656
Latency: 0.0107947769574821
Latency: 0.012461267877370119
Latency: 0.012975869933143258
Latency: 0.012748071923851967
Latency: 0.011886553838849068
Latency: 0.013061075937002897
Latency: 0.011944440891966224
Latency: 0.013015032978728414
Latency: 0.011829052120447159
Latency: 0.012914055027067661
Latency: 0.01082980609498918
Latency: 0.01250662305392325
Latency: 0.012592471903190017
Latency: 0.013528380077332258
Latency: 0.011708909878507257
Latency: 0.012736629927530885
Latency: 0.010721419006586075
Latency: 0.012301871087402105
Latency: 0.01172530185431242
Latency: 0.012611379846930504
Latency: 0.011779899010434747
Latency: 0.012981769163161516
Latency: 0.011732326122000813
Latency: 0.012662364868447185
Latency: 0.012729032896459103
Latency: 0.013788318959996104
Latency: 0.011781091103330255
Latency: 0.012683974113315344
Latency: 0.011746356962248683
Latency: 0.013008777052164078
Latency: 0.012196067022159696
Latency: 0.01294382894411683
Latency: 0.011908950982615352
Latency: 0.013052043039351702
Latency: 0.012878102948889136
Latency: 0.013991768006235361
Latency: 0.011882408056408167
Latency: 0.013055227929726243
Latency: 0.011650226078927517
Latency: 0.012577655958011746
Latency: 0.011811167933046818
Latency: 0.01305984309874475
Latency: 0.011992553947493434
Latency: 0.013007501140236855
Latency: 0.011802210006862879
Latency: 0.013043289072811604
Latency: 0.012909116223454475
Latency: 0.012513226130977273
Latency: 0.011730549158528447
Latency: 0.012790274107828736
Latency: 0.01169944298453629
Latency: 0.01286582788452506
Latency: 0.011680216062813997
Latency: 0.012613823171705008
Latency: 0.011861298000440001
Latency: 0.012845661956816912
Latency: 0.012820211937651038
Latency: 0.013779558008536696
Latency: 0.011609097942709923
Latency: 0.01282344781793654
Latency: 0.011685991892591119
Latency: 0.013021148042753339
Latency: 0.011989586986601353
Latency: 0.01259741885587573
Latency: 0.012028074823319912
Latency: 0.012824320001527667
Latency: 0.011804674984887242
Latency: 0.012940156972035766
Latency: 0.012767408974468708
Latency: 0.013727014185860753
Latency: 0.011825281893834472
Latency: 0.012990762013942003
Latency: 0.011820622952654958
Latency: 0.01257429295219481
Latency: 0.011787222931161523
Latency: 0.012803102843463421
Latency: 0.011780204949900508
Latency: 0.013154102955013514
Latency: 0.011925758793950081
Latency: 0.012736591044813395
Latency: 0.01304319896735251
Latency: 0.014205134008079767
Latency: 0.0117291659116745
Latency: 0.012524293968454003
Latency: 0.011692110914736986
Latency: 0.013328621163964272
Latency: 0.011883763130754232
Latency: 0.012699384009465575
Latency: 0.010868696961551905
Latency: 0.012541119009256363
Latency: 0.012913557002320886
Latency: 0.01391724799759686
Latency: 0.011788144009187818
Latency: 0.012853995896875858
Latency: 0.010965003166347742
Latency: 0.012358054053038359
Latency: 0.011770256096497178
Latency: 0.012885472038760781
Latency: 0.011862186947837472
Latency: 0.012746135937049985
Latency: 0.011875855037942529
Latency: 0.012858018046244979
Latency: 0.012700198916718364
Latency: 0.013651437126100063
Latency: 0.011742944130674005
Latency: 0.012818749994039536
Latency: 0.011940708151087165
Latency: 0.013139493996277452
Latency: 0.011767979012802243
Latency: 0.012544870842248201
Latency: 0.011926793958991766
Latency: 0.012781344121322036
Latency: 0.011819174978882074
Latency: 0.01414899481460452
Latency: 0.024798403028398752
Latency: 0.0255803179461509
Latency: 0.011467621894553304
Latency: 0.012516770046204329
Latency: 0.011616185074672103
Latency: 0.012874908978119493
Latency: 0.011747244047001004
Latency: 0.012583161005750299
Latency: 0.011897478019818664
Latency: 0.012834358029067516
Latency: 0.011409723199903965
Latency: 0.013158604968339205
Latency: 0.011829202994704247
Latency: 0.013013916090130806
Latency: 0.01169592421501875
Latency: 0.012918148888275027
Latency: 0.01157264388166368
Latency: 0.01284814695827663
Latency: 0.011928386986255646
Latency: 0.012839003000408411
Latency: 0.010848248843103647
Latency: 0.012351065874099731
Latency: 0.012712462106719613
Latency: 0.013843185035511851
Latency: 0.011819700011983514
Latency: 0.0128485350869596
Latency: 0.010767821921035647
Latency: 0.012499597854912281
Latency: 0.012133336160331964
Latency: 0.012708727037534118
Latency: 0.01198924402706325
Latency: 0.012679089093580842
Latency: 0.012673714896664023
Latency: 0.013799770036712289
Latency: 0.011740913847461343
Latency: 0.018147677183151245
Latency: 0.011906353989616036
Latency: 0.012920043896883726
Latency: 0.011917629046365619
Latency: 0.012993218144401908
Latency: 0.011944134021177888
Latency: 0.01301987818442285
Latency: 0.010877254186198115
Latency: 0.012319785077124834
Latency: 0.012861038092523813
Latency: 0.013781867921352386
Latency: 0.01180366100743413
Latency: 0.012843895936384797
Latency: 0.010797394206747413
Latency: 0.012457147939130664
Latency: 0.01195982308126986
Latency: 0.012627016054466367
Latency: 0.011960915988311172
Latency: 0.012660427950322628
Latency: 0.011762344976887107
Latency: 0.012779392069205642
Latency: 0.012880685040727258
Latency: 0.013936420902609825
Latency: 0.010766020976006985
Latency: 0.01244513806886971
Latency: 0.011810478987172246
Latency: 0.012585457880049944
Latency: 0.011748729972168803
Latency: 0.012792199151590466
Latency: 0.0119639509357512
Latency: 0.013299624901264906
Latency: 0.013053190894424915
Latency: 0.014080432010814548
Latency: 0.01182944094762206
Latency: 0.01295858807861805
Latency: 0.011700758943334222
Latency: 0.012597767869010568
Latency: 0.011759252985939384
Latency: 0.013062851969152689
Latency: 0.011928508058190346
Latency: 0.012728092027828097
Latency: 0.012048823991790414
Latency: 0.014288003090769053
Latency: 0.011570472968742251
Latency: 0.012756821932271123
Latency: 0.011840248014777899
Latency: 0.012804663041606545
Latency: 0.011856511933729053
Latency: 0.01297636004164815
Latency: 0.01068472396582365
Latency: 0.012374275829643011
Latency: 0.011961875017732382
Latency: 0.013096097856760025
Latency: 0.013024830026552081
Latency: 0.013873724034056067
Latency: 0.011736101005226374
Latency: 0.01288759196177125
Latency: 0.01180721097625792
Latency: 0.01276331301778555
Latency: 0.011889407876878977
Latency: 0.013191368198022246
Latency: 0.011910189874470234
Latency: 0.012537586037069559
Latency: 0.011847151909023523
Latency: 0.014264525845646858
Latency: 0.011588407913222909
Latency: 0.012625453062355518
Latency: 0.010785983875393867
Latency: 0.012617764063179493
Latency: 0.011983116157352924
Latency: 0.012779359007254243
Latency: 0.01171355415135622
Latency: 0.012668828945606947
Latency: 0.011938330950215459
Latency: 0.012731245020404458
Latency: 0.01269491482526064
Latency: 0.01369880000129342
Latency: 0.011767246993258595
Latency: 0.012620471883565187
Latency: 0.018547229003161192
Latency: 0.0194370960816741
Latency: 0.01203939807601273
Latency: 0.013322754064574838
Latency: 0.011871156981214881
Latency: 0.013709172140806913
Latency: 0.012374161975458264
Latency: 0.012665841961279511
Latency: 0.013081996003165841
Latency: 0.014165785163640976
Latency: 0.02597624994814396
Latency: 0.026924635050818324
Latency: 0.01159099000506103
Latency: 0.012850531842559576
Latency: 0.011854144046083093
Latency: 0.01274357596412301
Latency: 0.011968400096520782
Latency: 0.012643096968531609
Latency: 0.011593968840315938
Latency: 0.012379355961456895
Latency: 0.012302431976422668
Latency: 0.013487764168530703
Latency: 0.011550507042557001
Latency: 0.012546621030196548
Latency: 0.011577873025089502
Latency: 0.012662393040955067
Latency: 0.011709514074027538
Latency: 0.01258383016102016
Latency: 0.010574918938800693
Latency: 0.012181013124063611
Latency: 0.01259597996249795
Latency: 0.013581815175712109
Latency: 0.011641529854387045
Latency: 0.0126071039121598
Latency: 0.011507017072290182
Latency: 0.012593170860782266
Latency: 0.01165836094878614
Latency: 0.01248843502253294
Latency: 0.011464975075796247
Latency: 0.012513562105596066
Latency: 0.012068561976775527
Latency: 0.013474202947691083
Latency: 0.010662483051419258
Latency: 0.01225404511205852
Latency: 0.011483465088531375
Latency: 0.01274366700090468
Latency: 0.0115219468716532
Latency: 0.012418658006936312
Latency: 0.011598458047956228
Latency: 0.012642804067581892
Latency: 0.011687431950122118
Latency: 0.012729070847854018
Latency: 0.01262132404372096
Latency: 0.013567797839641571
Latency: 0.011554253054782748
Latency: 0.012628157157450914
Latency: 0.010717954952269793
Latency: 0.012402761029079556
Latency: 0.011622488033026457
Latency: 0.012717874022200704
Latency: 0.011425561970099807
Latency: 0.012357510859146714
Latency: 0.012865443946793675
Latency: 0.014101107837632298
Latency: 0.011641799006611109
Latency: 0.012362916022539139
Latency: 0.011636883951723576
Latency: 0.012765529099851847
Latency: 0.011989271035417914
Latency: 0.012694924836978316
Latency: 0.011508008930832148
Latency: 0.012582533992826939
Latency: 0.011600284837186337
Latency: 0.01250903308391571
Latency: 0.012745430925861001
Latency: 0.013746907003223896
Latency: 0.01158327516168356
Latency: 0.012663915054872632
Latency: 0.011484615970402956
Latency: 0.012305752839893103
Latency: 0.011608557077124715
Latency: 0.012903369963169098
Latency: 0.011536527192220092
Latency: 0.012253390857949853
Latency: 0.01166918408125639
Latency: 0.012632649159058928
Latency: 0.011678650975227356
Latency: 0.013233987847343087
Latency: 0.011517961975187063
Latency: 0.012639988912269473
Latency: 0.011681341100484133
Latency: 0.012422580039128661
Latency: 0.011524480069056153
Latency: 0.012577370973303914
Latency: 0.011446934891864657
Latency: 0.01246216893196106
Latency: 0.011539278086274862
Latency: 0.012643307913094759
Latency: 0.011577207827940583
Latency: 0.013106929836794734
Latency: 0.011515789898112416
Latency: 0.012637573992833495
Latency: 0.011695416178554296
Latency: 0.012980232946574688
Latency: 0.011586236068978906
Latency: 0.012533371103927493
Latency: 0.011893838876858354
Latency: 0.01249418780207634
Latency: 0.01294423290528357
Latency: 0.013976393966004252
Latency: 0.011268581030890346
Latency: 0.012508926214650273
Latency: 0.011560779996216297
Latency: 0.01262743305414915
Latency: 0.011574506992474198
Latency: 0.012713890057057142
Latency: 0.01155642094090581
Latency: 0.012563843978568912
Latency: 0.011496145045384765
Latency: 0.012584287906065583
Latency: 0.012562507996335626
Latency: 0.013403833145275712
Latency: 0.011684703174978495
Latency: 0.012731096940115094
Latency: 0.011552622076123953
Latency: 0.012574149062857032
Latency: 0.011560769053176045
Latency: 0.012795377057045698
Latency: 0.011527069844305515
Latency: 0.012533633969724178
Latency: 0.011530230985954404
Latency: 0.013936392031610012
Latency: 0.025072338059544563
Latency: 0.026085165096446872
Latency: 0.0114041268825531
Latency: 0.012426519067957997
Latency: 0.011502509005367756
Latency: 0.012406154070049524
Latency: 0.01153873885050416
Latency: 0.012614167993888259
Latency: 0.011441662907600403
Latency: 0.012594589032232761
Latency: 0.012347852811217308
Latency: 0.013381605967879295
Latency: 0.010360887041315436
Latency: 0.012064279988408089
Latency: 0.011385275982320309
Latency: 0.012524673948064446
Latency: 0.010318962158635259
Latency: 0.012026648968458176
Latency: 0.011595556978136301
Latency: 0.012550653191283345
Latency: 0.010551203042268753
Latency: 0.012142441933974624
Latency: 0.01251598889939487
Latency: 0.013263189001008868
Latency: 0.01143195410259068
Latency: 0.012328974902629852
Latency: 0.011395430192351341
Latency: 0.012696681078523397
Latency: 0.011554235126823187
Latency: 0.01231297804042697
Latency: 0.011484429938718677
Latency: 0.012549469945952296
Latency: 0.012570872204378247
Latency: 0.013621639925986528
Latency: 0.01145168300718069
Latency: 0.012444587191566825
Latency: 0.011518023908138275
Latency: 0.012626978801563382
Latency: 0.011513895122334361
Latency: 0.012299136957153678
Latency: 0.011584448162466288
Latency: 0.01254596607759595
Latency: 0.011590195819735527
Latency: 0.014030639082193375
Latency: 0.011367749888449907
Latency: 0.012413715943694115
Latency: 0.011424724943935871
Latency: 0.012272292980924249
Latency: 0.011602841084823012
Latency: 0.012585580116137862
Latency: 0.011534268036484718
Latency: 0.012731035007163882
Latency: 0.011657387018203735
Latency: 0.012623019982129335
Latency: 0.012759476201608777
Latency: 0.01374631910584867
Latency: 0.011596244992688298
Latency: 0.012868429068475962
Latency: 0.011581161059439182
Latency: 0.012429818045347929
Latency: 0.011503756046295166
Latency: 0.012686620932072401
Latency: 0.011607900960370898
Latency: 0.012489604065194726
Latency: 0.011643344070762396
Latency: 0.012749462155625224
Latency: 0.011759354965761304
Latency: 0.013248675037175417
Latency: 0.011400233022868633
Latency: 0.012363722082227468
Latency: 0.011520668165758252
Latency: 0.012661667075008154
Latency: 0.01147161703556776
Latency: 0.01267015584744513
Latency: 0.011610959889367223
Latency: 0.01272407895885408
Latency: 0.012673025019466877
Latency: 0.013487439136952162
Latency: 0.011686092941090465
Latency: 0.012619900051504374
Latency: 0.011446878081187606
Latency: 0.012346047908067703
Latency: 0.011442557908594608
Latency: 0.01262263092212379
Latency: 0.011526357848197222
Latency: 0.012429289054125547
Latency: 0.011714085936546326
Latency: 0.012672260170802474
Latency: 0.01256309705786407
Latency: 0.013343252940103412
Latency: 0.011535448022186756
Latency: 0.01262667984701693
Latency: 0.011600726982578635
Latency: 0.012734577059745789
Latency: 0.011732507962733507
Latency: 0.01235204515978694
Latency: 0.011422680923715234
Latency: 0.01244043093174696
Latency: 0.011521992972120643
Latency: 0.012490598950535059
Latency: 0.012450661044567823
Latency: 0.01344875106588006
Latency: 0.011518011102452874
Latency: 0.01240104902535677
Latency: 0.011706330813467503
Latency: 0.012393267126753926
Latency: 0.011360435048118234
Latency: 0.012517387047410011
Latency: 0.011554355034604669
Latency: 0.012620100984349847
Latency: 0.011294386116787791
Latency: 0.012133870972320437
Latency: 0.011421790113672614
Latency: 0.012944784015417099
Latency: 0.011508502997457981
Latency: 0.012571218889206648
Latency: 0.011583165032789111
Latency: 0.01275608316063881
Latency: 0.011714000022038817
Latency: 0.012624942930415273
Latency: 0.011663591023534536
Latency: 0.012545329052954912
Latency: 0.012551520019769669
Latency: 0.0136210429482162
Latency: 0.025660634972155094
Latency: 0.026595398085191846
Latency: 0.011368195060640574
Latency: 0.012770276051014662
Latency: 0.01141179003752768
Latency: 0.01232474995777011
Latency: 0.011637644842267036
Latency: 0.012668217997998
Latency: 0.011413065949454904
Latency: 0.012307871133089066
Latency: 0.012478563003242016
Latency: 0.013382717967033386
Latency: 0.010558672016486526
Latency: 0.012013535015285015
Latency: 0.011465109884738922
Latency: 0.012550656916573644
Latency: 0.01148125296458602
Latency: 0.012552794069051743
Latency: 0.011530493153259158
Latency: 0.012519086943939328
Latency: 0.01152674900367856
Latency: 0.013149348087608814
Latency: 0.011562885949388146
Latency: 0.012836461886763573
Latency: 0.011728201992809772
Latency: 0.01238498487509787
Latency: 0.011493331054225564
Latency: 0.012503731995821
Latency: 0.011490141041576862
Latency: 0.012500572949647903
Latency: 0.010590245015919209
Latency: 0.011996052926406264
Latency: 0.012295868014916778
Latency: 0.01354009285569191
Latency: 0.011390446918085217
Latency: 0.012382671004161239
Latency: 0.011569401016458869
Latency: 0.012684880988672376
Latency: 0.01172461616806686
Latency: 0.012442724080756307
Latency: 0.011655454989522696
Latency: 0.012622050940990448
Latency: 0.012647513067349792
Latency: 0.01357633899897337
Latency: 0.011562627041712403
Latency: 0.012772121001034975
Latency: 0.01146951294504106
Latency: 0.012398461112752557
Latency: 0.011541510932147503
Latency: 0.012792409863322973
Latency: 0.011753230122849345
Latency: 0.012710209004580975
Latency: 0.01157266297377646
Latency: 0.013885394902899861
Latency: 0.01033505005761981
Latency: 0.011895050993189216
Latency: 0.011584013933315873
Latency: 0.012722064042463899
Latency: 0.011822272092103958
Latency: 0.01238449290394783
Latency: 0.01139408489689231
Latency: 0.012371292104944587
Latency: 0.011791273951530457
Latency: 0.01246660714969039
Latency: 0.012668040115386248
Latency: 0.013708177953958511
Latency: 0.011523732915520668
Latency: 0.01269130501896143
Latency: 0.011437888024374843
Latency: 0.012353705940768123
Latency: 0.011563938111066818
Latency: 0.01270489301532507
Latency: 0.011494928039610386
Latency: 0.012424668995663524
Latency: 0.011703366879373789
Latency: 0.012607426848262548
Latency: 0.011562892002984881
Latency: 0.013057274976745248
Latency: 0.011370670050382614
Latency: 0.012479125987738371
Latency: 0.010547632817178965
Latency: 0.01200072793290019
Latency: 0.011477835942059755
Latency: 0.012585242046043277
Latency: 0.010654351906850934
Latency: 0.012139468919485807
Latency: 0.011518601095303893
Latency: 0.012902387185022235
Latency: 0.012438198085874319
Latency: 0.013791203033179045
Latency: 0.011492194142192602
Latency: 0.012525880942121148
Latency: 0.01147805294021964
Latency: 0.01269957097247243
Latency: 0.011397049995139241
Latency: 0.012558826943859458
Latency: 0.011724997078999877
Latency: 0.012432164046913385
Latency: 0.011467767879366875
Latency: 0.012629571836441755
Latency: 0.012446467066183686
Latency: 0.0134396911598742
Latency: 0.010608474956825376
Latency: 0.01212617615237832
Latency: 0.011530911084264517
Latency: 0.012619717046618462
Latency: 0.010744123021140695
Latency: 0.012058618944138288
Latency: 0.011521867010742426
Latency: 0.012401551008224487
Latency: 0.01144738495349884
Latency: 0.01244793483056128
Latency: 0.012517719063907862
Latency: 0.013414490036666393
Latency: 0.01168351387605071
Latency: 0.012399314204230905
Latency: 0.01134056318551302
Latency: 0.012479627039283514
Latency: 0.010558991925790906
Latency: 0.011987350881099701
Latency: 0.011685421923175454
Latency: 0.012472950853407383
Latency: 0.011712309205904603
Latency: 0.012440023943781853
Latency: 0.026886036852374673
Latency: 0.028193672886118293
Latency: 0.011411025887355208
Latency: 0.012570378836244345
Latency: 0.011554829776287079
Latency: 0.012529392028227448
Latency: 0.011336874915286899
Latency: 0.01226247288286686
Latency: 0.011775008868426085
Latency: 0.012601109920069575
Latency: 0.012315486092120409
Latency: 0.013418714981526136
Latency: 0.0115271529648453
Latency: 0.012622836977243423
Latency: 0.011534726014360785
Latency: 0.012172335060313344
Latency: 0.011515311896800995
Latency: 0.012730485061183572
Latency: 0.01056458498351276
Latency: 0.012132355011999607
Latency: 0.011537803802639246
Latency: 0.01332809403538704
Latency: 0.010206358972936869
Latency: 0.012188111897557974
Latency: 0.011265340959653258
Latency: 0.012490132823586464
Latency: 0.011618569027632475
Latency: 0.012523785000666976
Latency: 0.011444378877058625
Latency: 0.012532711029052734
Latency: 0.011620093835517764
Latency: 0.012268830090761185
Latency: 0.01250913692638278
Latency: 0.013343506027013063
Latency: 0.011453839018940926
Latency: 0.012422214029356837
Latency: 0.011452876962721348
Latency: 0.012499114964157343
Latency: 0.010505949147045612
Latency: 0.012073015095666051
Latency: 0.011569403111934662
Latency: 0.01282464200630784
Latency: 0.011609310051426291
Latency: 0.012513138819485903
Latency: 0.01269711903296411
Latency: 0.012453217059373856
Latency: 0.011761043919250369
Latency: 0.012672476004809141
Latency: 0.010450894013047218
Latency: 0.012086884118616581
Latency: 0.01177489198744297
Latency: 0.012457435019314289
Latency: 0.011591172078624368
Latency: 0.012408438138663769
Latency: 0.012466761050745845
Latency: 0.013517057057470083
Latency: 0.01056700199842453
Latency: 0.012230942025780678
Latency: 0.011527369963005185
Latency: 0.012590086087584496
Latency: 0.01144605502486229
Latency: 0.012366787996143103
Latency: 0.011637600837275386
Latency: 0.012660236097872257
Latency: 0.011527254013344646
Latency: 0.012179011013358831
Latency: 0.012382456101477146
Latency: 0.01339015201665461
Latency: 0.010552875930443406
Latency: 0.012101395055651665
Latency: 0.011470912024378777
Latency: 0.01249343785457313
Latency: 0.010654943995177746
Latency: 0.012334045022726059
Latency: 0.011642043013125658
Latency: 0.012651694938540459
Latency: 0.01058655814267695
Latency: 0.012098066043108702
Latency: 0.012730164919048548
Latency: 0.013677622191607952
Latency: 0.011572183109819889
Latency: 0.01258383085951209
Latency: 0.01073787990026176
Latency: 0.012293990002945065
Latency: 0.011500576976686716
Latency: 0.01259268308058381
Latency: 0.0115214460529387
Latency: 0.012496551964432001
Latency: 0.012789207976311445
Latency: 0.01395254791714251
Latency: 0.011691926047205925
Latency: 0.012419930892065167
Latency: 0.01154577312991023
Latency: 0.012724483851343393
Latency: 0.011948131024837494
Latency: 0.012532968074083328
Latency: 0.011454987106844783
Latency: 0.012418400030583143
Latency: 0.011534364195540547
Latency: 0.01243531284853816
Latency: 0.012557178037241101
Latency: 0.01371268485672772
Latency: 0.011522093089297414
Latency: 0.012502006022259593
Latency: 0.011525718960911036
Latency: 0.012540538096800447
Latency: 0.011533041018992662
Latency: 0.012528361985459924
Latency: 0.010573509149253368
Latency: 0.012211170047521591
Latency: 0.012761333957314491
Latency: 0.013601236045360565
Latency: 0.010395342949777842
Latency: 0.012132931966334581
Latency: 0.011602247832342982
Latency: 0.01259592198766768
Latency: 0.011639331001788378
Latency: 0.012746919179335237
Latency: 0.01159920310601592
Latency: 0.01268138806335628
Latency: 0.011577886994928122
Latency: 0.012481987942010164
Latency: 0.012608265969902277
Latency: 0.013625018997117877
Latency: 0.026155725121498108
Latency: 0.0273882569745183
Latency: 0.011608133092522621
Latency: 0.012483199825510383
Latency: 0.010711339069530368
Latency: 0.012126818997785449
Latency: 0.011316708056256175
Latency: 0.012745572021231055
Latency: 0.012494181049987674
Latency: 0.013040950056165457
Latency: 0.011462968774139881
Latency: 0.0125285389367491
Latency: 0.01060793292708695
Latency: 0.012042032089084387
Latency: 0.01151401293464005
Latency: 0.012561935000121593
Latency: 0.010622813832014799
Latency: 0.012218035059049726
Latency: 0.011691047111526132
Latency: 0.012717226054519415
Latency: 0.012588959885761142
Latency: 0.013231265125796199
Latency: 0.011431921971961856
Latency: 0.012455259915441275
Latency: 0.011682156939059496
Latency: 0.012403152883052826
Latency: 0.011434823973104358
Latency: 0.012445960892364383
Latency: 0.01151932100765407
Latency: 0.012512445915490389
Latency: 0.011566218920052052
Latency: 0.012818094110116363
Latency: 0.012411787873134017
Latency: 0.013518695021048188
Latency: 0.011591390939429402
Latency: 0.012358830077573657
Latency: 0.011574615957215428
Latency: 0.012683750130236149
Latency: 0.011478508822619915
Latency: 0.012495195958763361
Latency: 0.01156964898109436
Latency: 0.012686687055975199
Latency: 0.012549031991511583
Latency: 0.013463716953992844
Latency: 0.011467908974736929
Latency: 0.012521940050646663
Latency: 0.010600066976621747
Latency: 0.012086805887520313
Latency: 0.011531155090779066
Latency: 0.012704699067398906
Latency: 0.011734298896044493
Latency: 0.012309306999668479
Latency: 0.011792403878644109
Latency: 0.01267656497657299
Latency: 0.012217707000672817
Latency: 0.01345229521393776
Latency: 0.011311490088701248
Latency: 0.012575122993439436
Latency: 0.011409006081521511
Latency: 0.012533487984910607
Latency: 0.011570374015718699
Latency: 0.012511210981756449
Latency: 0.011783635010942817
Latency: 0.012507640989497304
Latency: 0.011530688032507896
Latency: 0.012522289995104074
Latency: 0.012501513119786978
Latency: 0.013369373045861721
Latency: 0.01150100794620812
Latency: 0.012153799878433347
Latency: 0.011496755992993712
Latency: 0.012578889029100537
Latency: 0.01156918192282319
Latency: 0.012810311047360301
Latency: 0.011839071987196803
Latency: 0.012475216062739491
Latency: 0.012602129019796848
Latency: 0.013652430148795247
Latency: 0.011641187826171517
Latency: 0.012689812108874321
Latency: 0.011676053050905466
Latency: 0.012733171926811337
Latency: 0.011705694952979684
Latency: 0.012693485943600535
Latency: 0.011593328090384603
Latency: 0.01244609896093607
Latency: 0.011601075995713472
Latency: 0.01257926900871098
Latency: 0.011596577009186149
Latency: 0.01306578703224659
Latency: 0.011528224917128682
Latency: 0.012587537989020348
Latency: 0.01162882219068706
Latency: 0.012740044854581356
Latency: 0.011467681033536792
Latency: 0.0126053208950907
Latency: 0.011680969037115574
Latency: 0.012624333146959543
Latency: 0.010786079103127122
Latency: 0.012305643875151873
Latency: 0.012743307976052165
Latency: 0.013648860855028033
Latency: 0.011510409880429506
Latency: 0.012464994098991156
Latency: 0.011753432918339968
Latency: 0.01293132291175425
Latency: 0.011943412013351917
Latency: 0.012723033782094717
Latency: 0.01168660493567586
Latency: 0.012535854941233993
Latency: 0.011640622979030013
Latency: 0.012577338144183159
Latency: 0.012585205025970936
Latency: 0.01373528502881527
Latency: 0.011748003074899316
Latency: 0.012772497022524476
Latency: 0.011598850134760141
Latency: 0.012310744961723685
Latency: 0.011718494817614555
Latency: 0.013023492880165577
Latency: 0.01160861412063241
Latency: 0.012575719971209764
Latency: 0.012853716034442186
Latency: 0.013791443081572652
Latency: 0.027477008057758212
Latency: 0.02858335291966796
Latency: 0.011271282099187374
Latency: 0.012489342829212546
Latency: 0.01157997502014041
Latency: 0.012458005920052528
Latency: 0.011686234036460519
Latency: 0.012742966879159212
Latency: 0.012424344895407557
Latency: 0.013462472939863801
Latency: 0.0113046420738101
Latency: 0.01239691092632711
Latency: 0.011440681992098689
Latency: 0.012645367998629808
Latency: 0.011303710052743554
Latency: 0.01233706995844841
Latency: 0.011684313882142305
Latency: 0.012583274859935045
Latency: 0.011554880999028683
Latency: 0.01267441688105464
Latency: 0.012566779972985387
Latency: 0.013657692121341825
Latency: 0.011641326127573848
Latency: 0.012401877902448177
Latency: 0.011494623962789774
Latency: 0.01275424100458622
Latency: 0.011820993851870298
Latency: 0.012343872105702758
Latency: 0.011457893997430801
Latency: 0.012614428997039795
Latency: 0.01157321990467608
Latency: 0.01231653313152492
Latency: 0.012707068817690015
Latency: 0.013591751921921968
Latency: 0.011472747894003987
Latency: 0.012373490957543254
Latency: 0.011394642991945148
Latency: 0.012426221976056695
Latency: 0.010664202040061355
Latency: 0.012350448872894049
Latency: 0.011667019920423627
Latency: 0.012729201931506395
Latency: 0.011666022008284926
Latency: 0.013259329833090305
Latency: 0.01152079296298325
Latency: 0.012312291888520122
Latency: 0.01153240306302905
Latency: 0.012733038980513811
Latency: 0.010706600965932012
Latency: 0.012020629132166505
Latency: 0.011644385056570172
Latency: 0.012448430992662907
Latency: 0.011472599115222692
Latency: 0.012643632013350725
Latency: 0.01285708392970264
Latency: 0.013703760923817754
Latency: 0.011548114009201527
Latency: 0.012756560929119587
Latency: 0.011451577069237828
Latency: 0.012593060964718461
Latency: 0.011626943945884705
Latency: 0.01261256099678576
Latency: 0.01158414501696825
Latency: 0.01274687284603715
Latency: 0.0125566681381315
Latency: 0.013483467977494001
Latency: 0.011576058808714151
Latency: 0.01257383800111711
Latency: 0.011545856017619371
Latency: 0.012643755879253149
Latency: 0.011685690842568874
Latency: 0.01990333292633295
Latency: 0.01142508303746581
Latency: 0.012979812920093536
Latency: 0.01145066786557436
Latency: 0.01240282109938562
Latency: 0.012740998063236475
Latency: 0.01228238781914115
Latency: 0.01143296086229384
Latency: 0.012387222843244672
Latency: 0.011558471946045756
Latency: 0.012699157930910587
Latency: 0.011822141008451581
Latency: 0.012726511806249619
Latency: 0.011738579953089356
Latency: 0.012574239866808057
Latency: 0.012656155973672867
Latency: 0.013511327793821692
Latency: 0.011403187876567245
Latency: 0.012397456914186478
Latency: 0.011573782889172435
Latency: 0.01254934212192893
Latency: 0.011515198973938823
Latency: 0.01257050409913063
Latency: 0.011731636943295598
Latency: 0.012748518027365208
Latency: 0.011591721093282104
Latency: 0.012735507916659117
Latency: 0.012674680911004543
Latency: 0.013742939103394747
Latency: 0.011581607861444354
Latency: 0.012439841870218515
Latency: 0.011639207135885954
Latency: 0.012585571967065334
Latency: 0.011543476022779942
Latency: 0.012630136916413903
Latency: 0.011769636999815702
Latency: 0.012734335847198963
Latency: 0.011557985097169876
Latency: 0.012344617862254381
Latency: 0.012741185026243329
Latency: 0.013809434836730361
Latency: 0.011619152966886759
Latency: 0.012644089991226792
Latency: 0.011578548001125455
Latency: 0.012738266959786415
Latency: 0.011868133908137679
Latency: 0.012593417195603251
Latency: 0.011577855097129941
Latency: 0.012634756974875927
Latency: 0.011613236041739583
Latency: 0.012624155962839723
Latency: 0.028562013059854507
Latency: 0.02958173886872828
Latency: 0.011607394088059664
Latency: 0.013007663888856769
Latency: 0.011580348946154118
Latency: 0.012359277112409472
Latency: 0.011681637959554791
Latency: 0.012561483075842261
Latency: 0.010633822064846754
Latency: 0.012119977036491036
Latency: 0.012397679965943098
Latency: 0.013441951014101505
Latency: 0.011749755823984742
Latency: 0.012622989946976304
Latency: 0.011481652036309242
Latency: 0.012684941990301013
Latency: 0.011700976872816682
Latency: 0.012336380081251264
Latency: 0.011427935911342502
Latency: 0.012448041001334786
Latency: 0.011499196058139205
Latency: 0.012411742936819792
Latency: 0.012585382908582687
Latency: 0.013686584075912833
Latency: 0.011548734968528152
Latency: 0.012584632961079478
Latency: 0.011589634930714965
Latency: 0.012828528881072998
Latency: 0.011675931047648191
Latency: 0.012584714917466044
Latency: 0.011627682019025087
Latency: 0.012904752977192402
Latency: 0.012582852970808744
Latency: 0.013868011999875307
Latency: 0.011437577893957496
Latency: 0.01242856401950121
Latency: 0.011288732988759875
Latency: 0.01250393409281969
Latency: 0.010443301871418953
Latency: 0.012099415995180607
Latency: 0.011665520956739783
Latency: 0.012744428124278784
Latency: 0.011645200196653605
Latency: 0.01390024391002953
Latency: 0.011459980858489871
Latency: 0.012351930839940906
Latency: 0.011549715884029865
Latency: 0.01260808715596795
Latency: 0.010428569978103042
Latency: 0.012394387973472476
Latency: 0.01165388198569417
Latency: 0.012625914067029953
Latency: 0.01067640190012753
Latency: 0.012288691010326147
Latency: 0.012601055903360248
Latency: 0.01351434108801186
Latency: 0.011692143976688385
Latency: 0.01231093006208539
Latency: 0.011411762097850442
Latency: 0.012510413071140647
Latency: 0.01070485613308847
Latency: 0.012300115078687668
Latency: 0.011557135032489896
Latency: 0.012837489834055305
Latency: 0.011542845983058214
Latency: 0.012464028084650636
Latency: 0.012658525025472045
Latency: 0.01379340491257608
Latency: 0.011534941848367453
Latency: 0.012542895041406155
Latency: 0.011570046888664365
Latency: 0.012459185207262635
Latency: 0.011570424074307084
Latency: 0.01260695094242692
Latency: 0.011662227101624012
Latency: 0.012703738175332546
Latency: 0.012755759991705418
Latency: 0.01362177892588079
Latency: 0.010636933846399188
Latency: 0.01207195408642292
Latency: 0.011598546989262104
Latency: 0.012872746912762523
Latency: 0.011415632208809257
Latency: 0.012339704902842641
Latency: 0.011694421991705894
Latency: 0.012469151988625526
Latency: 0.011492685182020068
Latency: 0.012563444906845689
Latency: 0.012513847090303898
Latency: 0.013362988131120801
Latency: 0.011460718931630254
Latency: 0.01237701391801238
Latency: 0.011654064990580082
Latency: 0.012941449880599976
Latency: 0.011684935074299574
Latency: 0.012548665050417185
Latency: 0.011527559021487832
Latency: 0.012552606873214245
Latency: 0.011578667908906937
Latency: 0.012440618127584457
Latency: 0.012687155976891518
Latency: 0.013837535865604877
Latency: 0.011512013850733638
Latency: 0.012764982180669904
Latency: 0.01143808919005096
Latency: 0.0124527330044657
Latency: 0.01156503101810813
Latency: 0.012514660134911537
Latency: 0.011726188007742167
Latency: 0.01272297604009509
Latency: 0.01255691610276699
Latency: 0.01390264299698174
Latency: 0.011638776864856482
Latency: 0.012475735042244196
Latency: 0.011717265006154776
Latency: 0.01249769702553749
Latency: 0.011603220831602812
Latency: 0.012605377938598394
Latency: 0.011771267047151923
Latency: 0.01281394506804645
Latency: 0.011583664920181036
Latency: 0.012579911854118109
Latency: 0.029201511992141604
Latency: 0.029072443023324013
Latency: 0.011603879975154996
Latency: 0.012594689847901464
Latency: 0.011695798020809889
Latency: 0.01241235714405775
Latency: 0.011505740229040384
Latency: 0.01264786790125072
Latency: 0.011844272026792169
Latency: 0.012413367861881852
Latency: 0.012300882022827864
Latency: 0.013334799092262983
Latency: 0.011807217029854655
Latency: 0.01260991906747222
Latency: 0.01140433014370501
Latency: 0.012667889008298516
Latency: 0.011476994026452303
Latency: 0.012573420070111752
Latency: 0.011612782953307033
Latency: 0.012481705052778125
Latency: 0.01165847317315638
Latency: 0.013957582879811525
Latency: 0.011418696027249098
Latency: 0.012341704918071628
Latency: 0.011535846162587404
Latency: 0.012640525121241808
Latency: 0.011587813030928373
Latency: 0.01232140208594501
Latency: 0.0116386110894382
Latency: 0.012677073013037443
Latency: 0.011557484045624733
Latency: 0.012338104890659451
Latency: 0.012746393913403153
Latency: 0.013595916796475649
Latency: 0.011560189072042704
Latency: 0.012274435022845864
Latency: 0.01141418912447989
Latency: 0.012670066906139255
Latency: 0.011707927100360394
Latency: 0.01259621698409319
Latency: 0.011660994961857796
Latency: 0.012544536963105202
Latency: 0.011552707990631461
Latency: 0.012518068077042699
Latency: 0.012713112868368626
Latency: 0.01388738676905632
Latency: 0.011538765858858824
Latency: 0.012796835042536259
Latency: 0.011462145019322634
Latency: 0.012489862972870469
Latency: 0.011690834071487188
Latency: 0.012543871998786926
Latency: 0.011592037975788116
Latency: 0.012727270135656
Latency: 0.012601440772414207
Latency: 0.013635548995807767
Latency: 0.011559447972103953
Latency: 0.012237089918926358
Latency: 0.011536747915670276
Latency: 0.012605290161445737
Latency: 0.011683176970109344
Latency: 0.012682209024205804
Latency: 0.011779434978961945
Latency: 0.012827856000512838
Latency: 0.010624422924593091
Latency: 0.013668728061020374
Latency: 0.011486154049634933
Latency: 0.012317650020122528
Latency: 0.011584914056584239
Latency: 0.012826427817344666
Latency: 0.010567896068096161
Latency: 0.012152787065133452
Latency: 0.011561036109924316
Latency: 0.012569560902193189
Latency: 0.010678668040782213
Latency: 0.012194317067041993
Latency: 0.012690329924225807
Latency: 0.013683232944458723
Latency: 0.011701120063662529
Latency: 0.012526660924777389
Latency: 0.011471542064100504
Latency: 0.01242989907041192
Latency: 0.011660587042570114
Latency: 0.012636163970455527
Latency: 0.011545963119715452
Latency: 0.012522367993369699
Latency: 0.011581387836486101
Latency: 0.012464985018596053
Latency: 0.012655653990805149
Latency: 0.013800304848700762
Latency: 0.011571696028113365
Latency: 0.012805622071027756
Latency: 0.011522820917889476
Latency: 0.012446167878806591
Latency: 0.0114919098559767
Latency: 0.012947743060067296
Latency: 0.011604585917666554
Latency: 0.012548681814223528
Latency: 0.012821424985304475
Latency: 0.013720069080591202
Latency: 0.011711823986843228
Latency: 0.01254288014024496
Latency: 0.011546583147719502
Latency: 0.012782481033354998
Latency: 0.01167337317019701
Latency: 0.013023241190239787
Latency: 0.011537909973412752
Latency: 0.012486763065680861
Latency: 0.011595714138820767
Latency: 0.014089838834479451
Latency: 0.011413265019655228
Latency: 0.012316270032897592
Latency: 0.011602747021242976
Latency: 0.012788429157808423
Latency: 0.011759376153349876
Latency: 0.012492021080106497
Latency: 0.011544140055775642
Latency: 0.012617513071745634
Latency: 0.011588652851060033
Latency: 0.012598269851878285
Latency: 0.012689469149336219
Latency: 0.013652062974870205
Latency: 0.027872527949512005
Latency: 0.029016499873250723
Latency: 0.011465621879324317
Latency: 0.012564729899168015
Latency: 0.011560254963114858
Latency: 0.012489524204283953
Latency: 0.011796973878517747
Latency: 0.01280630799010396
Latency: 0.011649623047560453
Latency: 0.0125530029181391
Latency: 0.012472874019294977
Latency: 0.012299566995352507
Latency: 0.011504227062687278
Latency: 0.012538098962977529
Latency: 0.011543713044375181
Latency: 0.012303319992497563
Latency: 0.011611643014475703
Latency: 0.01268656994216144
Latency: 0.011566319968551397
Latency: 0.012253652093932033
Latency: 0.012819817056879401
Latency: 0.01376290712505579
Latency: 0.01161701395176351
Latency: 0.012553434818983078
Latency: 0.011716711102053523
Latency: 0.012734843883663416
Latency: 0.01160123199224472
Latency: 0.012724478961899877
Latency: 0.011466600932180882
Latency: 0.01249773078598082
Latency: 0.013082606019452214
Latency: 0.01398954913020134
Latency: 0.011514639016240835
Latency: 0.012449786998331547
Latency: 0.011367793893441558
Latency: 0.01262856088578701
Latency: 0.011593374190852046
Latency: 0.012310172896832228
Latency: 0.011522701941430569
Latency: 0.0126680969260633
Latency: 0.011709766928106546
Latency: 0.012304079020395875
Latency: 0.012518777046352625
Latency: 0.013571663061156869
Latency: 0.011556348064914346
Latency: 0.012607332086190581
Latency: 0.011407706886529922
Latency: 0.012563901953399181
Latency: 0.011578309815376997
Latency: 0.012568272883072495
Latency: 0.011720078997313976
Latency: 0.012753471033647656
Latency: 0.011621110141277313
Latency: 0.012620104011148214
Latency: 0.012667194940149784
Latency: 0.013823365094140172
Latency: 0.01174847618676722
Latency: 0.01294290809892118
Latency: 0.011684061959385872
Latency: 0.012393712997436523
Latency: 0.01144778379239142
Latency: 0.012602766044437885
Latency: 0.011612178990617394
Latency: 0.012451358139514923
Latency: 0.012681480031460524
Latency: 0.013778770808130503
Latency: 0.011581085855141282
Latency: 0.012599308975040913
Latency: 0.010646747890859842
Latency: 0.012292345054447651
Latency: 0.01156901498325169
Latency: 0.012808277970179915
Latency: 0.010799943935126066
Latency: 0.012298814952373505
Latency: 0.011626963969320059
Latency: 0.013785935938358307
Latency: 0.012120153987780213
Latency: 0.012421885039657354
Latency: 0.01147455582395196
Latency: 0.01249123108573258
Latency: 0.011592824012041092
Latency: 0.012769839027896523
Latency: 0.011430927086621523
Latency: 0.012458834098652005
Latency: 0.011732869083061814
Latency: 0.01279860595241189
Latency: 0.012505664955824614
Latency: 0.013536011800169945
Latency: 0.011778797022998333
Latency: 0.01267055212520063
Latency: 0.010650580981746316
Latency: 0.012234872905537486
Latency: 0.011639342876151204
Latency: 0.0126318100374192
Latency: 0.01079741888679564
Latency: 0.012268360937014222
Latency: 0.011589810950681567
Latency: 0.01419720589183271
Latency: 0.011555857956409454
Latency: 0.0125143569894135
Latency: 0.011496169026941061
Latency: 0.012282751966267824
Latency: 0.011546093970537186
Latency: 0.012788497842848301
Latency: 0.011815929086878896
Latency: 0.01263856515288353
Latency: 0.011649111984297633
Latency: 0.012783752055838704
Latency: 0.012611084152013063
Latency: 0.013240325031802058
Latency: 0.011605049017816782
Latency: 0.01273117889650166
Latency: 0.011653064051643014
Latency: 0.012470316840335727
Latency: 0.011526657966896892
Latency: 0.012601070804521441
Latency: 0.011719204019755125
Latency: 0.012959036976099014
Latency: 0.011454463936388493
Latency: 0.01245186198502779
Latency: 0.029102942906320095
Latency: 0.030104528879746795
Latency: 0.011565021937713027
Latency: 0.012448213994503021
Latency: 0.011425170814618468
Latency: 0.012676323065534234
Latency: 0.011890528025105596
Latency: 0.01254098885692656
Latency: 0.011559287086129189
Latency: 0.012463547987863421
Latency: 0.012422795873135328
Latency: 0.013177498942241073
Latency: 0.011590835871174932
Latency: 0.012649533106014132
Latency: 0.0116177371237427
Latency: 0.012779854936525226
Latency: 0.011943473014980555
Latency: 0.012564009986817837
Latency: 0.011647027917206287
Latency: 0.012638736050575972
Latency: 0.011614722199738026
Latency: 0.01389177399687469
Latency: 0.011396853951737285
Latency: 0.012438013916835189
Latency: 0.011591109214350581
Latency: 0.012461181031540036
Latency: 0.011884984094649553
Latency: 0.012547238962724805
Latency: 0.011625285958871245
Latency: 0.01272551016882062
Latency: 0.01166301011107862
Latency: 0.012659478932619095
Latency: 0.011706761084496975
Latency: 0.013151871971786022
Latency: 0.011529312934726477
Latency: 0.012424651999026537
Latency: 0.011595068965107203
Latency: 0.012754597002640367
Latency: 0.011511343065649271
Latency: 0.01242736098356545
Latency: 0.011863229097798467
Latency: 0.012574109015986323
Latency: 0.011481747031211853
Latency: 0.01247195596806705
Latency: 0.012496365001425147
Latency: 0.013498709071427584
Latency: 0.010729065863415599
Latency: 0.012104629073292017
Latency: 0.011620537843555212
Latency: 0.012537396047264338
Latency: 0.010676166042685509
Latency: 0.012200674042105675
Latency: 0.011580300983041525
Latency: 0.012734510935842991
Latency: 0.011641539167612791
Latency: 0.012460052967071533
Latency: 0.01263089501298964
Latency: 0.013719543116167188
Latency: 0.011629135813564062
Latency: 0.012859858106821775
Latency: 0.011483252979815006
Latency: 0.012384784175083041
Latency: 0.011612636037170887
Latency: 0.012872196966782212
Latency: 0.011688494123518467
Latency: 0.012332776095718145
Latency: 0.011622207006439567
Latency: 0.014074884820729494
Latency: 0.011474597034975886
Latency: 0.012453756062313914
Latency: 0.011483710026368499
Latency: 0.01265244698151946
Latency: 0.011801698943600059
Latency: 0.012464578030630946
Latency: 0.01149358507245779
Latency: 0.01241150195710361
Latency: 0.011604109080508351
Latency: 0.012510031927376986
Latency: 0.012757967924699187
Latency: 0.013898020144551992
Latency: 0.011713565094396472
Latency: 0.012729012873023748
Latency: 0.011638232972472906
Latency: 0.01235273783095181
Latency: 0.011677512200549245
Latency: 0.012952790828421712
Latency: 0.011778213083744049
Latency: 0.012399465078487992
Latency: 0.01154026691801846
Latency: 0.01263388292863965
Latency: 0.012765405932441354
Latency: 0.013699155999347568
Latency: 0.011622301070019603
Latency: 0.012672699987888336
Latency: 0.011780338129028678
Latency: 0.012492898851633072
Latency: 0.011661324184387922
Latency: 0.01263067894615233
Latency: 0.011843384942039847
Latency: 0.012547611026093364
Latency: 0.011533288983628154
Latency: 0.012621660018339753
Latency: 0.012569635873660445
Latency: 0.013617004035040736
Latency: 0.01061858213506639
Latency: 0.012199969962239265
Latency: 0.01156427408568561
Latency: 0.012714664917439222
Latency: 0.011581083992496133
Latency: 0.012547032907605171
Latency: 0.011617070995271206
Latency: 0.012878298060968518
Latency: 0.012792600085958838
Latency: 0.013474099105224013
Latency: 0.011630739085376263
Latency: 0.012796314898878336
Latency: 0.011577842989936471
Latency: 0.012573583982884884
Latency: 0.01157448603771627
Latency: 0.012661597924306989
Latency: 0.01166464202105999
Latency: 0.012510687112808228
Latency: 0.011391058098524809
Latency: 0.012577934889122844
Latency: 0.012538290116935968
Latency: 0.013543993001803756
Latency: 0.027472523972392082
Latency: 0.02929462492465973
Latency: 0.011507601011544466
Latency: 0.012310515157878399
Latency: 0.010257461108267307
Latency: 0.012080076849088073
Latency: 0.011437689187005162
Latency: 0.012625348987057805
Latency: 0.012574235908687115
Latency: 0.013429146958515048
Latency: 0.011354753049090505
Latency: 0.012130761053413153
Latency: 0.011363181052729487
Latency: 0.012530891923233867
Latency: 0.01059207390062511
Latency: 0.012231895001605153
Latency: 0.011559244012460113
Latency: 0.0126728939358145
Latency: 0.011659724870696664
Latency: 0.012310368940234184
Latency: 0.012730811024084687
Latency: 0.01362693589180708
Latency: 0.011492392979562283
Latency: 0.012375238118693233
Latency: 0.01154269091784954
Latency: 0.01269592996686697
Latency: 0.010525085963308811
Latency: 0.012149689951911569
Latency: 0.011668574996292591
Latency: 0.012615293031558394
Latency: 0.01154780201613903
Latency: 0.012585580814629793
Latency: 0.012632873840630054
Latency: 0.0137440818361938
Latency: 0.011763392947614193
Latency: 0.012798532145097852
Latency: 0.01162144006229937
Latency: 0.012579276924952865
Latency: 0.011746044037863612
Latency: 0.012484006118029356
Latency: 0.011511861113831401
Latency: 0.012530455132946372
Latency: 0.012588297948241234
Latency: 0.01376728294417262
Latency: 0.0116001321002841
Latency: 0.012427960988134146
Latency: 0.011459838133305311
Latency: 0.012580855982378125
Latency: 0.010624576127156615
Latency: 0.012166156899183989
Latency: 0.01186001906171441
Latency: 0.012782912934198976
Latency: 0.011640569195151329
Latency: 0.014213046990334988
Latency: 0.01143997604958713
Latency: 0.012395865051075816
Latency: 0.01160663296468556
Latency: 0.01283318200148642
Latency: 0.011800274951383471
Latency: 0.012395274126902223
Latency: 0.011476551182568073
Latency: 0.012621681904420257
Latency: 0.011616906151175499
Latency: 0.012295682914555073
Latency: 0.012809701031073928
Latency: 0.013655961025506258
Latency: 0.011719624977558851
Latency: 0.012368462048470974
Latency: 0.0115179771091789
Latency: 0.012847542995586991
Latency: 0.011866422835737467
Latency: 0.012568010948598385
Latency: 0.011468040058389306
Latency: 0.012501329882070422
Latency: 0.011581914033740759
Latency: 0.012512692948803306
Latency: 0.012675582896918058
Latency: 0.013800570042803884
Latency: 0.011591908056288958
Latency: 0.012770520057529211
Latency: 0.011454194085672498
Latency: 0.012415240053087473
Latency: 0.011677988804876804
Latency: 0.012863823911175132
Latency: 0.011698683956637979
Latency: 0.012353891041129827
Latency: 0.012841707095503807
Latency: 0.013873848831281066
Latency: 0.011715286877006292
Latency: 0.012690874980762601
Latency: 0.011658677132800221
Latency: 0.012734957970678806
Latency: 0.011686415877193213
Latency: 0.012545682955533266
Latency: 0.011703925905749202
Latency: 0.012636648956686258
Latency: 0.01162292598746717
Latency: 0.014081892091780901
Latency: 0.01292777806520462
Latency: 0.012376100989058614
Latency: 0.011723027098923922
Latency: 0.012794059002771974
Latency: 0.01163685298524797
Latency: 0.012520115124061704
Latency: 0.011537767015397549
Latency: 0.012653134064748883
Latency: 0.010614951141178608
Latency: 0.012106874957680702
Latency: 0.012640298809856176
Latency: 0.01371149392798543
Latency: 0.011627171887084842
Latency: 0.012866636971011758
Latency: 0.011519784107804298
Latency: 0.012579568894580007
Latency: 0.011772593017667532
Latency: 0.01295423787087202
Latency: 0.011658797040581703
Latency: 0.012303767958655953
Latency: 0.011698971036821604
Latency: 0.012757309013977647
Latency: 0.030249919975176454
Latency: 0.03128533600829542
Latency: 0.011551226023584604
Latency: 0.012336760992184281
Latency: 0.011418777983635664
Latency: 0.012654477963224053
Latency: 0.011795014142990112
Latency: 0.012439382961019874
Latency: 0.011586318025365472
Latency: 0.012688633985817432
Latency: 0.011613115901127458
Latency: 0.013020890997722745
Latency: 0.0106471530161798
Latency: 0.012395055964589119
Latency: 0.011848234105855227
Latency: 0.012641543988138437
Latency: 0.01151390396989882
Latency: 0.012648175936192274
Latency: 0.011614196002483368
Latency: 0.012637602165341377
Latency: 0.010681766085326672
Latency: 0.012225030921399593
Latency: 0.012652029050514102
Latency: 0.01252015121281147
Latency: 0.011624796083196998
Latency: 0.012788199121132493
Latency: 0.011973574990406632
Latency: 0.012564359931275249
Latency: 0.01154655683785677
Latency: 0.01792596699669957
Latency: 0.011411372106522322
Latency: 0.012285291915759444
Latency: 0.012542298063635826
Latency: 0.013670791871845722
Latency: 0.01156957889907062
Latency: 0.012868480058386922
Latency: 0.011820179875940084
Latency: 0.012509427964687347
