Latency: 0.9299064711667597
Latency: 0.9318025608081371
Latency: 0.8195689239073545
Latency: 0.8295644710306078
Latency: 0.8199589150026441
Latency: 0.8272590211126953
Latency: 0.834564208984375
Latency: 0.8343183610122651
Latency: 0.8298292080871761
Latency: 0.8228637718129903
Latency: 0.8292010030709207
Latency: 0.8327894289977849
Latency: 0.8310192080680281
Latency: 0.8368371732067317
Latency: 0.8372916257940233
Latency: 0.8314069728367031
Latency: 0.8160112460609525
Latency: 0.8299691600259393
Latency: 0.8231641920283437
Latency: 0.8190942038781941
Latency: 0.8283693280536681
Latency: 0.8263640780933201
Latency: 0.8162368191406131
Latency: 0.8315025540068746
Latency: 0.8348583220504224
Latency: 0.8335704440250993
Latency: 0.8357653131242841
Latency: 0.8106092349626124
Latency: 0.8174648538697511
Latency: 0.8207619087770581
Latency: 0.8228903110139072
Latency: 0.8305122149176896
Latency: 0.8326898841187358
Latency: 0.8367034159600735
Latency: 0.8147707560565323
Latency: 0.8290869330521673
Latency: 0.8294519979972392
Latency: 0.8462964179925621
