Latency: 1.04112195991911
Latency: 1.0210294381249696
Latency: 1.0248297560028732
Latency: 1.030378906056285
Latency: 1.0450946250930429
Latency: 1.0621148708742112
Latency: 1.0580457709729671
Latency: 1.0352786830626428
Latency: 1.0416872191708535
Latency: 1.0567737510427833
Latency: 1.080045955022797
Latency: 1.0535841220989823
Latency: 1.103497964097187
Latency: 1.057356775039807
Latency: 1.058089183177799
Latency: 1.0883594930637628
Latency: 1.0974452749360353
Latency: 1.0626245508901775
Latency: 1.112315438920632
Latency: 1.1153024840168655
Latency: 1.1022658341098577
Latency: 1.0987275501247495
Latency: 1.12792449304834
Latency: 1.1011327928863466
Latency: 1.100374264176935
Latency: 1.104129257146269
Latency: 1.1139247200917453
Latency: 1.1217032640706748
Latency: 1.0901949137914926
Latency: 1.1206101591233164
Latency: 1.118597358930856
Latency: 1.1193049249704927
Latency: 1.141737116035074
Latency: 1.155254099983722
Latency: 1.1419388889335096
Latency: 1.1396595491096377
Latency: 1.1308338209055364
Latency: 1.1134063501376659
Latency: 1.1623679790645838
Latency: 1.1140776148531586
Latency: 1.141593499109149
Latency: 1.1344413610640913
Latency: 1.121968027902767
Latency: 1.1473546831402928
Latency: 1.1598781470675021
Latency: 1.1812704449985176
Latency: 1.1686537170317024
Latency: 1.1795655679889023
Latency: 1.1757147391326725
Latency: 1.164907948113978
Latency: 1.1895469180308282
Latency: 1.1762876510620117
Latency: 1.1867508930154145
Latency: 1.1932186849880964
Latency: 1.1968221359420568
Latency: 1.1799243281129748
Latency: 1.1901724378112704
Latency: 1.2010967449750751
Latency: 1.202086335979402
Latency: 1.2075840269681066
Latency: 1.164289834909141
Latency: 1.2103730738162994
Latency: 1.167821726994589
Latency: 1.2084299698472023
Latency: 1.2175012649968266
Latency: 1.2227076429408044
Latency: 1.2062642259988934
Latency: 1.1854047328233719
Latency: 1.2205395521596074
Latency: 1.2289749460760504
Latency: 1.1900664740242064
Latency: 1.2290421570651233
Latency: 1.2334090808872133
Latency: 1.2439208480063826
Latency: 1.2286314000375569
Latency: 1.2272215981502086
Latency: 1.2467333779204637
Latency: 1.2500740429386497
Latency: 1.241657726932317
Latency: 1.2347041319590062
Latency: 1.2323015548754483
Latency: 1.2378422629553825
Latency: 1.2432931140065193
Latency: 1.2658750689588487
Latency: 1.244737226050347
Latency: 1.2424814510159194
Latency: 1.2526207668706775
Latency: 1.2373206161428243
Latency: 1.2584889600984752
Latency: 1.2617248420137912
Latency: 1.2345562318805605
Latency: 1.2700451470445842
Latency: 1.23969133105129
Latency: 1.274748852942139
Latency: 1.274157339008525
Latency: 1.2571327988989651
Latency: 1.2923541930504143
Latency: 1.274833156960085
Latency: 1.2851981548592448
Latency: 1.25305931805633
Latency: 1.2726467889733613
Latency: 1.283282824093476
Latency: 1.2833325010724366
Latency: 1.263095087138936
Latency: 1.2810358707793057
Latency: 1.306370167993009
Latency: 1.3118793731555343
Latency: 1.283521326025948
Latency: 1.2660570188891143
Latency: 1.306962433969602
Latency: 1.274157783947885
Latency: 1.276103659067303
Latency: 1.3000807561911643
Latency: 1.335235862992704
Latency: 1.3348595548886806
Latency: 1.3476578120607883
Latency: 1.3299019529949874
Latency: 1.3442776890005916
Latency: 1.3108270450029522
Latency: 1.316610568901524
Latency: 1.3653941149823368
Latency: 1.32354114507325
Latency: 1.3487598330248147
Latency: 1.3534283000044525
Latency: 1.321789314970374
Latency: 1.367648356826976
Latency: 1.3562262179329991
Latency: 1.3713834169320762
Latency: 1.338800854049623
Latency: 1.377214987995103
Latency: 1.3381830949801952
Latency: 1.3880297890864313
Latency: 1.3491177030373365
Latency: 1.3807138791307807
Latency: 1.3839921520557255
Latency: 1.3941484801471233
Latency: 1.3860770449973643
Latency: 1.3708144291304052
Latency: 1.404007166158408
Latency: 1.398941250052303
Latency: 1.362107896944508
Latency: 1.405311725102365
Latency: 1.3629986050073057
Latency: 1.390202890848741
Latency: 1.3870126141700894
Latency: 1.3866150928661227
Latency: 1.4139327181037515
Latency: 1.4157095379196107
Latency: 1.3918576990254223
Latency: 1.3973600240424275
Latency: 1.4293868439272046
Latency: 1.4162665689364076
Latency: 1.3814204579684883
Latency: 1.4008456929586828
Latency: 1.6078457550611347
Latency: 1.6220770271029323
Latency: 1.6709128951188177
Latency: 1.6909936359152198
Latency: 1.7074632269795984
Latency: 1.7218723681289703
Latency: 1.7201078969519585
Latency: 1.7155730889644474
Latency: 1.7486353199929
Latency: 1.7230190488044173
Latency: 1.754121560137719
Latency: 1.7945229418110102
Latency: 2.263298501027748
Latency: 2.2802999729756266
Latency: 2.2850438088644296
Latency: 2.3127748200204223
Latency: 2.313318525906652
Latency: 2.3051128569059074
Latency: 2.3199642070103437
Latency: 2.317315466934815
Latency: 2.3737193399574608
Latency: 2.388218370033428
Latency: 2.3797166070435196
Latency: 2.3886730698868632
Latency: 2.385230523068458
Latency: 2.4069804588798434
Latency: 2.4107347619719803
Latency: 2.3978584739379585
Latency: 2.4051324571482837
Latency: 2.3916722268331796
Latency: 2.4004716579802334
Latency: 2.418635165086016
Latency: 2.415345705114305
Latency: 2.4079463579691947
Latency: 2.4186356759164482
Latency: 2.426709635881707
Latency: 2.4045452289283276
Latency: 2.406159644946456
Latency: 2.4192036429885775
Latency: 2.437653020955622
Latency: 2.4436310320161283
Latency: 2.4588723899796605
Latency: 2.4411614490672946
Latency: 2.4464678440708667
Latency: 2.458898568060249
Latency: 2.445911531103775
Latency: 2.460121175972745
Latency: 2.463882664917037
Latency: 2.4571101118344814
Latency: 2.4704755120910704
Latency: 2.4509175799321383
Latency: 2.4673757469281554
Latency: 2.474655136000365
Latency: 2.4776010101195425
Latency: 2.476804106030613
Latency: 2.468099356163293
Latency: 2.4807748310267925
Latency: 2.476942100096494
Latency: 2.4853270340245217
Latency: 2.470743737882003
Latency: 2.4724957938306034
Latency: 2.4845933970063925
Latency: 2.4917770011816174
Latency: 2.4875815908890218
Latency: 2.4942101570777595
Latency: 2.506855769781396
Latency: 2.4990914601366967
Latency: 2.5044802639167756
Latency: 2.4985818420536816
Latency: 2.4953133759554476
Latency: 2.497116862097755
Latency: 2.5085519349668175
Latency: 2.4962760671041906
Latency: 2.520277775125578
Latency: 2.511306751985103
Latency: 2.5102568021975458
Latency: 2.5158095250371844
Latency: 2.5227833269163966
Latency: 2.531681806780398
Latency: 2.5141760129481554
Latency: 2.542817054083571
Latency: 2.539418024942279
Latency: 2.528972055995837
Latency: 2.5516125271096826
Latency: 2.5331480249296874
Latency: 2.536172471009195
Latency: 2.5484041129238904
Latency: 2.553010179894045
Latency: 2.5547499880194664
Latency: 2.544586284086108
Latency: 2.5418133011553437
Latency: 2.553868990857154
Latency: 2.6054468660149723
Latency: 2.6127970640081912
Latency: 2.5993351021315902
Latency: 2.607343907933682
Latency: 2.6110614398494363
Latency: 2.60233344999142
Latency: 2.612714130897075
Latency: 2.633711291011423
Latency: 2.640060325153172
Latency: 2.6444354231934994
Latency: 1.172775309998542
Latency: 1.1913089889567345
Latency: 1.2370877868961543
Latency: 1.2317476209718734
Latency: 1.2308557911310345
Latency: 1.2396268032025546
Latency: 1.1903013470582664
Latency: 1.1951764370314777
Latency: 1.203075406840071
Latency: 1.2462988649494946
Latency: 1.2431233171373606
Latency: 1.2073586289770901
Latency: 1.2531440500169992
Latency: 1.2475923928432167
Latency: 1.2136746239848435
Latency: 1.2547420621849597
Latency: 1.2083097000140697
Latency: 1.219090106897056
Latency: 1.211081492016092
Latency: 1.2571309099439532
Latency: 1.2206794919911772
Latency: 1.273174539906904
Latency: 1.3591013501863927
Latency: 1.2953757259529084
Latency: 1.2905676600057632
Latency: 1.2933108620345592
Latency: 1.2940397020429373
Latency: 1.2888269221875817
Latency: 1.2696178869809955
Latency: 1.2949227350763977
Latency: 1.2993107188958675
Latency: 1.3005420330446213
Latency: 1.294298819033429
Latency: 1.2864371039904654
Latency: 1.3014883510768414
Latency: 1.3089575681369752
Latency: 1.29494615085423
Latency: 1.3003405940253288
Latency: 1.3311867730226368
Latency: 1.302052219863981
Latency: 1.3063415971118957
Latency: 1.300645403796807
Latency: 1.2885181680321693
Latency: 1.2952593809459358
Latency: 1.3031063680537045
Latency: 1.3538560001179576
Latency: 1.31596216885373
Latency: 1.35449952702038
Latency: 1.3170471549965441
Latency: 1.3287029510829598
Latency: 1.3233158979564905
Latency: 1.3510403980035335
Latency: 1.334711243165657
Latency: 1.3370697880163789
Latency: 1.3385969728697091
Latency: 1.349415493896231
Latency: 1.3326642140746117
Latency: 1.3550149160437286
Latency: 1.3591709728352726
Latency: 1.354545878013596
Latency: 1.365892277797684
Latency: 1.359658810077235
Latency: 1.3443968910723925
Latency: 1.3569172280840576
Latency: 1.3535499030258507
Latency: 1.3587105059996247
Latency: 1.3615310459863394
Latency: 1.3780581280589104
Latency: 1.3694803500548005
Latency: 1.3622573360335082
Latency: 1.3745038798078895
Latency: 1.3813594679813832
Latency: 1.3662981390953064
Latency: 1.3672307059168816
Latency: 1.373112728819251
Latency: 1.3729618359357119
Latency: 1.3926060870289803
Latency: 1.3855395999271423
Latency: 1.3872341308742762
Latency: 1.3953171509783715
Latency: 1.3734410509932786
Latency: 1.3870212452020496
Latency: 1.3855207508895546
Latency: 1.392133568879217
Latency: 1.4068757260683924
Latency: 1.3930796959903091
Latency: 1.4092939111869782
Latency: 1.423611406935379
Latency: 1.4403719899710268
Latency: 1.4220647038891912
Latency: 1.437601970974356
Latency: 1.4221687989775091
Latency: 1.4405913490336388
Latency: 1.4217628999613225
Latency: 1.4314395179972053
Latency: 1.434621678898111
Latency: 1.4359796300996095
Latency: 1.4720463829580694
Latency: 1.4594973919447511
Latency: 1.4721293849870563
Latency: 1.4611130538396537
Latency: 1.4763772990554571
Latency: 1.4544536210596561
Latency: 1.4696661031339318
Latency: 1.4672999968752265
Latency: 1.477157484041527
Latency: 1.4769058390520513
Latency: 1.5006858699489385
Latency: 1.506337920902297
Latency: 1.5309591330587864
Latency: 1.4491248270496726
Latency: 1.4777110028080642
Latency: 1.5512764540035278
Latency: 1.5229367159772664
Latency: 1.4433801979757845
Latency: 1.5756379230879247
Latency: 1.4926782420370728
Latency: 1.4429757329635322
Latency: 1.450327323982492
Latency: 1.4425763881299645
Latency: 1.4912179240491241
Latency: 1.454102696152404
Latency: 1.448653724975884
Latency: 1.4722033890429884
Latency: 1.4762154861819
Latency: 1.4713571099564433
Latency: 1.4787411908619106
Latency: 1.4887171059381217
Latency: 1.4795855949632823
Latency: 1.4790453969035298
Latency: 1.4952834718860686
Latency: 1.4966412528883666
Latency: 1.5015633068978786
Latency: 1.492560385959223
Latency: 1.5084262611344457
Latency: 1.4949314079713076
Latency: 1.4970444908831269
Latency: 1.4910872548352927
Latency: 1.5040029620286077
Latency: 1.5004488399717957
Latency: 1.5041660671122372
Latency: 1.4990164088085294
Latency: 1.5085641120094806
Latency: 1.5142227690666914
Latency: 1.562235550954938
Latency: 1.5549460027832538
Latency: 1.5757640390656888
Latency: 1.55867383396253
Latency: 1.5611641961149871
Latency: 1.5661720489151776
Latency: 1.5725380599033087
Latency: 1.5796809159219265
Latency: 1.5680078330915421
Latency: 1.5870479641016573
Latency: 1.3665723151061684
Latency: 1.4584229451138526
Latency: 1.4171442959923297
Latency: 1.5279547050595284
Latency: 1.4589645420201123
Latency: 1.3717586640268564
Latency: 1.3929074062034488
Latency: 1.4226830499246716
Latency: 1.4185959501191974
Latency: 1.424965389072895
Latency: 1.4318443371448666
Latency: 1.4457881669513881
Latency: 1.474054154008627
Latency: 1.471581764984876
Latency: 1.4813937551807612
Latency: 1.4900744368787855
Latency: 1.495534986956045
Latency: 1.4288451210595667
Latency: 1.4801328799221665
Latency: 1.4354155601467937
Latency: 1.495513146976009
Latency: 1.3366941059939563
Latency: 1.4319444890134037
Latency: 1.3476053539197892
Latency: 1.447158391121775
Latency: 1.4333661128766835
Latency: 1.4378007240593433
Latency: 1.5115400089416653
Latency: 1.4497029341291636
Latency: 1.5025709450710565
Latency: 1.3761148599442095
Latency: 1.4590841520112008
Latency: 1.518344524083659
Latency: 1.478308018995449
Latency: 1.4717792680021375
Latency: 1.4765645449515432
Latency: 1.466692039044574
Latency: 1.3737350408919156
Latency: 1.3680558081250638
Latency: 1.401376934023574
Latency: 1.3960092670749873
Latency: 1.3898598111700267
Latency: 1.4855321848299354
Latency: 1.4097347678616643
Latency: 1.3923405120149255
Latency: 1.4106269699987024
Latency: 1.4963995690923184
Latency: 1.3834978339727968
Latency: 1.3940393768716604
Latency: 1.41893180902116
Latency: 1.385868923040107
Latency: 1.4053988861851394
Latency: 1.4255070697981864
Latency: 1.4346323169302195
Latency: 1.4239208970684558
Latency: 1.4425817369483411
Latency: 1.4463763798121363
Latency: 1.416029395069927
Latency: 1.4411138559225947
Latency: 1.5116268349811435
Latency: 1.4234470550436527
Latency: 1.4471599909011275
Latency: 1.4506065289024264
Latency: 1.4418423580937088
Latency: 1.4181384940166026
Latency: 1.4108186310622841
Latency: 1.4530545079614967
Latency: 1.5555357120465487
Latency: 1.449613338103518
Latency: 1.4616832211613655
Latency: 1.4331597189884633
Latency: 1.470910601085052
Latency: 1.4674159190617502
Latency: 1.4566836790181696
Latency: 1.4636945419479162
Latency: 1.5533129470422864
Latency: 1.4715694999322295
Latency: 1.4623183489311486
Latency: 1.4573903589043766
Latency: 1.4439643800724298
Latency: 1.4600488899741322
Latency: 1.445296614896506
Latency: 1.5349147049710155
Latency: 1.5569238590542227
Latency: 1.548899790039286
Latency: 1.5330936750397086
Latency: 1.537204627180472
Latency: 1.5278856989461929
Latency: 1.5378852870780975
Latency: 1.5245723829139024
Latency: 1.5729633739683777
Latency: 1.5814436171203852
Latency: 1.5213249509688467
Latency: 1.5234425659291446
Latency: 1.5287674819119275
Latency: 1.5302631999365985
Latency: 1.526177978841588
Latency: 1.493927467847243
Latency: 1.4779568121302873
Latency: 1.5023550901096314
Latency: 1.4952440049964935
Latency: 1.4926759030204266
Latency: 1.486862492049113
Latency: 1.3765035911928862
Latency: 1.506078131031245
Latency: 1.517160007962957
Latency: 1.3933135368861258
Latency: 1.5270592421293259
Latency: 1.5647938449401408
Latency: 1.570678116986528
Latency: 1.504113013157621
Latency: 1.5706140999682248
Latency: 1.5297598040197045
Latency: 1.3503874510060996
Latency: 1.3827328400220722
Latency: 1.4240923628676683
Latency: 1.3706703810021281
Latency: 1.369600109057501
Latency: 1.5485035658348352
Latency: 1.553187248064205
Latency: 1.557430915068835
Latency: 1.5663712180685252
Latency: 1.3989220999646932
Latency: 1.4478229079395533
Latency: 1.5594185390509665
Latency: 1.4528325370047241
Latency: 1.3922307540196925
Latency: 1.401437991997227
Latency: 1.431025604950264
Latency: 1.418692025821656
Latency: 1.594529990106821
Latency: 1.628465416142717
Latency: 1.4639327020850033
Latency: 1.6527828469406813
Latency: 1.6397595989983529
Latency: 1.6389723899774253
Latency: 1.4617901779711246
Latency: 1.6944064870476723
Latency: 1.6430675520095974
Latency: 1.5200017900206149
Latency: 1.4587336010299623
Latency: 1.6518203739542514
Latency: 1.458996016997844
Latency: 1.4617260231170803
Latency: 1.4632162579800934
Latency: 1.4664290291257203
Latency: 1.4626697769854218
Latency: 1.4646584140136838
Latency: 1.4625964281149209
Latency: 1.45961277699098
Latency: 1.4702594690024853
Latency: 1.4247104190289974
Latency: 1.4727222179062665
Latency: 1.370429374044761
Latency: 1.4309716450516135
Latency: 1.4817925801035017
Latency: 1.489636795828119
Latency: 1.3770807201508433
Latency: 1.3973648939281702
Latency: 1.4545602060388774
Latency: 1.4020405649207532
Latency: 1.4047890368383378
Latency: 1.5170710599049926
Latency: 1.4133466519415379
Latency: 1.4211994169745594
Latency: 1.4069065200164914
Latency: 1.4115699499379843
Latency: 1.4183063241653144
Latency: 1.4183295178227127
Latency: 1.4174698740243912
Latency: 1.419853222090751
Latency: 1.4803444480057806
Latency: 1.4840000490657985
Latency: 1.4351071119308472
Latency: 1.403891634894535
Latency: 1.4910466738510877
Latency: 1.4045486829709262
Latency: 1.5483714828733355
Latency: 1.5537778639700264
Latency: 1.433177581988275
Latency: 1.4359298029448837
Latency: 1.465403649955988
Latency: 1.4673029750119895
Latency: 1.457331369863823
Latency: 1.4442024279851466
Latency: 1.4441538390237838
Latency: 1.4790219471324235
Latency: 1.448704153066501
Latency: 1.455503094010055
Latency: 1.4560622049029917
Latency: 1.4710302408784628
Latency: 1.4622300630435348
Latency: 1.485777674941346
Latency: 1.5003993548452854
Latency: 1.4781566399615258
Latency: 1.5039065009914339
Latency: 1.4942982459906489
Latency: 1.4702081189025193
Latency: 1.4835931260604411
Latency: 1.4694818910211325
Latency: 1.4991572990547866
Latency: 1.5168853620998561
Latency: 1.4822747188154608
Latency: 1.47253312706016
Latency: 1.5145276070106775
Latency: 1.5187912629917264
Latency: 1.5107880500145257
Latency: 1.4881812219973654
Latency: 1.4817921158391982
Latency: 1.4954071170650423
Latency: 1.495427408022806
Latency: 1.392500865040347
Latency: 1.3837073270697147
Latency: 1.4046961348503828
Latency: 1.4042230169288814
Latency: 1.4474952509626746
Latency: 1.423223634948954
Latency: 1.4099748621229082
Latency: 1.4162481848616153
Latency: 1.4037321859505028
Latency: 1.4091093151364475
Latency: 1.418904775986448
Latency: 1.4292528668884188
Latency: 1.4316937350668013
Latency: 1.4187348561827093
Latency: 1.4310790770687163
Latency: 1.4088048848789185
Latency: 1.4105874011293054
Latency: 1.4130848029162735
Latency: 1.4361560221295804
Latency: 1.4229618310928345
Latency: 1.445178089197725
Latency: 1.5322378329001367
Latency: 1.511729615041986
Latency: 1.5227103119250387
Latency: 1.510718256002292
Latency: 1.5380619750358164
Latency: 1.5304178239312023
Latency: 1.5286256028339267
Latency: 1.5433088610880077
Latency: 1.5511187531519681
Latency: 1.5333427139557898
Latency: 1.536040626000613
Latency: 1.5282569909468293
Latency: 1.3670007039327174
Latency: 1.541879216907546
Latency: 1.5320583500433713
Latency: 1.5508961479645222
Latency: 1.5350566811393946
Latency: 1.5443506210576743
Latency: 1.5754185360856354
Latency: 1.5398238031193614
Latency: 1.5650355278048664
Latency: 1.5533753777854145
Latency: 1.5586337989661843
Latency: 1.5569037480745465
Latency: 1.552681040018797
Latency: 1.5569934099912643
Latency: 1.5699438769370317
Latency: 1.602389652049169
Latency: 1.5538582920562476
Latency: 1.5066351620480418
Latency: 1.515350610949099
Latency: 1.5220188149251044
Latency: 1.523652293952182
Latency: 1.5320603598374873
Latency: 1.4709743668790907
Latency: 1.479268284048885
Latency: 1.4145160901825875
Latency: 1.4169103901367635
Latency: 1.4303413580637425
Latency: 1.432422409998253
Latency: 1.3987421120982617
Latency: 1.4380015069618821
Latency: 1.4326478969305754
Latency: 1.4378752489574254
Latency: 1.4608351839706302
Latency: 1.4375575680751354
Latency: 1.4470153630245477
Latency: 1.3803091959562153
Latency: 1.449658301891759
Latency: 1.375311854062602
Latency: 1.4496018460486084
Latency: 1.4457876710221171
Latency: 1.3895579888485372
Latency: 1.3856083250138909
Latency: 1.4540999990422279
Latency: 1.390355050098151
Latency: 1.476377879967913
Latency: 1.397196896839887
Latency: 1.4175737448967993
Latency: 1.4361994450446218
Latency: 1.431429116986692
Latency: 1.4380488768219948
Latency: 1.4478226718492806
Latency: 1.4405166290234774
Latency: 1.454073796980083
Latency: 1.4421586799435318
Latency: 1.4550407780334353
Latency: 1.461747094988823
Latency: 1.4545072519686073
Latency: 1.4700874120462686
Latency: 1.4930345669854432
Latency: 1.4724171601701528
Latency: 1.4825609640683979
Latency: 1.4938421959523112
Latency: 1.494954186026007
Latency: 1.4833965739235282
Latency: 1.480142209911719
Latency: 1.4851032819133252
Latency: 1.4940739169251174
Latency: 1.4963713800534606
Latency: 1.5091252359561622
Latency: 1.4964457429014146
Latency: 1.500300212064758
Latency: 1.4907634831033647
Latency: 1.5097018058877438
Latency: 1.496326234890148
Latency: 1.5007772010285407
Latency: 1.4966425041202456
Latency: 1.5058499949518591
Latency: 1.5125886660534889
Latency: 1.5171135931741446
Latency: 1.5358409569598734
Latency: 1.5177824120037258
Latency: 1.5111029038671404
Latency: 1.5086752770002931
Latency: 1.5179377810563892
Latency: 1.5491325929760933
Latency: 1.5049186488613486
Latency: 1.5466878111474216
Latency: 1.5281409560702741
Latency: 1.5262479369994253
Latency: 1.5283857299946249
Latency: 1.5258682060521096
Latency: 1.5533064410556108
Latency: 1.5405650278553367
Latency: 1.5408445990178734
Latency: 1.5166146359406412
Latency: 1.5386923670303077
Latency: 1.52656105090864
Latency: 1.5490540550090373
Latency: 1.5581741600763053
Latency: 1.543669902952388
Latency: 1.5520514259114861
Latency: 1.551797048887238
Latency: 1.5545555520802736
Latency: 1.5843290509656072
Latency: 1.3780102080199867
Latency: 1.376175451092422
Latency: 1.4404160541016608
Latency: 1.3770479320082814
Latency: 1.41403678804636
Latency: 1.4087344019208103
Latency: 1.410093551967293
Latency: 1.37704740697518
Latency: 1.4229715811088681
Latency: 1.3873303870204836
Latency: 1.3937580829951912
Latency: 1.4240104171913117
Latency: 1.384548184927553
Latency: 1.388263177825138
Latency: 1.4210796849802136
Latency: 1.4195660199038684
Latency: 1.4302404830232263
Latency: 1.422502461122349
Latency: 1.4463072868529707
Latency: 1.483270521974191
Latency: 1.4246555110439658
Latency: 1.483602626947686
Latency: 1.4159210829529911
Latency: 1.418897805036977
Latency: 1.4272720080334693
Latency: 1.49751640483737
Latency: 1.4643445189576596
Latency: 1.471401158021763
Latency: 1.4660574269946665
Latency: 1.468624458881095
Latency: 1.503040123032406
Latency: 1.4384180759079754
Latency: 1.4502069510053843
Latency: 1.44741535698995
Latency: 1.487451379885897
Latency: 1.507982939016074
Latency: 1.402628169162199
Latency: 1.4122460330836475
Latency: 1.4002188339363784
Latency: 1.4190796511247754
Latency: 1.3892071400769055
Latency: 1.407101616030559
Latency: 1.4084008000791073
Latency: 1.4048240641131997
Latency: 1.4145584360230714
Latency: 1.415116294985637
Latency: 1.3977761019486934
Latency: 1.5141459337901324
Latency: 1.412752564996481
Latency: 1.5136914930772036
Latency: 1.4271731188055128
Latency: 1.4221690038684756
Latency: 1.4323387851472944
Latency: 1.4311006411444396
Latency: 1.442557827103883
Latency: 1.4508687059860677
Latency: 1.527790785068646
Latency: 1.439201245084405
Latency: 1.450121111003682
Latency: 1.4555461560375988
Latency: 1.458488523028791
Latency: 1.4304664868395776
Latency: 1.456098937895149
Latency: 1.4508731309324503
Latency: 1.4767795759253204
Latency: 1.4735419999342412
Latency: 1.4878220120444894
Latency: 1.509018667973578
Latency: 1.3760262969881296
Latency: 1.415227078134194
Latency: 1.3625449819955975
Latency: 1.3720506390091032
Latency: 1.3289435219485313
Latency: 1.3783660160843283
Latency: 1.3595825841184705
Latency: 1.3761009878944606
Latency: 1.3519539898261428
Latency: 1.3395254989154637
Latency: 1.378229512134567
Latency: 1.3804435417987406
Latency: 1.3628692678175867
Latency: 1.378521075937897
Latency: 1.3829319379292428
Latency: 1.3852462691720575
Latency: 1.3890324900858104
Latency: 1.380704547977075
Latency: 1.3817454590462148
Latency: 1.376741827931255
Latency: 1.3631191230379045
Latency: 1.369496006052941
Latency: 1.416740981861949
Latency: 1.4011347009800375
Latency: 1.393863658187911
Latency: 1.4145144768990576
Latency: 1.40991824795492
Latency: 1.422607336891815
Latency: 1.4131387290544808
Latency: 1.3947055239696056
Latency: 1.4086141199804842
Latency: 1.4411743329837918
Latency: 1.4345541789662093
Latency: 1.4362858938984573
Latency: 1.4393458901904523
Latency: 1.45256610494107
Latency: 1.4377452910412103
Latency: 1.4358057531062514
Latency: 1.4437965610995889
Latency: 1.4388288878835738
Latency: 1.4552938260603696
Latency: 1.4423741439823061
Latency: 1.4662899249233305
Latency: 1.4516450800001621
Latency: 1.4488655689638108
Latency: 1.4590219338424504
Latency: 1.488289110129699
Latency: 1.4644641589839011
Latency: 1.4670877729076892
Latency: 1.4764489468652755
Latency: 1.4840082509908825
Latency: 1.3572468219790608
Latency: 1.3724429041612893
Latency: 1.260866025928408
Latency: 1.360346251865849
Latency: 1.3659766109194607
Latency: 1.3632866800762713
Latency: 1.3670285150874406
Latency: 1.3835314828902483
Latency: 1.3706973569933325
Latency: 1.3769235061481595
Latency: 1.3755475089419633
Latency: 1.3937447981443256
Latency: 1.3933226158842444
Latency: 1.395548835163936
Latency: 1.3955234528984874
Latency: 1.400612346129492
Latency: 1.3998096778523177
Latency: 1.4117403789423406
Latency: 1.3006936330348253
Latency: 1.418270253110677
Latency: 1.3617519419640303
Latency: 1.3281559247989208
Latency: 1.330194714013487
Latency: 1.343378062127158
Latency: 1.3515215718653053
Latency: 1.3555971279274672
Latency: 1.3737818321678787
Latency: 1.4133718519005924
Latency: 1.3835740650538355
Latency: 1.3769827890209854
Latency: 1.3934423979371786
Latency: 1.4164769409690052
Latency: 1.4493752031121403
Latency: 1.4800601701717824
Latency: 1.4757367849815637
Latency: 1.5034456939902157
Latency: 1.5074780909344554
Latency: 1.4868484099861234
Latency: 1.4878265799488872
Latency: 1.502479512942955
Latency: 1.5091845570132136
Latency: 1.5147999599575996
Latency: 1.5605676181148738
Latency: 1.5794027969241142
Latency: 1.5835569298360497
Latency: 1.5913971688132733
Latency: 1.5911038301419467
Latency: 1.5928346971049905
Latency: 1.5951561741530895
Latency: 1.4028433558996767
Latency: 1.4087773200590163
Latency: 1.4186194790527225
Latency: 1.4983710760716349
Latency: 1.4344399080146104
Latency: 1.4583498151041567
Latency: 1.454419198911637
Latency: 1.4429064081050456
Latency: 1.4144348329864442
Latency: 1.413628021022305
Latency: 1.416282535996288
Latency: 1.4213922480121255
Latency: 1.4210339658893645
Latency: 1.4309735130518675
Latency: 1.417270323028788
Latency: 1.4221455128863454
Latency: 1.4251409759745002
Latency: 1.42592545109801
Latency: 1.4218558089341968
Latency: 1.4304783658590168
Latency: 1.4402134309057146
Latency: 1.442102963104844
Latency: 1.4522384679876268
Latency: 1.450432154117152
Latency: 1.4431274530943483
Latency: 1.4513067200314254
Latency: 1.4540298089850694
Latency: 1.4348217730876058
Latency: 1.4523396620061249
Latency: 1.4656126538757235
Latency: 1.4640293130651116
Latency: 1.4666522580664605
Latency: 1.4364665071479976
Latency: 1.4715671171434224
Latency: 1.4754433101043105
Latency: 1.4739894750528038
Latency: 1.486357029993087
Latency: 1.4638327159918845
Latency: 1.4909807338844985
Latency: 1.4647594389971346
Latency: 1.4723441139794886
Latency: 1.4704564241692424
Latency: 1.4854175818618387
Latency: 1.475998967885971
Latency: 1.4839879770297557
Latency: 1.4919615080580115
Latency: 1.4827489890158176
Latency: 1.4879417920019478
Latency: 1.4937651657965034
Latency: 1.5011526949238032
Latency: 1.5142408779356629
Latency: 1.5270158699713647
Latency: 1.4973079799674451
Latency: 1.5156570840626955
Latency: 1.5186356788035482
Latency: 1.5213217299897224
Latency: 1.5412020278163254
Latency: 1.534263406181708
Latency: 1.5085071220528334
Latency: 1.5345328180119395
Latency: 1.526233543176204
Latency: 1.538507993100211
Latency: 1.5509353990200907
Latency: 1.556981110945344
Latency: 1.5467133119236678
Latency: 1.5298963149543852
Latency: 1.5590487201698124
Latency: 1.5436589040327817
Latency: 1.5369155649095774
Latency: 1.5305594629608095
Latency: 1.5677766690496355
Latency: 1.5681386198848486
Latency: 1.5571629470214248
Latency: 1.5607911311089993
Latency: 1.5687442161142826
Latency: 1.5600472427904606
Latency: 1.5804217180702835
Latency: 1.569260705029592
Latency: 1.5637012640945613
Latency: 1.5817255810834467
Latency: 1.5660188319161534
Latency: 1.5696477100718766
Latency: 1.569796779891476
Latency: 1.6091262209229171
Latency: 1.5743021569214761
Latency: 1.5990116288885474
Latency: 1.6065929180476815
Latency: 1.606527711963281
Latency: 1.526678045047447
Latency: 1.544836529996246
Latency: 1.5382690250407904
Latency: 1.535780366975814
Latency: 1.547589753055945
Latency: 1.5351754871662706
Latency: 1.536758879898116
Latency: 1.5339231688994914
Latency: 1.5475240258965641
Latency: 1.5525632861535996
Latency: 1.5223356909118593
Latency: 1.5501959640532732
Latency: 1.4035936668515205
Latency: 1.565168556990102
Latency: 1.5600040089339018
Latency: 1.4492201451212168
Latency: 1.5671651239972562
Latency: 1.566409232094884
Latency: 1.4811063399538398
Latency: 1.5734882038086653
Latency: 1.4661509620491415
Latency: 1.5720698568038642
Latency: 1.571852280991152
Latency: 1.5841287940274924
Latency: 1.5524117341265082
Latency: 1.5815660951193422
Latency: 1.4911175740417093
Latency: 1.5853869440034032
Latency: 1.6002855021506548
Latency: 1.5869897541124374
Latency: 1.5062500559724867
Latency: 1.336394544923678
Latency: 1.5958352859597653
Latency: 1.3319397850427777
Latency: 1.4906572510953993
Latency: 1.6157907049637288
Latency: 1.450363173848018
Latency: 1.6231357539072633
Latency: 1.4686738038435578
Latency: 1.6069523999467492
Latency: 1.4605950240511447
Latency: 1.6123416190966964
Latency: 1.6193243029993027
Latency: 1.5869674088899046
Latency: 1.5151288958732039
Latency: 1.5193057239521295
Latency: 1.6197110898792744
Latency: 1.5206673361826688
Latency: 1.6430941219441593
Latency: 1.482369716046378
Latency: 1.481118757976219
Latency: 1.5505093410611153
Latency: 1.55033495509997
Latency: 1.509961575968191
Latency: 1.491658039856702
Latency: 1.497148655122146
Latency: 1.5370438930112869
Latency: 1.547312619164586
Latency: 1.507897560019046
Latency: 1.5678347039502114
Latency: 1.5075984180439264
Latency: 1.498774667037651
Latency: 1.4696703050285578
Latency: 1.565115022007376
Latency: 1.4796087169088423
Latency: 1.523341512074694
Latency: 1.4768059980124235
Latency: 1.4625775411259383
Latency: 1.4682081539649516
Latency: 1.4703004430048168
Latency: 1.4752490890678018
Latency: 1.4727300480008125
Latency: 1.4751177029684186
Latency: 1.6485836450010538
Latency: 1.467813263181597
Latency: 1.4658978581428528
Latency: 1.4819716450292617
Latency: 1.5705792088992894
Latency: 1.471588697982952
Latency: 1.4839375021401793
Latency: 1.4696115890983492
Latency: 1.486888922052458
Latency: 1.4816470979712903
Latency: 1.4916204360779375
Latency: 1.482232037000358
Latency: 1.4800728119444102
Latency: 1.4810012720990926
Latency: 1.4968518598470837
Latency: 1.569545001955703
Latency: 1.489349003881216
Latency: 1.4938699160702527
Latency: 1.5081109590828419
Latency: 1.5023591970093548
Latency: 1.4931793611031026
Latency: 1.3655670690350235
Latency: 1.4600200559943914
Latency: 1.3629125719889998
Latency: 1.4869251849595457
Latency: 1.3882873461116105
Latency: 1.3162002789322287
Latency: 1.402678641024977
Latency: 1.4926397390663624
Latency: 1.4061953471973538
Latency: 1.3265183339826763
Latency: 1.3979425900615752
Latency: 1.4090251990128309
Latency: 1.406302995979786
Latency: 1.4172560260631144
Latency: 1.506341422908008
Latency: 1.5023369421251118
Latency: 1.4207725001033396
Latency: 1.4223168189637363
Latency: 1.4139961961191148
Latency: 1.4216894630808383
Latency: 1.4198993439786136
Latency: 1.4311183909885585
Latency: 1.4385190668981522
Latency: 1.3538362700492144
Latency: 1.4300389031413943
Latency: 1.3560392200015485
Latency: 1.4522092039696872
Latency: 1.4420859338715672
Latency: 1.4528727480210364
Latency: 1.4750200200360268
Latency: 1.4819117260631174
Latency: 1.5690650949254632
Latency: 1.5702669508755207
Latency: 1.573022814001888
Latency: 1.5804806521628052
Latency: 1.5785586179699749
Latency: 1.5051100980490446
Latency: 1.5912486568558961
Latency: 1.5933053540065885
Latency: 1.5975015459116548
Latency: 1.5911853050347418
Latency: 1.510664447909221
Latency: 1.5975150619633496
Latency: 1.449579305946827
Latency: 1.4518713469151407
Latency: 1.52965620579198
Latency: 1.5204019530210644
Latency: 1.5281273159198463
Latency: 1.5310107059776783
Latency: 1.322244280949235
Latency: 1.5315655251033604
Latency: 1.4332144539803267
Latency: 1.4326251791790128
Latency: 1.623893904965371
Latency: 1.652098790043965
Latency: 1.5039346399717033
Latency: 1.6544862878508866
Latency: 1.570965776918456
Latency: 1.5747165391221642
Latency: 1.4747153029311448
Latency: 1.3860047399066389
Latency: 1.3918734879698604
Latency: 1.5455376810859889
Latency: 1.5702309908811003
Latency: 1.5411800269503146
Latency: 1.5416785809211433
Latency: 1.4806722530629486
Latency: 1.448534132912755
Latency: 1.5844830758869648
Latency: 1.591332171112299
Latency: 1.4641041981521994
Latency: 1.6167318981606513
Latency: 1.4669985289219767
Latency: 1.5409097510855645
Latency: 1.6169500050600618
Latency: 1.471400029025972
Latency: 1.5465089969802648
Latency: 1.545206230133772
Latency: 1.558874815935269
Latency: 1.5360309181269258
Latency: 1.5455663269385695
Latency: 1.5570964789949358
Latency: 1.3194491029717028
Latency: 1.326375509845093
Latency: 1.3240341460332274
Latency: 1.3305580269079655
Latency: 1.347879296867177
Latency: 1.3427215251140296
Latency: 1.3388773722108454
Latency: 1.346479977015406
Latency: 1.349245228106156
Latency: 1.345831978134811
Latency: 1.3493468428496271
Latency: 1.3682287831325084
Latency: 1.3667640360072255
Latency: 1.361049530794844
Latency: 1.3677046308293939
Latency: 1.2817919990047812
Latency: 1.3744775189552456
Latency: 1.3978039771318436
Latency: 1.401234348071739
Latency: 1.3849289389327168
Latency: 1.3240037120413035
Latency: 1.4030796729493886
Latency: 1.3946722948458046
Latency: 1.3293033931404352
Latency: 1.4160026160534471
Latency: 1.3283310160040855
Latency: 1.3915380879770964
Latency: 1.4176269969902933
Latency: 1.3363344799727201
Latency: 1.3965890670660883
Latency: 1.3059416469186544
Latency: 1.3549507609568536
Latency: 1.3257702470291406
Latency: 1.3324265000410378
Latency: 1.410575598012656
Latency: 1.3338213870301843
Latency: 1.4069321940187365
Latency: 1.4094674491789192
Latency: 1.4165220349095762
Latency: 1.4160210159607232
Latency: 1.4221078800037503
Latency: 1.3352397070266306
Latency: 1.4292955319397151
Latency: 1.4230741770006716
Latency: 1.4309669700451195
Latency: 1.3441923880018294
Latency: 1.4443349039647728
Latency: 1.457656430080533
Latency: 1.3755381940864027
Latency: 1.3587904791347682
Latency: 1.439354748930782
Latency: 1.4696681459899992
Latency: 1.367128896061331
Latency: 1.4443746318574995
Latency: 1.3699708809144795
Latency: 1.3542789539787918
Latency: 1.4535520328208804
Latency: 1.457901035901159
Latency: 1.362711207009852
Latency: 1.3450380340218544
Latency: 1.3882500811014324
Latency: 1.47366166790016
Latency: 1.373355635907501
Latency: 1.3723537100013345
Latency: 1.372482336126268
Latency: 1.3631388321518898
Latency: 1.3790571610443294
Latency: 1.3963927959557623
Latency: 1.359971557976678
Latency: 1.370286277960986
Latency: 1.3650649599730968
Latency: 1.3568404249381274
Latency: 1.3733299649320543
Latency: 1.37316093291156
Latency: 1.367647924926132
Latency: 1.3534155150409788
Latency: 1.399936632020399
Latency: 1.395735246129334
Latency: 1.4957841839641333
Latency: 1.5173208620399237
Latency: 1.517374228918925
Latency: 1.5477702729403973
Latency: 1.537922945106402
Latency: 1.5395224201492965
Latency: 1.4946228060871363
Latency: 1.5580330630764365
Latency: 1.57125144591555
Latency: 1.5918231378309429
Latency: 1.5672308129724115
Latency: 1.5855495380237699
Latency: 1.5520310800056905
Latency: 1.599976132856682
Latency: 1.60604657093063
Latency: 1.6040202740114182
Latency: 1.604608615860343
Latency: 1.6133463128935546
Latency: 1.482544121099636
Latency: 1.472319649066776
Latency: 1.6152554189320654
Latency: 1.4777452182024717
Latency: 1.6277650040574372
Latency: 1.4889691309072077
Latency: 1.5041255210526288
Latency: 1.453961811028421
Latency: 1.636921426979825
Latency: 1.5207471179310232
Latency: 1.5107489691581577
Latency: 1.4793038649950176
Latency: 1.514500143006444
Latency: 1.520231707021594
Latency: 1.4986672610975802
Latency: 1.5157676360104233
Latency: 1.5021316369529814
Latency: 1.5285763528663665
Latency: 1.5196850390639156
Latency: 1.5313301938585937
Latency: 1.484438779996708
Latency: 1.5361274858005345
Latency: 1.5328786498866975
Latency: 1.5484457740094513
Latency: 1.5347018619067967
Latency: 1.5444563019555062
Latency: 1.5027893418446183
Latency: 1.5443456009961665
Latency: 1.5397351519204676
Latency: 1.547489101998508
Latency: 1.5658335031475872
Latency: 1.5393695270176977
Latency: 1.5465779891237617
Latency: 1.5613798219710588
Latency: 1.5968450598884374
Latency: 1.5517702950164676
Latency: 1.5200947071425617
Latency: 1.5724176859948784
Latency: 1.5670147170312703
Latency: 1.577354344073683
Latency: 1.5447526217903942
Latency: 1.5829388310667127
Latency: 1.5533092748373747
Latency: 1.5714494141284376
Latency: 1.5814299969933927
Latency: 1.5474289059638977
Latency: 1.613768792944029
Latency: 1.5557014390360564
Latency: 1.622708479175344
Latency: 1.6198518960736692
Latency: 1.6477689170278609
Latency: 1.6211725880857557
Latency: 1.5989546049386263
Latency: 1.6437336679082364
Latency: 1.6357378540560603
Latency: 1.6316166988108307
Latency: 1.6639270780142397
Latency: 1.6578858809079975
Latency: 1.6318344729952514
Latency: 1.6271932921372354
Latency: 1.5768264080397785
Latency: 1.633696320001036
Latency: 1.6266471159178764
Latency: 1.6666340709198266
Latency: 1.6307551229838282
Latency: 1.6318231548648328
Latency: 1.6060757630039006
Latency: 1.6247873709071428
Latency: 1.603243816876784
Latency: 1.6431396149564534
Latency: 1.5848348159343004
Latency: 1.6312799819279462
Latency: 1.645035844994709
Latency: 1.648869255091995
Latency: 1.4895717231556773
Latency: 1.6910780069883913
Latency: 1.4583068990614265
Latency: 1.4577811900526285
Latency: 1.4577227111440152
Latency: 1.4517847821116447
Latency: 1.4656785828992724
Latency: 1.4672949698287994
Latency: 1.4675884381867945
Latency: 1.4655076789204031
Latency: 1.4735948930028826
Latency: 1.6968869420234114
Latency: 1.3136038219090551
Latency: 1.4690955029800534
Latency: 1.47056651301682
Latency: 1.497328638099134
Latency: 1.3508660348597914
Latency: 1.5018011978827417
Latency: 1.4959245140198618
Latency: 1.5141341749113053
Latency: 1.7266588700003922
Latency: 1.5016385780181736
Latency: 1.5067150581162423
Latency: 1.521502565825358
Latency: 1.5153852049261332
Latency: 1.3628538618795574
Latency: 1.5140317750629038
Latency: 1.5256836710032076
Latency: 1.7222960460931063
Latency: 1.5133983311243355
Latency: 1.5691969760227948
Latency: 1.5268619759008288
Latency: 1.5358480960130692
Latency: 1.5192545477766544
Latency: 1.528997705085203
Latency: 1.3678957358933985
Latency: 1.5259453209582716
Latency: 1.418507379014045
Latency: 1.40964940097183
Latency: 1.4148332260083407
Latency: 1.4159150449559093
Latency: 1.4191696499474347
Latency: 1.4344935750123113
Latency: 1.4355437790509313
Latency: 1.4328651421237737
Latency: 1.4359810799360275
Latency: 1.4284571199677885
Latency: 1.4300529710017145
Latency: 1.4408094559330493
Latency: 1.4443608198780566
Latency: 1.4420869250316173
Latency: 1.4669179788324982
Latency: 1.4581180759705603
Latency: 1.4692961620166898
Latency: 1.3461108182091266
Latency: 1.4684244990348816
Latency: 1.3844840510282665
Latency: 1.3308123629540205
Latency: 1.3359039600472897
Latency: 1.4720390399452299
Latency: 1.331024345010519
Latency: 1.4953139110002667
Latency: 1.4106813699472696
Latency: 1.488142566056922
Latency: 1.4125435980968177
Latency: 1.6173594119027257
Latency: 1.4506129869259894
Latency: 1.4504309359472245
Latency: 1.616017313208431
Latency: 1.479981989134103
Latency: 1.4765432300046086
Latency: 1.496022260049358
Latency: 1.626909309066832
Latency: 1.5002910499460995
Latency: 1.4572631979826838
Latency: 1.5890245239716023
Latency: 1.5881148411426693
Latency: 1.564853313844651
Latency: 1.564199565211311
Latency: 1.5961298369802535
Latency: 1.5853525411803275
Latency: 1.5871519190259278
Latency: 1.5337680100928992
Latency: 1.5375539250671864
Latency: 1.5990877740550786
Latency: 1.6145185690838844
Latency: 1.2193683478981256
Latency: 1.2324221699964255
Latency: 1.255604605190456
Latency: 1.2640818748623133
Latency: 1.2784193030092865
Latency: 1.277497106930241
Latency: 1.3040145309641957
Latency: 1.3120232799556106
Latency: 1.3149851448833942
Latency: 1.3396084650885314
Latency: 1.2510983108077198
Latency: 1.3100384350400418
Latency: 1.4293350628577173
Latency: 1.4190943699795753
Latency: 1.4254578999243677
Latency: 1.4505644799210131
Latency: 1.4547667470760643
Latency: 1.4523517908528447
Latency: 1.4668894510250539
Latency: 1.4288683629129082
Latency: 1.4380685719661415
Latency: 1.4466697960160673
Latency: 1.5091973270755261
Latency: 1.4676986560225487
Latency: 1.468507891986519
Latency: 1.4882241270970553
Latency: 1.4852723630610853
Latency: 1.494682835182175
Latency: 1.4904444580897689
Latency: 1.4772729719989002
Latency: 1.4715492511168122
Latency: 1.4820915521122515
Latency: 1.4840103390160948
Latency: 1.4727812490891665
Latency: 1.481452542124316
Latency: 1.4882280589081347
Latency: 1.488997226813808
Latency: 1.5129711849149317
Latency: 1.5085950009524822
Latency: 1.512759704142809
Latency: 1.493462362093851
Latency: 1.4746018161531538
Latency: 1.5228456719778478
Latency: 1.4911353860516101
Latency: 1.5252642391715199
Latency: 1.4963330409955233
Latency: 1.5075915220659226
Latency: 1.5003788920585066
Latency: 1.5301598419900984
Latency: 1.5128450088668615
Latency: 1.531817132839933
Latency: 1.5044175521470606
Latency: 1.4998634930234402
Latency: 1.5452940319664776
Latency: 1.4603936900384724
Latency: 1.5171669002156705
Latency: 1.4734594859182835
Latency: 1.5230885678902268
Latency: 1.5120990690775216
Latency: 1.5245321369729936
Latency: 1.4767015860415995
Latency: 1.5150665589608252
Latency: 1.5280950209125876
Latency: 1.5415217268746346
Latency: 1.5250775960739702
Latency: 1.541021981043741
Latency: 1.5417329999618232
Latency: 1.539108213968575
Latency: 1.5406431900337338
Latency: 1.5274823370855302
Latency: 1.532324813073501
Latency: 1.563292687991634
Latency: 1.563316407846287
Latency: 1.5530317618977278
Latency: 1.5406546930316836
Latency: 1.5383643880486488
Latency: 1.5709884450770915
Latency: 1.5511330419685692
Latency: 1.5698644930962473
Latency: 1.5643501959275454
Latency: 1.5542015980463475
Latency: 1.5601824910845608
Latency: 1.563662167871371
Latency: 1.5579336998052895
Latency: 1.5625124759972095
Latency: 1.5224502871278673
Latency: 1.5612431359477341
Latency: 1.5623078520875424
Latency: 1.564375146990642
Latency: 1.6085664639249444
Latency: 1.583062628051266
Latency: 1.417474258923903
Latency: 1.4708442350383848
Latency: 1.4706635030452162
Latency: 1.5247632509563118
Latency: 1.434573725797236
Latency: 1.484882797114551
Latency: 1.4353662750218064
Latency: 1.4690603038761765
Latency: 1.4489032800775021
Latency: 1.4488242170773447
Latency: 1.5388592490926385
Latency: 1.4576448728330433
Latency: 1.4936032630503178
Latency: 1.5501044320408255
Latency: 1.5571208540350199
Latency: 1.4985573410522193
Latency: 1.5034735600929707
Latency: 1.5594263321254402
Latency: 1.4669460798613727
Latency: 1.473072657128796
Latency: 1.5093439689371735
Latency: 1.5349014240782708
Latency: 1.4838925949297845
Latency: 1.5265579978004098
Latency: 1.5252984890248626
Latency: 1.5487882760353386
Latency: 1.4813418849371374
Latency: 1.4870716729201376
Latency: 1.5231111710891128
Latency: 1.5343970810063183
Latency: 1.4931601490825415
Latency: 1.5271146937739104
Latency: 1.5496252230368555
Latency: 1.506376216886565
Latency: 1.4950175450649112
Latency: 1.506259144982323
Latency: 1.5130649390630424
Latency: 1.50002625817433
Latency: 1.5130298910662532
Latency: 1.5828354358673096
Latency: 1.5857465241570026
Latency: 1.586632888065651
Latency: 1.5369771588593721
Latency: 1.5842563370242715
Latency: 1.543884736020118
Latency: 1.5392239659558982
Latency: 1.5873656251933426
Latency: 1.5324215919245034
Latency: 1.5496242449153215
Latency: 1.5452435209881514
Latency: 1.5893362460192293
Latency: 1.534561863169074
Latency: 1.586046373937279
Latency: 1.5841203988529742
Latency: 1.546852754196152
Latency: 1.6196294678375125
Latency: 1.6525934929959476
Latency: 1.6456630500033498
Latency: 1.6358857350423932
Latency: 1.6575625848490745
Latency: 1.6692869369871914
Latency: 1.7087929090484977
Latency: 1.6655488018877804
Latency: 1.6867211540229619
Latency: 1.4510785520542413
Latency: 1.6676335260272026
Latency: 1.6734333438798785
Latency: 1.3521530500147492
Latency: 1.6590967241209
Latency: 1.6976987558882684
Latency: 1.3458726149983704
Latency: 1.6756569889839739
Latency: 1.3348483880981803
Latency: 1.6753808949142694
Latency: 1.360562413930893
Latency: 1.7319405069574714
Latency: 1.3624447479378432
Latency: 1.359093481907621
Latency: 1.3615400020498782
Latency: 1.732278318144381
Latency: 1.3710235489998013
Latency: 1.3788782800547779
Latency: 1.3524980200454593
Latency: 1.3670262561645359
Latency: 1.3739097008947283
Latency: 1.6915657811332494
Latency: 1.3765867420006543
Latency: 1.37809837795794
Latency: 1.3902010649908334
Latency: 1.7100280888844281
Latency: 1.372713641030714
Latency: 1.40007355180569
Latency: 1.3927150268573314
Latency: 1.7616210230626166
Latency: 1.7208654768764973
Latency: 1.7145962871145457
Latency: 1.7170439129695296
Latency: 1.3921109999064356
Latency: 1.393758880905807
Latency: 1.7288236119784415
Latency: 1.4163319149520248
Latency: 1.396871343953535
Latency: 1.4143282419536263
Latency: 1.4143323588650674
Latency: 1.387045704992488
Latency: 1.4034643128979951
Latency: 1.4109336950350553
Latency: 1.3942613149993122
Latency: 1.400429705856368
Latency: 1.4697824518661946
Latency: 1.4714335799217224
Latency: 1.4637927368748933
Latency: 1.4804082559421659
Latency: 1.4722654570359737
Latency: 1.5342197630088776
Latency: 1.5424463520757854
Latency: 1.381667539011687
Latency: 1.3914730860851705
Latency: 1.3969813289586455
Latency: 1.3978188871406019
Latency: 1.4096584448125213
Latency: 1.3204901688732207
Latency: 1.326166559010744
Latency: 1.4080833110492676
Latency: 1.3208944099023938
Latency: 1.3352778849657625
Latency: 1.3331750980578363
Latency: 1.324080198071897
Latency: 1.3088986549992114
Latency: 1.4299486458767205
Latency: 1.3446552869863808
Latency: 1.4322127779014409
Latency: 1.4073649439960718
Latency: 1.4070669040083885
Latency: 1.3631085930392146
Latency: 1.3640422518365085
Latency: 1.3542865079361945
Latency: 1.4205804229713976
Latency: 1.353306147037074
Latency: 1.4209093030076474
Latency: 1.3712264590431005
Latency: 1.4541218460071832
Latency: 1.383393351919949
Latency: 1.4358062320388854
Latency: 1.3986355848610401
Latency: 1.3872963730245829
Latency: 1.385528177022934
Latency: 1.3870061738416553
Latency: 1.40520783001557
Latency: 1.5698318460490555
Latency: 1.5260601481422782
Latency: 1.569165612803772
Latency: 1.5694656290579587
Latency: 1.6191727430559695
Latency: 1.5718049448914826
Latency: 1.5100906980223954
Latency: 1.5904806130565703
Latency: 1.5728809428401291
Latency: 1.5820115660317242
Latency: 1.5943928530905396
Latency: 1.6431842239107937
Latency: 1.5235032860655338
Latency: 1.4400516711175442
Latency: 1.4920137710869312
Latency: 1.5768916031811386
Latency: 1.21790182008408
Latency: 1.2164469200652093
Latency: 1.235062340972945
Latency: 1.2270628199912608
Latency: 1.4003314019646496
Latency: 1.239608793053776
Latency: 1.2568045060615987
Latency: 1.250206750119105
Latency: 1.2603198699653149
Latency: 1.4363057049922645
Latency: 1.2707479449454695
Latency: 1.2672874070703983
Latency: 1.380389125784859
Latency: 1.3374267669860274
Latency: 1.350385227939114
Latency: 1.3917966207955033
Latency: 1.3895868039689958
Latency: 1.3481326571200043
Latency: 1.396243419032544
Latency: 1.399753708858043
Latency: 1.3937549940310419
Latency: 1.3586465581320226
Latency: 1.4068382119294256
Latency: 1.3703316459432244
Latency: 1.3649767241440713
Latency: 1.4052729199174792
Latency: 1.4136430330108851
Latency: 1.410353786079213
Latency: 1.3693264010362327
Latency: 1.4154512889217585
Latency: 1.369241638109088
Latency: 1.3778239409439266
Latency: 1.3732423880137503
Latency: 1.4190207140054554
Latency: 1.4174739660229534
Latency: 1.4223343699704856
Latency: 1.4263510250020772
Latency: 1.3765964349731803
Latency: 1.4470509667880833
Latency: 1.4365017449017614
Latency: 1.48837826307863
Latency: 1.4405464441515505
Latency: 1.4726422110106796
Latency: 1.4799708870705217
Latency: 1.489112270064652
Latency: 1.4825329021550715
Latency: 1.4856501370668411
Latency: 1.4348291910719126
Latency: 1.4502279779408127
Latency: 1.548062528949231
Latency: 1.4907753858715296
Latency: 1.5407633800059557
Latency: 1.5075879781506956
Latency: 1.4587583960965276
Latency: 1.5465340660884976
Latency: 1.5111096668988466
Latency: 1.5220564710907638
Latency: 1.430714766960591
Latency: 1.5708947880193591
Latency: 1.5106804280076176
Latency: 1.5663609311450273
Latency: 1.4781100051477551
Latency: 1.5171339919324964
Latency: 1.518073634011671
Latency: 1.4824319470208138
Latency: 1.5743715220596641
Latency: 1.4888558201491833
Latency: 1.4859777730889618
Latency: 1.5737154800444841
Latency: 1.5867979920003563
Latency: 1.5322515259031206
Latency: 1.5133044170215726
Latency: 1.524949663085863
Latency: 1.5115046510472894
Latency: 1.5083518528845161
Latency: 1.5299643501639366
Latency: 1.5169079948682338
Latency: 1.5336695730220526
Latency: 1.4692468910943717
Latency: 1.5618366489652544
Latency: 1.5722888601012528
Latency: 1.5759053099900484
Latency: 1.5757804929744452
Latency: 1.5817008852027357
Latency: 1.5071581390220672
Latency: 1.4991756919771433
Latency: 1.6001546948682517
Latency: 1.4932705520186573
Latency: 1.5121550359763205
Latency: 1.6050529589410871
Latency: 1.5667054848745465
Latency: 1.526857078075409
Latency: 1.531220480799675
Latency: 1.4040604340843856
Latency: 1.5328950921539217
Latency: 1.2891510440967977
Latency: 1.5312668171245605
Latency: 1.6233041281811893
Latency: 1.6331443008966744
Latency: 1.5412398900371045
Latency: 1.4358126169536263
Latency: 1.6436991011723876
Latency: 1.5615135580301285
Latency: 1.5466260539833456
Latency: 1.4410885530523956
Latency: 1.5522768530063331
Latency: 1.5703370771370828
Latency: 1.4388516240287572
Latency: 1.5649291761219501
Latency: 1.4509942240547389
Latency: 1.6180607879068702
Latency: 1.5725801249500364
Latency: 1.558330742875114
Latency: 1.5697318320162594
Latency: 1.5817187188658863
Latency: 1.5346674129832536
Latency: 1.665890894131735
Latency: 1.5623065950348973
Latency: 1.5830181010533124
Latency: 1.4630985870026052
Latency: 1.4641261680517346
Latency: 1.477207357995212
Latency: 1.5951763158664107
Latency: 1.5993713540956378
Latency: 1.5535310739651322
Latency: 1.6104184030555189
Latency: 1.5548679071944207
Latency: 1.5858140201307833
Latency: 1.5893383950460702
Latency: 1.5000891778618097
Latency: 1.5595136091578752
Latency: 1.37009306717664
Latency: 1.6056162938475609
Latency: 1.595984313171357
Latency: 1.6018664769362658
Latency: 1.629430877044797
Latency: 1.624894502107054
Latency: 1.614342460874468
Latency: 1.3842089071404189
Latency: 1.5238715130835772
Latency: 1.6301863249391317
Latency: 1.5282896049320698
Latency: 1.3949021948501468
Latency: 1.4010900589637458
Latency: 1.52322031208314
Latency: 1.405432861065492
Latency: 1.5442613121122122
Latency: 1.590066557051614
Latency: 1.4660001539159566
Latency: 1.754299168009311
Latency: 1.6761137428693473
Latency: 1.7474596269894391
Latency: 1.6750743410084397
Latency: 1.4104226098861545
Latency: 1.408524343976751
Latency: 1.4246874458622187
Latency: 1.420397219946608
Latency: 1.3985664348583668
Latency: 1.4318074560724199
Latency: 1.4110171920619905
Latency: 1.4250879979226738
Latency: 1.4015644928440452
Latency: 1.407993844943121
Latency: 1.4112761209253222
Latency: 1.4133025789633393
Latency: 1.4304075341206044
Latency: 1.4069635039195418
Latency: 1.4145358160603791
Latency: 1.414067008998245
Latency: 1.4267760110087693
Latency: 1.4320202788803726
Latency: 1.4406825790647417
Latency: 1.437586943153292
Latency: 1.4454285169485956
Latency: 1.4238937268964946
Latency: 1.4338117018342018
Latency: 1.4021201329305768
Latency: 1.4414837309159338
Latency: 1.4318711790256202
Latency: 1.4340086269658059
Latency: 1.4364173631183803
Latency: 1.4470473928377032
Latency: 1.451839841902256
Latency: 1.4808626039884984
Latency: 1.4135810369625688
Latency: 1.4736980791203678
Latency: 1.4548395711462945
Latency: 1.4749919390305877
Latency: 1.471723775845021
Latency: 1.4762727511115372
Latency: 1.432113304035738
Latency: 1.4692187518812716
Latency: 1.4901869699824601
Latency: 1.4726923359557986
Latency: 1.4450693510007113
Latency: 1.4673500289209187
Latency: 1.480456141056493
Latency: 1.4825013109948486
Latency: 1.4794569709338248
Latency: 1.4750369049143046
Latency: 1.4878054179716855
Latency: 1.4940378169994801
Latency: 1.4594157841056585
Latency: 1.4861724840011448
Latency: 1.4789950570557266
Latency: 1.390209904173389
Latency: 1.3774367198348045
Latency: 1.3971109008416533
Latency: 1.3921463950537145
Latency: 1.3968901520129293
Latency: 1.3879320321138948
Latency: 1.411105657927692
Latency: 1.4273694839794189
Latency: 1.5048614440020174
Latency: 1.42629533004947
Latency: 1.4189139369409531
Latency: 1.412777528166771
Latency: 1.4403205001726747
Latency: 1.4244900739286095
Latency: 1.4330637820530683
Latency: 1.4871485230978578
Latency: 1.5788744220044464
Latency: 1.49485018895939
Latency: 1.489174964139238
Latency: 1.4912820130120963
Latency: 1.4799880690407008
Latency: 1.5031704378779978
Latency: 1.514272027881816
Latency: 1.5062964961398393
Latency: 1.4844961329363286
Latency: 1.4114983750041574
Latency: 1.499289457919076
Latency: 1.5297193920705467
Latency: 1.5376767648849636
Latency: 1.5228392989374697
Latency: 1.5483024518471211
Latency: 1.548974544974044
Latency: 1.5569877629168332
Latency: 1.5396917210891843
Latency: 1.556062055984512
Latency: 1.5334135240409523
Latency: 1.56027920008637
Latency: 1.5654847119003534
Latency: 1.5713435930665582
Latency: 1.5554894979577512
Latency: 1.5567137259058654
Latency: 1.5520947889890522
Latency: 1.432692834874615
Latency: 1.592669716104865
Latency: 1.5082848959136754
Latency: 1.3646753740031272
Latency: 1.4286567082162946
Latency: 1.436422480037436
Latency: 1.5901764328591526
Latency: 1.5382549581117928
Latency: 1.57847432885319
Latency: 1.3999706278555095
Latency: 1.4064443199895322
Latency: 1.4144018820952624
Latency: 1.416931746993214
Latency: 1.4207419950980693
Latency: 1.432768401922658
Latency: 1.4264472930226475
Latency: 1.4374081920832396
Latency: 1.4419984959531575
Latency: 1.5166843999177217
Latency: 1.4169791331514716
Latency: 1.4196949028410017
Latency: 1.2690999708138406
Latency: 1.2965845030266792
Latency: 1.300854517845437
Latency: 1.3044313921127468
Latency: 1.317278829170391
Latency: 1.305574405938387
Latency: 1.3236361851450056
Latency: 1.2912961221300066
Latency: 1.3150858110748231
Latency: 1.2964660269208252
Latency: 1.3275499718729407
Latency: 1.316135860979557
Latency: 1.3319000778719783
Latency: 1.3216803488321602
Latency: 1.3120890310965478
Latency: 1.3187020579352975
Latency: 1.320778216002509
Latency: 1.32806589291431
Latency: 1.3252076001372188
Latency: 1.3485791480634362
Latency: 1.3319225599989295
Latency: 1.338436903897673
Latency: 1.3410815531387925
Latency: 1.34729192010127
Latency: 1.3577169789932668
Latency: 1.302804694045335
Latency: 1.4260943359695375
Latency: 1.4305644750129431
Latency: 1.4560611359775066
Latency: 1.4265690979082137
Latency: 1.4239541420247406
Latency: 1.4249591848347336
Latency: 1.4333686269819736
Latency: 1.4320161018986255
Latency: 1.4532989368308336
Latency: 1.4375704198610038
Latency: 1.3464001161046326
Latency: 1.4615742850583047
Latency: 1.4643693750258535
Latency: 1.4370726069901139
Latency: 1.4541309939231724
Latency: 1.533723623957485
Latency: 1.54056208813563
Latency: 1.5493519818410277
Latency: 1.5318158341106027
Latency: 1.4424745349679142
Latency: 1.4517498728819191
Latency: 1.4508527480065823
Latency: 1.4296600229572505
Latency: 1.4273156528361142
Latency: 1.561012509977445
Latency: 1.3855216440279037
Latency: 1.437496422091499
Latency: 1.3612323999404907
Latency: 1.352055517025292
Latency: 1.3707527229562402
Latency: 1.4643799730110914
Latency: 1.4243212710134685
Latency: 1.4163970339577645
Latency: 1.3781468458473682
Latency: 1.425443141022697
Latency: 1.4277568419929594
Latency: 1.476030849153176
Latency: 1.4433625638484955
Latency: 1.3689082490745932
Latency: 1.3970303309615701
Latency: 1.445112924091518
Latency: 1.426427308935672
Latency: 1.4315575128421187
Latency: 1.404423024971038
Latency: 1.396412923000753
Latency: 1.3987142180558294
Latency: 1.4255300520453602
Latency: 1.4469739708583802
Latency: 1.437719114124775
Latency: 1.4064480741508305
Latency: 1.4514311770908535
Latency: 1.4563739800360054
Latency: 1.4275793940760195
Latency: 1.4562179890926927
Latency: 1.4139395740348846
Latency: 1.4190076729282737
Latency: 1.4494609171524644
Latency: 1.4306933239568025
Latency: 1.4384802719578147
Latency: 1.64199312007986
Latency: 1.4343217748682946
Latency: 1.6370382548775524
Latency: 1.6602580018807203
Latency: 1.6362685968633741
Latency: 1.4185905519407243
Latency: 1.6452387638855726
Latency: 1.4338189351838082
Latency: 1.626354938140139
Latency: 1.431554740993306
Latency: 1.667475231923163
Latency: 1.437533566961065
Latency: 1.409595066914335
Latency: 1.4455853800754994
Latency: 1.4551823819056153
Latency: 1.4153703160118312
Latency: 1.4475859350059181
Latency: 1.4372140141204
Latency: 1.4590404841583222
Latency: 1.6469237569253892
Latency: 1.6776504931040108
Latency: 1.6865029959008098
Latency: 1.4658983731642365
Latency: 1.4709349600598216
Latency: 1.4619661851320416
Latency: 1.4568735230714083
Latency: 1.4754205020144582
Latency: 1.4392083019483835
Latency: 1.464605380082503
Latency: 1.4462900711223483
Latency: 1.4737183540128171
Latency: 1.4819052391685545
Latency: 1.4878237559460104
Latency: 1.4748108121566474
Latency: 1.7074435441754758
Latency: 1.4794064669404179
Latency: 1.4990183350164443
Latency: 1.5162354949861765
Latency: 1.4968701440375298
Latency: 1.529230957152322
Latency: 1.4975464448798448
Latency: 1.726880312897265
Latency: 1.505557375960052
Latency: 1.5185040161013603
Latency: 1.522170573938638
Latency: 1.538195513188839
Latency: 1.5387390749529004
Latency: 1.5410923259332776
Latency: 1.5370684419758618
Latency: 1.5847423819359392
Latency: 1.5682784910313785
Latency: 1.5784336801152676
Latency: 1.5804197189863771
Latency: 1.5720440531149507
Latency: 1.5920078719500452
Latency: 1.5863893399946392
Latency: 1.3954022000543773
Latency: 1.4085942159872502
Latency: 1.4080947050824761
Latency: 1.4104122798889875
Latency: 1.4330482389777899
Latency: 1.4425333039835095
Latency: 1.4470139699988067
Latency: 1.4437063541263342
Latency: 1.4649041460361332
Latency: 1.4654532230924815
Latency: 1.466719526099041
Latency: 1.4556284628342837
Latency: 1.429106631083414
Latency: 1.4543657740578055
Latency: 1.468103539897129
Latency: 1.4645198320504278
Latency: 1.460240803891793
Latency: 1.450070559978485
Latency: 1.456226052949205
Latency: 1.4570322949439287
Latency: 1.449418277014047
Latency: 1.457724847830832
Latency: 1.4917885670438409
Latency: 1.494521644897759
Latency: 1.4801633078604937
Latency: 1.5071658429224044
Latency: 1.515204596100375
Latency: 1.5067983050830662
Latency: 1.4966308588627726
Latency: 1.4847680148668587
Latency: 1.5071718408726156
Latency: 1.5109348928090185
Latency: 1.5063244851771742
Latency: 1.4862587999086827
Latency: 1.531970732146874
Latency: 1.500559963984415
Latency: 1.5036829740274698
Latency: 1.5235618560109288
Latency: 1.5334991039708257
Latency: 1.5443252918776125
Latency: 1.5269653159193695
Latency: 1.536679257871583
Latency: 1.545505443122238
Latency: 1.52508356817998
Latency: 1.5458977699745446
Latency: 1.5231477671768516
Latency: 1.5403167470358312
Latency: 1.5474577751010656
Latency: 1.5515187908895314
Latency: 1.53668530494906
Latency: 1.5285568370018154
Latency: 1.5367524831090122
Latency: 1.2874370468780398
Latency: 1.2798957659397274
Latency: 1.2972761031705886
Latency: 1.2734881099313498
Latency: 1.2988144839182496
Latency: 1.30577515787445
Latency: 1.305390243185684
Latency: 1.2793683391064405
Latency: 1.3064393859822303
Latency: 1.2854578029364347
Latency: 1.285163532011211
Latency: 1.318027415079996
Latency: 1.3142250541131943
Latency: 1.3160842719953507
Latency: 1.3127033251803368
Latency: 1.341661883983761
Latency: 1.3472244830336422
Latency: 1.3549670060165226
Latency: 1.33104939898476
Latency: 1.3331886890809983
Latency: 1.355616832850501
Latency: 1.3370167061220855
Latency: 1.339065184816718
Latency: 1.374317053006962
Latency: 1.36701302905567
Latency: 1.350567796966061
Latency: 1.3492045789025724
Latency: 1.3431620639748871
Latency: 1.3862841930240393
Latency: 1.3610179519746453
Latency: 1.3817543068435043
Latency: 1.3938210518099368
Latency: 1.3649336600210518
Latency: 1.3617318260949105
Latency: 1.3770068229641765
Latency: 1.3692166949622333
Latency: 1.4460132448002696
Latency: 1.3368767842184752
Latency: 1.4568544188514352
Latency: 1.4384926999919116
Latency: 1.4795665761921555
Latency: 1.4544148750137538
Latency: 1.4506623400375247
Latency: 1.3959566028788686
Latency: 1.4896765609737486
Latency: 1.493620122782886
Latency: 1.5112389349378645
Latency: 1.5271920589730144
Latency: 1.3903795490041375
Latency: 1.3888241909444332
Latency: 1.3949630160350353
Latency: 1.4273707019165158
Latency: 1.4087637490592897
Latency: 1.4164179270155728
Latency: 1.4158049179241061
Latency: 1.4221463140565902
Latency: 1.424836611142382
Latency: 1.4422675748355687
Latency: 1.4275137649383396
Latency: 1.566306099994108
Latency: 1.4098171389196068
Latency: 1.447846963070333
Latency: 1.4500395860522985
Latency: 1.3883014030288905
Latency: 1.3902617460116744
Latency: 1.37805126584135
Latency: 1.3839389497879893
Latency: 1.379119403893128
Latency: 1.3859601570293307
Latency: 1.378056128975004
Latency: 1.389154216973111
Latency: 1.3884848810266703
Latency: 1.3996429189573973
Latency: 1.3940165489912033
Latency: 1.4003828971181065
Latency: 1.4500489959027618
Latency: 1.3900847691111267
Latency: 1.4089521791320294
Latency: 1.452364478027448
Latency: 1.4023783039301634
Latency: 1.3937380139250308
Latency: 1.408504287013784
Latency: 1.422079117037356
Latency: 1.4036296599078923
Latency: 1.3804316208697855
Latency: 1.4075397530104965
Latency: 1.4325889840256423
Latency: 1.4117042690049857
Latency: 1.423294086009264
Latency: 1.4109785491600633
Latency: 1.4207466410007328
Latency: 1.33042942895554
Latency: 1.4221740330103785
Latency: 1.3892685291357338
Latency: 1.420239666942507
Latency: 1.4473544850479811
Latency: 1.4451418791431934
Latency: 1.4435090590268373
Latency: 1.4294532369822264
Latency: 1.3882566369138658
Latency: 1.4354518970940262
Latency: 1.404237916925922
Latency: 1.434183585923165
Latency: 1.4512414960190654
Latency: 1.3872449649497867
Latency: 1.3969373169820756
Latency: 1.448830322129652
Latency: 1.4154638070613146
Latency: 1.4715417518746108
Latency: 1.460095669142902
Latency: 1.4510754530783743
Latency: 1.412203820887953
Latency: 1.4602227648720145
Latency: 1.4937780010513961
Latency: 1.4113241909071803
Latency: 1.4077771678566933
Latency: 1.4993854691274464
Latency: 1.448964361101389
Latency: 1.4391369209624827
Latency: 1.437565723899752
Latency: 1.4159899889491498
Latency: 1.4114747501444072
Latency: 1.4398149580229074
Latency: 1.4299808989744633
Latency: 1.4445317829959095
Latency: 1.444444780005142
Latency: 1.4401180970016867
Latency: 1.4690847960300744
Latency: 1.4723324291408062
Latency: 1.4714515069499612
Latency: 1.4093620269559324
Latency: 1.47801185795106
Latency: 1.4322502829600126
Latency: 1.4236307530663908
Latency: 1.4212116890121251
Latency: 1.4304540059529245
Latency: 1.5467410110868514
Latency: 1.4958114710170776
Latency: 1.4502317740116268
Latency: 1.437352993991226
Latency: 1.4371601010207087
Latency: 1.4441085529979318
Latency: 1.4434446450322866
Latency: 1.4474620730616152
Latency: 1.4389029501471668
Latency: 1.4580494810361415
Latency: 1.4560440978966653
Latency: 1.4503308299463242
Latency: 1.4588328108657151
Latency: 1.449510107981041
Latency: 1.441441890085116
Latency: 1.439558909041807
Latency: 1.4704718189314008
Latency: 1.489999411860481
Latency: 1.4902487338986248
Latency: 1.4709169601555914
Latency: 1.4977939839009196
Latency: 1.4923377130180597
Latency: 1.4981170669198036
Latency: 1.5066598718985915
Latency: 1.4700439188163728
Latency: 1.5018903529271483
Latency: 1.5033227680251002
Latency: 1.474037050968036
Latency: 1.519530575023964
Latency: 1.4865717738866806
Latency: 1.5054390919394791
Latency: 1.503695571096614
Latency: 1.5386494181584567
Latency: 1.5261999771464616
Latency: 1.5413342048414052
Latency: 1.5191612688358873
Latency: 1.5514845070429146
Latency: 1.560073119122535
Latency: 1.5397379850037396
Latency: 1.540431076893583
Latency: 1.557566467905417
Latency: 1.5294944839552045
Latency: 1.5598496641032398
Latency: 1.5608237970154732
Latency: 1.5259642978198826
Latency: 1.5682653228286654
Latency: 1.546378096099943
Latency: 1.5376464421860874
Latency: 1.5316486270166934
Latency: 1.5522880901116878
Latency: 1.5550582730211318
Latency: 1.5744681409560144
Latency: 1.5475148879922926
Latency: 1.5756260440684855
Latency: 1.5515358061529696
Latency: 1.5609403299167752
Latency: 1.554997961036861
Latency: 1.5518294249195606
Latency: 1.5952483790460974
Latency: 1.5618849340826273
Latency: 1.5597745389677584
Latency: 1.5732122999615967
Latency: 1.6057774699293077
Latency: 1.5696394820697606
Latency: 1.6045095310546458
Latency: 1.5765706370584667
Latency: 1.5919672909658402
Latency: 1.5009937081485987
Latency: 1.6076113870367408
Latency: 1.3804085101000965
Latency: 1.3973381489049643
Latency: 1.408681555883959
Latency: 1.3918838710524142
Latency: 1.403180053923279
Latency: 1.4031440389808267
Latency: 1.4100680642295629
Latency: 1.411254575010389
Latency: 1.418889018939808
Latency: 1.41224999492988
Latency: 1.4046472469344735
Latency: 1.4137192929629236
Latency: 1.4169640780892223
Latency: 1.4227685849182308
Latency: 1.4229777231812477
Latency: 1.4280532379634678
Latency: 1.4080551229417324
Latency: 1.4674312530551106
Latency: 1.4166342641692609
Latency: 1.4400775858666748
Latency: 1.4329937370494008
Latency: 1.4423905839212239
Latency: 1.4235694031231105
Latency: 1.4449131551664323
Latency: 1.4377190198283643
Latency: 1.432825333904475
Latency: 1.4520415419247001
Latency: 1.4413000911008567
Latency: 1.4938338208012283
Latency: 1.4788969750516117
Latency: 1.460785459028557
Latency: 1.4615472520235926
Latency: 1.463937473949045
Latency: 1.488948113983497
Latency: 1.4644050439819694
Latency: 1.4699850210454315
Latency: 1.4792851330712438
Latency: 1.496850554831326
Latency: 1.4756177379749715
Latency: 1.491159396013245
Latency: 1.4883397901430726
Latency: 1.4993812921456993
Latency: 1.4894783159252256
Latency: 1.5044481351505965
Latency: 1.5003012819215655
Latency: 1.4932338369544595
Latency: 1.5086927560623735
Latency: 1.5108358999714255
Latency: 1.4992981990799308
Latency: 1.5128746631089598
Latency: 1.4384743489790708
Latency: 1.3714373160619289
Latency: 1.3736285390332341
Latency: 1.3761323648504913
Latency: 1.3869091169908643
Latency: 1.4172300659120083
Latency: 1.4239560379646719
Latency: 1.4250756951514632
Latency: 1.4068692352157086
Latency: 1.4293191148899496
Latency: 1.4324143179692328
Latency: 1.4445026628673077
Latency: 1.4482627869583666
Latency: 1.5647557131014764
Latency: 1.5511153689585626
Latency: 1.570451377891004
Latency: 1.5704595069400966
Latency: 1.574459089897573
Latency: 1.5573810699861497
Latency: 1.55604521301575
Latency: 1.6115108109079301
Latency: 1.558007390005514
Latency: 1.5644477470777929
Latency: 1.5619690238963813
Latency: 1.619214154081419
Latency: 1.6074687889777124
Latency: 1.647496840916574
Latency: 1.6289628720842302
Latency: 1.6264424859546125
Latency: 1.6499046760145575
Latency: 1.604281848995015
Latency: 1.6526781760621816
Latency: 1.59502320503816
Latency: 1.5301460151094943
Latency: 1.5219609660562128
Latency: 1.5234581620898098
Latency: 1.5266298570204526
Latency: 1.602163095958531
Latency: 1.51877570617944
Latency: 1.5971777511294931
Latency: 1.6007402502000332
Latency: 1.5348068880848587
Latency: 1.545634109992534
Latency: 1.6076010349206626
Latency: 1.5551212069112808
Latency: 1.4078200929798186
Latency: 1.4159096668008715
Latency: 1.4226928011048585
Latency: 1.4129851190373302
Latency: 1.4748851999174803
Latency: 1.421819242881611
Latency: 1.4263043359387666
Latency: 1.4795945279765874
Latency: 1.4420951139181852
Latency: 1.23181074205786
Latency: 1.4495694029610604
Latency: 1.4372102038469166
Latency: 1.4379609441384673
Latency: 1.4479262039531022
Latency: 1.4454271630384028
Latency: 1.470460700104013
Latency: 1.4537659289781004
Latency: 1.303970482898876
Latency: 1.3342033820226789
Latency: 1.4744061999954283
Latency: 1.52811764087528
Latency: 1.4771933928132057
Latency: 1.4770357660017908
Latency: 1.4845155521761626
Latency: 1.4910790640860796
Latency: 1.4813224279787391
Latency: 1.4841701539698988
Latency: 1.4843630190007389
Latency: 1.4897848318796605
Latency: 1.4945606710389256
Latency: 1.5073479630518705
Latency: 1.5065806179773062
Latency: 1.5623385978396982
Latency: 1.5154089729767293
Latency: 1.5197496889159083
Latency: 1.511161832837388
Latency: 1.527763799065724
Latency: 1.527615797938779
Latency: 1.5257949468214065
Latency: 1.568747716024518
Latency: 1.590618247166276
Latency: 1.5825998128857464
Latency: 1.60246090288274
Latency: 1.6031659778673202
Latency: 1.6099400208331645
Latency: 1.6117273040581495
Latency: 1.5828562730457634
Latency: 1.6061711909715086
Latency: 1.6081626459490508
Latency: 1.5917694258969277
Latency: 1.543080926174298
Latency: 1.602462437003851
Latency: 1.5939115700311959
Latency: 1.6252212920226157
Latency: 1.6018487240653485
Latency: 1.6228943830356002
Latency: 1.5986877910327166
Latency: 1.459031363017857
Latency: 1.6403607809916139
Latency: 1.635474134935066
Latency: 1.4516576679889113
Latency: 1.536801922135055
Latency: 1.6424215531442314
Latency: 1.6194352160673589
Latency: 1.4683500009123236
Latency: 1.6445660621393472
Latency: 1.6505926211830229
Latency: 1.5811123771127313
Latency: 1.4810499709565192
Latency: 1.6564791300334036
Latency: 1.6547418481204659
Latency: 1.651570764137432
Latency: 1.4768107009585947
Latency: 1.4995820398908108
Latency: 1.4948541529010981
Latency: 1.4906965179834515
Latency: 1.4906402460765094
Latency: 1.508795249974355
Latency: 1.4993298519402742
Latency: 1.612081681145355
Latency: 1.4956640920136124
Latency: 1.5267839450389147
Latency: 1.5253899190574884
Latency: 1.5408874480053782
Latency: 1.5330836880020797
Latency: 1.3702655418310314
Latency: 1.3513788629788905
Latency: 1.3816829361021519
Latency: 1.3786712069995701
Latency: 1.3800745559856296
Latency: 1.3604794698767364
Latency: 1.3902277059387416
Latency: 1.3912618930917233
Latency: 1.358280145097524
Latency: 1.3830987229011953
Latency: 1.3818753939121962
Latency: 1.3957470580935478
Latency: 1.4041198391932994
Latency: 1.3327627338003367
Latency: 1.4274536620359868
Latency: 1.3244702080264688
Latency: 1.3354530890937895
Latency: 1.417544238967821
Latency: 1.4262100248597562
Latency: 1.4149728738702834
Latency: 1.4800151009112597
Latency: 1.4570741239003837
Latency: 1.4678899110294878
Latency: 1.3832352100871503
Latency: 1.4897920079529285
Latency: 1.4760491410270333
Latency: 1.466257309075445
Latency: 1.3962540260981768
Latency: 1.4807462689932436
Latency: 1.4956781801301986
Latency: 1.5079610298853368
Latency: 1.499698854982853
Latency: 1.4924241967964917
Latency: 1.4818983061704785
Latency: 1.4910794268362224
Latency: 1.456768497126177
Latency: 1.4937212669756263
Latency: 1.4992506760172546
Latency: 1.4986321260221303
Latency: 1.4156641769222915
Latency: 1.508344769012183
Latency: 1.4959472049959004
Latency: 1.50959795108065
Latency: 1.5003060300368816
Latency: 1.4222160540521145
