Latency: 0.924667629878968
Latency: 0.9435392529703677
Latency: 0.951755739049986
Latency: 0.9494388371240348
Latency: 0.9516156048048288
Latency: 0.9612623401917517
Latency: 0.9616606070194393
Latency: 0.9613413519691676
Latency: 0.9629087829962373
Latency: 0.965925371972844
Latency: 0.968244852963835
Latency: 0.9731663858983666
Latency: 0.9727894300594926
Latency: 0.9757151431404054
Latency: 0.9758934390265495
Latency: 0.9799240729771554
Latency: 0.8238744088448584
Latency: 0.8484467240050435
Latency: 0.8483953890390694
Latency: 0.832407551119104
Latency: 0.8492163571063429
Latency: 0.8294822610914707
Latency: 0.8297881041653454
Latency: 0.846669641090557
Latency: 0.8598137251101434
Latency: 0.8403494281228632
Latency: 0.8534647061023861
Latency: 0.8468865810427815
Latency: 0.8476527959574014
Latency: 0.8528583659790456
Latency: 0.8558054571039975
Latency: 0.8527499069459736
Latency: 0.8351652747951448
Latency: 0.8436433209571987
Latency: 0.8425145649816841
Latency: 0.846107189077884
Latency: 0.8665916530881077
Latency: 0.8477091018576175
Latency: 0.8520605149678886
Latency: 0.8481351970694959
Latency: 0.8453364179003984
Latency: 0.856669417116791
Latency: 0.8573983770329505
Latency: 0.8457994610071182
Latency: 0.8527410491369665
Latency: 0.8537119671236724
Latency: 0.8597593319136649
Latency: 0.862652244977653
Latency: 0.8213455691002309
Latency: 0.8511980900075287
Latency: 0.8489750809967518
Latency: 0.8315470120869577
Latency: 0.827218258054927
Latency: 0.844197137048468
Latency: 0.8585011509712785
Latency: 0.8409913750365376
Latency: 0.8332486059516668
Latency: 0.8408414400182664
Latency: 0.8275702120736241
Latency: 0.8389004031196237
Latency: 0.8444827201310545
Latency: 0.8397481120191514
Latency: 0.8480516930576414
Latency: 0.8520834560040385
Latency: 0.854752300074324
Latency: 0.8360206461511552
Latency: 0.8332413050811738
Latency: 0.8334584250114858
Latency: 0.8295527999289334
Latency: 0.8398901920299977
Latency: 0.8431508529465646
Latency: 0.8383322560694069
Latency: 0.8420019650366157
Latency: 0.8470104220323265
Latency: 0.8583327219821513
Latency: 0.854714339831844
Latency: 0.8572259868960828
Latency: 0.8697454479988664
Latency: 0.8525562030263245
Latency: 0.86069565708749
Latency: 0.8433011160232127
Latency: 0.840000654803589
Latency: 0.8516491460613906
Latency: 0.8560595989692956
Latency: 0.8626531378831714
Latency: 0.836778393946588
Latency: 0.8359557029325515
Latency: 0.8340472069103271
Latency: 0.8300409740768373
Latency: 0.8406854560598731
Latency: 0.8447636039927602
Latency: 0.8377023001667112
Latency: 0.8541981750167906
Latency: 0.8441497068852186
Latency: 0.8413530280813575
Latency: 0.8456475699786097
Latency: 0.851085111964494
Latency: 0.8185599870048463
Latency: 0.8276138168293983
Latency: 0.8334049459081143
Latency: 0.8223542710766196
Latency: 0.8439659979194403
Latency: 0.8203669060021639
Latency: 0.8199027481023222
Latency: 0.8282710968051106
Latency: 0.8210205938667059
Latency: 0.8277032889891416
Latency: 0.8346681741531938
Latency: 0.8399259110447019
Latency: 0.8246477469801903
Latency: 0.8487535850144923
Latency: 0.8578182151541114
Latency: 0.8231241127941757
Latency: 0.8401080849580467
Latency: 0.8345068390481174
Latency: 0.8377882160712034
Latency: 0.826669987058267
Latency: 0.8353941368404776
Latency: 0.8380585638806224
Latency: 0.8534602688159794
Latency: 0.8417058219201863
Latency: 0.8369136641267687
Latency: 0.8454168469179422
Latency: 0.8425648070406169
Latency: 0.8528293820563704
Latency: 0.847477104049176
Latency: 0.8498179139569402
Latency: 0.8564208878669888
Latency: 0.8358525692019612
Latency: 0.8456283009145409
Latency: 0.8388295569457114
Latency: 0.8354847561568022
Latency: 0.8552284701727331
Latency: 0.8287705280818045
Latency: 0.8241342410910875
Latency: 0.8397407131269574
Latency: 0.8345690749119967
Latency: 0.8227756109554321
Latency: 0.8304476758930832
Latency: 0.8356934471521527
Latency: 0.83543467707932
Latency: 0.8464227498043329
Latency: 0.8304001051001251
Latency: 0.8461086789611727
Latency: 0.8287113360129297
Latency: 0.832181409932673
Latency: 0.8351418930105865
Latency: 0.8373352240305394
Latency: 0.8159457619767636
Latency: 0.8343720980919898
Latency: 0.8374455259181559
Latency: 0.8306422801688313
Latency: 0.8398641631938517
Latency: 0.8394539430737495
Latency: 0.8487433628179133
Latency: 0.8356059310026467
Latency: 0.8422687121201307
Latency: 0.8311732618603855
Latency: 0.8506921839434654
Latency: 0.8340348261408508
Latency: 0.8240699688903987
Latency: 0.8312936031725258
Latency: 0.8546023769304156
Latency: 0.8316888310946524
Latency: 0.8391232669819146
Latency: 0.8292467521969229
Latency: 0.8355427519418299
Latency: 0.8277273559942842
Latency: 0.8361524678766727
Latency: 0.8302354880142957
Latency: 0.8349095368757844
Latency: 0.8346284630242735
Latency: 0.8397622981574386
Latency: 0.8441040138714015
Latency: 0.8484844209160656
Latency: 0.8518187939189374
Latency: 0.8352609539870173
Latency: 0.8370086289942265
Latency: 0.8511886938940734
Latency: 0.8525338300969452
Latency: 0.8349742109421641
Latency: 0.8449383559636772
Latency: 0.8345161210745573
Latency: 0.8355232970789075
Latency: 0.8299350319430232
Latency: 0.8220668130088598
Latency: 0.8371620299294591
Latency: 0.8280680750031024
Latency: 0.8397773040924221
Latency: 0.8319654741790146
Latency: 0.8496643379330635
Latency: 0.8411987437866628
Latency: 0.8460243451409042
Latency: 0.8468005661852658
Latency: 0.8413048540242016
Latency: 0.8506621259730309
Latency: 0.8426140979863703
Latency: 0.8465805111918598
Latency: 0.8525629139039665
Latency: 0.8477309490554035
Latency: 0.8540898321662098
Latency: 0.8515696169342846
Latency: 0.8631305629387498
Latency: 0.8555449370760471
Latency: 0.8629996199160814
Latency: 0.8600015148986131
Latency: 0.8366080338601023
Latency: 0.8410743079148233
Latency: 0.8245886650402099
Latency: 0.8353309370577335
Latency: 0.8531033941544592
Latency: 0.8204638729803264
Latency: 0.829519865103066
Latency: 0.8385445161256939
Latency: 0.8447911299299449
Latency: 0.8580719721503556
Latency: 0.8475447511300445
Latency: 0.8590864110738039
Latency: 0.8568375641480088
Latency: 0.8569478020071983
Latency: 0.859659711131826
Latency: 0.8633748348802328
Latency: 0.8379150610417128
Latency: 0.842218479141593
Latency: 0.8540764569770545
Latency: 0.8362978170625865
Latency: 0.8375763720832765
Latency: 0.8065011270809919
Latency: 0.846095564076677
Latency: 0.8236937059555203
Latency: 0.8491173940710723
Latency: 0.8536938859615475
Latency: 0.8281663430389017
Latency: 0.8235065259505063
Latency: 0.8308755240868777
Latency: 0.8278779450338334
Latency: 0.8323906830046326
Latency: 0.8310928910505027
Latency: 0.8335339571349323
Latency: 0.8477873869705945
Latency: 0.8433092869818211
Latency: 0.8225713078863919
Latency: 0.8138363130856305
Latency: 0.8538701909128577
Latency: 0.8311570461373776
Latency: 0.8391191919799894
Latency: 0.834341268055141
Latency: 0.8247886160388589
Latency: 0.8309177211485803
Latency: 0.8349253439810127
Latency: 0.8368970230221748
Latency: 0.836172197945416
Latency: 0.8358692720066756
Latency: 0.8426807529758662
Latency: 0.8456307328306139
Latency: 0.8484475468285382
Latency: 0.8240575089585036
Latency: 0.8179470559116453
Latency: 0.834721895866096
Latency: 0.8322358119767159
Latency: 0.8307473200839013
Latency: 0.8144953812006861
Latency: 0.8178501420188695
Latency: 0.8370485298801214
Latency: 0.8570719170384109
Latency: 0.8478891670238227
Latency: 0.8437325719278306
Latency: 0.8491962768603116
Latency: 0.8250431199558079
Latency: 0.819136518985033
Latency: 0.8354813971091062
Latency: 0.8483369229361415
Latency: 0.8505121120251715
Latency: 0.8453173560556024
Latency: 0.8341141429264098
Latency: 0.8332753421273082
Latency: 0.8324990249238908
Latency: 0.8194026101846248
Latency: 0.8337055409792811
Latency: 0.8347066098358482
Latency: 0.8361754899378866
Latency: 0.8512417858000845
Latency: 0.8334285630844533
Latency: 0.8507994620595127
Latency: 0.8474389638286084
Latency: 0.8472640761174262
Latency: 0.8343174159526825
Latency: 0.8481367439962924
Latency: 0.8467334951274097
Latency: 0.8426668900065124
Latency: 0.8340132890734822
Latency: 0.8245456090662628
Latency: 0.8346141020301729
Latency: 0.8290724700782448
Latency: 0.8230706879403442
Latency: 0.8437929381616414
