Latency: 0.0604038171004504
Latency: 0.061935096979141235
Latency: 0.06330813188105822
Latency: 0.06912320898845792
Latency: 0.0695413809735328
Latency: 0.07087750500068069
Latency: 0.07230091909877956
Latency: 0.07362891407683492
Latency: 0.07582850498147309
Latency: 0.07727350504137576
Latency: 0.07796267792582512
Latency: 0.07944296486675739
Latency: 0.08168432209640741
Latency: 0.08306058612652123
Latency: 0.08517157495953143
Latency: 0.08777363994158804
Latency: 0.0663445929531008
Latency: 0.06624759593978524
Latency: 0.06768908002413809
Latency: 0.06902800081297755
Latency: 0.07138266204856336
Latency: 0.07279556500725448
Latency: 0.07408072496764362
Latency: 0.07551385601982474
Latency: 0.07692752103321254
Latency: 0.080330824945122
Latency: 0.081766108982265
Latency: 0.0841695349663496
Latency: 0.08454951294697821
Latency: 0.08681254298426211
Latency: 0.08894780813716352
Latency: 0.08937221602536738
Latency: 0.06482477695681155
Latency: 0.06619654409587383
Latency: 0.0691925841383636
Latency: 0.07223318610340357
Latency: 0.0731342809740454
Latency: 0.0745507781393826
Latency: 0.07594934082590044
Latency: 0.07859018398448825
Latency: 0.07996912696398795
Latency: 0.08138061803765595
Latency: 0.08487089909613132
Latency: 0.08714896510355175
Latency: 0.08959999796934426
Latency: 0.08932791813276708
Latency: 0.09134669206105173
Latency: 0.0866619679145515
Latency: 0.07328424090519547
Latency: 0.07456467300653458
Latency: 0.07367485295981169
Latency: 0.07158034900203347
Latency: 0.072762839961797
Latency: 0.07295544096268713
Latency: 0.07706351182423532
Latency: 0.07827231008559465
Latency: 0.07955174404196441
Latency: 0.08092613285407424
Latency: 0.08489726600237191
Latency: 0.08634942211210728
Latency: 0.08991617918945849
Latency: 0.08697391394525766
Latency: 0.08255565096624196
Latency: 0.08384140604175627
Latency: 0.07132715312764049
Latency: 0.07256500795483589
Latency: 0.07470495393499732
Latency: 0.07293531880713999
Latency: 0.07455520192161202
Latency: 0.07594255707226694
Latency: 0.08156964904628694
Latency: 0.08444418804720044
Latency: 0.08239919412881136
Latency: 0.08788458094932139
Latency: 0.08247606898657978
Latency: 0.08386009908281267
Latency: 0.08640051493421197
Latency: 0.08784268004819751
Latency: 0.08222030801698565
Latency: 0.0819925731047988
Latency: 0.06867826916277409
Latency: 0.0701280680950731
Latency: 0.07210246496833861
Latency: 0.07343149115331471
Latency: 0.07483850698918104
Latency: 0.07625170797109604
Latency: 0.0790370770264417
Latency: 0.08040767908096313
Latency: 0.0826640878804028
Latency: 0.08267302601598203
Latency: 0.08333220682106912
Latency: 0.08540317788720131
Latency: 0.08677973505109549
Latency: 0.08939562900923193
Latency: 0.08281954703852534
Latency: 0.08493411005474627
Latency: 0.06989458808675408
Latency: 0.06961121200583875
Latency: 0.07247103797271848
Latency: 0.07294919085688889
Latency: 0.0744283061940223
Latency: 0.0758212679065764
Latency: 0.08229261706583202
Latency: 0.08373440289869905
Latency: 0.08379560010507703
Latency: 0.08543802192434669
Latency: 0.08806045912206173
Latency: 0.09315703413449228
Latency: 0.09336078097112477
Latency: 0.09124386217445135
Latency: 0.10052528604865074
Latency: 0.10373351210728288
Latency: 0.09158137696795166
Latency: 0.0971523760817945
Latency: 0.09903522790409625
Latency: 0.10022819810546935
Latency: 0.10157904401421547
Latency: 0.10562213603407145
Latency: 0.10205909609794617
Latency: 0.10346485208719969
Latency: 0.10772865009494126
Latency: 0.08589087496511638
Latency: 0.08782910904847085
Latency: 0.08428739686496556
Latency: 0.08620726084336638
Latency: 0.08410063595511019
Latency: 0.08249692805111408
Latency: 0.08130548405461013
Latency: 0.07979181711561978
Latency: 0.07618545508012176
Latency: 0.07544680801220238
Latency: 0.07930523110553622
Latency: 0.08062589704059064
Latency: 0.08115446101874113
Latency: 0.08385269809514284
Latency: 0.08874805015511811
Latency: 0.08409029780887067
Latency: 0.08754549408331513
Latency: 0.09142327099107206
Latency: 0.08644408197142184
Latency: 0.08779973210766912
Latency: 0.08462914708070457
Latency: 0.08296442101709545
Latency: 0.07726048910990357
Latency: 0.07617741008289158
Latency: 0.07564394897781312
Latency: 0.07675885502249002
Latency: 0.07930750399827957
Latency: 0.08068197197280824
Latency: 0.08398213097825646
Latency: 0.084437923040241
Latency: 0.08367215585894883
Latency: 0.0859350198879838
Latency: 0.08720341511070728
Latency: 0.08167902613058686
Latency: 0.0828404740896076
Latency: 0.08633875590749085
Latency: 0.08404542901553214
Latency: 0.07579067605547607
Latency: 0.08005201513879001
Latency: 0.0792592668440193
Latency: 0.07360240002162755
Latency: 0.07609487092122436
Latency: 0.07903770683333278
Latency: 0.08054575580172241
Latency: 0.08112965221516788
Latency: 0.08477831608615816
Latency: 0.0842359580565244
Latency: 0.08467824500985444
Latency: 0.0859923679381609
Latency: 0.08849768806248903
Latency: 0.08997483784332871
Latency: 0.09062012494541705
Latency: 0.08419078099541366
Latency: 0.08198976307176054
Latency: 0.07689778204075992
Latency: 0.07712315488606691
Latency: 0.07422732305712998
Latency: 0.07539353589527309
Latency: 0.07674592710100114
Latency: 0.0793110840022564
Latency: 0.08236404578201473
Latency: 0.08348413300700486
Latency: 0.08098813309334219
Latency: 0.08230996713973582
Latency: 0.08366990019567311
Latency: 0.0860087089240551
Latency: 0.08851431007497013
Latency: 0.08525713882409036
Latency: 0.08933899411931634
Latency: 0.08428134606219828
Latency: 0.0786752428393811
Latency: 0.06661387719213963
Latency: 0.06922315200790763
Latency: 0.07052051299251616
Latency: 0.07008200790733099
Latency: 0.07205246388912201
Latency: 0.07694415794685483
Latency: 0.0779096269980073
Latency: 0.08451808500103652
Latency: 0.08408272382803261
Latency: 0.08974056411534548
Latency: 0.08986374805681407
Latency: 0.08419208112172782
Latency: 0.08134193392470479
Latency: 0.08442806196399033
Latency: 0.07500156317837536
Latency: 0.07763984403572977
Latency: 0.07487454591318965
Latency: 0.07633589883334935
Latency: 0.07772879209369421
Latency: 0.08019008999690413
Latency: 0.08149451203644276
Latency: 0.08292108308523893
Latency: 0.08695414406247437
Latency: 0.08512969594448805
Latency: 0.08768887096084654
Latency: 0.07858733600005507
Latency: 0.08265701308846474
Latency: 0.08032012707553804
Latency: 0.08128073904663324
Latency: 0.08724681194871664
Latency: 0.0848954760003835
Latency: 0.08351497794501483
Latency: 0.09672865807078779
Latency: 0.09830437414348125
Latency: 0.10747086792252958
Latency: 0.10383876785635948
Latency: 0.10929507296532393
Latency: 0.11280684708617628
Latency: 0.10711568896658719
Latency: 0.11021126201376319
Latency: 0.11197726894170046
Latency: 0.11328054405748844
Latency: 0.10803204588592052
Latency: 0.10703838500194252
Latency: 0.10918387584388256
Latency: 0.1081013570073992
Latency: 0.07975468295626342
Latency: 0.08103990810923278
Latency: 0.07400683988817036
Latency: 0.07769087119959295
Latency: 0.08298813691362739
Latency: 0.08611353300511837
Latency: 0.08389552007429302
Latency: 0.08035272103734314
Latency: 0.08089229790493846
Latency: 0.08086830098181963
Latency: 0.08283488499000669
Latency: 0.08415706013329327
Latency: 0.08143982104957104
Latency: 0.08363911998458207
Latency: 0.08301189914345741
Latency: 0.0809950849507004
Latency: 0.07853652513585985
Latency: 0.07995790406130254
Latency: 0.07628367701545358
Latency: 0.07551609701476991
Latency: 0.0773723148740828
Latency: 0.0784394929651171
Latency: 0.08102446096017957
Latency: 0.08419613284058869
Latency: 0.07815788500010967
Latency: 0.08157897694036365
Latency: 0.08114985888823867
Latency: 0.08261286397464573
Latency: 0.08183589391410351
Latency: 0.08420983189716935
Latency: 0.08099559298716486
Latency: 0.08441231097094715
Latency: 0.0827588140964508
Latency: 0.08426775899715722
Latency: 0.07548972591757774
Latency: 0.07674777181819081
Latency: 0.07841216609813273
Latency: 0.07493235194124281
Latency: 0.08183049107901752
Latency: 0.08348953095264733
Latency: 0.08317931718192995
Latency: 0.080899324035272
Latency: 0.08047904982231557
Latency: 0.0832797191105783
Latency: 0.08464778703637421
Latency: 0.08287546713836491
Latency: 0.07930321712046862
Latency: 0.08395005203783512
Latency: 0.07614676700904965
Latency: 0.07962554809637368
Latency: 0.07462594611570239
Latency: 0.07794941682368517
Latency: 0.078799287090078
Latency: 0.08067964110523462
Latency: 0.08284817403182387
Latency: 0.07863023295067251
Latency: 0.08005893300287426
Latency: 0.07882233103737235
Latency: 0.08009054907597601
Latency: 0.08257520291954279
Latency: 0.0840362140443176
Latency: 0.08159240707755089
Latency: 0.08105153986252844
Latency: 0.08500346099026501
Latency: 0.07983001205138862
Latency: 0.08543028892017901
Latency: 0.07783999387174845
Latency: 0.08175177709199488
Latency: 0.07745280396193266
Latency: 0.078428546898067
Latency: 0.07827721000649035
Latency: 0.07960219588130713
Latency: 0.08329203189350665
Latency: 0.0801827919203788
Latency: 0.08163505792617798
Latency: 0.0846109229605645
Latency: 0.08818298694677651
Latency: 0.0832182071171701
Latency: 0.08424572693184018
Latency: 0.08187440899200737
Latency: 0.08182831201702356
Latency: 0.08051481004804373
Latency: 0.07486885110847652
Latency: 0.07442889199592173
Latency: 0.07752304314635694
Latency: 0.07441684999503195
Latency: 0.08386567397974432
Latency: 0.07905325200408697
Latency: 0.0791722780559212
Latency: 0.08058771397918463
Latency: 0.08176982589066029
Latency: 0.08748525101691484
Latency: 0.08738020504824817
Latency: 0.07736915885470808
Latency: 0.08127097599208355
Latency: 0.08082322496920824
Latency: 0.07800705288536847
Latency: 0.08108467189595103
Latency: 0.0743809319101274
Latency: 0.08101546112447977
Latency: 0.11222642799839377
Latency: 0.1067129101138562
Latency: 0.10816347412765026
Latency: 0.10449554119259119
Latency: 0.10589698702096939
Latency: 0.10897689289413393
Latency: 0.11174121592193842
Latency: 0.11211634194478393
Latency: 0.10811577690765262
Latency: 0.10627220408059657
Latency: 0.10989527613855898
Latency: 0.10909507796168327
Latency: 0.10814408701844513
Latency: 0.10915049421600997
Latency: 0.08309736987575889
Latency: 0.08364652190357447
Latency: 0.08841359498910606
Latency: 0.07380944793112576
Latency: 0.07768178102560341
Latency: 0.07979570608586073
Latency: 0.0827070081140846
Latency: 0.0856252561789006
Latency: 0.08566260803490877
Latency: 0.09077760018408298
Latency: 0.07864039205014706
Latency: 0.07994820410385728
Latency: 0.07859385316260159
Latency: 0.0847957890946418
Latency: 0.07915476709604263
Latency: 0.08255307818762958
Latency: 0.08212602511048317
Latency: 0.08528304495848715
Latency: 0.07640110701322556
Latency: 0.07269522198475897
Latency: 0.07521596783772111
Latency: 0.07840760098770261
Latency: 0.07641867897473276
Latency: 0.07946878904476762
Latency: 0.08044151798821986
Latency: 0.08276386512443423
Latency: 0.08695199596695602
Latency: 0.08834808599203825
Latency: 0.0826840850058943
Latency: 0.07489562802948058
Latency: 0.07637449796311557
Latency: 0.07757656602188945
Latency: 0.0829443340189755
Latency: 0.0858221750240773
Latency: 0.08197067002765834
Latency: 0.07509108679369092
Latency: 0.07992113917134702
Latency: 0.08035811502486467
Latency: 0.07803524285554886
Latency: 0.0822572261095047
Latency: 0.0829520570114255
Latency: 0.08789933891966939
Latency: 0.07946903095580637
Latency: 0.08110907091759145
Latency: 0.07522618491202593
Latency: 0.073212776100263
Latency: 0.07455901708453894
Latency: 0.0815576370805502
Latency: 0.08785581402480602
Latency: 0.0884695400018245
Latency: 0.08338454598560929
Latency: 0.07517337612807751
Latency: 0.07601808593608439
Latency: 0.08156063803471625
Latency: 0.07861369499005377
Latency: 0.08072964893653989
Latency: 0.0821077551227063
Latency: 0.0829081169795245
Latency: 0.08112064003944397
Latency: 0.08634042297489941
Latency: 0.07943995599634945
Latency: 0.08065476501360536
Latency: 0.08646577899344265
Latency: 0.08301716507412493
Latency: 0.08294496405869722
Latency: 0.08634605910629034
Latency: 0.08372282795608044
Latency: 0.07467020186595619
Latency: 0.07954483479261398
Latency: 0.08028115588240325
Latency: 0.07984280493110418
Latency: 0.08120405091904104
Latency: 0.0824172729626298
Latency: 0.0826507720630616
Latency: 0.08104724786244333
Latency: 0.07569612306542695
Latency: 0.0781616191379726
Latency: 0.0796023819129914
Latency: 0.07747737411409616
Latency: 0.08425321779213846
Latency: 0.0850071341264993
Latency: 0.07456554379314184
Latency: 0.08178763114847243
Latency: 0.07811814709566534
Latency: 0.0817478490062058
Latency: 0.07858666405081749
Latency: 0.07453315006569028
Latency: 0.07885161112062633
Latency: 0.08030963409692049
Latency: 0.08044144697487354
Latency: 0.07715615397319198
Latency: 0.08014201815240085
Latency: 0.07600325811654329
Latency: 0.07939034886658192
Latency: 0.07203496899455786
Latency: 0.08571785385720432
Latency: 0.0881981598213315
Latency: 0.0789625181350857
Latency: 0.10654594493098557
Latency: 0.1071985608432442
Latency: 0.10877359705045819
Latency: 0.10868390509858727
Latency: 0.10390205308794975
Latency: 0.10828079003840685
Latency: 0.11308507900685072
Latency: 0.11437143990769982
Latency: 0.10577808902598917
Latency: 0.1106189489364624
Latency: 0.10082349507138133
Latency: 0.10938712977804244
Latency: 0.10593487089499831
Latency: 0.1140810139477253
Latency: 0.10992741794325411
Latency: 0.0788875159341842
Latency: 0.07627093605697155
Latency: 0.07596082193776965
Latency: 0.07800071593374014
Latency: 0.08076333813369274
Latency: 0.08578799711540341
Latency: 0.0796242649666965
Latency: 0.08458946691825986
Latency: 0.08916258788667619
Latency: 0.08133405400440097
Latency: 0.08524655504152179
Latency: 0.07486333814449608
Latency: 0.08037858898751438
Latency: 0.08180741500109434
Latency: 0.0804255751427263
Latency: 0.0783652130048722
Latency: 0.08479268103837967
Latency: 0.07522992207668722
Latency: 0.07990760589018464
Latency: 0.08068418502807617
Latency: 0.0813074498437345
Latency: 0.08334494009613991
Latency: 0.08671207702718675
Latency: 0.0897498270496726
Latency: 0.08329834998585284
Latency: 0.08471503714099526
Latency: 0.08324277703650296
Latency: 0.0839130929671228
Latency: 0.08210084796883166
Latency: 0.08794375602155924
Latency: 0.08280823891982436
Latency: 0.08645800687372684
Latency: 0.0841591670177877
Latency: 0.0767571369651705
Latency: 0.07820031605660915
Latency: 0.0795227091293782
Latency: 0.08269040286540985
Latency: 0.07854699995368719
Latency: 0.08346470585092902
Latency: 0.0849730339832604
Latency: 0.08050084114074707
Latency: 0.08183335419744253
Latency: 0.08194426517002285
Latency: 0.08135524904355407
Latency: 0.08322307304479182
Latency: 0.08240992319770157
Latency: 0.07729033706709743
Latency: 0.08159456914290786
Latency: 0.0840791198424995
Latency: 0.07997876103036106
Latency: 0.08138053491711617
Latency: 0.08277393295429647
Latency: 0.08034824812784791
Latency: 0.08038861607201397
Latency: 0.07334422715939581
Latency: 0.07978089479729533
Latency: 0.07647369499318302
Latency: 0.08137119887396693
Latency: 0.08285636291839182
Latency: 0.08093426888808608
Latency: 0.08153966697864234
Latency: 0.07866363902576268
Latency: 0.08002747688442469
Latency: 0.08662976906634867
Latency: 0.0799212409183383
Latency: 0.07316216407343745
Latency: 0.08054746617563069
Latency: 0.0819934830069542
Latency: 0.08330960082821548
Latency: 0.07877666014246643
Latency: 0.08016430889256299
Latency: 0.07548077800311148
Latency: 0.08474398287944496
Latency: 0.0860734460875392
Latency: 0.0819504710379988
Latency: 0.08027381985448301
Latency: 0.08287301007658243
Latency: 0.07743032602593303
Latency: 0.08170624519698322
Latency: 0.07970452797599137
Latency: 0.08195040700957179
Latency: 0.07846717606298625
Latency: 0.07970365695655346
Latency: 0.0866745540406555
Latency: 0.07637970801442862
Latency: 0.0760773099027574
Latency: 0.07970334705896676
Latency: 0.08059637900441885
Latency: 0.08169784001074731
Latency: 0.08581471117213368
Latency: 0.08723025489598513
Latency: 0.08344209706410766
Latency: 0.07895579701289535
Latency: 0.08095387299545109
Latency: 0.08440580707974732
Latency: 0.08031962998211384
Latency: 0.08090537786483765
Latency: 0.08015473582781851
Latency: 0.0754748189356178
Latency: 0.08332453900948167
Latency: 0.07374818390235305
Latency: 0.07503204396925867
Latency: 0.07925815600901842
Latency: 0.07771062990650535
Latency: 0.08067492302507162
Latency: 0.1121945430058986
Latency: 0.11370198405347764
Latency: 0.112506307894364
Latency: 0.11194018693640828
Latency: 0.10954163898713887
Latency: 0.11054617306217551
Latency: 0.10838642506860197
Latency: 0.1107593139167875
Latency: 0.11608700011856854
Latency: 0.11299370904453099
Latency: 0.10848596296273172
Latency: 0.10719088395126164
Latency: 0.11022711987607181
Latency: 0.08302917890250683
Latency: 0.08015805296599865
Latency: 0.08136943983845413
Latency: 0.0799186339136213
Latency: 0.08247548481449485
Latency: 0.08018517098389566
Latency: 0.08095584600232542
Latency: 0.07909024809487164
Latency: 0.08171089109964669
Latency: 0.07941838004626334
Latency: 0.08377155987545848
Latency: 0.07797261304222047
Latency: 0.0831408160738647
Latency: 0.08063757396303117
Latency: 0.0819438120815903
Latency: 0.08198810112662613
Latency: 0.08292301697656512
Latency: 0.07557452307082713
Latency: 0.07878357800655067
Latency: 0.08185600605793297
Latency: 0.08441043505445123
Latency: 0.07849460793659091
Latency: 0.08380085905082524
Latency: 0.07893976499326527
Latency: 0.0872309161350131
Latency: 0.08148372592404485
Latency: 0.07466281787492335
Latency: 0.08416894008405507
Latency: 0.07683176803402603
Latency: 0.07807929185219109
Latency: 0.08178757107816637
Latency: 0.08143468108028173
Latency: 0.07789670093916357
Latency: 0.08186424407176673
Latency: 0.07853993983007967
Latency: 0.08298812294378877
Latency: 0.0828629769384861
Latency: 0.08334085904061794
Latency: 0.08515772991813719
Latency: 0.08222600095905364
Latency: 0.08238040888682008
Latency: 0.07885968312621117
Latency: 0.08549557696096599
Latency: 0.08583743101917207
Latency: 0.0786731920670718
Latency: 0.0827748510055244
Latency: 0.0823383079841733
Latency: 0.08600789704360068
Latency: 0.08129482693038881
Latency: 0.0846597719937563
Latency: 0.07561641279608011
Latency: 0.07725456985644996
Latency: 0.0806683050468564
Latency: 0.08090836787596345
Latency: 0.08585634897463024
Latency: 0.08120296290144324
Latency: 0.07984446710906923
Latency: 0.07902352907694876
Latency: 0.07816527504473925
Latency: 0.08238510182127357
Latency: 0.08200448914431036
Latency: 0.08104717289097607
Latency: 0.08683791989460588
Latency: 0.08748619793914258
Latency: 0.08002186589874327
Latency: 0.07865830697119236
Latency: 0.08363863080739975
Latency: 0.07853676797822118
Latency: 0.08146130992099643
Latency: 0.08357348898425698
Latency: 0.08464844804257154
Latency: 0.07715978706255555
Latency: 0.0789488919544965
Latency: 0.07953887199983001
Latency: 0.08326316182501614
Latency: 0.08432431798428297
Latency: 0.08203629218041897
Latency: 0.08542764303274453
Latency: 0.0856403331272304
Latency: 0.08281949488446116
Latency: 0.08068080199882388
Latency: 0.07946114288643003
Latency: 0.08128769090399146
Latency: 0.08343779807910323
Latency: 0.08402054314501584
Latency: 0.08434662292711437
Latency: 0.08402210217900574
Latency: 0.08473474206402898
Latency: 0.0791016339790076
Latency: 0.08042343589477241
Latency: 0.0839617089368403
Latency: 0.08527659298852086
Latency: 0.08585487212985754
Latency: 0.08419887209311128
Latency: 0.09074798715300858
Latency: 0.07832672703079879
Latency: 0.07997013884596527
Latency: 0.07928606914356351
Latency: 0.07996900100260973
Latency: 0.08496809704229236
Latency: 0.08066988387145102
Latency: 0.08294831798411906
Latency: 0.08407596801407635
Latency: 0.10858364193700254
Latency: 0.10518098995089531
Latency: 0.10962844896130264
Latency: 0.11294754804112017
Latency: 0.11441628192551434
Latency: 0.11334478086791933
Latency: 0.11260185297578573
Latency: 0.11497662612237036
Latency: 0.10475865099579096
Latency: 0.10668266098946333
Latency: 0.10765668097883463
Latency: 0.1075367929879576
Latency: 0.07792794820852578
Latency: 0.08159002405591309
Latency: 0.0905415709130466
Latency: 0.08529690699651837
Latency: 0.086674096994102
Latency: 0.0837677069939673
Latency: 0.08512757415883243
Latency: 0.08855752204544842
Latency: 0.09139027702622116
Latency: 0.09374087303876877
Latency: 0.08912541810423136
Latency: 0.08958398294635117
Latency: 0.08963925880379975
Latency: 0.09099699300713837
Latency: 0.09197671711444855
Latency: 0.0793711319565773
Latency: 0.07582047418691218
Latency: 0.08488844195380807
Latency: 0.0790033470839262
Latency: 0.08054138300940394
Latency: 0.07860504905693233
Latency: 0.07658978109247983
Latency: 0.08286961005069315
Latency: 0.08075389103032649
Latency: 0.08208001405000687
Latency: 0.08096754690632224
Latency: 0.08196975314058363
Latency: 0.08345316699706018
Latency: 0.0865361331962049
Latency: 0.08161509991623461
Latency: 0.08075901702977717
Latency: 0.07485099113546312
Latency: 0.08567646914161742
Latency: 0.08861886709928513
Latency: 0.07864132197573781
Latency: 0.08349666907452047
Latency: 0.07613677205517888
Latency: 0.08079539821483195
Latency: 0.08179159602150321
Latency: 0.07972071692347527
Latency: 0.07920753699727356
Latency: 0.08204198791645467
Latency: 0.08847456984221935
Latency: 0.08180554886348546
Latency: 0.08044177596457303
Latency: 0.07459650188684464
Latency: 0.0783813048619777
Latency: 0.07476009801030159
Latency: 0.08394648786634207
Latency: 0.08567702188156545
Latency: 0.08474827278405428
Latency: 0.09041297296062112
Latency: 0.08216279395855963
Latency: 0.0790645491797477
Latency: 0.08297816710546613
Latency: 0.08125799079425633
Latency: 0.08091393602080643
Latency: 0.08423256408423185
Latency: 0.08670269302092493
Latency: 0.07953196787275374
Latency: 0.09018800500780344
Latency: 0.07686176616698503
Latency: 0.07890593400225043
Latency: 0.08233541902154684
Latency: 0.08033369318582118
Latency: 0.08197547309100628
Latency: 0.08557259081862867
Latency: 0.0834035410080105
Latency: 0.07278463197872043
Latency: 0.07379893912002444
Latency: 0.07363136601634324
Latency: 0.0750672968570143
Latency: 0.08482784195803106
Latency: 0.08879925310611725
Latency: 0.0881969970650971
Latency: 0.08309352584183216
Latency: 0.07487388188019395
Latency: 0.08215264999307692
Latency: 0.08014280302450061
Latency: 0.07970754499547184
Latency: 0.07535852189175785
Latency: 0.08386589982546866
Latency: 0.08988697989843786
Latency: 0.08306397404521704
Latency: 0.07325707492418587
Latency: 0.07725124387070537
Latency: 0.07876363606192172
Latency: 0.08532948512583971
Latency: 0.08222180395387113
Latency: 0.08031687489710748
Latency: 0.08573828195221722
Latency: 0.0837355109397322
Latency: 0.0784795640502125
Latency: 0.07938459399156272
Latency: 0.08257249090820551
Latency: 0.08270088699646294
Latency: 0.08170910901390016
Latency: 0.08453245996497571
Latency: 0.07411347492597997
Latency: 0.08149086218327284
Latency: 0.07484112097881734
Latency: 0.07557337800972164
Latency: 0.07942706486210227
Latency: 0.08710559899918735
Latency: 0.10816439497284591
Latency: 0.10958708496764302
Latency: 0.11129805212840438
Latency: 0.10768681298941374
Latency: 0.10948615218512714
Latency: 0.1101528168655932
Latency: 0.10769858583807945
Latency: 0.11115091294050217
Latency: 0.11243889690376818
Latency: 0.107666851952672
Latency: 0.109072329942137
Latency: 0.10779330995865166
Latency: 0.07096951198764145
Latency: 0.07437764899805188
Latency: 0.07942978898063302
Latency: 0.08190134796313941
Latency: 0.07612284808419645
Latency: 0.07890668697655201
Latency: 0.0770086320117116
Latency: 0.08531336998566985
Latency: 0.08177183591760695
Latency: 0.07964077102951705
Latency: 0.08173389197327197
Latency: 0.0762180951423943
Latency: 0.07912115706130862
Latency: 0.07499684090726078
Latency: 0.07636855309829116
Latency: 0.07963946019299328
Latency: 0.083460149820894
Latency: 0.0843851559329778
Latency: 0.07764637493528426
Latency: 0.08132570097222924
Latency: 0.08205493702553213
Latency: 0.08473044401034713
Latency: 0.07797226798720658
Latency: 0.0740172378718853
Latency: 0.08066456881351769
Latency: 0.08322111400775611
Latency: 0.08505623508244753
Latency: 0.08097319095395505
Latency: 0.08307592803612351
Latency: 0.0779761909507215
Latency: 0.07946675992570817
Latency: 0.07941588805988431
Latency: 0.07954268390312791
Latency: 0.08094441494904459
Latency: 0.0828291701618582
Latency: 0.07612914615310729
Latency: 0.07742722798138857
Latency: 0.0836190260015428
Latency: 0.0761688791681081
Latency: 0.08032891387119889
Latency: 0.0783668290823698
Latency: 0.08172805118374527
Latency: 0.07888388610444963
Latency: 0.08321587089449167
Latency: 0.08699238812550902
Latency: 0.07287633582018316
Latency: 0.07431935612112284
Latency: 0.0781141601037234
Latency: 0.07987435604445636
Latency: 0.08130491012707353
Latency: 0.08188773412257433
Latency: 0.07817382109351456
Latency: 0.08523649489507079
Latency: 0.0841203611344099
Latency: 0.07720287307165563
Latency: 0.08582512196153402
Latency: 0.07834495813585818
Latency: 0.08089165389537811
Latency: 0.08412166591733694
Latency: 0.08198592392727733
Latency: 0.08093856391496956
Latency: 0.07712460192851722
Latency: 0.07983505795709789
Latency: 0.08120496501214802
Latency: 0.0797429708763957
Latency: 0.08250625897198915
Latency: 0.08237300417385995
Latency: 0.08297680411487818
Latency: 0.08580411388538778
Latency: 0.0893650189973414
Latency: 0.07979987189173698
Latency: 0.07732394500635564
Latency: 0.0838223728351295
Latency: 0.07861607009544969
Latency: 0.0799520940054208
Latency: 0.08256155392155051
Latency: 0.0817901948466897
Latency: 0.08544630208052695
Latency: 0.08622318995185196
Latency: 0.07445779303088784
Latency: 0.07844295492395759
Latency: 0.07978526712395251
Latency: 0.08156957314349711
Latency: 0.08586669689975679
Latency: 0.08577695908024907
Latency: 0.08076992793940008
Latency: 0.07834520912729204
Latency: 0.08258622395806015
Latency: 0.0745544470846653
Latency: 0.07992013497278094
Latency: 0.08245568093843758
Latency: 0.08387424983084202
Latency: 0.08346748491749167
Latency: 0.08572253095917404
Latency: 0.08569505694322288
Latency: 0.07610766193829477
Latency: 0.07313711591996253
Latency: 0.08138086111284792
Latency: 0.08172070607542992
Latency: 0.08088373299688101
Latency: 0.08025619597174227
Latency: 0.07692009303718805
Latency: 0.07830299902707338
Latency: 0.11333300382830203
Latency: 0.11140995379537344
Latency: 0.11280241888016462
Latency: 0.11476929089985788
Latency: 0.11611618520691991
Latency: 0.11426044814288616
Latency: 0.11099923006258905
Latency: 0.11599857290275395
Latency: 0.10850095399655402
Latency: 0.10983125795610249
Latency: 0.1086356348823756
Latency: 0.11196000897325575
Latency: 0.11543724103830755
Latency: 0.11890781112015247
Latency: 0.0862574779894203
Latency: 0.08758849184960127
Latency: 0.08120972407050431
Latency: 0.08284801407717168
Latency: 0.08512285305187106
Latency: 0.08494480000808835
Latency: 0.0891016551759094
Latency: 0.08695962396450341
Latency: 0.09318998781964183
Latency: 0.09528159303590655
Latency: 0.07339404593221843
Latency: 0.07765571307390928
Latency: 0.07894998788833618
Latency: 0.07854489702731371
Latency: 0.08177344012074172
Latency: 0.08318835799582303
Latency: 0.0715109019074589
Latency: 0.07232584804296494
Latency: 0.07371461717411876
Latency: 0.07509069005027413
Latency: 0.07651688903570175
Latency: 0.08061458985321224
Latency: 0.08113525318913162
Latency: 0.08752014790661633
Latency: 0.08813659707084298
Latency: 0.07891782210208476
Latency: 0.07397432206198573
Latency: 0.07504839589819312
Latency: 0.0763725251890719
Latency: 0.0774727410171181
Latency: 0.08347606495954096
Latency: 0.08567568985745311
Latency: 0.07142903585918248
Latency: 0.07288316613994539
Latency: 0.07429282600060105
Latency: 0.07418530993163586
Latency: 0.07562807109206915
Latency: 0.07925022998824716
Latency: 0.08242985000833869
Latency: 0.08675243612378836
Latency: 0.08815687778405845
Latency: 0.07924372097477317
Latency: 0.07461569388397038
Latency: 0.07600717805325985
Latency: 0.07988155609928071
Latency: 0.07949318899773061
Latency: 0.08457879698835313
Latency: 0.08576569193974137
Latency: 0.06764862081035972
Latency: 0.06957920803688467
Latency: 0.07086840597912669
Latency: 0.0748398310970515
Latency: 0.07587539311498404
Latency: 0.08137059002183378
Latency: 0.08093338995240629
Latency: 0.08619681582786143
Latency: 0.08838478801771998
Latency: 0.0780906961299479
Latency: 0.07758982107043266
Latency: 0.08000532607547939
Latency: 0.08140700892545283
Latency: 0.08266079914756119
Latency: 0.0801342239137739
Latency: 0.08910297881811857
Latency: 0.07369628199376166
Latency: 0.07173120509833097
Latency: 0.07413482712581754
Latency: 0.07494680490344763
Latency: 0.07630806509405375
Latency: 0.08084907894954085
Latency: 0.0844330070540309
Latency: 0.08681501890532672
Latency: 0.08898475114256144
Latency: 0.07577047101221979
Latency: 0.07301376480609179
Latency: 0.0744553750846535
Latency: 0.07990319514647126
Latency: 0.08138597500510514
Latency: 0.08313716598786414
Latency: 0.08782856189645827
Latency: 0.0764604948926717
Latency: 0.07784605398774147
Latency: 0.07653593714348972
Latency: 0.07902226899750531
Latency: 0.08047740813344717
Latency: 0.08414569916203618
Latency: 0.08575431304052472
Latency: 0.08335604006424546
Latency: 0.08782192599028349
Latency: 0.08014840888790786
Latency: 0.077236358076334
Latency: 0.07859273999929428
Latency: 0.08092331700026989
Latency: 0.08884143712930381
Latency: 0.08597733499482274
Latency: 0.08127158600836992
Latency: 0.07522938889451325
Latency: 0.07938384194858372
Latency: 0.08076077699661255
Latency: 0.07814931590110064
Latency: 0.07948536914773285
Latency: 0.0785661949776113
Latency: 0.0880931259598583
Latency: 0.08361089089885354
Latency: 0.11988329119049013
Latency: 0.10988168301992118
Latency: 0.10720601794309914
Latency: 0.10869628610089421
Latency: 0.10831782408058643
Latency: 0.11305555608123541
Latency: 0.10952437995001674
Latency: 0.1069591089617461
Latency: 0.10824004397727549
Latency: 0.10865912586450577
Latency: 0.11004573409445584
Latency: 0.10688810609281063
Latency: 0.10830109193921089
Latency: 0.1129510230384767
Latency: 0.08882911503314972
Latency: 0.07452653883956373
Latency: 0.07842744095250964
Latency: 0.0719770579598844
Latency: 0.07257286203093827
Latency: 0.0840329269412905
Latency: 0.08541535888798535
Latency: 0.08464312111027539
Latency: 0.08642305503599346
Latency: 0.07347297784872353
Latency: 0.07480247807689011
Latency: 0.07538341707549989
Latency: 0.07890264899469912
Latency: 0.07876583398319781
Latency: 0.08540471503511071
Latency: 0.09039866807870567
Latency: 0.08612104202620685
Latency: 0.08290279912762344
Latency: 0.0802903848234564
Latency: 0.07328599691390991
Latency: 0.07671305700205266
Latency: 0.08089932287111878
Latency: 0.08208186412230134
Latency: 0.08641630900092423
Latency: 0.08583730505779386
Latency: 0.08233825210481882
Latency: 0.08358064107596874
Latency: 0.07892282283864915
Latency: 0.07777257799170911
Latency: 0.08211787883192301
Latency: 0.0830969619564712
Latency: 0.08413980808109045
Latency: 0.08368893503211439
Latency: 0.08396908594295382
Latency: 0.07528736093081534
Latency: 0.07351600890979171
Latency: 0.07921898295171559
Latency: 0.08517077914439142
Latency: 0.08364981692284346
Latency: 0.08691902318969369
Latency: 0.08515905612148345
Latency: 0.07743883202783763
Latency: 0.08146378211677074
Latency: 0.07810951210558414
Latency: 0.08032141509465873
Latency: 0.08499736804515123
Latency: 0.08991149393841624
Latency: 0.09021417400799692
Latency: 0.0835125120356679
Latency: 0.08324597915634513
Latency: 0.07609297009184957
Latency: 0.07964011118747294
Latency: 0.08152406406588852
Latency: 0.07581039192155004
Latency: 0.08092689886689186
Latency: 0.0805221910122782
Latency: 0.08044940396212041
Latency: 0.07633927394635975
Latency: 0.07887945091351867
Latency: 0.08211952005513012
Latency: 0.08707659784704447
Latency: 0.08740886021405458
Latency: 0.08237145701423287
Latency: 0.08379275188781321
Latency: 0.0838968469761312
Latency: 0.08560030395165086
Latency: 0.08487016800791025
Latency: 0.08478960394859314
Latency: 0.07992302696220577
Latency: 0.07420247909612954
Latency: 0.0784562190528959
Latency: 0.07978728716261685
Latency: 0.07693478488363326
Latency: 0.07553803408518434
Latency: 0.07196626905351877
Latency: 0.08084225398488343
Latency: 0.07668637484312057
Latency: 0.07969935494475067
Latency: 0.08092169906012714
Latency: 0.08219759305939078
Latency: 0.08405061485245824
Latency: 0.08612897107377648
Latency: 0.08024225803092122
Latency: 0.08100814884528518
Latency: 0.08447104995138943
Latency: 0.07555421791039407
Latency: 0.07929905806668103
Latency: 0.08796373312361538
Latency: 0.07927767606452107
Latency: 0.07736615720205009
Latency: 0.07414162997156382
Latency: 0.07258702302351594
Latency: 0.07584500615485013
Latency: 0.07983073010109365
Latency: 0.0810542581602931
Latency: 0.08240020810626447
Latency: 0.08427907293662429
Latency: 0.08435419900342822
Latency: 0.08121834206394851
Latency: 0.07984775514341891
Latency: 0.07866875291801989
Latency: 0.07631352404132485
Latency: 0.11431409791111946
Latency: 0.11106686806306243
Latency: 0.11414237204007804
Latency: 0.11137258587405086
Latency: 0.10340292099863291
Latency: 0.10929726297035813
Latency: 0.10707903816364706
Latency: 0.10726249893195927
Latency: 0.10858576907776296
Latency: 0.11669393302872777
Latency: 0.11429038504138589
Latency: 0.1153476508334279
Latency: 0.08481602813117206
Latency: 0.08173228800296783
Latency: 0.07643078407272696
Latency: 0.08552764891646802
Latency: 0.08230890985578299
Latency: 0.08135148184373975
Latency: 0.08069808594882488
Latency: 0.0836374529171735
Latency: 0.07993294904008508
Latency: 0.07813708111643791
Latency: 0.0805025880690664
Latency: 0.08497996092773974
Latency: 0.08632341399788857
Latency: 0.08208605996333063
Latency: 0.08346242783591151
Latency: 0.08433682098984718
Latency: 0.08827783190645278
Latency: 0.08304495899938047
Latency: 0.08239797502756119
Latency: 0.08004420902580023
Latency: 0.07961177499964833
Latency: 0.08484439412131906
Latency: 0.08023412711918354
Latency: 0.07559007313102484
Latency: 0.0800584068056196
Latency: 0.07253643614239991
Latency: 0.07345665898174047
Latency: 0.08361252606846392
Latency: 0.08508216496556997
Latency: 0.08281385782174766
Latency: 0.08420249400660396
Latency: 0.08730110712349415
Latency: 0.0780027350410819
Latency: 0.08003944507800043
Latency: 0.0826885849237442
Latency: 0.07961482089012861
Latency: 0.08015259890817106
Latency: 0.08575176703743637
Latency: 0.08714934694580734
Latency: 0.08028820296749473
Latency: 0.08347082184627652
Latency: 0.07577946013770998
Latency: 0.08010221505537629
Latency: 0.07836680603213608
Latency: 0.07979738712310791
Latency: 0.08109511598013341
Latency: 0.08349538105539978
Latency: 0.08387408801354468
Latency: 0.08259768993593752
Latency: 0.07532472303137183
Latency: 0.0831470019184053
Latency: 0.08254765393212438
Latency: 0.08398531610146165
Latency: 0.08387502003461123
Latency: 0.08664976200088859
Latency: 0.0842234049923718
Latency: 0.08063102187588811
Latency: 0.07912540598772466
Latency: 0.07627021078951657
Latency: 0.0792259369045496
Latency: 0.08394436188973486
Latency: 0.08939920109696686
Latency: 0.08134627714753151
Latency: 0.07936623692512512
Latency: 0.07938791788183153
Latency: 0.08411531406454742
Latency: 0.07931034499779344
Latency: 0.07559261005371809
Latency: 0.07937745307572186
Latency: 0.08758633490651846
Latency: 0.08711315784603357
Latency: 0.08649337594397366
Latency: 0.08732657507061958
Latency: 0.08275194000452757
Latency: 0.0761643669102341
Latency: 0.07732915808446705
Latency: 0.08104377496056259
Latency: 0.07985654613003135
Latency: 0.08804672188125551
Latency: 0.08074272912926972
Latency: 0.08719327417202294
Latency: 0.07817240781150758
Latency: 0.08312583202496171
Latency: 0.07940343208611012
Latency: 0.08350030402652919
Latency: 0.08246169285848737
Latency: 0.08586547221057117
Latency: 0.08467598306015134
Latency: 0.08058977103792131
Latency: 0.07888925005681813
Latency: 0.07730926387012005
Latency: 0.07470518606714904
Latency: 0.07990847411565483
Latency: 0.0878902010153979
Latency: 0.08032610197551548
Latency: 0.08617656910791993
Latency: 0.07782856607809663
Latency: 0.07754537998698652
Latency: 0.07613120903261006
Latency: 0.0774880088865757
Latency: 0.0801498529035598
Latency: 0.08002955396659672
Latency: 0.11574208899401128
Latency: 0.11544447392225266
Latency: 0.11275861808098853
Latency: 0.11350007611326873
Latency: 0.10481817089021206
Latency: 0.11567658092826605
Latency: 0.1096301251091063
Latency: 0.10738452710211277
Latency: 0.1088224221020937
Latency: 0.1099597008433193
Latency: 0.11399658303707838
Latency: 0.1139223650097847
Latency: 0.07853953912854195
Latency: 0.07973666302859783
Latency: 0.0822662131395191
Latency: 0.08315293304622173
Latency: 0.08189647179096937
Latency: 0.0859692960511893
Latency: 0.08391589601524174
Latency: 0.08493249793536961
Latency: 0.07626195601187646
Latency: 0.08240110613405704
Latency: 0.07829917501658201
Latency: 0.08241546503268182
Latency: 0.08678334788419306
Latency: 0.08601540396921337
Latency: 0.07834520004689693
Latency: 0.08216944802552462
Latency: 0.07540312292985618
Latency: 0.07660428108647466
Latency: 0.08172323182225227
Latency: 0.08107025688514113
Latency: 0.08421610598452389
Latency: 0.08784180204384029
Latency: 0.08295813389122486
Latency: 0.08439863100647926
Latency: 0.0780698040034622
Latency: 0.07921577710658312
Latency: 0.07787656807340682
Latency: 0.0785651879850775
Latency: 0.08290911302901804
Latency: 0.08175645302981138
Latency: 0.08008752600289881
Latency: 0.0819693049415946
Latency: 0.07699356507509947
Latency: 0.0793158789165318
Latency: 0.0788750359788537
Latency: 0.08052129298448563
Latency: 0.08127489686012268
Latency: 0.07894508796744049
Latency: 0.07934046303853393
Latency: 0.0850194850936532
Latency: 0.0786582319997251
Latency: 0.08129983488470316
Latency: 0.08280012500472367
Latency: 0.08097196696326137
Latency: 0.08209984190762043
Latency: 0.08738078898750246
Latency: 0.08111723489128053
Latency: 0.07942769397050142
Latency: 0.07851146883331239
Latency: 0.07619068399071693
Latency: 0.08401141595095396
Latency: 0.07947306707501411
Latency: 0.0829161040019244
Latency: 0.08521849592216313
Latency: 0.08496047602966428
Latency: 0.08436857792548835
Latency: 0.07809992390684783
Latency: 0.07627035398036242
Latency: 0.08195616398006678
Latency: 0.0833502491004765
Latency: 0.0822417929302901
Latency: 0.08149028802290559
Latency: 0.07471875194460154
Latency: 0.07765512401238084
Latency: 0.07795167085714638
Latency: 0.07935497909784317
Latency: 0.082038908964023
Latency: 0.08224875922314823
Latency: 0.08993506105616689
Latency: 0.08652227884158492
Latency: 0.07208868395537138
Latency: 0.07744420203380287
Latency: 0.07735695992596447
Latency: 0.07680150819942355
Latency: 0.07846672204323113
Latency: 0.08103751018643379
Latency: 0.08240042510442436
Latency: 0.08804113487713039
Latency: 0.0726082818582654
Latency: 0.08340882998891175
Latency: 0.07788768410682678
Latency: 0.08154564211145043
Latency: 0.08143460983410478
Latency: 0.08651296212337911
Latency: 0.08228248101659119
Latency: 0.0869586190674454
Latency: 0.07398575986735523
Latency: 0.0749430910218507
Latency: 0.07783243991434574
Latency: 0.076110651018098
Latency: 0.08239599806256592
Latency: 0.0846000830642879
Latency: 0.08594794198870659
Latency: 0.08898917096666992
Latency: 0.07619794807396829
Latency: 0.07197494804859161
Latency: 0.07776202214881778
Latency: 0.07787469611503184
Latency: 0.08721672999672592
Latency: 0.08634100179187953
Latency: 0.07831478491425514
Latency: 0.08307340205647051
Latency: 0.0798342009074986
Latency: 0.08354867808520794
Latency: 0.08144320105202496
Latency: 0.0828310411889106
Latency: 0.11574580310843885
Latency: 0.11421900219283998
Latency: 0.11874818592332304
Latency: 0.11753164487890899
Latency: 0.10995830781757832
Latency: 0.11144945793785155
Latency: 0.11122732190415263
Latency: 0.107671587029472
Latency: 0.11130887200124562
Latency: 0.12253028503619134
Latency: 0.07596483896486461
Latency: 0.07512157503515482
Latency: 0.07187299686484039
Latency: 0.075531569076702
Latency: 0.0767524300608784
Latency: 0.07822192693129182
Latency: 0.08189137512817979
Latency: 0.08343706093728542
Latency: 0.08420955017209053
Latency: 0.09088449203409255
Latency: 0.08004762604832649
Latency: 0.08530395198613405
Latency: 0.08788022096268833
Latency: 0.08938893396407366
Latency: 0.085462287068367
Latency: 0.093608811032027
Latency: 0.0794573980383575
Latency: 0.08095313189551234
Latency: 0.07807851303368807
Latency: 0.08124931994825602
Latency: 0.08947437489405274
Latency: 0.09089954406954348
Latency: 0.09468388604000211
Latency: 0.09497868712060153
Latency: 0.09771108883433044
Latency: 0.08404643693938851
Latency: 0.07796528888866305
Latency: 0.08146791090257466
Latency: 0.0836561331525445
Latency: 0.08498674794100225
Latency: 0.0863978611305356
Latency: 0.07651026779785752
Latency: 0.08063640212640166
Latency: 0.0778538731392473
Latency: 0.07880708621814847
Latency: 0.08190212212502956
Latency: 0.08336447295732796
Latency: 0.08475610706955194
Latency: 0.0833705491386354
Latency: 0.08831218397244811
Latency: 0.08602023706771433
Latency: 0.08094304008409381
Latency: 0.0856296750716865
Latency: 0.08417260297574103
Latency: 0.09117426001466811
Latency: 0.09480335796251893
Latency: 0.09800375089980662
Latency: 0.0931694800965488
Latency: 0.0891099430155009
Latency: 0.09046090906485915
Latency: 0.09366483706980944
Latency: 0.09534768597222865
Latency: 0.09400391718372703
Latency: 0.0988555799704045
Latency: 0.09699679585173726
Latency: 0.09848845098167658
Latency: 0.08725402085110545
Latency: 0.08264683489687741
Latency: 0.08291757898405194
Latency: 0.08609242201782763
Latency: 0.08380099991336465
Latency: 0.08619568310678005
Latency: 0.0854152929969132
Latency: 0.07984875980764627
Latency: 0.08116935612633824
Latency: 0.07906026905402541
Latency: 0.07830742094665766
Latency: 0.08186209411360323
Latency: 0.08645742409862578
Latency: 0.08335323887877166
Latency: 0.084854437969625
Latency: 0.08382686506956816
Latency: 0.0835496240761131
Latency: 0.08284507296048105
Latency: 0.08018824900500476
Latency: 0.08219576301053166
Latency: 0.0819502049125731
Latency: 0.08339519798755646
Latency: 0.08209245395846665
Latency: 0.07891998696140945
Latency: 0.08245738595724106
Latency: 0.08223545900546014
Latency: 0.08452215907163918
Latency: 0.08331683604046702
Latency: 0.08488567196764052
Latency: 0.07810380402952433
Latency: 0.08510844805277884
Latency: 0.08505365811288357
Latency: 0.07868961594067514
Latency: 0.07932044379413128
Latency: 0.08022172818891704
Latency: 0.07519230712205172
Latency: 0.08161239698529243
Latency: 0.09169494593515992
Latency: 0.0894985580816865
Latency: 0.08013548096641898
Latency: 0.08535531884990633
Latency: 0.08684729179367423
Latency: 0.0823993100784719
Latency: 0.08374970592558384
Latency: 0.08792204991914332
Latency: 0.0920700489077717
Latency: 0.09371303906664252
Latency: 0.09158333204686642
Latency: 0.08335596811957657
Latency: 0.0843842918984592
Latency: 0.11845500208437443
Latency: 0.11958624492399395
Latency: 0.11433892603963614
Latency: 0.1185569348745048
Latency: 0.10902796196751297
Latency: 0.10757786803878844
Latency: 0.10996793815866113
Latency: 0.11358954501338303
Latency: 0.11548496782779694
Latency: 0.1183709530159831
Latency: 0.11975653399713337
Latency: 0.11519870511256158
Latency: 0.11441426794044673
Latency: 0.0817575550172478
Latency: 0.07548199105076492
Latency: 0.07699288986623287
Latency: 0.07564599998295307
Latency: 0.0770286819897592
Latency: 0.08378655300475657
Latency: 0.08447815710678697
Latency: 0.07630691188387573
Latency: 0.08317301701754332
Latency: 0.07910623494535685
Latency: 0.07883746409788728
Latency: 0.08023512805812061
Latency: 0.08348261006176472
Latency: 0.084572410909459
Latency: 0.08454503305256367
Latency: 0.08834557188674808
Latency: 0.07893597590737045
Latency: 0.0821199209894985
Latency: 0.07475742208771408
Latency: 0.07980702794156969
Latency: 0.08115967898629606
Latency: 0.08749223593622446
Latency: 0.08453980507329106
Latency: 0.08234529686160386
Latency: 0.08112852205522358
Latency: 0.07936407998204231
Latency: 0.0823109510820359
Latency: 0.08354132901877165
Latency: 0.08117885189130902
Latency: 0.083659159950912
Latency: 0.08567855996079743
Latency: 0.07870651106350124
Latency: 0.08592452108860016
Latency: 0.08563274913467467
Latency: 0.08123636385425925
Latency: 0.0802984640467912
Latency: 0.08285924000665545
Latency: 0.08717205398716033
Latency: 0.08037878689356148
Latency: 0.07245657010935247
Latency: 0.07542505208402872
Latency: 0.0768000481184572
Latency: 0.07938618306070566
Latency: 0.0826907530426979
Latency: 0.08271519211120903
Latency: 0.0903002128470689
Latency: 0.09328268002718687
Latency: 0.08333338797092438
Latency: 0.08008815511129797
Latency: 0.08150621899403632
Latency: 0.0819922648370266
Latency: 0.0844150478951633
Latency: 0.08559181191958487
Latency: 0.08448710292577744
Latency: 0.07366819004528224
Latency: 0.08072574716061354
Latency: 0.0803707039449364
Latency: 0.08173129102215171
Latency: 0.08217952004633844
Latency: 0.08356957999058068
Latency: 0.08793322183191776
Latency: 0.08395463298074901
Latency: 0.07933907001279294
Latency: 0.07551772007718682
Latency: 0.0747738538775593
Latency: 0.0759843869600445
Latency: 0.0775006317999214
Latency: 0.07890640385448933
Latency: 0.08529642992652953
Latency: 0.0758410410489887
Latency: 0.0756795210763812
Latency: 0.08109459513798356
Latency: 0.0789075589273125
Latency: 0.08025391213595867
Latency: 0.08476840821094811
Latency: 0.08539574383758008
Latency: 0.09198268898762763
Latency: 0.07374832406640053
Latency: 0.0746435911860317
Latency: 0.08037711190991104
Latency: 0.07745694695040584
Latency: 0.07885495596565306
Latency: 0.07975287013687193
Latency: 0.08730136509984732
Latency: 0.08790422300808132
Latency: 0.07880418305285275
Latency: 0.07288124714978039
Latency: 0.07897974480874836
Latency: 0.08014376205392182
Latency: 0.08149232505820692
Latency: 0.08278994006104767
Latency: 0.08562918100506067
Latency: 0.09244586690329015
Latency: 0.0738525060005486
Latency: 0.07641612109728158
Latency: 0.08004944398999214
Latency: 0.07593687693588436
Latency: 0.0773566251154989
Latency: 0.08612302085384727
Latency: 0.08571107289753854
Latency: 0.08795967698097229
Latency: 0.10622629313729703
Latency: 0.10930181294679642
Latency: 0.11110478197224438
Latency: 0.11331676505506039
Latency: 0.11475491407327354
Latency: 0.11604120302945375
Latency: 0.11732745310291648
Latency: 0.11811504303477705
Latency: 0.10597667703405023
Latency: 0.10783601994626224
Latency: 0.1077133018989116
Latency: 0.10743166203610599
Latency: 0.1087809531018138
Latency: 0.11641495395451784
Latency: 0.11765860300511122
Latency: 0.08907774300314486
Latency: 0.07465969608165324
Latency: 0.07860224600881338
Latency: 0.07993246708065271
Latency: 0.07745309709571302
Latency: 0.0788596470374614
Latency: 0.08401748794130981
Latency: 0.08537876210175455
Latency: 0.08016627398319542
Latency: 0.07076225010678172
Latency: 0.07615652494132519
Latency: 0.07756091491319239
Latency: 0.0827152980491519
Latency: 0.08419926790520549
Latency: 0.08253234787844121
Latency: 0.08705154014751315
Latency: 0.08449368295259774
Latency: 0.07320203213021159
Latency: 0.07557721203193069
Latency: 0.07694061798974872
Latency: 0.08280372992157936
Latency: 0.0842030739877373
Latency: 0.08701461600139737
Latency: 0.09034162410534918
Latency: 0.0797702360432595
Latency: 0.0785031768027693
Latency: 0.07725249603390694
Latency: 0.07834872999228537
Latency: 0.07827182998880744
Latency: 0.08227735105901957
Latency: 0.0837332799565047
Latency: 0.08785358211025596
Latency: 0.07750760414637625
Latency: 0.07549268286675215
Latency: 0.0787544569466263
Latency: 0.08016981207765639
Latency: 0.08729493385180831
Latency: 0.08879251382313669
Latency: 0.08670412795618176
Latency: 0.08795696008019149
Latency: 0.08347783284261823
Latency: 0.07873942307196558
Latency: 0.07750449702143669
Latency: 0.08157531288452446
Latency: 0.08180070598609746
Latency: 0.07790825585834682
Latency: 0.08239261782728136
Latency: 0.08780101896263659
Latency: 0.07299637701362371
Latency: 0.07655135495588183
Latency: 0.0747948840726167
Latency: 0.07952257199212909
Latency: 0.08457615994848311
Latency: 0.08599629392847419
Latency: 0.08723458321765065
Latency: 0.08220067783258855
Latency: 0.07895537512376904
Latency: 0.07561645400710404
Latency: 0.07858617487363517
Latency: 0.07845297385938466
Latency: 0.07705593085847795
Latency: 0.07847081497311592
Latency: 0.08043924509547651
Latency: 0.08986380090937018
Latency: 0.06826505018398166
Latency: 0.07381498184986413
Latency: 0.07963895099237561
Latency: 0.08087065885774791
Latency: 0.08017352293245494
Latency: 0.08160310401581228
Latency: 0.08611381705850363
Latency: 0.08851591683924198
Latency: 0.07620175206102431
Latency: 0.07612530398182571
Latency: 0.07438019290566444
Latency: 0.07579380506649613
Latency: 0.07539489003829658
Latency: 0.07913306588307023
Latency: 0.08710422390140593
Latency: 0.0855231590103358
Latency: 0.07591825001873076
Latency: 0.0744913350790739
Latency: 0.07713888003490865
Latency: 0.08005214622244239
Latency: 0.08146080514416099
Latency: 0.08512543397955596
Latency: 0.08237257692962885
Latency: 0.08889561402611434
Latency: 0.072853327030316
Latency: 0.07696995604783297
Latency: 0.07832371490076184
Latency: 0.07238217513076961
Latency: 0.08255688706412911
Latency: 0.0795294470153749
Latency: 0.08803324005566537
Latency: 0.08451732690446079
Latency: 0.11185643402859569
Latency: 0.1131841919850558
Latency: 0.11168883088976145
Latency: 0.11303209187462926
Latency: 0.1142213640268892
Latency: 0.11471047415398061
Latency: 0.11577072087675333
Latency: 0.11565003590658307
Latency: 0.10946392803452909
Latency: 0.10719537199474871
Latency: 0.11137454397976398
Latency: 0.10636913077905774
Latency: 0.11384247709065676
Latency: 0.11529591889120638
Latency: 0.11609184602275491
Latency: 0.11933500389568508
Latency: 0.07547617494128644
Latency: 0.0784814499784261
Latency: 0.0756419999524951
Latency: 0.08010769099928439
Latency: 0.08252041903324425
Latency: 0.08372661215253174
Latency: 0.08774642320349813
Latency: 0.08831001608632505
Latency: 0.08312713587656617
Latency: 0.07747859205119312
Latency: 0.07824991294182837
Latency: 0.07958152680657804
Latency: 0.08051812509074807
Latency: 0.08423927100375295
Latency: 0.08221997902728617
Latency: 0.08515276503749192
Latency: 0.07648231484927237
Latency: 0.07561080087907612
Latency: 0.07693807897157967
Latency: 0.07976447488181293
Latency: 0.08202277193777263
Latency: 0.08659995207563043
Latency: 0.08969254605472088
Latency: 0.08190065482631326
Latency: 0.08317136485129595
Latency: 0.07913882797583938
Latency: 0.07612865092232823
Latency: 0.08309148880653083
Latency: 0.07942677289247513
Latency: 0.08255818113684654
Latency: 0.08614884898997843
Latency: 0.08747940487228334
Latency: 0.07779183285310864
Latency: 0.07923355884850025
Latency: 0.07889461913146079
Latency: 0.08036347408778965
Latency: 0.08430365193635225
Latency: 0.08278852491639555
Latency: 0.08847450604662299
Latency: 0.08592367102392018
Latency: 0.0834901521448046
Latency: 0.0762983609456569
Latency: 0.07768577593378723
Latency: 0.07818677183240652
Latency: 0.08264753501862288
Latency: 0.08613256295211613
Latency: 0.08207617793232203
Latency: 0.08148614899255335
Latency: 0.07999198697507381
Latency: 0.08240280905738473
Latency: 0.08322860393673182
Latency: 0.08929530181922019
Latency: 0.08468785905279219
Latency: 0.08712490601465106
Latency: 0.08030317001976073
Latency: 0.08419810002669692
Latency: 0.07932940102182329
Latency: 0.07801906298846006
Latency: 0.08536474406719208
Latency: 0.08390866895206273
Latency: 0.0853452819865197
Latency: 0.07968026399612427
Latency: 0.08341122604906559
Latency: 0.07881897408515215
Latency: 0.07686321996152401
Latency: 0.08204052597284317
Latency: 0.0833738308865577
Latency: 0.08122321404516697
Latency: 0.08215552289038897
Latency: 0.08350088587030768
Latency: 0.07697839196771383
Latency: 0.07903483207337558
Latency: 0.0791531449649483
Latency: 0.08179139788262546
Latency: 0.08418101095594466
Latency: 0.08567181811667979
Latency: 0.08391464687883854
Latency: 0.0845011209603399
Latency: 0.0720832459628582
Latency: 0.07314838911406696
Latency: 0.07861888711340725
Latency: 0.0800090110860765
Latency: 0.08143386291339993
Latency: 0.08280062791891396
Latency: 0.09028073819354177
Latency: 0.08551801298744977
Latency: 0.07804244686849415
Latency: 0.07819135719910264
Latency: 0.0723806528840214
Latency: 0.07661362085491419
Latency: 0.0818750171456486
Latency: 0.0842098081484437
Latency: 0.08873227681033313
Latency: 0.08398185903206468
Latency: 0.07584108179435134
Latency: 0.0773360540624708
Latency: 0.07718451996333897
Latency: 0.07901633414439857
Latency: 0.08036711206659675
Latency: 0.08542190003208816
Latency: 0.0872000171802938
Latency: 0.0789693349506706
Latency: 0.07964088884182274
Latency: 0.08216622495092452
Latency: 0.10895418305881321
Latency: 0.10996552091091871
Latency: 0.11574411485344172
Latency: 0.11838612495921552
Latency: 0.11087557789869606
Latency: 0.11406449787318707
Latency: 0.10944362706504762
Latency: 0.11087101302109659
Latency: 0.11477442388422787
Latency: 0.11631733900867403
Latency: 0.11394163803197443
Latency: 0.11969876219518483
Latency: 0.11648911307565868
Latency: 0.0806667769793421
Latency: 0.08081868290901184
Latency: 0.07899724505841732
Latency: 0.07401797687634826
Latency: 0.07888000388629735
Latency: 0.0846702039707452
Latency: 0.08351996797136962
Latency: 0.08124510198831558
Latency: 0.0817626710049808
Latency: 0.07899263803847134
Latency: 0.08208116004243493
Latency: 0.074729782063514
Latency: 0.0782513681333512
Latency: 0.07861804100684822
Latency: 0.08218237292021513
Latency: 0.08703011111356318
Latency: 0.08775271708145738
Latency: 0.07910963101312518
Latency: 0.08221435500308871
Latency: 0.08456949098035693
Latency: 0.08101910492405295
Latency: 0.08265199814923108
Latency: 0.08365622884593904
Latency: 0.08467137604020536
Latency: 0.08922379487194121
Latency: 0.07594855083152652
Latency: 0.07802548608742654
Latency: 0.08357354300096631
Latency: 0.08593311905860901
Latency: 0.08669342193752527
Latency: 0.08620174904353917
Latency: 0.08115446893498302
Latency: 0.08703216584399343
Latency: 0.08260567812249064
Latency: 0.07985257916152477
Latency: 0.08211228996515274
Latency: 0.08103701192885637
Latency: 0.08247973909601569
Latency: 0.08546745893545449
Latency: 0.08217403199523687
Latency: 0.08214829186908901
Latency: 0.07495200913399458
Latency: 0.08003119099885225
Latency: 0.08326205797493458
Latency: 0.08235756983049214
Latency: 0.0877332950476557
Latency: 0.08626076602376997
Latency: 0.08067444409243762
Latency: 0.07676671794615686
Latency: 0.07770286593586206
Latency: 0.07911514397710562
Latency: 0.08075893204659224
Latency: 0.08458658820018172
Latency: 0.08421079604886472
Latency: 0.0870110229589045
Latency: 0.08110996405594051
Latency: 0.08270330703817308
Latency: 0.077632772969082
Latency: 0.0797757210675627
Latency: 0.08017036505043507
Latency: 0.08596448786556721
Latency: 0.08737494680099189
Latency: 0.09033848601393402
Latency: 0.08059372194111347
Latency: 0.07663319096900523
Latency: 0.08116244897246361
Latency: 0.08259737002663314
Latency: 0.0816314669791609
Latency: 0.08631647494621575
Latency: 0.08583034202456474
Latency: 0.08711095107719302
Latency: 0.08235222799703479
Latency: 0.07773131900466979
Latency: 0.07845090609043837
Latency: 0.08158474299125373
Latency: 0.08121425285935402
Latency: 0.08394436305388808
Latency: 0.0895069579128176
Latency: 0.08931647310964763
Latency: 0.07516276789829135
Latency: 0.0755052890162915
Latency: 0.07679502503015101
Latency: 0.08241968299262226
Latency: 0.08163449517451227
Latency: 0.08064511185511947
Latency: 0.08477908093482256
Latency: 0.08937832503579557
Latency: 0.08008661400526762
Latency: 0.07311569014564157
Latency: 0.07415318419225514
Latency: 0.080532694933936
Latency: 0.08343298686668277
Latency: 0.08373841689899564
Latency: 0.08627509605139494
Latency: 0.08773186313919723
Latency: 0.07860717782750726
Latency: 0.07765433308668435
Latency: 0.07898206380195916
Latency: 0.07969791395589709
Latency: 0.08115897001698613
Latency: 0.0840068431571126
Latency: 0.08710530400276184
Latency: 0.08321008901111782
Latency: 0.11707913014106452
Latency: 0.10954656987451017
Latency: 0.11102954903617501
Latency: 0.1126082818955183
Latency: 0.11471571098081768
Latency: 0.1203444639686495
Latency: 0.12025278387591243
Latency: 0.1265407509636134
Latency: 0.11389423394575715
Latency: 0.11538384319283068
Latency: 0.12065045302733779
Latency: 0.1196356259752065
Latency: 0.12114044278860092
Latency: 0.0887073390185833
Latency: 0.09024289390072227
Latency: 0.08876537904143333
Latency: 0.08767135185189545
Latency: 0.08042331179603934
Latency: 0.08190743904560804
Latency: 0.08351472998037934
Latency: 0.08941494603641331
Latency: 0.09008725918829441
Latency: 0.0915246200747788
Latency: 0.08712730696424842
Latency: 0.0792954450007528
Latency: 0.0830167077947408
Latency: 0.07993360492400825
Latency: 0.08114683302119374
Latency: 0.08256018604151905
Latency: 0.08350993390195072
Latency: 0.0885042289737612
Latency: 0.07757065305486321
Latency: 0.07971600210294127
Latency: 0.07485821796581149
Latency: 0.08021543989889324
Latency: 0.0830342888366431
Latency: 0.08060703100636601
Latency: 0.07948170299641788
Latency: 0.08300010394304991
Latency: 0.08295319392345846
Latency: 0.08179978211410344
Latency: 0.0810216220561415
Latency: 0.0842245148960501
Latency: 0.07604838511906564
Latency: 0.07736198301427066
Latency: 0.0866241289768368
Latency: 0.08891971502453089
Latency: 0.08404969004914165
Latency: 0.07648106501437724
Latency: 0.08241775911301374
Latency: 0.07740879594348371
Latency: 0.08004615386016667
Latency: 0.08425384783186018
Latency: 0.08568046288564801
Latency: 0.08452408178709447
Latency: 0.08854478504508734
Latency: 0.077648009872064
Latency: 0.08022851007990539
Latency: 0.07950769714079797
Latency: 0.07737176585942507
Latency: 0.08581443084403872
Latency: 0.08506603795103729
Latency: 0.0837654450442642
Latency: 0.08291279687546194
Latency: 0.08196263387799263
Latency: 0.08110419707372785
Latency: 0.08102056896314025
Latency: 0.08235395303927362
Latency: 0.08255134080536664
Latency: 0.08314105402678251
Latency: 0.0858429060317576
Latency: 0.08927969820797443
Latency: 0.07754384889267385
Latency: 0.07916311593726277
Latency: 0.0805831179022789
Latency: 0.08001567702740431
Latency: 0.0809879838488996
Latency: 0.08247656002640724
Latency: 0.09062860393896699
Latency: 0.08016268187202513
Latency: 0.08394963783212006
Latency: 0.08133621094748378
Latency: 0.08351114997640252
Latency: 0.08726000902242959
Latency: 0.08292222092859447
Latency: 0.08425421919673681
Latency: 0.0895964631345123
Latency: 0.08729451987892389
Latency: 0.07602498191408813
Latency: 0.07530229189433157
Latency: 0.07855553203262389
Latency: 0.08213707408867776
Latency: 0.08307646098546684
Latency: 0.08569349884055555
Latency: 0.0822276258841157
Latency: 0.08216464496217668
Latency: 0.07466113311238587
Latency: 0.07843667501583695
Latency: 0.08046443993225694
Latency: 0.08182788803242147
Latency: 0.08319356315769255
Latency: 0.08584732399322093
Latency: 0.08621973684057593
Latency: 0.09067426202818751
Latency: 0.07840815302915871
Latency: 0.07916637300513685
Latency: 0.07778977509588003
Latency: 0.07977310288697481
Latency: 0.08103612810373306
Latency: 0.08628260693512857
Latency: 0.08634924096986651
Latency: 0.08129503089003265
Latency: 0.07127074990421534
Latency: 0.07487195590510964
Latency: 0.11252322210930288
Latency: 0.11524768406525254
Latency: 0.11592853185720742
Latency: 0.11569561809301376
Latency: 0.12123186094686389
Latency: 0.10842493688687682
Latency: 0.11243103118613362
Latency: 0.1107609102036804
Latency: 0.11248336010612547
Latency: 0.11567661911249161
Latency: 0.12079261103644967
Latency: 0.11702190013602376
Latency: 0.1185898759867996
Latency: 0.08304145210422575
Latency: 0.07600355194881558
Latency: 0.07981235790066421
Latency: 0.08352520084008574
Latency: 0.08283416321501136
Latency: 0.08563164086081088
Latency: 0.08527588588185608
Latency: 0.07786556705832481
Latency: 0.0759495550300926
Latency: 0.0794191979803145
Latency: 0.07923810393549502
Latency: 0.08073220099322498
Latency: 0.08302254299633205
Latency: 0.09072684706188738
Latency: 0.0816730831284076
Latency: 0.08059084485284984
Latency: 0.07754151290282607
Latency: 0.07683696504682302
Latency: 0.08304261416196823
Latency: 0.08472604397684336
Latency: 0.0861201910302043
Latency: 0.08747886400669813
Latency: 0.08656660094857216
Latency: 0.07616570801474154
Latency: 0.0807488770224154
Latency: 0.0792612589430064
Latency: 0.08157606492750347
Latency: 0.08325664582662284
Latency: 0.08109038602560759
Latency: 0.08076228713616729
Latency: 0.08385689998976886
Latency: 0.07876376109197736
Latency: 0.08016828796826303
Latency: 0.07825614814646542
Latency: 0.08042583195492625
Latency: 0.08429493010044098
Latency: 0.08664052793756127
Latency: 0.08830557600595057
Latency: 0.08354532183147967
Latency: 0.07489644992165267
Latency: 0.07966396282427013
Latency: 0.08118713600561023
Latency: 0.08152536791749299
Latency: 0.07791357696987689
Latency: 0.08628778392449021
Latency: 0.08174721198156476
Latency: 0.08690054714679718
Latency: 0.07657225290313363
Latency: 0.07807787600904703
Latency: 0.0774680629838258
Latency: 0.0834076451137662
Latency: 0.08309445204213262
Latency: 0.08629642706364393
Latency: 0.08224900416098535
Latency: 0.08582626795396209
Latency: 0.0753051049541682
Latency: 0.07795386901125312
Latency: 0.07788996607996523
Latency: 0.07678102399222553
Latency: 0.08422306296415627
Latency: 0.08896028203889728
Latency: 0.08138504484668374
Latency: 0.07660804293118417
Latency: 0.07503274898044765
Latency: 0.07911027292720973
Latency: 0.07839904399588704
Latency: 0.08041727589443326
Latency: 0.08200650895014405
Latency: 0.0845765951089561
Latency: 0.08596848300658166
Latency: 0.08678675093688071
Latency: 0.07421324704773724
Latency: 0.08004572405479848
Latency: 0.07897587888874114
Latency: 0.08256844687275589
Latency: 0.0863994169048965
Latency: 0.08679412095807493
Latency: 0.08078151801601052
Latency: 0.07522280281409621
Latency: 0.07473031105473638
Latency: 0.07728989608585835
Latency: 0.07838916592299938
Latency: 0.08179479301907122
Latency: 0.09083232097327709
Latency: 0.09306870005093515
Latency: 0.09547229902818799
Latency: 0.10013556014746428
Latency: 0.08207086892798543
Latency: 0.07872273912653327
Latency: 0.08540825801901519
Latency: 0.08675448596477509
Latency: 0.0864377140533179
Latency: 0.09536169585771859
Latency: 0.07655989611521363
Latency: 0.07142608985304832
Latency: 0.0755485889967531
Latency: 0.07665176899172366
Latency: 0.08140153484418988
Latency: 0.08262659190222621
Latency: 0.08610165887512267
Latency: 0.08462149300612509
Latency: 0.08702459093183279
Latency: 0.08419332397170365
Latency: 0.0786852219607681
Latency: 0.07800580793991685
Latency: 0.11366034392267466
Latency: 0.11501281708478928
Latency: 0.11853219009935856
Latency: 0.11858811695128679
Latency: 0.11032584798522294
Latency: 0.1133583071641624
Latency: 0.10971339209936559
Latency: 0.11038840305991471
Latency: 0.11372743197716773
Latency: 0.12092362786643207
Latency: 0.11841898807324469
Latency: 0.12259282590821385
Latency: 0.12411348102614284
Latency: 0.12433301191776991
Latency: 0.07810965017415583
Latency: 0.08027731394395232
Latency: 0.07733302097767591
Latency: 0.07872291398234665
Latency: 0.07956541795283556
Latency: 0.08888161415234208
Latency: 0.07818039297126234
Latency: 0.07576090400107205
Latency: 0.07514401408843696
Latency: 0.07795899198390543
Latency: 0.08315131301060319
Latency: 0.08200136618688703
Latency: 0.08593733608722687
Latency: 0.08043934195302427
Latency: 0.08513192390091717
Latency: 0.08556245802901685
Latency: 0.07470606593415141
Latency: 0.082359824096784
Latency: 0.07482696999795735
Latency: 0.07629511412233114
Latency: 0.08414349798113108
Latency: 0.07659214409068227
Latency: 0.07977527007460594
Latency: 0.07399129890836775
Latency: 0.07403902406804264
Latency: 0.07894581486470997
Latency: 0.0796559548471123
Latency: 0.07745216088369489
Latency: 0.08060122886672616
Latency: 0.0892423780169338
Latency: 0.09132982790470123
Latency: 0.08880496514029801
Latency: 0.08186101517640054
Latency: 0.07487273286096752
Latency: 0.0790175050497055
Latency: 0.08021798613481224
Latency: 0.08719274192117155
Latency: 0.08775256015360355
Latency: 0.08945270394906402
Latency: 0.0776677830144763
Latency: 0.0752638888079673
Latency: 0.07965462887659669
Latency: 0.08303313702344894
Latency: 0.08097076695412397
Latency: 0.08415942802093923
Latency: 0.08371234987862408
Latency: 0.08396626706235111
Latency: 0.08761620684526861
Latency: 0.08486678590998054
Latency: 0.0760328050237149
Latency: 0.07686346489936113
Latency: 0.07835297309793532
Latency: 0.082699921913445
Latency: 0.08418275718577206
Latency: 0.08485348406247795
Latency: 0.07956077880226076
Latency: 0.07995021808892488
Latency: 0.08123304205946624
Latency: 0.07842390704900026
Latency: 0.07937193405814469
Latency: 0.08304205606691539
Latency: 0.0857050500344485
Latency: 0.090089705074206
Latency: 0.09148310404270887
Latency: 0.08192481100559235
Latency: 0.07316584209911525
Latency: 0.07282268302515149
Latency: 0.0774184160400182
Latency: 0.07938799913972616
Latency: 0.08087122300639749
Latency: 0.08429088699631393
Latency: 0.07058620802126825
Latency: 0.07865288411267102
Latency: 0.08002813998609781
Latency: 0.07887327088974416
Latency: 0.08340851194225252
Latency: 0.08450356684625149
Latency: 0.08523338893428445
Latency: 0.07952131400816143
Latency: 0.08061668509617448
Latency: 0.0810729879885912
Latency: 0.07980239507742226
Latency: 0.08110467088408768
Latency: 0.08296071807853878
Latency: 0.0763229550793767
Latency: 0.07767897704616189
Latency: 0.08182101394049823
Latency: 0.07180634583346546
Latency: 0.07894933596253395
Latency: 0.08032228681258857
Latency: 0.079959976952523
Latency: 0.08338084910064936
Latency: 0.08919700188562274
Latency: 0.08905633515678346
Latency: 0.07732455595396459
Latency: 0.08408312802203
Latency: 0.07489119190722704
Latency: 0.07629869692027569
Latency: 0.0776402170304209
Latency: 0.07997890817932785
Latency: 0.0801682430319488
Latency: 0.08305782219395041
Latency: 0.0864611838478595
Latency: 0.1075186519883573
Latency: 0.10962720704264939
Latency: 0.11549131898209453
Latency: 0.11201798007823527
Latency: 0.11778204399161041
Latency: 0.11354959197342396
Latency: 0.11730308295227587
Latency: 0.118326272116974
Latency: 0.1152071577962488
Latency: 0.11314468318596482
Latency: 0.11456864909268916
Latency: 0.11677693389356136
Latency: 0.11841466603800654
Latency: 0.08264765585772693
Latency: 0.0840329029597342
Latency: 0.08249649195931852
Latency: 0.08010868798010051
Latency: 0.07759828981943429
Latency: 0.08095919201150537
Latency: 0.08665250497870147
Latency: 0.07748539792373776
Latency: 0.072222855174914
Latency: 0.07916828012093902
Latency: 0.08104500197805464
Latency: 0.08149362914264202
Latency: 0.08082204801030457
Latency: 0.08350930386222899
Latency: 0.08239254099316895
Latency: 0.08593148086220026
Latency: 0.07960611092858016
Latency: 0.08347482979297638
Latency: 0.07930440781638026
Latency: 0.08303922088816762
Latency: 0.07872697408311069
Latency: 0.08248273702338338
Latency: 0.08687907480634749
Latency: 0.08202903997153044
Latency: 0.08823786186985672
Latency: 0.07891024206764996
Latency: 0.08123732195235789
Latency: 0.0850934439804405
Latency: 0.08274878095835447
Latency: 0.08372145891189575
Latency: 0.08712038700468838
Latency: 0.08625066909007728
Latency: 0.08445518813095987
Latency: 0.08284590695984662
Latency: 0.08200580789707601
Latency: 0.07737157796509564
Latency: 0.07679904205724597
Latency: 0.0858936661388725
Latency: 0.08149302587844431
Latency: 0.08335566893219948
Latency: 0.08080701902508736
Latency: 0.07723987591452897
Latency: 0.08125638705678284
Latency: 0.07958242809399962
Latency: 0.08086660108529031
Latency: 0.08219601097516716
Latency: 0.08637700299732387
Latency: 0.08213072316721082
Latency: 0.08593187713995576
Latency: 0.08732515713199973
Latency: 0.07866672496311367
Latency: 0.07816496305167675
Latency: 0.08098524389788508
Latency: 0.08284112787805498
Latency: 0.08431697497144341
Latency: 0.08201590296812356
Latency: 0.08064506505616009
Latency: 0.08198967692442238
Latency: 0.08171515399590135
Latency: 0.07941180001944304
Latency: 0.08086758409626782
Latency: 0.08323426591232419
Latency: 0.08485051896423101
Latency: 0.08312625112012029
Latency: 0.08402223489247262
Latency: 0.08538797707296908
Latency: 0.07709830603562295
Latency: 0.07753798994235694
Latency: 0.08291901415213943
Latency: 0.07510768296197057
Latency: 0.07940381905063987
Latency: 0.08220090297982097
Latency: 0.07791667897254229
Latency: 0.08097710087895393
Latency: 0.08374048396945
Latency: 0.07733840215951204
Latency: 0.08047392102889717
Latency: 0.08123852405697107
Latency: 0.0884647099301219
Latency: 0.08209577295929193
Latency: 0.08442120789550245
Latency: 0.08769720490090549
Latency: 0.08071400714106858
Latency: 0.08015079097822309
Latency: 0.0804462640080601
Latency: 0.0769985499791801
Latency: 0.08550991793163121
Latency: 0.07927234400995076
Latency: 0.08367680804803967
Latency: 0.0849656609352678
Latency: 0.0881048240698874
Latency: 0.08191223512403667
Latency: 0.08327859500423074
Latency: 0.08951552608050406
Latency: 0.08499937504529953
Latency: 0.08060004282742739
Latency: 0.08323778212070465
Latency: 0.08454170310869813
Latency: 0.0858097888994962
Latency: 0.11616546218283474
Latency: 0.11676928796805441
Latency: 0.11708850995637476
Latency: 0.11170666897669435
Latency: 0.1198352559003979
Latency: 0.1197741620708257
Latency: 0.12107317498885095
Latency: 0.11322934785857797
Latency: 0.11768894596025348
Latency: 0.11908122384920716
Latency: 0.12198821897618473
Latency: 0.12103018700145185
Latency: 0.11981750000268221
Latency: 0.121580173028633
Latency: 0.12299517006613314
Latency: 0.07728556310757995
Latency: 0.07515924400649965
Latency: 0.08279920695349574
Latency: 0.08791740494780242
Latency: 0.07678831904195249
Latency: 0.07959654903970659
Latency: 0.0734065140131861
Latency: 0.07481011282652617
Latency: 0.08011241490021348
Latency: 0.0818820889107883
Latency: 0.08319247094914317
Latency: 0.08363799983635545
Latency: 0.08007526607252657
Latency: 0.08156283013522625
Latency: 0.08624305296689272
Latency: 0.08773989998735487
Latency: 0.0841781438793987
Latency: 0.07979497080668807
Latency: 0.07981309690512717
Latency: 0.07175864488817751
Latency: 0.08182426588609815
Latency: 0.07866504997946322
Latency: 0.08067605807445943
Latency: 0.08210603799670935
Latency: 0.0834415031131357
Latency: 0.07774011697620153
Latency: 0.0817480820696801
Latency: 0.0832362649962306
Latency: 0.08173205493949354
Latency: 0.08316768705844879
Latency: 0.08337796502746642
Latency: 0.08759591914713383
Latency: 0.08185368916019797
Latency: 0.07948262407444417
Latency: 0.07703061704523861
Latency: 0.08501537190750241
Latency: 0.0829523338470608
Latency: 0.08544349600560963
Latency: 0.07810356398113072
Latency: 0.08317262097261846
Latency: 0.08434935589320958
Latency: 0.07944187195971608
Latency: 0.08279559598304331
Latency: 0.08100029500201344
Latency: 0.07973645301535726
Latency: 0.08746458287350833
Latency: 0.08892945293337107
Latency: 0.08395668119192123
Latency: 0.08307005511596799
Latency: 0.08014568919315934
Latency: 0.0826051440089941
Latency: 0.07985764904879034
Latency: 0.0838098730891943
Latency: 0.08196932589635253
Latency: 0.07912710099481046
Latency: 0.08022535219788551
Latency: 0.08104960294440389
Latency: 0.08524542604573071
Latency: 0.08665841491892934
Latency: 0.08644906408153474
Latency: 0.08597335801459849
Latency: 0.0736476550810039
Latency: 0.07837562100030482
Latency: 0.08115823194384575
Latency: 0.08678688295185566
Latency: 0.08192674489691854
Latency: 0.08329318091273308
Latency: 0.07905697589740157
Latency: 0.08230287185870111
Latency: 0.0802560520824045
Latency: 0.0782464079093188
Latency: 0.08172968192957342
Latency: 0.08002610807307065
Latency: 0.08354381006211042
Latency: 0.08800225402228534
Latency: 0.08512016502209008
Latency: 0.08402819419279695
Latency: 0.07545198197476566
Latency: 0.08013348700478673
Latency: 0.08159345621243119
Latency: 0.08182283909991384
Latency: 0.08192419609986246
Latency: 0.0873384668957442
Latency: 0.07862694398500025
Latency: 0.08277464006096125
Latency: 0.08080771495588124
Latency: 0.08016377198509872
Latency: 0.08164606313221157
Latency: 0.08629098301753402
Latency: 0.08970415196381509
Latency: 0.08836589101701975
Latency: 0.08566558500751853
Latency: 0.08192413090728223
Latency: 0.08090543700382113
Latency: 0.08234004490077496
Latency: 0.08640503301285207
Latency: 0.08278647088445723
Latency: 0.08518603979609907
Latency: 0.0853447150439024
Latency: 0.08161900704726577
Latency: 0.11328008794225752
Latency: 0.11831095488741994
Latency: 0.11857559299096465
Latency: 0.11320491204969585
Latency: 0.11721932888031006
Latency: 0.121087257983163
Latency: 0.11700407811440527
Latency: 0.11851986194960773
Latency: 0.11806037719361484
Latency: 0.1135543140117079
Latency: 0.11496479087509215
Latency: 0.11624882486648858
Latency: 0.07893152697943151
Latency: 0.08010842092335224
Latency: 0.08303485810756683
Latency: 0.0807608189061284
Latency: 0.08101903391070664
Latency: 0.08142719394527376
Latency: 0.0841523848939687
Latency: 0.08413642202503979
Latency: 0.08946919394657016
Latency: 0.07429613405838609
Latency: 0.08008035202510655
Latency: 0.08140507689677179
Latency: 0.08010970591567457
Latency: 0.07951699593104422
Latency: 0.08351760101504624
Latency: 0.08918377803638577
Latency: 0.08017982100136578
Latency: 0.08403030317276716
Latency: 0.08552596298977733
Latency: 0.08004800300113857
Latency: 0.08196104783564806
Latency: 0.08183130295947194
Latency: 0.08298609894700348
Latency: 0.08617932489141822
Latency: 0.08023452013731003
Latency: 0.07733811996877193
Latency: 0.08125547901727259
Latency: 0.08206379902549088
Latency: 0.08035968709737062
Latency: 0.08181499899365008
Latency: 0.08796926611103117
Latency: 0.08427580981515348
Latency: 0.07880228594876826
Latency: 0.0842439690604806
Latency: 0.08865807391703129
Latency: 0.0819595109205693
Latency: 0.07879361091181636
Latency: 0.07675620098598301
Latency: 0.07806367194280028
Latency: 0.07786258100531995
Latency: 0.07918763509951532
Latency: 0.08223556797020137
Latency: 0.08183754794299603
Latency: 0.08903337107039988
Latency: 0.08259869203902781
Latency: 0.08441500109620392
Latency: 0.08240405097603798
Latency: 0.07938518514856696
Latency: 0.08169708889909089
Latency: 0.08908259705640376
Latency: 0.08584694797173142
Latency: 0.08728064619936049
Latency: 0.08251123898662627
Latency: 0.0838879351504147
Latency: 0.08451839303597808
Latency: 0.07954528485424817
Latency: 0.08100803988054395
Latency: 0.07950434694066644
Latency: 0.0851361770182848
Latency: 0.08188553503714502
Latency: 0.08682481804862618
Latency: 0.08233645092695951
Latency: 0.0851199789904058
Latency: 0.08512609102763236
Latency: 0.08566878014244139
Latency: 0.07967704581096768
Latency: 0.08349093212746084
Latency: 0.08473655208945274
Latency: 0.07907117786817253
Latency: 0.0876289859879762
Latency: 0.0848423819988966
Latency: 0.07860389817506075
Latency: 0.0831839230377227
Latency: 0.08461465779691935
Latency: 0.08268168405629694
Latency: 0.07925935788080096
Latency: 0.08278034394606948
Latency: 0.08656102092936635
Latency: 0.077959428075701
Latency: 0.08237142814323306
Latency: 0.08133573806844652
Latency: 0.08243892691098154
Latency: 0.08234363701194525
Latency: 0.08609689096920192
Latency: 0.08285752800293267
Latency: 0.08337287488393486
Latency: 0.08191394503228366
Latency: 0.08083595312200487
Latency: 0.0845650031697005
Latency: 0.08614998706616461
Latency: 0.08267736295238137
Latency: 0.07710405299440026
Latency: 0.0811223378404975
Latency: 0.07922689407132566
Latency: 0.08074683602899313
Latency: 0.08208100381307304
Latency: 0.07798790303058922
Latency: 0.0793577500153333
Latency: 0.07845733594149351
Latency: 0.08590505388565361
Latency: 0.11940125492401421
Latency: 0.12028336897492409
Latency: 0.12169129610992968
Latency: 0.11407165601849556
Latency: 0.11974428198300302
Latency: 0.11965920496731997
Latency: 0.11164249200373888
Latency: 0.11990938405506313
Latency: 0.12086247722618282
Latency: 0.11095481598749757
Latency: 0.11605225712992251
Latency: 0.11746440012939274
Latency: 0.11477137007750571
Latency: 0.11776033602654934
Latency: 0.08384209801442921
Latency: 0.07939293701201677
Latency: 0.08271437301300466
Latency: 0.07813796401023865
Latency: 0.08085620007477701
Latency: 0.07432503998279572
Latency: 0.08405274990946054
Latency: 0.07454429706558585
Latency: 0.0837175939232111
Latency: 0.08059751894325018
Latency: 0.08499454497359693
Latency: 0.07795474887825549
Latency: 0.08423838205635548
Latency: 0.08549694018438458
Latency: 0.08075387380085886
Latency: 0.08652050909586251
Latency: 0.07827487005852163
Latency: 0.08075880305841565
Latency: 0.07960749417543411
Latency: 0.08559491205960512
Latency: 0.08560647093690932
Latency: 0.09023424610495567
Latency: 0.08250814909115434
Latency: 0.08248843299224973
Latency: 0.08106492715887725
Latency: 0.08331330702640116
Latency: 0.08644417906180024
Latency: 0.08377100806683302
Latency: 0.08481975900940597
Latency: 0.08756756014190614
Latency: 0.07897859695367515
Latency: 0.08674069098196924
Latency: 0.07996541890315711
Latency: 0.08387308404780924
Latency: 0.08330972003750503
Latency: 0.08446417702361941
Latency: 0.08329552388750017
Latency: 0.08336384710855782
Latency: 0.08292194013483822
Latency: 0.08034451678395271
Latency: 0.08064303989522159
Latency: 0.08203380391933024
Latency: 0.08515639300458133
Latency: 0.08353385981172323
Latency: 0.08635469409637153
Latency: 0.08590336912311614
Latency: 0.08167733205482364
Latency: 0.07855219510383904
Latency: 0.08145436202175915
Latency: 0.08224726910702884
Latency: 0.0799886470194906
Latency: 0.08596857497468591
Latency: 0.08294354402460158
Latency: 0.08439210313372314
Latency: 0.07815620792098343
Latency: 0.08126998296938837
Latency: 0.07878842297941446
Latency: 0.08233608701266348
Latency: 0.08179332199506462
Latency: 0.07751378393732011
Latency: 0.08420985285192728
Latency: 0.08567984099499881
Latency: 0.08521051611751318
Latency: 0.07324515096843243
Latency: 0.08224100596271455
Latency: 0.08365039015188813
Latency: 0.08238664595410228
Latency: 0.08207889110781252
Latency: 0.08335266495123506
Latency: 0.08921240596100688
Latency: 0.08576491009443998
Latency: 0.08268279884941876
Latency: 0.0753854550421238
Latency: 0.07268639001995325
Latency: 0.08019530004821718
Latency: 0.08164209686219692
Latency: 0.08272404200397432
Latency: 0.08723167888820171
Latency: 0.08116314606741071
Latency: 0.07432638807222247
Latency: 0.0782847530208528
Latency: 0.0810147610027343
Latency: 0.08140551997348666
Latency: 0.0841313109267503
Latency: 0.08552930387668312
Latency: 0.08810660685412586
Latency: 0.07952843303792179
Latency: 0.07936878921464086
Latency: 0.07360310410149395
Latency: 0.07494917884469032
Latency: 0.07548834686167538
Latency: 0.0805739990901202
Latency: 0.08474377798847854
Latency: 0.0881808060221374
Latency: 0.07705744006671011
Latency: 0.07938882103189826
Latency: 0.07650294504128397
Latency: 0.07923736795783043
Latency: 0.07956532901152968
Latency: 0.08208771306090057
Latency: 0.08770411997102201
Latency: 0.09089969517663121
Latency: 0.08328414498828351
Latency: 0.08319330797530711
Latency: 0.07834682706743479
Latency: 0.07967520318925381
Latency: 0.08118575112894177
Latency: 0.1227211260702461
Latency: 0.11853254400193691
Latency: 0.12528303498402238
Latency: 0.11610238905996084
Latency: 0.11154284095391631
Latency: 0.11462515802122653
Latency: 0.11552533484064043
Latency: 0.11683195596560836
Latency: 0.11741040018387139
Latency: 0.12514317384921014
Latency: 0.12678142194636166
Latency: 0.07623023795895278
Latency: 0.07761578098870814
Latency: 0.0776175691280514
Latency: 0.0791080710478127
Latency: 0.0840508840046823
Latency: 0.0830633919686079
Latency: 0.08450923906639218
Latency: 0.08754467917606235
Latency: 0.07135588699020445
Latency: 0.07441747304983437
Latency: 0.07481944002211094
Latency: 0.07866557990200818
Latency: 0.07991313096135855
Latency: 0.08394262194633484
Latency: 0.08051432599313557
Latency: 0.08053385303355753
Latency: 0.08160348096862435
Latency: 0.08101696404628456
Latency: 0.07892440911382437
Latency: 0.0802346020936966
Latency: 0.08088548202067614
Latency: 0.0862126110587269
Latency: 0.08791908901184797
Latency: 0.09174045780673623
Latency: 0.07170178578235209
Latency: 0.07322689006105065
Latency: 0.07609827909618616
Latency: 0.08077974803745747
Latency: 0.08225382515229285
Latency: 0.08760862285271287
Latency: 0.08823116403073072
Latency: 0.0746563330758363
Latency: 0.0751907869707793
Latency: 0.07918216101825237
Latency: 0.07887294492684305
Latency: 0.0802477051038295
Latency: 0.08470308990217745
Latency: 0.08591809193603694
Latency: 0.08913389407098293
Latency: 0.08883236581459641
Latency: 0.0780820120126009
Latency: 0.0787947999779135
Latency: 0.07961472705937922
Latency: 0.08232512790709734
Latency: 0.08478242391720414
Latency: 0.08107345807366073
Latency: 0.08373657008633018
Latency: 0.08273706119507551
Latency: 0.07846442610025406
Latency: 0.07502475706860423
Latency: 0.07633894006721675
Latency: 0.080311015015468
Latency: 0.08509004605002701
Latency: 0.086506123887375
Latency: 0.08188041811808944
Latency: 0.08327582804486156
Latency: 0.07874421612359583
Latency: 0.07642806204967201
Latency: 0.0797815949190408
Latency: 0.07787987613119185
Latency: 0.0826886750292033
Latency: 0.0812200210057199
Latency: 0.07909439085051417
Latency: 0.07794931600801647
Latency: 0.0800127990078181
Latency: 0.07819317397661507
Latency: 0.08228744682855904
Latency: 0.0835991851054132
Latency: 0.08367056190036237
Latency: 0.08507087104953825
Latency: 0.07816335489042103
Latency: 0.08041511010378599
Latency: 0.08336951886303723
Latency: 0.07706453488208354
Latency: 0.0818410380743444
Latency: 0.08843768597580492
Latency: 0.08465981995686889
Latency: 0.08606248302385211
Latency: 0.08137781592085958
Latency: 0.07808365114033222
Latency: 0.07786674587987363
Latency: 0.08009107690304518
Latency: 0.08236606908030808
Latency: 0.08604436507448554
Latency: 0.08643197291530669
Latency: 0.08942928700707853
Latency: 0.08264837507158518
Latency: 0.08668088098056614
Latency: 0.08161112293601036
Latency: 0.0814964808523655
Latency: 0.08032989804632962
Latency: 0.08434164291247725
Latency: 0.08290955913253129
Latency: 0.08512633899226785
Latency: 0.08979390002787113
Latency: 0.07563674193806946
Latency: 0.07942843902856112
Latency: 0.08364932797849178
Latency: 0.07884396682493389
Latency: 0.08727352786809206
Latency: 0.08109895884990692
Latency: 0.0838172968942672
Latency: 0.08450737409293652
Latency: 0.08001134917140007
Latency: 0.12035234994255006
Latency: 0.11522572697140276
Latency: 0.1186189588624984
Latency: 0.12224231916479766
Latency: 0.11894968501292169
Latency: 0.12173395114950836
Latency: 0.11971019394695759
Latency: 0.1153410489205271
Latency: 0.11980913486331701
Latency: 0.11591116990894079
Latency: 0.11761885206215084
Latency: 0.12553575006313622
Latency: 0.08766303304582834
Latency: 0.08836118807084858
