Latency: 0.9266239739954472
Latency: 0.9222265959251672
Latency: 0.9305391600355506
Latency: 0.9272169540636241
Latency: 0.9387422269210219
Latency: 0.9355905440170318
Latency: 0.9339640468824655
Latency: 0.9391908559482545
Latency: 0.942010287893936
Latency: 0.9434918230399489
Latency: 0.9395791138522327
Latency: 0.9460830818861723
Latency: 0.9421001351438463
Latency: 0.9399743750691414
Latency: 0.9476704818662256
Latency: 0.9456125430297107
Latency: 0.9474579568486661
Latency: 0.9773396700620651
Latency: 0.9809468069579452
Latency: 0.9873659040313214
Latency: 0.9824936699587852
Latency: 0.9818326910026371
Latency: 0.9849653767887503
Latency: 0.9874878879636526
Latency: 0.9914731739554554
Latency: 0.988450834993273
Latency: 0.985023181186989
Latency: 0.9893881720490754
Latency: 0.9891179758124053
Latency: 0.993380235042423
Latency: 0.9939748679753393
Latency: 0.9926906991750002
Latency: 0.8333739810623229
Latency: 0.8187528008129448
Latency: 0.8338202009908855
Latency: 0.8273691211361438
Latency: 0.8179029300808907
Latency: 0.8366892449557781
Latency: 0.8238156619481742
Latency: 0.8321335790678859
Latency: 0.8283321401104331
Latency: 0.824783907039091
Latency: 0.8371395880822092
Latency: 0.8249127538874745
Latency: 0.8302717849146575
Latency: 0.8303247720468789
Latency: 0.847775385947898
Latency: 0.836505567189306
Latency: 0.8411849390249699
Latency: 0.8222258558962494
Latency: 0.8256388839799911
Latency: 0.8245836349669844
Latency: 0.8285936759784818
Latency: 0.8283612178638577
Latency: 0.828347337897867
Latency: 0.8223347780294716
Latency: 0.8293596631847322
Latency: 0.8278907227795571
Latency: 0.8262152129318565
Latency: 0.8305001489352435
Latency: 0.832287454046309
Latency: 0.8313790659885854
Latency: 0.8361570020206273
Latency: 0.8316908359993249
Latency: 0.8247462671715766
Latency: 0.8338929419405758
Latency: 0.8202625981066376
Latency: 0.8267924711108208
Latency: 0.8261486098635942
Latency: 0.8359494220931083
Latency: 0.8240177950356156
Latency: 0.8400852570775896
Latency: 0.8381841229274869
Latency: 0.8280117788817734
Latency: 0.8314817699138075
Latency: 0.8324080889578909
Latency: 0.8353373170830309
Latency: 0.841214656829834
Latency: 0.830954487901181
Latency: 0.8211509508546442
Latency: 0.837997781811282
Latency: 0.8067681661341339
Latency: 0.8190998558420688
Latency: 0.8211708390153944
Latency: 0.8301033449824899
Latency: 0.8205419210717082
Latency: 0.8226664878893644
Latency: 0.8222779820207506
Latency: 0.8243090130854398
Latency: 0.8305136989802122
Latency: 0.8333793038036674
Latency: 0.835861804895103
Latency: 0.8263254810590297
Latency: 0.8348207410890609
Latency: 0.834469455992803
Latency: 0.8277983099687845
Latency: 0.8319427240639925
Latency: 0.8344744741916656
Latency: 0.8366760101635009
Latency: 0.8298834080342203
Latency: 0.8272671420127153
Latency: 0.8330280990339816
Latency: 0.8397369240410626
Latency: 0.8359537411015481
Latency: 0.8337062119971961
Latency: 0.8076647510752082
Latency: 0.8379954751580954
Latency: 0.8260088500101119
Latency: 0.8519119271077216
Latency: 0.8153679450042546
Latency: 0.8499614789616317
Latency: 0.85007313801907
Latency: 0.8396263241302222
Latency: 0.8277987099718302
Latency: 0.8264170889742672
Latency: 0.8399210770148784
Latency: 0.8430473420303315
Latency: 0.8471778689417988
Latency: 0.8166192700155079
Latency: 0.8200143831782043
Latency: 0.8188117239624262
Latency: 0.8035854559857398
Latency: 0.8139159269630909
Latency: 0.8493017652072012
Latency: 0.8159745349548757
Latency: 0.8202789360657334
Latency: 0.8147221819963306
Latency: 0.8300183559767902
Latency: 0.8359240388963372
Latency: 0.8303329681511968
Latency: 0.8335720910690725
Latency: 0.8304249520879239
Latency: 0.8249812549911439
Latency: 0.8254885468631983
Latency: 0.8182632708922029
Latency: 0.832659208914265
Latency: 0.8178331160452217
Latency: 0.8494243221357465
Latency: 0.8299557499121875
Latency: 0.8298328728415072
Latency: 0.818666780134663
Latency: 0.8245952520519495
Latency: 0.8261287789791822
Latency: 0.8276830289978534
Latency: 0.8296999919693917
Latency: 0.8249189441557974
Latency: 0.8243054060731083
Latency: 0.8264740579761565
Latency: 0.830678157042712
Latency: 0.8268458861857653
Latency: 0.8294133329764009
Latency: 0.8264920520596206
Latency: 0.8361020989250392
Latency: 0.8294871270190924
Latency: 0.8301821548957378
Latency: 0.838741006096825
Latency: 0.8364891700912267
Latency: 0.8333309961017221
Latency: 0.8317687548696995
Latency: 0.8252062420360744
Latency: 0.8191713138949126
Latency: 0.8180983648635447
Latency: 0.8213693778961897
Latency: 0.8305438039824367
Latency: 0.8261510177981108
Latency: 0.817216717870906
Latency: 0.825599422911182
Latency: 0.8239220390096307
Latency: 0.8200742830522358
Latency: 0.8320847358554602
Latency: 0.8231608041096479
Latency: 0.8193192309699953
Latency: 0.8365832269191742
Latency: 0.8228101378772408
Latency: 0.8241377749945968
Latency: 0.8422123619820923
Latency: 0.8333678490016609
Latency: 0.8302799100056291
Latency: 0.8256287521217018
Latency: 0.8272826420143247
Latency: 0.8329521778505296
Latency: 0.8302970670629293
Latency: 0.8123282380402088
Latency: 0.8332983460277319
Latency: 0.830478253075853
Latency: 0.8322973430622369
Latency: 0.8302299249917269
Latency: 0.8462178688496351
Latency: 0.8306931420229375
Latency: 0.839098255848512
Latency: 0.8340818730648607
Latency: 0.8393931689206511
Latency: 0.828110575908795
Latency: 0.823147410992533
Latency: 0.8260603060480207
Latency: 0.8293789720628411
Latency: 0.82145069190301
Latency: 0.8141982168890536
Latency: 0.8261257039848715
Latency: 0.8078783222008497
Latency: 0.824259719112888
Latency: 0.8158909059129655
Latency: 0.8286270601674914
Latency: 0.819768866058439
Latency: 0.8159934480208904
Latency: 0.8182765909004956
Latency: 0.826100453035906
Latency: 0.8153118588961661
Latency: 0.8202496450394392
Latency: 0.8275101701729
Latency: 0.8427365119569004
Latency: 0.8514301080722362
Latency: 0.8445433068554848
Latency: 0.8459072678815573
Latency: 0.8576808969955891
Latency: 0.8521962719969451
Latency: 0.8556386190466583
Latency: 0.8600557439494878
Latency: 0.8625750557985157
Latency: 0.8586929771117866
Latency: 0.8581034981179982
Latency: 0.862370528979227
Latency: 0.8622975079342723
Latency: 0.8637671931646764
Latency: 0.8243847149424255
Latency: 0.8082904228940606
Latency: 0.8067354951053858
Latency: 0.8277401870582253
Latency: 0.8374995819758624
Latency: 0.8361774310469627
Latency: 0.8413317429367453
Latency: 0.8318224521353841
Latency: 0.8316220948472619
Latency: 0.8373232109006494
Latency: 0.8450428200885653
Latency: 0.8423648679163307
Latency: 0.8397549099754542
Latency: 0.8369198639411479
Latency: 0.8407669400330633
Latency: 0.8458250241819769
Latency: 0.8407829399220645
Latency: 0.8433855071198195
Latency: 0.8193995840847492
Latency: 0.8328845058567822
Latency: 0.8322177571244538
Latency: 0.8353834771551192
Latency: 0.8312743250280619
Latency: 0.8294474079739302
Latency: 0.8404067780356854
Latency: 0.8368425061926246
Latency: 0.8422219650819898
Latency: 0.8430534917861223
Latency: 0.8412536061368883
Latency: 0.8432936249300838
Latency: 0.843260170891881
Latency: 0.8496856018900871
Latency: 0.8201604369096458
Latency: 0.8317497640382499
Latency: 0.8228878590743989
Latency: 0.837002329993993
Latency: 0.8112336669582874
Latency: 0.8261100989766419
Latency: 0.8265562998130918
Latency: 0.8347147789318115
Latency: 0.8236980340443552
Latency: 0.827662092866376
Latency: 0.8234639531001449
Latency: 0.8292245029006153
Latency: 0.8285980790387839
Latency: 0.8294827989302576
Latency: 0.8295022989623249
Latency: 0.8199691080953926
Latency: 0.8340724890585989
Latency: 0.8332644940819591
Latency: 0.8317816788330674
Latency: 0.8226594200823456
Latency: 0.8298846299294382
Latency: 0.8152601078618318
Latency: 0.817960208049044
Latency: 0.824404293904081
Latency: 0.8270813450217247
Latency: 0.8190372930839658
Latency: 0.8347463321406394
Latency: 0.828083171043545
Latency: 0.826263037044555
Latency: 0.8261747439391911
Latency: 0.8225380091462284
Latency: 0.8414624279830605
Latency: 0.8388968429062515
Latency: 0.8192894919775426
Latency: 0.8230561278760433
Latency: 0.8148040159139782
Latency: 0.8253122519236058
Latency: 0.8192415789235383
Latency: 0.8417842469643801
Latency: 0.8195031781215221
Latency: 0.821766349952668
Latency: 0.8243227601051331
Latency: 0.8229593590367585
Latency: 0.8259877571836114
Latency: 0.8221946409903467
Latency: 0.822803053073585
Latency: 0.8361745211295784
Latency: 0.825859990902245
Latency: 0.8309606839902699
Latency: 0.8312540119513869
Latency: 0.8133491268381476
Latency: 0.8350700729060918
Latency: 0.8148092699702829
Latency: 0.8249419289641082
Latency: 0.8203646480105817
Latency: 0.8132512210868299
Latency: 0.8226895299740136
Latency: 0.8310913019813597
Latency: 0.8285085461102426
Latency: 0.8379294879268855
Latency: 0.8359992611221969
Latency: 0.8350723509211093
Latency: 0.831796013051644
Latency: 0.8404243560507894
Latency: 0.8213368151336908
Latency: 0.8279458831530064
Latency: 0.81663952418603
Latency: 0.8297851169481874
Latency: 0.8205255048815161
Latency: 0.8299026398453861
Latency: 0.8109955848194659
Latency: 0.832865288015455
Latency: 0.8221302351448685
Latency: 0.8272369930054992
Latency: 0.8298946269787848
Latency: 0.822969590080902
Latency: 0.8205624700058252
Latency: 0.8258316309656948
Latency: 0.8232731230091304
Latency: 0.8124646830838174
Latency: 0.8278269260190427
Latency: 0.8307801831979305
Latency: 0.8266414508689195
Latency: 0.8269953939598054
Latency: 0.8378828400745988
Latency: 0.8184760711155832
Latency: 0.8368374989368021
Latency: 0.8270221031270921
Latency: 0.8189343810081482
Latency: 0.8226272379979491
Latency: 0.8256240210030228
Latency: 0.8315902140457183
Latency: 0.829474566038698
Latency: 0.8318515589926392
Latency: 0.8336719248909503
Latency: 0.8327174391597509
Latency: 0.8342015219386667
Latency: 0.830725358100608
Latency: 0.8267879229970276
Latency: 0.8443638219032437
Latency: 0.8291213961783797
Latency: 0.8158214068971574
Latency: 0.8159187370911241
Latency: 0.8212426989339292
Latency: 0.8106623489875346
Latency: 0.8130304447840899
Latency: 0.8217963099014014
Latency: 0.8221181738190353
Latency: 0.8357237430755049
Latency: 0.8261400719638914
Latency: 0.8453806119505316
Latency: 0.8286293768323958
Latency: 0.8304265521001071
Latency: 0.846659260801971
Latency: 0.8392714960500598
Latency: 0.8349525469820946
Latency: 0.8232432489749044
Latency: 0.8369224860798568
Latency: 0.835776407038793
Latency: 0.8239874010905623
Latency: 0.8361284381244332
Latency: 0.8168476289138198
Latency: 0.8240294870920479
Latency: 0.8257553279399872
Latency: 0.8349382721353322
Latency: 0.8394102070014924
Latency: 0.8350702219177037
Latency: 0.8429214719217271
Latency: 0.8127099210396409
Latency: 0.8339454389642924
Latency: 0.815185263985768
Latency: 0.8248442939948291
Latency: 0.8301877449266613
Latency: 0.8453191558364779
Latency: 0.8370345639996231
Latency: 0.8171531790867448
Latency: 0.8545684542041272
Latency: 0.8154138408135623
Latency: 0.8285732078365982
Latency: 0.8364962579216808
Latency: 0.8649335789959878
Latency: 0.832349990028888
Latency: 0.8308605051133782
Latency: 0.8391238241456449
Latency: 0.8495216069277376
Latency: 0.8446744729299098
Latency: 0.8309931389521807
Latency: 0.830710843205452
Latency: 0.8373071090318263
Latency: 0.8277764969971031
Latency: 0.8383047780953348
Latency: 0.8320818480569869
Latency: 0.8250406789593399
Latency: 0.8252010080032051
Latency: 0.8313175740186125
Latency: 0.8189709899015725
Latency: 0.8138232659548521
Latency: 0.832186414860189
Latency: 0.8361832911614329
Latency: 0.8402343578636646
Latency: 0.820142283802852
Latency: 0.8231725369114429
Latency: 0.8183436021208763
Latency: 0.8249152398202568
Latency: 0.8186152749694884
Latency: 0.8161855370271951
Latency: 0.8256064942106605
Latency: 0.820577324135229
Latency: 0.8187415080610663
Latency: 0.8456090339459479
Latency: 0.8335681110620499
Latency: 0.8302396829240024
Latency: 0.8263599190395325
Latency: 0.8269193288870156
Latency: 0.8258191479835659
Latency: 0.8308507869951427
Latency: 0.8283654248807579
Latency: 0.8271819369401783
Latency: 0.833982378942892
Latency: 0.832644865848124
Latency: 0.8310572761110961
Latency: 0.8309700428508222
Latency: 0.8303372329100966
Latency: 0.8300158579368144
Latency: 0.8030978420283645
Latency: 0.8278258740901947
Latency: 0.8226856070104986
Latency: 0.8148204979952425
Latency: 0.8042714868206531
Latency: 0.8191400589421391
Latency: 0.8239671799819916
Latency: 0.8280200441367924
Latency: 0.8124949450138956
Latency: 0.8282436127774417
Latency: 0.8075999268330634
Latency: 0.8077157591469586
Latency: 0.8203240279108286
Latency: 0.8177680429071188
Latency: 0.825025703990832
Latency: 0.8213933478109539
Latency: 0.8361206280533224
Latency: 0.8335955571383238
Latency: 0.819845185149461
Latency: 0.8290475381072611
Latency: 0.8216774768661708
Latency: 0.825870158849284
Latency: 0.8176321280188859
Latency: 0.8169167570304126
Latency: 0.8238158021122217
Latency: 0.8216164170298725
Latency: 0.8162953231949359
Latency: 0.8273301189765334
Latency: 0.8268905449658632
Latency: 0.8317330109421164
Latency: 0.8173721530474722
Latency: 0.8261138380039483
Latency: 0.8125939508900046
Latency: 0.8034553930629045
Latency: 0.8102464249823242
Latency: 0.838635517982766
Latency: 0.8251771000213921
Latency: 0.8174141568597406
Latency: 0.8449987999629229
Latency: 0.8314280640333891
Latency: 0.8372095038648695
Latency: 0.8410403120797127
Latency: 0.8376826059538871
Latency: 0.8368422279600054
Latency: 0.830572463106364
Latency: 0.8263607861008495
Latency: 0.8299349120352417
Latency: 0.8282109207939357
Latency: 0.8307367691304535
Latency: 0.8401565598323941
Latency: 0.8343486580997705
Latency: 0.8263462139293551
Latency: 0.8303511769045144
Latency: 0.839234811021015
Latency: 0.8307161210104823
Latency: 0.8303875150159001
Latency: 0.83265121281147
Latency: 0.8429721610154957
Latency: 0.8375160368159413
Latency: 0.8295907459687442
Latency: 0.8384842681698501
Latency: 0.8367618278134614
Latency: 0.8468253780156374
Latency: 0.8439340840559453
Latency: 0.8398973329458386
Latency: 0.8406059709377587
Latency: 0.8431110340170562
Latency: 0.8309803081210703
Latency: 0.8370233199093491
Latency: 0.8398174319881946
Latency: 0.8420443939976394
Latency: 0.8157465211115777
Latency: 0.8317683408968151
Latency: 0.8352473678532988
Latency: 0.8347921681124717
Latency: 0.833467855816707
Latency: 0.8351311539299786
Latency: 0.8190019770991057
Latency: 0.8181053739972413
Latency: 0.8155861089471728
Latency: 0.8186266990378499
Latency: 0.8181857150048018
Latency: 0.8310972359031439
Latency: 0.8270773959811777
Latency: 0.8240816020406783
Latency: 0.8334186160936952
Latency: 0.8292962280102074
Latency: 0.8356541639659554
Latency: 0.8293574668932706
Latency: 0.8273158529773355
Latency: 0.8297507609240711
Latency: 0.8411544910632074
Latency: 0.8352743040304631
Latency: 0.833362340927124
Latency: 0.8350040479563177
Latency: 0.8494727790821344
Latency: 0.8405547731090337
Latency: 0.8315310128964484
Latency: 0.8337834130506963
Latency: 0.8323153019882739
Latency: 0.8321666840929538
Latency: 0.8431521391030401
Latency: 0.8384246379137039
Latency: 0.8234524729195982
Latency: 0.8330229849088937
Latency: 0.8491837698966265
Latency: 0.8371143189724535
Latency: 0.8330996509175748
Latency: 0.8380633720662445
Latency: 0.8281610121484846
Latency: 0.8180005811154842
Latency: 0.8462807130999863
Latency: 0.8409063660074025
Latency: 0.8423207860905677
Latency: 0.8195509498473257
Latency: 0.8165496701840311
Latency: 0.8297680271789432
Latency: 0.8212146440055221
Latency: 0.8216076910030097
Latency: 0.8346138438209891
Latency: 0.8323267169762403
Latency: 0.8398861540481448
Latency: 0.8318372729700059
Latency: 0.8148758290335536
Latency: 0.8286934699863195
Latency: 0.8300829939544201
Latency: 0.8372862508986145
Latency: 0.8323945798911154
Latency: 0.8338210289366543
Latency: 0.8365962500683963
Latency: 0.8414661278948188
Latency: 0.8455652201082557
Latency: 0.8444083039648831
Latency: 0.8333178469911218
Latency: 0.837948891101405
Latency: 0.8414947870187461
Latency: 0.8270233690273017
Latency: 0.8262996170669794
Latency: 0.8257747089955956
Latency: 0.8348985658958554
Latency: 0.8351807789877057
Latency: 0.8221360819879919
Latency: 0.826758957002312
Latency: 0.8257435441482812
Latency: 0.8377686510793865
Latency: 0.8240830050781369
Latency: 0.8300322098657489
Latency: 0.8427930150646716
Latency: 0.8165041950996965
Latency: 0.8140637020114809
Latency: 0.8084705830551684
Latency: 0.8329772101715207
Latency: 0.8429877529852092
Latency: 0.8259793510660529
Latency: 0.827621869975701
Latency: 0.8201103939209133
Latency: 0.8360652031842619
Latency: 0.832932807970792
Latency: 0.8240573680959642
Latency: 0.8282687349710613
Latency: 0.8199489028193057
Latency: 0.8181136939674616
Latency: 0.8267464521341026
Latency: 0.8347166031599045
Latency: 0.8237248649820685
Latency: 0.8263410569634289
Latency: 0.8272719050291926
Latency: 0.8356758048757911
