Latency: 0.02110534906387329
Latency: 0.021487639984115958
Latency: 0.0230147079564631
Latency: 0.024735395098105073
Latency: 0.01880074990913272
Latency: 0.020343039883300662
Latency: 0.02166240499354899
Latency: 0.024117706110700965
Latency: 0.01816230290569365
Latency: 0.020228398963809013
Latency: 0.02112737111747265
Latency: 0.023547734133899212
Latency: 0.01985375816002488
Latency: 0.01952334097586572
Latency: 0.021846497897058725
Latency: 0.024240718921646476
Latency: 0.019975512055680156
Latency: 0.021871631033718586
Latency: 0.02181641082279384
Latency: 0.02074009901843965
Latency: 0.02129721804521978
Latency: 0.024127410957589746
Latency: 0.01931628305464983
Latency: 0.02091146702878177
Latency: 0.020917318994179368
Latency: 0.023104971973225474
Latency: 0.021596573991701007
Latency: 0.020999938948079944
Latency: 0.02272283611819148
Latency: 0.02149363001808524
Latency: 0.02236720686778426
Latency: 0.02396053704433143
Latency: 0.018658475019037724
Latency: 0.022056960966438055
Latency: 0.024124899180606008
Latency: 0.020609315019100904
Latency: 0.02241543005220592
Latency: 0.02026401599869132
Latency: 0.021358147030696273
Latency: 0.02295874012634158
Latency: 0.021596163976937532
Latency: 0.021442378172650933
Latency: 0.023244492011144757
Latency: 0.023080672835931182
Latency: 0.02076932485215366
Latency: 0.02034737612120807
Latency: 0.02283323183655739
Latency: 0.022937077097594738
Latency: 0.01971787796355784
Latency: 0.021229018922895193
Latency: 0.024008648935705423
Latency: 0.026841772021725774
Latency: 0.01753930584527552
Latency: 0.019069133093580604
Latency: 0.022865609033033252
Latency: 0.02230808697640896
Latency: 0.019130955915898085
Latency: 0.022268516942858696
Latency: 0.018736703088507056
Latency: 0.02106232801452279
Latency: 0.020354707958176732
Latency: 0.023033389123156667
Latency: 0.019628599984571338
Latency: 0.022397649940103292
Latency: 0.020475681871175766
Latency: 0.0224127690307796
Latency: 0.019210486905649304
Latency: 0.020792105933651328
Latency: 0.020007449900731444
Latency: 0.022364974953234196
Latency: 0.019216320011764765
Latency: 0.020530516980215907
Latency: 0.019579885993152857
Latency: 0.0242525739595294
Latency: 0.020538610173389316
Latency: 0.022441208828240633
Latency: 0.021227424032986164
Latency: 0.022404276067391038
Latency: 0.019893478835001588
Latency: 0.02373904292471707
Latency: 0.02039564889855683
Latency: 0.02377588185481727
Latency: 0.01920706289820373
Latency: 0.02135212207213044
Latency: 0.022504308028146625
Latency: 0.02375157712958753
Latency: 0.020838511874899268
Latency: 0.02105714799836278
Latency: 0.02068539010360837
Latency: 0.02173608192242682
Latency: 0.021956678945571184
Latency: 0.022968297824263573
Latency: 0.020031077088788152
Latency: 0.019614261109381914
Latency: 0.02289769798517227
Latency: 0.023109020898118615
Latency: 0.021278820000588894
Latency: 0.02196632605046034
Latency: 0.021730554988607764
Latency: 0.023339486913755536
Latency: 0.021888249088078737
Latency: 0.02072055614553392
Latency: 0.022590060019865632
Latency: 0.019508619094267488
Latency: 0.0224546289537102
Latency: 0.019029184011742473
Latency: 0.02340198098681867
Latency: 0.022821864113211632
Latency: 0.02247417508624494
Latency: 0.02252196311019361
Latency: 0.022720711072906852
Latency: 0.0210202110465616
Latency: 0.02251300518400967
Latency: 0.0195513351354748
Latency: 0.022893455112352967
Latency: 0.02073736907914281
Latency: 0.022049625869840384
Latency: 0.034113269997760653
Latency: 0.037208559922873974
Latency: 0.0338963707908988
Latency: 0.03581391996704042
Latency: 0.0218914698343724
Latency: 0.02338677318766713
Latency: 0.0205230750143528
Latency: 0.022339252987876534
Latency: 0.022565745981410146
Latency: 0.02324189990758896
Latency: 0.020900947973132133
Latency: 0.023532701889052987
Latency: 0.021480745170265436
Latency: 0.02484623296186328
Latency: 0.0212662888225168
Latency: 0.020499984035268426
Latency: 0.02205864293500781
Latency: 0.019903082167729735
Latency: 0.02138689812272787
Latency: 0.022017169976606965
Latency: 0.02221175585873425
Latency: 0.020709172124043107
Latency: 0.02102912194095552
Latency: 0.02257132390514016
Latency: 0.0221260879188776
Latency: 0.02214870904572308
Latency: 0.01996694994159043
Latency: 0.02258694008924067
Latency: 0.021325925132259727
Latency: 0.018945372896268964
Latency: 0.019470933824777603
Latency: 0.02241287287324667
Latency: 0.023479281924664974
Latency: 0.020640789065510035
Latency: 0.020137849962338805
Latency: 0.022334884852170944
Latency: 0.0204154581297189
Latency: 0.019959236960858107
Latency: 0.021688743960112333
Latency: 0.02213906799443066
Latency: 0.020251417998224497
Latency: 0.023324832087382674
Latency: 0.021654696203768253
Latency: 0.021322882967069745
Latency: 0.022637917893007398
Latency: 0.021839626831933856
Latency: 0.02311391499824822
Latency: 0.023124836152419448
Latency: 0.02174390503205359
Latency: 0.02126207295805216
Latency: 0.021322141168639064
Latency: 0.022977950982749462
Latency: 0.02238678396679461
Latency: 0.020721648121252656
Latency: 0.02183436183258891
Latency: 0.02434120886027813
Latency: 0.020574709866195917
Latency: 0.022828883957117796
Latency: 0.02367999590933323
Latency: 0.020193944917991757
Latency: 0.020647604018449783
Latency: 0.02258925000205636
Latency: 0.021508595207706094
Latency: 0.020492573035880923
Latency: 0.021340830018743873
Latency: 0.020141588058322668
Latency: 0.021728537045419216
Latency: 0.021618564147502184
Latency: 0.022040149895474315
Latency: 0.023672915063798428
Latency: 0.02462840103544295
Latency: 0.023104641120880842
Latency: 0.019481124822050333
Latency: 0.021809418918564916
Latency: 0.02248286479152739
Latency: 0.02219139807857573
Latency: 0.01941025094129145
Latency: 0.023093832889571786
Latency: 0.024480140069499612
Latency: 0.021911741001531482
Latency: 0.020690432051196694
Latency: 0.02261724090203643
Latency: 0.023423634003847837
Latency: 0.022268763044849038
Latency: 0.018413180019706488
Latency: 0.021309868898242712
Latency: 0.024167378898710012
Latency: 0.020968950120732188
Latency: 0.018968437798321247
Latency: 0.022845120867714286
Latency: 0.024477702798321843
Latency: 0.022380596958100796
Latency: 0.019718514988198876
Latency: 0.023233070969581604
Latency: 0.01824754779227078
Latency: 0.02330892812460661
Latency: 0.019827123964205384
Latency: 0.021588698029518127
Latency: 0.02015109802596271
Latency: 0.021861490793526173
Latency: 0.024258591001853347
Latency: 0.025862750131636858
Latency: 0.024171380093321204
Latency: 0.02263058815151453
Latency: 0.021457720082253218
Latency: 0.02206634311005473
Latency: 0.02397690899670124
Latency: 0.01869769999757409
Latency: 0.021056518889963627
Latency: 0.022318810923025012
Latency: 0.0228320409078151
Latency: 0.02262573502957821
Latency: 0.019520315108820796
Latency: 0.023802731884643435
Latency: 0.018573815934360027
Latency: 0.02401840314269066
Latency: 0.0203263231087476
Latency: 0.021971429930999875
Latency: 0.02249417291022837
Latency: 0.02257632394321263
Latency: 0.018983156885951757
Latency: 0.02199552394449711
Latency: 0.023877721978351474
Latency: 0.03691656212322414
Latency: 0.035950501915067434
Latency: 0.03779618116095662
Latency: 0.022309898165985942
Latency: 0.021168641047552228
Latency: 0.021393559873104095
Latency: 0.022195284022018313
Latency: 0.020315397065132856
Latency: 0.02358937100507319
Latency: 0.02217358583584428
Latency: 0.022853187983855605
Latency: 0.022941842209547758
Latency: 0.021305945003405213
Latency: 0.019764926051720977
Latency: 0.021715554175898433
Latency: 0.024563160026445985
Latency: 0.021705813007429242
Latency: 0.021529181161895394
Latency: 0.02293582702986896
Latency: 0.02390409098006785
Latency: 0.021276585990563035
Latency: 0.02297428296878934
Latency: 0.02530501177534461
Latency: 0.01975931297056377
Latency: 0.021747298073023558
Latency: 0.022821126971393824
Latency: 0.023356070974841714
Latency: 0.01978722494095564
Latency: 0.02127679786644876
Latency: 0.022960479138419032
Latency: 0.01969184703193605
Latency: 0.021886178059503436
Latency: 0.025377277052029967
Latency: 0.023387033957988024
Latency: 0.022103363880887628
Latency: 0.01970897801220417
Latency: 0.021309848874807358
Latency: 0.02255810797214508
Latency: 0.01969764195382595
Latency: 0.021108553046360612
Latency: 0.023165173828601837
Latency: 0.021957186050713062
Latency: 0.020772821037098765
Latency: 0.023239896865561604
Latency: 0.024646985111758113
Latency: 0.022526195039972663
Latency: 0.02311221114359796
Latency: 0.020451978081837296
Latency: 0.02438697312027216
Latency: 0.020658661844208837
Latency: 0.022852499037981033
Latency: 0.02028396399691701
Latency: 0.024000369012355804
Latency: 0.0206566050183028
Latency: 0.02309362287633121
Latency: 0.023642104817554355
Latency: 0.023051413940265775
Latency: 0.021597894141450524
Latency: 0.022643864853307605
Latency: 0.022978332825005054
Latency: 0.02197133400477469
Latency: 0.01956543605774641
Latency: 0.023551911115646362
Latency: 0.02263220911845565
Latency: 0.02299380418844521
Latency: 0.023402411956340075
Latency: 0.02148100407794118
Latency: 0.019810662139207125
Latency: 0.02444056491367519
Latency: 0.01975642517209053
Latency: 0.021732617868110538
Latency: 0.022511544870212674
Latency: 0.023245686199516058
Latency: 0.01933731697499752
Latency: 0.021430154098197818
Latency: 0.02187344105914235
Latency: 0.020949159050360322
Latency: 0.02348825614899397
Latency: 0.02311498811468482
Latency: 0.019656241172924638
Latency: 0.022752066841349006
Latency: 0.019181425916031003
Latency: 0.022580360993742943
Latency: 0.021567908115684986
Latency: 0.022564721992239356
Latency: 0.020882172975689173
Latency: 0.02198832994326949
Latency: 0.01927960989996791
Latency: 0.024040993070229888
Latency: 0.019538118969649076
Latency: 0.024653739063069224
Latency: 0.021247079130262136
Latency: 0.022822018014267087
Latency: 0.023686008993536234
Latency: 0.02317783096805215
Latency: 0.017531563062220812
Latency: 0.021216505207121372
Latency: 0.02125939493998885
Latency: 0.024156055878847837
Latency: 0.01985529693774879
Latency: 0.021757321897894144
Latency: 0.021097751101478934
Latency: 0.023688209941610694
Latency: 0.02083563501946628
Latency: 0.022668095072731376
Latency: 0.021668692119419575
Latency: 0.02151590585708618
Latency: 0.021951844915747643
Latency: 0.02201091917231679
Latency: 0.020423362962901592
Latency: 0.023786542005836964
Latency: 0.021166118094697595
Latency: 0.021953853778541088
Latency: 0.02007839805446565
Latency: 0.023621926084160805
Latency: 0.019641221966594458
Latency: 0.021595809143036604
Latency: 0.02186608104966581
Latency: 0.02002488588914275
Latency: 0.021241541020572186
Latency: 0.022846613079309464
Latency: 0.019261424895375967
Latency: 0.036214489955455065
Latency: 0.03725001378916204
Latency: 0.03940786002203822
Latency: 0.021269425051286817
Latency: 0.021567540941759944
Latency: 0.02097906614653766
Latency: 0.02327434509061277
Latency: 0.021857939893379807
Latency: 0.021702454891055822
Latency: 0.02183668385259807
Latency: 0.022808457957580686
Latency: 0.022731701843440533
Latency: 0.02215499198064208
Latency: 0.021309310803189874
Latency: 0.0221625620033592
Latency: 0.024722041795030236
Latency: 0.01918963808566332
Latency: 0.021501139970496297
Latency: 0.022631090134382248
Latency: 0.020821847952902317
Latency: 0.021229140926152468
Latency: 0.02029790822416544
Latency: 0.02398779196664691
Latency: 0.02240016800351441
Latency: 0.02327797608450055
Latency: 0.021710817934945226
Latency: 0.023231958970427513
Latency: 0.022044694982469082
Latency: 0.02323610894382
Latency: 0.02175275911577046
Latency: 0.023213906213641167
Latency: 0.021444824989885092
Latency: 0.02296459604986012
Latency: 0.021052202908322215
Latency: 0.023557957960292697
Latency: 0.01919132610782981
Latency: 0.023368152091279626
Latency: 0.020733546931296587
Latency: 0.02191034401766956
Latency: 0.022264627972617745
Latency: 0.02271574200130999
Latency: 0.0213927470613271
Latency: 0.02359869913198054
Latency: 0.018893221160396934
Latency: 0.024477732833474874
Latency: 0.021000710781663656
Latency: 0.023494626861065626
Latency: 0.020609367871657014
Latency: 0.02089542616158724
Latency: 0.02042885310947895
Latency: 0.02171008102595806
Latency: 0.019223731011152267
Latency: 0.02357604098506272
Latency: 0.020445384085178375
Latency: 0.02201457810588181
Latency: 0.021250220015645027
Latency: 0.02406767406500876
Latency: 0.021163866855204105
Latency: 0.023680657148361206
Latency: 0.019781700801104307
Latency: 0.02153291809372604
Latency: 0.02703956700861454
Latency: 0.02835111296735704
Latency: 0.028537786100059748
Latency: 0.02585306717082858
Latency: 0.02211535698734224
Latency: 0.021488523110747337
Latency: 0.022004075115546584
Latency: 0.0229235019069165
Latency: 0.02348499489016831
Latency: 0.022523040883243084
Latency: 0.02174900588579476
Latency: 0.021214196924120188
Latency: 0.02296865195967257
Latency: 0.023157107876613736
Latency: 0.021221936913207173
Latency: 0.02297601499594748
Latency: 0.01859811693429947
Latency: 0.02497825608588755
Latency: 0.02136050700210035
Latency: 0.022688494995236397
Latency: 0.021015780977904797
Latency: 0.022338877897709608
Latency: 0.019450257066637278
Latency: 0.020953373983502388
Latency: 0.01896768994629383
Latency: 0.02340755518525839
Latency: 0.018699011066928506
Latency: 0.0221795451361686
Latency: 0.02243895805440843
Latency: 0.022183921188116074
Latency: 0.02310222596861422
Latency: 0.02307573682628572
Latency: 0.019628311041742563
Latency: 0.023462011944502592
Latency: 0.020411275094375014
Latency: 0.021381611935794353
Latency: 0.022226438857614994
Latency: 0.020011232933029532
Latency: 0.02271986100822687
Latency: 0.021368030924350023
Latency: 0.020745323039591312
Latency: 0.024519489845260978
Latency: 0.022204475942999125
Latency: 0.024086944991722703
Latency: 0.022085327887907624
Latency: 0.020183868007734418
Latency: 0.020606328966096044
Latency: 0.02307012607343495
Latency: 0.01980841695331037
Latency: 0.019752872874960303
Latency: 0.023502895142883062
Latency: 0.02190638892352581
Latency: 0.02269253204576671
Latency: 0.02224738197401166
Latency: 0.024762302869930863
Latency: 0.02288278308697045
Latency: 0.02476282208226621
Latency: 0.019484508084133267
Latency: 0.019804254174232483
Latency: 0.021768979961052537
Latency: 0.024234804091975093
Latency: 0.0196469749789685
Latency: 0.019484392134472728
Latency: 0.02428239700384438
Latency: 0.02508344710804522
Latency: 0.02139780600555241
Latency: 0.034566665068268776
Latency: 0.0370045208837837
Latency: 0.03808157588355243
Latency: 0.020372431026771665
Latency: 0.019444549921900034
Latency: 0.021696997107937932
Latency: 0.023834242951124907
Latency: 0.020182914100587368
Latency: 0.019314406905323267
Latency: 0.023524783086031675
Latency: 0.022350080078467727
Latency: 0.0230584389064461
Latency: 0.02072883490473032
Latency: 0.021169090876355767
Latency: 0.021571892080828547
Latency: 0.020718716084957123
Latency: 0.02172965696081519
Latency: 0.021416143979877234
Latency: 0.020776407094672322
Latency: 0.021030302857980132
Latency: 0.022245004074648023
Latency: 0.023117254953831434
Latency: 0.02244923496618867
Latency: 0.02371059008873999
Latency: 0.01884801988489926
Latency: 0.02148621599189937
Latency: 0.022073372034355998
Latency: 0.02033481397666037
Latency: 0.01899285800755024
Latency: 0.02164213894866407
Latency: 0.019946333952248096
Latency: 0.023622140055522323
Latency: 0.021698430879041553
Latency: 0.022938837995752692
Latency: 0.019952012924477458
Latency: 0.021407119929790497
Latency: 0.020649278070777655
Latency: 0.022140457993373275
Latency: 0.02194795710965991
Latency: 0.021224218886345625
Latency: 0.022005635080859065
Latency: 0.02105516684241593
Latency: 0.020923592150211334
Latency: 0.024145002011209726
Latency: 0.022795535856857896
Latency: 0.02079962706193328
Latency: 0.021484082797542214
Latency: 0.023540900787338614
Latency: 0.020130150020122528
Latency: 0.02046829997561872
Latency: 0.022023885045200586
Latency: 0.02208453300409019
Latency: 0.022824777057394385
Latency: 0.019506905926391482
Latency: 0.020510102855041623
Latency: 0.022208387032151222
Latency: 0.02183777093887329
Latency: 0.018397320993244648
Latency: 0.020730633987113833
Latency: 0.022402854869142175
Latency: 0.023451582062989473
Latency: 0.020046646939590573
Latency: 0.02110504196025431
Latency: 0.02219792315736413
Latency: 0.020941481925547123
Latency: 0.023812170140445232
Latency: 0.022945219883695245
Latency: 0.02392124105244875
Latency: 0.020528946071863174
Latency: 0.01961914892308414
Latency: 0.02248588390648365
Latency: 0.023780329152941704
Latency: 0.02361564594320953
Latency: 0.019199362955987453
Latency: 0.022365113953128457
Latency: 0.023026319919154048
Latency: 0.02042959281243384
Latency: 0.02180188987404108
Latency: 0.021154792048037052
Latency: 0.022885127924382687
Latency: 0.02098972094245255
Latency: 0.02191869611851871
Latency: 0.021534948144108057
Latency: 0.02331193699501455
Latency: 0.021898082923144102
Latency: 0.022848327876999974
Latency: 0.022758317878469825
Latency: 0.024359960108995438
Latency: 0.023115913849323988
Latency: 0.02254905691370368
Latency: 0.021428355015814304
Latency: 0.023222261806949973
Latency: 0.02171124890446663
Latency: 0.02336391992866993
Latency: 0.020721001084893942
Latency: 0.023127736058086157
Latency: 0.021053166827186942
Latency: 0.023709928151220083
Latency: 0.021619140869006515
Latency: 0.023331289878115058
Latency: 0.020990165881812572
Latency: 0.02036489313468337
Latency: 0.020158263156190515
Latency: 0.023368469905108213
Latency: 0.023093349067494273
Latency: 0.02096621599048376
Latency: 0.021496681962162256
Latency: 0.019047430949285626
Latency: 0.023130437824875116
Latency: 0.02402397897094488
Latency: 0.0215781491715461
Latency: 0.022756875026971102
Latency: 0.021539171924814582
Latency: 0.022811769973486662
Latency: 0.02387250098399818
Latency: 0.02233587810769677
Latency: 0.021509210113435984
Latency: 0.02324319793842733
Latency: 0.022292383015155792
Latency: 0.02054479089565575
Latency: 0.03608414507471025
Latency: 0.036950174951925874
Latency: 0.03747064992785454
Latency: 0.03855906403623521
Latency: 0.021474448963999748
Latency: 0.02156788995489478
Latency: 0.023780589923262596
Latency: 0.020031681982800364
Latency: 0.02013866789638996
Latency: 0.023820064030587673
Latency: 0.023805618984624743
Latency: 0.02337052719667554
Latency: 0.017623797990381718
Latency: 0.019257916137576103
Latency: 0.022582780104130507
Latency: 0.022882366087287664
Latency: 0.017136351903900504
Latency: 0.02064230409450829
Latency: 0.02215603506192565
Latency: 0.023370024980977178
Latency: 0.020188387017697096
Latency: 0.023390262154862285
Latency: 0.021739508025348186
Latency: 0.02471047593280673
Latency: 0.018750603077933192
Latency: 0.020024884026497602
Latency: 0.019623834872618318
Latency: 0.023242408875375986
Latency: 0.019892499083653092
Latency: 0.021949480986222625
Latency: 0.021060534054413438
Latency: 0.02377007598988712
Latency: 0.022331450833007693
Latency: 0.02347725396975875
Latency: 0.020332555985078216
Latency: 0.021402419079095125
Latency: 0.02207817300222814
Latency: 0.02270610793493688
Latency: 0.021886250004172325
Latency: 0.022285200888291
Latency: 0.021041359985247254
Latency: 0.023307600058615208
Latency: 0.02095833793282509
Latency: 0.018298280891031027
Latency: 0.02210930990986526
Latency: 0.024227034067735076
Latency: 0.0222278309520334
Latency: 0.020313435001298785
Latency: 0.020833835005760193
Latency: 0.022284307051450014
Latency: 0.021138195181265473
Latency: 0.019402905832976103
Latency: 0.02106999303214252
Latency: 0.023993933107703924
Latency: 0.022975353989750147
Latency: 0.02084525185637176
Latency: 0.021201332099735737
Latency: 0.024620380951091647
Latency: 0.020987824071198702
Latency: 0.020467689959332347
Latency: 0.022485276916995645
Latency: 0.02288871700875461
Latency: 0.020729925949126482
Latency: 0.0250009479932487
Latency: 0.022902315016835928
Latency: 0.022953181993216276
Latency: 0.01905226707458496
Latency: 0.027054950827732682
Latency: 0.03096823999658227
Latency: 0.03202848299406469
Latency: 0.02907789614982903
Latency: 0.0182287550996989
Latency: 0.02046258095651865
Latency: 0.022920018061995506
Latency: 0.021089083049446344
Latency: 0.018010939937084913
Latency: 0.022369839949533343
Latency: 0.02399994619190693
Latency: 0.022560964105650783
Latency: 0.019543691072613
Latency: 0.02169417799450457
Latency: 0.023718184093013406
Latency: 0.021356964018195868
Latency: 0.02167678903788328
Latency: 0.02203671494498849
Latency: 0.023548363940790296
Latency: 0.02161076501943171
Latency: 0.02082728105597198
Latency: 0.022994220023974776
Latency: 0.024487958988174796
Latency: 0.021133529022336006
Latency: 0.019299061968922615
Latency: 0.021909544011577964
Latency: 0.023562274174764752
Latency: 0.021378044970333576
Latency: 0.019912846852093935
Latency: 0.021378706907853484
Latency: 0.02368550398387015
Latency: 0.02377215586602688
Latency: 0.01980368187651038
Latency: 0.02338349516503513
Latency: 0.021564478985965252
Latency: 0.02227810793556273
Latency: 0.02517425618134439
Latency: 0.01994559494778514
Latency: 0.02086844388395548
Latency: 0.02308009983971715
Latency: 0.021378852892667055
Latency: 0.021582623943686485
Latency: 0.023224832024425268
Latency: 0.02251950791105628
Latency: 0.02159117511473596
Latency: 0.023675289005041122
Latency: 0.02379989600740373
Latency: 0.02061823708936572
Latency: 0.021104213083162904
Latency: 0.022236919030547142
Latency: 0.02346313511952758
Latency: 0.020515428157523274
Latency: 0.022168716182932258
Latency: 0.02402581204660237
Latency: 0.02404138701967895
Latency: 0.03855021484196186
Latency: 0.04069218994118273
Latency: 0.040769708110019565
Latency: 0.021840820088982582
Latency: 0.020051528001204133
Latency: 0.021653007017448545
Latency: 0.02379323006607592
Latency: 0.021955337841063738
Latency: 0.020135319093242288
Latency: 0.022708869073539972
Latency: 0.02454968704842031
Latency: 0.0209392209071666
Latency: 0.0221530559938401
Latency: 0.02278024493716657
Latency: 0.022209576098248363
Latency: 0.02301638387143612
Latency: 0.01871580188162625
Latency: 0.022020315984264016
Latency: 0.02449856186285615
Latency: 0.02130559296347201
Latency: 0.021511881845071912
Latency: 0.02150650811381638
Latency: 0.02349633490666747
Latency: 0.022410840028896928
Latency: 0.020687645999714732
Latency: 0.020530639914795756
Latency: 0.022557561984285712
Latency: 0.021498443093150854
Latency: 0.020748974988237023
Latency: 0.020741082029417157
Latency: 0.021958260098472238
Latency: 0.021523302886635065
Latency: 0.019843005808070302
Latency: 0.021762944059446454
Latency: 0.020999321015551686
Latency: 0.02159510995261371
Latency: 0.021798799047246575
Latency: 0.020478039048612118
Latency: 0.02198908501304686
Latency: 0.023213119013234973
Latency: 0.020937942899763584
Latency: 0.023891031043604016
Latency: 0.025138592813163996
Latency: 0.023280322086066008
Latency: 0.018149532843381166
Latency: 0.0204983230214566
Latency: 0.022388393059372902
Latency: 0.0226604409981519
Latency: 0.019532025093212724
Latency: 0.021013831021264195
Latency: 0.02294198889285326
Latency: 0.024502286920323968
Latency: 0.02026827004738152
Latency: 0.021763931959867477
Latency: 0.024964925134554505
Latency: 0.021058898884803057
Latency: 0.017852016957476735
Latency: 0.023509800899773836
Latency: 0.02251234813593328
Latency: 0.020107873948290944
Latency: 0.024179743137210608
Latency: 0.022041333140805364
Latency: 0.02334539615549147
Latency: 0.01866178005002439
Latency: 0.021232031052932143
Latency: 0.023341474821791053
Latency: 0.022002698853611946
Latency: 0.022898830007761717
Latency: 0.019738863920792937
Latency: 0.0218023129273206
Latency: 0.021224540891125798
Latency: 0.021806854987517
Latency: 0.019931924995034933
Latency: 0.021609025076031685
Latency: 0.021668992936611176
Latency: 0.022821457125246525
Latency: 0.021195479901507497
Latency: 0.02414025808684528
Latency: 0.023376474156975746
Latency: 0.02054653479717672
Latency: 0.020397786982357502
Latency: 0.02117736591026187
Latency: 0.018902236130088568
Latency: 0.021034869132563472
Latency: 0.021418774966150522
Latency: 0.022068581078201532
Latency: 0.020784853026270866
Latency: 0.021560453809797764
Latency: 0.023201222997158766
Latency: 0.024084748001769185
Latency: 0.021891115931794047
Latency: 0.023197465110570192
Latency: 0.01894126390106976
Latency: 0.02236219379119575
Latency: 0.019339188002049923
Latency: 0.023462146054953337
Latency: 0.02202246501110494
Latency: 0.022732911864295602
Latency: 0.023197056958451867
Latency: 0.023003865033388138
Latency: 0.022178397048264742
Latency: 0.023384102853015065
Latency: 0.020603694021701813
Latency: 0.021548212971538305
Latency: 0.022696312982589006
Latency: 0.021428535925224423
Latency: 0.020096936961635947
Latency: 0.023847386008128524
Latency: 0.022223715903237462
Latency: 0.021080316975712776
Latency: 0.02539700106717646
Latency: 0.02198966103605926
Latency: 0.02132076909765601
Latency: 0.021290146047249436
Latency: 0.019874623976647854
Latency: 0.022692652884870768
Latency: 0.020676915999501944
Latency: 0.02226979611441493
Latency: 0.021109723020344973
Latency: 0.02344755781814456
Latency: 0.03979713493026793
Latency: 0.037709750002250075
Latency: 0.037772872019559145
Latency: 0.02183189382776618
Latency: 0.022763628978282213
Latency: 0.02034079493023455
Latency: 0.019706849940121174
Latency: 0.02288919105194509
Latency: 0.02008843282237649
Latency: 0.02079747407697141
Latency: 0.021913673961535096
Latency: 0.02085137297399342
Latency: 0.02043691906146705
Latency: 0.02326087304390967
Latency: 0.02196430810727179
Latency: 0.01997357397340238
Latency: 0.01942486292682588
Latency: 0.021814787061885
Latency: 0.02063574199564755
Latency: 0.02120152208954096
Latency: 0.02288805996067822
Latency: 0.022877627983689308
Latency: 0.022655445849522948
Latency: 0.021798597183078527
Latency: 0.022456054110080004
Latency: 0.022895357105880976
Latency: 0.01989425695501268
Latency: 0.022747768089175224
Latency: 0.02287063794210553
Latency: 0.02205721102654934
Latency: 0.020139405969530344
Latency: 0.02339380094781518
Latency: 0.025256941094994545
Latency: 0.02198083489201963
Latency: 0.02012989087961614
Latency: 0.02001781086437404
Latency: 0.021320077124983072
Latency: 0.023173373891040683
Latency: 0.01879121595993638
Latency: 0.022489527007564902
Latency: 0.02313668606802821
Latency: 0.020980298053473234
Latency: 0.021657553035765886
Latency: 0.02113217394798994
Latency: 0.022483804961666465
Latency: 0.023992189904674888
Latency: 0.020330100087448955
Latency: 0.020838855067268014
Latency: 0.022869833977892995
Latency: 0.0225834590382874
Latency: 0.01848157006315887
Latency: 0.020130896009504795
Latency: 0.022216462995857
Latency: 0.02451619692146778
Latency: 0.01975622703321278
Latency: 0.02286911685951054
Latency: 0.023848802782595158
Latency: 0.021706525003537536
Latency: 0.020782561041414738
Latency: 0.021579355001449585
Latency: 0.021235483000054955
Latency: 0.02180870110169053
Latency: 0.020496230106800795
Latency: 0.022594671929255128
Latency: 0.0226378480438143
Latency: 0.022660077083855867
Latency: 0.019379528937861323
Latency: 0.02083472302183509
Latency: 0.022069847909733653
Latency: 0.022876420989632607
Latency: 0.01905769295990467
Latency: 0.021902609849348664
Latency: 0.022848025895655155
Latency: 0.02164726983755827
Latency: 0.02224399382248521
Latency: 0.023829448968172073
Latency: 0.02284260792657733
Latency: 0.02165304496884346
Latency: 0.021552745951339602
Latency: 0.02021662797778845
Latency: 0.02182136196643114
Latency: 0.021761021111160517
Latency: 0.021016997983679175
Latency: 0.022993750171735883
Latency: 0.02258561085909605
Latency: 0.02294848393648863
Latency: 0.020548786967992783
Latency: 0.02203212701715529
Latency: 0.02341809100471437
Latency: 0.02390900207683444
Latency: 0.020928035955876112
Latency: 0.022035737056285143
Latency: 0.02334966487251222
Latency: 0.02321316907182336
Latency: 0.019260151078924537
Latency: 0.020737210987135768
Latency: 0.022471239091828465
Latency: 0.02375992201268673
Latency: 0.02195630199275911
Latency: 0.022509977919980884
Latency: 0.024282062891870737
Latency: 0.024060526862740517
Latency: 0.02003204496577382
Latency: 0.02223995514214039
Latency: 0.023486922029405832
Latency: 0.02353153401054442
Latency: 0.018030963139608502
Latency: 0.020492115058004856
Latency: 0.024296043207868934
Latency: 0.02217578189447522
Latency: 0.018201476894319057
Latency: 0.021499537862837315
Latency: 0.023389159934595227
Latency: 0.02129917498677969
Latency: 0.021960289916023612
Latency: 0.021488670958206058
Latency: 0.022323917131870985
Latency: 0.022162654204294086
Latency: 0.022203465923666954
Latency: 0.023032651050016284
Latency: 0.023401925107464194
Latency: 0.038926348788663745
Latency: 0.03716507204808295
Latency: 0.03683725092560053
Latency: 0.02268825308419764
Latency: 0.021220215829089284
Latency: 0.02042931388132274
Latency: 0.02313385484740138
Latency: 0.02417030301876366
Latency: 0.019720957148820162
Latency: 0.02246061386540532
Latency: 0.023958177072927356
Latency: 0.021315841004252434
Latency: 0.02166393888182938
Latency: 0.02047432796098292
Latency: 0.022815443109720945
Latency: 0.021885554073378444
Latency: 0.022652926854789257
Latency: 0.021844147937372327
Latency: 0.021362318191677332
Latency: 0.024367402074858546
Latency: 0.025115263182669878
Latency: 0.021710230968892574
Latency: 0.018211418064311147
Latency: 0.01980592799372971
Latency: 0.02372109005227685
Latency: 0.020848607877269387
Latency: 0.019915356067940593
Latency: 0.022036245092749596
Latency: 0.024254841031506658
Latency: 0.02002027304843068
Latency: 0.0178582351654768
Latency: 0.024804234970360994
Latency: 0.023329501040279865
Latency: 0.021302976878359914
Latency: 0.023088245186954737
Latency: 0.022643391974270344
Latency: 0.024086836026981473
Latency: 0.020721375942230225
Latency: 0.021733709843829274
Latency: 0.022458501858636737
Latency: 0.02238062396645546
Latency: 0.02161279902793467
Latency: 0.01988418004475534
Latency: 0.023158212890848517
Latency: 0.023943427950143814
Latency: 0.022159844869747758
Latency: 0.021925128996372223
Latency: 0.02044840413145721
Latency: 0.02223676210269332
Latency: 0.02336983708664775
Latency: 0.01906286901794374
Latency: 0.022741916123777628
Latency: 0.023277664091438055
Latency: 0.021859309868887067
Latency: 0.02051452500745654
Latency: 0.0218278500251472
Latency: 0.023426875937730074
Latency: 0.02274302509613335
Latency: 0.018903234973549843
Latency: 0.020241058198735118
Latency: 0.021992098074406385
Latency: 0.021265012910589576
Latency: 0.019012710079550743
Latency: 0.022170330863445997
Latency: 0.023606548085808754
Latency: 0.02266502007842064
Latency: 0.02172397100366652
Latency: 0.019923782907426357
Latency: 0.02202454092912376
Latency: 0.0234291129745543
Latency: 0.01890571299009025
Latency: 0.02309857401996851
Latency: 0.023022442124783993
Latency: 0.022383773000910878
Latency: 0.019778584130108356
Latency: 0.022681410191580653
Latency: 0.025062551023438573
Latency: 0.02188356313854456
Latency: 0.02298846491612494
Latency: 0.020712178898975253
Latency: 0.02205130085349083
Latency: 0.023305140901356936
Latency: 0.02044004714116454
Latency: 0.020846212981268764
Latency: 0.021852850914001465
Latency: 0.02338200598023832
Latency: 0.021852373145520687
Latency: 0.023269821889698505
Latency: 0.023608308983966708
Latency: 0.021107541862875223
Latency: 0.019624326843768358
Latency: 0.020899382885545492
Latency: 0.02119487593881786
Latency: 0.021092597860842943
Latency: 0.021327368915081024
Latency: 0.02263238583691418
Latency: 0.02381850383244455
Latency: 0.022194620920345187
Latency: 0.019847286865115166
Latency: 0.024080432020127773
Latency: 0.0232441620901227
Latency: 0.022841254947707057
Latency: 0.019368450855836272
Latency: 0.02089465595781803
Latency: 0.02302968897856772
Latency: 0.02594308485276997
Latency: 0.018761920044198632
Latency: 0.021005742019042373
Latency: 0.024434063117951155
Latency: 0.022946979152038693
Latency: 0.018405684968456626
Latency: 0.022201658925041556
Latency: 0.023003730922937393
Latency: 0.019611513940617442
Latency: 0.021838581888005137
Latency: 0.025319935055449605
Latency: 0.02673377702012658
Latency: 0.020565451122820377
Latency: 0.022078524809330702
Latency: 0.02271914598532021
Latency: 0.025548696983605623
Latency: 0.020714044803753495
Latency: 0.03911536396481097
Latency: 0.042384637985378504
Latency: 0.02099954104050994
Latency: 0.022355274064466357
Latency: 0.021538832923397422
Latency: 0.022642261115834117
Latency: 0.02269259002059698
Latency: 0.020400634966790676
Latency: 0.02185367397032678
Latency: 0.021511402912437916
Latency: 0.02337242499925196
Latency: 0.022221616934984922
Latency: 0.02071353094652295
Latency: 0.020364725030958652
Latency: 0.022097377805039287
Latency: 0.021465525962412357
Latency: 0.018973094876855612
Latency: 0.020686679054051638
Latency: 0.022643025033175945
Latency: 0.02107108198106289
Latency: 0.022216422948986292
Latency: 0.021168694831430912
Latency: 0.02288944204337895
Latency: 0.022708076052367687
Latency: 0.019205344142392278
Latency: 0.020802232204005122
Latency: 0.022569979075342417
Latency: 0.020948741817846894
Latency: 0.019917786121368408
Latency: 0.023488280829042196
Latency: 0.025196988135576248
Latency: 0.02433414408005774
Latency: 0.01820122799836099
Latency: 0.021020526997745037
Latency: 0.023583769099786878
Latency: 0.021274535916745663
Latency: 0.018661573063582182
Latency: 0.02319712284952402
Latency: 0.02206028695218265
Latency: 0.023213684791699052
Latency: 0.019775704946368933
Latency: 0.022347666090354323
Latency: 0.024297166848555207
Latency: 0.021939320024102926
Latency: 0.01995478617027402
Latency: 0.02225288492627442
Latency: 0.02408133796416223
Latency: 0.02154145808890462
Latency: 0.019891303963959217
Latency: 0.021263047121465206
Latency: 0.02063914085738361
Latency: 0.01997817005030811
Latency: 0.02265104604884982
Latency: 0.024526967899873853
Latency: 0.025152501184493303
Latency: 0.021742303855717182
Latency: 0.019435093039646745
Latency: 0.024049808969721198
Latency: 0.021521249087527394
Latency: 0.021135112969204783
Latency: 0.019523088121786714
Latency: 0.02102828584611416
Latency: 0.0232537011615932
Latency: 0.021805654047057033
Latency: 0.022206975147128105
Latency: 0.0237067430280149
Latency: 0.02270233817398548
Latency: 0.02044705906882882
Latency: 0.0219309669919312
Latency: 0.021068014902994037
Latency: 0.022960966918617487
Latency: 0.022553838090971112
Latency: 0.02072728704661131
Latency: 0.023270847043022513
Latency: 0.021093386923894286
Latency: 0.022071636049076915
Latency: 0.02377706696279347
Latency: 0.01937396894209087
Latency: 0.021406437968835235
Latency: 0.02228157501667738
Latency: 0.023760659154504538
Latency: 0.021088924957439303
Latency: 0.021414094138890505
Latency: 0.023131069960072637
Latency: 0.021486002020537853
Latency: 0.022250640904530883
Latency: 0.023214146960526705
Latency: 0.0241423521656543
Latency: 0.02168360585346818
Latency: 0.020302398828789592
Latency: 0.022387227043509483
Latency: 0.02429453283548355
Latency: 0.018577178940176964
Latency: 0.02037401800043881
Latency: 0.022050456842407584
Latency: 0.024096041917800903
Latency: 0.020318311173468828
Latency: 0.021877051098272204
Latency: 0.023629664909094572
Latency: 0.023849778808653355
Latency: 0.0200629779137671
Latency: 0.021048258058726788
Latency: 0.02227646391838789
Latency: 0.023798946989700198
Latency: 0.017768893158063293
Latency: 0.023133273934945464
Latency: 0.022164233028888702
Latency: 0.02340685692615807
Latency: 0.023202368058264256
Latency: 0.022500482853502035
Latency: 0.023157126968726516
Latency: 0.02267906512133777
Latency: 0.01885988679714501
Latency: 0.023077781079337
Latency: 0.020000759977847338
Latency: 0.022232837043702602
Latency: 0.020130367018282413
Latency: 0.02120737498626113
Latency: 0.02202416304498911
Latency: 0.023450145963579416
Latency: 0.04139209003187716
Latency: 0.04253448289819062
Latency: 0.0393570801243186
Latency: 0.03996483515948057
Latency: 0.021232207072898746
Latency: 0.02088216319680214
Latency: 0.020192999159917235
Latency: 0.02141575003042817
Latency: 0.02002465515397489
Latency: 0.022256742930039763
Latency: 0.023506331024691463
Latency: 0.022548849927261472
Latency: 0.020447137067094445
Latency: 0.02150070806965232
Latency: 0.022404590854421258
Latency: 0.021852168021723628
Latency: 0.021083974046632648
Latency: 0.025059379870072007
Latency: 0.022047088015824556
Latency: 0.022112929029390216
Latency: 0.019996576942503452
Latency: 0.019383003935217857
Latency: 0.02238815394230187
Latency: 0.025351221207529306
Latency: 0.0196209701243788
Latency: 0.01927639520727098
Latency: 0.02326068002730608
Latency: 0.02395685203373432
Latency: 0.021275792038068175
Latency: 0.02077165595255792
Latency: 0.021711264038458467
Latency: 0.023808499099686742
Latency: 0.02027194295078516
Latency: 0.020342941861599684
Latency: 0.022836345015093684
Latency: 0.02478220220655203
Latency: 0.02106384700164199
Latency: 0.021267744014039636
Latency: 0.023230380844324827
Latency: 0.023666477063670754
Latency: 0.020740401931107044
Latency: 0.0182154958602041
Latency: 0.022856434108689427
Latency: 0.025396712124347687
Latency: 0.023295555030927062
Latency: 0.02047876617871225
Latency: 0.02186542679555714
Latency: 0.020625937031581998
Latency: 0.020995408995077014
Latency: 0.019924241816625
Latency: 0.02338710008189082
Latency: 0.02089094603434205
Latency: 0.022424104157835245
Latency: 0.019540588837116957
Latency: 0.024437028914690018
Latency: 0.02126618893817067
Latency: 0.022808359004557133
Latency: 0.022475209087133408
Latency: 0.020759440027177334
Latency: 0.020167681155726314
Latency: 0.02325968607328832
Latency: 0.020464834989979863
Latency: 0.022237734170630574
Latency: 0.020316429901868105
Latency: 0.02183611411601305
Latency: 0.021382252918556333
Latency: 0.022355619119480252
Latency: 0.021236703032627702
Latency: 0.022932606982067227
Latency: 0.021576459985226393
Latency: 0.0208230409771204
Latency: 0.019650217844173312
Latency: 0.02126705413684249
Latency: 0.02417402691207826
Latency: 0.0214706021361053
Latency: 0.021515907952561975
Latency: 0.02313918201252818
Latency: 0.02250811900012195
Latency: 0.02121704607270658
Latency: 0.022339720046147704
Latency: 0.02337981597520411
Latency: 0.020489451941102743
Latency: 0.020953552098944783
Latency: 0.022628866136074066
Latency: 0.023053572978824377
Latency: 0.01894629909656942
Latency: 0.02301187813282013
Latency: 0.025373995071277022
Latency: 0.023005258990451694
Latency: 0.020869421074166894
Latency: 0.022805260960012674
Latency: 0.022104484029114246
Latency: 0.021327137015759945
Latency: 0.021941227139905095
Latency: 0.020874715177342296
Latency: 0.02146071009337902
Latency: 0.023112446069717407
Latency: 0.022427364019677043
Latency: 0.022081927862018347
Latency: 0.02327406103722751
Latency: 0.023432594956830144
Latency: 0.020500217098742723
Latency: 0.02184508997015655
Latency: 0.022520932834595442
Latency: 0.022355886176228523
Latency: 0.020434565842151642
Latency: 0.020570388063788414
Latency: 0.019930593203753233
Latency: 0.021907059010118246
Latency: 0.023151300847530365
Latency: 0.02132023498415947
Latency: 0.02102432493120432
Latency: 0.022745493799448013
Latency: 0.02241771901026368
Latency: 0.02091664494946599
Latency: 0.019864171044901013
Latency: 0.022052172105759382
Latency: 0.023857732070609927
Latency: 0.021004470996558666
Latency: 0.0212114539463073
Latency: 0.021054590120911598
Latency: 0.03990980889648199
Latency: 0.040582588873803616
Latency: 0.03946410701610148
Latency: 0.04025623109191656
Latency: 0.01977539900690317
Latency: 0.02261444297619164
Latency: 0.01965180109255016
Latency: 0.021587663097307086
Latency: 0.02437007613480091
Latency: 0.02219636202789843
Latency: 0.022547126980498433
Latency: 0.023703603073954582
Latency: 0.02229323796927929
Latency: 0.020435532089322805
Latency: 0.021834457060322165
Latency: 0.02287760889157653
Latency: 0.020990720950067043
Latency: 0.020340122980996966
Latency: 0.021971884882077575
Latency: 0.023865313967689872
Latency: 0.01989705301821232
Latency: 0.021577081875875592
Latency: 0.02375433803535998
Latency: 0.024935418041422963
Latency: 0.01998492912389338
Latency: 0.021407318068668246
Latency: 0.022472157841548324
Latency: 0.022627203026786447
Latency: 0.02027722098864615
Latency: 0.020857686875388026
Latency: 0.02306294091977179
Latency: 0.02263044216670096
Latency: 0.023584614042192698
Latency: 0.021468396997079253
Latency: 0.021648303139954805
Latency: 0.02352621196769178
Latency: 0.021050488809123635
Latency: 0.022382990922778845
Latency: 0.022363936994224787
Latency: 0.0242409179918468
Latency: 0.017901349114254117
Latency: 0.02141698100604117
Latency: 0.023162829922512174
Latency: 0.023117506876587868
Latency: 0.020280192838981748
Latency: 0.021804911084473133
Latency: 0.0236222839448601
Latency: 0.023772420827299356
Latency: 0.020509929163381457
Latency: 0.020775990094989538
Latency: 0.02297110902145505
Latency: 0.02268517715856433
Latency: 0.018401453038677573
Latency: 0.020027051912620664
Latency: 0.023205262143164873
Latency: 0.025201865937560797
Latency: 0.019116140203550458
Latency: 0.02197351399809122
Latency: 0.022819869918748736
Latency: 0.0216457589995116
Latency: 0.020604142919182777
Latency: 0.023071000119671226
Latency: 0.023787732934579253
Latency: 0.02238077507354319
Latency: 0.026818296872079372
Latency: 0.027463424019515514
Latency: 0.028516138205304742
Latency: 0.025941586820408702
Latency: 0.021688552107661963
Latency: 0.020545901032164693
Latency: 0.020852295914664865
Latency: 0.023337726015597582
Latency: 0.02150503685697913
Latency: 0.02096440806053579
Latency: 0.021953624906018376
Latency: 0.02250726195052266
Latency: 0.021701026940718293
Latency: 0.02145302086137235
Latency: 0.02309650299139321
Latency: 0.023134544026106596
Latency: 0.020609158091247082
Latency: 0.022038525203242898
Latency: 0.022059151204302907
Latency: 0.02105361921712756
Latency: 0.019922923995181918
Latency: 0.02021871996112168
Latency: 0.0199675050098449
Latency: 0.023267732933163643
Latency: 0.02336777001619339
Latency: 0.02207389590330422
Latency: 0.02247532200999558
Latency: 0.02516441000625491
Latency: 0.019779640017077327
Latency: 0.01844765106216073
Latency: 0.02162678400054574
Latency: 0.023300840985029936
Latency: 0.02134441095404327
Latency: 0.018972343066707253
Latency: 0.0222080210223794
Latency: 0.023710379842668772
Latency: 0.023084688000380993
Latency: 0.019559505861252546
Latency: 0.02332382695749402
Latency: 0.025000325171276927
Latency: 0.021390320966020226
Latency: 0.02038833312690258
Latency: 0.022499934071674943
Latency: 0.01904302299953997
Latency: 0.021363022038713098
Latency: 0.020756512880325317
Latency: 0.02319708000868559
Latency: 0.023504577111452818
Latency: 0.022251283982768655
Latency: 0.020886670099571347
Latency: 0.021958114812150598
Latency: 0.021040889201685786
Latency: 0.023217021021991968
Latency: 0.019408194115385413
Latency: 0.022874072892591357
Latency: 0.019679741002619267
Latency: 0.023485613986849785
Latency: 0.04216698696836829
Latency: 0.04093516804277897
Latency: 0.03704264690168202
Latency: 0.03928809496574104
Latency: 0.020962378941476345
Latency: 0.021572748897597194
Latency: 0.021089012967422605
Latency: 0.021395809948444366
Latency: 0.019698092946782708
Latency: 0.022897656075656414
Latency: 0.023209486855193973
Latency: 0.022200562991201878
Latency: 0.02136932616122067
Latency: 0.022946687880903482
Latency: 0.020651940954849124
Latency: 0.02105038706213236
Latency: 0.020808637840673327
Latency: 0.021840680856257677
Latency: 0.021051977993920445
Latency: 0.022828069981187582
Latency: 0.02214039210230112
Latency: 0.022512192139402032
Latency: 0.02060337900184095
Latency: 0.023664272157475352
Latency: 0.021134565817192197
Latency: 0.021846693940460682
Latency: 0.020555087830871344
Latency: 0.02147471997886896
Latency: 0.022578582866117358
Latency: 0.022431157995015383
Latency: 0.02097589196637273
Latency: 0.02210160018876195
Latency: 0.02014039014466107
Latency: 0.02316475589759648
Latency: 0.022617515875026584
Latency: 0.022947959136217833
Latency: 0.01904581720009446
Latency: 0.021603515138849616
Latency: 0.01964210905134678
Latency: 0.022237857105210423
Latency: 0.021553338039666414
Latency: 0.021310686832293868
Latency: 0.021967998007312417
Latency: 0.02310799714177847
Latency: 0.020142399007454515
Latency: 0.02192974300123751
Latency: 0.022095980821177363
Latency: 0.02333535789512098
Latency: 0.022803258150815964
Latency: 0.0220366430003196
Latency: 0.02079558582045138
Latency: 0.022545553976669908
Latency: 0.019111573928967118
Latency: 0.021768846083432436
Latency: 0.023628565948456526
Latency: 0.02252570283599198
Latency: 0.021171557949855924
Latency: 0.02292101806961
Latency: 0.021360693965107203
Latency: 0.020390986930578947
Latency: 0.02114830003120005
Latency: 0.021864104084670544
Latency: 0.021940591977909207
Latency: 0.021418408025056124
Latency: 0.02390834200195968
Latency: 0.02269825106486678
Latency: 0.022811322007328272
Latency: 0.01931883697398007
Latency: 0.01935340603813529
Latency: 0.02241639420390129
Latency: 0.021204529097303748
Latency: 0.02417575102299452
Latency: 0.018815011950209737
Latency: 0.02344192611053586
Latency: 0.020464906934648752
Latency: 0.02340219193138182
Latency: 0.02116509899497032
Latency: 0.023546934826299548
Latency: 0.020360779017210007
Latency: 0.023054034914821386
Latency: 0.02065800502896309
Latency: 0.022530284011736512
Latency: 0.02026624302379787
Latency: 0.022778694052249193
Latency: 0.024577584117650986
Latency: 0.020954570034518838
Latency: 0.021641761995851994
Latency: 0.02500460995361209
Latency: 0.020175935933366418
Latency: 0.021483444841578603
Latency: 0.021528162993490696
Latency: 0.024231101851910353
Latency: 0.02107153693214059
Latency: 0.023080109851434827
Latency: 0.020798048935830593
Latency: 0.022173361154273152
Latency: 0.02049447991885245
Latency: 0.02123124711215496
Latency: 0.0212872049305588
Latency: 0.021554414881393313
Latency: 0.021214001812040806
Latency: 0.02309158188290894
Latency: 0.023400379111990333
Latency: 0.021175652975216508
Latency: 0.02048893994651735
Latency: 0.02248188084922731
Latency: 0.02245333488099277
Latency: 0.019989426946267486
Latency: 0.02235407312400639
Latency: 0.022603384917601943
Latency: 0.022993691032752395
Latency: 0.020673192106187344
Latency: 0.02185886399820447
Latency: 0.025327224051579833
Latency: 0.020470886025577784
Latency: 0.020605447934940457
Latency: 0.02048304188065231
Latency: 0.02231631800532341
Latency: 0.02077330811880529
Latency: 0.024305549217388034
Latency: 0.02238532598130405
Latency: 0.04343245504423976
Latency: 0.039519213140010834
Latency: 0.040260890033096075
Latency: 0.020825371146202087
Latency: 0.023439409909769893
Latency: 0.022503204876556993
Latency: 0.020514409057796
Latency: 0.019925605040043592
Latency: 0.022599047049880028
Latency: 0.022349463077262044
Latency: 0.023409144952893257
Latency: 0.02030836814083159
Latency: 0.021497793029993773
Latency: 0.021997272968292236
Latency: 0.02197252307087183
Latency: 0.019815423991531134
Latency: 0.020877528004348278
Latency: 0.019516041968017817
Latency: 0.02363593317568302
Latency: 0.02060654410161078
Latency: 0.021673794137313962
Latency: 0.023680773098021746
Latency: 0.02511116908863187
Latency: 0.020422326866537333
Latency: 0.02327883499674499
Latency: 0.019618533086031675
Latency: 0.023398551857098937
Latency: 0.02171394880861044
Latency: 0.021056969882920384
Latency: 0.02355283312499523
Latency: 0.024612392066046596
Latency: 0.021830974845215678
Latency: 0.01957266917452216
Latency: 0.02261607302352786
Latency: 0.01960703800432384
Latency: 0.022379813948646188
Latency: 0.022039544070139527
Latency: 0.022903489880263805
Latency: 0.021111733047291636
Latency: 0.0221937270835042
Latency: 0.02042020997032523
Latency: 0.02441312186419964
Latency: 0.02323475806042552
Latency: 0.022646695841103792
Latency: 0.0214694170281291
Latency: 0.02070136391557753
Latency: 0.021330050891265273
Latency: 0.02307855198159814
Latency: 0.020561226876452565
Latency: 0.021694438997656107
Latency: 0.021241819951683283
Latency: 0.022246030857786536
Latency: 0.02033178904093802
Latency: 0.02297984785400331
Latency: 0.022094805957749486
Latency: 0.023110257927328348
Latency: 0.022001426899805665
Latency: 0.02264327183365822
Latency: 0.0193854128010571
Latency: 0.022720176028087735
Latency: 0.021833545062690973
Latency: 0.021659382851794362
Latency: 0.02022916986607015
Latency: 0.020686956821009517
Latency: 0.023441181052476168
Latency: 0.02500517899170518
Latency: 0.021943934028968215
Latency: 0.023057871032506227
Latency: 0.021124163875356317
Latency: 0.02318787295371294
Latency: 0.0210052658803761
Latency: 0.021678091026842594
Latency: 0.022446600953117013
Latency: 0.019666251027956605
Latency: 0.02177043305709958
Latency: 0.02251586108468473
Latency: 0.024791108909994364
Latency: 0.02242144220508635
Latency: 0.022892700973898172
Latency: 0.024044973077252507
Latency: 0.023578332969918847
Latency: 0.0199747730512172
Latency: 0.02149491710588336
Latency: 0.02348583098500967
Latency: 0.020532875088974833
Latency: 0.02310568909160793
Latency: 0.02121199807152152
Latency: 0.021291294135153294
Latency: 0.023347540060058236
Latency: 0.01950585306622088
Latency: 0.02125031198374927
Latency: 0.02251015091314912
Latency: 0.022603387013077736
Latency: 0.021438580006361008
Latency: 0.021740133874118328
Latency: 0.022226240020245314
Latency: 0.02317683887667954
Latency: 0.02130470983684063
Latency: 0.023222309071570635
Latency: 0.024771050084382296
Latency: 0.022125873947516084
Latency: 0.02291656914167106
Latency: 0.02234685095027089
Latency: 0.024174822960048914
Latency: 0.01970542990602553
Latency: 0.020209060050547123
Latency: 0.021845375886186957
Latency: 0.0217437450774014
Latency: 0.022003060905262828
Latency: 0.023538653971627355
Latency: 0.024790168972685933
Latency: 0.024312561145052314
Latency: 0.019681568956002593
Latency: 0.02255680412054062
Latency: 0.023042847868055105
Latency: 0.020813982002437115
Latency: 0.019003048073500395
Latency: 0.022604193072766066
Latency: 0.02282226597890258
Latency: 0.021852181991562247
Latency: 0.03980975295417011
Latency: 0.04186487989500165
Latency: 0.04178500291891396
Latency: 0.041708952048793435
Latency: 0.020554007031023502
Latency: 0.021063535008579493
Latency: 0.022965482203289866
Latency: 0.02592221205122769
Latency: 0.0182183391880244
Latency: 0.01964804297313094
Latency: 0.022948883939534426
Latency: 0.020440334221348166
Latency: 0.020535404095426202
Latency: 0.02247619186528027
Latency: 0.02434112294577062
Latency: 0.02019071509130299
Latency: 0.020239742007106543
Latency: 0.022102488903328776
Latency: 0.023223363095894456
Latency: 0.020337122958153486
Latency: 0.020906036952510476
Latency: 0.023200465133413672
Latency: 0.024073436856269836
Latency: 0.021248368080705404
Latency: 0.017881171079352498
Latency: 0.023780435090884566
Latency: 0.022718022111803293
Latency: 0.020179844927042723
Latency: 0.024079244816675782
Latency: 0.02218716312199831
Latency: 0.023388206958770752
Latency: 0.02050670888274908
Latency: 0.02255048998631537
Latency: 0.02367806783877313
Latency: 0.021928494796156883
Latency: 0.021997952135279775
Latency: 0.019819909008219838
Latency: 0.022639157017692924
Latency: 0.023483688943088055
Latency: 0.021792554995045066
Latency: 0.020341578871011734
Latency: 0.021783867850899696
Latency: 0.024045774014666677
Latency: 0.019018352031707764
Latency: 0.02115818508900702
Latency: 0.024343671975657344
Latency: 0.022555583156645298
Latency: 0.023749191081151366
Latency: 0.02044357592239976
Latency: 0.024162568151950836
Latency: 0.021869890857487917
Latency: 0.023551770020276308
Latency: 0.019884034991264343
Latency: 0.02013465203344822
Latency: 0.020871598972007632
Latency: 0.022850825916975737
Latency: 0.021565494826063514
Latency: 0.018520958023145795
Latency: 0.019995653070509434
Latency: 0.021804675925523043
Latency: 0.021016802871599793
Latency: 0.019331284798681736
Latency: 0.021972907008603215
Latency: 0.025015265913680196
Latency: 0.01983223599381745
Latency: 0.019359614001587033
Latency: 0.024417605949565768
Latency: 0.025349314091727138
Latency: 0.021182439057156444
Latency: 0.022049810038879514
Latency: 0.02155186701565981
Latency: 0.02426745998673141
Latency: 0.020369952078908682
Latency: 0.01942422497086227
Latency: 0.023559650173410773
Latency: 0.023463226854801178
Latency: 0.020423111971467733
Latency: 0.02062307298183441
Latency: 0.023255412932485342
Latency: 0.021997232921421528
Latency: 0.02208260609768331
Latency: 0.022529634879902005
Latency: 0.020286838058382273
Latency: 0.020001897122710943
Latency: 0.022919334936887026
Latency: 0.020322210853919387
Latency: 0.023668261943385005
Latency: 0.021448928164318204
Latency: 0.02411647397093475
Latency: 0.019871165975928307
Latency: 0.022379186935722828
Latency: 0.020337765105068684
Latency: 0.02201127610169351
Latency: 0.02183161792345345
Latency: 0.020128475036472082
Latency: 0.021558830980211496
Latency: 0.02339239907450974
Latency: 0.019442043034359813
Latency: 0.02179254894144833
Latency: 0.02243105322122574
Latency: 0.024184919893741608
Latency: 0.02106923097744584
Latency: 0.022830703994259238
Latency: 0.02304968796670437
Latency: 0.023739130003377795
Latency: 0.020528984954580665
Latency: 0.021477360045537353
Latency: 0.021596924867480993
Latency: 0.02048050705343485
Latency: 0.021197305992245674
Latency: 0.02332143601961434
Latency: 0.023526038974523544
Latency: 0.02133705699816346
Latency: 0.02257170993834734
Latency: 0.01919524511322379
Latency: 0.021836718078702688
Latency: 0.022356234025210142
Latency: 0.022722204914316535
Latency: 0.020378784043714404
Latency: 0.022837179014459252
Latency: 0.022494414122775197
Latency: 0.023051832104101777
Latency: 0.03968472802080214
Latency: 0.0431243849452585
Latency: 0.02090784697793424
Latency: 0.02282693306915462
Latency: 0.02053772401995957
Latency: 0.020497673889622092
Latency: 0.022230327129364014
Latency: 0.022724353009834886
Latency: 0.019665855914354324
Latency: 0.020706359995529056
Latency: 0.02283274009823799
Latency: 0.024332671193405986
Latency: 0.02153537911362946
Latency: 0.019363986095413566
Latency: 0.02323420997709036
Latency: 0.02372194197960198
Latency: 0.02136196498759091
Latency: 0.020498254103586078
Latency: 0.021861989982426167
Latency: 0.023819258203729987
Latency: 0.019504157127812505
Latency: 0.025192547123879194
Latency: 0.02394636208191514
Latency: 0.02500443789176643
Latency: 0.02295982022769749
Latency: 0.019704336067661643
Latency: 0.022081368137151003
Latency: 0.022967318072915077
Latency: 0.02057881490327418
Latency: 0.022866988088935614
Latency: 0.02356227790005505
Latency: 0.022161080967634916
Latency: 0.023113503120839596
Latency: 0.02127034403383732
Latency: 0.022828646935522556
Latency: 0.02410287200473249
Latency: 0.02124084811657667
Latency: 0.021678655175492167
Latency: 0.023106336127966642
Latency: 0.024134327191859484
Latency: 0.02136295405216515
Latency: 0.022990214871242642
Latency: 0.024478131905198097
Latency: 0.022952932165935636
Latency: 0.0215843478217721
Latency: 0.022337950998917222
Latency: 0.023372180992737412
Latency: 0.022861875128000975
Latency: 0.021854490973055363
Latency: 0.01972440117970109
Latency: 0.021061843959614635
Latency: 0.022720446810126305
Latency: 0.023668175097554922
Latency: 0.020648365141823888
Latency: 0.020996351027861238
Latency: 0.023150982102379203
Latency: 0.022717857966199517
Latency: 0.0211452750954777
Latency: 0.02299666916951537
Latency: 0.02131367800757289
Latency: 0.020809469977393746
Latency: 0.019122584024444222
Latency: 0.020968832075595856
Latency: 0.02238221699371934
Latency: 0.021354213124141097
Latency: 0.022659246111288667
Latency: 0.021764920093119144
Latency: 0.023644569097086787
Latency: 0.02199593698605895
Latency: 0.01897787395864725
Latency: 0.020362468902021646
Latency: 0.022756745107471943
Latency: 0.022959538036957383
Latency: 0.01956444513052702
Latency: 0.021109330002218485
Latency: 0.02436507400125265
Latency: 0.02337397006340325
Latency: 0.019780260045081377
Latency: 0.02254504500888288
Latency: 0.02285959222353995
Latency: 0.02223149803467095
Latency: 0.01955855800770223
Latency: 0.02236223593354225
Latency: 0.024232133058831096
Latency: 0.020660836016759276
Latency: 0.02143954299390316
Latency: 0.02378128608688712
Latency: 0.02298498200252652
Latency: 0.023001834051683545
Latency: 0.020237783901393414
Latency: 0.022438210900872946
Latency: 0.021498972084373236
Latency: 0.02207470196299255
Latency: 0.022807277040556073
Latency: 0.02003175998106599
Latency: 0.021732201101258397
Latency: 0.023344591027125716
Latency: 0.023941715015098453
Latency: 0.0236189819406718
Latency: 0.023808493046090007
Latency: 0.023717567091807723
Latency: 0.018555386923253536
Latency: 0.021503313910216093
Latency: 0.022212436888366938
Latency: 0.023291541961953044
Latency: 0.018341201124712825
Latency: 0.020679699955508113
Latency: 0.022028261795639992
Latency: 0.023796877125278115
Latency: 0.020165600813925266
Latency: 0.02268611709587276
Latency: 0.023647743044421077
Latency: 0.021701006218791008
Latency: 0.021795617882162333
Latency: 0.02028767508454621
Latency: 0.021103837992995977
Latency: 0.02323680487461388
Latency: 0.024011046858504415
Latency: 0.022882053861394525
Latency: 0.024296907940879464
Latency: 0.024847368011251092
Latency: 0.03878157795406878
Latency: 0.041443337220698595
Latency: 0.04252711799927056
Latency: 0.022797248093411326
Latency: 0.019885641057044268
Latency: 0.021119727985933423
Latency: 0.02335457899607718
Latency: 0.02160217077471316
Latency: 0.02196274884045124
Latency: 0.023465414997190237
Latency: 0.022475259844213724
Latency: 0.02168943313881755
Latency: 0.02119553298689425
Latency: 0.02046295185573399
Latency: 0.022316891001537442
Latency: 0.022105325013399124
Latency: 0.018664235016331077
Latency: 0.02208471903577447
Latency: 0.022403733804821968
Latency: 0.020297314040362835
Latency: 0.01980941998772323
Latency: 0.021212021820247173
Latency: 0.022918615024536848
Latency: 0.023116062860935926
Latency: 0.020671601174399257
Latency: 0.022909248946234584
Latency: 0.02211518702097237
Latency: 0.021656802855432034
Latency: 0.021535129053518176
Latency: 0.020826835883781314
Latency: 0.021622854052111506
Latency: 0.022156271152198315
Latency: 0.02269448316656053
Latency: 0.02126679802313447
Latency: 0.023039191961288452
Latency: 0.022566471016034484
Latency: 0.021242647198960185
Latency: 0.022467482136562467
Latency: 0.02120903180912137
Latency: 0.020794511074200273
Latency: 0.020562794990837574
Latency: 0.022813844960182905
Latency: 0.02250759699381888
Latency: 0.0226439971011132
Latency: 0.020816558972001076
Latency: 0.022167349932715297
Latency: 0.02303937217220664
Latency: 0.022572888061404228
Latency: 0.018974410137161613
Latency: 0.02000594697892666
Latency: 0.02229682100005448
Latency: 0.02191397314891219
Latency: 0.021219852147623897
Latency: 0.024065295001491904
Latency: 0.022365466924384236
Latency: 0.022107745986431837
Latency: 0.01885365298949182
Latency: 0.022386851022019982
Latency: 0.023310810094699264
Latency: 0.021804986987262964
Latency: 0.02178337494842708
Latency: 0.02037216816097498
Latency: 0.02200880809687078
Latency: 0.021774210035800934
Latency: 0.020756318932399154
Latency: 0.023289778968319297
Latency: 0.023747015977278352
Latency: 0.02160810399800539
Latency: 0.02098541404120624
Latency: 0.022994723170995712
Latency: 0.022733904188498855
Latency: 0.023749257903546095
Latency: 0.018708701012656093
Latency: 0.022124412935227156
Latency: 0.022746103117242455
Latency: 0.02142960298806429
Latency: 0.023193671833723783
Latency: 0.022034343099221587
Latency: 0.023665150860324502
Latency: 0.02417575102299452
Latency: 0.021665912121534348
Latency: 0.02032605791464448
Latency: 0.021825641160830855
Latency: 0.024178960127756
Latency: 0.019258825108408928
Latency: 0.020485789980739355
Latency: 0.021978778997436166
Latency: 0.022092173108831048
Latency: 0.02089390205219388
Latency: 0.02334934496320784
Latency: 0.025344752008095384
Latency: 0.02088763890787959
Latency: 0.021089346846565604
Latency: 0.023299421882256866
Latency: 0.021039601881057024
Latency: 0.020671553211286664
Latency: 0.019248472061008215
Latency: 0.02205541613511741
Latency: 0.023111829068511724
Latency: 0.02292815991677344
Latency: 0.01961938408203423
Latency: 0.02277839998714626
Latency: 0.022087889024987817
Latency: 0.02335631800815463
Latency: 0.021363321924582124
Latency: 0.02168560097925365
Latency: 0.02530692284926772
Latency: 0.02287947293370962
Latency: 0.02135565085336566
Latency: 0.02402090490795672
Latency: 0.02215577894821763
Latency: 0.024269490968436003
Latency: 0.02027182886376977
Latency: 0.02136821998283267
Latency: 0.020286104874685407
Latency: 0.021742393961176276
Latency: 0.021698325872421265
Latency: 0.02334532397799194
Latency: 0.02057078992947936
Latency: 0.021905953995883465
Latency: 0.04336424311622977
Latency: 0.04479680093936622
Latency: 0.044132699025794864
Latency: 0.04220399004407227
Latency: 0.023245382122695446
Latency: 0.02445761999115348
Latency: 0.025498121045529842
Latency: 0.023453739006072283
Latency: 0.021239454159513116
Latency: 0.023247408913448453
Latency: 0.02231798996217549
Latency: 0.02176248701289296
Latency: 0.019900803919881582
Latency: 0.022197539918124676
Latency: 0.02365061012096703
Latency: 0.0208217219915241
Latency: 0.020318357972428203
Latency: 0.020789312897250056
Latency: 0.022712860023602843
Latency: 0.023168337997049093
Latency: 0.02190746390260756
Latency: 0.021421160083264112
Latency: 0.02326410007663071
Latency: 0.023930507944896817
Latency: 0.020355626940727234
Latency: 0.020242369966581464
Latency: 0.022817583987489343
Latency: 0.02275636000558734
Latency: 0.0202978840097785
Latency: 0.0226290849968791
Latency: 0.02317279693670571
Latency: 0.024811196140944958
Latency: 0.020344899967312813
Latency: 0.022177131148055196
Latency: 0.02399563998915255
Latency: 0.025760593125596642
Latency: 0.01955279102548957
Latency: 0.021291233832016587
Latency: 0.02088296413421631
Latency: 0.01957021513953805
Latency: 0.021448406158015132
Latency: 0.023048070957884192
Latency: 0.022889540996402502
Latency: 0.01962217199616134
Latency: 0.02149451500736177
Latency: 0.02470476203598082
Latency: 0.02345314109697938
Latency: 0.02220833394676447
Latency: 0.029887109994888306
Latency: 0.029443938983604312
Latency: 0.032521970104426146
Latency: 0.01950632408261299
Latency: 0.021213609026744962
Latency: 0.02368623996153474
Latency: 0.02246662904508412
Latency: 0.020891193067654967
Latency: 0.021293594036251307
Latency: 0.02377650118432939
Latency: 0.022134840954095125
Latency: 0.021213951986283064
Latency: 0.021341979037970304
Latency: 0.022942330921068788
Latency: 0.021713050082325935
Latency: 0.020124551840126514
Latency: 0.02181315002962947
Latency: 0.024633427849039435
Latency: 0.021934051997959614
Latency: 0.024111747974529862
Latency: 0.02254409180022776
Latency: 0.021954400930553675
Latency: 0.022956833941861987
Latency: 0.02311284001916647
Latency: 0.018834555987268686
Latency: 0.02020752802491188
Latency: 0.02220388106070459
Latency: 0.02345281490124762
Latency: 0.02204110217280686
Latency: 0.023578352062031627
Latency: 0.023920125793665648
Latency: 0.02642150199972093
Latency: 0.019683765014633536
Latency: 0.021383154904469848
Latency: 0.02341964701190591
Latency: 0.025575853185728192
Latency: 0.020203249994665384
Latency: 0.021790001075714827
Latency: 0.022580869030207396
Latency: 0.020635667024180293
Latency: 0.020834873896092176
Latency: 0.022208735113963485
Latency: 0.025736371986567974
Latency: 0.019577519968152046
Latency: 0.018134953919798136
Latency: 0.02392706205137074
Latency: 0.02313808910548687
Latency: 0.020360473077744246
Latency: 0.021648050053045154
Latency: 0.02189850900322199
Latency: 0.024020447162911296
Latency: 0.02119195507839322
Latency: 0.024243619991466403
Latency: 0.023112522903829813
Latency: 0.021379237063229084
Latency: 0.02228665305301547
Latency: 0.021174388006329536
Latency: 0.023620528867468238
Latency: 0.021644026041030884
Latency: 0.026126650162041187
Latency: 0.01817752793431282
Latency: 0.019823630107566714
Latency: 0.024230855982750654
Latency: 0.024349228013306856
Latency: 0.017650989117100835
Latency: 0.02064654091373086
Latency: 0.021913097938522696
Latency: 0.02321537211537361
Latency: 0.02081909403204918
Latency: 0.02198238205164671
Latency: 0.018622921081259847
Latency: 0.023291422985494137
Latency: 0.019782396964728832
Latency: 0.023511704057455063
Latency: 0.04147799522615969
Latency: 0.04437220003455877
Latency: 0.04396030493080616
Latency: 0.04249628004617989
Latency: 0.01989596290513873
Latency: 0.022639130940660834
Latency: 0.019137060036882758
Latency: 0.0220320001244545
Latency: 0.022886204067617655
Latency: 0.021186189958825707
Latency: 0.0232193018309772
Latency: 0.022870559012517333
Latency: 0.02093767304904759
Latency: 0.02308919094502926
Latency: 0.020108036929741502
Latency: 0.02294264594092965
Latency: 0.020348127000033855
Latency: 0.022004384081810713
Latency: 0.023469539126381278
Latency: 0.020567741012200713
Latency: 0.02156358095817268
Latency: 0.023451489862054586
Latency: 0.02388545498251915
Latency: 0.020701267989352345
Latency: 0.02026574988849461
Latency: 0.020137649029493332
Latency: 0.02303261705674231
Latency: 0.023882829817011952
Latency: 0.023005392868071795
Latency: 0.021345938090234995
Latency: 0.021406254963949323
Latency: 0.025051731150597334
Latency: 0.02385220187716186
Latency: 0.022239816840738058
Latency: 0.0243148491717875
Latency: 0.02117576217278838
Latency: 0.023074119118973613
Latency: 0.02072034403681755
Latency: 0.022287657018750906
Latency: 0.019537647953256965
Latency: 0.022796445060521364
Latency: 0.02283739298582077
Latency: 0.022823405917733908
Latency: 0.021912927040830255
Latency: 0.024500105064362288
Latency: 0.01960432599298656
Latency: 0.021175508154556155
Latency: 0.021377386059612036
Latency: 0.022721310146152973
Latency: 0.01980277500115335
Latency: 0.021281898021697998
Latency: 0.02380945603363216
Latency: 0.021506117889657617
Latency: 0.023233457002788782
Latency: 0.024363888893276453
Latency: 0.02231876808218658
Latency: 0.022653500083833933
Latency: 0.021620839135721326
Latency: 0.022653955034911633
Latency: 0.020001681055873632
Latency: 0.02129844599403441
Latency: 0.019637332996353507
Latency: 0.022752929013222456
Latency: 0.01887721591629088
Latency: 0.02289949101395905
Latency: 0.020649343030527234
Latency: 0.02452646498568356
Latency: 0.02436479995958507
Latency: 0.021564521128311753
Latency: 0.023086262168362737
Latency: 0.022079671965911984
Latency: 0.019542575115337968
Latency: 0.023909029085189104
Latency: 0.020394477993249893
Latency: 0.023138812044635415
Latency: 0.020483355037868023
Latency: 0.023157293908298016
Latency: 0.02222817810252309
Latency: 0.021450422005727887
Latency: 0.022125791991129518
Latency: 0.022219683043658733
Latency: 0.023411358008161187
Latency: 0.020578898955136538
Latency: 0.0216050969902426
Latency: 0.021041698986664414
Latency: 0.02264928282238543
Latency: 0.022077491972595453
Latency: 0.02435097796842456
Latency: 0.021665937965735793
Latency: 0.02160759293474257
Latency: 0.022930822102352977
Latency: 0.020253318129107356
Latency: 0.02143232198432088
Latency: 0.02086441800929606
Latency: 0.022622775984928012
Latency: 0.021304517053067684
Latency: 0.023188653169199824
Latency: 0.02219736995175481
Latency: 0.022791260853409767
Latency: 0.02192493202164769
Latency: 0.02222231007181108
Latency: 0.0180188431404531
Latency: 0.023548240074887872
Latency: 0.020604429068043828
Latency: 0.02232347591780126
Latency: 0.022496827179566026
Latency: 0.023132693022489548
Latency: 0.020971440011635423
Latency: 0.02258173399604857
Latency: 0.022112372796982527
Latency: 0.024348106933757663
Latency: 0.021067854948341846
Latency: 0.022663045907393098
Latency: 0.020870356122031808
Latency: 0.022958527086302638
Latency: 0.020838269032537937
Latency: 0.022532680071890354
Latency: 0.02109794900752604
Latency: 0.023062074091285467
Latency: 0.021489903097972274
Latency: 0.023661816027015448
Latency: 0.04309383197687566
Latency: 0.046340547036379576
Latency: 0.04146079905331135
Latency: 0.021046249894425273
Latency: 0.019742254866287112
Latency: 0.02034483989700675
Latency: 0.020319208968430758
Latency: 0.023624948924407363
Latency: 0.023603422101587057
Latency: 0.021336524048820138
Latency: 0.022062242031097412
Latency: 0.02152025792747736
Latency: 0.02193793887272477
Latency: 0.021446137921884656
Latency: 0.022812972078099847
Latency: 0.021869335090741515
Latency: 0.022456065053120255
Latency: 0.021796297980472445
Latency: 0.02144703990779817
Latency: 0.02264522318728268
Latency: 0.022237794008105993
Latency: 0.023795400047674775
Latency: 0.022101591108366847
Latency: 0.020640357863157988
Latency: 0.020955088082700968
Latency: 0.0235953729134053
Latency: 0.0222943180706352
Latency: 0.02042833506129682
Latency: 0.019940310856327415
Latency: 0.022268132073804736
Latency: 0.02285102498717606
Latency: 0.020913394168019295
Latency: 0.023329600924625993
Latency: 0.024676102912053466
Latency: 0.019789342069998384
Latency: 0.02197615592740476
Latency: 0.02248114487156272
Latency: 0.02233220008201897
Latency: 0.022130789002403617
Latency: 0.022612967994064093
Latency: 0.017762202071025968
Latency: 0.02241394785232842
Latency: 0.021689608925953507
Latency: 0.023930159164592624
Latency: 0.02027561399154365
Latency: 0.022594565991312265
Latency: 0.02213764493353665
Latency: 0.02034640801139176
Latency: 0.020511572947725654
Latency: 0.022586310980841517
Latency: 0.021142676938325167
Latency: 0.022842919919639826
Latency: 0.022530144080519676
Latency: 0.024012695997953415
Latency: 0.02037410787306726
Latency: 0.02189772413112223
Latency: 0.01899670180864632
Latency: 0.023884150898084044
Latency: 0.020867465063929558
Latency: 0.02242812095209956
Latency: 0.019808651180937886
Latency: 0.023869612021371722
Latency: 0.020790653070434928
Latency: 0.02229243703186512
Latency: 0.02227476891130209
Latency: 0.024163581896573305
Latency: 0.022340060910210013
Latency: 0.02364280098117888
Latency: 0.019560276065021753
Latency: 0.02317694784142077
Latency: 0.02111206599511206
Latency: 0.022478080121800303
Latency: 0.02102817688137293
Latency: 0.024032000917941332
Latency: 0.020415448816493154
Latency: 0.02372764004394412
Latency: 0.023240323876962066
Latency: 0.024651828920468688
Latency: 0.020146173890680075
Latency: 0.02280236012302339
Latency: 0.02390661113895476
Latency: 0.022261645877733827
Latency: 0.02216698182746768
Latency: 0.02298438991419971
Latency: 0.021015207981690764
Latency: 0.021652886178344488
Latency: 0.02358608809299767
Latency: 0.024470499018207192
Latency: 0.025888161035254598
Latency: 0.024082806892693043
Latency: 0.02014681906439364
Latency: 0.023916830075904727
Latency: 0.02331311395391822
Latency: 0.025185972917824984
Latency: 0.02127522393129766
Latency: 0.023545142961665988
Latency: 0.02192925405688584
Latency: 0.02640802809037268
Latency: 0.01893164892680943
Latency: 0.022554601076990366
Latency: 0.020162094850093126
Latency: 0.022121947025880218
Latency: 0.021506412886083126
Latency: 0.021317353006452322
Latency: 0.02133048209361732
Latency: 0.022882940946146846
Latency: 0.02167157595977187
Latency: 0.02204638021066785
Latency: 0.022313722874969244
Latency: 0.021500573027879
Latency: 0.02356508420780301
Latency: 0.02375773387029767
Latency: 0.02112145209684968
Latency: 0.022287897998467088
Latency: 0.022670600097626448
Latency: 0.022607279010117054
Latency: 0.02071703691035509
Latency: 0.02245630999095738
Latency: 0.0204401311930269
Latency: 0.022042477037757635
Latency: 0.043123019160702825
Latency: 0.045417214976623654
Latency: 0.041792658157646656
Latency: 0.043169707991182804
Latency: 0.021819655084982514
Latency: 0.02062625205144286
Latency: 0.019832983147352934
Latency: 0.022949873004108667
Latency: 0.022022130899131298
Latency: 0.020380991976708174
Latency: 0.02292244415730238
Latency: 0.024357191985473037
Latency: 0.020445088855922222
Latency: 0.026016521966084838
Latency: 0.021217630011960864
Latency: 0.022835647920146585
Latency: 0.019057059893384576
Latency: 0.01838086498901248
Latency: 0.022394240833818913
Latency: 0.024807604029774666
Latency: 0.02375048096291721
Latency: 0.021296030841767788
Latency: 0.0220466370228678
Latency: 0.024233839940279722
Latency: 0.023476856062188745
Latency: 0.01994684594683349
Latency: 0.022367884870618582
Latency: 0.024163683177903295
Latency: 0.02071059914305806
Latency: 0.023259331937879324
Latency: 0.021466029109433293
Latency: 0.022063575917854905
Latency: 0.022429098840802908
Latency: 0.019913276890292764
Latency: 0.021469242172315717
Latency: 0.023191892076283693
Latency: 0.021954476134851575
Latency: 0.018552032066509128
Latency: 0.019993895199149847
Latency: 0.02201913483440876
Latency: 0.022156968945637345
Latency: 0.01924117491580546
Latency: 0.020462369080632925
Latency: 0.022265913896262646
Latency: 0.023457994917407632
Latency: 0.019761588890105486
Latency: 0.021249893121421337
Latency: 0.023032332072034478
Latency: 0.021994220092892647
Latency: 0.018204760970547795
Latency: 0.020261907018721104
Latency: 0.02164096897467971
Latency: 0.02383919106796384
Latency: 0.01994952792301774
Latency: 0.023022152017802
Latency: 0.025084273889660835
Latency: 0.022006356855854392
Latency: 0.023723039077594876
Latency: 0.02195898978970945
Latency: 0.021125958068296313
Latency: 0.023701498052105308
Latency: 0.020521556958556175
Latency: 0.021962007973343134
Latency: 0.022990325931459665
Latency: 0.023557337000966072
Latency: 0.021211978048086166
Latency: 0.022388609126210213
Latency: 0.02382933790795505
Latency: 0.0223799841478467
Latency: 0.023068625014275312
Latency: 0.02105333609506488
Latency: 0.023018517065793276
Latency: 0.02004980598576367
Latency: 0.021776688983663917
Latency: 0.022064515855163336
Latency: 0.023762311087921262
Latency: 0.01995656220242381
Latency: 0.022289999993517995
Latency: 0.024236501893028617
Latency: 0.02549250703305006
Latency: 0.017588964896276593
Latency: 0.0209680141415447
Latency: 0.022123880917206407
Latency: 0.023934836965054274
Latency: 0.019454692024737597
Latency: 0.02197517198510468
Latency: 0.023889420088380575
Latency: 0.02073016995564103
Latency: 0.022489316994324327
Latency: 0.02402389096096158
Latency: 0.023948226124048233
Latency: 0.024554413044825196
Latency: 0.019005461130291224
Latency: 0.022757658967748284
Latency: 0.02340077399276197
Latency: 0.021663815015926957
Latency: 0.020956619875505567
Latency: 0.02265384211204946
Latency: 0.023565187118947506
Latency: 0.021761078154668212
Latency: 0.024040047079324722
Latency: 0.02315424894914031
Latency: 0.025167415151372552
Latency: 0.023343240143731236
Latency: 0.022529419977217913
Latency: 0.024909566156566143
Latency: 0.02297788206487894
Latency: 0.023785586934536695
Latency: 0.02458020206540823
Latency: 0.02460041199810803
Latency: 0.02573152887634933
Latency: 0.024528183974325657
Latency: 0.02507203002460301
Latency: 0.02086762012913823
Latency: 0.02348679001443088
Latency: 0.025115360971540213
Latency: 0.02596113388426602
Latency: 0.023580108070746064
Latency: 0.02278936211951077
Latency: 0.02513504819944501
Latency: 0.024981432128697634
Latency: 0.02645029593259096
Latency: 0.026015016017481685
Latency: 0.023392332019284368
Latency: 0.04348378209397197
Latency: 0.041128905955702066
Latency: 0.042619454907253385
Latency: 0.023396871984004974
Latency: 0.020402419846504927
Latency: 0.02720568608492613
Latency: 0.027309614000841975
Latency: 0.02678715786896646
Latency: 0.02266030292958021
Latency: 0.02363784401677549
Latency: 0.0247619089204818
Latency: 0.02587992907501757
Latency: 0.020731640979647636
Latency: 0.0210754438303411
Latency: 0.022539529018104076
Latency: 0.02533454494550824
Latency: 0.021650130860507488
Latency: 0.02202816680073738
Latency: 0.02398624806664884
Latency: 0.022734879981726408
Latency: 0.020264987135306
Latency: 0.023530038073658943
Latency: 0.025751824025064707
Latency: 0.020697901025414467
Latency: 0.01976320892572403
Latency: 0.02295050397515297
Latency: 0.02215548907406628
Latency: 0.02188940206542611
Latency: 0.022308609914034605
Latency: 0.02419669204391539
Latency: 0.023751224158331752
Latency: 0.024728270014747977
Latency: 0.0221728200558573
Latency: 0.022822874132543802
Latency: 0.021704030921682715
Latency: 0.023372482042759657
Latency: 0.02310655079782009
Latency: 0.02261968096718192
Latency: 0.022587307961657643
Latency: 0.022907068021595478
Latency: 0.02206910098902881
Latency: 0.024605877930298448
Latency: 0.02149711991660297
Latency: 0.02336975815705955
Latency: 0.025053962133824825
Latency: 0.021566169103607535
Latency: 0.022140779066830873
Latency: 0.024012773064896464
Latency: 0.01994295814074576
Latency: 0.020922794938087463
Latency: 0.02383376914076507
Latency: 0.023454879876226187
Latency: 0.02149591501802206
Latency: 0.025396578945219517
Latency: 0.022072268882766366
Latency: 0.02193069295026362
Latency: 0.022568462882190943
Latency: 0.02305951900780201
Latency: 0.0222059169318527
Latency: 0.022300431039184332
Latency: 0.023293086094781756
Latency: 0.021449960069730878
Latency: 0.021710996981710196
Latency: 0.023696858901530504
Latency: 0.022612686036154628
Latency: 0.02231243089772761
Latency: 0.02166570001281798
Latency: 0.023937850957736373
Latency: 0.021730746841058135
Latency: 0.024060555966570973
Latency: 0.02255293889902532
Latency: 0.022481539985165
Latency: 0.02457337500527501
Latency: 0.022568949032574892
Latency: 0.024522937834262848
Latency: 0.025119862984865904
Latency: 0.0194096511695534
Latency: 0.02178037608973682
Latency: 0.0236113250721246
Latency: 0.022951405961066484
Latency: 0.023109958972781897
Latency: 0.023616152117028832
Latency: 0.022781752981245518
Latency: 0.0250350849237293
Latency: 0.021149436943233013
Latency: 0.024417832028120756
Latency: 0.025231909938156605
Latency: 0.022680933820083737
Latency: 0.02074901689775288
Latency: 0.021419445052742958
Latency: 0.023368895053863525
Latency: 0.0242348809260875
Latency: 0.01894665602594614
Latency: 0.020844170125201344
Latency: 0.022350803948938847
Latency: 0.020409235963597894
Latency: 0.02215597010217607
Latency: 0.02182456199079752
Latency: 0.025179479038342834
Latency: 0.023957652039825916
Latency: 0.023187822895124555
Latency: 0.02208163496106863
Latency: 0.023864638060331345
Latency: 0.023924466921016574
Latency: 0.02044273796491325
Latency: 0.02247228496707976
Latency: 0.023365667089819908
Latency: 0.024849258130416274
Latency: 0.01906301500275731
Latency: 0.022879570024088025
Latency: 0.023119722958654165
Latency: 0.022721644025295973
Latency: 0.020772352116182446
Latency: 0.02204748708754778
Latency: 0.02272332995198667
Latency: 0.022537556942552328
Latency: 0.020021033938974142
Latency: 0.02183776395395398
Latency: 0.023546322947368026
Latency: 0.023913895012810826
Latency: 0.04662135592661798
Latency: 0.04725449299439788
Latency: 0.04314435785636306
Latency: 0.022092378931120038
Latency: 0.023085084976628423
Latency: 0.02337368787266314
Latency: 0.02124327002093196
Latency: 0.023409661138430238
Latency: 0.02103441092185676
Latency: 0.02427378692664206
Latency: 0.02255893894471228
Latency: 0.02361776097677648
Latency: 0.019424258964136243
Latency: 0.021982475882396102
Latency: 0.020235545933246613
Latency: 0.022990418830886483
Latency: 0.023351880023255944
Latency: 0.02180361608043313
Latency: 0.02369370311498642
Latency: 0.022350799990817904
Latency: 0.019726972095668316
Latency: 0.024552663089707494
Latency: 0.023533459985628724
Latency: 0.022760611027479172
Latency: 0.023253875086084008
Latency: 0.02429018192924559
Latency: 0.021462618838995695
Latency: 0.022372290026396513
Latency: 0.02138097188435495
Latency: 0.021670353831723332
Latency: 0.02087388187646866
Latency: 0.02490167203359306
Latency: 0.024397476110607386
Latency: 0.023253915132954717
Latency: 0.022295926930382848
Latency: 0.022570400033146143
Latency: 0.023244887124747038
Latency: 0.02185375802218914
Latency: 0.0201901460532099
Latency: 0.021968591958284378
Latency: 0.023009764961898327
Latency: 0.023281266912817955
Latency: 0.021624506916850805
Latency: 0.023062303196638823
Latency: 0.02282238402403891
Latency: 0.024547080043703318
Latency: 0.02064656699076295
Latency: 0.019458786817267537
Latency: 0.022121760062873363
Latency: 0.023031190037727356
Latency: 0.020118840970098972
Latency: 0.021599957020953298
Latency: 0.023184356978163123
Latency: 0.02298578293994069
Latency: 0.02001905394718051
Latency: 0.023780777119100094
Latency: 0.022958687972277403
Latency: 0.02531429217197001
Latency: 0.02192986593581736
Latency: 0.022438514046370983
Latency: 0.02220819517970085
Latency: 0.022884814999997616
Latency: 0.023236745037138462
Latency: 0.020850660046562552
Latency: 0.023306170012801886
Latency: 0.024051903979852796
Latency: 0.024204374058172107
Latency: 0.024275344097986817
Latency: 0.021990715991705656
Latency: 0.022515277843922377
Latency: 0.02357168821617961
Latency: 0.01920010708272457
Latency: 0.02252678689546883
Latency: 0.022091129096224904
Latency: 0.02532325708307326
Latency: 0.020350925158709288
Latency: 0.02199032693170011
Latency: 0.025994904106482863
Latency: 0.023772402899339795
Latency: 0.022081821924075484
Latency: 0.02062243619002402
Latency: 0.022526149870827794
Latency: 0.021579086082056165
Latency: 0.021630292991176248
Latency: 0.021720427088439465
Latency: 0.023901527980342507
Latency: 0.023067062022164464
Latency: 0.02204223000444472
Latency: 0.02371594705618918
Latency: 0.020409316988661885
Latency: 0.0221519460901618
Latency: 0.02411362691782415
Latency: 0.023010001052170992
Latency: 0.021947092143818736
Latency: 0.019994039786979556
Latency: 0.022189547074958682
Latency: 0.023739044088870287
Latency: 0.021803820971399546
Latency: 0.02222632709890604
Latency: 0.023576132021844387
Latency: 0.02354769897647202
Latency: 0.022970481077209115
Latency: 0.023907365975901484
Latency: 0.02547308919019997
Latency: 0.019958393881097436
Latency: 0.021528196055442095
Latency: 0.022559442091733217
Latency: 0.024046567967161536
Latency: 0.020323195029050112
Latency: 0.02157542807981372
Latency: 0.023047734051942825
Latency: 0.023689534049481153
Latency: 0.02149420091882348
Latency: 0.022493866039440036
Latency: 0.024237277917563915
Latency: 0.024226466892287135
Latency: 0.021564451046288013
Latency: 0.02207823214121163
Latency: 0.024100367911159992
Latency: 0.0226486308965832
Latency: 0.020286282990127802
Latency: 0.02330979914404452
Latency: 0.02564576012082398
Latency: 0.023672494804486632
Latency: 0.042467525927349925
Latency: 0.04408089816570282
Latency: 0.044617436127737164
Latency: 0.02190060494467616
Latency: 0.019284363836050034
Latency: 0.022200634004548192
Latency: 0.02236515306867659
Latency: 0.023779659997671843
Latency: 0.020971087040379643
Latency: 0.0224173569586128
Latency: 0.023752614157274365
Latency: 0.02082953113131225
Latency: 0.02082217507995665
Latency: 0.024103885982185602
Latency: 0.022655698005110025
Latency: 0.021727096056565642
Latency: 0.022197221871465445
Latency: 0.02364816702902317
Latency: 0.025098824175074697
Latency: 0.0226339278742671
Latency: 0.024046652019023895
