Latency: 0.9365013118367642
Latency: 0.9470426510088146
Latency: 0.9494520500302315
Latency: 0.953104472020641
Latency: 0.8523238759953529
Latency: 0.8470172700472176
Latency: 0.8480291010346264
Latency: 0.8548638951033354
Latency: 0.841789647936821
Latency: 0.8421845298726112
Latency: 0.8519961051642895
Latency: 0.8478842959739268
Latency: 0.844788241898641
Latency: 0.8314062261488289
Latency: 0.8415385980624706
Latency: 0.8470102089922875
Latency: 0.8383167961146683
Latency: 0.850310456007719
Latency: 0.8511322787962854
Latency: 0.8409828820731491
Latency: 0.8505731271579862
Latency: 0.8413547249510884
Latency: 0.8372922379057854
Latency: 0.8373463931493461
Latency: 0.8360346599947661
Latency: 0.8367253269534558
Latency: 0.8489018080290407
Latency: 0.8447460359893739
Latency: 0.8436308579985052
Latency: 0.8264539730735123
Latency: 0.8427910408936441
Latency: 0.8394812899641693
Latency: 0.8258210429921746
Latency: 0.8359495829790831
Latency: 0.8322971598245203
Latency: 0.8363025870639831
Latency: 0.8396930519957095
Latency: 0.8367511599790305
Latency: 0.8328128398861736
Latency: 0.8221951981540769
Latency: 0.8409871980547905
Latency: 0.8524864891078323
Latency: 0.824389462126419
Latency: 0.8321068950463086
Latency: 0.8322294959798455
Latency: 0.840980970999226
Latency: 0.8467241609469056
Latency: 0.8542388179339468
Latency: 0.8555848018731922
Latency: 0.8449910699855536
Latency: 0.8527978649362922
Latency: 0.8511839520651847
Latency: 0.8451197401154786
Latency: 0.8413191810250282
Latency: 0.843780460068956
Latency: 0.8391107360366732
Latency: 0.8325440799817443
Latency: 0.8396924969274551
Latency: 0.8363124288152903
Latency: 0.839543177979067
Latency: 0.8357192270923406
Latency: 0.8290538717992604
Latency: 0.8389926250092685
Latency: 0.8543626219034195
Latency: 0.8458666880615056
Latency: 0.8366353961173445
Latency: 0.8471103038173169
Latency: 0.8367670818697661
Latency: 0.8354662279598415
Latency: 0.8204154670238495
Latency: 0.8530801080632955
Latency: 0.8310597180388868
Latency: 0.8468665080145001
Latency: 0.8375169599894434
Latency: 0.844269695924595
Latency: 0.8348751210141927
