Latency: 0.9429933209903538
Latency: 0.9543886210303754
Latency: 0.9600888579152524
Latency: 0.9629584609065205
Latency: 0.9624131289310753
Latency: 0.969343374017626
Latency: 0.9688658970408142
Latency: 0.9692318951711059
Latency: 0.832167356973514
Latency: 0.8379373589996248
Latency: 0.8341531699988991
Latency: 0.8481559830252081
Latency: 0.8283467821311206
Latency: 0.8279670970514417
Latency: 0.8345658609177917
Latency: 0.8556359729263932
Latency: 0.8263471489772201
Latency: 0.8387805328238755
Latency: 0.8324972831178457
Latency: 0.8306760690174997
Latency: 0.8367993340361863
Latency: 0.8320405399426818
Latency: 0.8365581389516592
Latency: 0.8459982839412987
Latency: 0.8407709740567952
Latency: 0.8372984619345516
Latency: 0.8379309510346502
Latency: 0.8417349299415946
Latency: 0.8331207481678575
Latency: 0.8420250071212649
Latency: 0.8407248929142952
Latency: 0.8427416300401092
Latency: 0.8287052528467029
Latency: 0.8356102399993688
Latency: 0.8477315669879317
Latency: 0.837265009060502
Latency: 0.8281631951685995
Latency: 0.8266496390569955
Latency: 0.8427422121167183
Latency: 0.8357205619104207
Latency: 0.8387850821018219
Latency: 0.8295759570319206
Latency: 0.827428667107597
Latency: 0.8322449980769306
Latency: 0.8488082550466061
Latency: 0.838129960000515
Latency: 0.8359613511711359
Latency: 0.8470824810210615
Latency: 0.8441866911016405
Latency: 0.8435535249300301
Latency: 0.833854733966291
Latency: 0.8326643570326269
Latency: 0.8254688510205597
Latency: 0.8304364578798413
Latency: 0.8390306739602238
Latency: 0.8417688009794801
Latency: 0.8200782800558954
Latency: 0.8351012370549142
Latency: 0.8431361499242485
Latency: 0.8399885729886591
Latency: 0.8458222679328173
Latency: 0.8514879879076034
Latency: 0.8441411831881851
Latency: 0.8325235231313854
Latency: 0.8405910979490727
Latency: 0.8425685961265117
Latency: 0.8424636009149253
Latency: 0.8474219560157508
Latency: 0.8468228031415492
Latency: 0.8507906270679086
Latency: 0.8333068881183863
Latency: 0.8545180968940258
Latency: 0.844013927038759
Latency: 0.8288817219436169
Latency: 0.8268002830445766
Latency: 0.8201060080900788
Latency: 0.8304219141136855
Latency: 0.815804067067802
Latency: 0.8309274821076542
Latency: 0.834157845005393
Latency: 0.8364453790709376
Latency: 0.8372731951531023
Latency: 0.852987501071766
Latency: 0.8315054220147431
Latency: 0.8513229168020189
Latency: 0.8481929879635572
Latency: 0.8467769098933786
Latency: 0.8540760478936136
Latency: 0.8451926140114665
Latency: 0.8265991068910807
Latency: 0.8474404788576066
Latency: 0.8351753600873053
Latency: 0.8274825389962643
Latency: 0.8281806979794055
Latency: 0.8408850561827421
Latency: 0.8468794580549002
Latency: 0.8494970540050417
Latency: 0.8369541061110795
Latency: 0.8382212358992547
Latency: 0.8398915030993521
Latency: 0.83479675790295
Latency: 0.8444603488314897
Latency: 0.8492530500516295
Latency: 0.841054012067616
Latency: 0.8408994770143181
Latency: 0.8332345639355481
Latency: 0.8433858810458332
Latency: 0.8386169008444995
Latency: 0.8308913679793477
Latency: 0.8359137699007988
Latency: 0.8307169028557837
Latency: 0.8497993799392134
Latency: 0.844294578069821
Latency: 0.8392785668838769
Latency: 0.8271707601379603
Latency: 0.832963490858674
Latency: 0.82476621796377
Latency: 0.8346480410546064
Latency: 0.8572128801606596
Latency: 0.8602645881474018
Latency: 0.8211532020941377
Latency: 0.8294122039806098
Latency: 0.8311314440798014
Latency: 0.8382082108873874
Latency: 0.8332630710210651
Latency: 0.8424528469331563
Latency: 0.83847457007505
Latency: 0.83988320780918
Latency: 0.8335351089481264
Latency: 0.8323323561344296
Latency: 0.8370893797837198
Latency: 0.8531387969851494
Latency: 0.8586151238996536
Latency: 0.8224662127904594
Latency: 0.8350111790932715
Latency: 0.843811108963564
Latency: 0.8385076900012791
Latency: 0.8357442361302674
Latency: 0.8372462920378894
Latency: 0.8397544759791344
Latency: 0.8446542059537023
Latency: 0.8385665779933333
Latency: 0.8299888900946826
Latency: 0.8349677980877459
Latency: 0.8421682131011039
Latency: 0.824797092936933
Latency: 0.8296660950873047
Latency: 0.8434449010528624
Latency: 0.8385254661552608
Latency: 0.8638542131520808
Latency: 0.8329829059075564
Latency: 0.847400221042335
