Latency: 1.0193962149787694
Latency: 1.0348919020034373
Latency: 1.0295837770681828
Latency: 1.0357046129647642
Latency: 1.0529535408131778
Latency: 1.0440449807792902
Latency: 1.0392999451141804
Latency: 1.042279307032004
Latency: 1.069959277054295
Latency: 1.0685395810287446
Latency: 1.0694652800448239
Latency: 1.0681884929072112
Latency: 1.0707306531257927
Latency: 1.067855406086892
Latency: 1.0518653742037714
Latency: 1.069708646973595
Latency: 1.0610509528778493
Latency: 1.0588461980223656
Latency: 1.0618220861069858
Latency: 1.0709060030058026
Latency: 1.0740761100314558
Latency: 1.0697373570874333
Latency: 1.0830229320563376
Latency: 1.1100411149673164
Latency: 1.0804063479881734
Latency: 1.093242045957595
Latency: 1.1019909668248147
Latency: 1.1192124199587852
Latency: 1.1208858881145716
Latency: 1.100807867012918
Latency: 1.1201089688111097
Latency: 1.0995346568524837
Latency: 1.1035724389366806
Latency: 1.1315986909903586
Latency: 1.1174501220230013
Latency: 1.1035167439840734
Latency: 1.1246719399932772
Latency: 1.1131872658152133
Latency: 1.1201333429198712
Latency: 1.1358782190363854
Latency: 1.1437031580135226
Latency: 1.1443332300987095
Latency: 1.1357741612009704
Latency: 1.1342947729863226
Latency: 1.1435088401194662
Latency: 1.1512087860610336
Latency: 1.1577455271035433
Latency: 1.1366886491887271
Latency: 1.1440933451522142
Latency: 1.1461225878447294
Latency: 1.1600106579717249
Latency: 1.1375972169917077
Latency: 1.1505594870541245
Latency: 1.1522487008478492
Latency: 1.146282582078129
Latency: 1.1463765900116414
Latency: 1.163241660920903
Latency: 1.1751967531163245
Latency: 1.1738798129372299
Latency: 1.174788875039667
Latency: 1.1802613351028413
Latency: 1.1743254291359335
Latency: 1.175139679107815
Latency: 1.1689277458935976
Latency: 1.1589189642108977
Latency: 1.1653453409671783
Latency: 1.1803789869882166
Latency: 1.170482881134376
Latency: 1.1826502881012857
Latency: 1.1680198139511049
Latency: 1.1943114020396024
Latency: 1.1774296138901263
Latency: 1.1984880180098116
Latency: 1.1801371478941292
Latency: 1.2072323369793594
Latency: 1.1978850250598043
Latency: 1.2107879049144685
Latency: 1.2108149949926883
Latency: 1.2167275079991668
Latency: 1.199245911091566
Latency: 1.2023401279002428
Latency: 1.2186330410186201
Latency: 1.2250420439522713
Latency: 1.2267011359799653
Latency: 1.2152244739700109
Latency: 1.2319275180343539
Latency: 1.2237050831317902
Latency: 1.210858775069937
Latency: 1.2329813290853053
Latency: 1.2141010959167033
Latency: 1.2173857830930501
Latency: 1.2174897431395948
Latency: 1.2431723750196397
Latency: 1.2459531670901924
Latency: 1.2416719100438058
Latency: 1.2477477048523724
Latency: 1.2298847860656679
Latency: 1.2553429978433996
Latency: 1.2342117740772665
Latency: 1.238517293939367
Latency: 1.2573611319530755
Latency: 1.250569973140955
Latency: 1.2486414730083197
Latency: 1.247465404914692
Latency: 1.251856679096818
Latency: 1.2565571400336921
Latency: 1.2490120409056544
Latency: 1.2616721037775278
Latency: 1.2515609601978213
Latency: 1.2657270890194923
Latency: 1.271540038054809
Latency: 1.2536556199193
Latency: 1.2536658821627498
Latency: 1.277931259945035
Latency: 1.2811475198250264
Latency: 1.2802816440816969
Latency: 1.2651491109281778
Latency: 1.2947718421928585
Latency: 1.2919679048936814
Latency: 1.2883969540707767
Latency: 1.2803786320146173
Latency: 1.299290921073407
Latency: 1.283914775121957
Latency: 1.2785759340040386
Latency: 1.2869042549282312
Latency: 1.2987359340768307
Latency: 1.291705876821652
Latency: 1.2904222540091723
Latency: 0.8729239639360458
Latency: 0.8844475131481886
Latency: 0.8918188121169806
Latency: 0.9068613150157034
Latency: 0.9072464751079679
Latency: 0.9050602279603481
Latency: 0.9119498170912266
Latency: 0.9147742979694158
Latency: 0.9189328469801694
Latency: 0.9195216931402683
Latency: 0.9270297861658037
Latency: 0.9301055201794952
Latency: 0.915618039900437
Latency: 0.9192091969307512
Latency: 0.9293047289829701
Latency: 0.9191669360734522
Latency: 0.9276047931052744
Latency: 0.9217353439889848
Latency: 0.9402287269476801
Latency: 0.9101441011298448
Latency: 0.9194670710712671
Latency: 0.9413926498964429
Latency: 0.9262981738429517
Latency: 0.9426318898331374
Latency: 0.9535734539385885
Latency: 0.9295673640444875
Latency: 0.927929355064407
Latency: 0.929126548813656
Latency: 0.9320661181118339
Latency: 0.9386023890692741
Latency: 0.9331739121116698
Latency: 0.9278004469815642
Latency: 0.9468747570645064
Latency: 0.9495027961675078
Latency: 0.9427856570109725
Latency: 0.9659936148673296
Latency: 0.9552150210365653
Latency: 0.9543587979860604
Latency: 0.9590138259809464
Latency: 0.9587703698780388
Latency: 0.9574917301069945
Latency: 0.9609545348212123
Latency: 0.9506340608932078
Latency: 0.955732136964798
Latency: 0.9608454019762576
Latency: 0.9652451120782644
Latency: 0.9564023069106042
Latency: 0.9746672168839723
Latency: 0.9722821810282767
Latency: 0.972042293054983
Latency: 0.9737675781361759
Latency: 0.9777612970210612
Latency: 0.9831341260578483
Latency: 0.9767164029181004
Latency: 0.9743891290854663
Latency: 0.9796544990967959
Latency: 0.9718270010780543
Latency: 0.9693960761651397
Latency: 0.983627141918987
Latency: 0.9736992309335619
Latency: 0.9764548360835761
Latency: 0.9906150619499385
Latency: 0.9783476660959423
Latency: 0.9909796549472958
Latency: 0.9955736689735204
Latency: 0.9891861688811332
Latency: 0.9943952760659158
Latency: 0.99996009003371
Latency: 0.9963927690405399
Latency: 0.9940082470420748
Latency: 0.991254388121888
Latency: 0.9975274889729917
Latency: 1.0015509419608861
Latency: 1.0093452918808907
Latency: 0.9893448951188475
Latency: 1.009501897962764
Latency: 1.0139917959459126
Latency: 1.0030870479531586
Latency: 1.0195636509452015
Latency: 1.01910815294832
Latency: 1.0032556429505348
Latency: 1.018064227886498
Latency: 1.0224367110058665
Latency: 1.0067992929834872
Latency: 1.0276456258725375
Latency: 0.9995233949739486
Latency: 1.0225240769796073
Latency: 1.0156306431163102
Latency: 1.0263833629433066
Latency: 1.0309389219619334
Latency: 1.0296596840489656
Latency: 1.0207099369727075
Latency: 1.000613444019109
Latency: 1.0210183269809932
Latency: 1.010465094121173
Latency: 1.0407766920980066
Latency: 1.016903880983591
Latency: 1.0154073610901833
Latency: 1.0258204860147089
Latency: 1.0103036910295486
Latency: 1.0184210101142526
Latency: 1.0380494419950992
Latency: 1.001501086866483
Latency: 1.0291820468846709
Latency: 1.0201358220074326
Latency: 1.0304422620683908
Latency: 1.0223601660691202
Latency: 1.0315884661395103
Latency: 1.0024669819977134
Latency: 1.0262400091160089
Latency: 1.0536321680992842
Latency: 0.9938912219367921
Latency: 1.025601905072108
Latency: 1.0045180229935795
Latency: 1.0404156430158764
Latency: 1.0143593379762024
Latency: 1.0319549669511616
Latency: 1.0200494059827179
Latency: 1.0383254589978606
Latency: 1.0210920250974596
Latency: 1.0353792270179838
Latency: 1.0166837710421532
Latency: 1.042587072122842
Latency: 1.0169323571026325
Latency: 1.0214814571663737
Latency: 1.0219440199434757
Latency: 1.023302812129259
Latency: 1.0324741930235177
Latency: 0.83733069896698
Latency: 0.839935690863058
Latency: 0.8486827278975397
Latency: 0.923006515018642
Latency: 0.9278010728303343
Latency: 0.9350327821448445
Latency: 0.8926748961675912
Latency: 0.9380402870010585
Latency: 0.9231890209484845
Latency: 0.9267840730026364
Latency: 0.9485574071295559
Latency: 0.9534679150674492
Latency: 0.9437572739552706
Latency: 0.9426293121650815
Latency: 0.9515313589945436
Latency: 0.9512572102248669
Latency: 0.9172429610043764
Latency: 0.9111379699315876
Latency: 0.9121947661042213
Latency: 0.9110614340752363
Latency: 0.9128006871324033
Latency: 0.9205482378602028
Latency: 0.9357352119404823
Latency: 0.9275387011002749
Latency: 0.9463481127750129
Latency: 0.9300876159686595
Latency: 0.9231881841551512
Latency: 0.929527741856873
Latency: 0.9398474518675357
Latency: 0.9408923359587789
Latency: 0.937866531079635
Latency: 0.9373069850262254
Latency: 0.9413060802035034
Latency: 0.9291601129807532
Latency: 0.9490899271331728
Latency: 0.9550953949801624
Latency: 0.9485348740126938
Latency: 0.9452385571785271
Latency: 0.9467702358961105
Latency: 0.9549409670289606
Latency: 0.9586749831214547
Latency: 0.9592262669466436
Latency: 0.9615946440026164
Latency: 0.9611565999221057
Latency: 0.9534561589825898
Latency: 0.9599397508427501
Latency: 0.9633024060167372
Latency: 0.9644038320984691
Latency: 0.955878420965746
Latency: 0.9580384499859065
Latency: 0.9607656272128224
Latency: 0.9697662030812353
Latency: 0.968289673794061
Latency: 0.9784644460305572
Latency: 0.9770061031449586
Latency: 0.9783460139296949
Latency: 0.975298116914928
Latency: 0.9769697650335729
Latency: 0.9804969180840999
Latency: 0.9719631508924067
Latency: 0.9835834898985922
Latency: 0.9880456810351461
Latency: 0.9849522770382464
Latency: 0.9845263818278909
Latency: 0.991858079098165
Latency: 0.9893871790263802
Latency: 0.9866312241647393
Latency: 0.9864089728798717
Latency: 0.9983596717938781
Latency: 0.9808563869446516
Latency: 0.9993715339805931
Latency: 0.9627374380361289
Latency: 0.990113380830735
Latency: 0.9947740030474961
Latency: 1.0108381630852818
Latency: 1.0052024170290679
Latency: 0.9678627669345587
Latency: 1.0139304008334875
Latency: 1.0132822978775948
Latency: 1.0119873899966478
Latency: 1.009600275196135
Latency: 1.0157158239744604
Latency: 0.9848449970595539
Latency: 1.0141776278614998
Latency: 1.0324801639653742
Latency: 1.01655367994681
Latency: 0.9839073268231004
Latency: 1.0193589290138334
Latency: 1.0315683030057698
Latency: 1.0086822879966348
Latency: 1.0361645489465445
Latency: 1.0043397978879511
Latency: 1.034854416968301
Latency: 1.0472382889129221
Latency: 1.0462925601750612
Latency: 1.0232674120925367
Latency: 1.0155405579134822
Latency: 1.0238306759856641
Latency: 1.0286274149548262
Latency: 1.010478749172762
Latency: 1.058903323020786
Latency: 1.0472505211364478
Latency: 1.0524721059482545
Latency: 1.0392368528991938
Latency: 1.0353132330346853
Latency: 1.0168469839263707
Latency: 1.013079043943435
Latency: 1.0379866790026426
Latency: 0.9999272089917213
Latency: 1.020078731002286
Latency: 1.0143988840281963
Latency: 1.0050280911382288
Latency: 1.029104090994224
Latency: 1.0028605090919882
Latency: 1.0123822081368417
Latency: 1.0046768030151725
Latency: 1.028087517945096
Latency: 1.0185942500829697
Latency: 1.0117850448004901
Latency: 1.0273661380633712
Latency: 1.012358277104795
Latency: 1.029199852142483
Latency: 1.0169594958424568
Latency: 1.0282863171305507
Latency: 1.0232985608745366
Latency: 1.0323221189901233
Latency: 1.0157797881402075
Latency: 1.0684054710436612
Latency: 0.8672678668517619
Latency: 0.8682660369668156
Latency: 0.8739275659900159
Latency: 0.8428714969195426
Latency: 0.8474045069888234
Latency: 0.8362795261200517
Latency: 0.8557209959253669
Latency: 0.8593658960890025
Latency: 0.8490941079799086
Latency: 0.8544726490508765
Latency: 0.8570917390752584
Latency: 0.8629909288138151
Latency: 0.8560734819620848
Latency: 0.8554927569348365
Latency: 0.8429349560756236
Latency: 0.9020455270074308
Latency: 0.8758660801686347
Latency: 0.8850236050784588
Latency: 0.9183166371658444
Latency: 0.891815050970763
Latency: 0.9025568279903382
Latency: 0.9191815920639783
Latency: 0.8977269998285919
Latency: 0.881389892892912
Latency: 0.9000378160271794
Latency: 0.9073661710135639
Latency: 0.8925875800196081
Latency: 0.8923943168483675
Latency: 0.8983863377943635
Latency: 0.9255710220895708
Latency: 0.947473585838452
Latency: 0.9092874228954315
Latency: 0.9198324182070792
Latency: 0.9178800680674613
Latency: 0.9173810218926519
Latency: 0.9088135031051934
Latency: 0.9368637239094824
Latency: 0.9167239549569786
Latency: 0.909456066088751
Latency: 0.9216884418856353
Latency: 0.9221135601401329
Latency: 0.9241446831729263
Latency: 0.9235948610585183
Latency: 0.9283795759547502
Latency: 0.9282228429801762
Latency: 0.9336909160483629
Latency: 0.9141323000658303
Latency: 0.9266017579939216
Latency: 0.9245405320543796
Latency: 0.9296504941303283
Latency: 0.9269147089216858
Latency: 0.929091296158731
Latency: 0.9282954009249806
Latency: 0.927326693199575
Latency: 0.9346568188630044
Latency: 0.9320708911400288
Latency: 0.9415831561200321
Latency: 0.938728375127539
Latency: 0.9444677829742432
Latency: 0.9371016209479421
Latency: 0.94652971602045
Latency: 0.9341924448963255
Latency: 0.9452983899973333
Latency: 0.9541987699922174
Latency: 0.9503617461305112
Latency: 0.9577463869936764
Latency: 0.9444960940163583
Latency: 0.9554894708562642
Latency: 0.9593648230656981
Latency: 0.9394488830585033
Latency: 0.9606458679772913
Latency: 0.9316221349872649
Latency: 0.978161646053195
Latency: 0.9564375670161098
Latency: 0.9556205959524959
Latency: 0.9664519219659269
Latency: 0.9720921211410314
Latency: 0.963572857901454
Latency: 0.9683491848409176
Latency: 0.9695473359897733
Latency: 0.9749506460502744
Latency: 0.9597180690616369
Latency: 0.975176426814869
Latency: 0.9871263368986547
Latency: 0.9341366649605334
Latency: 0.9467890050727874
Latency: 0.9908709649462253
Latency: 0.9752600009087473
Latency: 0.974737806012854
Latency: 0.9825465721078217
Latency: 0.9569540431257337
Latency: 0.9913047428708524
Latency: 0.9703085119836032
Latency: 0.9664479449857026
Latency: 0.9726960419211537
Latency: 1.0089141139760613
Latency: 0.9612413591239601
Latency: 1.0042527159675956
Latency: 0.9928309570532292
Latency: 1.016908355988562
Latency: 0.9879868598654866
Latency: 0.9746957949828357
Latency: 0.9900585298892111
Latency: 0.9878200409002602
Latency: 0.9666456270497292
Latency: 0.9707544799894094
Latency: 0.9635283851530403
Latency: 0.977311615133658
Latency: 0.9742900598794222
Latency: 0.9795896150171757
Latency: 0.9730287708807737
Latency: 0.9826285699382424
Latency: 0.9737496708985418
Latency: 0.97996561601758
Latency: 0.9918766878545284
Latency: 0.9854091580491513
Latency: 0.9528350289911032
Latency: 0.9704091830644757
Latency: 0.9795310199260712
Latency: 0.9796356989536434
Latency: 0.9796917301137
Latency: 0.9764663220848888
Latency: 0.9643338969908655
Latency: 0.9937302579637617
Latency: 0.9772308229003102
Latency: 0.9776960120070726
Latency: 0.9219679988455027
Latency: 0.992264443077147
Latency: 0.9106030829716474
Latency: 0.9251189979258925
Latency: 0.9206594820134342
Latency: 0.9033778239972889
Latency: 0.8823887549806386
Latency: 0.8780284819658846
Latency: 0.8871677911374718
Latency: 0.8896158661227673
Latency: 0.8926020560320467
Latency: 0.8896834319457412
Latency: 0.9060510338749737
Latency: 0.8884410429745913
Latency: 0.9224031809717417
Latency: 0.8808219621423632
Latency: 0.8594738577958196
Latency: 0.8546194459777325
Latency: 0.9047406031750143
Latency: 0.8910537920892239
Latency: 0.861550287110731
Latency: 0.8809461039490998
Latency: 0.8827399851288646
Latency: 0.8599848200101405
Latency: 0.8710907131899148
Latency: 0.8755095140077174
Latency: 0.8774659410119057
Latency: 0.8701861680019647
Latency: 0.8754228320904076
Latency: 0.8786175788845867
Latency: 0.8866798158269376
Latency: 0.874201213940978
Latency: 0.8856841258239001
Latency: 0.8815447119995952
Latency: 0.8538732589222491
Latency: 0.8801396929193288
Latency: 0.8807019509840757
Latency: 0.872392016928643
Latency: 0.8787842490710318
Latency: 0.8855109929572791
Latency: 0.8601086100097746
Latency: 0.8540212570223957
Latency: 0.8917004489339888
Latency: 0.8641142728738487
Latency: 0.8745215199887753
Latency: 0.8730375929735601
Latency: 0.8617735840380192
Latency: 0.864001682959497
Latency: 0.8785179888363928
Latency: 0.8614605369511992
Latency: 0.8842596961185336
Latency: 0.8671089138370007
Latency: 0.8819491758476943
Latency: 0.8969301751349121
Latency: 0.8688377591315657
Latency: 0.8881640201434493
Latency: 0.8960002879612148
Latency: 0.8853396088816226
Latency: 0.8969988380558789
Latency: 0.9021991540212184
Latency: 0.9000624029431492
Latency: 0.8963520410470665
Latency: 0.9043423689436167
Latency: 0.8960170899517834
Latency: 0.9109389188233763
Latency: 0.9013455989770591
Latency: 0.9023561121430248
Latency: 0.9220161100383848
Latency: 0.9149305620230734
Latency: 0.9203694220632315
Latency: 0.9151500349398702
Latency: 0.9193979168776423
Latency: 0.9237516238354146
Latency: 0.9162677940912545
Latency: 0.9209003911819309
Latency: 0.9395819220226258
Latency: 0.9391305439639837
Latency: 0.9404369620606303
Latency: 0.9300761150661856
Latency: 0.9337085478473455
Latency: 0.9305619960650802
Latency: 0.9558990939985961
Latency: 0.9375566670205444
Latency: 0.9344164568465203
Latency: 0.9296978749334812
Latency: 0.9295114839915186
Latency: 0.9474570769816637
Latency: 0.9445443048607558
Latency: 0.9394559531938285
Latency: 0.9132661579642445
Latency: 0.9279963010922074
Latency: 0.9420244079083204
Latency: 0.9495244629215449
Latency: 0.9604332300368696
Latency: 0.9561240079347044
Latency: 0.9427066268399358
Latency: 0.9377528510522097
Latency: 0.9394419740419835
Latency: 0.9682463221251965
Latency: 0.9679384059272707
Latency: 0.9745341979432851
Latency: 0.9431466800160706
Latency: 0.9465987300500274
Latency: 0.9340905519202352
Latency: 0.9508383718784899
Latency: 0.9421621100045741
Latency: 0.9627146059647202
Latency: 0.9434658109676093
Latency: 0.9461539171170443
Latency: 0.9683155899401754
Latency: 0.9424415270332247
Latency: 0.941740021109581
Latency: 0.9445170138496906
Latency: 0.9409609348513186
Latency: 0.9473849509377033
Latency: 0.9566376490984112
Latency: 0.9505574218928814
Latency: 0.9426825549453497
Latency: 0.9560400929767638
Latency: 0.9532375510316342
Latency: 0.9621332820970565
Latency: 0.950630160048604
Latency: 0.9410221048165113
Latency: 0.9421999379992485
Latency: 0.9509744609240443
Latency: 0.9474831621628255
Latency: 0.9525572319980711
Latency: 0.9457057048566639
Latency: 0.9618440200574696
Latency: 0.9672086131758988
Latency: 0.8624285459518433
Latency: 0.88298598700203
Latency: 0.877746107056737
Latency: 0.8132268521003425
Latency: 0.8689193499740213
Latency: 0.8325599899981171
Latency: 0.8434805988799781
Latency: 0.8205554562155157
Latency: 0.8483855971135199
Latency: 0.827416341053322
Latency: 0.8320685850922018
Latency: 0.8544798239599913
Latency: 0.8636517249979079
Latency: 0.8439194799866527
Latency: 0.8588440120220184
Latency: 0.8664215579628944
Latency: 0.8739186979364604
Latency: 0.8443987709470093
Latency: 0.8735574828460813
Latency: 0.8605907000601292
Latency: 0.8438079280313104
Latency: 0.8534760558977723
Latency: 0.8518500209320337
Latency: 0.8491510648746043
Latency: 0.855976675869897
Latency: 0.8528512269258499
Latency: 0.8404989722184837
Latency: 0.8610563138499856
Latency: 0.8622378811705858
Latency: 0.8645307500846684
Latency: 0.8714940880890936
Latency: 0.8740717559121549
Latency: 0.8726952150464058
Latency: 0.8704128789249808
Latency: 0.870104692177847
Latency: 0.8564550699666142
Latency: 0.8710248819552362
Latency: 0.8709743318613619
Latency: 0.8891687721479684
Latency: 0.8812335510738194
Latency: 0.8802340468391776
Latency: 0.8849932427983731
Latency: 0.8672230229713023
Latency: 0.8858359940350056
Latency: 0.89630540413782
Latency: 0.8988737040199339
Latency: 0.8992024441249669
Latency: 0.900404921034351
Latency: 0.9134386889636517
Latency: 0.9118475310970098
Latency: 0.9105895010288805
Latency: 0.9189122959505767
Latency: 0.922727765981108
Latency: 0.9411617610603571
Latency: 0.9410534061025828
Latency: 0.9532248550094664
Latency: 0.9326936530414969
Latency: 0.9555204219650477
Latency: 0.9464510348625481
Latency: 0.9523348200600594
Latency: 0.9205269180238247
Latency: 0.9185074139386415
Latency: 0.9406644718255848
Latency: 0.9391116900369525
Latency: 0.9071625920478255
Latency: 0.9182535379659384
Latency: 0.9560721090529114
Latency: 0.9283722438849509
Latency: 0.9507900800090283
Latency: 0.9284809010569006
Latency: 0.9203314499463886
Latency: 0.9322148009669036
Latency: 0.9623836511746049
Latency: 0.9493093660566956
Latency: 0.9296410009264946
Latency: 0.9328321809880435
Latency: 0.942834340967238
Latency: 0.9456260679289699
Latency: 0.954643415985629
Latency: 0.9289867309853435
Latency: 0.9365957698319107
Latency: 0.9497784359846264
Latency: 0.9473211760632694
Latency: 0.9367483370006084
Latency: 0.950788663001731
Latency: 0.9542816211469471
Latency: 0.9336496330797672
Latency: 0.9628810440190136
Latency: 0.9383945621084422
Latency: 0.9641504748724401
Latency: 0.9698628589976579
Latency: 0.953368416056037
Latency: 0.967616266803816
Latency: 0.9547743131406605
Latency: 0.9459432950243354
Latency: 0.9928443189710379
Latency: 0.932711933972314
Latency: 0.9426283149514347
Latency: 0.9529887039680034
Latency: 0.9531098811421543
Latency: 0.924608106026426
Latency: 0.9485453369561583
Latency: 0.9848900970537215
Latency: 0.962340465048328
Latency: 0.9889016749802977
Latency: 0.9514463930390775
Latency: 0.9602405480109155
Latency: 0.9473912329412997
Latency: 0.9397748589981347
Latency: 0.9635693819727749
Latency: 0.9507047149818391
Latency: 0.9750634538941085
Latency: 0.9878858358133584
Latency: 0.9692170161288232
Latency: 0.9332313179038465
Latency: 0.9599508771207184
Latency: 0.9849601360037923
Latency: 0.9690264328382909
Latency: 0.932950354879722
Latency: 0.9505359081085771
Latency: 0.9564602850005031
Latency: 0.9735846519470215
Latency: 0.9732377221807837
Latency: 0.9830101318657398
Latency: 0.9552054500672966
Latency: 0.965745845111087
Latency: 0.9785616360604763
Latency: 0.9507379978895187
Latency: 0.9027444729581475
Latency: 0.9105044598691165
Latency: 0.9095234910491854
Latency: 0.8273905459791422
Latency: 0.8306522970087826
Latency: 0.8281354799401015
Latency: 0.8292734820861369
Latency: 0.8446816869545728
Latency: 0.8336415959056467
Latency: 0.845232698135078
Latency: 0.8374961419031024
Latency: 0.8327966369688511
Latency: 0.8415567178744823
Latency: 0.8394231691490859
Latency: 0.8440594309940934
Latency: 0.8398792329244316
Latency: 0.8478425559587777
Latency: 0.8460708078928292
Latency: 0.8564617659430951
Latency: 0.8518704671878368
Latency: 0.8556234641000628
Latency: 0.8586273810360581
Latency: 0.8615838210098445
Latency: 0.8605344770476222
Latency: 0.8502623080275953
Latency: 0.8673690219875425
Latency: 0.8647972999606282
Latency: 0.8422308720182627
Latency: 0.8507414790801704
Latency: 0.8532528900541365
Latency: 0.8762990930117667
Latency: 0.8644769610837102
Latency: 0.880669787991792
Latency: 0.8612024639733136
Latency: 0.8653500329237431
Latency: 0.8809770289808512
Latency: 0.880723305977881
Latency: 0.8725926009938121
Latency: 0.8741537209134549
Latency: 0.8738797660917044
Latency: 0.8771788440644741
Latency: 0.8791044580284506
Latency: 0.8808165430091321
Latency: 0.8797074779868126
Latency: 0.8742264669854194
Latency: 0.8745325170457363
Latency: 0.8682057179976255
Latency: 0.8609301189426333
Latency: 0.8847441608086228
Latency: 0.8883968370500952
Latency: 0.8606896428391337
Latency: 0.885558748152107
Latency: 0.8707110900431871
Latency: 0.8707365288864821
Latency: 0.8772782520391047
Latency: 0.870533904992044
Latency: 0.8709016961511225
Latency: 0.8755560680292547
Latency: 0.8851931849494576
Latency: 0.8651290249545127
Latency: 0.8733993819914758
Latency: 0.899123840034008
Latency: 0.8867987820412964
Latency: 0.8749819030053914
Latency: 0.8949637159239501
Latency: 0.8877211529761553
Latency: 0.8925028999801725
Latency: 0.9102666869293898
Latency: 0.8998020051512867
Latency: 0.9145768519956619
Latency: 0.8789444749709219
Latency: 0.9055258091539145
Latency: 0.9052562979049981
Latency: 0.9250778511632234
Latency: 0.8822054080665112
Latency: 0.9180771680548787
Latency: 0.8867610420566052
Latency: 0.9283393020741642
Latency: 0.8839454250410199
Latency: 0.8969598810654134
Latency: 0.8942354740574956
Latency: 0.8941271400544792
Latency: 0.9035454930271953
Latency: 0.8988257308956236
Latency: 0.9075732009951025
Latency: 0.8920163158327341
Latency: 0.9150280840694904
Latency: 0.9069573669694364
Latency: 0.9185966770164669
Latency: 0.9004415040835738
Latency: 0.8987403349019587
Latency: 0.9060778748244047
Latency: 0.9112106850370765
Latency: 0.9300195071846247
Latency: 0.8984179061371833
Latency: 0.9151921458542347
Latency: 0.9106378809083253
Latency: 0.9235761309973896
Latency: 0.9095379069913179
Latency: 0.9192894028965384
Latency: 0.9057236481457949
Latency: 0.906183511018753
Latency: 0.919674971839413
Latency: 0.9028163789771497
Latency: 0.9090710179880261
Latency: 0.9113460159860551
Latency: 0.918628745013848
Latency: 0.8988336380571127
Latency: 0.9332874391693622
Latency: 0.9116374969016761
Latency: 0.9006498600356281
Latency: 0.8870342501904815
Latency: 0.9348721799906343
Latency: 0.9254049349110574
Latency: 0.8909114468842745
Latency: 0.9004710258450359
Latency: 0.913086811080575
Latency: 0.8896979540586472
Latency: 0.9041867610067129
Latency: 0.9116473509930074
Latency: 0.943560509942472
Latency: 0.9429594669491053
Latency: 0.9054018850438297
Latency: 0.9079635259695351
Latency: 0.9067601719871163
Latency: 0.9092564471065998
Latency: 0.9545471470337361
Latency: 0.9136825790628791
Latency: 0.8839181438088417
Latency: 0.8860678330529481
Latency: 0.870519599178806
Latency: 0.8427051440812647
Latency: 0.8337793769314885
Latency: 0.8387598032131791
Latency: 0.8488877429626882
Latency: 0.8606632628943771
Latency: 0.847545012133196
Latency: 0.8690026730764657
Latency: 0.8445099180098623
Latency: 0.8675704910419881
Latency: 0.8561739360447973
Latency: 0.8654477461241186
Latency: 0.870241547934711
Latency: 0.8592678420245647
Latency: 0.867467142874375
Latency: 0.8606531289406121
Latency: 0.8724407341796905
Latency: 0.8645983980968595
Latency: 0.8539793810341507
Latency: 0.8887087840121239
Latency: 0.8769510667771101
Latency: 0.8516878609079868
Latency: 0.8652139510959387
Latency: 0.8704554259311408
Latency: 0.8493154540192336
Latency: 0.8895924701355398
Latency: 0.8502175491303205
Latency: 0.8630619880277663
Latency: 0.8481455151923001
Latency: 0.877714806003496
Latency: 0.8674501259811223
Latency: 0.873006422072649
Latency: 0.86750103905797
Latency: 0.8468238560017198
Latency: 0.8485322240740061
Latency: 0.8636410399340093
Latency: 0.859036257956177
Latency: 0.8587039869744331
Latency: 0.8515346278436482
Latency: 0.8574690539389849
Latency: 0.867264430038631
Latency: 0.8727433220483363
Latency: 0.8668001319747418
Latency: 0.8612834338564426
Latency: 0.8865685190539807
Latency: 0.8687488820869476
Latency: 0.889771455200389
Latency: 0.8686848219949752
Latency: 0.8854336820077151
Latency: 0.8363567611668259
Latency: 0.8482361289206892
Latency: 0.8695552789140493
Latency: 0.8754827878437936
Latency: 0.8414381789043546
Latency: 0.8628222499974072
Latency: 0.8587556849233806
Latency: 0.8589878128841519
Latency: 0.8472680400591344
Latency: 0.8574680299498141
Latency: 0.8679640349000692
Latency: 0.8713728010188788
Latency: 0.8595722909085453
Latency: 0.8430747708771378
Latency: 0.8514049139339477
Latency: 0.8298112109769136
Latency: 0.8695162180811167
Latency: 0.8548565348610282
Latency: 0.8480307678692043
Latency: 0.8560257731005549
Latency: 0.8628630579914898
Latency: 0.8651837930083275
Latency: 0.8853776811156422
Latency: 0.8462738699745387
Latency: 0.8817984280176461
Latency: 0.8826952208764851
Latency: 0.8644539921078831
Latency: 0.8644138108938932
Latency: 0.8768186890520155
Latency: 0.9025866501033306
Latency: 0.8903193771839142
Latency: 0.9009968738537282
Latency: 0.8987792048137635
Latency: 0.9134788010269403
Latency: 0.9137864399235696
Latency: 0.8974021407775581
Latency: 0.9022349999286234
Latency: 0.9201229270547628
Latency: 0.8955674329772592
Latency: 0.9150066149886698
Latency: 0.8926683019381016
Latency: 0.9004453669767827
Latency: 0.9005234169308096
Latency: 0.8921395419165492
Latency: 0.9087533869314939
Latency: 0.9185289549641311
Latency: 0.9085638718679547
Latency: 0.9338186371605843
Latency: 0.9068514378741384
Latency: 0.9029646660201252
Latency: 0.9129089489579201
Latency: 0.9313475938979536
Latency: 0.9235328680370003
Latency: 0.8763744391035289
Latency: 0.8655278510414064
Latency: 0.8733189639169723
Latency: 0.8678556340746582
Latency: 0.8765527720097452
Latency: 0.8745148659218103
Latency: 0.8750738890375942
Latency: 0.881927059032023
Latency: 0.8843231338541955
Latency: 0.8846493931487203
Latency: 0.8881087780464441
Latency: 0.8942811251617968
Latency: 0.8893736400641501
Latency: 0.9037971068173647
Latency: 0.9040593628305942
Latency: 0.9053678880445659
Latency: 0.9042048340197653
Latency: 0.9054868679959327
Latency: 0.9092119350098073
Latency: 0.9197979378513992
Latency: 0.8967497139237821
Latency: 0.9104978770483285
Latency: 0.8966651041992009
Latency: 0.920776522019878
Latency: 0.8887077961117029
Latency: 0.8612518650479615
Latency: 0.899322398006916
Latency: 0.8672078689560294
Latency: 0.9068316139746457
Latency: 0.8938075418118387
Latency: 0.8957542590796947
Latency: 0.8959287949837744
Latency: 0.8844454430509359
Latency: 0.8677408881485462
Latency: 0.8721241040620953
Latency: 0.8807826421689242
Latency: 0.8598384810611606
Latency: 0.8471399119589478
Latency: 0.8613158301450312
Latency: 0.8539273259229958
Latency: 0.8584467831533402
Latency: 0.8589380120392889
Latency: 0.8678616899996996
Latency: 0.873401605989784
Latency: 0.871228541014716
Latency: 0.8763641689438373
Latency: 0.8848621209617704
Latency: 0.869652217021212
Latency: 0.8631930758710951
Latency: 0.8707942860201001
Latency: 0.872456040000543
Latency: 0.8523014499805868
Latency: 0.8713547340594232
Latency: 0.9182553379796445
Latency: 0.9390989930834621
Latency: 0.925768073881045
Latency: 0.9484044848941267
Latency: 0.9299483271315694
Latency: 0.87042436003685
Latency: 0.88270638207905
Latency: 0.8750761121045798
Latency: 0.8789031570777297
Latency: 0.8860802110284567
Latency: 0.8873910119291395
Latency: 0.8945444598793983
Latency: 0.8932230009231716
Latency: 0.8932875918690115
Latency: 0.8959997650235891
Latency: 0.8682178510352969
Latency: 0.8652576270978898
Latency: 0.8679222939535975
Latency: 0.9077880601398647
Latency: 0.8814277721103281
Latency: 0.8805246539413929
Latency: 0.8876535911113024
Latency: 0.8834965829737484
Latency: 0.8960175360552967
Latency: 0.9014527990948409
Latency: 0.9122254101093858
Latency: 0.8964016558602452
Latency: 0.9179815410170704
Latency: 0.9000501041300595
Latency: 0.9277088560629636
Latency: 0.903030927060172
Latency: 0.9155972041189671
Latency: 0.9385318290442228
Latency: 0.9162012508604676
Latency: 0.9140342809259892
Latency: 0.9154203811194748
Latency: 0.9177211241330951
Latency: 0.921451005153358
Latency: 0.9289725178387016
Latency: 0.9292251050937921
Latency: 0.9409764679148793
Latency: 0.9404819610062987
Latency: 0.948898300062865
Latency: 0.9393070440273732
Latency: 0.9423083239234984
Latency: 0.9542337241582572
Latency: 0.9548089031595737
Latency: 0.8839286051224917
Latency: 0.9044742090627551
Latency: 0.9006688469089568
Latency: 0.8823955690022558
Latency: 0.9005225468426943
Latency: 0.9617545090150088
Latency: 0.8906345299910754
Latency: 0.9047485711053014
Latency: 0.9785507039632648
Latency: 0.9777177241630852
Latency: 0.8965929341502488
Latency: 0.9094504481181502
Latency: 0.8915070320945233
Latency: 0.9009635720867664
Latency: 0.901211833814159
Latency: 0.913423985010013
Latency: 0.9053965939674526
Latency: 0.9224645628128201
Latency: 0.9018493581097573
Latency: 0.9335514970589429
Latency: 0.9043421261012554
Latency: 0.9161627208814025
Latency: 0.9244111881125718
Latency: 0.9188088460359722
Latency: 0.9289186960086226
Latency: 0.8867047938983887
Latency: 0.897357921814546
Latency: 0.9257192080840468
Latency: 0.918845321983099
Latency: 0.8984360659960657
Latency: 0.9112690959591419
Latency: 0.9279917341191322
Latency: 0.9019227821845561
Latency: 0.9141766459215432
Latency: 0.9260529158636928
Latency: 0.9198764518368989
Latency: 0.9176559809129685
Latency: 0.8930109718348831
Latency: 0.9193139488343149
Latency: 0.9075635659974068
Latency: 0.8875127541832626
Latency: 0.8858672650530934
Latency: 0.9079768541269004
Latency: 0.8963664029724896
Latency: 0.8878212019335479
Latency: 0.9042493579909205
Latency: 0.9008942190557718
Latency: 0.9036516500636935
Latency: 0.9047195930033922
Latency: 0.9093839970882982
Latency: 0.9328351258300245
Latency: 0.9203019710257649
Latency: 0.896351007046178
Latency: 0.8937930099200457
Latency: 0.9056953240651637
Latency: 0.901838504942134
Latency: 0.9171915471088141
Latency: 0.9167115408927202
Latency: 0.9243164430372417
Latency: 0.9119979550596327
Latency: 0.9266889689024538
Latency: 0.9171033080201596
Latency: 0.9159758740570396
Latency: 0.921210495987907
Latency: 0.9370620108675212
Latency: 0.8957526439335197
Latency: 0.9432021130342036
Latency: 0.9123287540860474
Latency: 0.9051516898907721
Latency: 0.9368585131596774
Latency: 0.926488732919097
Latency: 0.9262195830233395
Latency: 0.9456121949478984
Latency: 0.9268510940019041
Latency: 0.9169416909571737
Latency: 0.939173148944974
Latency: 0.9620864419266582
Latency: 0.9184108648914844
Latency: 0.9480971209704876
Latency: 0.9440780249424279
Latency: 0.9097432449925691
Latency: 0.9360621380619705
Latency: 0.8723045350052416
Latency: 0.9115261810366064
Latency: 0.8949542851187289
Latency: 0.8826505369506776
Latency: 0.8725332920439541
Latency: 0.8982273740693927
Latency: 0.9417624229099602
Latency: 0.9237706959247589
Latency: 0.8768821051344275
Latency: 0.9560828588437289
Latency: 0.8701240450609475
Latency: 0.9296645170543343
Latency: 0.9186973739415407
Latency: 0.9192124579567462
Latency: 0.8748447068501264
Latency: 0.9275958260986954
Latency: 0.8813950680196285
Latency: 0.8785332900006324
Latency: 0.8838061918504536
Latency: 0.8715266729705036
Latency: 0.8451815110165626
Latency: 0.8849696209654212
Latency: 0.9006182430312037
Latency: 0.8496047419030219
Latency: 0.8513390300795436
Latency: 0.8432398459408432
Latency: 0.8444901080802083
Latency: 0.8521837219595909
Latency: 0.8228871359024197
Latency: 0.8490122710354626
Latency: 0.8434100109152496
Latency: 0.8557881400920451
Latency: 0.8551009930670261
Latency: 0.8652666490525007
Latency: 0.8537638999987394
Latency: 0.8579372570384294
Latency: 0.8605928479228169
Latency: 0.8608533928636461
Latency: 0.8726402821484953
Latency: 0.8850669460371137
Latency: 0.8866407668683678
Latency: 0.8833160689100623
Latency: 0.8930286709219217
Latency: 0.904757531825453
Latency: 0.878977342043072
Latency: 0.8892337081488222
Latency: 0.8687807619571686
Latency: 0.8933143811300397
Latency: 0.9035943320486695
Latency: 0.8815504941157997
Latency: 0.8997270630206913
Latency: 0.8909627739340067
Latency: 0.8893068528268486
Latency: 0.8928001781459898
Latency: 0.8872630069963634
Latency: 0.8890150948427618
Latency: 0.894593192031607
Latency: 0.8982885971199721
Latency: 0.901420549955219
Latency: 0.9084990969859064
Latency: 0.9140028599649668
Latency: 0.9028104478493333
Latency: 0.9102109810337424
Latency: 0.9113347250968218
Latency: 0.9084414099343121
Latency: 0.9173668920993805
Latency: 0.9107844301033765
Latency: 0.9001403588335961
Latency: 0.904748905915767
Latency: 0.9091327318456024
Latency: 0.9267504001036286
Latency: 0.9180695849936455
Latency: 0.9107079920358956
Latency: 0.9246714329347014
Latency: 0.9280094970017672
Latency: 0.9338288709986955
Latency: 0.933768416987732
Latency: 0.9206778889056295
Latency: 0.9337218748405576
Latency: 0.9237932539545
Latency: 0.9308783928863704
Latency: 0.9474904499948025
Latency: 0.917718562996015
Latency: 0.9249493370298296
Latency: 0.920060332166031
Latency: 0.9214787390083075
Latency: 0.9355045910924673
Latency: 0.8996813849080354
Latency: 0.9043345460668206
Latency: 0.9405777200590819
Latency: 0.916524973930791
Latency: 0.8830570471473038
Latency: 0.9024498099461198
Latency: 0.8984247220214456
Latency: 0.9203672038856894
Latency: 0.9171144829597324
Latency: 0.9313916130922735
Latency: 0.9228860940784216
Latency: 0.9069071679841727
Latency: 0.9114750640001148
Latency: 0.9124419428408146
Latency: 0.9009817750193179
Latency: 0.8950234551448375
Latency: 0.8898764131590724
Latency: 0.91054951492697
Latency: 0.9107126309536397
Latency: 0.9291484078858048
Latency: 0.9319614470005035
Latency: 0.9438778820913285
Latency: 0.927427512826398
Latency: 0.9203014490194619
Latency: 0.9013020000420511
Latency: 0.920503559987992
Latency: 0.9248473739717156
Latency: 0.9071835861541331
Latency: 0.9250890340190381
Latency: 0.9276953560765833
Latency: 0.9073592079803348
Latency: 0.9108625629451126
Latency: 0.9316257028840482
Latency: 0.942525452002883
Latency: 0.9438199738506228
Latency: 0.9344243928790092
Latency: 0.9374650190584362
Latency: 0.9307286399416625
Latency: 0.9102316049393266
Latency: 0.91324596805498
Latency: 0.9040307670366019
Latency: 0.932351061142981
Latency: 0.9148090130183846
Latency: 0.9332995340228081
Latency: 0.9425043330993503
Latency: 0.9591929041780531
Latency: 0.9550116558093578
Latency: 0.8782644078601152
Latency: 0.8734027310274541
Latency: 0.8912249740678817
Latency: 0.8483427320607007
Latency: 0.8887429721653461
Latency: 0.8883538369555026
Latency: 0.8555962489917874
Latency: 0.8641678679268807
Latency: 0.8633093750104308
Latency: 0.8742458580527455
Latency: 0.8757246611639857
Latency: 0.9047243781387806
Latency: 0.866026844130829
Latency: 0.8617042419500649
Latency: 0.9015175618696958
Latency: 0.8692725491710007
Latency: 0.8824494709260762
Latency: 0.8788580950349569
Latency: 0.9125087240245193
Latency: 0.8792405577842146
Latency: 0.9114582389593124
Latency: 0.8851996269077063
Latency: 0.8745243039447814
Latency: 0.8676200588233769
Latency: 0.8696044110693038
Latency: 0.9411696379538625
Latency: 0.9400054831057787
Latency: 0.9438223878387362
Latency: 0.9436409180052578
Latency: 0.9527901438996196
Latency: 0.9517238698899746
Latency: 0.9375861890148371
Latency: 0.9442735461052507
Latency: 0.8908415080513805
Latency: 0.8837269109208137
Latency: 0.9003754130098969
Latency: 0.9157893960364163
Latency: 0.9017506071832031
Latency: 0.90904536889866
Latency: 0.8986140999477357
Latency: 0.9102499838918447
Latency: 0.9027077278587967
Latency: 0.9126410870812833
Latency: 0.9081752218771726
Latency: 0.9050954689737409
Latency: 0.921075456077233
Latency: 0.9290202718693763
Latency: 0.9266022148076445
Latency: 0.915001236833632
Latency: 0.9179745691362768
Latency: 0.9148901351727545
Latency: 0.9177376150619239
Latency: 0.919163407990709
Latency: 0.91677425801754
Latency: 0.9168945939745754
Latency: 0.9221959270071238
Latency: 0.9302907839883119
Latency: 0.9314612848684192
Latency: 0.924190561985597
Latency: 0.9256523388903588
Latency: 0.9346341448836029
Latency: 0.9357528451364487
Latency: 0.9341702489182353
Latency: 0.9258373430930078
Latency: 0.932861597975716
Latency: 0.9355428139679134
Latency: 0.9322624008636922
Latency: 0.9287804600317031
Latency: 0.9241314409300685
Latency: 0.9408680850174278
Latency: 0.9560305350460112
Latency: 0.9448569298256189
Latency: 0.9434190071187913
Latency: 0.9628941349219531
Latency: 0.9427783931605518
Latency: 0.9566579160746187
Latency: 0.967181762913242
Latency: 0.9828908829949796
Latency: 0.9487685628701001
Latency: 0.970018323045224
Latency: 0.9399837739765644
Latency: 0.9814092409797013
Latency: 0.989267144119367
Latency: 0.9533761870115995
Latency: 0.9652365001384169
Latency: 0.9594308419618756
Latency: 0.9903237330727279
Latency: 0.9759904129896313
Latency: 0.9441680260933936
Latency: 0.9373521611560136
Latency: 0.9465201769489795
Latency: 0.9871282419189811
Latency: 0.8512497621122748
Latency: 0.891311947023496
Latency: 0.9013817880768329
Latency: 0.8976463810540736
Latency: 0.897128168027848
Latency: 0.906479163095355
Latency: 0.8874493441544473
Latency: 0.8936585690826178
Latency: 0.8826037149410695
Latency: 0.8783888129983097
Latency: 0.8947311269585043
Latency: 0.8815831609535962
Latency: 0.8998596940655261
Latency: 0.8892980590462685
Latency: 0.9113807771354914
Latency: 0.9069747538305819
Latency: 0.9059629030525684
Latency: 0.9155066378880292
Latency: 0.9115384209435433
Latency: 0.9133121620398015
Latency: 0.9056002909783274
Latency: 0.9095994238741696
Latency: 0.8854521228931844
Latency: 0.9141506052110344
Latency: 0.9453616740647703
Latency: 0.9200350020546466
Latency: 0.8938899079803377
Latency: 0.9312952999025583
Latency: 0.9104698800947517
Latency: 0.9054472341667861
Latency: 0.9743742230348289
Latency: 0.9173729820176959
Latency: 0.8697449800092727
Latency: 0.8809813600964844
Latency: 0.8823751730378717
Latency: 0.8972068449947983
Latency: 0.8501843248959631
Latency: 0.848650355823338
Latency: 0.8508257351350039
Latency: 0.8685184489004314
Latency: 0.8541661819908768
Latency: 0.8538743651006371
Latency: 0.8709686808288097
Latency: 0.8585044140927494
Latency: 0.8708107050042599
Latency: 0.8694469688925892
Latency: 0.867954971967265
Latency: 0.8666545310989022
Latency: 0.8727794231381267
Latency: 0.8816872700117528
Latency: 0.8808897270355374
Latency: 0.8836462609469891
Latency: 0.8829524030443281
Latency: 0.8884210679680109
Latency: 0.8860826960299164
Latency: 0.8859291260596365
Latency: 0.8901619201060385
Latency: 0.8937638839706779
Latency: 0.8856466840952635
Latency: 0.8946088291704655
Latency: 0.8965082878712565
Latency: 0.8557216520421207
Latency: 0.8466166530270129
Latency: 0.8677133279852569
Latency: 0.8785460300277919
Latency: 0.8728888949844986
Latency: 0.8777564230840653
Latency: 0.884524499066174
Latency: 0.8831212390214205
Latency: 0.8858411950059235
Latency: 0.8770922950934619
Latency: 0.8756732628680766
Latency: 0.8744899509474635
Latency: 0.8910061540082097
Latency: 0.86492656217888
Latency: 0.8721522181294858
Latency: 0.8775217570364475
Latency: 0.8741799211129546
Latency: 0.8638868699781597
Latency: 0.8841675128787756
Latency: 0.8809001119807363
Latency: 0.8707622329238802
Latency: 0.8815544650424272
Latency: 0.8842192238662392
Latency: 0.8815192370675504
Latency: 0.8968472741544247
Latency: 0.88876410597004
Latency: 0.9006590370554477
Latency: 0.8917786851525307
Latency: 0.9128702499438077
Latency: 0.8954851338639855
Latency: 0.8896979349665344
Latency: 0.9030837260652333
Latency: 0.9112381448503584
Latency: 0.9154439340345562
Latency: 0.903766434872523
Latency: 0.8873492719139904
Latency: 0.9146861818153411
Latency: 0.9409720581024885
Latency: 0.9327245838940144
Latency: 0.9424462229944766
Latency: 0.96346765011549
Latency: 0.9235222728457302
Latency: 0.9028425950091332
Latency: 0.8958825988229364
Latency: 0.8881705228704959
Latency: 0.8986843780148774
Latency: 0.8911758621688932
Latency: 0.9014947270043194
Latency: 0.8966071838513017
Latency: 0.9035815370734781
Latency: 0.9046087141614407
Latency: 0.917546153999865
Latency: 0.9305046601220965
Latency: 0.9229885949753225
Latency: 0.929607103113085
Latency: 0.9408077099360526
Latency: 0.9161607020068914
Latency: 0.9334706631489098
Latency: 0.9369420330040157
Latency: 0.9391819150187075
Latency: 0.9174384940415621
Latency: 0.9526799640152603
Latency: 0.9102801049593836
Latency: 0.9627695358358324
Latency: 0.9636547160334885
Latency: 0.9215634190477431
Latency: 0.895551780005917
Latency: 0.856354464078322
Latency: 0.8310088140424341
Latency: 0.836924112867564
Latency: 0.8256317349150777
Latency: 0.8377183910924941
Latency: 0.8350274108815938
Latency: 0.8441949039697647
Latency: 0.8437220870982856
Latency: 0.8467304978985339
Latency: 0.8488506618887186
Latency: 0.8458277210593224
Latency: 0.8529711510054767
Latency: 0.8476635760162026
Latency: 0.8369671260006726
Latency: 0.8581539471633732
Latency: 0.8859095841180533
Latency: 0.8688081968575716
Latency: 0.8696090090088546
Latency: 0.8760414009448141
Latency: 0.8916050428524613
Latency: 0.8790873461402953
Latency: 0.8654271089471877
Latency: 0.8794097111094743
Latency: 0.907994173001498
Latency: 0.8951390020083636
Latency: 0.9109252640046179
Latency: 0.894384620944038
Latency: 0.9003034760244191
Latency: 0.8969951190520078
Latency: 0.8924540388397872
Latency: 0.9064242080785334
Latency: 0.8928308999165893
Latency: 0.9152012050617486
Latency: 0.8783291259314865
Latency: 0.8863818908575922
Latency: 0.9041663890238851
Latency: 0.8867103098891675
Latency: 0.8950032731518149
Latency: 0.8668518760241568
Latency: 0.8752307540271431
Latency: 0.8837949719745666
Latency: 0.857005309080705
Latency: 0.8795674829743803
Latency: 0.8973010729532689
Latency: 0.8758130772039294
Latency: 0.9010306820273399
Latency: 0.8785338751040399
Latency: 0.8787202159874141
Latency: 0.8913747949991375
Latency: 0.8914703300688416
Latency: 0.8900147220119834
Latency: 0.875977291027084
Latency: 0.8814836461097002
Latency: 0.8821528679691255
Latency: 0.8879197358619422
Latency: 0.900644632987678
Latency: 0.8940167329274118
Latency: 0.8938428871333599
Latency: 0.8974130109418184
Latency: 0.8823954029940069
Latency: 0.9210684329736978
Latency: 0.8669313099235296
Latency: 0.8718447329010814
Latency: 0.8656687068287283
Latency: 0.8665133840404451
Latency: 0.8937939978204668
Latency: 0.8834165690932423
Latency: 0.8682335461489856
Latency: 0.8501631319522858
Latency: 0.8708378078881651
Latency: 0.8582177739590406
Latency: 0.9033367619849741
Latency: 0.8963707881048322
Latency: 0.8735756808891892
Latency: 0.9070379910990596
Latency: 0.8718205788172781
Latency: 0.8677911460399628
Latency: 0.8971665480639786
Latency: 0.8609606008976698
Latency: 0.8912127069197595
Latency: 0.8782694111578166
Latency: 0.8766242731362581
Latency: 0.895861288998276
Latency: 0.8826997890137136
Latency: 0.8814962420146912
Latency: 0.8646201021037996
Latency: 0.8799911250825971
Latency: 0.8959034921135753
Latency: 0.8648807730060071
Latency: 0.8955822049174458
Latency: 0.8931126100942492
Latency: 0.8979467670433223
Latency: 0.8760849321261048
Latency: 0.8769435219001025
Latency: 0.896261053159833
Latency: 0.8845130880363286
Latency: 0.8647145659197122
Latency: 0.8906907939817756
Latency: 0.8610654110088944
Latency: 0.8588750511407852
Latency: 0.8590044321026653
Latency: 0.8546012439765036
Latency: 0.8512375401332974
Latency: 0.8552067480050027
Latency: 0.8664560290053487
Latency: 0.858480823924765
Latency: 0.8679024358280003
Latency: 0.8647918780334294
Latency: 0.8749711150303483
Latency: 0.8613870600238442
Latency: 0.8652451599482447
Latency: 0.8614882330875844
Latency: 0.8441744560841471
Latency: 0.8792949819471687
Latency: 0.8520684370305389
Latency: 0.8584037490654737
Latency: 0.8373245501425117
Latency: 0.83870988804847
Latency: 0.834425990935415
Latency: 0.8406165789347142
Latency: 0.8408126519061625
Latency: 0.8572492050006986
Latency: 0.8570669428445399
Latency: 0.8441134199965745
Latency: 0.8623139020055532
Latency: 0.8699621700216085
Latency: 0.8656622101552784
Latency: 0.8722394348587841
Latency: 0.8569416920654476
Latency: 0.8382908939383924
Latency: 0.8339654421433806
Latency: 0.8390785320661962
Latency: 0.8411090499721467
Latency: 0.8460651789791882
Latency: 0.8434061459265649
Latency: 0.8538536520209163
Latency: 0.8500164621509612
Latency: 0.8549846210516989
Latency: 0.8563086790964007
Latency: 0.8623713830020279
Latency: 0.8854371309280396
Latency: 0.8783297128975391
Latency: 0.9001646908000112
Latency: 0.9277439219877124
Latency: 0.9248194140382111
Latency: 0.9158208130393177
Latency: 0.9245387960691005
Latency: 0.9545143460854888
Latency: 0.8638264150358737
Latency: 0.8618682699743658
Latency: 0.8838379881344736
Latency: 0.8947604089044034
Latency: 0.9007980499882251
Latency: 0.8970764011610299
Latency: 0.9104563610162586
Latency: 0.9085102560929954
Latency: 0.890364418970421
Latency: 0.917836394160986
Latency: 0.8816226001363248
Latency: 0.9325818829238415
Latency: 0.9118647591676563
Latency: 0.9336058690678328
Latency: 0.9167248760350049
Latency: 0.958268275950104
Latency: 0.9142626230604947
Latency: 0.9117755219340324
Latency: 0.9447130649350584
Latency: 0.9206596510484815
Latency: 0.9348388509824872
Latency: 0.93829903495498
Latency: 0.9235926151741296
Latency: 0.957994672935456
Latency: 0.9242749470286071
Latency: 0.9610259619075805
Latency: 0.9579570791684091
Latency: 0.9396975180134177
Latency: 0.9776900140568614
Latency: 0.9827150339260697
Latency: 0.9459159050602466
Latency: 0.9320083709899336
Latency: 0.9717294489964843
Latency: 0.9496146070305258
Latency: 0.9472802190575749
Latency: 0.9546331958845258
Latency: 0.9342414368875325
Latency: 0.9314702339470387
Latency: 0.9405214011203498
Latency: 0.9047003830783069
Latency: 0.9395760840270668
Latency: 0.9108856031671166
Latency: 0.9382461090572178
Latency: 0.8699863702058792
Latency: 0.868866256903857
Latency: 0.8767985878512263
Latency: 0.8875384370330721
Latency: 0.8952491618692875
Latency: 0.9049912989139557
Latency: 0.8967253009323031
Latency: 0.8932201520074159
Latency: 0.9248992139473557
Latency: 0.9093681899830699
Latency: 0.870018974179402
Latency: 0.8992254768963903
Latency: 0.9200292949099094
Latency: 0.8879469519015402
Latency: 0.9277546401135623
Latency: 0.8849157439544797
Latency: 0.8988480339758098
Latency: 0.9113444779068232
Latency: 0.8985680008772761
Latency: 0.8777074611280113
Latency: 0.915272801881656
Latency: 0.9015549800824374
Latency: 0.9066041468176991
Latency: 0.8761798038613051
Latency: 0.9253863969352096
Latency: 0.906089236959815
Latency: 0.9210520859342068
Latency: 0.9104705569334328
Latency: 0.8914733720012009
Latency: 0.9476248919963837
Latency: 0.9147633439861238
Latency: 0.8840439089108258
Latency: 0.9474460929632187
Latency: 0.8996388050727546
Latency: 0.9453334389254451
Latency: 0.9105173780117184
Latency: 0.8920143251307309
Latency: 0.9556686840951443
Latency: 0.9527529089245945
Latency: 0.9490821259096265
Latency: 0.9473919698502868
Latency: 0.9772349761333317
Latency: 0.9724434809759259
Latency: 0.9132819110527635
Latency: 0.8930600949097425
Latency: 0.8890087360050529
Latency: 0.9008682409767061
Latency: 0.9052789439447224
Latency: 0.8873425701167434
Latency: 0.8987454399466515
Latency: 0.9066315891686827
Latency: 0.8915597039740533
Latency: 0.9055625130422413
Latency: 0.9099175960291177
Latency: 0.9167086151428521
Latency: 0.9200316090136766
Latency: 0.9427555680740625
Latency: 0.9406074709258974
Latency: 0.943019577069208
Latency: 0.9408206921070814
Latency: 0.8932024971581995
Latency: 0.9623401809949428
Latency: 0.897909615887329
Latency: 0.9645891769323498
Latency: 0.986384779214859
Latency: 0.8665429779794067
Latency: 0.8703836610075086
Latency: 0.8690895920153707
Latency: 0.882820462808013
Latency: 0.8821940191555768
Latency: 0.8922149930149317
Latency: 0.8899176521226764
Latency: 0.889823853969574
Latency: 0.9069914408028126
Latency: 0.8971576178446412
Latency: 0.913363415049389
Latency: 0.9264252129942179
Latency: 0.9203188410028815
Latency: 0.9320938810706139
Latency: 0.8521459249313921
Latency: 0.9045120140071958
Latency: 0.8939602621831
Latency: 0.8439869189169258
Latency: 0.8944068478886038
Latency: 0.903042757883668
Latency: 0.8363372129388154
Latency: 0.9176985139492899
Latency: 0.8735816110856831
Latency: 0.9297718389425427
Latency: 0.8419341221451759
Latency: 0.8969949900638312
Latency: 0.9340082590933889
Latency: 0.8564552899915725
Latency: 0.8367120181210339
Latency: 0.9004032330121845
Latency: 0.9111942949239165
Latency: 0.9145047441124916
Latency: 0.9134573850315064
Latency: 0.9341160990297794
Latency: 0.9277253379113972
Latency: 0.8715096190571785
Latency: 0.8670980921015143
Latency: 0.8845284851267934
Latency: 0.864034054800868
Latency: 0.8842958058230579
Latency: 0.8774019349366426
Latency: 0.880165854934603
Latency: 0.864317367086187
Latency: 0.8828130520414561
Latency: 0.8836315311491489
Latency: 0.896013974910602
Latency: 0.8761200669687241
Latency: 0.8772007890511304
Latency: 0.881460813106969
Latency: 0.872435576049611
Latency: 0.8736047591082752
Latency: 0.881133922142908
Latency: 0.8712245260830969
Latency: 0.8869733798783273
Latency: 0.882391446037218
Latency: 0.8861480108462274
Latency: 0.8961559920571744
Latency: 0.8894340991973877
Latency: 0.8883552178740501
Latency: 0.890444247983396
Latency: 0.9015078048687428
Latency: 0.9164908798411489
Latency: 0.8662537611089647
Latency: 0.8551049279049039
Latency: 0.9117742769885808
Latency: 0.8624807258602232
Latency: 0.8585454130079597
Latency: 0.866853971965611
Latency: 0.8676554479170591
Latency: 0.872140295105055
Latency: 0.8843397239688784
Latency: 0.8749044819269329
Latency: 0.8852144801057875
Latency: 0.8843650468625128
Latency: 0.865668305195868
Latency: 0.8930434859357774
Latency: 0.8866658119950444
Latency: 0.8840512030292302
Latency: 0.9099326918367296
Latency: 0.9034198948647827
Latency: 0.9034592709504068
Latency: 0.9168482308741659
Latency: 0.915771960048005
Latency: 0.9180182779673487
Latency: 0.9266081149689853
Latency: 0.9344337950460613
Latency: 0.919206245103851
Latency: 0.9255757129285485
Latency: 0.9327206120360643
Latency: 0.9316182429902256
Latency: 0.9362230459228158
Latency: 0.8933395789936185
Latency: 0.9399649889674038
Latency: 0.9018147559836507
Latency: 0.9502700469456613
Latency: 0.9545356740709394
Latency: 0.9639770961366594
Latency: 0.9634738077875227
Latency: 0.9533469290472567
Latency: 0.9367276581469923
Latency: 0.9816510328091681
Latency: 0.9708868251182139
Latency: 0.9800029520411044
Latency: 0.9228060280438513
Latency: 0.8913613469339907
Latency: 0.8702882409561425
Latency: 0.8773091740440577
Latency: 0.8841878690291196
Latency: 0.8736347679514438
Latency: 0.8810209820512682
Latency: 0.8523145897779614
Latency: 0.8807013400364667
Latency: 0.8913069509435445
Latency: 0.8943679600488394
Latency: 0.8905513011850417
Latency: 0.9194686380214989
Latency: 0.8938195230439305
Latency: 0.9035882528405637
Latency: 0.9050803021527827
Latency: 0.9049326388631016
Latency: 0.8749176298733801
Latency: 0.8813624621834606
Latency: 0.8708932099398226
Latency: 0.9118420910090208
Latency: 0.9005218278616667
Latency: 0.9029254650231451
Latency: 0.8825702590402216
Latency: 0.899431980913505
Latency: 0.8606980598997325
Latency: 0.8682267880067229
Latency: 0.8667899058200419
Latency: 0.8623568110633641
Latency: 0.8679202240891755
Latency: 0.8696216098032892
Latency: 0.8764483931008726
Latency: 0.8768410549964756
Latency: 0.878796175122261
Latency: 0.8376918209251016
Latency: 0.838707460090518
Latency: 0.8379024330060929
Latency: 0.8499240700621158
Latency: 0.9215599179733545
Latency: 0.9303365750238299
Latency: 0.8990233989898115
Latency: 0.8615370711777359
Latency: 0.8898024479858577
Latency: 0.8909782629925758
Latency: 0.8987686911132187
Latency: 0.8950026649981737
Latency: 0.905952864093706
Latency: 0.8898244239389896
Latency: 0.9310850040055811
Latency: 0.8746007010340691
Latency: 0.9398496381472796
Latency: 0.9256301079876721
Latency: 0.8735112741123885
Latency: 0.9519031448289752
Latency: 0.9358897181227803
Latency: 0.880639387993142
Latency: 0.8714230100158602
Latency: 0.8852514398749918
Latency: 0.871170936152339
Latency: 0.8866048068739474
Latency: 0.9182016160339117
Latency: 0.9189539419021457
Latency: 0.9081322071142495
Latency: 0.9094552639871836
Latency: 0.9194147309754044
Latency: 0.9186141910031438
Latency: 0.9185545779764652
Latency: 0.9370230920612812
Latency: 0.918882180005312
Latency: 0.9168241389561445
Latency: 0.9160725008696318
Latency: 0.9371203847695142
Latency: 0.9237664660904557
Latency: 0.923954731086269
Latency: 0.9271311420015991
Latency: 0.9302731940988451
Latency: 0.9366934311110526
Latency: 0.9561823820695281
Latency: 0.9373242720030248
Latency: 0.9372784451115876
Latency: 0.9501424939371645
Latency: 0.9452857300639153
Latency: 0.9507610648870468
Latency: 0.9476214980240911
Latency: 0.9218377789948136
Latency: 0.9528453119564801
Latency: 0.9153610370121896
Latency: 0.9128163929563016
Latency: 0.9138683658093214
Latency: 0.9221541450824589
Latency: 0.9321829779073596
Latency: 0.9354427449870855
Latency: 0.9309608261100948
Latency: 0.8701245561242104
Latency: 0.87956573208794
Latency: 0.8714613150805235
Latency: 0.9011101559735835
Latency: 0.8798177649732679
Latency: 0.892791893100366
Latency: 0.8771414819639176
Latency: 0.8842285848222673
Latency: 0.8836513399146497
Latency: 0.8852247828617692
Latency: 0.8721118301618844
Latency: 0.8725845271255821
Latency: 0.8708148351870477
Latency: 0.8683925608638674
Latency: 0.8671070858836174
Latency: 0.8643997339531779
Latency: 0.8816876709461212
Latency: 0.8703204451594502
Latency: 0.8773768472019583
Latency: 0.8715696481522173
Latency: 0.8835784289985895
Latency: 0.8813699099700898
Latency: 0.8891655690968037
Latency: 0.8893647629301995
Latency: 0.926547892857343
Latency: 0.9178611019160599
Latency: 0.9015534080099314
Latency: 0.9038658100180328
Latency: 0.9474090980365872
Latency: 0.9106309749186039
Latency: 0.8995629190467298
Latency: 0.9431507510598749
Latency: 0.9471192031633109
Latency: 0.9054991120938212
Latency: 0.9489394640550017
Latency: 0.9195302410516888
Latency: 0.9021858000196517
Latency: 0.9188116539735347
Latency: 0.9083547338377684
Latency: 0.9702411519829184
Latency: 0.9234848141204566
Latency: 0.9219052260741591
Latency: 0.9321604031138122
Latency: 0.9330986100248992
Latency: 0.9405116538982838
Latency: 0.9428239339031279
Latency: 0.947235698113218
Latency: 0.9467067578807473
Latency: 0.9335216539911926
Latency: 0.9439747119322419
Latency: 0.9338179910555482
Latency: 0.9412491440307349
Latency: 0.9344105010386556
Latency: 0.9640082218684256
Latency: 0.9879780439659953
Latency: 0.9632918748538941
Latency: 0.964119731914252
Latency: 1.0083196929190308
Latency: 0.9608118289615959
Latency: 0.9480714099481702
Latency: 0.9064720820169896
Latency: 0.9572222558781505
Latency: 0.9759299799334258
Latency: 0.986314341193065
Latency: 0.9851250040810555
Latency: 0.9933036710135639
Latency: 0.9846498628612608
Latency: 0.9943116379436105
Latency: 0.998456496046856
Latency: 0.9990232328418642
Latency: 0.999396535102278
Latency: 0.9690192069392651
Latency: 0.9678641560021788
Latency: 0.9047554719727486
Latency: 0.9171306360512972
Latency: 0.8991318999323994
Latency: 0.8937012499663979
Latency: 0.8960630318615586
Latency: 0.9083084550220519
Latency: 0.8787266069557518
Latency: 0.9173090690746903
Latency: 0.9020104119554162
Latency: 0.9230081120040268
Latency: 0.9165713430847973
Latency: 0.8898600740358233
Latency: 0.8849597030784935
Latency: 0.8888483250048012
Latency: 0.9006163969170302
Latency: 0.9008978821802884
Latency: 0.9053003720473498
Latency: 0.9318182030692697
Latency: 0.9264325487893075
Latency: 0.9291144609451294
Latency: 0.9431833380367607
Latency: 0.9419191728811711
Latency: 0.8479008527938277
Latency: 0.846072523156181
Latency: 0.8423255879897624
Latency: 0.8508004988543689
Latency: 0.8419641489163041
Latency: 0.8498979089781642
Latency: 0.8421024240087718
Latency: 0.8527792480308563
Latency: 0.8609474969562143
Latency: 0.8481371528469026
Latency: 0.8547129898797721
Latency: 0.8608132121153176
Latency: 0.8514949230011553
Latency: 0.863387580960989
Latency: 0.8704575740266591
Latency: 0.8633047409821302
Latency: 0.860231903148815
Latency: 0.870990859111771
Latency: 0.8811993491835892
Latency: 0.8782271610107273
Latency: 0.8741725380532444
Latency: 0.8843949469737709
Latency: 0.8872796490322798
Latency: 0.8758432678878307
Latency: 0.878842547070235
Latency: 0.8822776130400598
Latency: 0.8798502408899367
Latency: 0.8751758530270308
Latency: 0.8784579548519105
Latency: 0.8901851568371058
Latency: 0.8927816750947386
Latency: 0.8989273710176349
Latency: 0.8847594710532576
Latency: 0.9007052551023662
Latency: 0.8908793099690229
Latency: 0.8900842498987913
Latency: 0.9001107749063522
Latency: 0.8989950560498983
Latency: 0.9006123999133706
Latency: 0.9116066549904644
Latency: 0.9113689539954066
Latency: 0.908196103060618
Latency: 0.9121272598858923
Latency: 0.9128830111585557
Latency: 0.9343996869865805
Latency: 0.9215529130306095
Latency: 0.9319290511775762
Latency: 0.9347614641301334
Latency: 0.9391662450507283
Latency: 0.9269973209593445
Latency: 0.9429025631397963
Latency: 0.942711312090978
Latency: 0.9405832898337394
Latency: 0.9540644108783454
Latency: 0.9403110449202359
Latency: 0.951230201870203
Latency: 0.9442727388814092
Latency: 0.9174688730854541
Latency: 0.9329957368317991
Latency: 0.9333345950581133
Latency: 0.9196896210778505
Latency: 0.9487748141400516
Latency: 0.9453877690248191
Latency: 0.9671230639796704
Latency: 0.949362562969327
Latency: 0.9522452619858086
Latency: 0.9575920989736915
Latency: 0.9606352450791746
Latency: 0.9498389151412994
Latency: 0.9717213020194322
Latency: 0.968098415993154
Latency: 0.9869475967716426
Latency: 0.9436905509792268
Latency: 0.9686933329794556
Latency: 0.9678023040760309
Latency: 0.944887856952846
Latency: 0.9581567901186645
Latency: 0.9697604940738529
Latency: 0.960172942141071
Latency: 0.9439178749453276
Latency: 0.9596176671329886
Latency: 0.9440239609684795
Latency: 0.9643632068764418
Latency: 0.951783173950389
Latency: 0.9907656249124557
Latency: 0.9156555191148072
Latency: 0.9203616250306368
Latency: 0.9414721999783069
Latency: 0.93678556708619
Latency: 0.9502559769898653
Latency: 0.9708067981991917
Latency: 0.8554279289674014
