Latency: 1.569871389772743
Latency: 1.5704313591122627
Latency: 1.5720666460692883
Latency: 1.5733831729739904
Latency: 1.5748869869858027
Latency: 1.5763564601074904
Latency: 1.5778821599669755
Latency: 1.579393643885851
Latency: 1.5808468041941524
Latency: 1.5823667589575052
Latency: 1.5838342839851975
Latency: 1.5853329780511558
Latency: 1.5868791278917342
Latency: 1.5883434969000518
Latency: 1.589829812059179
Latency: 1.5914627839811146
Latency: 1.5930496719665825
Latency: 1.5946289580315351
Latency: 1.5960989890154451
Latency: 1.5975587980356067
Latency: 1.5990469548851252
Latency: 1.6005400358699262
Latency: 1.6019998060073704
Latency: 1.603483890881762
Latency: 1.6049528759904206
Latency: 1.6064438198227435
Latency: 1.607890984043479
Latency: 1.6094115830492228
Latency: 1.610877657076344
Latency: 1.6123557079117745
Latency: 1.6133277129847556
Latency: 1.6148006210569292
Latency: 1.6171835970599204
Latency: 1.6186900271568447
Latency: 1.6201734838541597
Latency: 1.6216985499486327
Latency: 1.6231293838936836
Latency: 1.6245835009030998
Latency: 1.6260644868016243
Latency: 1.6275219451636076
Latency: 1.6289933228399605
Latency: 1.6304579288698733
Latency: 1.6318575320765376
Latency: 1.6333230959717184
Latency: 1.634807287948206
Latency: 1.636289392132312
Latency: 1.6378890499472618
Latency: 1.6394209649879485
Latency: 1.6408667650539428
Latency: 1.642447296064347
Latency: 1.6438966440036893
Latency: 1.6453611589968204
Latency: 1.6468266379088163
Latency: 1.6482999918516725
Latency: 1.6497992919757962
Latency: 1.6512006130069494
Latency: 1.652675688965246
Latency: 1.654150001006201
Latency: 1.6555749129038304
Latency: 1.6570411759894341
Latency: 1.6585154659114778
Latency: 1.6601609368808568
Latency: 1.6616969609167427
Latency: 1.663172208936885
Latency: 1.6646662168204784
Latency: 1.6661322589498013
Latency: 1.6676200919318944
Latency: 1.6691353220958263
Latency: 1.6705263629555702
Latency: 1.6720167770981789
Latency: 1.6735095861367881
Latency: 1.6751883269753307
Latency: 1.6766576000954956
Latency: 1.6781092220917344
Latency: 1.679596739122644
Latency: 1.6811560289934278
Latency: 1.6826893920078874
Latency: 1.6841844709124416
Latency: 1.6856471109203994
Latency: 1.6871076819952577
Latency: 1.6885147639550269
Latency: 1.689976457040757
Latency: 1.6914394639898092
Latency: 1.613712181104347
Latency: 1.6151629318483174
Latency: 1.703177573857829
Latency: 1.6273999221157283
Latency: 1.6289115350227803
Latency: 1.6303184018470347
Latency: 1.6318973219022155
Latency: 1.633348817937076
Latency: 1.6348415710963309
Latency: 1.6364785160403699
Latency: 1.6379901140462607
Latency: 1.6393999850843102
Latency: 1.6409036670811474
Latency: 1.642394752940163
Latency: 1.6437881069723517
Latency: 1.645343418000266
Latency: 1.6468384019099176
Latency: 1.648335110861808
Latency: 1.6498144420329481
Latency: 1.651292622089386
Latency: 1.6527766298968345
Latency: 1.6542457612231374
Latency: 1.6557182089891285
Latency: 1.657153301872313
Latency: 1.658807517029345
Latency: 1.6602634289301932
Latency: 1.6617394560016692
Latency: 1.6632156299892813
Latency: 1.6646518150810152
Latency: 1.6661768681369722
Latency: 1.6676158010959625
Latency: 1.669077704893425
Latency: 1.6705624798778445
Latency: 1.6720463880337775
Latency: 1.6735355809796602
Latency: 1.6749686519615352
Latency: 1.676425957120955
Latency: 1.6779197240248322
Latency: 1.6793564369436353
Latency: 1.6818397629540414
Latency: 1.6832736360374838
Latency: 1.6995926341041923
Latency: 1.70105134206824
Latency: 1.7025263379327953
Latency: 1.7039729610551149
Latency: 1.7054537311196327
Latency: 1.7069058478809893
Latency: 1.7084246529266238
Latency: 1.7099588180426508
Latency: 1.7113568121567369
Latency: 1.7127650619950145
Latency: 1.714171017985791
Latency: 1.7155820380430669
Latency: 1.8006512720603496
Latency: 1.802168286871165
Latency: 1.8036419651471078
Latency: 1.701313212979585
Latency: 1.6954230950213969
Latency: 1.6964600649662316
Latency: 1.697981873061508
Latency: 1.699436284136027
Latency: 1.7009062669239938
Latency: 1.702380608068779
Latency: 1.703899655956775
Latency: 1.7054690648801625
Latency: 1.7069745699409395
Latency: 1.708429996157065
Latency: 1.7099464510101825
Latency: 1.7114652760792524
Latency: 1.7128307761158794
Latency: 1.714285132009536
Latency: 1.7157376948744059
Latency: 1.7171052959747612
Latency: 1.7186736529693007
Latency: 1.720133468043059
Latency: 1.7216198309324682
Latency: 1.7549829750787467
Latency: 1.7564706329721957
Latency: 1.7581163300201297
Latency: 1.7596594127826393
Latency: 1.761135869892314
Latency: 1.7625929000787437
Latency: 1.7640483060386032
Latency: 1.7654641550034285
Latency: 1.7669252110645175
Latency: 1.7684064728673548
Latency: 1.7698256908915937
Latency: 1.7712952641304582
Latency: 1.7727889618836343
Latency: 1.7742549299728125
Latency: 1.7757267670240253
Latency: 1.7771964038256556
Latency: 1.778691393090412
Latency: 1.7802539430558681
Latency: 1.7817356628365815
Latency: 1.7831896890420467
Latency: 1.784693307010457
Latency: 1.7861343489494175
Latency: 1.787623052019626
Latency: 1.789071500999853
Latency: 1.7905362318269908
Latency: 1.791956229135394
Latency: 1.7934051149059087
Latency: 1.79483728017658
Latency: 1.7962566439528018
Latency: 1.7976618430111557
Latency: 1.7990879360586405
Latency: 1.8006755711976439
Latency: 1.8022183568682522
Latency: 1.8036427949555218
Latency: 1.805133206071332
Latency: 1.8051988780498505
Latency: 1.806621324038133
Latency: 1.8080648339819163
Latency: 1.8095300369895995
Latency: 1.8109795008786023
Latency: 1.8124403189867735
Latency: 1.8235252532176673
Latency: 1.8250099739525467
Latency: 1.8265777209307998
Latency: 1.8280708689708263
Latency: 1.829575068084523
Latency: 1.831069610081613
Latency: 1.8324323769193143
Latency: 1.8340199920348823
Latency: 1.8354552320670336
Latency: 1.8369464948773384
Latency: 1.8384577429387718
Latency: 1.8402633308432996
Latency: 1.8414173969067633
Latency: 1.8428437660913914
Latency: 1.8443515428807586
Latency: 1.8320681799668819
Latency: 1.8335992831271142
Latency: 1.915894065052271
Latency: 1.9174945668783039
Latency: 1.9238322880119085
Latency: 1.924155481858179
Latency: 1.9239873529877514
Latency: 1.923809346044436
Latency: 1.9249025988392532
Latency: 1.9268058938905597
Latency: 1.9283411060459912
Latency: 1.9297796550672501
Latency: 1.9312628752086312
Latency: 1.9326739779207855
Latency: 1.9341313920449466
Latency: 1.935511773917824
Latency: 1.9369717249646783
Latency: 1.9383320591878146
Latency: 1.9397348021157086
Latency: 1.9411480170674622
Latency: 1.9426089250482619
Latency: 1.9536193248350173
Latency: 1.955530387116596
Latency: 1.95699249394238
Latency: 2.32836214103736
Latency: 2.330565302167088
Latency: 2.3326872640755028
Latency: 2.33475234801881
Latency: 2.3368402770720422
Latency: 2.4407644299790263
Latency: 2.442902326118201
Latency: 2.445009602000937
Latency: 2.4471094659529626
Latency: 2.4491169538814574
Latency: 2.4512649411335588
Latency: 2.453382308129221
Latency: 2.443507513962686
Latency: 2.445585710927844
Latency: 2.4476497280411422
Latency: 2.449771422892809
Latency: 2.4518934478983283
Latency: 2.4540321878157556
Latency: 2.456151173915714
Latency: 2.4582838360220194
Latency: 2.460454768035561
Latency: 2.46272477414459
Latency: 2.5250785041134804
Latency: 2.52725328784436
Latency: 2.529329985147342
Latency: 2.531423718901351
Latency: 2.5335010269191116
Latency: 2.535643349867314
Latency: 2.5377004148904234
Latency: 2.539805259788409
Latency: 2.541906040161848
Latency: 2.54396117804572
Latency: 2.547684898832813
Latency: 2.5498228759970516
Latency: 2.551985717145726
Latency: 2.5540651441551745
Latency: 2.6928574540652335
Latency: 2.694931438891217
Latency: 2.6969857059884816
Latency: 2.6993911620229483
Latency: 2.701464629964903
Latency: 2.703523166012019
Latency: 2.7055764019023627
Latency: 2.7076019369997084
Latency: 2.709639493143186
Latency: 2.6864428150001913
Latency: 2.688949370989576
Latency: 2.691023939056322
Latency: 2.693089715903625
Latency: 2.6951506750192493
Latency: 2.702644407050684
Latency: 2.704745631897822
Latency: 2.7067899210378528
Latency: 2.708835951052606
Latency: 2.710925656137988
Latency: 2.7129503660835326
Latency: 2.7150340848602355
Latency: 2.717111611040309
Latency: 2.7191670509055257
Latency: 2.721362862037495
Latency: 2.723467786097899
Latency: 2.725558551028371
Latency: 2.727668073028326
Latency: 2.7297195240389556
Latency: 2.7318167430348694
Latency: 2.733837026869878
Latency: 2.735892153112218
Latency: 2.737959540914744
Latency: 2.7399861440062523
Latency: 2.742093941895291
Latency: 2.7441238360479474
Latency: 2.7461760558653623
Latency: 2.723148780176416
Latency: 2.725321192992851
Latency: 2.727369836997241
Latency: 2.729441537987441
Latency: 2.731690288055688
Latency: 2.733806709991768
Latency: 2.735960008809343
Latency: 2.743796844035387
Latency: 2.7458461669739336
Latency: 2.747896015876904
Latency: 2.749971517827362
Latency: 2.752037964994088
Latency: 2.7540954889263958
Latency: 2.7561709580477327
Latency: 2.865404340904206
Latency: 2.867592012975365
Latency: 2.869733460014686
Latency: 2.8718418141361326
Latency: 2.8739255929831415
Latency: 2.845016516977921
Latency: 2.8470591669902205
Latency: 2.8491453449241817
Latency: 2.8513720449991524
Latency: 2.853531698929146
Latency: 2.855638656998053
Latency: 2.8577026980929077
Latency: 2.8597651140298694
Latency: 2.861825941130519
Latency: 2.8638731138780713
Latency: 2.8659157040528953
Latency: 2.8681022841483355
Latency: 2.8701337249949574
Latency: 2.872189620975405
Latency: 2.8742553340271115
Latency: 2.8378498640377074
Latency: 2.8399093099869788
Latency: 2.841974040027708
Latency: 2.8440472830552608
Latency: 2.846078887814656
Latency: 2.8482898049987853
Latency: 2.8504132269881666
Latency: 2.852494671009481
Latency: 2.8545744880102575
Latency: 2.856695167021826
Latency: 2.858740892028436
Latency: 2.8608733429573476
Latency: 2.8629337730817497
Latency: 2.864986212924123
Latency: 2.867052833084017
Latency: 2.869130321079865
Latency: 2.8711788849905133
Latency: 2.8732579848729074
Latency: 2.8753524851053953
Latency: 2.8774165739305317
Latency: 2.87949511106126
Latency: 2.881574095925316
Latency: 2.883901888038963
Latency: 2.8859648208599538
Latency: 2.888016530079767
Latency: 2.890118113020435
Latency: 2.892183086834848
Latency: 2.894296705024317
Latency: 2.8963593998923898
Latency: 2.898381178965792
Latency: 2.9004766850266606
Latency: 2.902555675012991
Latency: 2.9046111369971186
Latency: 2.9242209249641746
Latency: 2.926751977065578
Latency: 3.210552084026858
Latency: 3.212022988125682
Latency: 3.2136122218798846
Latency: 3.2151598010677844
Latency: 3.2580947130918503
Latency: 3.2602286119945347
Latency: 3.2622686189133674
Latency: 3.264306510100141
Latency: 3.266361153917387
Latency: 3.2683905598241836
Latency: 3.270459494087845
Latency: 3.2724532689899206
Latency: 3.2746201250702143
Latency: 3.276757529936731
Latency: 3.2787654190324247
Latency: 3.281106975162402
Latency: 3.2835402758792043
Latency: 3.2905935179442167
Latency: 3.291108964011073
Latency: 3.2927629849873483
Latency: 3.2949690569657832
Latency: 3.297049180138856
Latency: 3.2991207391023636
Latency: 3.3011776520870626
Latency: 3.303265430033207
Latency: 3.3053304569330066
Latency: 3.3074404618237168
Latency: 3.309552720049396
Latency: 3.311768535990268
Latency: 1.8909659290220588
Latency: 1.8879035559948534
Latency: 1.889218837954104
Latency: 1.8905951059423387
Latency: 1.8889365100767463
Latency: 1.8903141100890934
Latency: 1.89003833103925
Latency: 1.8913778350688517
Latency: 1.8927347820717841
Latency: 1.8940049160737544
Latency: 1.895445290952921
Latency: 1.8948661021422595
Latency: 1.8962028080131859
Latency: 1.897581405006349
Latency: 1.8989449560176581
Latency: 1.9003034089691937
Latency: 1.8988695580046624
Latency: 1.900201037991792
Latency: 1.9015344679355621
Latency: 1.9028691709972918
Latency: 1.90424031810835
Latency: 1.9055982569698244
Latency: 1.9012604809831828
Latency: 1.902564930031076
Latency: 1.9039672219660133
Latency: 1.9058413598686457
Latency: 1.9072511629201472
Latency: 1.908601006027311
Latency: 1.901207993971184
Latency: 1.902533729095012
Latency: 1.903926805825904
Latency: 1.905319700948894
Latency: 1.9066553208976984
Latency: 1.908081874018535
Latency: 1.9094775209669024
Latency: 1.9110817429609597
Latency: 1.9124466369394213
Latency: 1.9138495079241693
Latency: 1.9152433429844677
Latency: 1.9167730659246445
Latency: 1.918194531928748
Latency: 1.919623662950471
Latency: 1.9210190558806062
Latency: 1.9224220700562
Latency: 1.9238378601148725
Latency: 1.9252581868786365
Latency: 1.9266476309858263
Latency: 1.9283253580797464
Latency: 1.9294686729554087
Latency: 1.9309097060468048
Latency: 1.9362785590346903
Latency: 1.9360774660017341
Latency: 1.9358179899863899
Latency: 1.9365834838245064
Latency: 1.9379585850983858
Latency: 2.0377413108944893
Latency: 2.039186131907627
Latency: 2.0646629109978676
Latency: 2.065933930920437
Latency: 2.0673483840655535
Latency: 2.068888152949512
Latency: 2.0702885119244456
Latency: 2.0717113888822496
Latency: 2.0731002809479833
Latency: 2.0744837860111147
Latency: 2.075887029990554
Latency: 2.077331261942163
Latency: 2.0787289519794285
Latency: 2.080156472977251
Latency: 2.081488724099472
Latency: 2.0831360910087824
Latency: 2.084546583937481
Latency: 2.126555979019031
Latency: 2.1122635630890727
Latency: 2.1135756431613117
Latency: 2.115059128962457
Latency: 2.1164645510725677
Latency: 2.1178731620311737
Latency: 2.119327360065654
Latency: 2.12071665097028
Latency: 2.122121202060953
Latency: 2.123255163896829
Latency: 2.116876696003601
Latency: 2.118227138882503
Latency: 2.11958950990811
Latency: 2.1209744380321354
Latency: 2.1223370728548616
Latency: 2.12377991899848
Latency: 2.116524492856115
Latency: 2.117906093131751
Latency: 2.1414025931153446
Latency: 2.143140550935641
Latency: 2.144539602799341
Latency: 2.145965035073459
Latency: 2.147406565025449
Latency: 2.148819186957553
Latency: 2.1502208281308413
Latency: 2.1516419439576566
Latency: 2.153085206169635
Latency: 2.154463351937011
Latency: 2.155866216868162
Latency: 2.157280094921589
Latency: 2.1590794359799474
Latency: 2.1605263089295477
Latency: 2.161909872898832
Latency: 2.1633743420243263
Latency: 2.1647729699034244
Latency: 2.1661900219041854
Latency: 2.1675935371313244
Latency: 2.1466113950591534
Latency: 2.1478875789325684
Latency: 2.149262105114758
Latency: 2.1506825361866504
Latency: 2.1523160841315985
Latency: 2.1537825809791684
Latency: 2.1551396809518337
Latency: 2.156627292977646
Latency: 2.1580426830332726
Latency: 2.15942355315201
Latency: 2.1608432901557535
Latency: 2.162245756946504
Latency: 2.1636848389171064
Latency: 2.165100455051288
Latency: 2.1664525847882032
Latency: 2.167839851928875
Latency: 2.169261072995141
Latency: 2.170695641078055
Latency: 2.1720868330448866
Latency: 2.1736128439661115
Latency: 2.1751255420967937
Latency: 2.1766408181283623
Latency: 2.178307273890823
Latency: 2.1797095481306314
Latency: 2.2307394279632717
Latency: 2.23048031097278
Latency: 2.230115734040737
Latency: 2.2305267949122936
Latency: 2.250777270877734
Latency: 2.2565084651578218
Latency: 2.256055816076696
Latency: 2.2597167699132115
Latency: 2.2610249819699675
Latency: 2.2625091660302132
Latency: 2.263923153979704
Latency: 2.2653010371141136
Latency: 2.3054694631136954
Latency: 2.3068439648486674
Latency: 2.3082751331385225
Latency: 2.309594841906801
Latency: 2.3109787120483816
Latency: 2.312323678052053
Latency: 2.313704652013257
Latency: 2.315031645121053
Latency: 2.316415213048458
Latency: 2.2787442619446665
Latency: 2.279991933144629
Latency: 2.281338094966486
Latency: 2.282647099113092
Latency: 2.2840920840390027
Latency: 2.2854740519542247
Latency: 2.2868635659106076
Latency: 2.2882417670916766
Latency: 2.2897522209677845
Latency: 2.2911646119318902
Latency: 2.2925890279002488
Latency: 2.293955782894045
Latency: 2.2953550000675023
Latency: 2.296724908053875
Latency: 2.2981117859017104
Latency: 2.2994968600105494
Latency: 2.3008832270279527
Latency: 2.302254603942856
Latency: 2.517250485951081
Latency: 2.4872037100140005
Latency: 2.4874542229808867
Latency: 2.488768235081807
Latency: 5.102589995134622
Latency: 5.126445634989068
Latency: 5.128086074022576
Latency: 5.129597713937983
Latency: 2.979940571123734
Latency: 2.9821032187901437
Latency: 2.9842406469397247
Latency: 2.9862918579019606
Latency: 5.117858079029247
Latency: 5.119306463049725
Latency: 5.1207765999715775
Latency: 5.122245298931375
Latency: 5.123698484851047
Latency: 5.125136764952913
Latency: 5.126626837998629
Latency: 5.128088560886681
Latency: 5.129546181997284
Latency: 5.131018225103617
Latency: 5.132495278958231
Latency: 5.133981748018414
Latency: 5.1354775230865926
Latency: 5.136848603840917
Latency: 5.138314842013642
Latency: 5.139788003871217
Latency: 5.141286330996081
Latency: 5.14279002090916
Latency: 5.144256139872596
Latency: 5.14582613715902
Latency: 5.1473334659822285
Latency: 5.148773466004059
Latency: 5.150390423834324
Latency: 5.151861316058785
Latency: 5.153289281995967
Latency: 5.15497996006161
Latency: 5.141745422966778
Latency: 5.143246820895001
Latency: 5.144903342006728
Latency: 5.146383747924119
Latency: 5.147892599925399
Latency: 5.14928721007891
Latency: 5.381089098984376
Latency: 5.382662585005164
Latency: 5.3841553698293865
Latency: 5.385635686805472
Latency: 5.387085767928511
Latency: 5.388620376121253
Latency: 5.390102335019037
Latency: 5.391541086137295
Latency: 5.393019550014287
Latency: 5.394505078205839
Latency: 5.39598599402234
Latency: 5.3974811299704015
Latency: 5.398991720052436
Latency: 5.400502279167995
Latency: 5.402008867124096
Latency: 5.378170324023813
Latency: 5.379673201125115
Latency: 5.381159563083202
Latency: 5.382693113060668
Latency: 5.3841937750112265
Latency: 5.385673711076379
Latency: 5.3872166860383
Latency: 5.38871736289002
Latency: 5.391346883028746
Latency: 3.1775026889517903
Latency: 3.1797227640636265
Latency: 3.360035317018628
Latency: 3.362466124119237
Latency: 3.364611138124019
Latency: 3.3666994608938694
Latency: 3.3691638009622693
Latency: 2.421193008078262
Latency: 2.4227153970859945
Latency: 2.4241674209479243
Latency: 2.425643606809899
Latency: 2.427093013888225
Latency: 2.428553319070488
Latency: 2.429981167195365
Latency: 2.4321400520857424
Latency: 2.4335914209950715
Latency: 2.4350422099232674
Latency: 2.4364595329388976
Latency: 2.4378880029544234
Latency: 3.3673039611894637
Latency: 3.369503883877769
Latency: 3.3716707520652562
Latency: 3.3738435241393745
Latency: 3.3882052949629724
Latency: 3.3903561129700392
Latency: 3.3925644250120968
Latency: 3.3947397670708597
Latency: 3.396846448071301
Latency: 3.3989893419202417
Latency: 3.4011404369957745
Latency: 3.4032586510293186
Latency: 3.4054109409917146
Latency: 3.4075261070393026
Latency: 3.409676377894357
Latency: 3.4120856868103147
Latency: 3.41424871282652
Latency: 3.416392386890948
Latency: 3.418538638856262
Latency: 3.4206735228653997
Latency: 3.4228501180186868
Latency: 3.4249932479579
Latency: 3.4295005679596215
Latency: 3.431850815890357
Latency: 3.411388974869624
Latency: 3.413501559989527
Latency: 3.415608993032947
Latency: 3.422611610032618
Latency: 3.4248197299893945
Latency: 3.427115730009973
Latency: 3.4292699981015176
Latency: 3.4313869301695377
Latency: 3.4335048119537532
Latency: 3.4356357431970537
Latency: 3.4377940979320556
Latency: 3.4400258301757276
Latency: 3.4421386800240725
Latency: 3.4442582819610834
Latency: 3.4463255510199815
Latency: 3.448437602026388
Latency: 3.4505025630351156
Latency: 3.4525831339415163
Latency: 3.45469618588686
Latency: 3.4567843510303646
Latency: 3.4588704518973827
Latency: 3.461086285067722
Latency: 3.46327563887462
Latency: 3.4654422921594232
Latency: 3.4675526490900666
Latency: 3.469643213087693
Latency: 3.4600013399031013
Latency: 3.4621628790628165
Latency: 2.3073512190021574
Latency: 2.307639931095764
Latency: 2.3089905800297856
Latency: 2.309304327936843
Latency: 2.3106116119306535
Latency: 2.3119557350873947
Latency: 2.313312022946775
Latency: 2.31471733096987
Latency: 2.31606875709258
Latency: 2.3175981550011784
Latency: 2.319037572015077
Latency: 2.320448512909934
Latency: 2.321812857873738
Latency: 2.3211239650845528
Latency: 2.3224591941107064
Latency: 2.3238287968561053
Latency: 2.3251972179859877
Latency: 2.3265832208562642
Latency: 2.3279902040958405
Latency: 2.2971126679331064
Latency: 2.2981312919873744
Latency: 2.298918327083811
Latency: 2.2996479249559343
Latency: 2.300972522003576
Latency: 2.329090313985944
Latency: 2.325320119969547
Latency: 2.3267171231564134
Latency: 2.3282362951431423
Latency: 2.3284729120787233
Latency: 2.3298623701557517
Latency: 2.331218756036833
Latency: 2.3326158390846103
Latency: 2.333973628934473
Latency: 2.3353233651723713
Latency: 2.336664736038074
Latency: 2.338046428980306
Latency: 2.3394087459892035
Latency: 2.3408064329996705
Latency: 2.3421731011476368
Latency: 2.343565460992977
Latency: 2.3449959121644497
Latency: 2.3463492940645665
Latency: 2.3477205059025437
Latency: 2.349086978007108
Latency: 2.3504734330344945
Latency: 2.3518736329860985
Latency: 2.3534918560180813
Latency: 2.352898807032034
Latency: 2.354270783951506
Latency: 2.3556888410821557
Latency: 2.357035281835124
Latency: 2.3584115840494633
Latency: 2.35977867199108
Latency: 2.361166822956875
Latency: 2.3625770770013332
Latency: 2.3639361259993166
Latency: 2.3653136279899627
Latency: 2.366698085796088
Latency: 2.3681173569057137
Latency: 2.344096770044416
Latency: 2.3451492488384247
Latency: 2.346511358162388
Latency: 2.3478869390673935
Latency: 2.3493992388248444
Latency: 2.3508116949815303
Latency: 2.352210985030979
Latency: 2.3535684291273355
Latency: 2.354991849977523
Latency: 2.3563769068568945
Latency: 2.3574779578484595
Latency: 2.358857764862478
Latency: 2.3602039420511574
Latency: 2.361552223097533
Latency: 2.3629039709921926
Latency: 2.364313942147419
Latency: 2.365702925948426
Latency: 2.3670837359968573
Latency: 2.368449515895918
Latency: 2.3698465030174702
Latency: 2.3711992180906236
Latency: 2.372577111935243
Latency: 2.373458456946537
Latency: 2.3748487080447376
Latency: 2.3762107777874917
Latency: 2.377594215096906
Latency: 2.378974871011451
Latency: 2.3803926969412714
Latency: 2.4635331730823964
Latency: 2.469272383954376
Latency: 2.470628894865513
Latency: 2.4720656618010253
Latency: 2.4734126068651676
Latency: 2.474864494986832
Latency: 2.4764528949745
Latency: 2.477863462874666
Latency: 2.479244679911062
Latency: 2.4806282280478626
Latency: 2.4820550598669797
Latency: 2.5016516528557986
Latency: 2.503013468114659
Latency: 2.504384974949062
Latency: 2.5057854470796883
Latency: 2.5071580440271646
Latency: 2.5085593149997294
Latency: 2.51011876296252
Latency: 2.509897470008582
Latency: 2.51125722611323
Latency: 2.512622165028006
Latency: 2.5522270621731877
Latency: 2.5525983029510826
Latency: 2.553901160834357
Latency: 2.5553143250290304
Latency: 2.5567748749163
Latency: 2.5582860689610243
Latency: 2.62088964600116
Latency: 2.6209850690793246
Latency: 2.622205063002184
Latency: 2.623611867893487
Latency: 2.6249714519362897
Latency: 2.6262580729089677
Latency: 2.627707595936954
Latency: 2.6290700579993427
Latency: 2.6304356739856303
Latency: 2.63180746184662
Latency: 2.6331500250380486
Latency: 2.634481874993071
Latency: 2.635819874005392
Latency: 2.6372156378347427
Latency: 2.6386067089624703
Latency: 2.639973367797211
Latency: 2.64137635496445
Latency: 2.6428559019695967
Latency: 2.7809515499975532
Latency: 2.782754343934357
Latency: 2.7843990868423134
Latency: 2.7858358828816563
Latency: 2.7873730410356075
Latency: 3.3638098791707307
Latency: 3.3660378819331527
Latency: 3.3681652361992747
Latency: 3.3704297251533717
Latency: 3.3729819499421865
Latency: 3.3751772500108927
Latency: 3.3773422758094966
Latency: 3.3799373330548406
Latency: 3.3768920169677585
Latency: 3.3790604530368
Latency: 3.4865234789904207
Latency: 3.488910417072475
Latency: 3.491445988183841
Latency: 3.493955910904333
Latency: 3.496339824050665
Latency: 2.1654891760554165
Latency: 2.1667364831082523
Latency: 2.168078230926767
Latency: 2.169417057884857
Latency: 2.170786360045895
Latency: 2.1721354199107736
Latency: 2.1735155819915235
Latency: 2.1749049879144877
Latency: 2.17629427020438
Latency: 2.4879375961609185
Latency: 2.488159912871197
Latency: 2.4895010800100863
Latency: 2.490873771952465
Latency: 2.4921588180586696
Latency: 2.4935811879113317
Latency: 2.4949458760675043
Latency: 2.496354244183749
Latency: 2.497750602895394
Latency: 2.499181604012847
Latency: 2.50055014481768
Latency: 2.5020061139948666
Latency: 2.503375669941306
Latency: 2.5048055311199278
Latency: 2.506178918061778
Latency: 2.507569575915113
Latency: 2.511101253097877
Latency: 2.5125621440820396
Latency: 2.5139619358815253
Latency: 2.5153299761004746
Latency: 2.516678001033142
Latency: 2.5180545430630445
Latency: 2.5173966630827636
Latency: 2.518746434012428
Latency: 2.5200980498921126
Latency: 2.5214748620055616
Latency: 2.5228460170328617
Latency: 2.5242188258562237
Latency: 2.525621989974752
Latency: 2.5270341620780528
Latency: 2.528410529019311
Latency: 2.5297702529933304
Latency: 2.5311439789365977
Latency: 2.53253111615777
Latency: 2.5339435250498354
Latency: 2.5354267051443458
Latency: 2.5367928750347346
Latency: 2.538178274175152
Latency: 2.539635284105316
Latency: 2.5412087889853865
Latency: 2.5427111361641437
Latency: 2.5440604260656983
Latency: 2.5454310590866953
Latency: 2.5468245348893106
Latency: 2.5482226801104844
Latency: 2.549626675900072
Latency: 2.538839445915073
Latency: 2.540133467176929
Latency: 2.54148640204221
Latency: 2.5428295789752156
Latency: 2.544216681038961
Latency: 2.545566776068881
Latency: 2.6325060289818794
Latency: 2.6334890071302652
Latency: 2.634869169909507
Latency: 2.6362624131143093
Latency: 2.6376245790161192
Latency: 2.6390100209973752
Latency: 2.64059222699143
Latency: 2.642004488967359
Latency: 2.6432877969928086
Latency: 2.6447340957820415
Latency: 2.6479552160017192
Latency: 2.6492471441160887
Latency: 2.650589497992769
Latency: 2.6518981819972396
Latency: 2.653260816121474
Latency: 2.65474156383425
Latency: 2.656542590819299
Latency: 2.6645700640510768
Latency: 2.6668134690262377
Latency: 2.669405681081116
Latency: 2.671770212939009
Latency: 2.679956650128588
Latency: 2.682390905916691
Latency: 2.683987757889554
Latency: 2.68542968807742
Latency: 2.6869739801622927
Latency: 2.688351391814649
Latency: 2.689852423965931
Latency: 2.68860697792843
Latency: 2.69034279207699
Latency: 2.6917751741129905
Latency: 2.693237820174545
Latency: 2.694660527165979
Latency: 2.6960824229754508
Latency: 2.697466245852411
Latency: 2.6988540880847722
Latency: 2.7002696918789297
Latency: 2.7016728948801756
Latency: 2.7030959690455347
Latency: 2.7044951219577342
Latency: 2.7058789948932827
Latency: 2.707330431090668
Latency: 2.7087787240743637
Latency: 2.71019503287971
Latency: 2.711591191124171
Latency: 2.7130276639945805
Latency: 2.7144755290355533
Latency: 2.716070628957823
Latency: 2.7175368890166283
Latency: 2.7189747849479318
Latency: 2.720360507024452
Latency: 2.7217122511938214
Latency: 2.7231510418932885
Latency: 2.7245621930342168
Latency: 2.7259760841261595
Latency: 2.727362123085186
Latency: 2.7288145450875163
Latency: 2.7302205918822438
Latency: 2.731617831857875
Latency: 2.7330476401839405
Latency: 2.7344007010105997
Latency: 2.7358216259162873
Latency: 2.7372437689919025
Latency: 2.738661877810955
Latency: 2.740057638147846
Latency: 2.7457929078955203
Latency: 2.7471634501125664
Latency: 2.7485453120898455
Latency: 2.749914251966402
Latency: 2.7513326338957995
Latency: 2.677930329926312
Latency: 2.6321031891275197
Latency: 2.6330700758844614
Latency: 2.6343554940540344
Latency: 2.635647940915078
Latency: 2.6369369837921113
Latency: 2.638401369098574
Latency: 2.639455941040069
Latency: 2.6408239740412682
Latency: 2.642182656098157
Latency: 2.84615117800422
Latency: 2.847775381989777
Latency: 2.849193116184324
Latency: 2.85058601712808
Latency: 2.8521404650527984
Latency: 3.00338691403158
Latency: 3.003148267045617
Latency: 3.004469044972211
Latency: 3.005930154118687
Latency: 3.007293584989384
Latency: 3.008691373979673
Latency: 3.041934472043067
Latency: 3.121469351928681
Latency: 3.1227098731324077
Latency: 3.1241093950811774
Latency: 3.1331153952050954
Latency: 3.1330217230133712
Latency: 3.1323720009531826
Latency: 3.209249530918896
Latency: 3.208996084984392
Latency: 3.2081487770192325
Latency: 3.2078056319151074
Latency: 3.2074668852146715
Latency: 3.207383658969775
Latency: 3.2064782539382577
Latency: 3.206124623073265
Latency: 3.20578730199486
Latency: 3.20545117999427
Latency: 3.2046833301428705
Latency: 3.204346819082275
Latency: 3.203995023854077
Latency: 3.203652952099219
Latency: 3.203543799929321
Latency: 2.6142621859908104
Latency: 2.565094150835648
Latency: 2.564698003930971
Latency: 2.564465210074559
Latency: 2.5641297770198435
Latency: 2.564054495887831
Latency: 2.5647148489952087
Latency: 2.5644682610873133
Latency: 2.564834410091862
Latency: 2.5662413160316646
Latency: 2.567659788997844
Latency: 2.5690420831087977
Latency: 2.5704843311104923
Latency: 2.571912771090865
Latency: 2.5733202430419624
Latency: 2.574740407988429
Latency: 2.5761675380636007
Latency: 2.577573475893587
Latency: 2.5789913481567055
Latency: 2.5803875459823757
Latency: 2.581184293841943
Latency: 2.5834663999266922
Latency: 2.584918743930757
Latency: 2.586345423012972
Latency: 2.5877736180555075
Latency: 2.589168891077861
Latency: 2.5905927820131183
Latency: 2.591970852110535
Latency: 2.5934078660793602
Latency: 3.7288893559016287
Latency: 2.935928179882467
Latency: 2.937641625991091
Latency: 2.939072137000039
Latency: 2.940473890863359
Latency: 3.0276863898616284
Latency: 3.029347623931244
Latency: 3.0307649259921163
Latency: 3.032259157160297
Latency: 3.0336693751160055
Latency: 3.035045651020482
Latency: 3.03652522014454
Latency: 4.037684338865802
Latency: 3.0079066900070757
Latency: 3.009113837964833
Latency: 3.010492691071704
Latency: 3.0117336898110807
Latency: 3.013118898961693
Latency: 3.014493138063699
Latency: 3.0159104731865227
Latency: 3.017303074011579
Latency: 3.018391427118331
Latency: 2.7192941079847515
Latency: 2.7206695850472897
Latency: 2.722025705035776
Latency: 2.7233939699362963
Latency: 2.724715875927359
Latency: 2.7251239540055394
Latency: 2.726428700145334
Latency: 2.7277819998562336
Latency: 2.729156411020085
Latency: 2.7305751740932465
Latency: 2.731907994952053
Latency: 2.733212830964476
Latency: 2.7345122168771923
Latency: 2.7358256329316646
Latency: 2.7372085438109934
Latency: 2.7385857249610126
Latency: 2.7400068868882954
Latency: 2.7413619139697403
Latency: 2.7427160469815135
Latency: 2.744096647016704
Latency: 2.7455003620125353
Latency: 2.743473759153858
Latency: 2.745832203887403
Latency: 2.7470765030011535
Latency: 2.7432631170377135
Latency: 2.7445745300501585
Latency: 2.745887184049934
Latency: 2.74718872201629
Latency: 2.748550503049046
Latency: 2.7499148251954466
Latency: 2.7512267369311303
Latency: 2.7526452590245754
Latency: 2.754006592091173
Latency: 2.7553470709826797
Latency: 2.7567427509929985
Latency: 2.758043936919421
Latency: 2.759163061855361
Latency: 2.760457301978022
Latency: 2.756715190829709
Latency: 2.7580118500627577
Latency: 2.759336768882349
Latency: 2.760686725843698
Latency: 2.76223782193847
Latency: 2.763638054020703
Latency: 2.7650312930345535
Latency: 2.766106190858409
Latency: 2.767439162824303
Latency: 2.7688301268499345
Latency: 2.770187297137454
Latency: 2.7715607839636505
Latency: 2.7729548518545926
Latency: 2.7743161420803517
Latency: 2.7756795887835324
Latency: 2.772991312900558
Latency: 2.774218925042078
Latency: 2.7755947911646217
Latency: 2.7769174000713974
Latency: 2.77829885086976
Latency: 2.7796501258853823
Latency: 2.7810183791443706
Latency: 2.782378467032686
Latency: 2.7839875030331314
Latency: 2.7853764249011874
Latency: 2.7867988899815828
Latency: 2.788034043973312
Latency: 2.7894254559651017
Latency: 2.790799852926284
Latency: 2.7921780520118773
Latency: 2.7935448039788753
Latency: 2.794940368970856
Latency: 2.7963293499778956
Latency: 2.7937506020534784
Latency: 2.7951047581154853
Latency: 2.796395193086937
Latency: 3.218231354141608
Latency: 3.2193967420607805
Latency: 3.220811904873699
Latency: 3.2223988368641585
Latency: 3.223830551840365
Latency: 3.2247614560183138
Latency: 3.2261503210756928
Latency: 3.227526431903243
Latency: 3.228928941069171
Latency: 3.2303316311445087
Latency: 3.2317130360752344
Latency: 3.233077629003674
Latency: 3.2335437659639865
Latency: 3.234905344899744
Latency: 3.2362977389711887
Latency: 3.237657414050773
Latency: 3.239010233897716
Latency: 3.1408070370089263
Latency: 3.1408496601507068
Latency: 3.1422188449651003
Latency: 3.1436361158266664
Latency: 3.145039315102622
Latency: 3.1464343189727515
Latency: 3.147871819091961
Latency: 3.1491993831004947
Latency: 3.1505887121893466
Latency: 3.15503695118241
Latency: 3.1564826699905097
Latency: 3.157878201920539
Latency: 3.1592120029963553
Latency: 3.1590070750098675
Latency: 3.160342766903341
Latency: 3.1616791130509228
Latency: 3.163052126998082
Latency: 3.164426476927474
Latency: 3.1657992899417877
Latency: 3.1671941871754825
Latency: 3.1685998879838735
Latency: 6.019954671151936
Latency: 6.021289861993864
Latency: 6.022680778056383
Latency: 3.190249093109742
Latency: 3.1915658169891685
Latency: 3.192466559121385
Latency: 3.1937995068728924
Latency: 3.195159262046218
Latency: 3.196734741097316
Latency: 3.1981052979826927
Latency: 3.1995314040686935
Latency: 3.17331868596375
Latency: 3.174770059995353
Latency: 3.1761373560875654
Latency: 3.177485288819298
Latency: 3.1788192118983716
Latency: 3.180343600921333
Latency: 3.1817352129146457
Latency: 3.1831170280929655
Latency: 3.1844834180083126
Latency: 3.185786696150899
Latency: 3.1871139330323786
Latency: 6.327700558118522
Latency: 6.3290392470080405
Latency: 6.330376934027299
Latency: 3.2634248919785023
Latency: 3.2646169010549784
Latency: 3.265765344025567
Latency: 3.26011964911595
Latency: 3.26138163683936
Latency: 3.26268751709722
Latency: 3.2640263678040355
Latency: 3.265400760108605
Latency: 3.3184020328335464
Latency: 3.251932641956955
Latency: 3.251397551037371
Latency: 3.2528132000006735
Latency: 3.254196390043944
Latency: 3.255576224066317
Latency: 3.2569352528080344
Latency: 3.258329769829288
Latency: 3.2596917850896716
Latency: 3.2610607279930264
Latency: 3.262441855855286
Latency: 3.263770030112937
Latency: 3.24111266201362
Latency: 3.2432409210596234
Latency: 3.2446788768284023
Latency: 3.2460195540916175
Latency: 3.247400018852204
Latency: 3.2487757578492165
Latency: 3.2501180309336632
Latency: 3.251538678072393
Latency: 3.2529539798852056
Latency: 3.254323787987232
Latency: 3.255704468814656
Latency: 3.2571038890164346
Latency: 3.258515842957422
Latency: 3.2598963691852987
Latency: 3.2612815250176936
Latency: 3.262665390037
Latency: 3.2640309119597077
Latency: 3.2654470959678292
Latency: 3.2668205599766225
Latency: 3.268264857819304
Latency: 3.26961910398677
Latency: 3.3194395350292325
Latency: 3.3210425949655473
Latency: 3.322529325960204
Latency: 3.3238630339037627
Latency: 3.3252438940107822
Latency: 3.326666760025546
Latency: 3.327988729812205
Latency: 3.329521758016199
Latency: 3.330877812113613
Latency: 3.332224613055587
Latency: 3.3337957591284066
Latency: 3.3351643399801105
Latency: 3.333055459195748
Latency: 3.3344065460842103
Latency: 3.3357767439447343
Latency: 3.27362625207752
Latency: 3.2747546769678593
Latency: 3.2761120749637485
Latency: 3.276666554156691
Latency: 3.277848702855408
Latency: 3.2792971471790224
Latency: 3.1583787391427904
Latency: 3.159094164147973
Latency: 3.162643310148269
Latency: 3.1641137280967087
Latency: 3.165456648916006
Latency: 3.1668528669979423
Latency: 3.1681722989305854
Latency: 3.169570276979357
Latency: 3.170937805203721
Latency: 3.172325217863545
Latency: 3.173730009002611
Latency: 3.175121600041166
Latency: 3.176594117190689
Latency: 3.177955379942432
Latency: 3.179346361896023
Latency: 3.1807169928215444
Latency: 3.182146741077304
Latency: 3.1835433451924473
Latency: 3.1849227589555085
Latency: 3.1864311590325087
Latency: 3.1878564280923456
Latency: 3.189058082178235
Latency: 10.355924762086943
Latency: 10.366643882123753
Latency: 10.363213384058326
Latency: 10.365293364971876
Latency: 10.36733499285765
Latency: 10.369355431990698
Latency: 10.371444314019755
Latency: 10.373541958862916
Latency: 10.375595740042627
Latency: 10.37774084485136
Latency: 10.380145440110937
Latency: 10.382233112119138
Latency: 10.38425107812509
Latency: 10.386236746096984
Latency: 10.388381838100031
Latency: 10.390405452810228
Latency: 10.392431626096368
Latency: 10.394528900040314
Latency: 10.396533436141908
Latency: 10.398711594054475
Latency: 3.2620973919983953
Latency: 10.39069941896014
Latency: 10.392703311983496
Latency: 10.394776524044573
Latency: 10.396835373947397
Latency: 10.398936683079228
Latency: 10.400992501992732
Latency: 10.40306288516149
Latency: 10.405169404111803
Latency: 10.407211607787758
Latency: 10.411957333097234
Latency: 10.414038361981511
Latency: 3.001374081009999
Latency: 3.0029217591509223
Latency: 3.004322329070419
Latency: 3.0056492439471185
Latency: 4.251733468146995
Latency: 4.253959512105212
Latency: 4.256084270076826
Latency: 4.258266743971035
Latency: 4.260412313044071
Latency: 3.138663223013282
Latency: 3.1398516981862485
Latency: 3.1411366229876876
Latency: 3.1425120811909437
Latency: 3.1438630258198828
Latency: 3.145014342851937
Latency: 3.1463634020183235
Latency: 3.1477320620324463
Latency: 3.1491182311438024
Latency: 3.150486836908385
Latency: 3.0376352299936116
Latency: 10.942991686053574
Latency: 10.94454378890805
Latency: 10.946052815997973
Latency: 10.947530496865511
Latency: 10.949937186902389
Latency: 10.951471925945953
Latency: 10.9529350430239
Latency: 10.954438308021054
Latency: 10.955943605862558
Latency: 10.95744512998499
Latency: 10.958904524100944
Latency: 10.960424336837605
Latency: 2.7398162751924247
Latency: 2.858634195988998
Latency: 2.86000139801763
Latency: 2.8613688668701798
Latency: 2.8627425469458103
Latency: 2.8640872652176768
Latency: 2.8654774778988212
Latency: 2.866857321932912
Latency: 2.8682537907734513
Latency: 3.0378086119890213
Latency: 3.0381867410615087
Latency: 3.0394132130313665
Latency: 3.040636582998559
Latency: 3.0419411880429834
Latency: 3.0432487330399454
Latency: 3.0445322380401194
Latency: 3.0458664540201426
Latency: 3.047090832144022
Latency: 3.0477419251110405
Latency: 3.049035466974601
Latency: 3.0503553301095963
Latency: 3.051689247833565
Latency: 3.0530062639154494
Latency: 3.0543230469338596
Latency: 3.0556230500806123
Latency: 3.056959484005347
Latency: 3.058204347966239
Latency: 3.059540940914303
Latency: 3.0608269937802106
Latency: 3.062058182898909
Latency: 3.0633410681039095
Latency: 3.064617960015312
Latency: 3.0659003239125013
Latency: 3.0671455848496407
Latency: 3.0683705809060484
Latency: 3.071026759920642
Latency: 3.072345986030996
Latency: 3.070581986103207
Latency: 3.071891449857503
Latency: 3.073200538987294
Latency: 3.0745426430366933
Latency: 3.0758881440851837
Latency: 3.077284600120038
Latency: 3.078617549035698
Latency: 3.0867154360748827
Latency: 3.0880015429574996
Latency: 3.0892929560504854
Latency: 3.0906004859134555
Latency: 3.091966130072251
Latency: 3.0932618039660156
Latency: 3.094580177916214
Latency: 3.096133789047599
Latency: 3.097502958960831
Latency: 3.0989014331717044
Latency: 3.1002348919864744
Latency: 3.1015805169008672
Latency: 3.1028870430309325
Latency: 3.104254442965612
Latency: 3.105575729859993
Latency: 3.106913425028324
Latency: 3.1080683839973062
Latency: 3.0655255359597504
Latency: 3.1442057909443974
Latency: 3.1457179649733007
Latency: 3.1471229020971805
Latency: 3.148310395888984
Latency: 3.149645047960803
Latency: 3.1509803829248995
Latency: 3.152346106013283
Latency: 3.153695229906589
Latency: 3.1545734689570963
Latency: 3.1771878029685467
Latency: 3.178142797201872
Latency: 3.179537517018616
Latency: 3.180022354936227
Latency: 3.181347236968577
Latency: 3.181986102135852
Latency: 3.1833210419863462
Latency: 3.18469296884723
Latency: 3.1852616369724274
Latency: 3.1865737300831825
Latency: 3.1879375451244414
Latency: 3.1883683789055794
Latency: 3.189693870022893
Latency: 3.1910255930852145
Latency: 3.1923850120510906
Latency: 3.192497717915103
Latency: 3.193802959052846
Latency: 3.195170158986002
Latency: 3.196528689004481
Latency: 3.197866318980232
Latency: 3.1974845400545746
Latency: 3.1987772681750357
Latency: 3.200114849023521
Latency: 3.2014039079658687
Latency: 3.202747347066179
Latency: 3.204069626983255
Latency: 3.206910998094827
Latency: 3.2057893560267985
Latency: 3.2070951990317553
Latency: 3.208385332953185
Latency: 3.2096971271093935
Latency: 3.2110305270180106
Latency: 3.2123660289216787
Latency: 3.2137477630749345
Latency: 3.2150846088770777
Latency: 3.2164619110990316
Latency: 3.217793215997517
Latency: 3.219175118021667
Latency: 3.220585981849581
Latency: 3.2219431588891894
Latency: 3.2232575200032443
Latency: 3.2246629749424756
Latency: 3.226035273866728
Latency: 3.22738956916146
Latency: 3.228765173116699
Latency: 3.230097777908668
Latency: 3.231488425983116
Latency: 3.2330832560546696
Latency: 3.234503956977278
Latency: 3.2358265619259328
Latency: 3.2371815191581845
Latency: 3.238565741106868
Latency: 3.237547588068992
Latency: 3.238811790011823
Latency: 3.240180289139971
Latency: 3.241525311022997
Latency: 3.2428971810732037
Latency: 3.24429600010626
Latency: 3.245636552805081
Latency: 3.247055813902989
Latency: 2.858596381964162
Latency: 2.8598092671018094
Latency: 2.861128594027832
Latency: 2.8624449560884386
Latency: 2.8637831408996135
Latency: 2.865135934902355
Latency: 2.8230881940107793
Latency: 3.050096585880965
Latency: 3.0512919949833304
Latency: 3.0527357840910554
Latency: 3.054145225090906
Latency: 3.0555283040739596
Latency: 3.056199857033789
Latency: 2.9681972512044013
Latency: 2.9694465280044824
Latency: 2.970829979982227
Latency: 2.9722525679972023
Latency: 2.9736490859650075
Latency: 2.975031384965405
Latency: 2.9764440269209445
Latency: 3.1802864300552756
Latency: 3.181802535895258
Latency: 3.1831944689620286
Latency: 3.1845745728351176
Latency: 3.185948088997975
Latency: 3.1874661550391465
Latency: 3.18889908795245
Latency: 3.190236084163189
Latency: 3.1915840359870344
Latency: 6.225013654911891
Latency: 6.225920982891694
Latency: 3.8714942431543022
Latency: 3.873785564908758
Latency: 3.8761209789663553
Latency: 3.8784632950555533
Latency: 3.8808230198919773
Latency: 3.883107237983495
Latency: 3.8853939690161496
Latency: 3.887884244089946
Latency: 3.890240201028064
Latency: 3.8924469009507447
Latency: 3.8946862348821014
Latency: 3.8971141139045358
Latency: 3.899386975215748
Latency: 3.9016152701806277
Latency: 3.903920132899657
Latency: 2.726716056931764
Latency: 2.727891773916781
Latency: 2.7292673580814153
Latency: 2.730618827044964
Latency: 2.7319946081843227
Latency: 2.7333987259771675
Latency: 2.734784123953432
Latency: 2.7374531091190875
Latency: 2.7388645610772073
Latency: 2.739512801868841
Latency: 2.740867886925116
Latency: 2.742251612013206
Latency: 2.743665751069784
Latency: 2.7450823278632015
Latency: 2.7457790938206017
Latency: 2.7471682191826403
Latency: 2.748583137989044
Latency: 2.750015801982954
Latency: 2.7801446951925755
Latency: 2.781566962134093
Latency: 2.7829930540174246
Latency: 2.7843725429847836
Latency: 2.7858887049369514
Latency: 2.7873339601792395
Latency: 2.7887516990303993
Latency: 2.7901940799783915
Latency: 2.7915973670314997
Latency: 2.793251554016024
Latency: 2.7946431329473853
Latency: 2.7423286009579897
Latency: 2.7418570751324296
Latency: 2.7415980820078403
Latency: 2.7413339018821716
Latency: 2.824921331135556
Latency: 2.8244573960546404
Latency: 2.8250088260974735
Latency: 2.8263422430027276
Latency: 2.8278726101852953
Latency: 2.829287114785984
Latency: 2.830704770050943
Latency: 2.9665456290822476
Latency: 2.967829736182466
Latency: 2.96914013591595
Latency: 2.9705428269226104
Latency: 2.9719217531383038
Latency: 2.9732590077910572
Latency: 2.9746212910395116
Latency: 2.9759763618931174
Latency: 2.9773910918738693
Latency: 2.9787667191121727
Latency: 2.8974169939756393
Latency: 2.8985366199631244
Latency: 2.899831270100549
Latency: 2.9011864848434925
Latency: 2.9021899849176407
Latency: 2.903483191970736
Latency: 2.904859473928809
Latency: 2.905272230040282
Latency: 2.9065739249344915
Latency: 2.9079713108949363
Latency: 2.9093132810667157
Latency: 2.9095381249208003
Latency: 2.9109179039951414
Latency: 2.9082559859380126
Latency: 2.9097071101423353
Latency: 2.9110664178151637
Latency: 2.9124758639372885
Latency: 2.9138711411505938
Latency: 2.915208366001025
Latency: 2.9166137150023133
Latency: 2.9179783819708973
Latency: 2.919353822944686
Latency: 2.9207323361188173
Latency: 2.984344857977703
Latency: 2.985770506085828
Latency: 2.987223281059414
Latency: 2.9870894527994096
Latency: 2.9343742199707776
Latency: 2.935661705909297
Latency: 2.9370331279933453
Latency: 2.9173346050083637
Latency: 2.919470526976511
Latency: 2.920865003950894
Latency: 2.922264964086935
Latency: 2.923630287172273
Latency: 2.9250093707814813
Latency: 2.9264053939841688
Latency: 2.9277843178715557
Latency: 2.929193275049329
Latency: 2.930575979873538
Latency: 2.931945557007566
Latency: 2.933373248903081
Latency: 2.934779606992379
Latency: 2.9361834400333464
Latency: 2.937531534815207
Latency: 2.938912778161466
Latency: 2.940295428968966
Latency: 2.941680572926998
Latency: 2.943091897992417
Latency: 2.9444559649564326
Latency: 2.945862784050405
Latency: 2.9472501419950277
Latency: 2.9488995189312845
Latency: 2.9503578930161893
Latency: 2.9517645169980824
Latency: 2.95316361496225
Latency: 2.9545382710639387
Latency: 2.9559007161296904
Latency: 2.957216312875971
Latency: 2.9587134199682623
Latency: 2.960200689965859
Latency: 2.961528876796365
Latency: 2.9623970079701394
Latency: 2.963764983927831
Latency: 2.965127507923171
Latency: 2.9665694620925933
Latency: 2.967900461051613
Latency: 2.969226151937619
Latency: 2.970665819942951
Latency: 2.972059343010187
Latency: 2.9738933918997645
Latency: 2.9750878610648215
Latency: 2.9764879029244184
Latency: 2.9778634239919484
Latency: 2.9792436929419637
Latency: 2.9806515749078244
Latency: 2.9820268829353154
Latency: 2.9834328680299222
Latency: 2.984793418087065
Latency: 2.986169463954866
Latency: 2.987534703919664
Latency: 2.988907888997346
Latency: 2.9902693638578057
Latency: 2.991645558970049
Latency: 2.993057559011504
Latency: 2.9944395639467984
Latency: 2.9958216729573905
Latency: 2.997145066037774
Latency: 2.9987590480595827
Latency: 3.000172881875187
Latency: 3.1044585169292986
Latency: 3.1050549510400742
Latency: 3.106711187167093
Latency: 3.1080849380232394
Latency: 3.109467393020168
Latency: 3.110874086152762
Latency: 3.1122964590322226
Latency: 3.113737736828625
Latency: 3.1152001870796084
Latency: 2.9898255141451955
Latency: 2.9966734170448035
Latency: 2.9981437139213085
Latency: 2.99958811304532
Latency: 3.0009124430362135
Latency: 3.002170555992052
Latency: 3.0035941700916737
Latency: 3.0050369249656796
Latency: 3.0064696308691055
Latency: 3.0078756490256637
Latency: 3.0089045609347522
Latency: 3.0103265850339085
Latency: 3.0117522769141942
Latency: 3.0132083140779287
Latency: 3.014611782040447
Latency: 3.0159894889220595
Latency: 3.0174282719381154
Latency: 3.018827461870387
Latency: 3.0202478661667556
Latency: 3.0216958168894053
Latency: 3.0231430248823017
Latency: 3.0245693549513817
Latency: 3.0274999050889164
Latency: 3.027832173043862
Latency: 3.0291989468969405
Latency: 3.0305946180596948
Latency: 3.031981155043468
Latency: 3.033382481895387
Latency: 3.034815903985873
Latency: 3.036188725847751
Latency: 3.037585517158732
Latency: 3.0390311549417675
Latency: 3.0404145081993192
Latency: 3.04178911796771
Latency: 3.0432424088940024
Latency: 3.0445823650807142
Latency: 3.046041883993894
Latency: 3.04744215705432
Latency: 3.048994774930179
Latency: 3.050611529033631
Latency: 3.0520746977999806
Latency: 3.0511998010333627
Latency: 3.0525739199947566
Latency: 3.0539606511592865
Latency: 3.055670715868473
Latency: 3.0570977290626615
Latency: 3.058503112057224
Latency: 3.0598985659889877
Latency: 2.975552865071222
Latency: 2.976794076850638
Latency: 2.978132772957906
Latency: 2.9796094440389425
Latency: 2.98110697302036
Latency: 2.9824573781806976
Latency: 2.983891875948757
Latency: 2.982902168063447
Latency: 2.9842863499652594
Latency: 2.9856792530044913
Latency: 2.9870970440097153
Latency: 2.9885172850918025
Latency: 2.9899322539567947
Latency: 2.991369226947427
Latency: 2.992841072147712
Latency: 2.9941245520021766
Latency: 2.9960841049905866
Latency: 2.9974906390998513
Latency: 2.9989368121605366
Latency: 3.0002987920306623
Latency: 3.001745092915371
Latency: 3.0031854391563684
Latency: 3.004387270892039
Latency: 3.0058088111691177
Latency: 3.007214857963845
Latency: 3.008652085904032
Latency: 3.0101214630994946
Latency: 3.0115181719884276
Latency: 2.8932155407965183
Latency: 2.894491838058457
Latency: 2.8958056890405715
Latency: 2.897162294946611
Latency: 2.8985667459201068
Latency: 2.9001878360286355
Latency: 2.9016007790341973
Latency: 2.9030467900447547
Latency: 2.9044326851144433
Latency: 2.9058492279145867
Latency: 2.907259721076116
Latency: 2.908652805024758
Latency: 2.910094383172691
Latency: 2.9115099089685827
Latency: 3.1918730249162763
Latency: 3.1983582079410553
Latency: 3.1998392031528056
Latency: 3.201272213831544
Latency: 3.202655029948801
Latency: 3.204130080062896
Latency: 3.205538915004581
Latency: 3.206958529073745
Latency: 3.20836442313157
Latency: 3.209781681885943
Latency: 3.2111968039534986
Latency: 3.212674368871376
Latency: 3.214065297972411
Latency: 4.105946071911603
Latency: 4.108217152068391
Latency: 4.110436245799065
Latency: 4.112645060988143
Latency: 4.114846060983837
Latency: 4.117086604936048
Latency: 4.119299664860591
Latency: 4.121529633179307
Latency: 4.123725550947711
Latency: 4.12595331016928
Latency: 4.128139344975352
Latency: 4.130296238930896
Latency: 4.13254227489233
Latency: 4.134673957945779
Latency: 4.13685768796131
Latency: 4.139044809155166
Latency: 4.141848335042596
Latency: 4.14402193389833
Latency: 4.146208833903074
Latency: 4.148391132010147
Latency: 4.150563912000507
Latency: 4.152769320877269
Latency: 4.156235788017511
Latency: 4.158385725924745
Latency: 4.160567702027038
Latency: 4.162743801018223
Latency: 4.164920093026012
Latency: 4.167066608089954
Latency: 4.169192820088938
Latency: 4.171419020975009
Latency: 4.173561482224613
Latency: 4.175748674198985
Latency: 4.177947911899537
Latency: 4.180092112859711
Latency: 4.182272683829069
Latency: 4.184439959004521
Latency: 4.186645657056943
Latency: 4.188847138080746
Latency: 4.191022376995534
Latency: 4.19322849297896
Latency: 4.209310005884618
Latency: 4.211555183166638
Latency: 4.2137994430959225
Latency: 4.215974444057792
Latency: 4.1137695459183306
Latency: 4.115980722941458
Latency: 3.100456438958645
Latency: 4.123656403971836
Latency: 4.126208408968523
Latency: 4.128299133852124
Latency: 4.13053137389943
Latency: 4.132702948991209
Latency: 3.0342223281040788
Latency: 3.035459167091176
Latency: 3.036818277090788
Latency: 2.867991187842563
Latency: 2.869051991030574
Latency: 2.8703429659362882
Latency: 2.8716994810383767
Latency: 2.872940885135904
Latency: 2.8393571011256427
Latency: 2.8403598237782717
Latency: 2.8412172321695834
Latency: 2.8411594619974494
Latency: 2.842536601005122
Latency: 2.8432885769288987
Latency: 2.8442470938898623
Latency: 2.845586290117353
Latency: 2.846996368141845
Latency: 2.8485385328531265
Latency: 2.849965416127816
Latency: 2.8513624279294163
Latency: 2.8527426549699157
Latency: 2.8533737489487976
Latency: 2.8547361579257995
Latency: 2.8560859938152134
Latency: 2.857471711933613
Latency: 2.8588565711397678
Latency: 2.8603035998530686
Latency: 2.861633937107399
Latency: 2.8631255831569433
Latency: 2.8645396190695465
Latency: 2.8659373009577394
Latency: 2.867342898156494
Latency: 2.8687680680304766
Latency: 2.8701881158631295
Latency: 2.8715727070812136
Latency: 2.8730104360729456
Latency: 2.874387982999906
Latency: 2.875130024040118
Latency: 2.97337895212695
Latency: 2.9790933730546385
Latency: 2.980605539865792
Latency: 2.982012866064906
Latency: 2.9834194271825254
Latency: 2.986170089105144
Latency: 2.986146505922079
Latency: 2.9875617569778115
Latency: 2.9889599590096623
Latency: 2.9903863959480077
Latency: 2.9693482099100947
Latency: 2.968885482987389
Latency: 2.9686383751686662
Latency: 2.9682780620642006
Latency: 2.969198505859822
Latency: 2.968959165038541
Latency: 2.9693211431149393
Latency: 2.9708996820263565
Latency: 2.9724879551213235
Latency: 2.8257594062015414
Latency: 2.826692396076396
Latency: 2.828038554172963
Latency: 2.90796240279451
Latency: 2.909412144916132
Latency: 2.910813316004351
Latency: 2.9122058728244156
Latency: 2.913620606996119
Latency: 2.9150481200776994
Latency: 2.916461448185146
Latency: 2.9178960560820997
Latency: 2.919340314809233
Latency: 2.920761786866933
Latency: 2.922130489954725
Latency: 2.923609300982207
Latency: 2.9250311381183565
Latency: 2.9264671441633254
Latency: 2.9251801930367947
Latency: 2.9265863429754972
Latency: 2.9279614058323205
Latency: 2.929351727012545
Latency: 2.9307965240441263
Latency: 2.9321966930292547
Latency: 2.9336374099366367
Latency: 2.9350197250023484
Latency: 2.9364551219623536
Latency: 2.9378567619714886
Latency: 2.9392326490487903
Latency: 2.941918319091201
Latency: 2.943379397969693
Latency: 2.94028517883271
Latency: 2.9416539799422026
Latency: 2.943056124029681
Latency: 2.9444189679343253
Latency: 2.9120170739479363
Latency: 2.913313644938171
Latency: 2.914179251063615
Latency: 2.915626693982631
Latency: 2.9170137101318687
Latency: 2.9184251569677144
Latency: 2.9197459251154214
Latency: 2.9913518589455634
Latency: 2.99274027813226
Latency: 2.9941647960804403
Latency: 2.9950567150954157
Latency: 2.9964512567967176
Latency: 2.9978718559723347
Latency: 2.9992474589962512
Latency: 3.0006611470598727
Latency: 3.0020750120747834
Latency: 3.0037089900579304
Latency: 3.005171709926799
Latency: 3.0065548189450055
Latency: 3.0079628829844296
Latency: 3.0085849568713456
Latency: 3.0100078980904073
Latency: 3.011367308907211
Latency: 3.0127536410000175
Latency: 3.01417022687383
Latency: 3.0155826890841126
Latency: 3.0169792401138693
Latency: 3.0183885041624308
Latency: 3.019796052016318
Latency: 3.021100103156641
Latency: 3.0225420298520476
Latency: 3.023961248109117
Latency: 3.025390323018655
Latency: 3.1542653318028897
Latency: 3.155547983944416
Latency: 3.1569101030472666
Latency: 3.158324151067063
Latency: 3.1594879881013185
Latency: 3.1609087388496846
Latency: 3.1622682539746165
Latency: 3.1636376520618796
Latency: 3.165044098161161
Latency: 3.166421268833801
Latency: 3.167686349945143
Latency: 3.1691117819864303
Latency: 3.17049852386117
Latency: 4.118286506040022
Latency: 4.120481505990028
Latency: 4.123459485825151
Latency: 4.125675161834806
Latency: 4.127901365049183
Latency: 4.13079530489631
Latency: 4.35500144190155
Latency: 4.357377731008455
Latency: 4.359599279006943
Latency: 4.361850606044754
Latency: 4.363976016175002
Latency: 4.366216507041827
Latency: 4.368414450204
Latency: 4.370649660937488
Latency: 4.372853446984664
Latency: 4.375137084862217
Latency: 4.377368547953665
Latency: 4.379555866122246
Latency: 4.381772099994123
Latency: 4.3840198398102075
Latency: 4.386309760855511
Latency: 4.389045275980607
Latency: 4.391274901106954
Latency: 4.393499244935811
Latency: 4.395724833011627
Latency: 4.397979405010119
Latency: 4.400165250059217
Latency: 4.402420525904745
Latency: 4.404687979957089
Latency: 4.406940510030836
Latency: 4.409696169896051
Latency: 4.412863756995648
Latency: 3.3396325779613107
Latency: 3.3407040040474385
Latency: 3.3420271179638803
Latency: 3.343394812894985
Latency: 3.344801293918863
Latency: 3.3462236328050494
Latency: 3.3476198769640177
Latency: 3.3490397499408573
Latency: 3.350464764982462
Latency: 4.28823574911803
Latency: 4.290549618890509
Latency: 4.292799314018339
Latency: 4.294940727995709
Latency: 4.297099963063374
Latency: 4.299258959945291
Latency: 4.301428682170808
Latency: 4.303581326967105
Latency: 4.305708087049425
Latency: 4.307881614891812
Latency: 4.310053522931412
Latency: 4.312211182899773
Latency: 4.314378815004602
Latency: 3.2323175261262804
Latency: 3.2343041230924428
Latency: 3.235604082001373
Latency: 3.237108262022957
Latency: 3.2385787449311465
Latency: 3.239933891920373
Latency: 3.2414155430160463
Latency: 3.2427393558900803
Latency: 3.244136930909008
Latency: 3.245483033824712
Latency: 3.246842205990106
Latency: 3.248181654140353
Latency: 3.249552672961727
Latency: 3.2509717671200633
Latency: 3.252337492071092
Latency: 3.253742574946955
Latency: 3.2551215910352767
Latency: 3.256538819987327
Latency: 3.2578942081891
Latency: 3.259448500117287
Latency: 3.2606897549703717
Latency: 3.2620759191922843
Latency: 3.2634827450383455
Latency: 3.2648300470318645
Latency: 3.2662173309363425
Latency: 3.2676197830587626
Latency: 3.269025729969144
Latency: 3.2703636379446834
Latency: 3.271837485022843
Latency: 3.2732200110331178
Latency: 3.2746065449900925
Latency: 3.2759882928803563
Latency: 3.2773708049207926
Latency: 3.278812895063311
Latency: 3.280116776935756
Latency: 3.281476081116125
Latency: 3.2828210899606347
Latency: 3.2841886181849986
Latency: 3.285571617074311
Latency: 3.286950259935111
Latency: 3.2885908228345215
Latency: 3.290049202973023
Latency: 3.291471365140751
Latency: 3.2928742261137813
Latency: 3.294320577988401
Latency: 3.2957524720113724
Latency: 3.294153877068311
Latency: 3.294225862948224
Latency: 3.2956336739007384
Latency: 3.297026532003656
Latency: 3.2540669029112905
Latency: 3.2553752481471747
Latency: 3.256760583957657
Latency: 3.36177969397977
Latency: 3.3633757000789046
Latency: 3.364803164033219
Latency: 3.3661415812093765
Latency: 2.9288021260872483
Latency: 2.930098812095821
Latency: 2.9313957400154322
Latency: 2.9327369770035148
Latency: 2.9341391948983073
Latency: 2.9354752849321812
Latency: 2.9369031600654125
Latency: 2.938312582904473
Latency: 2.9396967189386487
Latency: 2.9410959780216217
Latency: 2.9425087519921362
Latency: 2.943947891006246
Latency: 2.9453336738515645
Latency: 2.9467156580649316
Latency: 2.947032440919429
Latency: 2.9483768539503217
Latency: 2.9496640278957784
Latency: 2.9511072349268943
Latency: 2.952481401152909
Latency: 2.953875116072595
Latency: 2.9552633659914136
Latency: 2.956642573000863
Latency: 2.9580329798627645
Latency: 2.9594175638630986
Latency: 2.96079781698063
Latency: 2.9632076260168105
Latency: 2.9646502209361643
Latency: 2.9660028989892453
Latency: 2.967434593010694
Latency: 2.9687625179067254
Latency: 2.970183511963114
Latency: 2.971545304171741
Latency: 2.972879172069952
Latency: 2.9467970591504127
Latency: 2.9481397380586714
Latency: 2.949687261134386
Latency: 3.2282580009195954
Latency: 3.229752301936969
Latency: 3.2310052749235183
Latency: 3.2324131031055003
Latency: 3.233751470921561
Latency: 3.2350901199970394
Latency: 3.2364359491039068
Latency: 3.236664147116244
Latency: 3.237997650168836
Latency: 3.108476913999766
Latency: 3.1097299170214683
Latency: 3.110602544154972
Latency: 3.11192813818343
Latency: 3.113256795099005
Latency: 3.11457312409766
Latency: 3.1159312981180847
Latency: 3.117274931864813
Latency: 3.1185840328689665
Latency: 3.1196966599673033
Latency: 3.121079150820151
Latency: 3.1223980211652815
Latency: 3.1237848550081253
Latency: 3.1251415330916643
Latency: 3.126467972062528
Latency: 3.1307260980829597
Latency: 3.132238730089739
Latency: 3.1336303241550922
Latency: 3.134509347146377
Latency: 3.1360036488622427
Latency: 3.137361333006993
Latency: 3.1387046379968524
Latency: 3.1402769340202212
Latency: 3.1416088631376624
Latency: 3.142998091178015
Latency: 3.1443613979499787
Latency: 3.1457685991190374
Latency: 3.1471532250288874
Latency: 3.1475338470190763
Latency: 3.1488125098403543
Latency: 3.1501568199601024
Latency: 3.0963563919067383
Latency: 3.0973267040681094
Latency: 3.0985952720511705
Latency: 3.0999287120066583
Latency: 3.1012389820534736
Latency: 3.1026228140108287
Latency: 3.1039792229421437
Latency: 3.1053543239831924
Latency: 3.106692998902872
Latency: 3.1081029609777033
Latency: 3.1104832338169217
Latency: 3.111853176029399
Latency: 3.113217541947961
Latency: 3.1144071540329605
Latency: 3.1157737490721047
Latency: 3.1171371899545193
Latency: 3.1185379759408534
Latency: 3.1199187231250107
Latency: 3.1213003650773317
Latency: 3.1226594301406294
Latency: 3.124049019999802
Latency: 3.1254248989280313
Latency: 3.2653607779648155
Latency: 3.2667490511666983
Latency: 3.268122873036191
Latency: 3.2695098689291626
Latency: 3.270891577936709
Latency: 3.272264862898737
Latency: 3.2736229260917753
Latency: 3.274980266811326
Latency: 3.2752508448902518
Latency: 3.2766909890342504
Latency: 3.5223480258136988
Latency: 3.2808926140423864
Latency: 3.2822514390572906
Latency: 3.283625319134444
Latency: 3.2850127478595823
Latency: 3.2864137429278344
Latency: 3.287818199954927
Latency: 3.2892266961280257
Latency: 3.264149890979752
Latency: 3.2656439139973372
Latency: 3.2670668659266084
Latency: 3.2685080328956246
Latency: 3.269865288864821
Latency: 3.2712442609481514
Latency: 3.2726327979471534
Latency: 3.274048744002357
Latency: 3.2754836450330913
Latency: 3.276862330036238
Latency: 3.316776870051399
Latency: 3.318218760890886
Latency: 3.318488884018734
Latency: 3.3198434410151094
Latency: 3.321165143046528
Latency: 3.322607043199241
Latency: 3.323970776051283
Latency: 3.325368012068793
Latency: 3.326806719880551
Latency: 3.328268151031807
Latency: 3.2459411879535764
Latency: 3.247310444014147
Latency: 3.248685516882688
Latency: 3.2501082110684365
Latency: 3.2514556830283254
Latency: 3.252964503131807
Latency: 3.254388262052089
Latency: 3.4482036270201206
Latency: 3.4496311522088945
Latency: 3.4511262360028923
Latency: 3.4525258988142014
Latency: 3.453908042050898
Latency: 3.4552916798274964
Latency: 3.9412159351632
Latency: 3.943408300867304
Latency: 3.9455682749394327
Latency: 3.9477957538329065
Latency: 3.95056106406264
Latency: 3.952839524950832
Latency: 3.9549893538933247
Latency: 3.957272164989263
Latency: 3.959516641916707
Latency: 3.9617294969502836
Latency: 3.9639588249847293
Latency: 3.966193140950054
Latency: 3.9683915111236274
Latency: 3.9706028341315687
Latency: 2.938660009065643
Latency: 2.9398659421131015
Latency: 2.941199684049934
Latency: 2.942184725077823
Latency: 2.943593209143728
Latency: 2.9449953041039407
Latency: 2.9463663259521127
Latency: 3.960810574935749
Latency: 3.9632301991805434
Latency: 3.9654523069038987
Latency: 3.9676533290185034
Latency: 3.9698154979851097
Latency: 3.9720239699818194
Latency: 3.9742340850643814
Latency: 3.976378349820152
Latency: 3.9786263790447265
Latency: 3.98083305102773
Latency: 3.983076486038044
Latency: 3.9852524260059
Latency: 3.9874615659937263
Latency: 3.9896424668841064
Latency: 3.9918657140806317
Latency: 3.994034372968599
Latency: 3.9962211411911994
Latency: 3.998427666956559
Latency: 4.00062227784656
Latency: 4.003088959027082
Latency: 4.00552121992223
Latency: 4.00775821111165
Latency: 4.0099128391593695
Latency: 4.012104040943086
Latency: 4.014326289994642
Latency: 4.016455092001706
Latency: 4.018689150922
Latency: 4.0209276070818305
Latency: 4.023131588939577
Latency: 4.025298923952505
Latency: 4.027518922928721
Latency: 4.029686300083995
Latency: 4.031902001006529
Latency: 4.034105958184227
Latency: 4.036307625938207
Latency: 4.038491438142955
Latency: 4.040877025108784
Latency: 4.0431283169891685
Latency: 4.045326987048611
Latency: 4.047514772973955
Latency: 4.049692006781697
Latency: 4.051906722132117
Latency: 4.054066956974566
Latency: 4.056271946057677
Latency: 4.058705165050924
Latency: 4.060883085941896
Latency: 4.063071270938963
Latency: 4.065293348161504
Latency: 4.067583227995783
Latency: 3.0375079340301454
Latency: 3.0385089651681483
Latency: 3.0398430819623172
Latency: 3.0411951979622245
Latency: 3.0426304140128195
Latency: 3.044047753093764
Latency: 3.045397519832477
Latency: 3.0467744870111346
Latency: 3.0483897388912737
Latency: 3.049859940074384
Latency: 3.0513048141729087
Latency: 3.0527128221001476
Latency: 3.0540754429530352
Latency: 3.055478465044871
Latency: 3.056922463933006
Latency: 3.3391767679713666
Latency: 3.3406329178251326
Latency: 3.3419968150556087
Latency: 3.343394103925675
Latency: 3.344792318996042
Latency: 3.3461568630300462
Latency: 3.3475805099587888
Latency: 3.3489205059595406
Latency: 3.350365861086175
Latency: 3.3516954339575022
Latency: 3.3530625738203526
Latency: 3.354439314920455
Latency: 3.3558164529968053
Latency: 3.357220406876877
Latency: 3.358540277928114
Latency: 3.3599402972031385
Latency: 3.415001404006034
Latency: 3.4166269178967923
Latency: 3.4180214749649167
Latency: 3.419356337049976
Latency: 3.4311834201216698
Latency: 3.4327548888977617
Latency: 3.4342807431239635
Latency: 3.435805678833276
Latency: 3.077559929806739
Latency: 3.1532979391049594
Latency: 3.0952655498404056
Latency: 3.0948449689894915
Latency: 3.0944590729195625
Latency: 3.0943215279839933
Latency: 3.093976682983339
Latency: 3.0936337490566075
Latency: 3.0934450060594827
Latency: 3.0932552660815418
Latency: 3.092906557954848
Latency: 3.0925562139600515
Latency: 3.0918374098837376
Latency: 3.091740926960483
Latency: 3.0921659250743687
Latency: 3.093992264010012
Latency: 3.0947802329901606
Latency: 3.0962676859926432
Latency: 3.097649763105437
Latency: 3.099006837932393
Latency: 3.100391133921221
Latency: 3.1017817249521613
Latency: 3.1031692780088633
Latency: 3.1058064359240234
Latency: 3.107246225932613
Latency: 3.1086509360466152
Latency: 3.110017398837954
Latency: 3.111137270927429
Latency: 3.1124545480124652
Latency: 3.113840331090614
Latency: 3.1152353070210665
Latency: 3.116614091908559
Latency: 3.1180098219774663
Latency: 3.1194063269067556
Latency: 3.1208392058033496
Latency: 3.1222177499439567
Latency: 3.1236016878392547
Latency: 3.1250413609668612
Latency: 3.126386246178299
Latency: 3.1278234000783414
Latency: 3.129245554096997
Latency: 3.1305893568787724
Latency: 3.1319833588786423
Latency: 2.939638583920896
Latency: 2.941023671068251
Latency: 2.9518049960024655
Latency: 2.9532178461086005
Latency: 2.954605998005718
Latency: 2.9559707639273256
Latency: 2.9573618611320853
Latency: 2.958671608939767
Latency: 2.9597515820059925
Latency: 2.961070293094963
