Latency: 1.6372202329803258
Latency: 1.6304748770780861
Latency: 1.646697922842577
Latency: 1.641094271093607
Latency: 1.638613048940897
Latency: 1.6178151911590248
Latency: 1.6328208269551396
Latency: 1.6530864778906107
Latency: 1.6361077791079879
Latency: 1.626473989104852
Latency: 1.6518352460116148
Latency: 1.6570982839912176
Latency: 1.6670061410404742
Latency: 1.6278683238197118
Latency: 1.6786775758955628
Latency: 1.6520645590499043
Latency: 1.6408239700831473
Latency: 1.6287218909710646
Latency: 1.642598472069949
Latency: 1.6582711760420352
Latency: 1.6472625529859215
Latency: 1.6883861210662872
Latency: 1.6522732679732144
Latency: 1.660292796092108
Latency: 1.6744218179956079
Latency: 1.6925927659031004
Latency: 1.6553777290973812
Latency: 1.6595390720758587
Latency: 1.703144347993657
Latency: 1.7065618159249425
Latency: 1.6921444300096482
Latency: 1.6987153510563076
Latency: 1.6881145890802145
Latency: 1.6947743680793792
Latency: 1.665404330007732
Latency: 1.658700899919495
Latency: 1.680961504112929
Latency: 1.679195909993723
Latency: 1.6967288120649755
Latency: 1.6708163730800152
Latency: 1.6808688780292869
Latency: 1.6982653941959143
Latency: 1.7174032828770578
Latency: 1.6947542510461062
Latency: 1.688813435845077
Latency: 1.7264449100475758
Latency: 1.6820861538872123
Latency: 1.717629435006529
Latency: 1.7272307339590043
Latency: 1.6929311570711434
Latency: 1.7237035080324858
Latency: 1.6970154140144587
Latency: 1.7194269259925932
Latency: 1.7122268108651042
Latency: 1.7149474290199578
Latency: 1.7147604608908296
Latency: 1.7303913850337267
Latency: 1.7315774650778621
Latency: 1.7206764810252935
Latency: 1.707959677092731
Latency: 1.7376241669990122
Latency: 1.7310763660352677
Latency: 1.7501965430565178
Latency: 1.7175910400692374
Latency: 1.7557839311193675
Latency: 1.7582374908961356
Latency: 1.754526519915089
Latency: 1.7671406648587435
Latency: 1.7311738019343466
Latency: 1.7531178840436041
Latency: 1.7604178700130433
Latency: 1.7539465299341828
Latency: 1.7606326129753143
Latency: 1.7546738758683205
Latency: 1.75217304402031
Latency: 1.73417177493684
Latency: 1.7803697150666267
Latency: 1.7715155621990561
Latency: 1.73845634306781
Latency: 1.7793942410498857
Latency: 1.7616749329026788
Latency: 1.7611671979539096
Latency: 1.7741873459890485
Latency: 1.7639727869536728
Latency: 1.7962829479947686
Latency: 1.7750904320273548
Latency: 1.7617448659148067
Latency: 1.802982899127528
Latency: 1.7831419981084764
Latency: 1.767064943909645
Latency: 1.8013561491388828
Latency: 1.7857199339196086
Latency: 1.8338935491628945
Latency: 1.8243790501728654
Latency: 1.85565349413082
Latency: 1.84759512799792
Latency: 1.8145316599402577
Latency: 1.845481620170176
Latency: 1.825820084195584
Latency: 1.850651368033141
Latency: 1.8748250040225685
Latency: 1.851878295885399
Latency: 1.852807248942554
Latency: 1.8607752199750394
Latency: 1.8016615670640022
Latency: 1.8519369158893824
Latency: 1.8450026521459222
Latency: 1.8367819339036942
Latency: 1.8098643419798464
Latency: 1.8709632840473205
Latency: 1.8586093131452799
Latency: 1.8456674308981746
Latency: 1.8150250839535147
Latency: 1.8434598401654512
Latency: 1.886137722991407
Latency: 1.8705282269511372
Latency: 1.8221667720936239
Latency: 1.893100033979863
Latency: 1.89116719388403
Latency: 1.8994263459462672
Latency: 1.8765764590352774
Latency: 1.8744500258471817
Latency: 1.8846171509940177
Latency: 1.9041430179495364
Latency: 1.8770606638863683
Latency: 1.9020956379827112
Latency: 1.8862292738631368
Latency: 1.8775205130223185
Latency: 1.8966713070403785
Latency: 1.909779235953465
Latency: 1.8965143759269267
Latency: 1.8984194418881088
Latency: 1.9176607748959213
Latency: 1.912688409909606
Latency: 1.8794633990619332
Latency: 1.9355436379555613
Latency: 1.9195059789344668
Latency: 1.9040330981370062
Latency: 1.8917218600399792
Latency: 1.9111467699985951
Latency: 1.863591105910018
Latency: 1.8645417939405888
Latency: 1.876938114874065
Latency: 1.9148653890006244
Latency: 1.905455983011052
Latency: 1.9332224188838154
Latency: 1.8702601671684533
Latency: 1.92291293409653
Latency: 1.9224416720680892
Latency: 1.9263315070420504
Latency: 1.9516802940052003
Latency: 1.944259359035641
Latency: 1.8938598071690649
Latency: 1.9262005351483822
Latency: 1.888755826978013
Latency: 1.9254604619927704
Latency: 1.9683234980329871
Latency: 1.954604258062318
Latency: 1.9035389239434153
Latency: 1.9705395649652928
Latency: 1.969933460932225
Latency: 1.9468250090721995
Latency: 1.9636797131970525
Latency: 1.9745211019180715
Latency: 1.9061284009367228
Latency: 1.9540850401390344
Latency: 1.9638366329018027
Latency: 1.992433151928708
Latency: 1.944930060999468
Latency: 1.9938068438787013
Latency: 1.951679266989231
Latency: 1.927465173183009
Latency: 1.9233914529904723
Latency: 1.925280838040635
Latency: 1.9231759270187467
Latency: 1.9937113858759403
Latency: 1.98369244299829
Latency: 1.9755064740311354
Latency: 1.9739504891913384
Latency: 1.9800405271816999
Latency: 2.010929584968835
Latency: 2.0067361451219767
Latency: 2.022388993995264
Latency: 2.0428437010850757
Latency: 1.9700092489365488
Latency: 1.99618384311907
Latency: 1.9982800148427486
Latency: 1.9860965369734913
Latency: 1.9822196119930595
Latency: 2.011095573892817
Latency: 2.028187497984618
Latency: 1.9816057858988643
Latency: 1.9877060030121356
Latency: 2.0599251710809767
Latency: 2.0208035870455205
Latency: 2.0635932290460914
Latency: 1.993543392047286
Latency: 2.069098477018997
Latency: 2.0492133270017803
Latency: 2.053369010100141
Latency: 1.9979379391297698
Latency: 2.0378205771557987
Latency: 2.0398360691033304
Latency: 2.0477691278792918
Latency: 2.0158371729776263
Latency: 2.027550967875868
Latency: 2.0325798401609063
Latency: 2.0434113908559084
Latency: 2.0992861499544233
Latency: 2.0538078530225903
Latency: 2.053363851038739
Latency: 2.061643703840673
Latency: 2.0642187451012433
Latency: 2.058604383142665
Latency: 2.0576942120678723
Latency: 2.076323248213157
Latency: 2.0728735090233386
Latency: 2.0724496480543166
Latency: 2.3574870410375297
Latency: 2.3956737618427724
Latency: 2.4031045709270984
Latency: 2.394229206023738
Latency: 2.393466855864972
Latency: 2.400336311198771
Latency: 2.3891278950031847
Latency: 2.4020046670921147
Latency: 2.3945797090418637
Latency: 2.403433081926778
Latency: 2.443275378085673
Latency: 2.437541512073949
Latency: 2.440019773086533
Latency: 2.4500481740105897
Latency: 2.542437968077138
Latency: 2.502187134930864
Latency: 2.5115384499076754
Latency: 2.510574299842119
Latency: 2.486610217951238
Latency: 2.513439446920529
Latency: 2.4988185151014477
Latency: 2.512618967797607
Latency: 2.514676732942462
Latency: 2.5181468250229955
Latency: 2.5234277569688857
Latency: 2.5113587849773467
Latency: 2.5149280531331897
Latency: 2.496143009979278
Latency: 2.5321476249955595
Latency: 2.584506727056578
Latency: 2.5849895409774035
Latency: 2.6002713521011174
Latency: 2.600157606881112
Latency: 2.6077185510657728
Latency: 2.652691762894392
Latency: 2.6588014957960695
Latency: 2.6371551170013845
Latency: 2.678811165969819
Latency: 2.6480837350245565
Latency: 2.6511467499658465
Latency: 2.6449007450137287
Latency: 2.6666363370604813
Latency: 2.69208247307688
Latency: 2.6514083449728787
Latency: 2.6533379880711436
Latency: 2.816737738903612
Latency: 2.741610767086968
Latency: 2.8204110970254987
Latency: 2.8081381330266595
Latency: 2.7931289840489626
Latency: 2.751773339929059
Latency: 2.7532380579505116
Latency: 2.753267684020102
Latency: 2.7502809180878103
Latency: 2.7917219679802656
Latency: 2.7880923219490796
Latency: 2.7926777279935777
Latency: 2.8095762468874454
Latency: 2.777177101932466
Latency: 2.81488679908216
Latency: 2.8531221591401845
Latency: 2.8435975681059062
Latency: 2.8237996289972216
Latency: 2.8426940229255706
Latency: 2.859783467138186
Latency: 2.847186171915382
Latency: 2.8604910399299115
Latency: 2.8504093680530787
Latency: 2.8573250139597803
Latency: 2.851699762046337
Latency: 2.8596708381082863
Latency: 2.856120424810797
Latency: 2.871573305921629
Latency: 2.840285452082753
Latency: 2.858682533958927
Latency: 2.861112457001582
Latency: 2.8821568640414625
Latency: 2.874188169836998
Latency: 2.8822182619478554
Latency: 2.877479348098859
Latency: 2.8676415160298347
Latency: 2.9715053460095078
Latency: 2.9656636379659176
Latency: 2.8603415929246694
Latency: 2.970314093865454
Latency: 2.896749966079369
Latency: 2.8999708329793066
Latency: 2.907879237085581
Latency: 2.9034305419772863
Latency: 2.9032063221093267
Latency: 2.9041951179970056
Latency: 2.8981311609968543
Latency: 2.913873501121998
Latency: 2.903916667914018
Latency: 2.8797036290634423
Latency: 2.9143959609791636
Latency: 2.881455125985667
Latency: 2.917463201098144
Latency: 2.910405016038567
Latency: 3.0359860160388052
Latency: 2.903891732916236
Latency: 3.017581359948963
Latency: 3.0118505018763244
Latency: 3.027291992912069
Latency: 2.9390192159917206
Latency: 2.9202815019525588
Latency: 3.0290936860255897
Latency: 3.033246965846047
Latency: 2.9390964650083333
Latency: 2.936193150933832
Latency: 3.038344668922946
Latency: 3.0233262421097606
Latency: 3.0144808390177786
Latency: 2.936692042974755
Latency: 3.035190775990486
Latency: 3.0579145981464535
Latency: 3.0261432100087404
Latency: 2.964605333050713
Latency: 2.953086030902341
Latency: 3.062568851048127
Latency: 3.0670855019707233
Latency: 2.9676751820370555
Latency: 3.0464814042206854
Latency: 2.9613205469213426
Latency: 3.07219416112639
Latency: 3.050329715013504
Latency: 3.052825069054961
Latency: 3.066753088030964
Latency: 2.9643699331209064
Latency: 3.057461328106001
Latency: 3.045478609157726
Latency: 3.048702265135944
Latency: 2.9872839299496263
Latency: 2.9816720520611852
Latency: 3.0841314599383622
Latency: 3.098116137087345
Latency: 3.0629464800003916
Latency: 3.0789093589410186
Latency: 3.0931484499014914
Latency: 3.1028552148491144
Latency: 3.0868117469362915
Latency: 3.090398241998628
Latency: 3.1023535260464996
Latency: 3.0306772929616272
Latency: 3.132071793079376
Latency: 3.1184732620604336
Latency: 3.1325999880209565
Latency: 3.027209148975089
Latency: 3.130530647933483
Latency: 3.109517934033647
Latency: 3.1415225081145763
Latency: 3.120981400832534
Latency: 3.1049445050302893
Latency: 3.11609452101402
Latency: 3.1214789550285786
Latency: 3.1144842109642923
Latency: 3.134262841194868
Latency: 3.1463885959237814
Latency: 3.142026747111231
Latency: 3.551398613024503
Latency: 3.5700634338427335
Latency: 3.80884688696824
Latency: 3.8145181259606034
Latency: 3.8316956809721887
Latency: 3.828972137067467
Latency: 3.805414824048057
Latency: 3.853164730127901
Latency: 3.8504452139604837
Latency: 3.860176189104095
Latency: 3.922390467952937
Latency: 3.9317358678672463
Latency: 3.9333934511523694
Latency: 3.941819678992033
Latency: 3.9102791158948094
Latency: 3.9081440279260278
Latency: 3.9053879301063716
Latency: 3.9371014619246125
Latency: 3.916694408049807
Latency: 3.918625036953017
Latency: 3.9117132578976452
Latency: 3.9182239279616624
Latency: 3.914769933093339
Latency: 3.913109245011583
Latency: 3.9541194830089808
Latency: 3.919401640072465
Latency: 3.926433976041153
Latency: 3.9287781689781696
Latency: 3.9564612440299243
Latency: 3.9280329728499055
Latency: 3.94463769486174
Latency: 4.015334927011281
Latency: 4.012475546915084
Latency: 4.016073232050985
Latency: 4.018380432855338
Latency: 4.014188554836437
Latency: 4.019744734046981
Latency: 4.03597780293785
Latency: 4.0149731112178415
Latency: 4.02158172801137
Latency: 4.031501434976235
Latency: 4.013186237076297
Latency: 4.020126158138737
Latency: 4.044768892927095
Latency: 4.043790946947411
Latency: 4.0490541169419885
Latency: 4.05972686316818
Latency: 4.082866456126794
Latency: 4.09067336586304
Latency: 4.133631155127659
Latency: 4.45322420890443
Latency: 4.475207086885348
Latency: 4.470565146068111
Latency: 4.467921772040427
Latency: 4.484621163923293
Latency: 4.464436427922919
Latency: 4.469513016054407
Latency: 4.469869746128097
Latency: 4.478723578155041
Latency: 4.484829009976238
Latency: 4.506155072944239
Latency: 4.483973893104121
Latency: 4.490722178015858
Latency: 4.506394143914804
Latency: 4.4983568449970335
Latency: 4.496315544936806
Latency: 4.520391877973452
Latency: 4.504662965191528
Latency: 4.509290926158428
Latency: 4.508502077078447
Latency: 4.526737082051113
Latency: 4.509921632008627
Latency: 4.509792296914384
Latency: 4.518434362951666
Latency: 4.532621904974803
Latency: 4.538816493935883
Latency: 4.53225415898487
Latency: 4.534939283039421
Latency: 4.524120265850797
Latency: 4.526753063080832
Latency: 4.5148707940243185
Latency: 4.54472483205609
Latency: 4.533696043072268
Latency: 4.539940641028807
Latency: 4.529637549072504
Latency: 4.532179330009967
Latency: 4.5448663351126015
Latency: 4.538120487937704
Latency: 4.5454919510520995
Latency: 4.563410570845008
Latency: 4.58989033405669
Latency: 4.615467601921409
Latency: 4.646990571869537
Latency: 4.657227750169113
Latency: 2.2357372129336
Latency: 2.23744849790819
Latency: 4.687507343944162
Latency: 2.2407764468807727
Latency: 4.700112343998626
Latency: 2.283103893045336
Latency: 2.241557362023741
Latency: 2.2613756549544632
Latency: 2.2515032419469208
Latency: 4.731469938065857
Latency: 2.266934480983764
Latency: 2.2835658080875874
Latency: 2.2468738718889654
Latency: 2.2591901109553874
Latency: 2.2896127640269697
Latency: 2.2935745988506824
Latency: 2.284168120007962
Latency: 4.739244057098404
Latency: 4.746029238915071
Latency: 2.281973933102563
Latency: 2.293051749933511
Latency: 2.2920882559847087
Latency: 2.3388299958314747
Latency: 2.268871630076319
Latency: 2.3166303648613393
Latency: 4.758228817023337
Latency: 2.2991371389944106
Latency: 2.3027541709598154
Latency: 2.3071300839073956
Latency: 2.3554224260151386
Latency: 2.329486000118777
Latency: 2.3219565271865577
Latency: 2.3777929770294577
Latency: 2.3673001078423113
Latency: 2.3178937220945954
Latency: 2.3282276378013194
Latency: 4.796698496909812
Latency: 2.334026190917939
Latency: 2.382271912880242
Latency: 2.399757139850408
Latency: 2.3578262869268656
Latency: 2.339809989091009
Latency: 2.391162415035069
Latency: 2.393975555896759
Latency: 2.3796812030486763
Latency: 2.3568918330129236
Latency: 2.4010517010465264
Latency: 2.4162379829213023
Latency: 2.3365752280224115
Latency: 2.362670511007309
Latency: 2.3573617599904537
Latency: 2.367700817063451
Latency: 2.8265418941155076
Latency: 2.810148256830871
Latency: 2.7491855500265956
Latency: 2.8218588321469724
Latency: 2.8250404000282288
Latency: 2.835738485911861
Latency: 2.8185027320869267
Latency: 2.8348817850928754
Latency: 2.7985824160277843
Latency: 2.8201867030002177
Latency: 2.8261694870889187
Latency: 2.847803908865899
Latency: 2.8207473289221525
Latency: 2.8212795620784163
Latency: 2.7560301260091364
Latency: 2.836205374915153
Latency: 2.8536996769253165
Latency: 2.859465168789029
Latency: 2.872794388094917
Latency: 2.9392733371350914
Latency: 2.9393179800827056
Latency: 2.975578702054918
Latency: 2.9254940510727465
Latency: 2.9376287769991904
Latency: 2.943891189992428
Latency: 2.9901278549805284
Latency: 2.96812890493311
Latency: 2.6366314408369362
Latency: 2.625059936894104
Latency: 5.439070633845404
Latency: 2.9993895799852908
Latency: 2.971082217991352
Latency: 2.964883145876229
Latency: 5.4370698519051075
Latency: 2.663363628089428
Latency: 2.9844482308253646
Latency: 2.6628172718919814
Latency: 2.656548839993775
Latency: 2.662748508853838
Latency: 2.754099356010556
Latency: 2.8151328270323575
Latency: 2.78755813697353
Latency: 2.798191600944847
Latency: 2.8000086101237684
Latency: 2.8446193218696862
Latency: 2.834093159995973
Latency: 5.638201616005972
Latency: 2.8231222690083086
Latency: 2.8275444810278714
Latency: 2.7966983730439097
Latency: 2.8330173171125352
Latency: 2.8038289269898087
Latency: 2.836786667117849
Latency: 2.8048538130242378
Latency: 2.84549592086114
Latency: 2.8574464961420745
Latency: 2.851986083900556
Latency: 2.8160777918528765
Latency: 2.8189810088369995
Latency: 2.858785629970953
Latency: 2.849444475956261
Latency: 5.671611393103376
Latency: 2.8320128379855305
Latency: 2.848057762021199
Latency: 2.830815905937925
Latency: 2.8362886898685247
Latency: 2.8823615070432425
Latency: 2.8777147659566253
Latency: 3.1092470940202475
Latency: 2.866545062046498
Latency: 2.8419613039586693
Latency: 2.8872682680375874
Latency: 2.8815134761389345
Latency: 2.85306229791604
Latency: 2.8473011469468474
Latency: 2.8854108219966292
Latency: 2.885283335810527
Latency: 2.8911241421010345
Latency: 2.859484374988824
Latency: 2.8812833118718117
Latency: 2.8993040579371154
Latency: 2.9120870700571686
Latency: 2.8661410480272025
Latency: 2.8866951728705317
Latency: 2.9098737051244825
Latency: 2.9268682450056076
Latency: 2.9015455320477486
Latency: 2.8763295270036906
Latency: 2.9280364350415766
Latency: 2.905101063195616
Latency: 2.9116077309008688
Latency: 2.878976640990004
Latency: 3.149990889010951
Latency: 2.9182863738387823
Latency: 2.904858043882996
Latency: 2.8835190117824823
Latency: 3.2322802629787475
Latency: 2.927461680956185
Latency: 3.249799430835992
Latency: 3.2286681269761175
Latency: 2.9474858071189374
Latency: 3.247229613130912
Latency: 2.960331829963252
Latency: 3.2461171930190176
Latency: 2.97486188611947
Latency: 2.9513694781344384
Latency: 2.970376492012292
Latency: 2.970863454043865
Latency: 2.984837566036731
Latency: 2.9472642010077834
Latency: 3.232355633052066
Latency: 2.9532828209921718
Latency: 2.951392942108214
Latency: 2.9948632230516523
Latency: 3.009818243794143
Latency: 2.933487883070484
Latency: 2.939894403098151
Latency: 2.933423708891496
Latency: 2.939186679199338
Latency: 2.943092307075858
Latency: 2.9469252480193973
Latency: 2.956375350942835
Latency: 2.9567834050394595
Latency: 2.9553216211497784
Latency: 2.9605429058428854
Latency: 2.961976438993588
Latency: 2.9672294058836997
Latency: 2.96721184393391
Latency: 2.969748301897198
Latency: 2.9716210230253637
Latency: 2.973593584029004
Latency: 2.9758334029465914
Latency: 2.9752422200981528
Latency: 2.974963105050847
Latency: 2.976833828026429
Latency: 2.983460808871314
Latency: 2.9764729200396687
Latency: 2.985193670960143
Latency: 2.989006971940398
Latency: 2.989008195931092
Latency: 3.366467103129253
Latency: 2.992784579982981
Latency: 3.1087082030717283
Latency: 2.589456176152453
Latency: 2.587649827124551
Latency: 3.50358232203871
Latency: 2.666846743086353
Latency: 2.5510753609705716
Latency: 2.5371966110542417
Latency: 2.5797167371492833
Latency: 2.6068924539722502
Latency: 2.5497455860022455
Latency: 2.615575005998835
Latency: 2.5692866889294237
Latency: 2.617693510139361
Latency: 2.575615416979417
Latency: 2.6041311379522085
Latency: 2.606260678032413
Latency: 2.6373591020237654
Latency: 2.63222999102436
Latency: 2.568913551978767
Latency: 2.6398942628875375
Latency: 2.6287702701520175
Latency: 3.5269006269518286
Latency: 2.647274733055383
Latency: 2.6372229629196227
Latency: 2.6014247979037464
Latency: 2.6560361569281667
Latency: 2.5821300530806184
Latency: 2.5850353699643165
Latency: 2.661775811109692
Latency: 2.6237375650089234
Latency: 2.6013880108948797
Latency: 2.6544866589829326
Latency: 3.550315466010943
Latency: 2.6455097559373826
Latency: 2.5997212398797274
Latency: 3.552798571996391
Latency: 3.55930389999412
Latency: 2.599344554822892
Latency: 2.615561493905261
Latency: 2.6752772480249405
Latency: 3.5595897370949388
Latency: 2.633427188033238
Latency: 2.620767956133932
Latency: 2.6890918440185487
Latency: 3.572590393014252
Latency: 2.625043621053919
Latency: 2.6232740881387144
Latency: 2.6482830529566854
Latency: 2.6400366919115186
Latency: 2.6915289680473506
Latency: 2.6434357890393585
Latency: 2.7017499399371445
Latency: 6.113343667937443
Latency: 6.119955867994577
Latency: 6.12245071795769
Latency: 6.139657239196822
Latency: 6.457197688985616
Latency: 3.6682773570064455
Latency: 3.6480650699231774
Latency: 3.663496089866385
Latency: 6.463210859103128
Latency: 6.458859303034842
Latency: 3.640735147986561
Latency: 3.6581146381795406
Latency: 6.461977384984493
Latency: 3.6518036779016256
Latency: 6.449125692946836
Latency: 3.670670900028199
Latency: 3.6608138179872185
Latency: 6.459208501968533
Latency: 3.6688722500111908
Latency: 3.674499172018841
Latency: 3.655891346046701
Latency: 6.468439967837185
Latency: 3.671606324147433
Latency: 3.675417435122654
Latency: 6.453353431075811
Latency: 3.6577991868834943
Latency: 6.474921938963234
Latency: 3.7170564108528197
Latency: 3.687914744950831
Latency: 3.670626681065187
Latency: 6.4844930479303
Latency: 6.4876778710167855
Latency: 6.495172200025991
Latency: 6.492950934916735
Latency: 3.6939923190511763
Latency: 6.497621244983748
Latency: 3.7046788649167866
Latency: 3.6946391980163753
Latency: 3.6822333289310336
Latency: 6.4706999531481415
Latency: 3.6893145251087844
Latency: 3.69947540294379
Latency: 6.5113432900980115
Latency: 6.515574601013213
Latency: 6.514643280999735
Latency: 6.522075466811657
Latency: 3.7245879280380905
Latency: 6.507816770114005
Latency: 3.73037004400976
Latency: 6.524077859940007
Latency: 6.529971791896969
Latency: 6.527191621949896
Latency: 6.5136814068537205
Latency: 6.497774963034317
Latency: 6.530961422016844
Latency: 3.711907787946984
Latency: 3.7454931109678
Latency: 2.817046627867967
Latency: 2.8106582199689
Latency: 2.8229635499883443
Latency: 2.808705937117338
Latency: 2.838614390930161
Latency: 2.831897960975766
Latency: 2.8302086158655584
Latency: 2.8622313521336764
Latency: 2.8521335639525205
Latency: 2.8361290411558002
Latency: 2.843909445218742
Latency: 2.8517745749559253
Latency: 2.851037990069017
Latency: 2.853322288952768
Latency: 2.857050745980814
Latency: 2.8682175299618393
Latency: 2.8613668610341847
Latency: 2.868335673119873
Latency: 2.8830167590640485
Latency: 2.8825851248111576
Latency: 2.890868344111368
Latency: 2.8929782689083368
Latency: 2.8945280429907143
Latency: 2.8839946368243545
Latency: 2.8815360649023205
Latency: 2.895859729964286
Latency: 2.9128587909508497
Latency: 2.892290465068072
Latency: 2.9032138029579073
Latency: 2.893383701099083
Latency: 2.9212731190491468
Latency: 2.9185865819454193
Latency: 2.914449994917959
Latency: 2.905259948922321
Latency: 2.909332046052441
Latency: 2.921433076960966
Latency: 2.9287760520819575
Latency: 2.9252621841151267
Latency: 2.93660605000332
Latency: 2.9147910429164767
Latency: 2.9025127911008894
Latency: 2.907290115021169
Latency: 2.9229982499964535
Latency: 2.9447482279501855
Latency: 2.9143703260924667
Latency: 2.924988192971796
Latency: 2.9324778348673135
Latency: 2.9431171489413828
Latency: 2.9557777917943895
Latency: 2.9345545349642634
Latency: 2.9256620430387557
Latency: 2.950422135880217
Latency: 2.9340155851095915
Latency: 2.9467069320380688
Latency: 2.9432013269979507
Latency: 2.9503982209134847
Latency: 2.9465609989129007
Latency: 2.942150366026908
Latency: 2.9418659759685397
Latency: 2.941923889098689
Latency: 2.957592995138839
Latency: 2.952299544820562
Latency: 2.9825736358761787
Latency: 2.9517422697972506
Latency: 2.964986045146361
Latency: 2.9540355128701776
Latency: 2.9731106529943645
Latency: 2.959326259093359
Latency: 2.9844428340438753
Latency: 2.9617021221201867
Latency: 2.9660171230789274
Latency: 2.9691765571478754
Latency: 2.9726627639029175
Latency: 2.974876957014203
Latency: 2.9831254640594125
Latency: 2.98171030706726
Latency: 2.9863418438471854
Latency: 2.9793464918620884
Latency: 2.981551376869902
Latency: 3.0033284791279584
Latency: 3.0102583358529955
Latency: 2.9920663831289858
Latency: 2.9995195649098605
Latency: 3.006116798147559
Latency: 3.9980980651453137
Latency: 3.234249741071835
Latency: 3.237269189907238
Latency: 3.239394820993766
Latency: 3.264534607063979
Latency: 3.2677862730342895
Latency: 3.276719659101218
Latency: 3.2716675109695643
Latency: 3.269953031092882
Latency: 3.276730355108157
Latency: 3.269990468164906
Latency: 3.2773186310660094
Latency: 3.272066195961088
Latency: 3.2788994628936052
Latency: 3.2893036778550595
Latency: 3.2895145509392023
Latency: 2.7596202809363604
Latency: 3.2967808791436255
Latency: 3.306783525040373
Latency: 3.3048215829767287
Latency: 3.3173326798714697
Latency: 2.638812388991937
Latency: 2.778317001182586
Latency: 3.332503443118185
Latency: 2.630716189974919
Latency: 2.7924208000767976
Latency: 3.3454913368914276
Latency: 2.813154364004731
Latency: 3.3524695159867406
Latency: 2.6866729389876127
Latency: 2.8183623030781746
Latency: 2.8239934139419347
Latency: 2.6792540377937257
Latency: 2.691100877011195
Latency: 2.697885231813416
Latency: 2.8328928619157523
Latency: 2.702718653017655
Latency: 2.70332271582447
Latency: 3.378456634003669
Latency: 2.6840731638949364
Latency: 3.388331131078303
Latency: 2.8121588649228215
Latency: 2.815630170982331
Latency: 2.8015081689227372
Latency: 2.8218443570658565
Latency: 2.8702364878263324
Latency: 2.8230345270130783
Latency: 2.877105576917529
Latency: 3.8778652960900217
Latency: 2.5651522970292717
Latency: 3.1650827878620476
Latency: 3.5635372640099376
Latency: 3.8867482531350106
Latency: 2.8838877889793366
Latency: 2.8092454620637
Latency: 2.888141019968316
Latency: 2.8940788600593805
Latency: 2.845566309057176
Latency: 2.839773155981675
Latency: 2.586431167088449
Latency: 2.5972764040343463
Latency: 2.8446148361545056
Latency: 2.8861167919822037
Latency: 3.589524634880945
Latency: 2.855695053935051
Latency: 2.8397358059883118
Latency: 2.8948111939243972
Latency: 2.8622619290836155
Latency: 2.90012364811264
Latency: 2.905668618157506
Latency: 2.9102724930271506
Latency: 2.9348327070474625
Latency: 3.934112476184964
Latency: 2.6284623260144144
Latency: 3.9377134679816663
Latency: 2.931915533961728
Latency: 2.8952643850352615
Latency: 2.9284463690128177
Latency: 2.847892797086388
Latency: 2.987893383949995
Latency: 2.896849965909496
Latency: 2.881942793028429
Latency: 2.8844097640831023
Latency: 2.8777408672031015
Latency: 2.890440234914422
Latency: 2.9145672789309174
Latency: 2.917442562058568
Latency: 2.904568274039775
Latency: 2.906796996947378
Latency: 2.9106351169757545
Latency: 2.911656471900642
Latency: 2.9147314180154353
Latency: 2.937019456876442
Latency: 2.9840506750624627
Latency: 2.992307828972116
Latency: 3.0204324040096253
Latency: 2.9949360268656164
Latency: 2.999638643814251
Latency: 3.2057361281476915
Latency: 3.2071633290033787
Latency: 3.157165091019124
Latency: 3.16501037706621
Latency: 3.21175658586435
Latency: 3.2195929340086877
Latency: 3.231348586967215
Latency: 3.292103169951588
Latency: 3.230262228054926
Latency: 3.2218963061459363
Latency: 3.2221614660229534
Latency: 3.2255235977936536
Latency: 3.2370313450228423
Latency: 3.239523568889126
Latency: 4.115348152816296
Latency: 3.2528811760712415
Latency: 3.2511531449854374
Latency: 3.253651292063296
Latency: 3.257138054817915
Latency: 3.2612176779657602
Latency: 3.2116690408438444
Latency: 4.140335764037445
Latency: 3.274760858854279
Latency: 3.2816831099335104
Latency: 3.2840200120117515
Latency: 2.98211307101883
Latency: 2.984398565022275
Latency: 2.9799915261100978
Latency: 2.9736839218530804
Latency: 2.9791630080435425
Latency: 3.1450080149807036
Latency: 2.986774496966973
Latency: 2.992301227990538
Latency: 3.000580071937293
Latency: 3.0012902279850096
Latency: 3.0070889280177653
Latency: 3.011380075942725
Latency: 2.996553744189441
Latency: 3.0095966721419245
Latency: 3.023989810841158
Latency: 3.027329423930496
Latency: 3.0201077070087194
Latency: 3.0349586098454893
Latency: 3.053842298919335
Latency: 3.0728363830130547
Latency: 3.0657937980722636
Latency: 3.0629965579137206
Latency: 3.0509889158420265
Latency: 3.0563184870406985
Latency: 3.061941202962771
Latency: 3.067462197970599
Latency: 3.0607489480171353
Latency: 3.0659984580706805
Latency: 3.060363139025867
Latency: 3.0853466710541397
Latency: 3.074955608928576
Latency: 3.082718773977831
Latency: 3.085229813121259
Latency: 3.072478356072679
Latency: 3.0789495250210166
Latency: 3.0785740700084716
Latency: 3.0915621330495924
Latency: 3.083391177933663
Latency: 3.0903113370295614
Latency: 3.110543514136225
Latency: 3.1098451090510935
Latency: 3.0921599168796092
Latency: 3.123229834018275
Latency: 3.104922524886206
Latency: 3.1152476228307933
Latency: 3.1452956299763173
Latency: 3.1408729411195964
Latency: 3.1135773570276797
Latency: 3.121287118876353
Latency: 3.1303640259429812
Latency: 3.15349333290942
Latency: 3.126707239076495
Latency: 3.157048990018666
Latency: 3.0146126649342477
Latency: 3.0318515279795974
Latency: 3.94843275193125
Latency: 3.0330243320204318
Latency: 3.0338184810243547
Latency: 3.039246456930414
Latency: 3.0571682730223984
Latency: 3.050360294058919
Latency: 3.053657416952774
Latency: 3.0494509597774595
Latency: 3.0692134730052203
Latency: 3.2691227849572897
Latency: 3.275208851089701
Latency: 3.282347184140235
Latency: 3.264765804167837
Latency: 3.257497970946133
Latency: 3.2955208469647914
Latency: 3.2844382899347693
Latency: 3.2688339930027723
Latency: 3.2727897721342742
Latency: 3.288142640143633
Latency: 3.2773447420913726
Latency: 3.2762137670069933
Latency: 3.2813032439444214
Latency: 3.3037869150284678
Latency: 3.311295405961573
Latency: 3.3051378689706326
Latency: 3.309800934046507
Latency: 3.3083354108966887
Latency: 3.318676703143865
Latency: 3.325814653886482
Latency: 3.210247808136046
Latency: 3.1540515611413866
Latency: 3.1546386170666665
Latency: 3.2324659151490778
Latency: 3.1660066042095423
Latency: 3.1744862268678844
Latency: 3.2361248289234936
Latency: 3.2084991759620607
Latency: 3.191895660944283
Latency: 3.1999368409160525
Latency: 3.258138535078615
Latency: 3.2012107530608773
Latency: 3.1984544179867953
Latency: 3.2608707221224904
Latency: 3.263368824031204
Latency: 3.265753487125039
Latency: 3.2002788491081446
Latency: 3.223493698053062
Latency: 3.271550409961492
Latency: 3.22390176798217
Latency: 3.22072726697661
Latency: 3.218230867991224
Latency: 3.226268719183281
Latency: 3.2965751129668206
Latency: 3.2750397010240704
Latency: 3.2877890300005674
Latency: 3.2827397319488227
Latency: 3.2913440451957285
Latency: 3.294052277924493
Latency: 3.292570489924401
Latency: 3.301411708118394
Latency: 3.3033254470210522
Latency: 3.240335172973573
Latency: 3.250357547076419
Latency: 3.2515652349684387
Latency: 3.241029667900875
Latency: 3.2408527359366417
Latency: 3.257395370863378
Latency: 3.2628649470862
Latency: 3.2422647159546614
Latency: 3.2474267289508134
Latency: 3.2612058189697564
Latency: 3.279113055905327
Latency: 3.261806283844635
Latency: 3.269304310902953
Latency: 3.261960833100602
Latency: 3.2705958469305187
Latency: 3.2803252518642694
Latency: 3.260344122070819
Latency: 3.2727452421095222
Latency: 3.2712045069783926
Latency: 3.292174987960607
Latency: 3.29668646492064
Latency: 3.264883585041389
Latency: 3.296341553097591
Latency: 3.300960712134838
Latency: 3.297286342130974
Latency: 3.2884484799578786
Latency: 3.2869942428078502
Latency: 3.2838235069066286
Latency: 3.312785529065877
Latency: 3.312627532053739
Latency: 3.2825103311333805
Latency: 3.297259393148124
Latency: 3.3038092378992587
Latency: 3.286841524997726
Latency: 2.975296438904479
Latency: 2.9711865158751607
Latency: 2.953659278107807
Latency: 2.9764050350058824
Latency: 3.306645769160241
Latency: 2.950299533084035
Latency: 2.9464637979399413
Latency: 2.9525657119229436
Latency: 3.3110635380726308
Latency: 2.9735122490674257
Latency: 3.3183173791039735
Latency: 3.3163980580866337
Latency: 2.955281414091587
Latency: 3.3195983599871397
Latency: 2.9732839649077505
Latency: 3.342654319945723
Latency: 2.972410887014121
Latency: 3.324784227879718
Latency: 2.961892904015258
Latency: 3.3294351771473885
Latency: 2.9762887749820948
Latency: 2.9724544261116534
Latency: 2.97489108517766
Latency: 3.017659373115748
Latency: 2.985373748000711
Latency: 3.0234611609485
Latency: 3.347604932030663
Latency: 3.3528985581360757
Latency: 2.9984104440081865
Latency: 2.9909586259163916
Latency: 3.013741121860221
Latency: 3.062819282989949
Latency: 3.093310898868367
Latency: 3.0540560241788626
Latency: 3.056373293977231
Latency: 3.0599750140681863
Latency: 3.059887839946896
Latency: 3.0835045780986547
Latency: 3.0892446599900723
Latency: 3.0653860790189356
Latency: 3.083363207988441
Latency: 3.0633305481169373
Latency: 3.069625950185582
Latency: 3.146261590067297
Latency: 3.151923879981041
Latency: 3.147483945824206
Latency: 3.2037394701037556
Latency: 3.1525599299930036
Latency: 3.174338470911607
Latency: 3.1769479629583657
Latency: 3.17695342306979
Latency: 3.1657243599183857
Latency: 3.18025512015447
Latency: 3.198178496910259
Latency: 3.189306135987863
Latency: 3.172946026083082
Latency: 3.170952478190884
Latency: 3.177326404955238
Latency: 3.250152401160449
Latency: 2.8326812270097435
Latency: 2.8336544199846685
Latency: 2.8392121011856943
Latency: 3.038107186090201
Latency: 3.038939064135775
Latency: 2.8101116258185357
Latency: 3.0384522990789264
Latency: 2.8087623531464487
Latency: 2.8477027059998363
Latency: 2.8550360212102532
Latency: 2.8203332321718335
Latency: 3.048885684926063
Latency: 3.057201432995498
Latency: 2.816319606034085
Latency: 2.8599823019467294
Latency: 3.2206572259310633
Latency: 3.18819756899029
Latency: 3.1907307740766555
Latency: 3.1930691429879516
Latency: 3.220969168934971
Latency: 3.226218903902918
Latency: 3.1975721190683544
Latency: 3.229036008939147
Latency: 3.2060347369406372
Latency: 3.2451779660768807
Latency: 3.2122881810646504
Latency: 3.246514006983489
Latency: 3.2455009890254587
Latency: 3.252290014177561
Latency: 3.295489767100662
Latency: 3.2594685051590204
Latency: 3.2740378719754517
Latency: 3.2623765859752893
Latency: 3.195267781848088
Latency: 3.250609013950452
Latency: 3.2565004089847207
Latency: 3.28082083305344
Latency: 3.2921253030654043
Latency: 3.196362850954756
Latency: 3.3005767930299044
Latency: 3.199585105990991
Latency: 3.180957227014005
Latency: 3.2606688931118697
Latency: 3.2088607009500265
Latency: 3.1901537659578025
Latency: 3.2543542890343815
Latency: 3.2673905570991337
Latency: 3.275101875886321
Latency: 3.294960695086047
Latency: 3.2695710079278797
Latency: 3.3053427080158144
Latency: 3.2241898770444095
Latency: 3.3122783170547336
Latency: 3.2131083221174777
Latency: 3.2712533560115844
Latency: 3.2771637649275362
Latency: 3.2770593150053173
Latency: 3.279298181179911
Latency: 3.2142881869804114
Latency: 3.227312829112634
Latency: 3.226174055831507
Latency: 3.2867107128258795
Latency: 3.286916265031323
Latency: 3.243200028082356
Latency: 3.220648442162201
Latency: 3.246439889073372
Latency: 3.240559684112668
Latency: 3.3182629528455436
Latency: 3.307394666131586
Latency: 3.2444905838929117
Latency: 3.3200226749759167
Latency: 4.132592339999974
Latency: 3.3097973989788443
Latency: 3.252749359002337
Latency: 4.128598351031542
Latency: 3.2687436039559543
Latency: 3.25764388195239
Latency: 3.2519269429612905
Latency: 4.1614626289810985
Latency: 3.258517756825313
Latency: 3.329589241882786
Latency: 4.154239711118862
Latency: 3.2717979119624943
Latency: 3.2793865699786693
Latency: 4.159559498075396
Latency: 4.154888229910284
Latency: 4.153772372985259
Latency: 4.164192795054987
Latency: 3.346692071063444
Latency: 4.174097949871793
Latency: 4.178067832021043
Latency: 3.2920476680155843
Latency: 3.3008615989238024
Latency: 4.175724215107039
Latency: 4.187235946999863
Latency: 4.206946316175163
Latency: 4.204798005986959
Latency: 4.193004887085408
Latency: 4.196957309963182
Latency: 4.192965837894008
Latency: 4.203384479042143
Latency: 4.195352684007958
Latency: 4.089979984099045
Latency: 3.443470812169835
Latency: 3.4404820238705724
Latency: 3.293840307975188
Latency: 3.446779415011406
Latency: 3.294839007081464
Latency: 3.4611980370245874
Latency: 3.4621958232019097
Latency: 3.4608399840071797
Latency: 3.3089770190417767
Latency: 3.321404797025025
Latency: 3.3326869311276823
Latency: 3.33608454791829
Latency: 3.3326870498713106
Latency: 3.5001268789637834
Latency: 3.500380241079256
Latency: 3.3529179010074586
Latency: 3.3520118170417845
Latency: 3.111686068121344
Latency: 4.3981924678664654
Latency: 3.360663767904043
Latency: 4.409407054074109
Latency: 3.4104327398817986
Latency: 3.0752996779046953
Latency: 4.469383514020592
Latency: 4.4570447381120175
Latency: 4.365114429965615
Latency: 4.449860685970634
Latency: 3.5670093609951437
Latency: 3.1519909168127924
Latency: 4.454367947066203
Latency: 4.379314985824749
Latency: 3.163678705925122
Latency: 4.466178999049589
Latency: 4.384823448956013
Latency: 4.491275490960106
Latency: 4.47583915409632
Latency: 3.1000795068684965
Latency: 4.508940770057961
Latency: 4.371696266112849
Latency: 3.1813665879890323
Latency: 4.476854918990284
Latency: 4.504671511007473
Latency: 3.189598900033161
Latency: 4.490690300939605
Latency: 4.407332845963538
Latency: 3.1907107250299305
Latency: 3.127728972118348
Latency: 3.131076163146645
Latency: 3.06671129190363
Latency: 3.0892933919094503
Latency: 3.0915616769343615
Latency: 3.2111864329781383
Latency: 3.1195583019871265
Latency: 3.075059408089146
Latency: 3.2304012160748243
Latency: 3.133593621198088
Latency: 3.1045065361540765
Latency: 3.1476082550361753
Latency: 3.09597264486365
Latency: 3.0837609861046076
Latency: 3.0907013840042055
Latency: 3.087547786999494
Latency: 3.0933858598582447
Latency: 3.0973782339133322
Latency: 3.1569350459612906
Latency: 3.1381498461123556
Latency: 3.1010909262113273
Latency: 3.1000940969679505
Latency: 3.117155288113281
Latency: 3.167763767996803
Latency: 3.1567193649243563
Latency: 3.175762477098033
Latency: 3.1207820728886873
Latency: 3.113294656155631
Latency: 3.177199291996658
Latency: 3.1431885061319917
Latency: 3.166756314923987
Latency: 3.1242531270254403
Latency: 3.105142993852496
Latency: 3.1329634899739176
Latency: 3.1445029359310865
Latency: 3.1316268630325794
Latency: 3.1423267740756273
Latency: 3.1585872748401016
Latency: 3.1326875798404217
Latency: 3.1184808930847794
Latency: 3.2112620999105275
Latency: 3.1495235268957913
Latency: 3.124351036036387
Latency: 3.189892648952082
Latency: 3.116089779883623
Latency: 3.164500707993284
Latency: 3.105858578812331
Latency: 3.2076943658757955
Latency: 3.168490489013493
Latency: 3.203546391800046
Latency: 3.170050848973915
Latency: 3.176950541092083
Latency: 3.1938260458409786
Latency: 3.2241113069467247
Latency: 3.1738730729557574
Latency: 3.1274143850896508
Latency: 3.193781231995672
Latency: 3.180779210990295
Latency: 3.1294202748686075
Latency: 3.416165062924847
Latency: 3.408644177019596
Latency: 3.4395630969665945
Latency: 3.425131591036916
Latency: 3.4200757548678666
Latency: 3.425361202098429
Latency: 3.423929841024801
Latency: 3.4262260070536286
Latency: 3.426339848898351
Latency: 3.5590353719890118
Latency: 3.5618044489528984
Latency: 3.5637897681444883
Latency: 3.5661817158106714
Latency: 2.974515498848632
Latency: 2.981616839999333
Latency: 2.9855208159424365
Latency: 3.0679363140370697
Latency: 2.97091106697917
Latency: 2.985266348114237
Latency: 2.982209592824802
Latency: 2.9819872230291367
Latency: 3.075838671065867
Latency: 3.069499612087384
Latency: 3.037806806853041
Latency: 3.013908301014453
Latency: 3.0210542988497764
Latency: 3.12843363895081
Latency: 3.0357302848715335
Latency: 3.1436966261826456
Latency: 3.0413394782226533
Latency: 3.0563129710499197
Latency: 3.045109633123502
Latency: 3.047088438179344
Latency: 3.1047022689599544
Latency: 3.1731667399872094
Latency: 3.1719214299228042
Latency: 3.161188449943438
Latency: 3.1887811589986086
Latency: 3.186602554982528
Latency: 3.18605421599932
Latency: 4.001539750955999
Latency: 3.2078046740498394
Latency: 3.188985603163019
Latency: 2.9010204281657934
Latency: 3.197885585948825
Latency: 3.1830783039331436
Latency: 3.1993755251169205
Latency: 3.1935307630337775
Latency: 3.193451358936727
Latency: 4.0275559411384165
Latency: 3.226398010039702
Latency: 4.034096310148016
Latency: 3.207252901047468
Latency: 3.2142267138697207
Latency: 3.232244414044544
Latency: 4.053898040903732
Latency: 3.2420308399014175
Latency: 4.04062246507965
Latency: 3.239594167098403
Latency: 3.249164504930377
Latency: 4.063435032963753
Latency: 3.2349443088751286
Latency: 2.9461971309501678
Latency: 4.0645605330355465
Latency: 4.05795724503696
Latency: 4.064598337979987
Latency: 2.9461484958883375
Latency: 2.958857730962336
Latency: 4.069654919905588
Latency: 4.073928666068241
Latency: 2.951581612927839
Latency: 2.959166180109605
Latency: 2.967519426951185
Latency: 2.9198429649695754
Latency: 2.9125883870292455
Latency: 4.089464760152623
Latency: 2.933610846986994
Latency: 2.917997789103538
Latency: 2.9722918518818915
Latency: 2.971526355948299
Latency: 4.106916604097933
Latency: 2.970567086013034
Latency: 2.9389755211304873
Latency: 2.986468469025567
Latency: 4.10677497391589
Latency: 2.9919762641657144
Latency: 2.940192653099075
Latency: 2.9997929150704294
Latency: 3.010853154817596
Latency: 3.0044051040895283
Latency: 2.9946570568718016
Latency: 4.119023917010054
Latency: 2.9511571591719985
Latency: 2.9635554729029536
Latency: 2.9625336609315127
Latency: 3.010983308078721
Latency: 3.02417978993617
Latency: 3.1142969951033592
Latency: 3.170049331150949
Latency: 3.1256174999289215
Latency: 3.185541751096025
Latency: 2.975835314951837
Latency: 3.192738126963377
Latency: 3.1399066399317235
Latency: 2.9922489698510617
Latency: 3.14067041198723
Latency: 2.979370364919305
Latency: 2.9906984551344067
Latency: 2.9914318900555372
Latency: 3.157878607045859
Latency: 3.213721068808809
Latency: 3.182412884198129
Latency: 3.2155794259160757
Latency: 3.4974760110490024
Latency: 3.3058005878701806
Latency: 3.313710471149534
Latency: 3.4702517110854387
Latency: 3.464184772921726
Latency: 3.321270241169259
Latency: 3.4718697119969875
Latency: 3.4901175110135227
Latency: 3.3445680788718164
Latency: 3.3703560950234532
Latency: 3.363823526073247
Latency: 3.3848029079381377
Latency: 3.3647864561062306
Latency: 3.3685300999786705
Latency: 3.3503143049310893
Latency: 3.394812129205093
Latency: 3.35158512997441
Latency: 3.3946141318883747
Latency: 3.3821461170446128
Latency: 3.3935159160755575
Latency: 3.377481352770701
Latency: 3.396711857058108
Latency: 3.3823074349202216
Latency: 3.394527587108314
Latency: 3.4083168650977314
Latency: 3.3954854130279273
Latency: 3.419831097126007
Latency: 3.407425826881081
Latency: 3.406432766932994
Latency: 3.4218290399294347
Latency: 3.3949813661165535
Latency: 3.4127619238570333
Latency: 3.4136507178191096
Latency: 3.4105366750154644
Latency: 3.4231316461227834
Latency: 3.447662910912186
Latency: 3.4301376140210778
Latency: 3.451344365021214
Latency: 3.8257150270510465
Latency: 3.825319152092561
Latency: 3.8395937571767718
Latency: 3.83605590602383
Latency: 3.831303665880114
Latency: 3.8367428861092776
Latency: 3.4749973251018673
Latency: 3.4892476319801062
Latency: 3.8625627909787
Latency: 3.4998451620340347
Latency: 3.4884914939757437
Latency: 3.4682854879647493
Latency: 3.498397651826963
Latency: 3.5094119750428945
Latency: 3.5151544380933046
Latency: 3.481497701955959
Latency: 3.493950253818184
Latency: 3.8958929870277643
Latency: 3.4989364901557565
Latency: 3.511646413942799
Latency: 3.549536959035322
Latency: 3.5349870829377323
Latency: 3.516681626904756
Latency: 3.5218889410607517
Latency: 3.5281533740926534
Latency: 3.5349843008443713
Latency: 3.544601830886677
Latency: 3.5560131799429655
Latency: 3.558927034959197
Latency: 3.5631103329360485
Latency: 3.5588215310126543
Latency: 3.3503851830027997
Latency: 3.381748793879524
Latency: 3.2438318610657007
Latency: 3.2378047939855605
Latency: 3.3403366471175104
Latency: 3.391887236153707
Latency: 3.38780824909918
Latency: 3.261572162155062
Latency: 3.4121420870069414
Latency: 3.262664027977735
Latency: 3.3675183868035674
Latency: 3.2745048531796783
Latency: 3.264652176061645
Latency: 3.2752859729807824
Latency: 3.4175935429520905
Latency: 3.267816374078393
Latency: 3.31794216693379
Latency: 3.2881177309900522
Latency: 3.2800635180901736
Latency: 3.436076720012352
Latency: 3.4298833259381354
Latency: 3.3014843889977783
Latency: 3.4292955270502716
Latency: 3.2985490530263633
Latency: 3.3041556049138308
Latency: 3.29780291300267
Latency: 3.317056071944535
Latency: 3.3030088609084487
Latency: 3.2960963579826057
Latency: 3.3090512070339173
Latency: 3.3172555428463966
Latency: 3.461200177902356
Latency: 3.332794114947319
Latency: 3.314390717074275
Latency: 3.3241034341044724
Latency: 3.3168869658838958
Latency: 3.3405577689409256
Latency: 2.9318485299590975
Latency: 3.3204776651691645
Latency: 3.3377169519662857
Latency: 3.3282674490474164
Latency: 3.485428721178323
Latency: 3.478547062026337
Latency: 3.3604242510627955
Latency: 3.3394791069440544
Latency: 3.4781784911174327
Latency: 3.4850434598047286
Latency: 3.358032598858699
Latency: 2.9575780879240483
Latency: 3.3718406949192286
Latency: 3.4427100049797446
Latency: 3.3583460049703717
Latency: 2.9715292409528047
Latency: 3.4612936871126294
Latency: 3.374596305890009
Latency: 3.391741302795708
Latency: 3.492133816005662
Latency: 3.3512847530655563
Latency: 2.9778791558928788
Latency: 2.9959461360704154
Latency: 3.3917834060266614
Latency: 3.371285227825865
Latency: 2.9873297698795795
Latency: 3.3785097929649055
Latency: 3.490495278034359
Latency: 3.4921034439466894
Latency: 3.375795623054728
Latency: 3.398726315004751
Latency: 2.99657492688857
Latency: 3.0116854989901185
Latency: 3.0115591508802027
Latency: 3.0070124161429703
Latency: 3.404996406985447
Latency: 3.3923894981853664
Latency: 3.020321981050074
Latency: 3.012024760013446
Latency: 3.0194680790882558
Latency: 3.0275142749305815
Latency: 3.4213953230064362
Latency: 3.4386219119187444
Latency: 3.4135239850729704
Latency: 3.0367414271458983
Latency: 3.0325241128448397
Latency: 3.4117576100397855
Latency: 3.033417488913983
Latency: 3.0355098110157996
Latency: 3.0494865130167454
Latency: 3.0425282940268517
Latency: 3.0731737059541047
Latency: 3.075844177044928
Latency: 3.24593274993822
Latency: 3.1009227889589965
Latency: 3.2377056879922748
Latency: 3.0995668510440737
Latency: 3.08379870490171
Latency: 3.587013466982171
Latency: 3.1140528169926256
Latency: 3.623608340974897
Latency: 3.1152974090073258
Latency: 3.6228167929220945
Latency: 3.6234419390093535
Latency: 3.122112133074552
Latency: 3.1054916069842875
Latency: 3.129795922897756
Latency: 3.129491520812735
Latency: 3.138808332849294
Latency: 3.633980737067759
Latency: 3.781096362043172
Latency: 3.1175081289839
Latency: 3.1438268669880927
Latency: 3.1120097951497883
Latency: 3.1293863081373274
Latency: 3.6489377750549465
Latency: 3.113997207954526
Latency: 3.132540299091488
Latency: 3.1234572948887944
Latency: 3.137638368876651
Latency: 3.1385280559770763
Latency: 3.127469734987244
Latency: 3.135502889053896
Latency: 3.666773319011554
Latency: 3.150343338958919
Latency: 3.150273439940065
Latency: 3.164988618111238
Latency: 3.174751882907003
Latency: 3.221903011901304
Latency: 3.2167747418861836
Latency: 3.218147903913632
Latency: 3.2266533270012587
Latency: 3.254484642064199
Latency: 3.225976875051856
Latency: 3.2358159490395337
Latency: 3.2482045490760356
Latency: 3.25876832799986
Latency: 3.248344602994621
Latency: 3.2425574681255966
Latency: 3.2502894059289247
Latency: 3.2442963710054755
Latency: 3.2579693940933794
Latency: 3.2509961118921638
Latency: 3.929405815899372
Latency: 3.245855853892863
Latency: 3.915584472939372
Latency: 3.2599527440033853
Latency: 3.9245938488747925
Latency: 3.2575959640089422
Latency: 3.2666932540014386
Latency: 3.9429894119966775
Latency: 3.263122101081535
Latency: 3.2666036169975996
Latency: 3.2779589858837426
Latency: 3.2794094779528677
Latency: 3.3569348889868706
Latency: 3.365246535046026
Latency: 3.3573577168863267
Latency: 3.366496686823666
Latency: 4.021302680019289
Latency: 3.3690529949963093
Latency: 4.03340091696009
Latency: 4.032165399054065
Latency: 3.349506675032899
Latency: 4.018849656218663
Latency: 3.352042368147522
Latency: 4.033147073816508
Latency: 4.024475955171511
Latency: 4.036688863998279
Latency: 4.04022549604997
Latency: 4.052137338090688
Latency: 4.060564661165699
Latency: 3.9259330208878964
Latency: 3.922556680859998
Latency: 4.07441417593509
Latency: 4.080792643129826
Latency: 4.072678677039221
Latency: 3.94884620513767
Latency: 4.077489874092862
Latency: 3.953036739025265
Latency: 4.080073770834133
Latency: 3.958532938035205
Latency: 4.085156609071419
Latency: 3.9546908298507333
Latency: 3.958413909887895
Latency: 3.965807740809396
Latency: 3.9864550991915166
Latency: 3.9903299470897764
Latency: 3.9931197359692305
Latency: 3.9913765389937907
Latency: 4.1211577348876745
Latency: 3.3495597229339182
Latency: 4.1296874028630555
Latency: 3.3133736308664083
Latency: 3.448017362970859
Latency: 3.448791156988591
Latency: 3.4084381088614464
Latency: 3.3520106859505177
Latency: 3.4816244679968804
Latency: 3.4765287640038878
Latency: 3.4817063079681247
Latency: 3.356090388027951
Latency: 3.48521967115812
Latency: 3.482341915136203
Latency: 3.4590312531217933
Latency: 3.358838197076693
Latency: 3.4622123970184475
Latency: 3.5007143749389797
Latency: 3.4563878891058266
Latency: 3.4258287160191685
Latency: 3.4766468359157443
Latency: 3.473691505845636
Latency: 3.438696655910462
Latency: 3.4659110389184207
Latency: 3.3786832990590483
Latency: 3.3629595818929374
Latency: 3.3835410899482667
Latency: 3.4909069209825248
Latency: 3.523510748054832
Latency: 3.503239229088649
Latency: 3.4518956639803946
Latency: 3.511327030835673
Latency: 3.4814109629951417
Latency: 3.481547836912796
Latency: 3.494370898930356
Latency: 3.381069618044421
Latency: 3.3811370069161057
Latency: 3.487620044965297
Latency: 3.5016264030709863
Latency: 3.5449609828647226
Latency: 3.3954776939935982
Latency: 3.546777613926679
Latency: 3.5035950490273535
Latency: 3.5105080499779433
Latency: 3.5005875939968973
Latency: 3.4127502501942217
Latency: 3.5112756830640137
Latency: 3.396884229965508
Latency: 3.399426514049992
Latency: 3.422569104935974
Latency: 3.4870757369790226
Latency: 3.4229141960386187
Latency: 3.5614612749777734
Latency: 3.398204157827422
Latency: 3.5191149399615824
Latency: 3.4090054309926927
Latency: 3.5264668778982013
Latency: 3.4707354691345245
Latency: 3.448982491856441
Latency: 3.57004726678133
Latency: 3.4627269390039146
Latency: 3.4540221579372883
Latency: 3.4669353649951518
Latency: 3.4857372909318656
Latency: 3.4855626160278916
Latency: 3.5588102049659938
Latency: 3.4823635809589177
Latency: 3.4817828531377017
Latency: 3.4749827550258487
Latency: 3.4726453968323767
Latency: 3.4809291001874954
Latency: 3.5984151700977236
Latency: 3.484451622935012
Latency: 3.47896457510069
Latency: 3.495093868114054
Latency: 3.4850334199145436
Latency: 3.5080711271148175
Latency: 3.493574589025229
Latency: 3.48259539809078
Latency: 3.5183750439900905
Latency: 3.5154657890088856
Latency: 3.4838841278105974
Latency: 3.504320540931076
Latency: 3.4959654950071126
Latency: 3.4982241669204086
Latency: 3.5034301669802517
Latency: 3.5016549949068576
Latency: 3.5175650648307055
Latency: 3.500921810977161
Latency: 3.4984145648777485
Latency: 3.5272587242070585
Latency: 3.5130723339971155
Latency: 3.518919165013358
Latency: 3.532647306099534
Latency: 3.5347291270736605
Latency: 3.5124933971092105
Latency: 3.5273687168955803
Latency: 3.515034006908536
Latency: 3.530602410901338
Latency: 3.539715173887089
Latency: 3.529096795944497
Latency: 3.5376300369389355
Latency: 2.675540206953883
Latency: 3.5281993958633393
Latency: 2.7480488759465516
Latency: 2.7630786090157926
Latency: 2.767894874792546
Latency: 2.671303638955578
Latency: 2.7609036630019546
Latency: 3.055691692046821
Latency: 2.6887178069446236
Latency: 2.683444533031434
Latency: 3.3265617119614035
Latency: 2.809483726043254
Latency: 3.3147104820236564
Latency: 2.8128854990936816
Latency: 3.3321612800937146
Latency: 3.322447095066309
Latency: 3.6691167769022286
Latency: 3.6713334009982646
Latency: 3.332467721076682
Latency: 3.672516221180558
Latency: 3.670326615916565
Latency: 2.814850182039663
Latency: 3.3453940239269286
Latency: 3.316212742123753
Latency: 3.338604691904038
Latency: 3.3584306079428643
Latency: 3.3220993678551167
Latency: 3.341317170066759
Latency: 3.3565896060317755
Latency: 3.3279332290403545
Latency: 3.3545710421167314
Latency: 3.3501366009004414
Latency: 3.3728527491912246
Latency: 3.341416865121573
Latency: 3.3476178469136357
Latency: 3.3758063709829003
Latency: 3.720910720061511
Latency: 3.0128473821096122
Latency: 3.02300744690001
Latency: 3.020255371928215
Latency: 3.0198772018775344
Latency: 3.0170454890467227
Latency: 2.6356151029467583
Latency: 2.622493631206453
Latency: 3.0302959429100156
Latency: 2.6405991539359093
Latency: 3.0299437718931586
Latency: 2.6426932320464402
Latency: 2.6442043560091406
Latency: 3.029011222999543
Latency: 3.0239977869205177
Latency: 3.015833288896829
Latency: 2.7686038229148835
Latency: 2.6309131821617484
Latency: 2.637072314042598
Latency: 2.743228248786181
Latency: 2.7566384258680046
Latency: 2.7620895251166075
Latency: 2.7625926511827856
Latency: 2.76414706511423
Latency: 2.7673657429404557
Latency: 2.7598327239975333
Latency: 2.8020607931539416
Latency: 4.047716700006276
Latency: 2.7831188840791583
Latency: 4.049252233002335
Latency: 2.820034797070548
Latency: 2.8363118928391486
Latency: 2.8287748377770185
Latency: 2.8443527510389686
Latency: 2.7955288449302316
Latency: 2.8382948071230203
Latency: 2.8524678519461304
Latency: 2.82427598698996
Latency: 2.817385528003797
Latency: 2.827021172037348
Latency: 4.088733254931867
Latency: 2.8609044179320335
Latency: 2.86064989794977
Latency: 2.881349046016112
Latency: 2.8672071888577193
Latency: 4.121360088000074
Latency: 4.125981302931905
Latency: 2.8800976569764316
Latency: 2.8684082550462335
Latency: 4.102391822030768
Latency: 2.882286661071703
Latency: 2.852462435141206
Latency: 2.8794000311754644
Latency: 2.857334486907348
Latency: 4.11498549208045
Latency: 2.899540168000385
Latency: 3.7336147651076317
Latency: 2.8678964769933373
Latency: 4.172569080954418
Latency: 2.897471175994724
Latency: 2.9231722611002624
Latency: 2.925199287943542
Latency: 2.908311767037958
Latency: 2.934235760010779
Latency: 2.926344213075936
Latency: 4.549915492068976
Latency: 3.333448834018782
Latency: 4.572307812049985
Latency: 4.565037351101637
Latency: 4.530463468050584
Latency: 3.3179008029401302
Latency: 3.2931399890221655
Latency: 4.557756020920351
Latency: 3.3163014790043235
Latency: 4.529196324991062
Latency: 3.304530467838049
Latency: 3.330881810048595
Latency: 3.305395378964022
Latency: 3.341631161980331
Latency: 4.538310996023938
Latency: 4.570317683042958
Latency: 3.3368859379552305
Latency: 4.545947848120704
Latency: 3.3525733090937138
Latency: 3.3254728349857032
Latency: 3.331393739907071
Latency: 3.3509636158123612
Latency: 3.368112324969843
Latency: 4.559611974982545
Latency: 4.575666697928682
Latency: 3.3439953019842505
Latency: 3.349027201998979
Latency: 3.3739958931691945
Latency: 3.3426982138771564
Latency: 3.3586175648961216
Latency: 3.3578453769441694
Latency: 3.3607902040239424
Latency: 4.621188947930932
Latency: 4.5754641350358725
Latency: 3.3632012179587036
Latency: 4.580916597042233
Latency: 3.3458877108059824
Latency: 3.3745679389685392
Latency: 3.3312739299144596
Latency: 3.3780066180042922
Latency: 3.382969178026542
Latency: 4.638366158818826
Latency: 4.626966499025002
Latency: 3.3658933739643544
Latency: 2.763104287907481
Latency: 2.77231863187626
Latency: 2.938689892878756
Latency: 3.2409009439870715
Latency: 2.9624691610224545
Latency: 3.248071833048016
Latency: 2.8325438948813826
Latency: 2.8091554169077426
Latency: 2.6709150599781424
Latency: 2.828196184942499
Latency: 2.7093936670571566
Latency: 3.2722189710475504
Latency: 2.70553125301376
Latency: 2.8371395191643387
Latency: 3.282722892006859
Latency: 2.8425274409819394
Latency: 2.6785709720570594
Latency: 2.8450136168394238
Latency: 2.84854648495093
Latency: 2.6929110269993544
Latency: 3.0335651109926403
Latency: 2.8999207559973
Latency: 3.040060685016215
Latency: 2.9018897057976574
Latency: 2.867974414024502
Latency: 2.8860485109034926
Latency: 3.4742211310658604
Latency: 2.8969903660472482
Latency: 3.0476633249782026
Latency: 3.056681096088141
Latency: 3.4713456898462027
Latency: 3.0644680729601532
Latency: 3.0609195560682565
Latency: 3.048518019961193
Latency: 3.0555710229091346
Latency: 2.9462261209264398
Latency: 3.0858943830244243
Latency: 3.088704084046185
Latency: 2.923000054899603
Latency: 2.968172417022288
Latency: 2.9479386741295457
Latency: 3.5308957539964467
Latency: 2.9621631640475243
Latency: 3.104118179064244
Latency: 2.957694517914206
Latency: 2.936832814011723
Latency: 2.9690102029126137
Latency: 3.5393820400349796
Latency: 2.9325340599752963
Latency: 3.095763089135289
Latency: 3.1185178020969033
Latency: 3.0972826399374753
Latency: 3.1002922519110143
Latency: 3.1131065429653972
Latency: 3.1114020301029086
Latency: 3.108486405108124
Latency: 3.145813486073166
Latency: 3.1160646099597216
Latency: 3.120437159901485
Latency: 3.2734511562157422
Latency: 3.114210069878027
Latency: 3.131790478946641
Latency: 3.130169637966901
Latency: 3.2739154011942446
Latency: 3.30507499887608
Latency: 4.081392760854214
Latency: 3.286771642975509
Latency: 3.1637928418349475
Latency: 3.139487155014649
Latency: 3.1791220610029995
Latency: 4.118286608951166
Latency: 4.139520958997309
Latency: 4.120015467051417
Latency: 4.226775432936847
Latency: 2.8464138209819794
Latency: 2.854219204047695
Latency: 2.864863783819601
Latency: 2.8419257949572057
Latency: 2.88953961385414
Latency: 2.8592167671304196
Latency: 2.8721569520421326
Latency: 2.8628665250726044
Latency: 2.877864117966965
Latency: 2.869707358069718
Latency: 2.879404593957588
Latency: 2.8858303050510585
Latency: 2.9004095080308616
Latency: 2.9161499361507595
Latency: 2.9058678650762886
Latency: 2.8830225591082126
Latency: 2.890817357925698
Latency: 2.9497213058639318
Latency: 2.8925849120132625
Latency: 2.9024557531811297
Latency: 4.334066385868937
Latency: 2.9038832020014524
Latency: 2.909140018047765
Latency: 2.916396908927709
Latency: 2.912886207923293
Latency: 2.9148398980032653
Latency: 2.9126856902148575
Latency: 2.9166734411846846
Latency: 2.9376667190808803
Latency: 2.947931993054226
Latency: 2.9317682669498026
Latency: 2.9400954560842365
Latency: 2.938374435994774
Latency: 2.954439630964771
Latency: 2.9677104128059
Latency: 2.975867653032765
Latency: 2.9806825849227607
Latency: 4.43009672802873
Latency: 3.3914254650007933
Latency: 3.405794536927715
Latency: 3.4085802149493247
Latency: 2.895440742140636
Latency: 2.8804978688713163
Latency: 2.9525849220808595
Latency: 2.9331210318487138
Latency: 5.771756818983704
Latency: 2.973364997887984
Latency: 2.9528309809975326
Latency: 2.9686217438429594
Latency: 2.962526282062754
Latency: 2.9828694639727473
Latency: 2.987014204962179
Latency: 2.99161958694458
Latency: 2.894257281906903
Latency: 2.9979189061559737
Latency: 2.9167168240528554
Latency: 3.002202039118856
Latency: 2.9707123648840934
Latency: 3.0396184909623116
Latency: 3.0424724090844393
Latency: 2.9693647478707135
Latency: 3.057472906075418
Latency: 2.9889408031012863
Latency: 3.04635034292005
Latency: 2.9770697839558125
Latency: 3.0609659228939563
Latency: 2.977755453204736
Latency: 2.9732368050608784
Latency: 2.9735276671126485
Latency: 6.254340352024883
Latency: 2.967223478946835
Latency: 3.00295461085625
Latency: 2.9758464929182082
Latency: 2.9807275540661067
Latency: 2.989160308847204
Latency: 2.975677677895874
Latency: 3.0010110191069543
Latency: 2.9840221418999135
Latency: 3.0006705899722874
Latency: 2.9886225319933146
Latency: 3.6427749898284674
Latency: 3.019900199957192
Latency: 3.0863469501491636
Latency: 3.0957457930780947
Latency: 3.0154423299245536
Latency: 3.0200995849445462
Latency: 2.99642087216489
Latency: 3.03084505116567
Latency: 3.074425607919693
Latency: 3.6625283190514892
Latency: 3.039900434901938
Latency: 3.0904295528307557
Latency: 3.02814587415196
Latency: 3.085077357944101
Latency: 3.6722630651202053
Latency: 3.047678200993687
Latency: 3.036011982942
Latency: 3.674724674783647
Latency: 3.031203869963065
Latency: 3.035009801853448
Latency: 3.0401566638611257
Latency: 3.047641617944464
Latency: 3.042267989134416
Latency: 3.053369131870568
Latency: 3.0472205909900367
Latency: 3.039819020079449
Latency: 3.0689379221294075
Latency: 3.0530804391019046
Latency: 3.0523633959237486
Latency: 3.6785833488684148
Latency: 3.728903916897252
Latency: 3.7063577831722796
Latency: 3.6974170671310276
Latency: 3.708180042915046
Latency: 3.686423924053088
Latency: 3.7408460238948464
Latency: 3.6890122229233384
Latency: 3.7052057599648833
Latency: 3.6869416169356555
Latency: 3.708144284086302
Latency: 3.7522302989382297
Latency: 3.7113555769901723
Latency: 3.719969530822709
Latency: 3.7019063669722527
Latency: 3.707070400007069
Latency: 3.7640101979486644
Latency: 3.720095423050225
Latency: 3.7608643311541528
Latency: 3.108327694935724
Latency: 3.7282062070444226
Latency: 3.7678801459260285
Latency: 3.733234078157693
Latency: 3.1224829191341996
Latency: 3.1209375851321965
Latency: 3.7398814510088414
Latency: 3.7344969150144607
Latency: 3.7291099270805717
Latency: 3.785373986000195
Latency: 3.736610640073195
Latency: 3.7914317180402577
Latency: 3.130746005102992
Latency: 3.1457175090909004
Latency: 3.7799277810845524
Latency: 3.7407125220634043
Latency: 3.7952602659352124
Latency: 3.759665744844824
Latency: 3.7984816289972514
Latency: 3.7964498691726476
Latency: 3.7666851291432977
Latency: 3.747425774112344
Latency: 3.774344143923372
Latency: 3.755023610079661
Latency: 3.7861693180166185
Latency: 3.8097287379205227
Latency: 3.8170611711684614
Latency: 3.7746711638756096
Latency: 3.7717922660522163
Latency: 3.8255613120272756
Latency: 3.8326513920910656
Latency: 3.224636120023206
Latency: 3.8262075670063496
Latency: 3.8858146260026842
Latency: 3.8403926407918334
Latency: 3.2323920470662415
Latency: 3.884356922004372
Latency: 3.842473319033161
Latency: 3.8572312290780246
Latency: 3.9025331400334835
Latency: 3.2520512309856713
Latency: 3.2564854591619223
Latency: 3.1366640920750797
Latency: 3.157842447049916
Latency: 3.1579242860898376
Latency: 3.108652107184753
Latency: 3.1490331338718534
Latency: 3.1158490660600364
Latency: 3.118924596812576
Latency: 3.1317451258655638
Latency: 3.1802525408566
Latency: 3.1386237000115216
Latency: 3.1338967848569155
Latency: 3.184794994071126
Latency: 3.176956876879558
Latency: 3.1408707508817315
Latency: 3.173843970987946
Latency: 3.1804996649734676
Latency: 3.171530202962458
Latency: 3.149511144030839
Latency: 3.1845582989044487
Latency: 3.1958481329493225
Latency: 3.19357307581231
Latency: 3.136123447911814
Latency: 3.288638959871605
Latency: 3.2929290090687573
Latency: 3.277064341120422
Latency: 3.2759301280602813
Latency: 3.3068253761157393
Latency: 3.266303792828694
Latency: 3.26768870302476
Latency: 3.269000726984814
Latency: 3.2595639950595796
Latency: 3.3160292678512633
Latency: 3.307362047955394
Latency: 3.259360142983496
Latency: 3.278761454857886
Latency: 3.2940889259334654
Latency: 3.297789446078241
Latency: 3.33723216294311
Latency: 3.350099280010909
Latency: 3.311291011981666
Latency: 3.2927372369449586
Latency: 3.2940456320066005
Latency: 3.306431740988046
Latency: 3.3134908550418913
Latency: 3.315343799069524
Latency: 3.3183021349832416
Latency: 3.339530510827899
Latency: 3.315732394112274
Latency: 3.3046614001505077
Latency: 3.321320476010442
Latency: 3.3149305258411914
Latency: 3.3175956569612026
Latency: 3.32062028395012
Latency: 3.3191894951742142
Latency: 3.338366172974929
Latency: 3.341708332998678
Latency: 3.3280317280441523
Latency: 3.331558386096731
Latency: 3.354344692081213
Latency: 3.3521906179375947
Latency: 3.335803377907723
Latency: 3.3420117541681975
Latency: 3.347415219992399
Latency: 3.354950145119801
Latency: 3.3518003111239523
Latency: 3.3730211588554084
Latency: 3.354597535915673
Latency: 3.3587343089748174
Latency: 3.3462033269461244
Latency: 3.3582234249915928
Latency: 3.373459683964029
Latency: 3.370635628933087
Latency: 3.371759283123538
Latency: 3.3787346880417317
Latency: 3.3834052470047027
Latency: 3.379278298933059
Latency: 3.3697483979631215
Latency: 3.3877680611331016
Latency: 3.3861057760659605
Latency: 3.396298416890204
Latency: 3.4236591910012066
Latency: 3.4728250349871814
Latency: 3.575002910103649
