Latency: 0.930620800005272
Latency: 0.8374409649986774
Latency: 0.8212497979402542
Latency: 0.8267764600459486
Latency: 0.8319252319633961
Latency: 0.813897336833179
Latency: 0.8223303440026939
Latency: 0.8303714070934802
Latency: 0.8445956890936941
Latency: 0.8389596419874579
Latency: 0.8203267951030284
Latency: 0.8343269410543144
Latency: 0.8334152060560882
Latency: 0.8315908729564399
Latency: 0.8177937401924282
Latency: 0.841021146858111
Latency: 0.8346459199674428
Latency: 0.8302289310377091
Latency: 0.8280288579408079
Latency: 0.8201525281183422
Latency: 0.8291985259857029
Latency: 0.8207898368127644
Latency: 0.8268279950134456
Latency: 0.8155573029071093
Latency: 0.8417691350914538
Latency: 0.8174855660181493
Latency: 0.8233322601299733
Latency: 0.8194086500443518
Latency: 0.8228455120697618
