Latency: 0.9397891501430422
Latency: 0.8283772580325603
Latency: 0.8380818900186568
Latency: 0.8489114379044622
Latency: 0.8319542799144983
Latency: 0.8432427188381553
Latency: 0.8467989980708808
Latency: 0.8409981441218406
Latency: 0.8396566980518401
Latency: 0.8426696909591556
Latency: 0.8386381960008293
Latency: 0.8491699418518692
Latency: 0.8375914299394935
Latency: 0.8411657910328358
Latency: 0.8405306830536574
Latency: 0.8450511528644711
Latency: 0.8492666219826788
Latency: 0.8474897551350296
Latency: 0.8452104500029236
Latency: 0.8215970350429416
