Latency: 0.6458106408827007
Latency: 0.8441775518003851
Latency: 1.046194480964914
Latency: 1.1114027719013393
Latency: 1.1019332828000188
Latency: 1.140117065049708
Latency: 1.192329855170101
Latency: 1.3292072708718479
Latency: 1.2501276440452784
Latency: 1.083956548012793
Latency: 1.1124171428382397
Latency: 1.130144220078364
Latency: 1.2451658819336444
Latency: 0.81519944104366
Latency: 0.005075473804026842
Latency: 0.004286766983568668
Latency: 0.0038960680831223726
Latency: 0.003955283900722861
Latency: 0.0038200540002435446
Latency: 0.005256806034594774
Latency: 0.003822626080363989
Latency: 0.003806352149695158
Latency: 0.003969978075474501
Latency: 0.0038413130678236485
Latency: 0.003813281189650297
Latency: 0.004193418892100453
Latency: 0.003806288121268153
Latency: 0.0038291839882731438
Latency: 0.003964480012655258
Latency: 0.004042184911668301
Latency: 0.0038928429130464792
Latency: 0.004344734828919172
Latency: 0.0038566580042243004
Latency: 0.00380299286916852
Latency: 0.004233927000313997
Latency: 0.003939892863854766
Latency: 0.003906785976141691
Latency: 0.004129278007894754
Latency: 0.003825287101790309
Latency: 0.003918582806363702
Latency: 0.004221722017973661
Latency: 0.003919912036508322
Latency: 0.003891780972480774
Latency: 0.0042006021831184626
Latency: 0.0038756399881094694
Latency: 0.003942169947549701
Latency: 0.004195860121399164
Latency: 0.003841667901724577
Latency: 0.0038171550258994102
Latency: 0.004130789078772068
Latency: 0.003813754068687558
Latency: 0.0038138600066304207
Latency: 0.004178890027105808
Latency: 0.0038413540460169315
Latency: 0.0038115500938147306
Latency: 0.005013778805732727
Latency: 0.003849137108772993
Latency: 0.003808956127613783
Latency: 0.00409704796038568
Latency: 0.003835155861452222
Latency: 0.0038058680947870016
Latency: 0.004219706868752837
Latency: 0.003816896816715598
Latency: 0.0039648390375077724
Latency: 0.00413463800214231
Latency: 0.0038377069868147373
Latency: 0.003794507123529911
Latency: 0.004103837069123983
Latency: 0.0038395291194319725
Latency: 0.0038069358561187983
Latency: 0.004094772040843964
Latency: 0.0038139550015330315
Latency: 0.0038017630577087402
Latency: 0.004084836924448609
Latency: 0.0038087000139057636
Latency: 0.0037924530915915966
Latency: 0.004097645170986652
Latency: 0.003935541026294231
Latency: 0.003779553109779954
Latency: 0.004125972976908088
Latency: 0.0038214020896703005
Latency: 0.0037910500541329384
Latency: 0.0041214770171791315
Latency: 0.003803377039730549
Latency: 0.003775958903133869
Latency: 0.004122130107134581
Latency: 0.0037981669884175062
Latency: 0.0037697930820286274
Latency: 0.004118136828765273
Latency: 0.0038236540276557207
Latency: 0.003931715851649642
Latency: 0.004922830034047365
Latency: 0.003867118852213025
Latency: 0.003990611061453819
Latency: 0.004168215906247497
Latency: 0.0038614459335803986
Latency: 0.003875291906297207
Latency: 0.0041648829355835915
Latency: 0.0038737670984119177
Latency: 0.0037989490665495396
Latency: 0.004132858943194151
Latency: 0.003799411002546549
Latency: 0.0037785170134156942
Latency: 0.004114728886634111
Latency: 0.003824818879365921
Latency: 0.0037716140504926443
Latency: 0.00409331195987761
Latency: 0.0038013209123164415
Latency: 0.0037683211266994476
Latency: 0.004239742876961827
Latency: 0.0038144830614328384
Latency: 0.0037712939083576202
Latency: 0.004089652094990015
Latency: 0.0037957930471748114
Latency: 0.0037706319708377123
Latency: 0.004097953904420137
Latency: 0.003827025881037116
Latency: 0.003779649967327714
Latency: 0.004093135939911008
Latency: 0.003815992036834359
Latency: 0.0038049330469220877
Latency: 0.004115068120881915
Latency: 0.003814998082816601
Latency: 0.003781182924285531
Latency: 0.0040976740419864655
Latency: 0.003974187886342406
Latency: 0.0038009299896657467
Latency: 0.004803488031029701
Latency: 0.0038157631643116474
Latency: 0.0037744869478046894
Latency: 0.004072566982358694
Latency: 0.0038070539012551308
Latency: 0.0037913559935986996
Latency: 0.004127112915739417
Latency: 0.003795810043811798
Latency: 0.003772076917812228
Latency: 0.004075743956491351
Latency: 0.0037988510448485613
Latency: 0.0037791719660162926
Latency: 0.004108512075617909
Latency: 0.003795936005190015
Latency: 0.003914462868124247
Latency: 0.004107485990971327
Latency: 0.003798796096816659
Latency: 0.003778127022087574
Latency: 0.0041233638767153025
Latency: 0.003803738160058856
Latency: 0.0037930638063699007
Latency: 0.004102326929569244
Latency: 0.003818867029622197
Latency: 0.0037988098338246346
Latency: 0.004106542095541954
Latency: 0.003820250043645501
Latency: 0.0038298671133816242
Latency: 0.004142107907682657
Latency: 0.003797920886427164
Latency: 0.0037680601235479116
Latency: 0.004253577906638384
Latency: 0.003818049095571041
Latency: 0.0037861361633986235
Latency: 0.004090800182893872
Latency: 0.0038225799798965454
Latency: 0.003802667139098048
Latency: 0.004851431120187044
Latency: 0.0038127279840409756
Latency: 0.0038143808487802744
Latency: 0.004084626212716103
Latency: 0.003798343939706683
Latency: 0.004261581925675273
Latency: 0.004176291869953275
Latency: 0.0038218488916754723
Latency: 0.0038323800545185804
Latency: 0.004119174089282751
Latency: 0.004377130186185241
Latency: 0.003871680935844779
Latency: 0.004146425053477287
Latency: 0.0038574761711061
Latency: 0.0038113088812679052
Latency: 0.004171120002865791
Latency: 0.0038052478339523077
Latency: 0.0037921848706901073
Latency: 0.004123847000300884
Latency: 0.003834111848846078
Latency: 0.0038015160243958235
Latency: 0.004109048983082175
Latency: 0.0038052350282669067
Latency: 0.0038196619134396315
Latency: 0.004115156130865216
Latency: 0.0038101498503237963
Latency: 0.003934008069336414
Latency: 0.004101892001926899
Latency: 0.00379362003877759
Latency: 0.0037876369897276163
Latency: 0.004160797921940684
Latency: 0.0038093249313533306
Latency: 0.0038030717987567186
Latency: 0.0041095539927482605
Latency: 0.0038401461206376553
Latency: 0.003776862984523177
Latency: 0.0048768059350550175
Latency: 0.0038176970556378365
Latency: 0.0037970959674566984
Latency: 0.0040851798839867115
Latency: 0.0038149449974298477
Latency: 0.0037759358529001474
Latency: 0.004245006013661623
Latency: 0.003850803943350911
Latency: 0.0037587799597531557
Latency: 0.004144737962633371
Latency: 0.003794322023168206
Latency: 0.00379387685097754
Latency: 0.004111235961318016
Latency: 0.003800387028604746
Latency: 0.003809911198914051
Latency: 0.004111333983018994
Latency: 0.003809422953054309
Latency: 0.0037786660250276327
Latency: 0.004103482933714986
Latency: 0.0037989120464771986
Latency: 0.003794942982494831
Latency: 0.0040865070186555386
Latency: 0.003958889981731772
Latency: 0.003811407834291458
Latency: 0.004095589043572545
Latency: 0.003795594908297062
Latency: 0.003806122811511159
Latency: 0.004118266981095076
Latency: 0.0038284349720925093
Latency: 0.003791922004893422
Latency: 0.004099117824807763
Latency: 0.003814938012510538
Latency: 0.0038002030923962593
Latency: 0.0041390901897102594
Latency: 0.003804916050285101
Latency: 0.0038014259189367294
Latency: 0.004977354081347585
Latency: 0.0037967779207974672
Latency: 0.003917621914297342
Latency: 0.004084974993020296
Latency: 0.003818216035142541
Latency: 0.0037734198849648237
Latency: 0.004108829889446497
Latency: 0.00380967790260911
Latency: 0.0037723840214312077
Latency: 0.004094264004379511
Latency: 0.003801872953772545
Latency: 0.0037748278118669987
Latency: 0.004097906872630119
Latency: 0.003814048133790493
Latency: 0.0037796238902956247
Latency: 0.004101834027096629
Latency: 0.0038321760948747396
Latency: 0.0037843750324100256
Latency: 0.004237642977386713
Latency: 0.0037926980294287205
Latency: 0.003802153980359435
Latency: 0.004139265976846218
Latency: 0.0038069000001996756
Latency: 0.003774533048272133
Latency: 0.0041223978623747826
Latency: 0.003815494943410158
Latency: 0.003796213073655963
Latency: 0.004110067849978805
Latency: 0.00383453699760139
Latency: 0.003770511131733656
Latency: 0.004128606989979744
Latency: 0.003830527188256383
Latency: 0.003787405090406537
Latency: 0.004146073944866657
Latency: 0.003924855031073093
Latency: 0.003764728084206581
Latency: 0.004828813951462507
Latency: 0.0038262950256466866
Latency: 0.0037942668423056602
Latency: 0.004071389092132449
Latency: 0.0038094499614089727
Latency: 0.0037645602133125067
Latency: 0.004087425069883466
Latency: 0.003825482912361622
Latency: 0.0037738250102847815
Latency: 0.004076666897162795
Latency: 0.0037963290233165026
Latency: 0.0037809310015290976
Latency: 0.0041384699288755655
Latency: 0.0038103831466287374
Latency: 0.003899448784068227
Latency: 0.004126442829146981
Latency: 0.003807378001511097
Latency: 0.0037540202029049397
Latency: 0.004121436970308423
Latency: 0.003805015003308654
Latency: 0.0037612169981002808
Latency: 0.004091879120096564
Latency: 0.0037846360355615616
Latency: 0.0037876449059695005
Latency: 0.004100834019482136
Latency: 0.0038040759973227978
Latency: 0.0037728389725089073
Latency: 0.004090169910341501
Latency: 0.0037995241582393646
Latency: 0.0037885450292378664
Latency: 0.004220389993861318
Latency: 0.0037986370734870434
Latency: 0.003796965116634965
Latency: 0.004096706863492727
Latency: 0.0038078229408711195
Latency: 0.00380910886451602
Latency: 0.004845501855015755
Latency: 0.003828916000202298
Latency: 0.0037829231005162
Latency: 0.004071611911058426
Latency: 0.0037951678968966007
Latency: 0.0037879222072660923
Latency: 0.00408585206605494
Latency: 0.0037954847794026136
Latency: 0.0037781810387969017
Latency: 0.004084944957867265
Latency: 0.0039255800656974316
Latency: 0.0037728080060333014
Latency: 0.004090792033821344
Latency: 0.003862228011712432
Latency: 0.0037898351438343525
Latency: 0.004093566909432411
Latency: 0.003820003941655159
Latency: 0.0038030368741601706
Latency: 0.004103512037545443
Latency: 0.0038086308632045984
Latency: 0.003798810997977853
Latency: 0.0040875510312616825
Latency: 0.003825314110144973
Latency: 0.0037905159406363964
Latency: 0.004064403008669615
Latency: 0.003831221954897046
Latency: 0.003922496922314167
Latency: 0.004092843038961291
Latency: 0.0037936209701001644
Latency: 0.003795107128098607
Latency: 0.004099627025425434
Latency: 0.0038157349918037653
Latency: 0.0038047831039875746
Latency: 0.004106165142729878
Latency: 0.0038032520096749067
Latency: 0.003772323951125145
Latency: 0.004829311976209283
Latency: 0.0037960109766572714
Latency: 0.003797764191403985
Latency: 0.0040944600477814674
Latency: 0.0038021570071578026
Latency: 0.0037785738240927458
Latency: 0.004231970990076661
Latency: 0.003794614225625992
Latency: 0.0039036639500409365
Latency: 0.0041012088768184185
Latency: 0.003817236050963402
Latency: 0.0038340031169354916
Latency: 0.004084724001586437
Latency: 0.0038006750401109457
Latency: 0.0037770650815218687
Latency: 0.0040928819216787815
Latency: 0.0037975211162120104
Latency: 0.0037986929528415203
Latency: 0.004080776823684573
Latency: 0.003814568044617772
Latency: 0.003775354940444231
Latency: 0.004109486006200314
Latency: 0.003945987205952406
Latency: 0.0037761700805276632
Latency: 0.004095518030226231
Latency: 0.0037894248962402344
Latency: 0.003757297992706299
Latency: 0.004114638082683086
Latency: 0.0038224579766392708
Latency: 0.0037863650359213352
Latency: 0.004110326990485191
Latency: 0.0038149170577526093
Latency: 0.0037818781565874815
Latency: 0.004107276909053326
Latency: 0.0038041980005800724
Latency: 0.0037805838510394096
Latency: 0.0048381679225713015
Latency: 0.0038174279034137726
Latency: 0.003980793058872223
Latency: 0.00409326795488596
Latency: 0.0037884090561419725
Latency: 0.0037499868776649237
Latency: 0.004097413970157504
Latency: 0.003799975151196122
Latency: 0.0037604020908474922
Latency: 0.004086752887815237
Latency: 0.003790646092966199
Latency: 0.0037638461217284203
Latency: 0.004081537015736103
Latency: 0.0038184288423508406
Latency: 0.003781327046453953
Latency: 0.004087961977347732
Latency: 0.0037926780059933662
Latency: 0.003761728061363101
Latency: 0.004253741819411516
Latency: 0.003778178943321109
Latency: 0.0037783440202474594
Latency: 0.00411182502284646
Latency: 0.0037995080929249525
Latency: 0.003772187978029251
Latency: 0.0041074438486248255
Latency: 0.003816083073616028
Latency: 0.0037953159771859646
Latency: 0.004123477963730693
Latency: 0.00379265402443707
Latency: 0.003755201119929552
Latency: 0.004119107965379953
Latency: 0.0038250021170824766
Latency: 0.0037878849543631077
Latency: 0.004086290951818228
Latency: 0.003899181028828025
Latency: 0.003821553895249963
Latency: 0.004820273956283927
Latency: 0.0038042860105633736
Latency: 0.0037796299438923597
Latency: 0.00406814506277442
Latency: 0.0037986841052770615
Latency: 0.003757118945941329
Latency: 0.004070084076374769
Latency: 0.0038076131604611874
Latency: 0.0037862141616642475
Latency: 0.004118130076676607
Latency: 0.003836746094748378
Latency: 0.003800769103690982
Latency: 0.004142247838899493
Latency: 0.0038476549088954926
Latency: 0.003912552958354354
Latency: 0.004136907169595361
Latency: 0.003803777042776346
Latency: 0.0037996110040694475
Latency: 0.004084997111931443
Latency: 0.003810797119513154
Latency: 0.0037793079391121864
Latency: 0.004128477070480585
Latency: 0.003825574880465865
Latency: 0.003827041946351528
Latency: 0.0042513778898864985
Latency: 0.0039064520969986916
Latency: 0.003783484920859337
Latency: 0.004198895068839192
Latency: 0.0038847450632601976
Latency: 0.0038176728412508965
Latency: 0.004311890108510852
Latency: 0.0038290659431368113
Latency: 0.0037902819458395243
Latency: 0.004125642124563456
Latency: 0.003827113891020417
Latency: 0.003803868079558015
Latency: 0.00507725402712822
Latency: 0.003806391963735223
Latency: 0.0037887399084866047
Latency: 0.00408896803855896
Latency: 0.0038156548980623484
Latency: 0.0037756029050797224
Latency: 0.004110774956643581
Latency: 0.0038109798915684223
Latency: 0.003764338092878461
Latency: 0.004102729959413409
Latency: 0.0039640190079808235
Latency: 0.0037783810403198004
Latency: 0.004135182127356529
Latency: 0.0038259730208665133
Latency: 0.003777935169637203
Latency: 0.004114840878173709
Latency: 0.0038070830050855875
Latency: 0.003793233074247837
Latency: 0.004112079041078687
Latency: 0.003819606965407729
Latency: 0.003771431976929307
Latency: 0.0041150678880512714
Latency: 0.0037910188548266888
Latency: 0.0037831750232726336
Latency: 0.004098741803318262
Latency: 0.0037777989637106657
Latency: 0.003923534881323576
Latency: 0.004086378030478954
Latency: 0.003823669860139489
Latency: 0.00377182406373322
Latency: 0.004116081167012453
Latency: 0.0038225329481065273
Latency: 0.0037896737921983004
Latency: 0.004091763170436025
Latency: 0.003816757118329406
Latency: 0.003777632024139166
Latency: 0.004846103023737669
Latency: 0.0038081309758126736
Latency: 0.0037653360050171614
Latency: 0.004103054059669375
Latency: 0.0037871887907385826
Latency: 0.0037738950923085213
Latency: 0.004195934161543846
Latency: 0.003789776936173439
Latency: 0.0037897981237620115
Latency: 0.0040800259448587894
Latency: 0.0037967399694025517
Latency: 0.0038041980005800724
Latency: 0.004089470952749252
Latency: 0.0038309849333018064
Latency: 0.0037839789874851704
Latency: 0.004084673011675477
Latency: 0.00439671310596168
Latency: 0.0038088809233158827
Latency: 0.004087015986442566
Latency: 0.0038203769363462925
Latency: 0.0037848830688744783
Latency: 0.0040958658792078495
Latency: 0.003942670999094844
Latency: 0.003763538086786866
Latency: 0.004081154940649867
Latency: 0.0038256430998444557
Latency: 0.003784090979024768
Latency: 0.004071609117090702
Latency: 0.003786026034504175
Latency: 0.003790366929024458
Latency: 0.004123735008761287
Latency: 0.00380142405629158
Latency: 0.003779154969379306
Latency: 0.004075412871316075
Latency: 0.003840188030153513
Latency: 0.0038046399131417274
Latency: 0.004842713009566069
Latency: 0.0038161699194461107
Latency: 0.003896270878612995
Latency: 0.004079816862940788
Latency: 0.0037854041438549757
Latency: 0.0037776657845824957
Latency: 0.00406796601600945
Latency: 0.003800072940066457
Latency: 0.0037737321108579636
Latency: 0.0040601929649710655
Latency: 0.0038100159727036953
Latency: 0.003795946016907692
Latency: 0.004080131882801652
Latency: 0.00378625700250268
Latency: 0.0037770001217722893
Latency: 0.004070516908541322
Latency: 0.003792067989706993
Latency: 0.0037835759576410055
Latency: 0.0042138490825891495
Latency: 0.003813470946624875
Latency: 0.0038019930943846703
Latency: 0.004086276050657034
Latency: 0.0037918100133538246
Latency: 0.0037677709478884935
Latency: 0.004074672004207969
Latency: 0.003803534898906946
Latency: 0.0037884910125285387
Latency: 0.0040853910613805056
Latency: 0.003855972085148096
Latency: 0.0037850039079785347
Latency: 0.004068533191457391
Latency: 0.0037998210173100233
Latency: 0.00379009498283267
Latency: 0.004072894109413028
Latency: 0.003932160092517734
Latency: 0.003780827159062028
Latency: 0.004832483129575849
Latency: 0.0038204041775316
Latency: 0.003780215047299862
Latency: 0.00405952287837863
Latency: 0.003813582006841898
Latency: 0.00379178486764431
Latency: 0.004073834978044033
Latency: 0.0038067460991442204
Latency: 0.0037587680853903294
Latency: 0.00409349100664258
Latency: 0.0038242521695792675
Latency: 0.0037927599623799324
Latency: 0.004068713868036866
Latency: 0.003790999064221978
Latency: 0.003924346994608641
Latency: 0.0040768280159682035
Latency: 0.0038051330484449863
Latency: 0.0037686300929635763
Latency: 0.0042667321395128965
Latency: 0.003831857116892934
Latency: 0.0037530108820647
Latency: 0.004082269035279751
Latency: 0.0038073710165917873
Latency: 0.0037913431879132986
Latency: 0.004083086038008332
Latency: 0.003803023835644126
Latency: 0.0037947020027786493
Latency: 0.004089359892532229
Latency: 0.0038124590646475554
Latency: 0.0037805461324751377
Latency: 0.00422453205101192
Latency: 0.003800945822149515
Latency: 0.0037706608418375254
Latency: 0.004085984081029892
Latency: 0.0037983600050210953
Latency: 0.0037732268683612347
Latency: 0.004845574963837862
Latency: 0.003789240028709173
Latency: 0.003768373979255557
Latency: 0.004085124935954809
Latency: 0.0037948437966406345
Latency: 0.0037718669045716524
Latency: 0.004072640091180801
Latency: 0.003826707834377885
Latency: 0.0037840160075575113
Latency: 0.004055537050589919
Latency: 0.003957594046369195
Latency: 0.0038723349571228027
Latency: 0.00408189301379025
Latency: 0.0038110539317131042
Latency: 0.0037764059379696846
Latency: 0.004076092969626188
Latency: 0.0038335900753736496
Latency: 0.003773737931624055
Latency: 0.004089718917384744
Latency: 0.0038336270954459906
Latency: 0.003756921039894223
Latency: 0.004080058075487614
Latency: 0.003824438899755478
Latency: 0.0037638889625668526
Latency: 0.004068162990733981
Latency: 0.0038693249225616455
Latency: 0.003921631025150418
Latency: 0.00408262899145484
Latency: 0.0038147689774632454
Latency: 0.003784551052376628
Latency: 0.004060974111780524
Latency: 0.0038183319848030806
Latency: 0.003777954960241914
Latency: 0.003929524915292859
Latency: 0.0037808639463037252
Latency: 0.003790401155129075
Latency: 0.004805485950782895
Latency: 0.0038095139898359776
Latency: 0.003809879068285227
Latency: 0.004054168006405234
Latency: 0.0037757970858365297
Latency: 0.0037704790011048317
Latency: 0.0042272990103811026
Latency: 0.003819399978965521
Latency: 0.003752542892470956
Latency: 0.004073650110512972
Latency: 0.0038701791781932116
Latency: 0.0037993660662323236
Latency: 0.004178388975560665
Latency: 0.0038827061653137207
Latency: 0.0037713320925831795
Latency: 0.004105590051040053
Latency: 0.0037956698797643185
Latency: 0.0037577750626951456
Latency: 0.00409109890460968
Latency: 0.0038081861566752195
Latency: 0.0037932058330625296
Latency: 0.004110728157684207
Latency: 0.003969395998865366
Latency: 0.003853422123938799
Latency: 0.004132462898269296
Latency: 0.0038146059960126877
Latency: 0.0037709050811827183
Latency: 0.00408726604655385
Latency: 0.003802022896707058
Latency: 0.003789294045418501
Latency: 0.004099532961845398
Latency: 0.0037951439153403044
Latency: 0.0038048650603741407
Latency: 0.004108540015295148
Latency: 0.0038071239832788706
Latency: 0.003769064089283347
Latency: 0.004986177897080779
Latency: 0.0038063949905335903
Latency: 0.0039023859426379204
Latency: 0.004078218946233392
Latency: 0.003811613190919161
Latency: 0.0037618691567331553
Latency: 0.004092750139534473
Latency: 0.0038388699758797884
Latency: 0.0037808259949088097
Latency: 0.004059973172843456
Latency: 0.0038082569371908903
Latency: 0.003785662120208144
Latency: 0.004062267951667309
Latency: 0.003797204000875354
Latency: 0.0037675590720027685
Latency: 0.004072163952514529
Latency: 0.0038077228236943483
Latency: 0.0037599040661007166
Latency: 0.004194766981527209
Latency: 0.003799293888732791
Latency: 0.0037742890417575836
Latency: 0.00406602188013494
Latency: 0.0038032340817153454
Latency: 0.0037737670354545116
Latency: 0.0040781740099191666
Latency: 0.003826806088909507
Latency: 0.003776146797463298
Latency: 0.004087927984073758
Latency: 0.0038093719631433487
Latency: 0.0037888349033892155
Latency: 0.0040904078632593155
Latency: 0.003813212038949132
Latency: 0.0037884179037064314
Latency: 0.004067284986376762
Latency: 0.003949299920350313
Latency: 0.0037762580905109644
Latency: 0.004824633942916989
Latency: 0.003816002979874611
Latency: 0.0037705288268625736
Latency: 0.004070398863404989
Latency: 0.003799085970968008
Latency: 0.0037520909681916237
Latency: 0.004069807007908821
Latency: 0.0038113920018076897
Latency: 0.003757706144824624
Latency: 0.004073284100741148
Latency: 0.003822971135377884
Latency: 0.00376305403187871
Latency: 0.004070107126608491
Latency: 0.003794267075136304
Latency: 0.003946664044633508
Latency: 0.004075565142557025
Latency: 0.0037860439624637365
Latency: 0.003774072974920273
Latency: 0.004080725135281682
Latency: 0.003792433999478817
Latency: 0.003769573988392949
Latency: 0.004086044849827886
Latency: 0.003815597156062722
Latency: 0.0037657320499420166
Latency: 0.004285078961402178
Latency: 0.0038531669415533543
Latency: 0.0037716911174356937
Latency: 0.004064406035467982
Latency: 0.0037879268638789654
Latency: 0.003760304069146514
Latency: 0.004196647088974714
Latency: 0.0038773079868406057
Latency: 0.003764782100915909
Latency: 0.003908985992893577
Latency: 0.003802460851147771
Latency: 0.00378557201474905
Latency: 0.004841980990022421
Latency: 0.003791231894865632
Latency: 0.0037994279991835356
Latency: 0.003928253892809153
Latency: 0.0037923241034150124
Latency: 0.0037605559919029474
Latency: 0.0040757309179753065
Latency: 0.0037916209548711777
Latency: 0.0037555228918790817
Latency: 0.004091928014531732
Latency: 0.003948758821934462
Latency: 0.003777923993766308
Latency: 0.004095529904589057
Latency: 0.003810647875070572
Latency: 0.0037684368435293436
Latency: 0.004073067102581263
Latency: 0.0037854521069675684
Latency: 0.003792664036154747
Latency: 0.0040822820737957954
Latency: 0.0038201329298317432
Latency: 0.003764508990570903
Latency: 0.004078899044543505
Latency: 0.0038441589567810297
Latency: 0.0037700231187045574
Latency: 0.0040673487819731236
Latency: 0.003799944883212447
Latency: 0.00389255303889513
Latency: 0.004091443028301001
Latency: 0.003809534013271332
Latency: 0.0037732808850705624
Latency: 0.004124412778764963
Latency: 0.0038071400485932827
Latency: 0.003762128995731473
Latency: 0.004117770120501518
Latency: 0.0037999190390110016
Latency: 0.003762402106076479
Latency: 0.004818669054657221
Latency: 0.00382794882170856
Latency: 0.003786994842812419
Latency: 0.004104824038222432
Latency: 0.0037911979015916586
Latency: 0.003776072058826685
Latency: 0.004201628966256976
Latency: 0.003831774927675724
Latency: 0.0037772620562464
Latency: 0.004075187956914306
Latency: 0.0038159098476171494
Latency: 0.003777910955250263
Latency: 0.004063775995746255
Latency: 0.0038088378496468067
Latency: 0.003760503837838769
Latency: 0.0041040899232029915
Latency: 0.0038041039370000362
Latency: 0.0037664631381630898
Latency: 0.004088530084118247
Latency: 0.003797729965299368
Latency: 0.003780870931223035
Latency: 0.00411827489733696
Latency: 0.003953420789912343
Latency: 0.003787130815908313
Latency: 0.004102763021364808
Latency: 0.0038173559587448835
Latency: 0.0037711099721491337
Latency: 0.004101322032511234
Latency: 0.0037804231978952885
Latency: 0.003784454893320799
Latency: 0.004102102015167475
Latency: 0.0038265609182417393
Latency: 0.003801375860348344
Latency: 0.0041095351334661245
Latency: 0.0038098690565675497
Latency: 0.0037926419172436
Latency: 0.004835916915908456
Latency: 0.0038171361666172743
Latency: 0.0038880889769643545
Latency: 0.004061840008944273
Latency: 0.0038002750370651484
Latency: 0.0037576539907604456
Latency: 0.004074994008988142
Latency: 0.0037977281026542187
Latency: 0.00375071307644248
Latency: 0.004079436883330345
Latency: 0.00381680391728878
Latency: 0.003768139984458685
Latency: 0.004097237950190902
Latency: 0.003785419976338744
Latency: 0.0037727761082351208
Latency: 0.004117836011573672
Latency: 0.0037838108837604523
Latency: 0.0037819580174982548
Latency: 0.004219148075208068
Latency: 0.003810244845226407
Latency: 0.0037767149042338133
Latency: 0.004083430860191584
Latency: 0.003825100837275386
Latency: 0.0037856639828532934
Latency: 0.004097722005099058
Latency: 0.0038001220673322678
Latency: 0.0037949190009385347
Latency: 0.005418430082499981
Latency: 0.0040960649494081736
Latency: 0.0038305448833853006
Latency: 0.004165712045505643
Latency: 0.00381840905174613
Latency: 0.0038011788856238127
Latency: 0.0041280819568783045
Latency: 0.003946907818317413
Latency: 0.003793467069044709
Latency: 0.005081665003672242
Latency: 0.003820846090093255
Latency: 0.00379921100102365
Latency: 0.004094996023923159
Latency: 0.003807642962783575
Latency: 0.0037736070808023214
Latency: 0.0040979681070894
Latency: 0.003807357046753168
Latency: 0.0037865671329200268
Latency: 0.004088504007086158
Latency: 0.0038544528651982546
Latency: 0.0038835210725665092
Latency: 0.004188949009403586
Latency: 0.0038941409438848495
Latency: 0.003962012007832527
Latency: 0.004107956076040864
Latency: 0.0038178518880158663
Latency: 0.0038018941413611174
Latency: 0.004122978076338768
Latency: 0.0038070189766585827
Latency: 0.003785663051530719
Latency: 0.004120643017813563
Latency: 0.0038198730908334255
Latency: 0.0037918949965387583
Latency: 0.0042024459689855576
Latency: 0.0038273411337286234
Latency: 0.0038184199947863817
Latency: 0.004170070867985487
Latency: 0.0038165689911693335
Latency: 0.003788297064602375
Latency: 0.004263354931026697
Latency: 0.003786100074648857
Latency: 0.0037852670066058636
Latency: 0.004152292851358652
Latency: 0.003823945065960288
Latency: 0.0037632910534739494
Latency: 0.004931214964017272
Latency: 0.0038082869723439217
Latency: 0.003755314974114299
Latency: 0.004083824111148715
Latency: 0.00379802193492651
Latency: 0.0037797498516738415
Latency: 0.00408556591719389
Latency: 0.0038293248508125544
Latency: 0.0037873489782214165
Latency: 0.0040879889857023954
Latency: 0.003939064918085933
Latency: 0.0037874781992286444
Latency: 0.004104505060240626
Latency: 0.0038127601146698
Latency: 0.003767515067011118
Latency: 0.00413390202447772
Latency: 0.003816718002781272
Latency: 0.003792216069996357
Latency: 0.0041059451177716255
Latency: 0.003812369192019105
Latency: 0.003802879946306348
Latency: 0.004084371030330658
Latency: 0.003817227901890874
Latency: 0.0037649921141564846
Latency: 0.0041158501990139484
Latency: 0.0038087579887360334
Latency: 0.003920961171388626
Latency: 0.004089368972927332
Latency: 0.0037967769894748926
Latency: 0.003804020816460252
Latency: 0.004145539132878184
Latency: 0.0038012098520994186
Latency: 0.0037635969929397106
Latency: 0.004087998066097498
Latency: 0.00381096382625401
Latency: 0.0037831910885870457
Latency: 0.004830067977309227
Latency: 0.0038324478082358837
Latency: 0.0037771519273519516
Latency: 0.004082811065018177
Latency: 0.003836774965748191
Latency: 0.0037652431055903435
Latency: 0.004223790019750595
Latency: 0.003816495183855295
Latency: 0.0037709539756178856
Latency: 0.004085892112925649
Latency: 0.00380258122459054
Latency: 0.0037959350738674402
Latency: 0.004094070987775922
Latency: 0.0038055588956922293
Latency: 0.0037615220062434673
Latency: 0.004137188196182251
Latency: 0.0038188500329852104
Latency: 0.003786770859733224
Latency: 0.004118827171623707
Latency: 0.003802912076935172
Latency: 0.0037563808728009462
Latency: 0.004090052098035812
Latency: 0.0039536720141768456
Latency: 0.003778513055294752
Latency: 0.004076465032994747
Latency: 0.0038257581181824207
Latency: 0.00378976808860898
Latency: 0.0041219680570065975
Latency: 0.004003780195489526
Latency: 0.003809613874182105
Latency: 0.004099448211491108
Latency: 0.0038087000139057636
Latency: 0.0037874870467931032
Latency: 0.004107789136469364
Latency: 0.003819031175225973
Latency: 0.0037815028335899115
Latency: 0.004837262909859419
Latency: 0.003819613019004464
Latency: 0.0039162179455161095
Latency: 0.004070559050887823
Latency: 0.0038193711079657078
Latency: 0.0037891289684921503
Latency: 0.004063352011144161
Latency: 0.0038017479237169027
Latency: 0.003777941921725869
Latency: 0.004066644934937358
Latency: 0.0037944409996271133
Latency: 0.003778860904276371
Latency: 0.00410061702132225
Latency: 0.003797008888795972
Latency: 0.003765784902498126
Latency: 0.004112092079594731
Latency: 0.003808927023783326
Latency: 0.003767582820728421
Latency: 0.004224339034408331
Latency: 0.0038044839166104794
Latency: 0.0037862379103899
Latency: 0.004094099160283804
Latency: 0.003834544215351343
Latency: 0.0037858339492231607
Latency: 0.004086341010406613
Latency: 0.003810244845226407
Latency: 0.0037666810676455498
Latency: 0.004110960057005286
Latency: 0.0038107249420136213
Latency: 0.0037872360553592443
Latency: 0.004105944884940982
Latency: 0.0038011809810996056
Latency: 0.0037767558824270964
Latency: 0.0041296451818197966
Latency: 0.003946495009586215
Latency: 0.0037742380518466234
Latency: 0.004809920908883214
Latency: 0.003783254884183407
Latency: 0.0037676990032196045
Latency: 0.004063138039782643
Latency: 0.00379733694717288
Latency: 0.0037661720998585224
Latency: 0.004067814908921719
Latency: 0.0038058189675211906
Latency: 0.003786630928516388
Latency: 0.004089568974450231
Latency: 0.003815877018496394
Latency: 0.003771957941353321
Latency: 0.004111086018383503
Latency: 0.0038153519853949547
Latency: 0.003914485918357968
Latency: 0.004090789007022977
Latency: 0.0037979299668222666
Latency: 0.0037723849527537823
Latency: 0.004099712008610368
Latency: 0.0038074199110269547
Latency: 0.0037851319648325443
Latency: 0.004097871016710997
Latency: 0.003878558985888958
Latency: 0.003785779932513833
Latency: 0.004102058941498399
Latency: 0.0038074939511716366
Latency: 0.0037855820264667273
Latency: 0.004112465074285865
Latency: 0.003829853842034936
Latency: 0.0038351810071617365
Latency: 0.004275668878108263
Latency: 0.003813948016613722
Latency: 0.0037894160486757755
Latency: 0.004097751108929515
Latency: 0.0038111379835754633
Latency: 0.0037783149164170027
Latency: 0.004885522183030844
Latency: 0.0038053239695727825
Latency: 0.0037744168657809496
Latency: 0.004087303997948766
Latency: 0.0038152888882905245
Latency: 0.003769623814150691
Latency: 0.004087605979293585
Latency: 0.0038840118795633316
Latency: 0.0037877680733799934
Latency: 0.004077218007296324
Latency: 0.003937816945835948
Latency: 0.0037969518452882767
Latency: 0.004086158005520701
Latency: 0.0037954419385641813
Latency: 0.003760959953069687
Latency: 0.004131636116653681
Latency: 0.003792787902057171
Latency: 0.0037746308371424675
Latency: 0.004101054975762963
Latency: 0.003815623000264168
Latency: 0.0037579971831291914
Latency: 0.004135374911129475
Latency: 0.0038066129200160503
Latency: 0.003775316057726741
Latency: 0.004105912055820227
Latency: 0.003815986914560199
Latency: 0.003924803109839559
Latency: 0.004097844008356333
Latency: 0.0038119391538202763
Latency: 0.003766573965549469
Latency: 0.004106587031856179
Latency: 0.003883427008986473
Latency: 0.0038321479223668575
Latency: 0.004119212972000241
Latency: 0.0038194600492715836
Latency: 0.0037827410269528627
Latency: 0.004827989032492042
Latency: 0.0038394469302147627
Latency: 0.003751356853172183
Latency: 0.00407764408737421
Latency: 0.0038008319679647684
Latency: 0.003771756077185273
Latency: 0.004221627023071051
Latency: 0.0038331879768520594
Latency: 0.0037685339339077473
Latency: 0.00409127096645534
Latency: 0.0038722800090909004
Latency: 0.0038472211454063654
Latency: 0.004141493001952767
Latency: 0.003820945043116808
Latency: 0.003790460992604494
Latency: 0.004083022940903902
Latency: 0.003813499817624688
Latency: 0.0037769200280308723
Latency: 0.0041136841755360365
Latency: 0.0038231380749493837
Latency: 0.00378870009444654
Latency: 0.004101811908185482
Latency: 0.00396698503755033
Latency: 0.003786632092669606
Latency: 0.004164994927123189
Latency: 0.0038560470566153526
Latency: 0.003886429127305746
Latency: 0.004196758149191737
Latency: 0.00381494895555079
Latency: 0.003825763938948512
Latency: 0.004156928043812513
Latency: 0.0038345851935446262
Latency: 0.0037833298556506634
Latency: 0.004157620947808027
Latency: 0.0038148919120430946
Latency: 0.003808228997513652
Latency: 0.005101541057229042
Latency: 0.0038104599807411432
Latency: 0.003896994050592184
Latency: 0.004094564123079181
Latency: 0.0038268109783530235
Latency: 0.003785382956266403
Latency: 0.004072300158441067
Latency: 0.0038095959462225437
Latency: 0.0037888779770582914
Latency: 0.004086753819137812
Latency: 0.0038194837979972363
Latency: 0.0037953921128064394
Latency: 0.004096264950931072
Latency: 0.0037856840062886477
Latency: 0.003768583992496133
Latency: 0.004099143901839852
Latency: 0.0038205429445952177
Latency: 0.0037839689757674932
Latency: 0.004267056006938219
Latency: 0.003803272033110261
Latency: 0.003771939082071185
Latency: 0.004132892936468124
Latency: 0.003847175044938922
Latency: 0.003931417828425765
Latency: 0.0042080150451511145
Latency: 0.00390644115395844
Latency: 0.003862133016809821
Latency: 0.004172487882897258
Latency: 0.003891861066222191
Latency: 0.003844029037281871
Latency: 0.004129831911996007
Latency: 0.004363782936707139
Latency: 0.0037750431802123785
Latency: 0.004105506930500269
Latency: 0.003945535980165005
Latency: 0.0037789870984852314
Latency: 0.004902353044599295
Latency: 0.0038466821424663067
Latency: 0.003844287944957614
Latency: 0.004147005965933204
Latency: 0.003838315838947892
Latency: 0.0037909538950771093
Latency: 0.004084959859028459
Latency: 0.0038009120617061853
Latency: 0.003762774169445038
Latency: 0.004057497018948197
Latency: 0.0037812930531799793
Latency: 0.0037758490070700645
Latency: 0.0040931489784270525
Latency: 0.0038270470686256886
Latency: 0.003916276851668954
Latency: 0.004131157184019685
Latency: 0.0038076990749686956
Latency: 0.003772177966311574
Latency: 0.004082880914211273
Latency: 0.003825991880148649
Latency: 0.003784832078963518
Latency: 0.004084491869434714
Latency: 0.0038112830370664597
Latency: 0.0037904998753219843
Latency: 0.004082012921571732
Latency: 0.0038154569920152426
Latency: 0.0037687320727854967
Latency: 0.004101447993889451
Latency: 0.00379679212346673
Latency: 0.0037831191439181566
Latency: 0.004252549028024077
Latency: 0.0038273909594863653
Latency: 0.003990720957517624
Latency: 0.004132377915084362
Latency: 0.003787945955991745
Latency: 0.003781602019444108
Latency: 0.0048640260938555
Latency: 0.003817930119112134
Latency: 0.0037660039961338043
Latency: 0.004080909071490169
Latency: 0.003790736896917224
Latency: 0.0037454389967024326
Latency: 0.004087374079972506
Latency: 0.0038027779664844275
Latency: 0.0037884090561419725
Latency: 0.004084883024916053
Latency: 0.003915622131898999
Latency: 0.0038198770489543676
Latency: 0.00409616413526237
Latency: 0.0038169489707797766
Latency: 0.003792884061113
Latency: 0.0040903580375015736
Latency: 0.0038020831998437643
Latency: 0.003761522937566042
Latency: 0.004096337128430605
Latency: 0.0038100879173725843
Latency: 0.003782054875046015
Latency: 0.004102068021893501
Latency: 0.003850904991850257
Latency: 0.0037692789919674397
Latency: 0.004097264027222991
Latency: 0.003796438919380307
Latency: 0.0039042900316417217
Latency: 0.004102685023099184
Latency: 0.003834711853414774
Latency: 0.003798719961196184
Latency: 0.004113778937608004
Latency: 0.003816120093688369
Latency: 0.0037747311871498823
Latency: 0.004110113950446248
Latency: 0.0038060189690440893
Latency: 0.003792904084548354
Latency: 0.004840624984353781
Latency: 0.003811656031757593
Latency: 0.0038247420452535152
Latency: 0.004079743986949325
Latency: 0.0037930638063699007
Latency: 0.0037622270174324512
Latency: 0.004198702052235603
Latency: 0.0038001418579369783
Latency: 0.003780622035264969
Latency: 0.004083051113411784
Latency: 0.0037897469010204077
Latency: 0.0037760939449071884
Latency: 0.004102832172065973
Latency: 0.0038024678360670805
Latency: 0.003771507879719138
Latency: 0.004076516954228282
Latency: 0.003795220050960779
Latency: 0.003778490936383605
Latency: 0.0040890309028327465
Latency: 0.003827740205451846
Latency: 0.0037716638762503862
Latency: 0.004085476044565439
Latency: 0.0039673661813139915
Latency: 0.0037774150259792805
Latency: 0.004101644968613982
Latency: 0.003809235990047455
Latency: 0.0037706070579588413
Latency: 0.004098017001524568
Latency: 0.003827939974144101
Latency: 0.0038026729598641396
Latency: 0.004116811091080308
Latency: 0.0038191978819668293
Latency: 0.003821990918368101
Latency: 0.0041326608043164015
Latency: 0.003802585881203413
Latency: 0.003772970987483859
Latency: 0.004844525130465627
Latency: 0.0038063949905335903
Latency: 0.00389350694604218
Latency: 0.004075600998476148
Latency: 0.0038270840886980295
Latency: 0.0037688298616558313
Latency: 0.004074392840266228
Latency: 0.0038072660099714994
Latency: 0.0037668319419026375
Latency: 0.004070538096129894
Latency: 0.0038088448345661163
Latency: 0.003771170973777771
Latency: 0.004098400939255953
Latency: 0.0038106669671833515
Latency: 0.0037747470196336508
Latency: 0.004106692038476467
Latency: 0.003812749870121479
Latency: 0.00378530309535563
Latency: 0.004223272204399109
Latency: 0.0037986738607287407
Latency: 0.0037748219911009073
Latency: 0.004077431047335267
Latency: 0.003813026938587427
Latency: 0.0037723330315202475
Latency: 0.0040735239163041115
Latency: 0.003818579949438572
Latency: 0.0038028908893465996
Latency: 0.0040792718064039946
Latency: 0.003793407930061221
Latency: 0.0037720168475061655
Latency: 0.0041241750586777925
Latency: 0.0038156749214977026
Latency: 0.0037802888546139
Latency: 0.004100600024685264
Latency: 0.003918307134881616
Latency: 0.0037917119916528463
Latency: 0.004813330946490169
Latency: 0.003791538067162037
Latency: 0.003788260044530034
Latency: 0.004076863173395395
Latency: 0.0037926710210740566
Latency: 0.0037788539193570614
Latency: 0.0040899759624153376
Latency: 0.0038069807924330235
Latency: 0.0037876691203564405
Latency: 0.004094281001016498
Latency: 0.003837216878309846
Latency: 0.0038127710577100515
Latency: 0.004108506953343749
Latency: 0.003836799180135131
Latency: 0.003918905043974519
Latency: 0.004106468986719847
Latency: 0.0038129270542412996
Latency: 0.0038029500283300877
Latency: 0.004095761803910136
Latency: 0.003822844009846449
Latency: 0.0038055910263210535
Latency: 0.00411149300634861
Latency: 0.003838885808363557
Latency: 0.0037904721684753895
Latency: 0.004180261865258217
Latency: 0.0038115300703793764
Latency: 0.003828668035566807
Latency: 0.004160227021202445
Latency: 0.0038062420208007097
Latency: 0.00377991097047925
Latency: 0.0042915199883282185
Latency: 0.0038206090684980154
Latency: 0.003791373921558261
Latency: 0.004128340864554048
Latency: 0.003970877965912223
Latency: 0.0038266279734671116
Latency: 0.004975412972271442
Latency: 0.003821041900664568
Latency: 0.003808705136179924
Latency: 0.00407696608453989
Latency: 0.003811152186244726
Latency: 0.003765044966712594
Latency: 0.00405474822036922
Latency: 0.003810008056461811
Latency: 0.003804767969995737
Latency: 0.004088588058948517
Latency: 0.00393261993303895
Latency: 0.003771138144657016
Latency: 0.004094413015991449
Latency: 0.0038142530247569084
Latency: 0.0037819119170308113
Latency: 0.004096509888768196
Latency: 0.003818571101874113
Latency: 0.003765410976484418
Latency: 0.004104414023458958
Latency: 0.0038285809569060802
Latency: 0.003777299076318741
Latency: 0.004104662919417024
Latency: 0.003795196069404483
Latency: 0.003785755019634962
Latency: 0.00409328006207943
Latency: 0.003801997983828187
Latency: 0.0039043319411575794
Latency: 0.004101349040865898
Latency: 0.0038429589476436377
Latency: 0.003788226982578635
Latency: 0.004099198849871755
Latency: 0.003819860052317381
Latency: 0.003784280037507415
Latency: 0.004153937101364136
Latency: 0.0038163638673722744
Latency: 0.00375942699611187
Latency: 0.00481375795789063
Latency: 0.003783217165619135
Latency: 0.0037810809444636106
Latency: 0.004082004074007273
Latency: 0.0038076150231063366
Latency: 0.0037650789599865675
Latency: 0.004217169946059585
Latency: 0.003828715067356825
Latency: 0.003777444129809737
Latency: 0.004099176963791251
Latency: 0.0038232652004808187
Latency: 0.0037693099584430456
Latency: 0.004084001993760467
Latency: 0.0038057079073041677
Latency: 0.003759751096367836
Latency: 0.0041198330000042915
Latency: 0.0037858050782233477
Latency: 0.0037899110466241837
Latency: 0.004079151898622513
Latency: 0.0038119268137961626
Latency: 0.003769051982089877
Latency: 0.004077976103872061
Latency: 0.003942014882341027
Latency: 0.0037903408519923687
Latency: 0.004095944110304117
Latency: 0.003787050023674965
Latency: 0.0038008748088032007
Latency: 0.0040981650818139315
Latency: 0.003805302083492279
Latency: 0.0037667108699679375
Latency: 0.004106160951778293
Latency: 0.003822209080681205
Latency: 0.003795132040977478
Latency: 0.004088937072083354
Latency: 0.003784645115956664
Latency: 0.0037870199885219336
Latency: 0.004833653103560209
Latency: 0.0038285639602690935
Latency: 0.004081245977431536
Latency: 0.004089730093255639
Latency: 0.0038225799798965454
Latency: 0.0037558400072157383
Latency: 0.004067884059622884
Latency: 0.0038119261153042316
Latency: 0.003770244074985385
Latency: 0.004104703897610307
Latency: 0.003811473026871681
Latency: 0.0037869128864258528
Latency: 0.00409185397438705
Latency: 0.003797293873503804
Latency: 0.0037646929267793894
Latency: 0.004079753998667002
Latency: 0.0038095698691904545
Latency: 0.00377663504332304
Latency: 0.0042283430229872465
Latency: 0.0038172530476003885
Latency: 0.003791661001741886
Latency: 0.004089905880391598
Latency: 0.003820457961410284
Latency: 0.0037709991447627544
Latency: 0.004097430966794491
Latency: 0.003788280999287963
Latency: 0.0037779700942337513
Latency: 0.004073133924975991
Latency: 0.0037887950893491507
Latency: 0.0037775731179863214
Latency: 0.004114798968657851
Latency: 0.0037977751344442368
Latency: 0.0037700850516557693
Latency: 0.004096748074516654
Latency: 0.003928148187696934
Latency: 0.003776877885684371
Latency: 0.004802935989573598
Latency: 0.0038051409646868706
Latency: 0.00377222103998065
Latency: 0.004053849959746003
Latency: 0.0038103628903627396
Latency: 0.003786108922213316
Latency: 0.0040797938127070665
Latency: 0.0037889049854129553
Latency: 0.0037922889459878206
Latency: 0.004082719096913934
Latency: 0.0038074799813330173
Latency: 0.003777222940698266
Latency: 0.004096508026123047
Latency: 0.003801434999331832
Latency: 0.003915780922397971
Latency: 0.004083371022716165
Latency: 0.003834214061498642
Latency: 0.0037789270281791687
Latency: 0.0040802001021802425
Latency: 0.003836067859083414
Latency: 0.0037865510676056147
Latency: 0.004095420939847827
Latency: 0.0037951949052512646
Latency: 0.003765003988519311
Latency: 0.004091166891157627
Latency: 0.0038127750158309937
Latency: 0.0037915471475571394
Latency: 0.004072551848366857
Latency: 0.0037967099342495203
Latency: 0.0037854600232094526
Latency: 0.0042567679192870855
Latency: 0.0038595888763666153
Latency: 0.0037865531630814075
Latency: 0.00413032085634768
Latency: 0.003802004037424922
Latency: 0.0037728529423475266
Latency: 0.004844915121793747
Latency: 0.0037998519837856293
Latency: 0.003761327126994729
Latency: 0.00406966102309525
Latency: 0.0038130551110953093
Latency: 0.003827272914350033
Latency: 0.009012408088892698
Latency: 0.004276830004528165
Latency: 0.00394173595122993
Latency: 0.0041802688501775265
Latency: 0.003959262045100331
Latency: 0.0038191531784832478
Latency: 0.004162895958870649
Latency: 0.003818212077021599
Latency: 0.0037950649857521057
Latency: 0.004166590049862862
Latency: 0.003832536982372403
Latency: 0.0038085959386080503
Latency: 0.004122825106605887
Latency: 0.0038103261031210423
Latency: 0.0037706939037889242
Latency: 0.004109387984499335
Latency: 0.0038128611631691456
Latency: 0.00379735603928566
Latency: 0.00412547611631453
Latency: 0.003837904892861843
Latency: 0.00392487901262939
Latency: 0.0041060009971261024
Latency: 0.0038016370963305235
Latency: 0.0037788590416312218
Latency: 0.004086490022018552
Latency: 0.0037921119946986437
Latency: 0.003816775046288967
Latency: 0.004110743990167975
Latency: 0.0038159170653671026
Latency: 0.0037767121102660894
Latency: 0.004945616936311126
Latency: 0.003823080798611045
Latency: 0.0037707448936998844
Latency: 0.00406027096323669
Latency: 0.003814233001321554
Latency: 0.0037751139607280493
Latency: 0.004226143937557936
Latency: 0.003919256152585149
Latency: 0.0038088199216872454
Latency: 0.004133052891120315
Latency: 0.003814712166786194
Latency: 0.0038016708567738533
Latency: 0.004088030895218253
Latency: 0.0037887359503656626
Latency: 0.003792160889133811
Latency: 0.004079252015799284
Latency: 0.0038119410164654255
Latency: 0.0037832888774573803
Latency: 0.004095044918358326
Latency: 0.003815587842836976
Latency: 0.0037776168901473284
Latency: 0.004083862062543631
Latency: 0.003959290217608213
Latency: 0.003845925908535719
Latency: 0.004127363907173276
Latency: 0.0038312720134854317
Latency: 0.003783457912504673
Latency: 0.004103239858523011
Latency: 0.0038166879676282406
Latency: 0.00377563014626503
Latency: 0.004117397125810385
Latency: 0.0038139470852911472
Latency: 0.0037944389041513205
Latency: 0.004082879982888699
Latency: 0.003828303189948201
Latency: 0.0037932060658931732
Latency: 0.004932773066684604
Latency: 0.0038146870210766792
Latency: 0.003908253042027354
Latency: 0.004082723055034876
Latency: 0.0037959690671414137
Latency: 0.003768209833651781
Latency: 0.004078692058101296
Latency: 0.003853578120470047
Latency: 0.003775889053940773
Latency: 0.004084851127117872
Latency: 0.003811693051829934
Latency: 0.0037713360507041216
Latency: 0.00408550794236362
Latency: 0.0038375279400497675
Latency: 0.0037748089525848627
Latency: 0.004066837020218372
Latency: 0.003816964104771614
Latency: 0.0037955879233777523
Latency: 0.004242277937009931
Latency: 0.003812487004324794
Latency: 0.0037776660174131393
Latency: 0.004086890025064349
Latency: 0.0038159459363669157
Latency: 0.003791620023548603
Latency: 0.0040811060462147
Latency: 0.003807365894317627
Latency: 0.0037721730768680573
Latency: 0.004084461834281683
Latency: 0.003918305970728397
Latency: 0.003825743915513158
Latency: 0.0040913051925599575
Latency: 0.003810328897088766
Latency: 0.003758619073778391
Latency: 0.004117476986721158
Latency: 0.0039599190931767225
Latency: 0.0037647858262062073
Latency: 0.004877127939835191
Latency: 0.0037979918997734785
Latency: 0.003761453088372946
Latency: 0.0042762490920722485
Latency: 0.003892458975315094
Latency: 0.0037759190890938044
Latency: 0.004142494173720479
Latency: 0.0038088150322437286
Latency: 0.004127267049625516
Latency: 0.004143208032473922
Latency: 0.003966260002925992
Latency: 0.004024283029139042
Latency: 0.004686716943979263
Latency: 0.004043090855702758
Latency: 0.004294512094929814
Latency: 0.004677033983170986
Latency: 0.004102064995095134
Latency: 0.003940951079130173
Latency: 0.004485791083425283
Latency: 0.004063200205564499
Latency: 0.003909016959369183
Latency: 0.004664433188736439
Latency: 0.003992920974269509
Latency: 0.0038875872269272804
Latency: 0.0040431879460811615
Latency: 0.0038190470077097416
Latency: 0.0038913229946047068
Latency: 0.003974084043875337
Latency: 0.003812371054664254
Latency: 0.003906268859282136
Latency: 0.004137970041483641
Latency: 0.003843317972496152
Latency: 0.0038258240092545748
Latency: 0.004195997957140207
Latency: 0.003838571021333337
Latency: 0.0038647139444947243
Latency: 0.00522387120872736
Latency: 0.0038873699959367514
Latency: 0.0037999730557203293
Latency: 0.004206707002595067
Latency: 0.0038687000051140785
Latency: 0.0037699458189308643
Latency: 0.004466693848371506
Latency: 0.004399101948365569
Latency: 0.003864237107336521
Latency: 0.004440630087628961
Latency: 0.004527821904048324
Latency: 0.003977223997935653
Latency: 0.004364558029919863
Latency: 0.004433922003954649
Latency: 0.0040559719782322645
Latency: 0.004239033907651901
Latency: 0.004508438054472208
Latency: 0.004039922961965203
Latency: 0.004288065945729613
Latency: 0.004256477812305093
Latency: 0.004004252841696143
Latency: 0.004228092962875962
Latency: 0.00421314500272274
Latency: 0.004344257991760969
Latency: 0.004447484854608774
Latency: 0.004123626975342631
Latency: 0.004732436966150999
Latency: 0.004256569081917405
Latency: 0.004126362968236208
Latency: 0.004692272981628776
Latency: 0.004250585101544857
Latency: 0.003956791944801807
Latency: 0.0048820090014487505
Latency: 0.004289878066629171
Latency: 0.0038600550033152103
Latency: 0.004354401025921106
Latency: 0.0056512069422751665
Latency: 0.003977823071181774
Latency: 0.003884968115016818
Latency: 0.19488839991390705
Latency: 0.004687101813033223
Latency: 0.0045968161430209875
Latency: 0.004104594001546502
Latency: 0.003811466973274946
Latency: 0.004108418943360448
Latency: 0.004252015147358179
Latency: 0.004130994901061058
Latency: 0.004013219149783254
Latency: 0.004348538117483258
Latency: 0.00414000591263175
Latency: 0.00428922800347209
Latency: 0.0043237959034740925
Latency: 0.00392073392868042
Latency: 0.003853671019896865
Latency: 0.004757290007546544
Latency: 0.004139692056924105
Latency: 0.004363991087302566
Latency: 0.0044228509068489075
Latency: 0.004246626980602741
Latency: 0.004079509060829878
Latency: 0.005263103870674968
Latency: 0.004158803028985858
Latency: 0.003864957019686699
Latency: 0.003809525864198804
Latency: 0.003957034088671207
Latency: 0.0038161121774464846
Latency: 0.004111744929105043
Latency: 0.0037948719691485167
Latency: 0.0037556288298219442
Latency: 0.003913908964022994
Latency: 0.003738580970093608
Latency: 0.003997057909145951
Latency: 0.00375001085922122
Latency: 0.003725537797436118
Latency: 0.004006979055702686
Latency: 0.003757714992389083
Latency: 0.003719649976119399
Latency: 0.004019604995846748
Latency: 0.0037520742043852806
Latency: 0.003732806071639061
Latency: 0.00400949502363801
Latency: 0.0037353418301790953
Latency: 0.0037612540181726217
Latency: 0.00404379004612565
Latency: 0.0037830930668860674
Latency: 0.003777052043005824
Latency: 0.004118132870644331
Latency: 0.0038076010532677174
Latency: 0.0037922649644315243
Latency: 0.004071676870808005
Latency: 0.0039407669100910425
Latency: 0.0037999290507286787
Latency: 0.004040210973471403
Latency: 0.003772212192416191
Latency: 0.0037764578592032194
Latency: 0.00403320393525064
Latency: 0.005028393818065524
Latency: 0.003952368162572384
Latency: 0.00412865006364882
Latency: 0.004246101947501302
Latency: 0.003952658036723733
Latency: 0.004190722946077585
Latency: 0.004076220095157623
Latency: 0.004244226962327957
Latency: 0.004772785119712353
Latency: 0.004024620866402984
Latency: 0.004278719890862703
Latency: 0.004131206078454852
Latency: 0.003978842869400978
Latency: 0.004257173044607043
Latency: 0.00409378414042294
Latency: 0.0038119200617074966
Latency: 0.004296486033126712
Latency: 0.0041561920661479235
Latency: 0.0038620790001004934
Latency: 0.004185711964964867
Latency: 0.004457009956240654
Latency: 0.003844697028398514
Latency: 0.004031877964735031
Latency: 0.005012470996007323
Latency: 0.0039040949195623398
Latency: 0.003817566903308034
Latency: 0.005077926907688379
Latency: 0.0039375959895551205
Latency: 0.003753329860046506
Latency: 0.005764954024925828
Latency: 0.003929808968678117
Latency: 0.0038589818868786097
Latency: 0.00486765312962234
Latency: 0.0038908838760107756
Latency: 0.0038799159228801727
Latency: 0.00451315101236105
Latency: 0.004032757133245468
Latency: 0.0038476029876619577
Latency: 0.00404949695803225
Latency: 0.0038395130541175604
Latency: 0.0038399938493967056
Latency: 0.0040737600065767765
Latency: 0.0038980739191174507
Latency: 0.003724754089489579
Latency: 0.004547948949038982
Latency: 0.0037633380852639675
Latency: 0.003743276931345463
Latency: 0.004008573014289141
Latency: 0.003744447138160467
Latency: 0.003736098064109683
Latency: 0.004007002804428339
Latency: 0.0037477510049939156
Latency: 0.0037308449391275644
Latency: 0.003990093013271689
Latency: 0.003729935036972165
Latency: 0.003730701981112361
Latency: 0.0040440368466079235
Latency: 0.003753421828150749
Latency: 0.0039021840784698725
Latency: 0.004043017979711294
Latency: 0.0037461689207702875
Latency: 0.003745144000276923
Latency: 0.004017598927021027
Latency: 0.003743835026398301
Latency: 0.00373718305490911
Latency: 0.004026417853310704
Latency: 0.003767874091863632
Latency: 0.003751202020794153
Latency: 0.004013044992461801
Latency: 0.003731885924935341
Latency: 0.003735695034265518
Latency: 0.003996653947979212
Latency: 0.0039178431034088135
Latency: 0.0037613241001963615
Latency: 0.004162510158494115
Latency: 0.00374951702542603
Latency: 0.003767886897549033
Latency: 0.0040271158795803785
Latency: 0.003740709973499179
Latency: 0.0037606300320476294
Latency: 0.0038526211865246296
Latency: 0.0037298479583114386
Latency: 0.003975000930950046
Latency: 0.0037448948714882135
Latency: 0.0037233310285955667
Latency: 0.004010891076177359
Latency: 0.0037411360535770655
Latency: 0.003717222949489951
Latency: 0.0040099050384014845
Latency: 0.0037623171228915453
Latency: 0.0038559711538255215
Latency: 0.003994255093857646
Latency: 0.0037626628763973713
Latency: 0.0037371311336755753
Latency: 0.004011927172541618
Latency: 0.0037558279000222683
Latency: 0.0037282018456608057
Latency: 0.00402946793474257
Latency: 0.003753433935344219
Latency: 0.003695620922371745
Latency: 0.003978946013376117
Latency: 0.003836116986349225
Latency: 0.003797051962465048
Latency: 0.004042725078761578
Latency: 0.003763095010071993
Latency: 0.0037378459237515926
Latency: 0.004185146884992719
Latency: 0.0037517540622502565
Latency: 0.0037431169766932726
Latency: 0.004055110039189458
Latency: 0.0037828038912266493
Latency: 0.006810678169131279
Latency: 0.005166621180251241
Latency: 0.003944535972550511
Latency: 0.003833543974906206
Latency: 0.004687788896262646
Latency: 0.003832415910437703
Latency: 0.003750807838514447
Latency: 0.003976729931309819
Latency: 0.0037526690866798162
Latency: 0.003740847110748291
Latency: 0.003850409062579274
Latency: 0.0038981179241091013
Latency: 0.0037383330054581165
Latency: 0.003834503935649991
Latency: 0.003766898065805435
Latency: 0.0037590637803077698
Latency: 0.004044380970299244
Latency: 0.0037535380106419325
Latency: 0.003758760867640376
Latency: 0.004037017002701759
Latency: 0.0037595629692077637
Latency: 0.003747468814253807
Latency: 0.0040404091123491526
Latency: 0.003742062021046877
Latency: 0.00375512707978487
Latency: 0.004033487057313323
Latency: 0.003739238018169999
Latency: 0.0038842379581183195
Latency: 0.004036212107166648
Latency: 0.003730239113792777
Latency: 0.003734590020030737
Latency: 0.004033669829368591
Latency: 0.0037395539693534374
Latency: 0.0037506429944187403
Latency: 0.004020428052172065
Latency: 0.0037446750793606043
Latency: 0.003908187849447131
Latency: 0.004055942874401808
Latency: 0.0037343318108469248
Latency: 0.0037307681050151587
Latency: 0.0038416581228375435
Latency: 0.003710509045049548
Latency: 0.003978408873081207
Latency: 0.0038754658307880163
Latency: 0.003721830900758505
Latency: 0.0039980229921638966
Latency: 0.0037795009557157755
Latency: 0.003733332036063075
Latency: 0.0040182911325246096
Latency: 0.0037395860999822617
Latency: 0.003752100979909301
Latency: 0.003980709007009864
Latency: 0.0037562998477369547
Latency: 0.0037341879215091467
Latency: 0.004007542971521616
Latency: 0.0037640458904206753
Latency: 0.003747598035261035
Latency: 0.004003189969807863
Latency: 0.0037382380105555058
Latency: 0.0038555869832634926
Latency: 0.0040329438634216785
Latency: 0.003763518063351512
Latency: 0.0037224991247057915
Latency: 0.004030992044135928
Latency: 0.0037547540850937366
Latency: 0.0037207440473139286
Latency: 0.003999701933935285
Latency: 0.003778808983042836
Latency: 0.003770092036575079
Latency: 0.004021450178697705
Latency: 0.0037740201223641634
Latency: 0.0037523871287703514
Latency: 0.004041594918817282
Latency: 0.0037500259932130575
Latency: 0.0041366140358150005
Latency: 0.013127011014148593
Latency: 0.004610829055309296
Latency: 0.0038416138850152493
Latency: 0.004037712002173066
Latency: 0.0037689360324293375
Latency: 0.003761878004297614
Latency: 0.004013101104646921
Latency: 0.0037858630530536175
Latency: 0.003750427858904004
Latency: 0.0038734348490834236
Latency: 0.0037626109551638365
Latency: 0.003766645910218358
Latency: 0.003874938003718853
Latency: 0.0038000650238245726
Latency: 0.0037736159283667803
Latency: 0.004106489941477776
Latency: 0.003902358002960682
Latency: 0.0037508730310946703
Latency: 0.004081204999238253
Latency: 0.0037506651133298874
Latency: 0.0037517519667744637
Latency: 0.004067903850227594
Latency: 0.0037766119930893183
Latency: 0.0037604020908474922
Latency: 0.004102614941075444
Latency: 0.0038016249891370535
Latency: 0.0038665118627250195
Latency: 0.004111369140446186
Latency: 0.003755468176677823
Latency: 0.003753121942281723
Latency: 0.004038595827296376
Latency: 0.0037548220716416836
Latency: 0.003886493155732751
Latency: 0.0040442198514938354
Latency: 0.0037434748373925686
Latency: 0.003774879965931177
Latency: 0.003905358025804162
Latency: 0.003788603935390711
Latency: 0.004000097047537565
Latency: 0.003773316042497754
Latency: 0.0037402159068733454
Latency: 0.004018983105197549
Latency: 0.0037480411119759083
Latency: 0.0037325010634958744
Latency: 0.004017782863229513
Latency: 0.0037623269017785788
Latency: 0.0037457209546118975
Latency: 0.004026914015412331
Latency: 0.0038947139400988817
Latency: 0.003739982144907117
Latency: 0.0040313859935849905
Latency: 0.003770850133150816
Latency: 0.003735373029485345
Latency: 0.00400527217425406
Latency: 0.0037682661786675453
Latency: 0.0037217128556221724
Latency: 0.004008285002782941
Latency: 0.003787440015003085
Latency: 0.003730145050212741
Latency: 0.004032494965940714
Latency: 0.003742189845070243
Latency: 0.003719946136698127
Latency: 0.0040243519470095634
Latency: 0.0037855959963053465
Latency: 0.0038791659753769636
Latency: 0.004034325946122408
Latency: 0.0037475270219147205
Latency: 0.0037422648165374994
Latency: 0.004050279036164284
Latency: 0.003793829120695591
Latency: 0.0037476872093975544
Latency: 0.004266944946721196
Latency: 0.003755793906748295
Latency: 0.0037383141461759806
Latency: 0.003820723155513406
Latency: 0.003756444901227951
Latency: 0.0037186029367148876
Latency: 0.004017604980617762
Latency: 0.0037692890036851168
Latency: 0.0037530050612986088
Latency: 0.004157603019848466
Latency: 0.0037375998217612505
Latency: 0.0037327599711716175
Latency: 0.004023159155622125
Latency: 0.0037325001321733
Latency: 0.0037297620438039303
Latency: 0.004031512886285782
Latency: 0.0037503300700336695
Latency: 0.0037443991750478745
Latency: 0.004054589895531535
Latency: 0.0037533550057560205
Latency: 0.003722971072420478
Latency: 0.004008390940725803
Latency: 0.0037588810082525015
Latency: 0.0037296409718692303
Latency: 0.004030270967632532
Latency: 0.0038858619518578053
Latency: 0.003734986064955592
Latency: 0.004050171934068203
Latency: 0.003780337981879711
Latency: 0.003737939987331629
Latency: 0.0040318279061466455
Latency: 0.003739340929314494
Latency: 0.003745886031538248
Latency: 0.004051364958286285
Latency: 0.003758433973416686
Latency: 0.0037405360490083694
Latency: 0.003892789129167795
Latency: 0.0037416229024529457
Latency: 0.004055332858115435
Latency: 0.003756572026759386
Latency: 0.003738724160939455
Latency: 0.004145812010392547
Latency: 0.0037749181501567364
Latency: 0.003736762097105384
Latency: 0.004008956020697951
Latency: 0.0037520129699259996
Latency: 0.0037287911400198936
Latency: 0.004009900148957968
Latency: 0.003761594183743
Latency: 0.003732583951205015
Latency: 0.004009275930002332
Latency: 0.003775948192924261
Latency: 0.003729715012013912
Latency: 0.004144379170611501
Latency: 0.003763592103496194
Latency: 0.0037167249247431755
Latency: 0.004035077057778835
Latency: 0.004427840001881123
Latency: 0.0037762969732284546
Latency: 0.004496432142332196
Latency: 0.0038219320122152567
Latency: 0.003764677094295621
Latency: 0.00404865387827158
Latency: 0.003776158904656768
Latency: 0.0037380128633230925
Latency: 0.004075776087120175
Latency: 0.003796494100242853
Latency: 0.003751194104552269
Latency: 0.0040289179887622595
Latency: 0.0037792129442095757
Latency: 0.0037368680350482464
Latency: 0.004406095948070288
Latency: 0.0037634531036019325
Latency: 0.0038968489971011877
Latency: 0.0038401279598474503
Latency: 0.003741163993254304
Latency: 0.0037138669285923243
Latency: 0.004004728980362415
Latency: 0.0037592039443552494
Latency: 0.0037279000971466303
Latency: 0.004022629931569099
Latency: 0.003744082059711218
Latency: 0.0037349010817706585
Latency: 0.00404011202044785
Latency: 0.003752737073227763
Latency: 0.003734242869541049
Latency: 0.004068489884957671
Latency: 0.0037608561106026173
Latency: 0.0037332260981202126
Latency: 0.004194278037175536
Latency: 0.003741669002920389
Latency: 0.003748635994270444
Latency: 0.004036347148939967
Latency: 0.003739017993211746
Latency: 0.0037418208085000515
Latency: 0.004047450143843889
Latency: 0.003738995874300599
Latency: 0.0037252490874379873
Latency: 0.004023598972707987
Latency: 0.003754342207685113
Latency: 0.0037511589471250772
Latency: 0.004033352015540004
Latency: 0.003754804842174053
Latency: 0.003736805869266391
Latency: 0.004050511866807938
Latency: 0.0038703999016433954
Latency: 0.0037791358772665262
Latency: 0.0038919339422136545
Latency: 0.0037527529057115316
Latency: 0.004020601976662874
Latency: 0.003769222181290388
Latency: 0.003915535984560847
Latency: 0.0040168981067836285
Latency: 0.0037457039579749107
Latency: 0.0037252979818731546
Latency: 0.004018721170723438
Latency: 0.003775079036131501
Latency: 0.0037342950236052275
Latency: 0.004023588029667735
Latency: 0.0037739621475338936
Latency: 0.0037382058799266815
Latency: 0.004159022122621536
Latency: 0.003770198905840516
Latency: 0.0037552248686552048
Latency: 0.004020021995529532
Latency: 0.003747176844626665
Latency: 0.0037339399568736553
Latency: 0.004025344038382173
Latency: 0.003775915829464793
Latency: 0.003731049131602049
Latency: 0.0040185588877648115
Latency: 0.003772808937355876
Latency: 0.0037496990989893675
Latency: 0.004037315025925636
Latency: 0.0037555540911853313
Latency: 0.0037259699311107397
Latency: 0.00403677998110652
Latency: 0.009445882169529796
Latency: 0.00387539598159492
Latency: 0.004051097901538014
Latency: 0.003796813078224659
Latency: 0.003742791945114732
Latency: 0.004535875981673598
Latency: 0.004134054994210601
Latency: 0.003878694958984852
Latency: 0.00394413317553699
Latency: 0.0038736769929528236
