Latency: 0.9371633641421795
Latency: 0.9468028899282217
Latency: 0.9615755891427398
Latency: 0.9661831739358604
Latency: 0.9670416871085763
Latency: 0.9673911491408944
Latency: 0.9697468259837478
Latency: 0.9693311960436404
Latency: 0.8410500979516655
Latency: 0.8267920089419931
Latency: 0.8481802339665592
Latency: 0.8405189570039511
Latency: 0.832995694829151
Latency: 0.8374960250221193
Latency: 0.8317042370326817
Latency: 0.8371190219186246
Latency: 0.8364906199276447
Latency: 0.8312160030473024
Latency: 0.8233774611726403
Latency: 0.835722838062793
Latency: 0.8381905788555741
Latency: 0.8449443830177188
Latency: 0.8368211898487061
Latency: 0.8426634289789945
Latency: 0.8383581810630858
Latency: 0.8422540149185807
Latency: 0.8440840800758451
Latency: 0.8380036118905991
Latency: 0.8442658309359103
Latency: 0.8427612411323935
Latency: 0.8387565880548209
Latency: 0.8510982098523527
Latency: 0.8447412610985339
Latency: 0.8240997870452702
Latency: 0.8244668510742486
Latency: 0.8642676640301943
Latency: 0.8281118958257139
Latency: 0.8428056798875332
Latency: 0.8350238460116088
Latency: 0.8367271430324763
Latency: 0.8292337600141764
Latency: 0.847560907015577
Latency: 0.839929946931079
Latency: 0.8384873489849269
Latency: 0.8342373589985073
Latency: 0.8457281570881605
Latency: 0.8505910069216043
Latency: 0.8431608490645885
Latency: 0.8388369979802519
Latency: 0.8339223410002887
Latency: 0.8279978539794683
Latency: 0.8280295832082629
Latency: 0.8328794101253152
Latency: 0.8386816191487014
Latency: 0.8349347789771855
Latency: 0.8296402681153268
Latency: 0.8458715768065304
Latency: 0.8365037348121405
Latency: 0.8368116950150579
Latency: 0.8376835361123085
Latency: 0.8340937998145819
Latency: 0.8327844990417361
Latency: 0.8395093479193747
Latency: 0.8457692279480398
Latency: 0.8385418599937111
Latency: 0.8447290870826691
Latency: 0.8369669530075043
Latency: 0.8444852640386671
Latency: 0.8368864941876382
Latency: 0.8365850269328803
Latency: 0.8431699420325458
Latency: 0.833759707165882
Latency: 0.8318478849250823
Latency: 0.8355511450208724
Latency: 0.8270927059929818
Latency: 0.8394208450336009
Latency: 0.8263191960286349
Latency: 0.8457528110593557
Latency: 0.8370449731592089
Latency: 0.8353415990713984
Latency: 0.8343102589715272
Latency: 0.8373718010261655
Latency: 0.8379116270225495
Latency: 0.8371297831181437
Latency: 0.8371778451837599
Latency: 0.8371390311513096
Latency: 0.8359328501392156
Latency: 0.84208545088768
Latency: 0.83760308008641
Latency: 0.8281596500892192
Latency: 0.8320398179348558
Latency: 0.8547653269488364
Latency: 0.8463537560310215
Latency: 0.8524774918332696
Latency: 0.8609671129379421
Latency: 0.8585528179537505
Latency: 0.8444083789363503
Latency: 0.8402227498590946
Latency: 0.8263860030565411
Latency: 0.8438685568980873
Latency: 0.8223748209420592
Latency: 0.8277219720184803
Latency: 0.8354104729369283
Latency: 0.844661754090339
Latency: 0.8333658881019801
Latency: 0.8585689109750092
Latency: 0.8473775228485465
Latency: 0.8553417769726366
Latency: 0.8401011030655354
Latency: 0.8441709179896861
Latency: 0.8560958979651332
Latency: 0.8566555769648403
Latency: 0.8434739748481661
Latency: 0.8362440608907491
Latency: 0.8326735419686884
Latency: 0.8362601131666452
Latency: 0.8353339598979801
Latency: 0.8299656289163977
Latency: 0.8352992879226804
Latency: 0.8398525360971689
Latency: 0.8489862799178809
Latency: 0.8293354669585824
Latency: 0.8388501121662557
Latency: 0.8487923569045961
Latency: 0.8280189358629286
Latency: 0.8272749518509954
Latency: 0.8336454147938639
Latency: 0.8265502161812037
Latency: 0.841017227852717
Latency: 0.8367286929860711
Latency: 0.8321064640767872
Latency: 0.8465967641677707
Latency: 0.8513623271137476
Latency: 0.8475368900690228
Latency: 0.8509406801313162
Latency: 0.854998178081587
Latency: 0.8382766109425575
Latency: 0.832720133010298
Latency: 0.8438648520968854
Latency: 0.8300266910810024
Latency: 0.8266765498556197
Latency: 0.8395289671607316
Latency: 0.8416411948855966
Latency: 0.8513739029876888
Latency: 0.837540959008038
Latency: 0.843726112972945
Latency: 0.8266378419939429
Latency: 0.8477340268436819
Latency: 0.8423609419260174
Latency: 0.8489537141285837
Latency: 0.8393413480371237
Latency: 0.8632979509420693
Latency: 0.8542471879627556
Latency: 0.8454507270362228
Latency: 0.8568275149445981
Latency: 0.8554309979081154
Latency: 0.834004299947992
Latency: 0.8336749221198261
Latency: 0.8409264679066837
Latency: 0.8376364009454846
