Latency: 0.9095245241187513
Latency: 0.9132459389511496
Latency: 0.9179310679901391
Latency: 0.9234158049803227
Latency: 0.9261545131448656
Latency: 0.9295152549166232
Latency: 0.9321723228786141
Latency: 0.9314811939839274
Latency: 0.9351590787991881
Latency: 0.9344770989846438
Latency: 0.9363337331451476
Latency: 0.9380712518468499
Latency: 0.9363928930833936
Latency: 0.9389616169501096
Latency: 0.9428444341756403
Latency: 0.945815569953993
Latency: 0.8136546411551535
Latency: 0.8070875350385904
Latency: 0.8064160959329456
Latency: 0.8323869530577213
Latency: 0.8258348619565368
Latency: 0.8254850299563259
Latency: 0.8273267538752407
Latency: 0.8203347900416702
Latency: 0.818439609138295
Latency: 0.826360436854884
Latency: 0.8451332410331815
Latency: 0.822428529849276
Latency: 0.8400797431822866
Latency: 0.8331469460390508
Latency: 0.8412491879425943
Latency: 0.836721169995144
Latency: 0.8128007869236171
Latency: 0.8337463361676782
Latency: 0.8239937941543758
Latency: 0.8241025239694864
Latency: 0.8291428170632571
Latency: 0.8216157120186836
Latency: 0.8215967449359596
Latency: 0.8311389619484544
Latency: 0.8347947460133582
Latency: 0.838022539857775
Latency: 0.8303334719967097
Latency: 0.8342179041355848
Latency: 0.8376879808492959
Latency: 0.844628918915987
Latency: 0.8256649679969996
Latency: 0.8318418089766055
Latency: 0.8431699639186263
Latency: 0.8221156790386885
Latency: 0.8286059841047972
Latency: 0.8269533859565854
Latency: 0.8285609809681773
Latency: 0.8222650669049472
Latency: 0.818665977101773
Latency: 0.8320045180153102
Latency: 0.830812648171559
Latency: 0.8493923100177199
Latency: 0.8252074401825666
Latency: 0.8301240659784526
Latency: 0.8284396529197693
Latency: 0.833755241939798
Latency: 0.8278585609514266
Latency: 0.8468355059158057
Latency: 0.8314296500757337
Latency: 0.8170314910821617
Latency: 0.8270703111775219
Latency: 0.829987962031737
Latency: 0.8240508509334177
Latency: 0.8312381838914007
Latency: 0.8296845238655806
Latency: 0.8452659389004111
Latency: 0.8396714220289141
Latency: 0.8405095878988504
Latency: 0.8383814631961286
Latency: 0.8494127748999745
Latency: 0.8394509709905833
Latency: 0.84381482610479
Latency: 0.843938812147826
Latency: 0.8538866259623319
Latency: 0.8134989968966693
Latency: 0.8285763198509812
Latency: 0.8326948750764132
Latency: 0.819965769071132
Latency: 0.8416275919880718
Latency: 0.8267014320008457
Latency: 0.8306319809053093
Latency: 0.825044150929898
Latency: 0.8256718791089952
Latency: 0.8278801289852709
Latency: 0.8302258970215917
Latency: 0.8399197638500482
Latency: 0.8336339991074055
Latency: 0.8318265560083091
Latency: 0.8465870299842209
Latency: 0.8425347618758678
Latency: 0.8289705549832433
Latency: 0.8257513870485127
Latency: 0.825551139190793
Latency: 0.8374744469765574
Latency: 0.8272469558287412
Latency: 0.8237214221153408
Latency: 0.8208083270583302
Latency: 0.8179591600783169
Latency: 0.8183622709475458
Latency: 0.8153049419634044
Latency: 0.8240993849467486
Latency: 0.8301516880746931
Latency: 0.823989043943584
Latency: 0.8342026348691434
Latency: 0.8378267120569944
Latency: 0.8361335259396583
Latency: 0.8473151482176036
Latency: 0.8138875439763069
Latency: 0.8329645979683846
Latency: 0.8214187340345234
Latency: 0.8488566991873085
Latency: 0.8344110148027539
Latency: 0.8386497721076012
Latency: 0.8354281480424106
Latency: 0.8221653639338911
Latency: 0.8220681960228831
Latency: 0.8317120862193406
Latency: 0.8289828530978411
Latency: 0.8413426659535617
Latency: 0.8424109010957181
Latency: 0.8538737080525607
Latency: 0.829361256910488
Latency: 0.8297286010347307
Latency: 0.8324774929787964
Latency: 0.8258583971764892
Latency: 0.8220026821363717
Latency: 0.8312297849915922
Latency: 0.8377147440332919
Latency: 0.831462942995131
Latency: 0.837579753017053
Latency: 0.8356438679620624
Latency: 0.848163645947352
Latency: 0.8457039801869541
Latency: 0.8264522510580719
Latency: 0.8257968840189278
Latency: 0.8496510370168835
Latency: 0.8411933979950845
Latency: 0.8367792509961873
Latency: 0.8164991422090679
Latency: 0.8239266718737781
Latency: 0.8326653400436044
Latency: 0.8247170879039913
Latency: 0.8121869650203735
Latency: 0.8364914641715586
Latency: 0.829360726987943
Latency: 0.826445730868727
Latency: 0.8233036862220615
Latency: 0.8349726209416986
Latency: 0.8343952859286219
Latency: 0.8176060949917883
Latency: 0.8326917749363929
Latency: 0.8254469051025808
Latency: 0.8403153759427369
Latency: 0.8379152440465987
Latency: 0.8327263940591365
Latency: 0.8386705049779266
Latency: 0.8286570271011442
Latency: 0.8369157761335373
Latency: 0.8224610211327672
Latency: 0.8247106811031699
Latency: 0.8147906828671694
Latency: 0.8317854858469218
Latency: 0.8370349181350321
Latency: 0.8344599860720336
Latency: 0.8310054920148104
Latency: 0.8332517261151224
Latency: 0.8366868840530515
Latency: 0.8292847007978708
Latency: 0.850427030120045
Latency: 0.8362602100241929
Latency: 0.8210127949714661
Latency: 0.8335545230656862
Latency: 0.8211115489248186
Latency: 0.8252087440341711
Latency: 0.8328570791054517
Latency: 0.8361243198160082
Latency: 0.8358593250159174
Latency: 0.8248046899680048
Latency: 0.8302332470193505
Latency: 0.8228656640276313
Latency: 0.82311189500615
Latency: 0.8378051528707147
Latency: 0.8159017071593553
Latency: 0.833715173881501
Latency: 0.8508429420180619
Latency: 0.839988024905324
Latency: 0.815050255972892
Latency: 0.8264230771455914
Latency: 0.8407016429118812
Latency: 0.820290028816089
Latency: 0.8202267098240554
Latency: 0.8214928300585598
Latency: 0.8366276919841766
Latency: 0.8326681258622557
Latency: 0.829883712111041
Latency: 0.8328602211549878
Latency: 0.8403644051868469
Latency: 0.8317422741092741
Latency: 0.8399649821221828
Latency: 0.8352788770571351
Latency: 0.8436039621010423
Latency: 0.8416305619757622
Latency: 0.8369536879472435
Latency: 0.8382604769431055
Latency: 0.838408995885402
Latency: 0.82395522412844
Latency: 0.8275329768657684
Latency: 0.8426412809640169
Latency: 0.8305929501075298
Latency: 0.829169015865773
Latency: 0.8315460430458188
Latency: 0.8290595079306513
Latency: 0.8256372311152518
Latency: 0.8285191038157791
Latency: 0.8321793070062995
Latency: 0.8345041838474572
Latency: 0.839496596949175
Latency: 0.8376485470216721
Latency: 0.8212676229886711
Latency: 0.8259428679011762
Latency: 0.8319218549877405
Latency: 0.8384683879557997
Latency: 0.8384090049657971
Latency: 0.8493668800219893
Latency: 0.8170254058204591
Latency: 0.8279572650790215
Latency: 0.8228014069609344
Latency: 0.832768518012017
Latency: 0.8500926389824599
Latency: 0.843571346020326
Latency: 0.8281608028337359
Latency: 0.8307314231060445
Latency: 0.8451149330940098
Latency: 0.8439943159464747
Latency: 0.8144503019284457
Latency: 0.8427334141451865
Latency: 0.8402831049170345
Latency: 0.8450517300516367
Latency: 0.8140071670059115
Latency: 0.8405673659872264
Latency: 0.8396424688398838
Latency: 0.8294030078686774
Latency: 0.8236628689337522
Latency: 0.8273134578485042
Latency: 0.8317137989215553
Latency: 0.8257155360188335
Latency: 0.8365372919943184
Latency: 0.8349393662065268
Latency: 0.8411683130543679
Latency: 0.8339326470158994
Latency: 0.823759256163612
Latency: 0.8209896101616323
Latency: 0.8320180741138756
Latency: 0.8241741480305791
Latency: 0.8327136740554124
Latency: 0.8355969600379467
Latency: 0.8402169561013579
Latency: 0.833347006002441
Latency: 0.8274431559257209
Latency: 0.8306387960910797
Latency: 0.8320000560488552
Latency: 0.8352555041201413
Latency: 0.8339203230571002
Latency: 0.830236952053383
Latency: 0.8362390119582415
Latency: 0.8461419639643282
Latency: 0.8298181351274252
Latency: 0.8097450691275299
Latency: 0.8278967069927603
Latency: 0.8271810389123857
Latency: 0.8303366240579635
Latency: 0.8173393479082733
Latency: 0.8349290918558836
Latency: 0.8259174001868814
Latency: 0.824368431000039
Latency: 0.8188867070712149
Latency: 0.823825306026265
Latency: 0.8360307810362428
Latency: 0.8318637378979474
Latency: 0.8328971569426358
Latency: 0.8440985609777272
Latency: 0.8313744319602847
Latency: 0.8158233461435884
Latency: 0.8113401278387755
Latency: 0.8287789409514517
Latency: 0.8320462631527334
Latency: 0.8499912170227617
Latency: 0.8238635410089046
Latency: 0.8423091659788042
Latency: 0.8217935098800808
Latency: 0.821930926060304
Latency: 0.8442694949917495
Latency: 0.8184453241992742
Latency: 0.8285110630095005
Latency: 0.8420973070897162
Latency: 0.8286724160425365
Latency: 0.8469985970295966
Latency: 0.8563980099279433
Latency: 0.8065134750213474
Latency: 0.8337068299297243
Latency: 0.8327835679519922
Latency: 0.8349105378147215
Latency: 0.8229861140716821
Latency: 0.833607257110998
Latency: 0.8244174171704799
Latency: 0.8431989068631083
Latency: 0.8252626489847898
Latency: 0.8265556590631604
Latency: 0.8212174321524799
Latency: 0.8145618438720703
Latency: 0.8432118899654597
Latency: 0.8355878579895943
Latency: 0.8261623978614807
Latency: 0.8402197239920497
