Latency: 0.9299404111225158
Latency: 0.8253758649807423
Latency: 0.8237559089902788
Latency: 0.8270085519179702
Latency: 0.8243452499154955
Latency: 0.8226928990334272
Latency: 0.8150259118992835
Latency: 0.8334070309065282
Latency: 0.8345836901571602
Latency: 0.8193638320080936
Latency: 0.8267750109080225
Latency: 0.8438355249818414
Latency: 0.8322561359964311
Latency: 0.8323537891265005
Latency: 0.8461343750823289
Latency: 0.8167946950998157
Latency: 0.8377978140488267
Latency: 0.8274897311348468
Latency: 0.8260211069136858
Latency: 0.8289482609834522
Latency: 0.831999494927004
Latency: 0.8179422069806606
Latency: 0.8429158111102879
Latency: 0.8185209550429136
Latency: 0.8316314939875156
Latency: 0.8329194218385965
Latency: 0.8321895950939506
Latency: 0.8279288290068507
Latency: 0.8403404080308974
