Latency: 0.007679118076339364
Latency: 0.00419515511021018
Latency: 0.004069032147526741
Latency: 0.00386583199724555
Latency: 0.003755589947104454
Latency: 0.0037262439727783203
Latency: 0.004055598983541131
Latency: 0.0037242071703076363
Latency: 0.0037444739136844873
Latency: 0.003833926049992442
Latency: 0.003744123037904501
Latency: 0.003853122005239129
Latency: 0.003716287901625037
Latency: 0.003726904047653079
Latency: 0.0038325900677591562
Latency: 0.003727864008396864
Latency: 0.004135512048378587
Latency: 0.0037138061597943306
Latency: 0.0037032009568065405
Latency: 0.003845818107947707
Latency: 0.0037381090223789215
Latency: 0.003985678078606725
Latency: 0.0037093579303473234
Latency: 0.003713513957336545
Latency: 0.0038375230506062508
Latency: 0.0037260770332068205
Latency: 0.004448640858754516
Latency: 0.0036963908933103085
Latency: 0.003694503800943494
Latency: 0.003982299007475376
Latency: 0.0037130340933799744
Latency: 0.0037062771152704954
Latency: 0.003949912032112479
Latency: 0.0037241491954773664
Latency: 0.003700635861605406
Latency: 0.0039602459874004126
Latency: 0.003685582894831896
Latency: 0.0036804871633648872
Latency: 0.003959537949413061
Latency: 0.0036910870112478733
Latency: 0.003701500128954649
Latency: 0.003987732110545039
Latency: 0.00371069204993546
Latency: 0.003685676958411932
Latency: 0.003986211959272623
Latency: 0.003710928140208125
Latency: 0.0036780720110982656
Latency: 0.003946268931031227
Latency: 0.0038678820710629225
Latency: 0.0036966989282518625
Latency: 0.0040002730675041676
Latency: 0.004100186983123422
Latency: 0.0038399521727114916
Latency: 0.00390930799767375
Latency: 0.003787111956626177
Latency: 0.0037982030771672726
Latency: 0.003982858965173364
Latency: 0.003713532816618681
Latency: 0.0037078859750181437
Latency: 0.003967927070334554
Latency: 0.0037037869915366173
Latency: 0.0036866741720587015
Latency: 0.0038389540277421474
Latency: 0.0036998901050537825
Latency: 0.004052669974043965
Latency: 0.003919746959581971
Latency: 0.003734312020242214
Latency: 0.003913820022717118
Latency: 0.0037450280506163836
Latency: 0.0036790729500353336
Latency: 0.0039306681137532
Latency: 0.003761752974241972
Latency: 0.0036913780495524406
Latency: 0.003926270175725222
Latency: 0.003755040932446718
Latency: 0.003690988989546895
Latency: 0.003930307924747467
Latency: 0.003787031164392829
Latency: 0.003700065892189741
Latency: 0.00392691302113235
Latency: 0.0039241681806743145
Latency: 0.0036938898265361786
Latency: 0.003938734997063875
Latency: 0.0037583180237561464
Latency: 0.0036822299007326365
Latency: 0.003927913028746843
Latency: 0.0037968370597809553
Latency: 0.003701338078826666
Latency: 0.003945946926251054
Latency: 0.0037628470454365015
Latency: 0.003718897933140397
Latency: 0.003988583106547594
Latency: 0.003740565851330757
Latency: 0.0036869358737021685
Latency: 0.003993405029177666
Latency: 0.0037434438709169626
Latency: 0.0038484889082610607
Latency: 0.004212596919387579
Latency: 0.003720731008797884
Latency: 0.0036686030216515064
Latency: 0.003811586881056428
Latency: 0.003727818140760064
Latency: 0.0037035790737718344
Latency: 0.003794712945818901
Latency: 0.0037161540240049362
Latency: 0.0036950830835849047
Latency: 0.0037895829882472754
Latency: 0.003731322009116411
Latency: 0.0037036831490695477
Latency: 0.003982750000432134
Latency: 0.0037210630252957344
Latency: 0.0037004398182034492
Latency: 0.004133973037824035
Latency: 0.0037151258438825607
Latency: 0.0036998020950704813
Latency: 0.004008699906989932
Latency: 0.0037405379116535187
Latency: 0.003710557008162141
Latency: 0.0039913589134812355
Latency: 0.0037023050244897604
Latency: 0.0036982838064432144
Latency: 0.003952689003199339
Latency: 0.003714748192578554
Latency: 0.0037101530469954014
Latency: 0.004000870045274496
Latency: 0.0037025799974799156
Latency: 0.0037094259168952703
Latency: 0.003974184859544039
Latency: 0.003831694833934307
Latency: 0.003697184147313237
Latency: 0.003995902836322784
Latency: 0.0037086058873683214
Latency: 0.003708534874022007
Latency: 0.0037939550820738077
Latency: 0.003720815060660243
Latency: 0.003949427977204323
Latency: 0.00391037599183619
Latency: 0.0037140839267522097
Latency: 0.003970883088186383
Latency: 0.0037210299633443356
Latency: 0.0037169901188462973
Latency: 0.003975291037932038
Latency: 0.003756680991500616
Latency: 0.003712218953296542
Latency: 0.004143924219533801
Latency: 0.003756444901227951
Latency: 0.0036897759418934584
Latency: 0.003973260056227446
Latency: 0.003712661797180772
Latency: 0.0036780431400984526
Latency: 0.003979414934292436
Latency: 0.0038648999761790037
Latency: 0.0038110159803181887
Latency: 0.004082925152033567
Latency: 0.003769693896174431
Latency: 0.0036869249306619167
Latency: 0.0041314789559692144
Latency: 0.003764939960092306
Latency: 0.0037270670291036367
Latency: 0.004020201973617077
Latency: 0.0039796188939362764
Latency: 0.00379995908588171
Latency: 0.004055564058944583
Latency: 0.0060935611836612225
Latency: 0.00531938299536705
Latency: 0.004387625027447939
Latency: 0.0038929160218685865
Latency: 0.0038268789649009705
Latency: 0.004762993892654777
Latency: 0.0038238661363720894
Latency: 0.0038032790180295706
Latency: 0.004359988961368799
Latency: 0.004955678014084697
Latency: 0.0039054141379892826
Latency: 0.004174796165898442
Latency: 0.0038768360391259193
Latency: 0.0039482691790908575
Latency: 0.004997120937332511
Latency: 0.005841003032401204
Latency: 0.00405540713109076
Latency: 0.004185328958556056
Latency: 0.004651540890336037
Latency: 0.004222821211442351
Latency: 0.004311314085498452
Latency: 0.0040084070060402155
Latency: 0.004132779082283378
Latency: 0.004596697865054011
Latency: 0.004196179797872901
Latency: 0.00408860994502902
Latency: 0.0042113750241696835
Latency: 0.0038078909274190664
Latency: 0.005673179868608713
Latency: 0.004958900157362223
Latency: 0.0038677998818457127
Latency: 0.0038980399258434772
Latency: 0.0046101820189505816
Latency: 0.005235577002167702
Latency: 0.005099348956719041
Latency: 0.005084459902718663
Latency: 0.004947258159518242
Latency: 0.005085596116259694
Latency: 0.016349914018064737
Latency: 0.0057842067908495665
Latency: 0.005204030079767108
Latency: 0.0068349349312484264
Latency: 0.005785010056570172
Latency: 0.005294264992699027
Latency: 0.00558465882204473
Latency: 0.005279928911477327
Latency: 0.00434274785220623
Latency: 0.00416780891828239
Latency: 0.0045154711697250605
Latency: 0.003995754988864064
Latency: 0.004133512964472175
Latency: 0.0038529979065060616
Latency: 0.00377294491045177
Latency: 0.004087859997525811
Latency: 0.0037757179234176874
Latency: 0.003724099136888981
Latency: 0.004012045916169882
Latency: 0.004551392048597336
Latency: 0.003827661043033004
Latency: 0.004102546023204923
Latency: 0.0037625760305672884
Latency: 0.003880492877215147
Latency: 0.004040424944832921
Latency: 0.0038350180257111788
Latency: 0.005004162900149822
Latency: 0.00443667103536427
Latency: 0.003893626853823662
Latency: 0.0041672049555927515
Latency: 0.0045145838521420956
Latency: 0.004231918137520552
Latency: 0.004162752069532871
Latency: 0.01418824796564877
Latency: 0.005961561808362603
Latency: 0.007436808198690414
Latency: 0.005907975835725665
Latency: 0.005999325076118112
Latency: 0.006717700976878405
Latency: 0.005712304962798953
Latency: 0.0038639309350401163
Latency: 0.0038339118473231792
Latency: 0.004055174998939037
Latency: 0.003831988899037242
Latency: 0.00381109700538218
Latency: 0.004084037849679589
Latency: 0.003782590851187706
Latency: 0.0038032368756830692
Latency: 0.004106236156076193
Latency: 0.0038121279794722795
Latency: 0.0038027639966458082
Latency: 0.004097393015399575
Latency: 0.0038330359384417534
Latency: 0.003804149106144905
Latency: 0.00408132397569716
Latency: 0.003960222005844116
Latency: 0.003797664074227214
Latency: 0.004088459070771933
Latency: 0.003839534940198064
Latency: 0.003810442052781582
Latency: 0.0041067039128392935
Latency: 0.0038122290279716253
Latency: 0.0037851559463888407
Latency: 0.0040997290052473545
Latency: 0.003836429910734296
Latency: 0.0037943029310554266
Latency: 0.004120707046240568
Latency: 0.003866679035127163
Latency: 0.003913789987564087
Latency: 0.004182989010587335
Latency: 0.003832584945484996
Latency: 0.003972106147557497
Latency: 0.004107045009732246
Latency: 0.003853120841085911
Latency: 0.0038752208929508924
Latency: 0.004880469990894198
Latency: 0.0038786360528320074
Latency: 0.003841632977128029
Latency: 0.004078336991369724
Latency: 0.003799517871811986
Latency: 0.0038179229013621807
Latency: 0.004031327785924077
Latency: 0.0038029770366847515
Latency: 0.0037827258929610252
Latency: 0.004059063037857413
Latency: 0.0038822710048407316
Latency: 0.004040218889713287
Latency: 0.004235316067934036
Latency: 0.004454861162230372
Latency: 0.005685166921466589
Latency: 0.00549203110858798
Latency: 0.005712709156796336
Latency: 0.006297518033534288
Latency: 0.005971852922812104
Latency: 0.005798798054456711
Latency: 0.006028149975463748
Latency: 0.005439968081191182
Latency: 0.00668197893537581
Latency: 0.0058183379005640745
Latency: 0.0055987159721553326
Latency: 0.005792848998680711
Latency: 0.005793269956484437
Latency: 0.005141134839504957
Latency: 0.006126669002696872
Latency: 0.005839756922796369
Latency: 0.00573111092671752
Latency: 0.005759221035987139
Latency: 0.005504556931555271
Latency: 0.005933807929977775
Latency: 0.005362639902159572
Latency: 0.007474374957382679
Latency: 0.006521661998704076
Latency: 0.0058960020542144775
Latency: 0.00670780404470861
Latency: 0.005760072963312268
Latency: 0.00552095309831202
Latency: 0.005360495997592807
Latency: 0.005280317971482873
Latency: 0.005698092048987746
Latency: 0.006062814965844154
Latency: 0.0051924968138337135
Latency: 0.005732871824875474
Latency: 0.005912916036322713
Latency: 0.005836409982293844
Latency: 0.005574016133323312
Latency: 0.005428098142147064
Latency: 0.00586270890198648
Latency: 0.005506076151505113
Latency: 0.005974451079964638
Latency: 0.00709374388679862
Latency: 0.00547195109538734
Latency: 0.013195079052820802
Latency: 0.005594627931714058
Latency: 0.005439200205728412
Latency: 0.00586332380771637
Latency: 0.006194496992975473
Latency: 0.005784788867458701
Latency: 0.005345597863197327
Latency: 0.0058415529783815145
Latency: 0.005987880984321237
Latency: 0.00583153311163187
Latency: 0.005757058970630169
Latency: 0.005923567106947303
Latency: 0.006979919038712978
Latency: 0.005729683907702565
Latency: 0.005683387164026499
Latency: 0.005928141996264458
Latency: 0.005643469979986548
Latency: 0.0055461779702454805
Latency: 0.006119552068412304
Latency: 0.005763431079685688
Latency: 0.0053364611230790615
Latency: 0.005973984953016043
Latency: 0.0058759350795298815
Latency: 0.005383562063798308
Latency: 0.005695380037650466
Latency: 0.005513822892680764
Latency: 0.0054896860383450985
Latency: 0.007029690779745579
Latency: 0.005799418082460761
Latency: 0.005833314964547753
Latency: 0.0059852150734514
Latency: 0.005600635893642902
Latency: 0.005955313099548221
Latency: 0.005820500897243619
Latency: 0.005345979938283563
Latency: 0.00584794208407402
Latency: 0.0054884920828044415
Latency: 0.005266066873446107
Latency: 0.006022552959620953
Latency: 0.005836276104673743
Latency: 0.005901901051402092
Latency: 0.005558144999668002
Latency: 0.0058227889239788055
Latency: 0.0058036609552800655
Latency: 0.00755284889601171
Latency: 0.0060693020932376385
Latency: 0.005744078895077109
Latency: 0.006132158916443586
Latency: 0.005840621190145612
Latency: 0.005507298978045583
Latency: 0.00591755798086524
Latency: 0.006024220027029514
Latency: 0.005464416928589344
Latency: 0.0056653309147804976
Latency: 0.005966512020677328
Latency: 0.005880397045984864
Latency: 0.005920588970184326
Latency: 0.006106851156800985
Latency: 0.00546737015247345
Latency: 0.005934781860560179
Latency: 0.007233109092339873
Latency: 0.005418025888502598
Latency: 0.005881460150703788
Latency: 0.00554942199960351
Latency: 0.0057660480961203575
Latency: 0.005938246846199036
Latency: 0.005811735987663269
Latency: 0.005748153897002339
Latency: 0.005476220976561308
Latency: 0.0057997561525553465
Latency: 0.005812520161271095
Latency: 0.0057885609567165375
Latency: 0.005802573869004846
Latency: 0.005627230042591691
Latency: 0.005818326957523823
Latency: 0.005823730956763029
Latency: 0.007329832995310426
Latency: 0.005723834037780762
Latency: 0.0051813689060509205
Latency: 0.005530884023755789
Latency: 0.00588326808065176
Latency: 0.005604143021628261
Latency: 0.005485770991072059
Latency: 0.005901864962652326
Latency: 0.005663603078573942
Latency: 0.005818078992888331
Latency: 0.005899874027818441
Latency: 0.005340504925698042
Latency: 0.005871001165360212
Latency: 0.0056195121724158525
Latency: 0.005890762899070978
Latency: 0.005832853028550744
Latency: 0.007394006941467524
Latency: 0.005566725041717291
Latency: 0.005409517092630267
Latency: 0.00557547016069293
Latency: 0.005684823961928487
Latency: 0.006052185082808137
Latency: 0.005954509833827615
Latency: 0.005392546998336911
Latency: 0.006041016895323992
Latency: 0.005751786986365914
Latency: 0.005587456049397588
Latency: 0.005636099027469754
Latency: 0.00589537201449275
Latency: 0.006025272887200117
Latency: 0.005600780015811324
Latency: 0.005325040081515908
Latency: 0.006041246000677347
Latency: 0.0068290079943835735
Latency: 0.00558240688405931
Latency: 0.005859853932633996
Latency: 0.006002143956720829
Latency: 0.0055842779111117125
Latency: 0.005652267020195723
Latency: 0.006002421956509352
Latency: 0.005869328044354916
Latency: 0.005656796973198652
Latency: 0.005611334927380085
Latency: 0.005950432037934661
Latency: 0.005183812929317355
Latency: 0.005994467996060848
Latency: 0.005543899955227971
Latency: 0.005940304137766361
Latency: 0.005373884923756123
Latency: 0.005725979106500745
Latency: 0.007030025823041797
Latency: 0.005844465922564268
Latency: 0.005193436983972788
Latency: 0.006539373891428113
Latency: 0.005904722958803177
Latency: 0.005274131195619702
Latency: 0.006136397831141949
Latency: 0.005883455974981189
Latency: 0.0057909139432013035
Latency: 0.005874032154679298
Latency: 0.005827615968883038
Latency: 0.005814201897010207
Latency: 0.005287779960781336
Latency: 0.005806002067402005
Latency: 0.005669899983331561
Latency: 0.006000777008011937
Latency: 0.007105525117367506
Latency: 0.005778430961072445
Latency: 0.005585147999227047
Latency: 0.0058205099776387215
Latency: 0.005243757041171193
Latency: 0.0058104048948735
Latency: 0.0060564030427485704
Latency: 0.005837295902892947
Latency: 0.005652358988299966
Latency: 0.0054813220631331205
Latency: 0.005980143090710044
Latency: 0.005582405021414161
Latency: 0.0054656099528074265
Latency: 0.005821444094181061
Latency: 0.005934441927820444
Latency: 0.005858568008989096
Latency: 0.006933396216481924
Latency: 0.005640942836180329
Latency: 0.005740365944802761
Latency: 0.005788448033854365
Latency: 0.0055332661140710115
Latency: 0.005480605876073241
Latency: 0.005612092092633247
Latency: 0.005707568023353815
Latency: 0.005722234956920147
Latency: 0.00594143383204937
Latency: 0.005889830878004432
Latency: 0.005576288094744086
Latency: 0.0059665238950401545
Latency: 0.005832575028762221
Latency: 0.005579866003245115
Latency: 0.005876776995137334
Latency: 0.0070288891438394785
Latency: 0.00560903106816113
Latency: 0.01447937311604619
Latency: 0.005577689036726952
Latency: 0.005929957842454314
Latency: 0.005896877031773329
Latency: 0.006000929977744818
Latency: 0.005989976227283478
Latency: 0.005762921180576086
Latency: 0.005461249966174364
Latency: 0.005848709959536791
Latency: 0.005836322903633118
Latency: 0.005771592957898974
Latency: 0.00554669601842761
Latency: 0.006693842122331262
Latency: 0.005703917006030679
Latency: 0.005658170906826854
Latency: 0.005849872017279267
Latency: 0.005695055006071925
Latency: 0.0052477470599114895
Latency: 0.006000367924571037
Latency: 0.005760180065408349
Latency: 0.005668550031259656
Latency: 0.0058137038722634315
Latency: 0.006008092081174254
Latency: 0.005742087960243225
Latency: 0.005248032044619322
Latency: 0.005939095979556441
Latency: 0.005920354975387454
Latency: 0.005786481779068708
Latency: 0.00731120421551168
Latency: 0.00582869304344058
Latency: 0.0055600840132683516
Latency: 0.0058140880428254604
Latency: 0.00582134211435914
Latency: 0.0054744810331612825
Latency: 0.0057718639727681875
Latency: 0.0058193509466946125
Latency: 0.005673652049154043
Latency: 0.0060910198371857405
Latency: 0.005356397945433855
Latency: 0.005765134934335947
Latency: 0.00548562896437943
Latency: 0.0053640499245375395
Latency: 0.005910833133384585
Latency: 0.005694661987945437
Latency: 0.005965840071439743
Latency: 0.0072957780212163925
Latency: 0.005297777010127902
Latency: 0.005720571149140596
Latency: 0.005838796030730009
Latency: 0.005190167110413313
Latency: 0.006022397894412279
Latency: 0.005769204115495086
Latency: 0.005874696187674999
Latency: 0.005588856991380453
Latency: 0.005516529083251953
Latency: 0.005864419974386692
Latency: 0.005849266890436411
Latency: 0.0056297811679542065
Latency: 0.0056287439074367285
Latency: 0.0059575841296464205
Latency: 0.0054681310430169106
Latency: 0.006832625018432736
Latency: 0.005722321104258299
Latency: 0.005993478931486607
Latency: 0.005748457042500377
Latency: 0.005591918947175145
Latency: 0.00565988989546895
Latency: 0.005879228003323078
Latency: 0.006103603867813945
Latency: 0.005695272004231811
Latency: 0.005914133973419666
Latency: 0.005725118098780513
Latency: 0.006126398919150233
Latency: 0.005548994988203049
Latency: 0.005799269070848823
Latency: 0.005445833085104823
Latency: 0.005904749035835266
Latency: 0.006942034000530839
Latency: 0.00564106204546988
Latency: 0.005912778899073601
Latency: 0.005740517983213067
Latency: 0.005295350216329098
Latency: 0.005881991004571319
Latency: 0.005819506011903286
Latency: 0.005716867977753282
Latency: 0.005595793016254902
Latency: 0.006008252967149019
Latency: 0.005591796012595296
Latency: 0.0056420620530843735
Latency: 0.005788381909951568
Latency: 0.005771187134087086
Latency: 0.0053055190946906805
Latency: 0.005855239927768707
Latency: 0.005612861132249236
Latency: 0.006504965014755726
Latency: 0.005583520978689194
Latency: 0.0059108559507876635
Latency: 0.005548255052417517
Latency: 0.005855941213667393
Latency: 0.005609462037682533
Latency: 0.005624293116852641
Latency: 0.0058470191434025764
Latency: 0.005566028878092766
Latency: 0.005747060989961028
Latency: 0.0059400759637355804
Latency: 0.005190454889088869
Latency: 0.005839830031618476
Latency: 0.005785820074379444
Latency: 0.0059368659276515245
Latency: 0.005767121911048889
Latency: 0.007027401123195887
Latency: 0.00557947694323957
Latency: 0.005811827955767512
Latency: 0.005798387806862593
Latency: 0.005296956980600953
Latency: 0.005979554960504174
Latency: 0.0059063180815428495
Latency: 0.005484465975314379
Latency: 0.006078304024413228
Latency: 0.005803595995530486
Latency: 0.005682514049112797
Latency: 0.005716253072023392
Latency: 0.006405388005077839
Latency: 0.0059924558736383915
Latency: 0.0060338040348142385
Latency: 0.005951405968517065
Latency: 0.007189881056547165
Latency: 0.005286624887958169
Latency: 0.00601589004509151
Latency: 0.005598899908363819
Latency: 0.005622168071568012
Latency: 0.00548505992628634
Latency: 0.005959623958915472
Latency: 0.005590989021584392
Latency: 0.005841324804350734
Latency: 0.0058133460115641356
Latency: 0.005750290118157864
Latency: 0.005917050177231431
Latency: 0.005597457988187671
Latency: 0.005935209803283215
Latency: 0.006031448021531105
Latency: 0.005788326030597091
Latency: 0.007215581135824323
Latency: 0.005574295995756984
Latency: 0.005677855806425214
Latency: 0.00588603806681931
Latency: 0.005644824123010039
Latency: 0.005689843092113733
Latency: 0.0056472711730748415
Latency: 0.005476569989696145
Latency: 0.005824857158586383
Latency: 0.005816682940348983
Latency: 0.005770039977505803
Latency: 0.005798707948997617
Latency: 0.005751775112003088
Latency: 0.005846107145771384
Latency: 0.006268699886277318
Latency: 0.005498211132362485
Latency: 0.005269703920930624
Latency: 0.005320289870724082
Latency: 0.005784132983535528
Latency: 0.00563981500454247
Latency: 0.005872223060578108
Latency: 0.005833594826981425
Latency: 0.006072859978303313
Latency: 0.005600671051070094
Latency: 0.00596489105373621
Latency: 0.005614868830889463
Latency: 0.005661581177264452
Latency: 0.0058897200506180525
Latency: 0.006001192843541503
Latency: 0.005736723076552153
Latency: 0.006006004987284541
Latency: 0.005538839148357511
Latency: 0.005919741000980139
Latency: 0.007128208875656128
Latency: 0.0056395321153104305
Latency: 0.01487808395177126
Latency: 0.005648781079798937
Latency: 0.005772489123046398
Latency: 0.0060644629411399364
Latency: 0.005774889141321182
Latency: 0.005825490923598409
Latency: 0.005708485143259168
Latency: 0.005792307900264859
Latency: 0.005920812953263521
Latency: 0.005739819025620818
Latency: 0.005812763934955001
Latency: 0.005817475961521268
Latency: 0.006357869133353233
Latency: 0.005861741025000811
Latency: 0.0059597010258585215
Latency: 0.005744232097640634
Latency: 0.005482463166117668
Latency: 0.005494712153449655
Latency: 0.005941638024523854
Latency: 0.005920837866142392
Latency: 0.005459756124764681
Latency: 0.005571895046159625
Latency: 0.0055530869867652655
Latency: 0.0060110019985586405
Latency: 0.005711238831281662
Latency: 0.005657454952597618
Latency: 0.005860744044184685
Latency: 0.005942947929725051
Latency: 0.007085181074216962
Latency: 0.006331110838800669
Latency: 0.005724539048969746
Latency: 0.005927804159000516
Latency: 0.005812051938846707
Latency: 0.005606030812487006
Latency: 0.005913978908210993
Latency: 0.005908809136599302
Latency: 0.005702256923541427
Latency: 0.006448298925533891
Latency: 0.005560639081522822
Latency: 0.005435517989099026
Latency: 0.005958692170679569
Latency: 0.0056162860710173845
Latency: 0.006040642037987709
Latency: 0.005480502964928746
Latency: 0.007142602000385523
Latency: 0.005651525920256972
Latency: 0.00582928117364645
Latency: 0.006158173084259033
Latency: 0.007779958890751004
Latency: 0.005694670137017965
Latency: 0.006174598820507526
Latency: 0.005688987905159593
Latency: 0.005747820949181914
Latency: 0.0058054819237440825
Latency: 0.005281944992020726
Latency: 0.0057214368134737015
Latency: 0.005579107906669378
Latency: 0.005548874149098992
Latency: 0.005566355073824525
Latency: 0.005937902955338359
Latency: 0.005640844814479351
Latency: 0.0070784681010991335
Latency: 0.005852719070389867
Latency: 0.005226771114394069
Latency: 0.005976692074909806
Latency: 0.00594235397875309
Latency: 0.005158186890184879
Latency: 0.005848208209499717
Latency: 0.005886855069547892
Latency: 0.005646334029734135
Latency: 0.005873725051060319
Latency: 0.005513364914804697
Latency: 0.005624725949019194
Latency: 0.005535386968404055
Latency: 0.005832277936860919
Latency: 0.006066013826057315
Latency: 0.005714102182537317
Latency: 0.0068753561936318874
Latency: 0.005726351169869304
Latency: 0.005841834936290979
Latency: 0.005805623950436711
Latency: 0.005186770111322403
Latency: 0.005795740056782961
Latency: 0.005990516860038042
Latency: 0.005334808956831694
Latency: 0.005856533069163561
Latency: 0.005951170111075044
Latency: 0.006126262014731765
Latency: 0.005381452850997448
Latency: 0.006012891884893179
Latency: 0.005852486006915569
Latency: 0.005938241025432944
Latency: 0.005774683086201549
Latency: 0.005504834931343794
Latency: 0.007024910068139434
Latency: 0.005962970899417996
Latency: 0.005684660980477929
Latency: 0.0059574069455266
Latency: 0.005888788029551506
Latency: 0.005418254993855953
Latency: 0.0054986379109323025
Latency: 0.005812280112877488
Latency: 0.005523280939087272
Latency: 0.00559106795117259
Latency: 0.005994396051391959
Latency: 0.005861398996785283
Latency: 0.005503769963979721
Latency: 0.006220555165782571
Latency: 0.005816644057631493
Latency: 0.005341344978660345
Latency: 0.007076650857925415
Latency: 0.005276929819956422
Latency: 0.005903873825445771
Latency: 0.00606003706343472
Latency: 0.006134050898253918
Latency: 0.005919933086261153
Latency: 0.005577714880928397
Latency: 0.005717020016163588
Latency: 0.006046119146049023
Latency: 0.006100613856688142
Latency: 0.005693700863048434
Latency: 0.005751627963036299
Latency: 0.0058492738753557205
Latency: 0.0059580327942967415
Latency: 0.006046531023457646
Latency: 0.005430774996057153
Latency: 0.005715520121157169
Latency: 0.005893821129575372
Latency: 0.006010603858157992
Latency: 0.005610618041828275
Latency: 0.0056982438545674086
Latency: 0.005883325124159455
Latency: 0.00589564791880548
Latency: 0.005574167938902974
Latency: 0.006101532839238644
Latency: 0.005898633971810341
Latency: 0.005647419951856136
Latency: 0.005823793122544885
Latency: 0.005833637900650501
Latency: 0.005653233965858817
Latency: 0.005760404048487544
Latency: 0.005449468037113547
Latency: 0.006045987131074071
Latency: 0.006754828849807382
Latency: 0.005611062049865723
Latency: 0.005944659002125263
Latency: 0.0057761159259825945
Latency: 0.005914267152547836
Latency: 0.005729681113734841
Latency: 0.005963519914075732
Latency: 0.005777115933597088
Latency: 0.005709352204576135
Latency: 0.005915965884923935
Latency: 0.0057030171155929565
Latency: 0.005802253028377891
Latency: 0.0058816359378397465
Latency: 0.005943543976172805
Latency: 0.005550180096179247
Latency: 0.006905997171998024
Latency: 0.0052039409056305885
Latency: 0.005984843010082841
Latency: 0.005296370945870876
Latency: 0.005767559865489602
Latency: 0.006126477848738432
Latency: 0.0057984329760074615
Latency: 0.0056332501117140055
Latency: 0.005849180044606328
Latency: 0.005824160063639283
Latency: 0.005691228900104761
Latency: 0.005478742998093367
Latency: 0.005477745085954666
Latency: 0.006069676950573921
Latency: 0.005684711970388889
Latency: 0.005621562013402581
Latency: 0.005990286823362112
Latency: 0.007073569111526012
Latency: 0.005597756011411548
Latency: 0.016040406189858913
Latency: 0.005936305038630962
Latency: 0.005904996069148183
Latency: 0.005565400002524257
Latency: 0.005837399046868086
Latency: 0.005459869978949428
Latency: 0.005952400853857398
Latency: 0.005782989086583257
Latency: 0.006094228010624647
Latency: 0.005832908907905221
Latency: 0.0060178369749337435
Latency: 0.005812093149870634
Latency: 0.00700212805531919
Latency: 0.005916934926062822
Latency: 0.005634519970044494
Latency: 0.005395368905737996
Latency: 0.00592984608374536
Latency: 0.005573492031544447
Latency: 0.0061522298492491245
Latency: 0.006194014102220535
Latency: 0.005669665988534689
Latency: 0.006088508991524577
Latency: 0.005609108135104179
Latency: 0.00596787198446691
Latency: 0.005751835880801082
Latency: 0.005820948164910078
Latency: 0.005579385906457901
Latency: 0.0058937761932611465
Latency: 0.007152413949370384
Latency: 0.005811327137053013
Latency: 0.005538920871913433
Latency: 0.00616836897097528
Latency: 0.005742574110627174
Latency: 0.005781189072877169
Latency: 0.006061307853087783
Latency: 0.005353722954168916
Latency: 0.005886370083317161
Latency: 0.005604868987575173
Latency: 0.00591858197003603
Latency: 0.00564700597897172
Latency: 0.005892788991332054
Latency: 0.005972080864012241
Latency: 0.005461348919197917
Latency: 0.005519823869690299
Latency: 0.005660870112478733
Latency: 0.005633434979245067
Latency: 0.00593367894180119
Latency: 0.005595172988250852
Latency: 0.005260923178866506
Latency: 0.005877811927348375
Latency: 0.005766232963651419
Latency: 0.005418733926489949
Latency: 0.005510612158104777
Latency: 0.00589695805683732
Latency: 0.0056200032122433186
Latency: 0.005776501027867198
Latency: 0.005579919088631868
Latency: 0.006100879050791264
Latency: 0.0057263849303126335
Latency: 0.005812698043882847
Latency: 0.005522607825696468
Latency: 0.006840771995484829
Latency: 0.005856678122654557
Latency: 0.005608031991869211
Latency: 0.005815126001834869
Latency: 0.005258416058495641
Latency: 0.0059812290128320456
Latency: 0.005753563949838281
Latency: 0.005877482006326318
Latency: 0.005638528848066926
Latency: 0.006073598982766271
Latency: 0.005834151059389114
Latency: 0.005689365090802312
Latency: 0.00558667303994298
Latency: 0.006187775870785117
Latency: 0.00584234413690865
Latency: 0.0057928061578422785
Latency: 0.006987608969211578
Latency: 0.005700828041881323
Latency: 0.005787228001281619
Latency: 0.005785747896879911
Latency: 0.005467784823849797
Latency: 0.0059705430176109076
Latency: 0.005853172158822417
Latency: 0.0056301571894437075
Latency: 0.005389999831095338
Latency: 0.005891862092539668
Latency: 0.01172001101076603
Latency: 0.005576192867010832
Latency: 0.005824459949508309
Latency: 0.006225166842341423
Latency: 0.005264889914542437
Latency: 0.00593590410426259
Latency: 0.005571200046688318
Latency: 0.006462830118834972
Latency: 0.005604628007858992
Latency: 0.00587091688066721
Latency: 0.005843837978318334
Latency: 0.005889959167689085
Latency: 0.005482136970385909
Latency: 0.005781083134934306
Latency: 0.005789899034425616
Latency: 0.005483384942635894
Latency: 0.006022086134180427
Latency: 0.0058832059148699045
Latency: 0.005469898926094174
Latency: 0.00609609903767705
Latency: 0.005363012198358774
Latency: 0.006046360824257135
Latency: 0.00589905702508986
Latency: 0.007261974038556218
Latency: 0.0052733090706169605
Latency: 0.006071249023079872
Latency: 0.0058685000985860825
Latency: 0.0059319790452718735
Latency: 0.005639815935865045
Latency: 0.005557727068662643
Latency: 0.005888146115466952
Latency: 0.005522517021745443
Latency: 0.005858960095793009
Latency: 0.0055380528792738914
Latency: 0.005886131897568703
Latency: 0.005717918975278735
Latency: 0.00592089188285172
Latency: 0.005664397031068802
Latency: 0.005892857210710645
Latency: 0.006801441079005599
Latency: 0.005709230899810791
Latency: 0.005805786000564694
Latency: 0.00585616216994822
Latency: 0.005981991998851299
Latency: 0.005451133009046316
Latency: 0.00591806904412806
Latency: 0.005803714971989393
Latency: 0.0055300090461969376
Latency: 0.005804880056530237
Latency: 0.005994934123009443
Latency: 0.005764125846326351
Latency: 0.005855577997863293
Latency: 0.005879556993022561
Latency: 0.0057714590802788734
Latency: 0.005808774149045348
Latency: 0.006926662055775523
Latency: 0.005545830819755793
Latency: 0.006122786086052656
Latency: 0.0054613950196653605
Latency: 0.005905860103666782
Latency: 0.00558587908744812
Latency: 0.005899494048207998
Latency: 0.005607175873592496
Latency: 0.005840218160301447
Latency: 0.005940378876402974
Latency: 0.005637645022943616
Latency: 0.005962564144283533
Latency: 0.005966450087726116
Latency: 0.005829676985740662
Latency: 0.005632471991702914
Latency: 0.005875318078324199
Latency: 0.005881991935893893
Latency: 0.0067802460398525
Latency: 0.005624437937512994
Latency: 0.005847183987498283
Latency: 0.006066814064979553
Latency: 0.005198488011956215
Latency: 0.0056113379541784525
Latency: 0.005723128095269203
Latency: 0.005731075070798397
Latency: 0.005973889026790857
Latency: 0.0060215850826352835
Latency: 0.005317219998687506
Latency: 0.006024822127074003
Latency: 0.005730149103328586
Latency: 0.005731361918151379
Latency: 0.005846969783306122
Latency: 0.005335062043741345
Latency: 0.005962801864370704
Latency: 0.00565300602465868
Latency: 0.016673485981300473
Latency: 0.006152230082079768
Latency: 0.005868206033483148
Latency: 0.005951897008344531
Latency: 0.005517856916412711
Latency: 0.005721645196899772
Latency: 0.005784145090728998
Latency: 0.005914720008149743
Latency: 0.005903876852244139
Latency: 0.005876966053619981
Latency: 0.006064716959372163
Latency: 0.006088478956371546
Latency: 0.005525786196812987
Latency: 0.006768949097022414
Latency: 0.005747015122324228
Latency: 0.005899596028029919
Latency: 0.005910730920732021
Latency: 0.005866529885679483
Latency: 0.005648910999298096
Latency: 0.005843996070325375
Latency: 0.005805382039397955
Latency: 0.005177053157240152
Latency: 0.005634061060845852
Latency: 0.005836984142661095
Latency: 0.005977639928460121
Latency: 0.005616014124825597
Latency: 0.005602931836619973
Latency: 0.005973129067569971
Latency: 0.00704798405058682
Latency: 0.0052884051110595465
Latency: 0.006030796095728874
Latency: 0.005899528972804546
Latency: 0.005233841948211193
Latency: 0.005904547171667218
Latency: 0.005806615110486746
Latency: 0.005990219069644809
Latency: 0.005605571903288364
Latency: 0.0058179278858006
Latency: 0.005824293941259384
Latency: 0.00553163094446063
Latency: 0.005489137955009937
Latency: 0.006083349930122495
Latency: 0.005832263035699725
Latency: 0.005579246208071709
Latency: 0.005398929119110107
Latency: 0.006985131883993745
Latency: 0.005856584990397096
Latency: 0.005674357991665602
Latency: 0.005889073945581913
Latency: 0.006158695090562105
Latency: 0.005694619147107005
Latency: 0.00578963290899992
Latency: 0.005998819135129452
Latency: 0.005549713969230652
Latency: 0.005816902033984661
Latency: 0.005793411051854491
Latency: 0.005304023856297135
Latency: 0.005942988907918334
Latency: 0.005920070922002196
Latency: 0.005777568090707064
Latency: 0.005732045043259859
Latency: 0.0067831717897206545
Latency: 0.005624654935672879
Latency: 0.005882621044293046
Latency: 0.005483780987560749
Latency: 0.005840562051162124
Latency: 0.005358146037906408
Latency: 0.005919334944337606
Latency: 0.005240808008238673
Latency: 0.005955447908490896
Latency: 0.005389059893786907
Latency: 0.0059666510205715895
Latency: 0.005235579097643495
Latency: 0.005861846962943673
Latency: 0.005443622125312686
Latency: 0.005829701898619533
Latency: 0.0058749469462782145
Latency: 0.007116765016689897
Latency: 0.005603960948064923
Latency: 0.005254026036709547
Latency: 0.005937505047768354
Latency: 0.005878672003746033
Latency: 0.005718074971809983
Latency: 0.00575041794218123
Latency: 0.005900507094338536
Latency: 0.005858039949089289
Latency: 0.0054903628770262
Latency: 0.005892708897590637
Latency: 0.005842347862198949
Latency: 0.005706547060981393
Latency: 0.005868054926395416
Latency: 0.005542853847146034
Latency: 0.0060552849899977446
Latency: 0.005554197821766138
Latency: 0.007367344107478857
Latency: 0.006249154917895794
Latency: 0.005229813978075981
Latency: 0.006363291991874576
Latency: 0.005797464866191149
Latency: 0.005679059773683548
Latency: 0.0059185209684073925
Latency: 0.0059721090365201235
Latency: 0.005668550962582231
Latency: 0.005852716043591499
Latency: 0.005263549974188209
Latency: 0.005602816119790077
Latency: 0.006051718024536967
Latency: 0.005750344134867191
Latency: 0.005747366929426789
Latency: 0.005942472955211997
Latency: 0.005485742120072246
Latency: 0.0052380969282239676
Latency: 0.005978813162073493
Latency: 0.005288382060825825
Latency: 0.006888865027576685
Latency: 0.0071548279374837875
Latency: 0.005651388084515929
Latency: 0.00526057300157845
Latency: 0.006005732109770179
Latency: 0.005978399189189076
Latency: 0.005523719824850559
Latency: 0.006034208927303553
Latency: 0.0058778151869773865
Latency: 0.005811641924083233
Latency: 0.005472784163430333
Latency: 0.005705984076485038
Latency: 0.0058087429497390985
Latency: 0.0071500688791275024
Latency: 0.005861843936145306
Latency: 0.0055831908248364925
Latency: 0.006111485883593559
Latency: 0.0058923810720443726
Latency: 0.00564883416518569
Latency: 0.005565626081079245
Latency: 0.005551925860345364
Latency: 0.005697696935385466
Latency: 0.005870566936209798
Latency: 0.005879190983250737
Latency: 0.005971061997115612
Latency: 0.005606986116617918
Latency: 0.005542870843783021
Latency: 0.005558788776397705
Latency: 0.005873955087736249
Latency: 0.006952743045985699
Latency: 0.00565902516245842
Latency: 0.005976729094982147
Latency: 0.005986629985272884
Latency: 0.005575551884248853
Latency: 0.005876997020095587
Latency: 0.0058071790263056755
Latency: 0.005560943856835365
Latency: 0.005530535941943526
Latency: 0.005444900132715702
Latency: 0.005931521067395806
Latency: 0.005505658918991685
Latency: 0.0056124411057680845
Latency: 0.005446027033030987
Latency: 0.00601842999458313
Latency: 0.005593840032815933
Latency: 0.006900506094098091
Latency: 0.005709271878004074
Latency: 0.005796335870400071
Latency: 0.00580543396063149
Latency: 0.005961900111287832
Latency: 0.005626329919323325
Latency: 0.005927818128839135
Latency: 0.005694800056517124
Latency: 0.0053154220804572105
Latency: 0.005707034841179848
Latency: 0.005989373894408345
Latency: 0.00538979796692729
Latency: 0.005691338097676635
Latency: 0.00537266000173986
Latency: 0.005554427858442068
Latency: 0.005977403838187456
Latency: 0.006721555953845382
Latency: 0.005260684993118048
Latency: 0.018044392811134458
Latency: 0.005928890081122518
Latency: 0.005805997876450419
Latency: 0.005882752127945423
Latency: 0.00582152814604342
Latency: 0.0058241840451955795
Latency: 0.005730838049203157
Latency: 0.005777749000117183
Latency: 0.005867022089660168
Latency: 0.005735076032578945
Latency: 0.0059602828696370125
Latency: 0.005674951011314988
Latency: 0.006771068088710308
Latency: 0.00527392397634685
Latency: 0.006043337984010577
Latency: 0.005839433055371046
Latency: 0.005619272124022245
Latency: 0.005862825782969594
Latency: 0.005782001186162233
Latency: 0.005605341866612434
Latency: 0.005863626021891832
Latency: 0.005846770945936441
Latency: 0.005754892015829682
Latency: 0.005576096009463072
Latency: 0.005937932059168816
Latency: 0.005789215210825205
Latency: 0.005800480023026466
Latency: 0.005491387099027634
Latency: 0.005427218042314053
Latency: 0.007196578895673156
Latency: 0.0058943829499185085
Latency: 0.0054926390293985605
Latency: 0.005808020941913128
Latency: 0.006023854948580265
Latency: 0.005901126889511943
Latency: 0.0055534569546580315
Latency: 0.00578611996024847
Latency: 0.005851124878972769
Latency: 0.00559800211340189
Latency: 0.0054971270728856325
Latency: 0.005879086907953024
Latency: 0.005794959841296077
Latency: 0.00516475597396493
Latency: 0.005532711045816541
Latency: 0.005885298131033778
Latency: 0.007029161090031266
Latency: 0.005613300949335098
Latency: 0.005829464877024293
Latency: 0.006278557935729623
Latency: 0.0054259670432657
Latency: 0.0058316879440099
Latency: 0.005852005910128355
Latency: 0.0052773158531636
Latency: 0.006089709000661969
Latency: 0.005841542035341263
Latency: 0.005616511916741729
Latency: 0.005972348153591156
Latency: 0.005738714011386037
Latency: 0.005849909968674183
Latency: 0.00577484886161983
Latency: 0.005348811857402325
Latency: 0.006642018910497427
Latency: 0.00564852193929255
Latency: 0.0059195938520133495
Latency: 0.005929999984800816
Latency: 0.005617883987724781
Latency: 0.0058568299282342196
Latency: 0.00582564901560545
Latency: 0.005631699925288558
Latency: 0.005885489052161574
Latency: 0.005799788050353527
Latency: 0.005176035920158029
Latency: 0.005887300008907914
Latency: 0.005889476975426078
Latency: 0.006031770957633853
Latency: 0.005964060081169009
Latency: 0.005899809999391437
Latency: 0.006748220883309841
Latency: 0.00576842506416142
Latency: 0.005413170205429196
Latency: 0.005878044059500098
Latency: 0.005757635924965143
Latency: 0.005900267977267504
Latency: 0.006063007051125169
Latency: 0.005595556925982237
Latency: 0.005749973002821207
Latency: 0.005728371907025576
Latency: 0.005883908132091165
Latency: 0.005920102121308446
Latency: 0.006016393890604377
Latency: 0.005383963929489255
Latency: 0.005896050948649645
Latency: 0.005655208835378289
Latency: 0.005781779997050762
Latency: 0.006720474921166897
Latency: 0.006003541871905327
Latency: 0.005710981087759137
Latency: 0.005883173085749149
Latency: 0.005757778184488416
Latency: 0.005372229963541031
Latency: 0.005794045049697161
Latency: 0.005796413868665695
Latency: 0.005663909949362278
Latency: 0.005784817971289158
Latency: 0.005939602851867676
Latency: 0.005775555036962032
Latency: 0.005303911864757538
Latency: 0.005764311878010631
Latency: 0.005561850965023041
Latency: 0.0059008109383285046
Latency: 0.0064545911736786366
Latency: 0.005857632029801607
Latency: 0.005982551025226712
Latency: 0.005705658113583922
Latency: 0.0057745580561459064
Latency: 0.005816988879814744
Latency: 0.005782571854069829
Latency: 0.005620253039523959
Latency: 0.0057787669356912374
Latency: 0.005494492128491402
Latency: 0.005810861941426992
Latency: 0.005754580022767186
Latency: 0.005901094991713762
Latency: 0.00589508400298655
Latency: 0.0059480671770870686
Latency: 0.0055857698898762465
Latency: 0.005237599136307836
Latency: 0.005739852087572217
Latency: 0.005937807960435748
Latency: 0.0052355010993778706
Latency: 0.005942672956734896
Latency: 0.0052906840573996305
Latency: 0.005907938815653324
Latency: 0.005667824996635318
Latency: 0.005497212987393141
Latency: 0.006049001822248101
Latency: 0.005680427188053727
Latency: 0.005590585991740227
Latency: 0.00594900012947619
Latency: 0.005998682929202914
Latency: 0.0062313510570675135
Latency: 0.0054673319682478905
Latency: 0.005792308831587434
Latency: 0.007110968930646777
Latency: 0.0055226648692041636
Latency: 0.005775116849690676
Latency: 0.005808335961773992
Latency: 0.006099396850913763
Latency: 0.005585994105786085
Latency: 0.0056787601206451654
Latency: 0.005897399969398975
Latency: 0.00547402398660779
Latency: 0.005869146203622222
Latency: 0.005507913883775473
Latency: 0.00567630585283041
Latency: 0.005828764056786895
Latency: 0.0057743031065911055
Latency: 0.005756511818617582
Latency: 0.007050845073536038
Latency: 0.0052740201354026794
Latency: 0.0060190767981112
Latency: 0.005437650950625539
Latency: 0.00590177602134645
Latency: 0.005578767973929644
Latency: 0.0059224390424788
Latency: 0.005247427150607109
Latency: 0.005825425963848829
Latency: 0.005473491968587041
Latency: 0.005849505076184869
Latency: 0.005906319944187999
Latency: 0.005818283883854747
Latency: 0.005474469158798456
Latency: 0.005820224992930889
Latency: 0.005335367051884532
Latency: 0.005997955100610852
Latency: 0.006724825128912926
Latency: 0.005876739975064993
Latency: 0.018069562036544085
Latency: 0.005903054028749466
Latency: 0.005694319028407335
Latency: 0.005629118997603655
Latency: 0.005686562974005938
Latency: 0.00551653397269547
Latency: 0.005546947009861469
Latency: 0.005853398935869336
Latency: 0.005756505066528916
Latency: 0.005686383927240968
Latency: 0.00581150921061635
Latency: 0.005249093985185027
Latency: 0.005989573895931244
Latency: 0.005974475992843509
Latency: 0.005900372052565217
Latency: 0.005779586033895612
Latency: 0.006067668087780476
Latency: 0.005879956064745784
Latency: 0.005573752103373408
Latency: 0.0054854159243404865
Latency: 0.006018863059580326
Latency: 0.005787670146673918
Latency: 0.00554249994456768
Latency: 0.00544974603690207
Latency: 0.006020679138600826
Latency: 0.005903364857658744
Latency: 0.005689219105988741
Latency: 0.005764271831139922
Latency: 0.005397222936153412
Latency: 0.005931735038757324
Latency: 0.0055672328453511
Latency: 0.005945974960923195
Latency: 0.005540498066693544
Latency: 0.005763028049841523
Latency: 0.005892483983188868
Latency: 0.006105315871536732
Latency: 0.005850651999935508
Latency: 0.005962445866316557
Latency: 0.0057737380266189575
Latency: 0.005818773992359638
Latency: 0.005704090930521488
Latency: 0.005839487072080374
Latency: 0.00623106793500483
Latency: 0.005515435012057424
Latency: 0.006870111217722297
Latency: 0.00561175006441772
Latency: 0.005785810993984342
Latency: 0.005366454133763909
Latency: 0.005712585989385843
Latency: 0.005534698022529483
Latency: 0.005926256999373436
Latency: 0.005621626973152161
Latency: 0.005739610875025392
Latency: 0.005515681114047766
Latency: 0.005798317026346922
Latency: 0.0053189590107649565
Latency: 0.005709300981834531
Latency: 0.005411849124357104
Latency: 0.005970192840322852
Latency: 0.005830892827361822
Latency: 0.007011034991592169
Latency: 0.005585542879998684
Latency: 0.005836135940626264
Latency: 0.005773468175902963
Latency: 0.005304201040416956
Latency: 0.006098791025578976
Latency: 0.005757225910201669
Latency: 0.005259377183392644
Latency: 0.005635526962578297
Latency: 0.005782124120742083
Latency: 0.0056343169417232275
Latency: 0.005944681819528341
Latency: 0.005814380943775177
Latency: 0.005868743872269988
Latency: 0.005737535888329148
Latency: 0.0058440410066396
Latency: 0.011376011185348034
Latency: 0.0059375278651714325
Latency: 0.00606163521297276
Latency: 0.006268725963309407
Latency: 0.005257186014205217
Latency: 0.006073173135519028
Latency: 0.00569678214378655
Latency: 0.005925443023443222
Latency: 0.005840355064719915
Latency: 0.005944880889728665
Latency: 0.005569861037656665
Latency: 0.005788009846583009
Latency: 0.005917823174968362
Latency: 0.005612893961369991
Latency: 0.0058585170190781355
Latency: 0.005711901932954788
Latency: 0.005333656910806894
Latency: 0.005805365042760968
Latency: 0.005455698119476438
Latency: 0.006043253932148218
Latency: 0.005863521946594119
Latency: 0.0054426200222224
Latency: 0.005968193989247084
Latency: 0.005930959014222026
Latency: 0.0052818069234490395
Latency: 0.005998092936351895
Latency: 0.005859417142346501
Latency: 0.005342490971088409
Latency: 0.006057211896404624
Latency: 0.005746955052018166
Latency: 0.005835975054651499
Latency: 0.0055032409727573395
Latency: 0.005244412925094366
Latency: 0.0057427301071584225
Latency: 0.0056699460837990046
Latency: 0.0055444990284740925
Latency: 0.0059766611084342
Latency: 0.005702893016859889
Latency: 0.005787778878584504
Latency: 0.005968026118353009
Latency: 0.005596997914835811
Latency: 0.005843779072165489
Latency: 0.006071473006159067
Latency: 0.00553347822278738
Latency: 0.005658743903040886
Latency: 0.005805456079542637
Latency: 0.00577125302515924
Latency: 0.005779701983556151
Latency: 0.005878999829292297
Latency: 0.0071139701176434755
Latency: 0.005696037085726857
Latency: 0.005743633024394512
Latency: 0.005652797874063253
Latency: 0.005746942013502121
Latency: 0.00759355491027236
Latency: 0.012760090874508023
Latency: 0.005935088964179158
Latency: 0.0059491670690476894
Latency: 0.00562824890948832
Latency: 0.005541434045881033
Latency: 0.005535283125936985
Latency: 0.005465849069878459
Latency: 0.006000529043376446
Latency: 0.005701781017705798
Latency: 0.005981026217341423
Latency: 0.005887774983420968
Latency: 0.006707024062052369
Latency: 0.005487685091793537
Latency: 0.005973558872938156
Latency: 0.00533449393697083
Latency: 0.005994773004204035
Latency: 0.005628535989671946
Latency: 0.00590670108795166
Latency: 0.005939583061262965
Latency: 0.0056717670522630215
Latency: 0.006061343010514975
Latency: 0.0053613141644746065
Latency: 0.005980515852570534
Latency: 0.0054126521572470665
Latency: 0.006044753827154636
Latency: 0.006153688998892903
Latency: 0.005847437074407935
Latency: 0.007210057927295566
Latency: 0.0057818100322037935
Latency: 0.005805277032777667
Latency: 0.00555258197709918
Latency: 0.006086590001359582
Latency: 0.005434468854218721
Latency: 0.005886484170332551
Latency: 0.005542272934690118
Latency: 0.005911969114094973
Latency: 0.006026505026966333
Latency: 0.005537334829568863
Latency: 0.0058172899298369884
Latency: 0.005933215143159032
Latency: 0.005759344203397632
Latency: 0.0057758239563554525
Latency: 0.005687776952981949
Latency: 0.00571385002695024
Latency: 0.005893081892281771
Latency: 0.005386397009715438
Latency: 0.005787021014839411
Latency: 0.005590392975136638
Latency: 0.0058161180932074785
Latency: 0.005967976991087198
Latency: 0.007621197961270809
Latency: 0.005965583026409149
Latency: 0.006017256993800402
Latency: 0.005340284900739789
Latency: 0.005720352986827493
Latency: 0.006156052928417921
Latency: 0.005720415152609348
Latency: 0.005282329861074686
Latency: 0.0057142910081893206
Latency: 0.005722991889342666
Latency: 0.007158708060160279
Latency: 0.00570310209877789
Latency: 0.01916159293614328
Latency: 0.005663768853992224
Latency: 0.005985652096569538
Latency: 0.005796481156721711
Latency: 0.005773442797362804
Latency: 0.005743358982726932
Latency: 0.0058649149723351
Latency: 0.005767961032688618
Latency: 0.005790403112769127
Latency: 0.005671862978488207
Latency: 0.005286474945023656
Latency: 0.0057443061377853155
Latency: 0.006713738897815347
Latency: 0.005599437048658729
Latency: 0.005935561843216419
Latency: 0.006012964993715286
Latency: 0.0055634090676903725
Latency: 0.005419153021648526
Latency: 0.006020713830366731
Latency: 0.0060140390414744616
Latency: 0.005531673086807132
Latency: 0.005979960085824132
Latency: 0.005965041927993298
Latency: 0.005296855000779033
Latency: 0.005984468152746558
Latency: 0.0058405359741300344
Latency: 0.005787037778645754
Latency: 0.005318985087797046
Latency: 0.005980754969641566
Latency: 0.006891052005812526
Latency: 0.005740633001551032
Latency: 0.0059339930303394794
Latency: 0.006058586994186044
Latency: 0.0059850928373634815
Latency: 0.005689778132364154
Latency: 0.005973547929897904
Latency: 0.0059311119839549065
Latency: 0.0058074339758604765
Latency: 0.0068954050075262785
Latency: 0.004933645017445087
Latency: 0.005847349064424634
Latency: 0.00608577998355031
Latency: 0.005864470964297652
Latency: 0.005821649916470051
Latency: 0.005825503030791879
Latency: 0.007104727905243635
Latency: 0.005772054893895984
Latency: 0.005853286013007164
Latency: 0.00523805501870811
Latency: 0.005740103079006076
Latency: 0.005802297033369541
Latency: 0.0057640159502625465
Latency: 0.005315672140568495
Latency: 0.006117422133684158
Latency: 0.0059706768952310085
Latency: 0.0055112470872700214
Latency: 0.005297627067193389
Latency: 0.005594399990513921
Latency: 0.006076071877032518
Latency: 0.005860505159944296
Latency: 0.005380877060815692
Latency: 0.006002194015309215
Latency: 0.007796043064445257
Latency: 0.005552359856665134
Latency: 0.0052985011134296656
Latency: 0.008015328086912632
Latency: 0.0059941119980067015
Latency: 0.005775557830929756
Latency: 0.0068349470384418964
Latency: 0.005652364110574126
Latency: 0.005470075877383351
Latency: 0.006116284988820553
Latency: 0.00601977901533246
Latency: 0.005523743806406856
Latency: 0.006055481033399701
Latency: 0.0056434080470353365
Latency: 0.006073612021282315
Latency: 0.005479478044435382
Latency: 0.0072684630285948515
Latency: 0.005645990837365389
Latency: 0.005817624041810632
Latency: 0.005858164979144931
Latency: 0.005634424043819308
Latency: 0.005754766054451466
Latency: 0.005812349962070584
Latency: 0.005622923141345382
Latency: 0.005931725958362222
Latency: 0.005786912050098181
Latency: 0.005197437014430761
Latency: 0.005906536942347884
Latency: 0.00531333195976913
Latency: 0.006009642966091633
Latency: 0.005172924837097526
Latency: 0.005945445969700813
Latency: 0.00605597416870296
Latency: 0.00698756193742156
Latency: 0.005191599950194359
Latency: 0.006102595943957567
Latency: 0.005444674985483289
Latency: 0.005764409201219678
Latency: 0.00614811503328383
Latency: 0.005824752151966095
Latency: 0.005753390025347471
Latency: 0.005831403890624642
Latency: 0.005734011065214872
Latency: 0.005250260001048446
Latency: 0.0056861338671296835
Latency: 0.005691217957064509
Latency: 0.005869237938895822
Latency: 0.00527500594034791
Latency: 0.005901299882680178
Latency: 0.005878498079255223
Latency: 0.00692422897554934
Latency: 0.00526871788315475
Latency: 0.005980370100587606
Latency: 0.0058784219436347485
Latency: 0.005612856009975076
Latency: 0.005849184934049845
Latency: 0.005383301060646772
Latency: 0.005863940110430121
Latency: 0.005929338047280908
Latency: 0.005360295996069908
Latency: 0.005731331882998347
Latency: 0.005991238867864013
Latency: 0.005792348179966211
Latency: 0.005555466981604695
Latency: 0.005603777011856437
Latency: 0.005951607134193182
Latency: 0.0058392619248479605
Latency: 0.006961225997656584
Latency: 0.005168875213712454
Latency: 0.0058984539937227964
Latency: 0.0053549830336123705
Latency: 0.005956463050097227
Latency: 0.005765330977737904
Latency: 0.00561480806209147
Latency: 0.005832816008478403
Latency: 0.005623850040137768
Latency: 0.005840802099555731
Latency: 0.0058086640201509
Latency: 0.00586138479411602
Latency: 0.0056260270066559315
Latency: 0.005951608996838331
Latency: 0.006033613113686442
Latency: 0.005435158032923937
Latency: 0.006726559018716216
Latency: 0.005660536931827664
Latency: 0.00561027298681438
Latency: 0.005530036054551601
Latency: 0.005946720950305462
Latency: 0.00570854707621038
Latency: 0.005825798958539963
Latency: 0.005956619046628475
Latency: 0.005762389861047268
Latency: 0.0056775889825075865
Latency: 0.0057920359540730715
Latency: 0.005828211084008217
Latency: 0.00579251884482801
Latency: 0.005887045059353113
Latency: 0.005775639088824391
Latency: 0.006832933984696865
Latency: 0.005472717108204961
Latency: 0.005780213978141546
Latency: 0.005841959035024047
Latency: 0.00559638487175107
Latency: 0.005804073065519333
Latency: 0.006291195983067155
Latency: 0.005577082978561521
Latency: 0.005827033892273903
Latency: 0.005697065033018589
Latency: 0.005717742023989558
Latency: 0.005804428132250905
Latency: 0.005043538985773921
Latency: 0.004641707055270672
Latency: 0.005944709992036223
Latency: 0.005561231169849634
Latency: 0.005417240085080266
Latency: 0.007580784149467945
Latency: 0.005827788962051272
Latency: 0.005888017825782299
Latency: 0.005619762931019068
Latency: 0.005629453808069229
Latency: 0.005980138899758458
Latency: 0.005191017175093293
Latency: 0.005849556997418404
Latency: 0.0059179989621043205
Latency: 0.00583942886441946
Latency: 0.005630259867757559
Latency: 0.005925377830862999
Latency: 0.005904845194891095
Latency: 0.005758095998317003
Latency: 0.00530617986805737
Latency: 0.005948469042778015
Latency: 0.005918452981859446
Latency: 0.0070837801322340965
Latency: 0.005798133788630366
Latency: 0.020922881783917546
Latency: 0.005754007957875729
Latency: 0.006051864009350538
Latency: 0.0058761409018188715
Latency: 0.005833558039739728
Latency: 0.005757971899583936
Latency: 0.0060201589949429035
Latency: 0.005820553982630372
Latency: 0.00531989592127502
Latency: 0.00598900718614459
Latency: 0.00589493615552783
Latency: 0.005566011182963848
Latency: 0.005667062941938639
Latency: 0.005819824989885092
Latency: 0.005568980006501079
Latency: 0.005468791117891669
Latency: 0.006042904919013381
Latency: 0.005793638993054628
Latency: 0.0053359640296548605
Latency: 0.006213371874764562
Latency: 0.00541893788613379
Latency: 0.005773412995040417
Latency: 0.005845423089340329
Latency: 0.005859697004780173
Latency: 0.005814191186800599
Latency: 0.005616994109004736
Latency: 0.005812657997012138
Latency: 0.005812537856400013
Latency: 0.006602445850148797
Latency: 0.0057221699971705675
Latency: 0.0059665299486368895
Latency: 0.005771659081801772
Latency: 0.005682681920006871
Latency: 0.005298574222251773
Latency: 0.006036166101694107
Latency: 0.005833019036799669
Latency: 0.005512706004083157
Latency: 0.0061583928763866425
Latency: 0.006008612923324108
Latency: 0.005714505212381482
Latency: 0.005543623119592667
Latency: 0.005437655141577125
Latency: 0.0060278200544416904
Latency: 0.005965237971395254
Latency: 0.007516765967011452
Latency: 0.005914158886298537
Latency: 0.005549827823415399
Latency: 0.005528077948838472
Latency: 0.005959105910733342
Latency: 0.005543392151594162
Latency: 0.005863728001713753
Latency: 0.0059452608693391085
Latency: 0.005780747858807445
Latency: 0.005183623870834708
Latency: 0.005702211055904627
Latency: 0.00590755813755095
Latency: 0.005491124000400305
Latency: 0.005269377026706934
Latency: 0.0059052580036222935
Latency: 0.00569912395440042
Latency: 0.007082532159984112
Latency: 0.005212899995967746
Latency: 0.00535956397652626
Latency: 0.006062452914193273
Latency: 0.005842979997396469
Latency: 0.005435949889943004
Latency: 0.005660040071234107
Latency: 0.005855335155501962
Latency: 0.0056182448752224445
Latency: 0.005850620102137327
Latency: 0.00598595105111599
Latency: 0.00538398907519877
Latency: 0.005948800826445222
Latency: 0.0057970150373876095
Latency: 0.0059258099645376205
Latency: 0.0051740920171141624
Latency: 0.0059711451176553965
Latency: 0.007044341182336211
Latency: 0.005802233004942536
Latency: 0.005268230801448226
Latency: 0.005897716153413057
Latency: 0.005632528103888035
Latency: 0.005816921824589372
Latency: 0.005920716095715761
Latency: 0.005280219949781895
Latency: 0.00581855489872396
Latency: 0.005898898001760244
Latency: 0.005815312033519149
Latency: 0.00521427602507174
Latency: 0.006048949901014566
Latency: 0.005880876909941435
Latency: 0.0057184030301868916
Latency: 0.005347608122974634
Latency: 0.006034992868080735
Latency: 0.007031259126961231
Latency: 0.005579557968303561
Latency: 0.005408263998106122
Latency: 0.005851174937561154
Latency: 0.0057065479923039675
Latency: 0.005649886792525649
Latency: 0.005837604869157076
Latency: 0.0058064330369234085
Latency: 0.0055824569426476955
Latency: 0.005489439005032182
Latency: 0.005911130923777819
Latency: 0.005262844962999225
Latency: 0.005933202803134918
Latency: 0.005971903912723064
Latency: 0.005534525960683823
Latency: 0.005906444974243641
Latency: 0.005608516978099942
Latency: 0.005231108982115984
Latency: 0.005908770952373743
Latency: 0.005632622167468071
Latency: 0.005852278089150786
Latency: 0.005943170050159097
Latency: 0.005720812827348709
Latency: 0.00533229811117053
Latency: 0.005923549877479672
Latency: 0.0059315478429198265
Latency: 0.005596706876531243
Latency: 0.006020872155204415
Latency: 0.005547927925363183
Latency: 0.005905860103666782
Latency: 0.005645720986649394
Latency: 0.005499680992215872
Latency: 0.005936770932748914
Latency: 0.0069878490176051855
Latency: 0.005613474873825908
Latency: 0.0059186110738664865
Latency: 0.005401760106906295
Latency: 0.0054984979797154665
Latency: 0.005789833841845393
Latency: 0.005807162029668689
Latency: 0.005802741972729564
Latency: 0.005297883180901408
Latency: 0.005922026000916958
Latency: 0.005787869915366173
Latency: 0.005715259816497564
Latency: 0.0059644500724971294
Latency: 0.005934966960921884
Latency: 0.005763239925727248
Latency: 0.005736807128414512
Latency: 0.005933892913162708
Latency: 0.007078622002154589
Latency: 0.005872212117537856
Latency: 0.005671309074386954
Latency: 0.005509949987754226
Latency: 0.005925966193899512
Latency: 0.005196157144382596
Latency: 0.005985121009871364
Latency: 0.005783919943496585
Latency: 0.005186993163079023
Latency: 0.005623423960059881
Latency: 0.006172114983201027
Latency: 0.0055481321178376675
Latency: 0.005928067024797201
Latency: 0.005585773149505258
Latency: 0.005498639075085521
Latency: 0.005507364869117737
Latency: 0.006526444805786014
Latency: 0.005549107911065221
Latency: 0.0061697401106357574
Latency: 0.005810468923300505
Latency: 0.005327282007783651
Latency: 0.005336626898497343
Latency: 0.005952943116426468
Latency: 0.005777115933597088
Latency: 0.005273628979921341
Latency: 0.005978034809231758
Latency: 0.006008299998939037
Latency: 0.0056437230668962
Latency: 0.005507712950929999
Latency: 0.005930223036557436
Latency: 0.005835063988342881
Latency: 0.005629198160022497
Latency: 0.005632549058645964
Latency: 0.007215830963104963
Latency: 0.0053800169844180346
Latency: 0.005851896945387125
Latency: 0.0059731327928602695
Latency: 0.0060430048033595085
Latency: 0.005877808900550008
Latency: 0.0056409998796880245
Latency: 0.005280202953144908
Latency: 0.00589923607185483
Latency: 0.006027820985764265
Latency: 0.005630854982882738
Latency: 0.005670799873769283
Latency: 0.00590860890224576
Latency: 0.005404195049777627
Latency: 0.005899763898923993
Latency: 0.005926554789766669
Latency: 0.005588645115494728
Latency: 0.006103800144046545
Latency: 0.005547497188672423
Latency: 0.0055980749893933535
Latency: 0.005811732029542327
Latency: 0.005808125017210841
Latency: 0.00536213000304997
Latency: 0.0060319488402456045
Latency: 0.005844851024448872
Latency: 0.006065675988793373
Latency: 0.005807613953948021
Latency: 0.00594254513271153
Latency: 0.005864992970600724
Latency: 0.005822398001328111
Latency: 0.005260752979665995
Latency: 0.00569709506817162
Latency: 0.005951546132564545
Latency: 0.007161186076700687
Latency: 0.005566268926486373
Latency: 0.024006742052733898
Latency: 0.005435488186776638
Latency: 0.006032102974131703
Latency: 0.005679382011294365
Latency: 0.006070184987038374
Latency: 0.005784062203019857
Latency: 0.0059269440826028585
Latency: 0.005311273969709873
Latency: 0.00598106998950243
Latency: 0.0056512909941375256
Latency: 0.005744857015088201
Latency: 0.005997258936986327
Latency: 0.005489598028361797
Latency: 0.00554120889864862
Latency: 0.006006060168147087
Latency: 0.0055948649533092976
Latency: 0.006027508992701769
Latency: 0.005754004931077361
Latency: 0.005527070956304669
Latency: 0.0058284299448132515
Latency: 0.00548061216250062
Latency: 0.005875573027879
Latency: 0.005750810960307717
Latency: 0.005687860073521733
Latency: 0.005829995032399893
Latency: 0.006117976037785411
Latency: 0.0056537550408393145
Latency: 0.005272646900266409
Latency: 0.006853598868474364
Latency: 0.005943356081843376
Latency: 0.005371225997805595
Latency: 0.005884951911866665
Latency: 0.005877467803657055
Latency: 0.0053019290789961815
Latency: 0.00568414805456996
Latency: 0.005601912969723344
Latency: 0.006054891971871257
Latency: 0.005771238123998046
Latency: 0.005646588979288936
Latency: 0.005948313046246767
Latency: 0.005423228023573756
Latency: 0.0059373348485678434
Latency: 0.0055042169988155365
Latency: 0.005827520042657852
Latency: 0.007035620976239443
Latency: 0.005914448061957955
Latency: 0.005806650035083294
Latency: 0.005527928937226534
Latency: 0.005778750171884894
Latency: 0.005690209800377488
Latency: 0.005631033098325133
Latency: 0.005866762949153781
Latency: 0.005845995154231787
Latency: 0.005775263998657465
Latency: 0.005840547848492861
Latency: 0.005465071881189942
Latency: 0.00581725500524044
Latency: 0.005921842996031046
Latency: 0.005813319934532046
Latency: 0.006799452006816864
Latency: 0.005758192855864763
Latency: 0.005828596884384751
Latency: 0.005914501845836639
Latency: 0.005570861045271158
Latency: 0.005845784209668636
Latency: 0.005501986015588045
Latency: 0.005457019899040461
Latency: 0.0052816609386354685
Latency: 0.005699438042938709
Latency: 0.005759804975241423
Latency: 0.006085444008931518
Latency: 0.00574380112811923
Latency: 0.005633258959278464
Latency: 0.0058532890398055315
Latency: 0.005798506084829569
Latency: 0.0068419030867516994
Latency: 0.00539474212564528
Latency: 0.005667753051966429
Latency: 0.006026895018294454
Latency: 0.0056977830827236176
Latency: 0.005952591076493263
Latency: 0.005792687879875302
Latency: 0.005746376002207398
Latency: 0.005454907892271876
Latency: 0.00590506405569613
Latency: 0.0058034081012010574
Latency: 0.005424088099971414
Latency: 0.005951957078650594
Latency: 0.00577328191138804
Latency: 0.005555914016440511
Latency: 0.005471396027132869
Latency: 0.00712591502815485
Latency: 0.005712591111660004
Latency: 0.005809922004118562
Latency: 0.005899215117096901
Latency: 0.005640465067699552
Latency: 0.005791408009827137
Latency: 0.005847990047186613
Latency: 0.005210174014791846
Latency: 0.0061477189883589745
Latency: 0.005963193019852042
Latency: 0.005245187086984515
Latency: 0.005850743968039751
Latency: 0.005923585966229439
Latency: 0.005653936881572008
Latency: 0.006072771968320012
Latency: 0.005995932035148144
Latency: 0.005785804009065032
Latency: 0.007069517858326435
Latency: 0.005305727012455463
Latency: 0.006154386792331934
Latency: 0.005231835879385471
Latency: 0.006047437898814678
Latency: 0.005885133054107428
Latency: 0.005725448951125145
Latency: 0.005890358937904239
Latency: 0.005584889091551304
Latency: 0.005527124973013997
Latency: 0.005921580130234361
Latency: 0.005871917819604278
Latency: 0.005783420987427235
Latency: 0.005796305136755109
Latency: 0.0056807780638337135
Latency: 0.005750007927417755
Latency: 0.0058900888543576
Latency: 0.006742737954482436
Latency: 0.0059919198974967
Latency: 0.005503426073119044
Latency: 0.005837685894221067
Latency: 0.005942123010754585
Latency: 0.005630196072161198
Latency: 0.005900047020986676
Latency: 0.006360881961882114
Latency: 0.005367110949009657
Latency: 0.00562007213011384
Latency: 0.005521802930161357
Latency: 0.005958938971161842
Latency: 0.005779922008514404
Latency: 0.005697458982467651
Latency: 0.0056714999955147505
Latency: 0.005831580841913819
Latency: 0.006807951023802161
Latency: 0.005450873170047998
Latency: 0.005681512877345085
Latency: 0.006039250874891877
Latency: 0.00579875404946506
Latency: 0.005228891037404537
Latency: 0.005933569045737386
Latency: 0.005831545917317271
Latency: 0.005220176884904504
Latency: 0.005880120908841491
Latency: 0.005533453077077866
Latency: 0.005876884097233415
Latency: 0.005579252960160375
Latency: 0.005891927983611822
Latency: 0.006025222130119801
Latency: 0.005784794222563505
Latency: 0.005607549101114273
Latency: 0.005407901015132666
Latency: 0.0059313790407031775
Latency: 0.005803653039038181
Latency: 0.005886204075068235
Latency: 0.005786988185718656
Latency: 0.005164626985788345
Latency: 0.005900128977373242
Latency: 0.005917906994000077
Latency: 0.0058891549706459045
Latency: 0.005278685828670859
Latency: 0.005998263834044337
Latency: 0.00582780409604311
Latency: 0.005231352988630533
Latency: 0.005370341008529067
Latency: 0.005944808013737202
Latency: 0.00597801897674799
Latency: 0.007179752923548222
Latency: 0.005661200033500791
Latency: 0.005640191026031971
Latency: 0.005784556968137622
Latency: 0.005611391039565206
Latency: 0.005851091118529439
Latency: 0.005986667005345225
Latency: 0.005540021928027272
Latency: 0.00603954098187387
Latency: 0.00535396090708673
Latency: 0.00535764591768384
Latency: 0.00540190190076828
Latency: 0.006023037014529109
Latency: 0.005444220965728164
Latency: 0.005961245158687234
Latency: 0.005763079971075058
Latency: 0.006323580164462328
Latency: 0.006858028005808592
Latency: 0.005883560050278902
Latency: 0.005367581965401769
Latency: 0.006086129928007722
Latency: 0.005911068990826607
Latency: 0.005601268028840423
Latency: 0.005915392888709903
Latency: 0.005955253029242158
Latency: 0.00565107399597764
Latency: 0.005861893994733691
Latency: 0.005311165004968643
Latency: 0.006001112051308155
Latency: 0.005360031966120005
Latency: 0.006140965037047863
Latency: 0.005830642068758607
Latency: 0.005965120159089565
Latency: 0.0073412260971963406
Latency: 0.00594132486730814
Latency: 0.005800117971375585
Latency: 0.005785956047475338
Latency: 0.00559182302094996
Latency: 0.005530192982405424
Latency: 0.005917539820075035
Latency: 0.005334858084097505
Latency: 0.006038073915988207
Latency: 0.005814768141135573
Latency: 0.0055817600805312395
Latency: 0.005880899960175157
Latency: 0.005810479866340756
Latency: 0.005407592048868537
Latency: 0.005889046937227249
Latency: 0.005782974883913994
Latency: 0.005915314890444279
Latency: 0.006735610077157617
Latency: 0.022124029928818345
Latency: 0.006148983025923371
Latency: 0.006001146975904703
Latency: 0.005166247021406889
Latency: 0.0057954550720751286
Latency: 0.00592359178699553
Latency: 0.005437333835288882
Latency: 0.006012617843225598
Latency: 0.005421708105131984
Latency: 0.006000189110636711
Latency: 0.005774026038125157
Latency: 0.005489356117323041
Latency: 0.005780481034889817
Latency: 0.006476086098700762
Latency: 0.005703839007765055
Latency: 0.005745749920606613
Latency: 0.005863778991624713
Latency: 0.005270829191431403
Latency: 0.005696560954675078
Latency: 0.005569400964304805
Latency: 0.005804345011711121
Latency: 0.005733618978410959
Latency: 0.005827698856592178
Latency: 0.005896961083635688
Latency: 0.00572077208198607
Latency: 0.0054497080855071545
Latency: 0.005900817923247814
Latency: 0.00529880216345191
Latency: 0.005957579938694835
Latency: 0.005785648012533784
Latency: 0.005654618144035339
Latency: 0.00570553308352828
Latency: 0.005234033102169633
Latency: 0.005931538995355368
Latency: 0.005455143982544541
Latency: 0.0057876319624483585
Latency: 0.005278941011056304
Latency: 0.006057336926460266
Latency: 0.00547804101370275
Latency: 0.005893954075872898
Latency: 0.005751943215727806
Latency: 0.005607446189969778
Latency: 0.005964508978649974
Latency: 0.0055662759114056826
Latency: 0.00724376505240798
Latency: 0.005664166063070297
Latency: 0.0055946349166333675
Latency: 0.005761910928413272
Latency: 0.005777537124231458
Latency: 0.005656588822603226
Latency: 0.005888011073693633
Latency: 0.005861459067091346
Latency: 0.005688598845154047
Latency: 0.005929936189204454
Latency: 0.00582463201135397
Latency: 0.005919481860473752
Latency: 0.005646310979500413
Latency: 0.005945705808699131
Latency: 0.0058566308580338955
Latency: 0.006019552005454898
Latency: 0.005606646882370114
Latency: 0.0071613790933042765
Latency: 0.005895734066143632
Latency: 0.005647748010233045
Latency: 0.0063118780963122845
Latency: 0.005840284982696176
Latency: 0.005269334884360433
Latency: 0.005995410028845072
Latency: 0.005424741189926863
Latency: 0.005579309072345495
Latency: 0.00585547205992043
Latency: 0.005879095057025552
Latency: 0.005592582048848271
Latency: 0.005309134954586625
Latency: 0.005800903774797916
Latency: 0.0058665829710662365
Latency: 0.0053940098732709885
Latency: 0.007250496884807944
Latency: 0.005766812013462186
Latency: 0.005924406927078962
Latency: 0.00571018410846591
Latency: 0.005659232148900628
Latency: 0.005379645153880119
Latency: 0.005694932071492076
Latency: 0.005675549851730466
Latency: 0.005615348927676678
Latency: 0.005934952991083264
Latency: 0.005267750937491655
Latency: 0.005748804891481996
Latency: 0.005437606014311314
Latency: 0.005394475068897009
Latency: 0.005910200998187065
Latency: 0.0056557320058345795
Latency: 0.005564377177506685
Latency: 0.007493557874113321
Latency: 0.005630461033433676
Latency: 0.005193284945562482
Latency: 0.005963814910501242
Latency: 0.005563687067478895
Latency: 0.005644940072670579
Latency: 0.005844194209203124
Latency: 0.005995270097628236
Latency: 0.005763104883953929
Latency: 0.005896928021684289
Latency: 0.005886225029826164
Latency: 0.00560101680457592
Latency: 0.0055434079840779305
Latency: 0.005905807018280029
Latency: 0.005288220942020416
Latency: 0.005932603031396866
Latency: 0.005977320019155741
Latency: 0.00711191794835031
Latency: 0.005688973935320973
Latency: 0.005969469901174307
Latency: 0.005816912977024913
Latency: 0.005782415857538581
Latency: 0.0057652899995446205
Latency: 0.005563725950196385
Latency: 0.005896758055314422
Latency: 0.0057768740225583315
Latency: 0.0058962281327694654
Latency: 0.005402921931818128
Latency: 0.005892153130844235
Latency: 0.005204657092690468
Latency: 0.005744579015299678
Latency: 0.0060677919536828995
Latency: 0.005692543927580118
Latency: 0.007105818949639797
Latency: 0.005155749851837754
Latency: 0.00604442204348743
Latency: 0.013242616085335612
Latency: 0.0057356690522283316
Latency: 0.005918601993471384
Latency: 0.006212309002876282
Latency: 0.005253636976704001
Latency: 0.006053641904145479
Latency: 0.005805383902043104
Latency: 0.005641772877424955
Latency: 0.005922634853050113
Latency: 0.005869976943358779
Latency: 0.005236495053395629
Latency: 0.005517805926501751
Latency: 0.006044781068339944
Latency: 0.005928344093263149
Latency: 0.005569495027884841
Latency: 0.005816971184685826
Latency: 0.005782444030046463
Latency: 0.005585065810009837
Latency: 0.005903484998270869
Latency: 0.005561444908380508
Latency: 0.005315340822562575
Latency: 0.005931608844548464
Latency: 0.005939306924119592
Latency: 0.0058510578237473965
Latency: 0.005210012895986438
Latency: 0.005896228831261396
Latency: 0.005853370064869523
Latency: 0.005941082956269383
Latency: 0.005619089817628264
Latency: 0.005954548949375749
Latency: 0.006034346064552665
Latency: 0.007158943917602301
Latency: 0.005192604148760438
Latency: 0.006085569970309734
Latency: 0.0061090069357305765
Latency: 0.005744596943259239
Latency: 0.005913164932280779
Latency: 0.005856869975104928
Latency: 0.005818825913593173
Latency: 0.005910877836868167
Latency: 0.006065384950488806
Latency: 0.005584486061707139
Latency: 0.00560107990168035
Latency: 0.006102232029661536
Latency: 0.005827898858115077
Latency: 0.005811840062960982
Latency: 0.005294447997584939
Latency: 0.0057860680390149355
Latency: 0.005708934972062707
Latency: 0.005811707815155387
Latency: 0.0051990950014442205
Latency: 0.006144525017589331
Latency: 0.005897998111322522
Latency: 0.005820623133331537
Latency: 0.005540192127227783
Latency: 0.0055559659376740456
Latency: 0.0059317899867892265
Latency: 0.005808043060824275
Latency: 0.005617561051622033
Latency: 0.0056653611827641726
Latency: 0.00583338993601501
Latency: 0.005916228983551264
Latency: 0.005321335978806019
Latency: 0.005866998108103871
Latency: 0.008380817947909236
Latency: 0.00671419408172369
Latency: 0.005216202000156045
Latency: 0.005630034953355789
Latency: 0.005973586114123464
Latency: 0.005706900963559747
Latency: 0.0058763239067047834
Latency: 0.005440915003418922
Latency: 0.005707980133593082
Latency: 0.005696559092029929
Latency: 0.0058852459769696
Latency: 0.005555736133828759
Latency: 0.00595933897420764
Latency: 0.005703816888853908
Latency: 0.005986677948385477
Latency: 0.005904473131522536
Latency: 0.00712737487629056
Latency: 0.0058771108742803335
Latency: 0.005560191115364432
Latency: 0.006075131939724088
Latency: 0.005993383936583996
Latency: 0.005363598931580782
Latency: 0.0058759539388120174
Latency: 0.0059134450275450945
Latency: 0.005810115020722151
Latency: 0.005306912120431662
Latency: 0.005995676852762699
Latency: 0.005597054958343506
Latency: 0.0054157201666384935
Latency: 0.005342365941032767
Latency: 0.005749579984694719
Latency: 0.005906605860218406
Latency: 0.006699033081531525
Latency: 0.0057956918608397245
Latency: 0.006091506918892264
Latency: 0.006491129053756595
Latency: 0.005191931035369635
Latency: 0.005990356206893921
Latency: 0.005802355939522386
Latency: 0.005560080986469984
Latency: 0.005502769025042653
Latency: 0.006013571051880717
Latency: 0.005565722938627005
Latency: 0.0059869010001420975
Latency: 0.005824234802275896
Latency: 0.00591511488892138
Latency: 0.00574107002466917
Latency: 0.005558654898777604
Latency: 0.006042369874194264
Latency: 0.006974132033064961
Latency: 0.00566592114046216
Latency: 0.024814858799800277
Latency: 0.005474967882037163
Latency: 0.005817099008709192
Latency: 0.005656784866005182
Latency: 0.0056161340326070786
Latency: 0.005722419125959277
Latency: 0.005797714926302433
Latency: 0.005659661954268813
Latency: 0.005599807947874069
Latency: 0.005850951885804534
Latency: 0.005691136932000518
Latency: 0.005657835863530636
Latency: 0.00579386786557734
Latency: 0.0058095818385481834
Latency: 0.005781986052170396
Latency: 0.005572661990299821
Latency: 0.005961329909041524
Latency: 0.006029206095263362
Latency: 0.005554059986025095
Latency: 0.006011140998452902
Latency: 0.005845765117555857
Latency: 0.005732897901907563
Latency: 0.0058527057990431786
Latency: 0.005772918928414583
Latency: 0.0058917098212987185
Latency: 0.005751330871134996
Latency: 0.005616697017103434
Latency: 0.005700022913515568
Latency: 0.005398998036980629
Latency: 0.005988935939967632
Latency: 0.005544613115489483
Latency: 0.005749365082010627
Latency: 0.005987640004605055
Latency: 0.005850114859640598
Latency: 0.00559051102027297
Latency: 0.005856841104105115
Latency: 0.005351777886971831
Latency: 0.005674401065334678
Latency: 0.005794696044176817
Latency: 0.005717857973650098
Latency: 0.006018459098413587
Latency: 0.005766646005213261
Latency: 0.005800989922136068
Latency: 0.007097759982571006
Latency: 0.005895240930840373
Latency: 0.0056269539054483175
Latency: 0.005529887042939663
Latency: 0.005901002092286944
Latency: 0.005717030027881265
Latency: 0.005918014096096158
Latency: 0.005570612847805023
Latency: 0.0056021499913185835
Latency: 0.005850114161148667
Latency: 0.005773792043328285
Latency: 0.006008428055793047
Latency: 0.005598082905635238
Latency: 0.0060124930460006
Latency: 0.005826395004987717
Latency: 0.006171653047204018
Latency: 0.007298905169591308
Latency: 0.005583129124715924
Latency: 0.0058779651299119
Latency: 0.005966255208477378
Latency: 0.005747052142396569
Latency: 0.0060761598870158195
Latency: 0.005951459985226393
Latency: 0.005580851109698415
Latency: 0.005951122147962451
Latency: 0.0053274789825081825
Latency: 0.0057579330168664455
Latency: 0.006171046057716012
Latency: 0.005824767053127289
Latency: 0.005763151915743947
Latency: 0.0059163139667361975
Latency: 0.005864836974069476
Latency: 0.005726112052798271
Latency: 0.0069871938321739435
Latency: 0.005492636002600193
Latency: 0.005510925082489848
Latency: 0.0059124750550836325
Latency: 0.005860744044184685
Latency: 0.005834420910105109
Latency: 0.006073802011087537
Latency: 0.005615890026092529
Latency: 0.005967330187559128
Latency: 0.00581148499622941
Latency: 0.005819340003654361
Latency: 0.005620632786303759
Latency: 0.005933003034442663
Latency: 0.005840524099767208
Latency: 0.005923437885940075
Latency: 0.005822157021611929
Latency: 0.007109754951670766
Latency: 0.005563057959079742
Latency: 0.005820755148306489
Latency: 0.005858463933691382
Latency: 0.005712496116757393
Latency: 0.00583616504445672
Latency: 0.0059215049259364605
Latency: 0.005650111008435488
Latency: 0.0058270839508622885
Latency: 0.00580836390145123
Latency: 0.005164158996194601
Latency: 0.00584946502931416
Latency: 0.005510710878297687
Latency: 0.005860754055902362
Latency: 0.005175709025934339
Latency: 0.005964788142591715
Latency: 0.005899916868656874
Latency: 0.007029979955404997
Latency: 0.005599750904366374
Latency: 0.005340858129784465
Latency: 0.006194298854097724
Latency: 0.0056039991322904825
Latency: 0.005394294857978821
Latency: 0.00606248015537858
Latency: 0.005854301853105426
Latency: 0.005598512943834066
Latency: 0.005937183974310756
Latency: 0.005785885965451598
Latency: 0.005378209054470062
Latency: 0.005979365902021527
Latency: 0.005738063948228955
Latency: 0.00575087801553309
Latency: 0.005793845048174262
Latency: 0.005742508918046951
Latency: 0.005544665968045592
Latency: 0.0058107099030166864
Latency: 0.0053198738023638725
Latency: 0.005901996977627277
Latency: 0.005899735959246755
Latency: 0.005566823994740844
Latency: 0.005367866018787026
Latency: 0.005896239075809717
Latency: 0.005896826973184943
Latency: 0.005281149875372648
Latency: 0.0055069399531930685
Latency: 0.005955926841124892
Latency: 0.005432104924693704
Latency: 0.005966302938759327
Latency: 0.005825472064316273
Latency: 0.006958523066714406
Latency: 0.005560782039538026
Latency: 0.005985484924167395
Latency: 0.005286234896630049
Latency: 0.005732284858822823
Latency: 0.005552244838327169
Latency: 0.005910730920732021
Latency: 0.005722961854189634
Latency: 0.005974664818495512
Latency: 0.006397241028025746
Latency: 0.005343401106074452
Latency: 0.006072669057175517
Latency: 0.005749913863837719
Latency: 0.005805411841720343
Latency: 0.005906029837206006
Latency: 0.005595858907327056
Latency: 0.0058439199347049
Latency: 0.007045241072773933
Latency: 0.006048090057447553
Latency: 0.005715939914807677
Latency: 0.005814591888338327
Latency: 0.005770675139501691
Latency: 0.005584886996075511
Latency: 0.005844112019985914
Latency: 0.005841178121045232
Latency: 0.005604589823633432
Latency: 0.005668269004672766
Latency: 0.006081277038902044
Latency: 0.005738281179219484
Latency: 0.005752430064603686
Latency: 0.005652365041896701
Latency: 0.00589367188513279
Latency: 0.005895548965781927
Latency: 0.007082406897097826
Latency: 0.005777565063908696
Latency: 0.005776410922408104
Latency: 0.0059012549463659525
Latency: 0.005649602971971035
Latency: 0.0058532590046525
Latency: 0.005346446996554732
Latency: 0.005749415839090943
Latency: 0.005736712133511901
Latency: 0.005832928000018001
Latency: 0.006085423985496163
Latency: 0.00556623307056725
Latency: 0.005678270943462849
Latency: 0.0058210729621350765
Latency: 0.005420817993581295
Latency: 0.005871335975825787
Latency: 0.007065420038998127
Latency: 0.005531526869162917
Latency: 0.005611154017969966
Latency: 0.005568176042288542
Latency: 0.005882620112970471
Latency: 0.0056727619376033545
Latency: 0.005811173934489489
Latency: 0.005947857163846493
Latency: 0.005620366893708706
Latency: 0.005921351024881005
Latency: 0.005968007957562804
Latency: 0.005607170984148979
Latency: 0.006023404886946082
Latency: 0.005739226937294006
Latency: 0.00594708789139986
Latency: 0.0059413479175418615
Latency: 0.005355435889214277
Latency: 0.005829957081004977
Latency: 0.005929605104029179
Latency: 0.005207371897995472
Latency: 0.005919079063460231
Latency: 0.0055273298639804125
Latency: 0.005904858931899071
Latency: 0.005355951143428683
Latency: 0.0059647278394550085
Latency: 0.005883191945031285
Latency: 0.005486526992172003
Latency: 0.005852898117154837
Latency: 0.006243953015655279
Latency: 0.005439617205411196
Latency: 0.006096998928114772
Latency: 0.005271487170830369
Latency: 0.005307199899107218
Latency: 0.005256806965917349
Latency: 0.005984468851238489
Latency: 0.00523407687433064
Latency: 0.005982814123854041
Latency: 0.005832521012052894
Latency: 0.005659447051584721
Latency: 0.005677698878571391
Latency: 0.005412996979430318
Latency: 0.005988522199913859
Latency: 0.005466801812872291
Latency: 0.0059650130569934845
Latency: 0.0056420930195599794
Latency: 0.005851380992680788
Latency: 0.005207675974816084
Latency: 0.005961585091426969
Latency: 0.005426960065960884
Latency: 0.007096441928297281
Latency: 0.005292978836223483
Latency: 0.005453325808048248
Latency: 0.00563161913305521
Latency: 0.005942762829363346
Latency: 0.005920381983742118
Latency: 0.005257833981886506
Latency: 0.0056715349201112986
Latency: 0.005852055037394166
Latency: 0.006048443028703332
Latency: 0.005194155965000391
Latency: 0.005888566141948104
Latency: 0.005836358061060309
Latency: 0.005476291058585048
Latency: 0.00530044105835259
Latency: 0.005758281098678708
Latency: 0.005974126048386097
Latency: 0.006707231048494577
Latency: 0.005779911996796727
Latency: 0.02630125777795911
Latency: 0.0057403589598834515
Latency: 0.005604265024885535
Latency: 0.005678919143974781
Latency: 0.005823988933116198
Latency: 0.006056099897250533
Latency: 0.005896547809243202
Latency: 0.00577839114703238
Latency: 0.005198837956413627
Latency: 0.0058610159903764725
Latency: 0.0057383200619369745
Latency: 0.005432208999991417
Latency: 0.0056612270418554544
Latency: 0.005393402883782983
Latency: 0.005420147906988859
Latency: 0.005506222136318684
Latency: 0.005928488913923502
Latency: 0.005202112020924687
Latency: 0.005801324965432286
Latency: 0.005876043811440468
Latency: 0.005365184973925352
Latency: 0.005942231044173241
Latency: 0.005402174079790711
Latency: 0.005977796157822013
Latency: 0.00553599395789206
Latency: 0.005768544040620327
Latency: 0.006009775912389159
Latency: 0.006749883061274886
Latency: 0.005576835013926029
Latency: 0.005842362996190786
Latency: 0.005765899084508419
Latency: 0.005646720994263887
Latency: 0.005496165016666055
Latency: 0.005957001121714711
Latency: 0.005824641091749072
Latency: 0.005586436949670315
Latency: 0.005456511164084077
Latency: 0.005869532003998756
Latency: 0.005411552032455802
Latency: 0.005281351041048765
Latency: 0.005935072200372815
Latency: 0.005652820924296975
Latency: 0.005870455875992775
Latency: 0.007054638117551804
Latency: 0.005691117141395807
Latency: 0.005907237995415926
Latency: 0.005874737864360213
Latency: 0.005663848947733641
Latency: 0.005832914030179381
Latency: 0.005816612858325243
Latency: 0.005817170953378081
Latency: 0.0058408870827406645
Latency: 0.005805249093100429
Latency: 0.005491856951266527
Latency: 0.006286093965172768
Latency: 0.005541346035897732
Latency: 0.005818231031298637
Latency: 0.005470547126606107
Latency: 0.005705319810658693
Latency: 0.006625402020290494
Latency: 0.005829824134707451
Latency: 0.00540882395580411
Latency: 0.005910699022933841
Latency: 0.005802828120067716
Latency: 0.00562415411695838
Latency: 0.005780695006251335
Latency: 0.005788126960396767
Latency: 0.005544179119169712
Latency: 0.0058455150574445724
Latency: 0.005793740041553974
Latency: 0.005718531087040901
Latency: 0.005856907926499844
Latency: 0.005831704009324312
Latency: 0.005213533993810415
Latency: 0.0059393278788775206
Latency: 0.005277617136016488
Latency: 0.00581629597581923
Latency: 0.007248600013554096
Latency: 0.0060381300281733274
Latency: 0.005894652102142572
Latency: 0.005894513102248311
Latency: 0.005760835949331522
Latency: 0.005695811007171869
Latency: 0.005973397986963391
Latency: 0.005852430826053023
Latency: 0.005650470033288002
Latency: 0.005948812933638692
Latency: 0.00580657203681767
Latency: 0.005732315126806498
Latency: 0.005765343084931374
Latency: 0.0058070579543709755
Latency: 0.005734733073040843
Latency: 0.00592785282060504
Latency: 0.00571108004078269
Latency: 0.005889558931812644
Latency: 0.005855922121554613
Latency: 0.0057800281792879105
Latency: 0.00585604109801352
Latency: 0.005924538942053914
Latency: 0.00554370298050344
Latency: 0.005986227886751294
Latency: 0.006119190016761422
Latency: 0.005721753928810358
Latency: 0.005953758955001831
Latency: 0.005461927969008684
Latency: 0.0056062929797917604
Latency: 0.005725088994950056
Latency: 0.005843057995662093
Latency: 0.005502023035660386
Latency: 0.005899566924199462
Latency: 0.00708788214251399
Latency: 0.0071088410913944244
Latency: 0.006766311125829816
Latency: 0.005820880876854062
Latency: 0.0056849210523068905
Latency: 0.005891637876629829
Latency: 0.006224083947017789
Latency: 0.005494761047884822
Latency: 0.0060020689852535725
Latency: 0.005836373893544078
Latency: 0.005849291803315282
Latency: 0.005490581970661879
Latency: 0.005893697962164879
Latency: 0.0059667949099093676
Latency: 0.005607553059235215
Latency: 0.005890025990083814
Latency: 0.0060457829385995865
Latency: 0.007022805046290159
Latency: 0.005362885072827339
Latency: 0.00563142797909677
Latency: 0.005877968156710267
Latency: 0.00581138813868165
Latency: 0.005571589106693864
Latency: 0.005903890123590827
Latency: 0.006004921859130263
Latency: 0.005670216865837574
Latency: 0.005644717952236533
Latency: 0.005916939117014408
Latency: 0.006101710954681039
Latency: 0.005772576900199056
Latency: 0.005751701071858406
Latency: 0.005837481003254652
Latency: 0.0059104422107338905
Latency: 0.006525164935737848
Latency: 0.005717297084629536
Latency: 0.005875108065083623
Latency: 0.005429795943200588
Latency: 0.005931837949901819
Latency: 0.005661946022883058
Latency: 0.005811096169054508
Latency: 0.005889725871384144
Latency: 0.0056163298431783915
Latency: 0.005824886029586196
Latency: 0.00584506313316524
Latency: 0.005669043166562915
Latency: 0.005744643975049257
Latency: 0.00580748007632792
Latency: 0.005839582998305559
Latency: 0.005867487983778119
Latency: 0.005393396830186248
Latency: 0.005718298954889178
Latency: 0.005924297031015158
Latency: 0.005538686877116561
Latency: 0.005795922130346298
Latency: 0.005824794061481953
Latency: 0.005792155163362622
Latency: 0.005672462051734328
Latency: 0.006011656951159239
Latency: 0.0059785370249301195
Latency: 0.005700465990230441
Latency: 0.005856970092281699
Latency: 0.005826476030051708
Latency: 0.0054663619957864285
Latency: 0.0059216259978711605
Latency: 0.005702205002307892
Latency: 0.005832303082570434
Latency: 0.006717222044244409
Latency: 0.005918283946812153
Latency: 0.005614574067294598
Latency: 0.005833104019984603
Latency: 0.0055797521490603685
Latency: 0.005854496033862233
Latency: 0.006033221958205104
Latency: 0.005797673016786575
Latency: 0.005580329801887274
Latency: 0.0066557389218360186
Latency: 0.005632932996377349
Latency: 0.005860651843249798
Latency: 0.0060652680695056915
Latency: 0.005842834012582898
Latency: 0.006014472804963589
Latency: 0.005868447944521904
Latency: 0.007236388977617025
Latency: 0.005677490029484034
Latency: 0.005750182084739208
Latency: 0.005595955066382885
Latency: 0.005594543879851699
Latency: 0.005817426834255457
Latency: 0.0059935119934380054
Latency: 0.00542610208503902
Latency: 0.005895972019061446
Latency: 0.005902975099161267
Latency: 0.0056195680517703295
Latency: 0.00584087404422462
Latency: 0.005850824061781168
Latency: 0.00591720687225461
Latency: 0.005931738996878266
Latency: 0.005565399071201682
Latency: 0.007035763002932072
Latency: 0.005592060973867774
Latency: 0.0057415529154241085
Latency: 0.005574490176513791
Latency: 0.005642208969220519
Latency: 0.006011774996295571
Latency: 0.005822047125548124
Latency: 0.005845693172886968
Latency: 0.005496620899066329
Latency: 0.00584680400788784
Latency: 0.005796078825369477
Latency: 0.005244616884738207
Latency: 0.005864802049472928
Latency: 0.0059099451173096895
Latency: 0.006093454081565142
Latency: 0.005758967017754912
Latency: 0.007397467968985438
Latency: 0.005629512015730143
Latency: 0.005894409026950598
Latency: 0.005798208061605692
Latency: 0.005554963834583759
Latency: 0.0055185549426823854
Latency: 0.005987090989947319
Latency: 0.005206328118219972
Latency: 0.00577798904851079
Latency: 0.0058022600132972
Latency: 0.005869199056178331
Latency: 0.00521694403141737
Latency: 0.005971302045509219
Latency: 0.005818763980641961
Latency: 0.005683636059984565
Latency: 0.005732477176934481
Latency: 0.006025426089763641
Latency: 0.006755164125934243
Latency: 0.005590887973085046
Latency: 0.005862941965460777
Latency: 0.005836284952238202
Latency: 0.0055754070635885
Latency: 0.0060414711479097605
Latency: 0.005835835821926594
Latency: 0.005926134996116161
Latency: 0.005631027976050973
Latency: 0.005851343972608447
Latency: 0.005826059030368924
Latency: 0.005604430800303817
Latency: 0.005657569970935583
Latency: 0.005924189928919077
Latency: 0.005782287800684571
Latency: 0.0058142070192843676
Latency: 0.006970982067286968
Latency: 0.005420657806098461
Latency: 0.005345863988623023
Latency: 0.005922212963923812
Latency: 0.005617551971226931
Latency: 0.005896789953112602
Latency: 0.0058156829327344894
Latency: 0.005595382070168853
Latency: 0.005645024124532938
Latency: 0.005942018935456872
Latency: 0.005863311002030969
Latency: 0.005800181999802589
Latency: 0.005624350858852267
Latency: 0.005802589934319258
Latency: 0.0057488358579576015
Latency: 0.005845570936799049
Latency: 0.00546461995691061
Latency: 0.02796992496587336
Latency: 0.005734259961172938
Latency: 0.0059556481428444386
Latency: 0.005791783099994063
Latency: 0.0058713259641081095
Latency: 0.006024037953466177
Latency: 0.00582121592015028
Latency: 0.0058164449874311686
Latency: 0.0054689880926162004
Latency: 0.005849824985489249
Latency: 0.005875732051208615
Latency: 0.005735122133046389
Latency: 0.006920842919498682
Latency: 0.005874641006812453
Latency: 0.005231998860836029
Latency: 0.00594312883913517
Latency: 0.005297407973557711
Latency: 0.005845667095854878
Latency: 0.005878211930394173
Latency: 0.005890177097171545
Latency: 0.005894477013498545
Latency: 0.005611976142972708
Latency: 0.005745334085077047
Latency: 0.0059255510568618774
Latency: 0.005758113926276565
Latency: 0.00557262497022748
Latency: 0.0057453380431979895
Latency: 0.007014326984062791
Latency: 0.005780406063422561
Latency: 0.0058032129891216755
Latency: 0.005403522867709398
Latency: 0.005676051136106253
Latency: 0.005851618945598602
Latency: 0.005815283861011267
Latency: 0.00559443305246532
Latency: 0.005960358073934913
Latency: 0.006044293055310845
Latency: 0.00530336401425302
Latency: 0.00578120001591742
Latency: 0.005928406957536936
Latency: 0.005841156002134085
Latency: 0.005446135997772217
Latency: 0.005612201057374477
Latency: 0.005757178878411651
Latency: 0.0070854059886187315
Latency: 0.0054031910840421915
Latency: 0.006047457922250032
Latency: 0.00584658095613122
Latency: 0.005564873805269599
Latency: 0.01303997915238142
Latency: 0.00566024798899889
Latency: 0.005671211984008551
Latency: 0.005848022876307368
Latency: 0.005913998000323772
Latency: 0.0053631088230758905
Latency: 0.00654607405886054
Latency: 0.005614189896732569
Latency: 0.0057932299096137285
