Latency: 0.016024006996303797
Latency: 0.017442014068365097
Latency: 0.017512856051325798
Latency: 0.017751378007233143
Latency: 0.017696097027510405
Latency: 0.01879339199513197
Latency: 0.01765227015130222
Latency: 0.017721939831972122
Latency: 0.01778497500345111
Latency: 0.018294309033080935
Latency: 0.01767263887450099
Latency: 0.01771293510682881
Latency: 0.017760142916813493
Latency: 0.017499159090220928
Latency: 0.01763925701379776
Latency: 0.016716795973479748
Latency: 0.017616632860153913
Latency: 0.017721852054819465
Latency: 0.017619434976950288
Latency: 0.01788160321302712
Latency: 0.017497012158855796
Latency: 0.017461011884734035
Latency: 0.017693799920380116
Latency: 0.01804468617774546
Latency: 0.017154567874968052
Latency: 0.019130484899505973
Latency: 0.018846534891054034
Latency: 0.020777123980224133
Latency: 0.01879219990223646
Latency: 0.01882398617453873
Latency: 0.018755693919956684
Latency: 0.019707856001332402
Latency: 0.017718349117785692
Latency: 0.017527865013107657
Latency: 0.01701457519084215
Latency: 0.01742645096965134
Latency: 0.0179549811873585
Latency: 0.015461718896403909
Latency: 0.016025349032133818
Latency: 0.017768607009202242
Latency: 0.017772848950698972
Latency: 0.0197345910128206
Latency: 0.017576256999745965
Latency: 0.017624495085328817
Latency: 0.015591544099152088
Latency: 0.017782671842724085
Latency: 0.016430921852588654
Latency: 0.018377045169472694
Latency: 0.016975993989035487
Latency: 0.01658018887974322
Latency: 0.01797188399359584
Latency: 0.015447415178641677
Latency: 0.017824460985139012
Latency: 0.015512451995164156
Latency: 0.018992047989740968
Latency: 0.016755583928897977
Latency: 0.016027310863137245
Latency: 0.017069432884454727
Latency: 0.016743754036724567
Latency: 0.015545206144452095
Latency: 0.018739757128059864
Latency: 0.030726114055141807
Latency: 0.01698176609352231
Latency: 0.01650187000632286
Latency: 0.01753134001046419
Latency: 0.015285576926544309
Latency: 0.015479140914976597
Latency: 0.015369656961411238
Latency: 0.016409979900345206
Latency: 0.01666280091740191
Latency: 0.01688335812650621
Latency: 0.01686750794760883
Latency: 0.016683069057762623
Latency: 0.017732999054715037
Latency: 0.015442181145772338
Latency: 0.018196396064013243
Latency: 0.018646689830347896
Latency: 0.015367706073448062
Latency: 0.018698913976550102
Latency: 0.01645149290561676
Latency: 0.018369926139712334
Latency: 0.015346436994150281
Latency: 0.018635266926139593
Latency: 0.017560206120833755
Latency: 0.015376332914456725
Latency: 0.017296281876042485
Latency: 0.016803389182314277
Latency: 0.016934131970629096
Latency: 0.0164941328112036
Latency: 0.016629866091534495
Latency: 0.016533366171643138
Latency: 0.016511155990883708
Latency: 0.015590746887028217
Latency: 0.01844582101330161
Latency: 0.016345364041626453
Latency: 0.01667103497311473
Latency: 0.015412924811244011
Latency: 0.016660942928865552
Latency: 0.015502507099881768
Latency: 0.018272798974066973
Latency: 0.01861663185991347
Latency: 0.018130321986973286
Latency: 0.028617555974051356
Latency: 0.016562532167881727
Latency: 0.015336754964664578
Latency: 0.019154589856043458
Latency: 0.016796807991340756
Latency: 0.016744310036301613
Latency: 0.017446671146899462
Latency: 0.01647873898036778
Latency: 0.01600230415351689
Latency: 0.01885225996375084
Latency: 0.016483980929479003
Latency: 0.016114229103550315
Latency: 0.016750751994550228
Latency: 0.017012972151860595
Latency: 0.01784186391159892
Latency: 0.015432077925652266
Latency: 0.01781827607192099
Latency: 0.016677359119057655
Latency: 0.016831173095852137
Latency: 0.01511400006711483
Latency: 0.01906799804419279
Latency: 0.01666403003036976
Latency: 0.017802500165998936
Latency: 0.015346701024100184
Latency: 0.016970888013020158
Latency: 0.01655998593196273
Latency: 0.018783190054818988
Latency: 0.01540520810522139
Latency: 0.017359157791361213
Latency: 0.015195810934528708
Latency: 0.01777420798316598
Latency: 0.016348141012713313
Latency: 0.017859560903161764
Latency: 0.015573997050523758
Latency: 0.016704136971384287
Latency: 0.015506993047893047
Latency: 0.01869064592756331
Latency: 0.01679396885447204
Latency: 0.01650595315732062
Latency: 0.01844226405955851
Latency: 0.03131607687100768
Latency: 0.01555564091540873
Latency: 0.015385947190225124
Latency: 0.019447101978585124
Latency: 0.015478946967050433
Latency: 0.016917011002078652
Latency: 0.01695578289218247
Latency: 0.017710171872749925
Latency: 0.015307073015719652
Latency: 0.018569617066532373
Latency: 0.015386610059067607
Latency: 0.01644096802920103
Latency: 0.017053291900083423
Latency: 0.01695813611149788
Latency: 0.017770582111552358
Latency: 0.01537817413918674
Latency: 0.01662328513339162
Latency: 0.016581303905695677
Latency: 0.016516624949872494
Latency: 0.018339134054258466
Latency: 0.015506513882428408
Latency: 0.017295558005571365
Latency: 0.019694183953106403
Latency: 0.016541056102141738
Latency: 0.015507683856412768
Latency: 0.018142570974305272
Latency: 0.015416025882586837
Latency: 0.016662580193951726
Latency: 0.015455687884241343
Latency: 0.019925198052078485
Latency: 0.01677015097811818
Latency: 0.015421174000948668
Latency: 0.01540189003571868
Latency: 0.015329041983932257
Latency: 0.0178162669762969
Latency: 0.016363513190299273
Latency: 0.017941155936568975
Latency: 0.015378501964733005
Latency: 0.017896713921800256
Latency: 0.015264007961377501
Latency: 0.030414415057748556
Latency: 0.016565560828894377
Latency: 0.015414552064612508
Latency: 0.01620805007405579
Latency: 0.016495455987751484
Latency: 0.01711382600478828
Latency: 0.016693355981260538
Latency: 0.01628025691024959
Latency: 0.015216142870485783
Latency: 0.01779080298729241
Latency: 0.015398623188957572
Latency: 0.01761193689890206
Latency: 0.015435485867783427
Latency: 0.018677003914490342
Latency: 0.017607640940696
Latency: 0.015331692062318325
Latency: 0.01670880289748311
Latency: 0.01626452710479498
Latency: 0.018268910003826022
Latency: 0.01665295986458659
Latency: 0.016462343046441674
Latency: 0.015348774148151278
Latency: 0.01756431395187974
Latency: 0.0182981810066849
Latency: 0.016475548967719078
Latency: 0.01785478205420077
Latency: 0.015415865927934647
Latency: 0.015402615070343018
Latency: 0.016825954895466566
Latency: 0.01708581787534058
Latency: 0.01537973410449922
Latency: 0.019065274856984615
Latency: 0.015450687147676945
Latency: 0.019140927121043205
Latency: 0.017013682052493095
Latency: 0.016686428105458617
Latency: 0.018240805948153138
Latency: 0.015448319958522916
Latency: 0.0155191570520401
Latency: 0.017908620880916715
Latency: 0.016275683185085654
Latency: 0.017579190898686647
Latency: 0.015366028994321823
Latency: 0.01771447015926242
Latency: 0.01530005899257958
Latency: 0.018240350065752864
Latency: 0.017584301065653563
Latency: 0.01663775905035436
Latency: 0.016787332016974688
Latency: 0.015285668894648552
Latency: 0.018508610082790256
Latency: 0.016214848030358553
Latency: 0.015302552143111825
Latency: 0.01850912906229496
Latency: 0.01550369500182569
Latency: 0.018926752964034677
Latency: 0.015317671000957489
Latency: 0.016622106079012156
Latency: 0.01649031206034124
Latency: 0.01890819612890482
Latency: 0.015548878815025091
Latency: 0.018424089066684246
Latency: 0.016561715863645077
Latency: 0.018377861008048058
Latency: 0.016418114071711898
Latency: 0.016779776895418763
Latency: 0.015327077126130462
Latency: 0.018080593086779118
Latency: 0.01558880996890366
Latency: 0.018432134995236993
Latency: 0.01866363105364144
Latency: 0.01555369095876813
Latency: 0.016731661977246404
Latency: 0.016575039830058813
Latency: 0.017345075961202383
Latency: 0.015688257990404963
Latency: 0.01806228910572827
Latency: 0.019160088850185275
Latency: 0.01657357905060053
Latency: 0.01679640100337565
Latency: 0.015447134850546718
Latency: 0.03344807494431734
Latency: 0.01646562502719462
Latency: 0.015322147868573666
Latency: 0.019305028021335602
Latency: 0.01647457806393504
Latency: 0.01665000501088798
Latency: 0.017008614959195256
Latency: 0.016677621053531766
Latency: 0.01772817992605269
Latency: 0.015348691027611494
Latency: 0.016357637010514736
Latency: 0.01844351296313107
Latency: 0.0169391930103302
Latency: 0.017006342997774482
Latency: 0.01760663907043636
Latency: 0.015466055134311318
Latency: 0.017966384068131447
Latency: 0.015391390072181821
Latency: 0.016443183179944754
Latency: 0.01739061693660915
Latency: 0.017624021973460913
Latency: 0.020197527948766947
Latency: 0.01710562501102686
Latency: 0.015488589880988002
Latency: 0.01738836709409952
Latency: 0.02006818214431405
Latency: 0.01520127197727561
Latency: 0.015589932911098003
Latency: 0.017761170864105225
Latency: 0.016423406079411507
Latency: 0.015428133076056838
Latency: 0.01547936606220901
Latency: 0.015555222984403372
Latency: 0.017387191997841
Latency: 0.018474892945960164
Latency: 0.016633300110697746
Latency: 0.01676832395605743
Latency: 0.015566194895654917
Latency: 0.018692586105316877
Latency: 0.016545208171010017
Latency: 0.031005746917799115
Latency: 0.01716346200555563
Latency: 0.016661718022078276
Latency: 0.016676401952281594
Latency: 0.016352880047634244
Latency: 0.01778176613152027
Latency: 0.019030309980735183
Latency: 0.016528913052752614
Latency: 0.018549215979874134
Latency: 0.016697635175660253
Latency: 0.016569480067119002
Latency: 0.015198071021586657
Latency: 0.017833306919783354
Latency: 0.015583817847073078
Latency: 0.01832062704488635
Latency: 0.018371053971350193
Latency: 0.016771454131230712
Latency: 0.015376047929748893
Latency: 0.01649612095206976
Latency: 0.015607396140694618
Latency: 0.017786293989047408
Latency: 0.017099494813010097
Latency: 0.015164656098932028
Latency: 0.017867721850052476
Latency: 0.015519677894189954
Latency: 0.016646316973492503
Latency: 0.017355193151161075
Latency: 0.01664841896854341
Latency: 0.016639389097690582
Latency: 0.018098596017807722
Latency: 0.01654726592823863
Latency: 0.01672568009234965
Latency: 0.016855732072144747
Latency: 0.017734931781888008
Latency: 0.015281975036486983
Latency: 0.017978982999920845
Latency: 0.01544691901654005
Latency: 0.01649294514209032
Latency: 0.017229546094313264
Latency: 0.01876195496879518
Latency: 0.018068539211526513
Latency: 0.031641772016882896
Latency: 0.016432567033916712
Latency: 0.020127346040681005
Latency: 0.017450680024921894
Latency: 0.01642436790280044
Latency: 0.01993418694473803
Latency: 0.016489675035700202
Latency: 0.0162531400565058
Latency: 0.017704838886857033
Latency: 0.01985396700911224
Latency: 0.018129248172044754
Latency: 0.016652995953336358
Latency: 0.015558172948658466
Latency: 0.01690518017858267
Latency: 0.01697246404364705
Latency: 0.01586923305876553
Latency: 0.01584270503371954
Latency: 0.018847147934138775
Latency: 0.017860166961327195
Latency: 0.018858627881854773
Latency: 0.015921214129775763
Latency: 0.02001673192717135
Latency: 0.015637638978660107
Latency: 0.018181688152253628
Latency: 0.017043509986251593
Latency: 0.016891279025003314
Latency: 0.015813498990610242
Latency: 0.01571336993947625
Latency: 0.018222069833427668
Latency: 0.015565309906378388
Latency: 0.015786985866725445
Latency: 0.019044423010200262
Latency: 0.016888715093955398
Latency: 0.019208219833672047
Latency: 0.015736724948510528
Latency: 0.015758058987557888
Latency: 0.019001317908987403
Latency: 0.017846948001533747
Latency: 0.015810383018106222
Latency: 0.017127941828221083
Latency: 0.031555457040667534
Latency: 0.015320290112867951
Latency: 0.01599397207610309
Latency: 0.019753846107050776
Latency: 0.015433843014761806
Latency: 0.015490076038986444
Latency: 0.015848172130063176
Latency: 0.016783987870439887
Latency: 0.01677169813774526
Latency: 0.015614544041454792
Latency: 0.01673326105810702
Latency: 0.01781506184488535
Latency: 0.01660499908030033
Latency: 0.016533606918528676
Latency: 0.016987061826512218
Latency: 0.017073629889637232
Latency: 0.017153716180473566
Latency: 0.017071097157895565
Latency: 0.017042614985257387
Latency: 0.01680723298341036
Latency: 0.016868208069354296
Latency: 0.016854955116286874
Latency: 0.016548586077988148
Latency: 0.016822760924696922
Latency: 0.016645116033032537
Latency: 0.01693667285144329
Latency: 0.01664323196746409
Latency: 0.01695546810515225
Latency: 0.01658284803852439
Latency: 0.017512339865788817
Latency: 0.016911144135519862
Latency: 0.017176429042592645
Latency: 0.015256738057360053
Latency: 0.017134658992290497
Latency: 0.01709347404539585
Latency: 0.016858631977811456
Latency: 0.015585134038701653
Latency: 0.017894919030368328
Latency: 0.016767143039032817
Latency: 0.01681497902609408
Latency: 0.01665392192080617
Latency: 0.03337575611658394
Latency: 0.016674320911988616
Latency: 0.017154901986941695
Latency: 0.015677755931392312
Latency: 0.01702138502150774
Latency: 0.01693276991136372
Latency: 0.01709644589573145
Latency: 0.01814348204061389
Latency: 0.017026024172082543
Latency: 0.017196033848449588
Latency: 0.016793417977169156
Latency: 0.019098846009001136
Latency: 0.018120527965947986
Latency: 0.019035645993426442
Latency: 0.01701809884980321
Latency: 0.015622647013515234
Latency: 0.018134016077965498
Latency: 0.016911204205825925
Latency: 0.01684331288561225
Latency: 0.015914486022666097
Latency: 0.017933936091139913
Latency: 0.017125216079875827
Latency: 0.015632244059816003
Latency: 0.01822881819680333
Latency: 0.017045166110619903
Latency: 0.017162930918857455
Latency: 0.01707118982449174
Latency: 0.015828229021281004
Latency: 0.019237388158217072
Latency: 0.016713537042960525
Latency: 0.017817359883338213
Latency: 0.018989270087331533
Latency: 0.01587265101261437
Latency: 0.019230755046010017
Latency: 0.01601030887104571
Latency: 0.018162147840484977
Latency: 0.016588563099503517
Latency: 0.018476341851055622
Latency: 0.016941698966547847
Latency: 0.01564843999221921
Latency: 0.018225971143692732
Latency: 0.03226893115788698
Latency: 0.015359794022515416
Latency: 0.015426438068971038
Latency: 0.01943836617283523
Latency: 0.015520006883889437
Latency: 0.018128426978364587
Latency: 0.015465827891603112
Latency: 0.01623573200777173
Latency: 0.01660564891062677
Latency: 0.01677236915566027
Latency: 0.01732973288744688
Latency: 0.016444056993350387
Latency: 0.016736569115892053
Latency: 0.0154572450555861
Latency: 0.019017187878489494
Latency: 0.015513318125158548
Latency: 0.018145741894841194
Latency: 0.015568541828542948
Latency: 0.019023289903998375
Latency: 0.016774971969425678
Latency: 0.015552738914266229
Latency: 0.01688903011381626
Latency: 0.01533732283860445
Latency: 0.017629627138376236
Latency: 0.018831158988177776
Latency: 0.016661707079038024
Latency: 0.015653964830562472
Latency: 0.01685204403474927
Latency: 0.015482379123568535
Latency: 0.020144673995673656
Latency: 0.015676117036491632
Latency: 0.018666633870452642
Latency: 0.015648199012503028
Latency: 0.016499136807397008
Latency: 0.016869772924110293
Latency: 0.015428632963448763
Latency: 0.01668276102282107
Latency: 0.017531556077301502
Latency: 0.017595864133909345
Latency: 0.01706528104841709
Latency: 0.01776527613401413
Latency: 0.017478327034041286
Latency: 0.016748555935919285
Latency: 0.015524086076766253
Latency: 0.01662975293584168
Latency: 0.01670051389373839
Latency: 0.015470860991626978
Latency: 0.016602124087512493
Latency: 0.01645948993973434
Latency: 0.017905924934893847
Latency: 0.015485180076211691
Latency: 0.019874943187460303
Latency: 0.015501594170928001
Latency: 0.018033824861049652
Latency: 0.015580801060423255
Latency: 0.01854079612530768
Latency: 0.015570666175335646
Latency: 0.015368771040812135
Latency: 0.019181822892278433
Latency: 0.016551967011764646
Latency: 0.018514367984607816
Latency: 0.015577638987451792
Latency: 0.019785938085988164
Latency: 0.015263823792338371
Latency: 0.016763550927862525
Latency: 0.015624531079083681
Latency: 0.016971056116744876
Latency: 0.016412696801126003
Latency: 0.01666937698610127
Latency: 0.016821871045976877
Latency: 0.01795378909446299
Latency: 0.016704013105481863
Latency: 0.015477278036996722
Latency: 0.016632569953799248
Latency: 0.016764851054176688
Latency: 0.01672361185774207
Latency: 0.016628111945465207
Latency: 0.016579680144786835
Latency: 0.016691361786797643
Latency: 0.01682076114229858
Latency: 0.012356952065601945
Latency: 0.03775507304817438
Latency: 0.018686858005821705
Latency: 0.01865938096307218
Latency: 0.01979134907014668
Latency: 0.0181822560261935
Latency: 0.018575665075331926
Latency: 0.01683768187649548
Latency: 0.017748030833899975
Latency: 0.01683720014989376
Latency: 0.016820634016767144
Latency: 0.01712861703708768
Latency: 0.018103407928720117
Latency: 0.014376738108694553
Latency: 0.016423519933596253
Latency: 0.016258523100987077
Latency: 0.016530998051166534
Latency: 0.017100738128647208
Latency: 0.017150789964944124
Latency: 0.017883379012346268
Latency: 0.016625673975795507
Latency: 0.01793445087969303
Latency: 0.01729337591677904
Latency: 0.016691370867192745
Latency: 0.016973983962088823
Latency: 0.015520261833444238
Latency: 0.017805179813876748
Latency: 0.019992256071418524
Latency: 0.015609642956405878
Latency: 0.01681256596930325
Latency: 0.01548406993970275
Latency: 0.01784040592610836
Latency: 0.01557608600705862
Latency: 0.018839521100744605
Latency: 0.01798579189926386
Latency: 0.015556832076981664
Latency: 0.01551313791424036
Latency: 0.015476792119443417
Latency: 0.01898144301958382
Latency: 0.015281446045264602
Latency: 0.018673151964321733
Latency: 0.015269306022673845
Latency: 0.0360152090433985
Latency: 0.015510032884776592
Latency: 0.015565451001748443
Latency: 0.016551401000469923
Latency: 0.015507180010899901
Latency: 0.015260769985616207
Latency: 0.016841561067849398
Latency: 0.017582881962880492
Latency: 0.01794590801000595
Latency: 0.017723220866173506
Latency: 0.01794496481306851
Latency: 0.01673272787593305
Latency: 0.015686498023569584
Latency: 0.01875999290496111
Latency: 0.01684536412358284
Latency: 0.018424669047817588
Latency: 0.016908000921830535
Latency: 0.0156237599439919
Latency: 0.019066784996539354
Latency: 0.015604418003931642
Latency: 0.01776581211015582
Latency: 0.017459752038121223
Latency: 0.018089985009282827
Latency: 0.015471582068130374
Latency: 0.017979873111471534
Latency: 0.018412432866171002
Latency: 0.016801646910607815
Latency: 0.01669364795088768
Latency: 0.015740743838250637
Latency: 0.01911377487704158
Latency: 0.01560511183924973
Latency: 0.016789851943030953
Latency: 0.01795230619609356
Latency: 0.01702315709553659
Latency: 0.016660518944263458
Latency: 0.01771502406336367
Latency: 0.017915301024913788
Latency: 0.015570051036775112
Latency: 0.018831641878932714
Latency: 0.016774502117186785
Latency: 0.03439389611594379
Latency: 0.016678093932569027
Latency: 0.015608510002493858
Latency: 0.01643427601084113
Latency: 0.016672214027494192
Latency: 0.015657380921766162
Latency: 0.01760313007980585
Latency: 0.01847561588510871
Latency: 0.01531165698543191
Latency: 0.01563035906292498
Latency: 0.015796131920069456
Latency: 0.017717469949275255
Latency: 0.015432702843099833
Latency: 0.015593386953696609
Latency: 0.016983881825581193
Latency: 0.01729486812837422
Latency: 0.01851425413042307
Latency: 0.015504429116845131
Latency: 0.020058172987774014
Latency: 0.015577618032693863
Latency: 0.01825142209418118
Latency: 0.015649914974346757
Latency: 0.01858622720465064
Latency: 0.016768400091677904
Latency: 0.015548920026049018
Latency: 0.018109234981238842
Latency: 0.015349484980106354
Latency: 0.018061282113194466
Latency: 0.015541162807494402
Latency: 0.01801167894154787
Latency: 0.015681542921811342
Latency: 0.018910587998107076
Latency: 0.015582369873300195
Latency: 0.01913773687556386
Latency: 0.016846884042024612
Latency: 0.018668706063181162
Latency: 0.015691122971475124
Latency: 0.01879339385777712
Latency: 0.015630326000973582
Latency: 0.017509737983345985
Latency: 0.01981413783505559
Latency: 0.03413202101364732
Latency: 0.016564492136240005
Latency: 0.015506173018366098
Latency: 0.01639665011316538
Latency: 0.018579950090497732
Latency: 0.017475270899012685
Latency: 0.015827359864488244
Latency: 0.018652264028787613
Latency: 0.015617005992680788
Latency: 0.01788566494360566
Latency: 0.016625300981104374
Latency: 0.01893383590504527
Latency: 0.015538929030299187
Latency: 0.01564827817492187
Latency: 0.018337222980335355
Latency: 0.01689805812202394
Latency: 0.015747976955026388
Latency: 0.018743730848655105
Latency: 0.016634955070912838
Latency: 0.018602299969643354
Latency: 0.01683588419109583
Latency: 0.01579799293540418
Latency: 0.017857643077149987
Latency: 0.015607230132445693
Latency: 0.018942923983559012
Latency: 0.01809738902375102
Latency: 0.015797088155522943
Latency: 0.018064465140923858
Latency: 0.015593354124575853
Latency: 0.020359011134132743
Latency: 0.015567343914881349
Latency: 0.01814323803409934
Latency: 0.015602356055751443
Latency: 0.018972330959513783
Latency: 0.015616552904248238
Latency: 0.015515245031565428
Latency: 0.01850021514110267
Latency: 0.01569698890671134
Latency: 0.01561887701973319
Latency: 0.018014508998021483
Latency: 0.01658174186013639
Latency: 0.015411469154059887
Latency: 0.01681947219185531
Latency: 0.015788791002705693
Latency: 0.018142357002943754
Latency: 0.01735494891181588
Latency: 0.016945137875154614
Latency: 0.02076562587171793
Latency: 0.01632810407318175
Latency: 0.015809342032298446
Latency: 0.01696464605629444
Latency: 0.016818335046991706
Latency: 0.016900119138881564
Latency: 0.015790964011102915
Latency: 0.01681920187547803
Latency: 0.017288517206907272
Latency: 0.016872022999450564
Latency: 0.01681410684250295
Latency: 0.01699449121952057
Latency: 0.015917842043563724
Latency: 0.015585799003019929
Latency: 0.01902128104120493
Latency: 0.016594619024544954
Latency: 0.018810579786077142
Latency: 0.01580243115313351
Latency: 0.018361062975600362
Latency: 0.01800137711688876
Latency: 0.016967894043773413
Latency: 0.015607782872393727
Latency: 0.017203408060595393
Latency: 0.017061911057680845
Latency: 0.01574903097935021
Latency: 0.018224631901830435
Latency: 0.019279050873592496
Latency: 0.015570644987747073
Latency: 0.01781810401007533
Latency: 0.01903177401982248
Latency: 0.016752436058595777
Latency: 0.024443751899525523
Latency: 0.015948102110996842
Latency: 0.01829088805243373
Latency: 0.03581456793472171
Latency: 0.0172522880602628
Latency: 0.016868224134668708
Latency: 0.01664907787926495
Latency: 0.01567054819315672
Latency: 0.018977737985551357
Latency: 0.01728551904670894
Latency: 0.015418893890455365
Latency: 0.016810285858809948
Latency: 0.018192376010119915
Latency: 0.01868681889027357
Latency: 0.018973623868077993
Latency: 0.015498279128223658
Latency: 0.015598403057083488
Latency: 0.016519421013072133
Latency: 0.018757673911750317
Latency: 0.016772085102275014
Latency: 0.015608988935127854
Latency: 0.019109803019091487
Latency: 0.01676126616075635
Latency: 0.01736141019500792
Latency: 0.016945824027061462
Latency: 0.015392743982374668
Latency: 0.015536098042503
Latency: 0.01689710794016719
Latency: 0.018194081960245967
Latency: 0.01568017597310245
Latency: 0.015465073985978961
Latency: 0.018119840882718563
Latency: 0.01693850290030241
Latency: 0.01903418987058103
Latency: 0.015737623907625675
Latency: 0.015586713096126914
Latency: 0.019736358895897865
Latency: 0.015376799972727895
Latency: 0.01538983196951449
Latency: 0.016867500031366944
Latency: 0.016607708064839244
Latency: 0.016884353011846542
Latency: 0.01554202288389206
Latency: 0.016898760106414557
Latency: 0.036555550061166286
Latency: 0.017926151864230633
Latency: 0.015469295205548406
Latency: 0.01946679991669953
Latency: 0.015525211812928319
Latency: 0.015352085931226611
Latency: 0.016886342084035277
Latency: 0.018267123959958553
Latency: 0.017018835060298443
Latency: 0.015766445081681013
Latency: 0.016725152963772416
Latency: 0.018703000154346228
Latency: 0.017239480977877975
Latency: 0.016925279051065445
Latency: 0.018290625885128975
Latency: 0.015577229904010892
Latency: 0.018747238907963037
Latency: 0.015891530085355043
Latency: 0.01633322611451149
Latency: 0.015578188002109528
Latency: 0.0167793370783329
Latency: 0.01696133497171104
Latency: 0.01884570810943842
Latency: 0.015607585897669196
Latency: 0.018182929838076234
Latency: 0.01824522507376969
Latency: 0.01551085407845676
Latency: 0.01568390103057027
Latency: 0.015662207966670394
Latency: 0.018427945906296372
Latency: 0.01732424204237759
Latency: 0.01541070081293583
Latency: 0.016883422853425145
Latency: 0.01673617004416883
Latency: 0.016753599978983402
Latency: 0.017237603897228837
Latency: 0.01689913892187178
Latency: 0.018094338942319155
Latency: 0.019130812026560307
Latency: 0.016809005057439208
Latency: 0.03671020595356822
Latency: 0.01784046902321279
Latency: 0.016516632167622447
Latency: 0.0182592268101871
Latency: 0.015549177071079612
Latency: 0.018056730972602963
Latency: 0.01555866003036499
Latency: 0.016826211009174585
Latency: 0.015641468111425638
Latency: 0.01760954805649817
Latency: 0.017079737037420273
Latency: 0.01661382708698511
Latency: 0.015370222041383386
Latency: 0.01900582597590983
Latency: 0.016783253056928515
Latency: 0.015473759965971112
Latency: 0.01663667382672429
Latency: 0.018806471023708582
Latency: 0.01684850500896573
Latency: 0.018082377035170794
Latency: 0.015612015966325998
Latency: 0.01757006300613284
Latency: 0.017839445965364575
Latency: 0.018026031088083982
Latency: 0.015633600065484643
Latency: 0.018203574931249022
Latency: 0.01659512589685619
Latency: 0.016641878057271242
Latency: 0.018073868937790394
Latency: 0.01737853093072772
Latency: 0.015619329875335097
Latency: 0.017573704943060875
Latency: 0.01785199297592044
Latency: 0.01933818799443543
Latency: 0.016992915887385607
Latency: 0.01577342115342617
Latency: 0.01557051483541727
Latency: 0.015404124045744538
Latency: 0.017668590182438493
Latency: 0.01886882190592587
Latency: 0.016865664860233665
Latency: 0.03861453104764223
Latency: 0.017136989161372185
Latency: 0.01721421000547707
Latency: 0.01777732581831515
Latency: 0.016563212033361197
Latency: 0.01565374294295907
Latency: 0.01679466897621751
Latency: 0.015387148130685091
Latency: 0.01797762606292963
Latency: 0.015547257848083973
Latency: 0.02010866394266486
Latency: 0.018016025191172957
Latency: 0.01570259011350572
Latency: 0.016342833172529936
Latency: 0.017052351962774992
Latency: 0.017172643914818764
Latency: 0.016074576880782843
Latency: 0.01595773594453931
Latency: 0.01831593201495707
Latency: 0.015373008092865348
Latency: 0.017214633990079165
Latency: 0.015980937983840704
Latency: 0.018012393033131957
Latency: 0.01669033197686076
Latency: 0.01496343920007348
Latency: 0.01838445710018277
Latency: 0.015806561103090644
Latency: 0.01606617495417595
Latency: 0.015859626000747085
Latency: 0.01695045386441052
Latency: 0.015611371956765652
Latency: 0.01585119590163231
Latency: 0.018954185070469975
Latency: 0.015195420943200588
Latency: 0.015532102901488543
Latency: 0.016926173120737076
Latency: 0.01688173203729093
Latency: 0.017030935967341065
Latency: 0.017009200993925333
Latency: 0.015415875939652324
Latency: 0.038464292883872986
Latency: 0.016701237997040153
Latency: 0.015623381128534675
Latency: 0.016572243068367243
Latency: 0.016743496991693974
Latency: 0.018659443128854036
Latency: 0.016902789939194918
Latency: 0.016759449848905206
Latency: 0.01574402814731002
Latency: 0.017867025220766664
Latency: 0.01873262203298509
Latency: 0.015363149112090468
Latency: 0.017970309825614095
Latency: 0.01571462186984718
Latency: 0.018111224053427577
Latency: 0.018021278083324432
Latency: 0.01557215303182602
Latency: 0.02449540514498949
Latency: 0.016921123955398798
Latency: 0.018601072020828724
Latency: 0.008024400100111961
Latency: 0.0075697440188378096
Latency: 0.007326697930693626
Latency: 0.0073190610855817795
Latency: 0.008365563116967678
Latency: 0.010296184103935957
Latency: 0.008541411021724343
Latency: 0.0078024298418313265
Latency: 0.007479995954781771
Latency: 0.007725202012807131
Latency: 0.007835545111447573
Latency: 0.008441830985248089
Latency: 0.007618161151185632
Latency: 0.007399105932563543
Latency: 0.0074482690542936325
Latency: 0.007491156924515963
Latency: 0.007595794973894954
Latency: 0.011320496210828424
Latency: 0.008365969872102141
Latency: 0.007702005095779896
Latency: 0.007496990961953998
Latency: 0.00935297179967165
Latency: 0.007725643925368786
Latency: 0.007438817992806435
Latency: 0.007452755002304912
Latency: 0.0075155580416321754
Latency: 0.007420951034873724
Latency: 0.007518942002207041
Latency: 0.02441017096862197
Latency: 0.009472225792706013
Latency: 0.007725936826318502
Latency: 0.010200147051364183
Latency: 0.015527707990258932
Latency: 0.013200352899730206
Latency: 0.008513486944139004
Latency: 0.007568232016637921
Latency: 0.007348048035055399
Latency: 0.007394575048238039
Latency: 0.00732582900673151
Latency: 0.007337616989389062
Latency: 0.007465302012860775
Latency: 0.008614610880613327
Latency: 0.0072343789506703615
Latency: 0.007319238968193531
Latency: 0.0073983140755444765
Latency: 0.007185789989307523
Latency: 0.007244077976793051
Latency: 0.007299856981262565
Latency: 0.007236796198412776
Latency: 0.007561359088867903
Latency: 0.007459745043888688
Latency: 0.00735180196352303
Latency: 0.0074585978873074055
Latency: 0.008852347964420915
Latency: 0.007567827822640538
Latency: 0.007414785912260413
Latency: 0.00750629510730505
Latency: 0.007474155863747001
Latency: 0.007326691877096891
Latency: 0.0072652718517929316
Latency: 0.0074400631710886955
Latency: 0.00750891980715096
Latency: 0.007505424087867141
Latency: 0.0074216281063854694
Latency: 0.008558769011870027
Latency: 0.0072254331316798925
Latency: 0.007207298185676336
Latency: 0.007159467088058591
Latency: 0.007262078113853931
Latency: 0.007426830939948559
Latency: 0.007268866989761591
Latency: 0.007279039826244116
Latency: 0.007398954126983881
Latency: 0.007584752049297094
Latency: 0.007533469004556537
Latency: 0.0075450921431183815
Latency: 0.009451861958950758
Latency: 0.03318879893049598
Latency: 0.007694127969443798
Latency: 0.007287201937288046
Latency: 0.007318642921745777
Latency: 0.007326339138671756
Latency: 0.007255994016304612
Latency: 0.007255049888044596
Latency: 0.007215050049126148
Latency: 0.007292489055544138
Latency: 0.008230352774262428
Latency: 0.007338189985603094
Latency: 0.007201346103101969
Latency: 0.007226143032312393
Latency: 0.007209005998447537
Latency: 0.0073140328750014305
Latency: 0.00739302602596581
Latency: 0.007222974905744195
Latency: 0.007256465032696724
Latency: 0.007230258081108332
Latency: 0.007487765979021788
Latency: 0.007267340086400509
Latency: 0.00905036204494536
Latency: 0.007259817095473409
Latency: 0.007299378979951143
Latency: 0.0073178650345653296
Latency: 0.007154770893976092
Latency: 0.007160587934777141
Latency: 0.007232534931972623
Latency: 0.007241731975227594
Latency: 0.007162743015214801
Latency: 0.007177873980253935
Latency: 0.007448793854564428
Latency: 0.008448636857792735
Latency: 0.007239086087793112
Latency: 0.007256464101374149
Latency: 0.0073463330045342445
Latency: 0.007324013160541654
Latency: 0.007322960067540407
Latency: 0.007241570856422186
Latency: 0.007206507958471775
Latency: 0.007161151152104139
Latency: 0.007219111081212759
Latency: 0.007148367818444967
Latency: 0.007262091152369976
Latency: 0.008261397015303373
Latency: 0.007131682010367513
Latency: 0.00716610299423337
Latency: 0.007353663211688399
Latency: 0.007254783064126968
Latency: 0.007297977106645703
Latency: 0.0072677170392125845
Latency: 0.0073034269735217094
Latency: 0.007209560135379434
Latency: 0.007855372037738562
Latency: 0.007709607016295195
Latency: 0.008541969116777182
Latency: 0.007428128970786929
Latency: 0.00780503312125802
Latency: 0.00747911399230361
Latency: 0.007343214005231857
Latency: 0.007407715078443289
Latency: 0.007467271061614156
Latency: 0.007338094059377909
Latency: 0.00744928396306932
Latency: 0.007450144970789552
Latency: 0.007240728009492159
Latency: 0.007438091095536947
Latency: 0.008353392127901316
Latency: 0.007327461848035455
Latency: 0.007271903101354837
Latency: 0.007363671902567148
Latency: 0.007202934008091688
Latency: 0.00724478205665946
Latency: 0.007340807002037764
Latency: 0.007277444005012512
Latency: 0.007323314901441336
Latency: 0.007328086998313665
Latency: 0.007336207199841738
Latency: 0.008483695099130273
Latency: 0.007462990004569292
Latency: 0.007297738920897245
Latency: 0.007251283153891563
Latency: 0.007388625061139464
Latency: 0.007362535921856761
Latency: 0.007337835151702166
Latency: 0.007340255891904235
Latency: 0.007253305986523628
Latency: 0.007213167147710919
Latency: 0.007098593050613999
Latency: 0.007399227004498243
Latency: 0.008471522014588118
Latency: 0.007485511014238
Latency: 0.007490329211577773
Latency: 0.008037098916247487
Latency: 0.0075849120039492846
Latency: 0.007570610148832202
Latency: 0.007444079965353012
Latency: 0.007219425868242979
Latency: 0.007184037007391453
Latency: 0.007424327079206705
Latency: 0.007278532022610307
Latency: 0.008428399916738272
Latency: 0.007316312054172158
Latency: 0.0073460908606648445
Latency: 0.00730890198610723
Latency: 0.007587907137349248
Latency: 0.008045869879424572
Latency: 0.007312685018405318
Latency: 0.007366670994088054
Latency: 0.0073343131225556135
Latency: 0.007189371157437563
Latency: 0.0072272769175469875
Latency: 0.007282131118699908
Latency: 0.008496504975482821
Latency: 0.007316878996789455
Latency: 0.007282362086698413
Latency: 0.007215440971776843
Latency: 0.00727662886492908
Latency: 0.0072715929709374905
Latency: 0.007514734985306859
Latency: 0.007367102894932032
Latency: 0.007967700948938727
Latency: 0.007367901969701052
Latency: 0.007312584901228547
Latency: 0.008699377998709679
Latency: 0.007270223926752806
Latency: 0.007419301895424724
Latency: 0.007389561040326953
Latency: 0.007237670943140984
Latency: 0.007266442058607936
Latency: 0.007256255019456148
Latency: 0.007210093084722757
Latency: 0.00735488417558372
Latency: 0.007335965987294912
Latency: 0.007351238979026675
Latency: 0.0072835348546504974
Latency: 0.008308566873893142
Latency: 0.007290279027074575
Latency: 0.007186410948634148
Latency: 0.007306915009394288
Latency: 0.007195809157565236
Latency: 0.007175592007115483
Latency: 0.007222902961075306
Latency: 0.007322948891669512
Latency: 0.0072534719947725534
Latency: 0.007309361128136516
Latency: 0.007311737863346934
Latency: 0.008560091955587268
Latency: 0.007089942926540971
Latency: 0.007476334925740957
Latency: 0.007326997118070722
Latency: 0.007349482038989663
Latency: 0.007317623123526573
Latency: 0.007210732903331518
Latency: 0.007207927061244845
Latency: 0.0070679569616913795
Latency: 0.0070849580224603415
Latency: 0.007181723834946752
Latency: 0.007255651988089085
Latency: 0.008540522074326873
Latency: 0.00732053816318512
Latency: 0.007396456087008119
Latency: 0.007189719006419182
Latency: 0.007172486977651715
Latency: 0.0071500809863209724
Latency: 0.00727334781549871
Latency: 0.007987356977537274
Latency: 0.0075096620712429285
Latency: 0.007562984013929963
Latency: 0.007498851977288723
Latency: 0.007315861061215401
Latency: 0.008591535035520792
Latency: 0.007396319881081581
Latency: 0.007440367015078664
Latency: 0.007391799008473754
Latency: 0.007551111048087478
Latency: 0.007188881980255246
Latency: 0.007257821038365364
Latency: 0.007307603023946285
Latency: 0.0072750309482216835
Latency: 0.007315164199098945
Latency: 0.008472186047583818
Latency: 0.007066547870635986
Latency: 0.007318096002563834
Latency: 0.00731196696870029
Latency: 0.007361986907199025
Latency: 0.007366264006122947
Latency: 0.007219061953946948
Latency: 0.007161399116739631
Latency: 0.007289566099643707
Latency: 0.00731840799562633
Latency: 0.007531331153586507
Latency: 0.007366559002548456
Latency: 0.008484439924359322
Latency: 0.007333522895351052
Latency: 0.007352726999670267
Latency: 0.007358382921665907
Latency: 0.007407177006825805
Latency: 0.007171814097091556
Latency: 0.0070859568659216166
Latency: 0.00731285591609776
Latency: 0.007133702980354428
Latency: 0.007279511075466871
Latency: 0.007282064063474536
Latency: 0.008511836174875498
Latency: 0.00726350792683661
Latency: 0.007442998932674527
Latency: 0.00739799696020782
Latency: 0.007373935077339411
Latency: 0.0073082479648292065
Latency: 0.007295703049749136
Latency: 0.007341908989474177
Latency: 0.007337193004786968
Latency: 0.007346731144934893
Latency: 0.007351452950388193
Latency: 0.008424049010500312
Latency: 0.00725780613720417
Latency: 0.0071855830028653145
Latency: 0.0071450041141361
Latency: 0.00737944501452148
Latency: 0.00724930502474308
Latency: 0.007295825984328985
Latency: 0.007322315825149417
Latency: 0.007570031099021435
Latency: 0.007425990886986256
Latency: 0.00727337715215981
Latency: 0.0073823160491883755
Latency: 0.008301520021632314
Latency: 0.00735204410739243
Latency: 0.007370241917669773
Latency: 0.007281370926648378
Latency: 0.007325130049139261
Latency: 0.007214949931949377
Latency: 0.0072753948625177145
Latency: 0.0073378258384764194
Latency: 0.007379448041319847
Latency: 0.0072742418851703405
Latency: 0.007221525069326162
Latency: 0.008636349812150002
Latency: 0.007812503026798368
Latency: 0.027851889142766595
Latency: 0.007415443891659379
Latency: 0.007501418003812432
Latency: 0.007344678044319153
Latency: 0.007184555986896157
Latency: 0.007223593071103096
Latency: 0.007109732832759619
Latency: 0.007152569945901632
Latency: 0.00717555801384151
Latency: 0.008173923939466476
Latency: 0.007319436175748706
Latency: 0.007271550828590989
Latency: 0.007383645977824926
Latency: 0.007261503953486681
Latency: 0.007148298900574446
Latency: 0.007219765102490783
Latency: 0.007310096872970462
Latency: 0.007196338148787618
Latency: 0.007267931010574102
Latency: 0.007358185015618801
Latency: 0.007205030880868435
Latency: 0.007206144975498319
Latency: 0.007184138987213373
Latency: 0.007249523187056184
Latency: 0.007326486986130476
Latency: 0.007321903947740793
Latency: 0.0072226510383188725
Latency: 0.007312886882573366
Latency: 0.007278424920514226
Latency: 0.0071897199377417564
Latency: 0.007193848956376314
Latency: 0.008493764093145728
Latency: 0.0072823320515453815
Latency: 0.007303821854293346
Latency: 0.007307423977181315
Latency: 0.007436043117195368
Latency: 0.007263730047270656
Latency: 0.0072401040233671665
Latency: 0.007303018122911453
Latency: 0.007340156938880682
Latency: 0.007310056826099753
Latency: 0.007337932009249926
Latency: 0.008515852969139814
Latency: 0.007258612895384431
Latency: 0.007116704946383834
Latency: 0.007327202940359712
Latency: 0.007138734916225076
Latency: 0.00745233497582376
Latency: 0.0072902170941233635
Latency: 0.007375956047326326
Latency: 0.007419186178594828
Latency: 0.007416278123855591
Latency: 0.007428521057590842
Latency: 0.008317778119817376
Latency: 0.0073282779194414616
Latency: 0.007383628049865365
Latency: 0.007286617998033762
Latency: 0.007268303073942661
Latency: 0.007179558975622058
Latency: 0.007047722116112709
Latency: 0.00724791013635695
Latency: 0.007278519915416837
Latency: 0.00726186903193593
Latency: 0.007538622012361884
Latency: 0.008652595104649663
Latency: 0.007218147860839963
Latency: 0.007257523015141487
Latency: 0.007397111039608717
Latency: 0.007247121771797538
Latency: 0.007466316921636462
Latency: 0.007394938031211495
Latency: 0.007269755005836487
Latency: 0.007282692939043045
Latency: 0.007145576179027557
Latency: 0.007335729897022247
Latency: 0.008642106084153056
Latency: 0.007281403057277203
Latency: 0.007309813983738422
Latency: 0.007200703024864197
Latency: 0.00750962202437222
Latency: 0.007346597965806723
Latency: 0.007152556907385588
Latency: 0.0073723390232771635
Latency: 0.007334627211093903
Latency: 0.007278638891875744
Latency: 0.00716925086453557
Latency: 0.007290404988452792
Latency: 0.00838242401368916
Latency: 0.007291948888450861
Latency: 0.007353813853114843
Latency: 0.007484497968107462
Latency: 0.007268449990078807
Latency: 0.007179544074460864
Latency: 0.007137119071558118
Latency: 0.007367135025560856
Latency: 0.007457342930138111
Latency: 0.0074544381350278854
Latency: 0.007357710972428322
Latency: 0.008559181122109294
Latency: 0.007492698961868882
Latency: 0.007424940122291446
Latency: 0.007204471156001091
Latency: 0.007251173024997115
Latency: 0.007331371074542403
Latency: 0.0073086360935121775
Latency: 0.007294303039088845
Latency: 0.007327122846618295
Latency: 0.007244231877848506
Latency: 0.007377510890364647
Latency: 0.007496722042560577
Latency: 0.008369447896257043
Latency: 0.007366348057985306
Latency: 0.007344244047999382
Latency: 0.007474570069462061
Latency: 0.007326972903683782
Latency: 0.00742959207855165
Latency: 0.007270397851243615
Latency: 0.007191458949819207
Latency: 0.007320598000660539
Latency: 0.007618979085236788
Latency: 0.007150513119995594
Latency: 0.00874332501552999
Latency: 0.007198797073215246
Latency: 0.0072114719077944756
Latency: 0.007458110107108951
Latency: 0.007334073074162006
Latency: 0.007291743997484446
Latency: 0.007390020182356238
Latency: 0.00736494897864759
Latency: 0.007084305863827467
Latency: 0.007276562973856926
Latency: 0.007224739994853735
Latency: 0.008501608856022358
Latency: 0.007463020039722323
Latency: 0.007374488050118089
Latency: 0.0073445080779492855
Latency: 0.007336962968111038
Latency: 0.007333588087931275
Latency: 0.007338244002312422
Latency: 0.007330558029934764
Latency: 0.007262103026732802
Latency: 0.007279224926605821
Latency: 0.008045838912948966
Latency: 0.009100380120798945
Latency: 0.0074062279891222715
Latency: 0.007610123138874769
Latency: 0.0072893260512501
Latency: 0.007324391044676304
Latency: 0.007419342873618007
Latency: 0.007283456157892942
Latency: 0.007344383979216218
Latency: 0.0072993740905076265
Latency: 0.007351698121055961
Latency: 0.0073906779289245605
Latency: 0.007222288986667991
Latency: 0.008490417152643204
Latency: 0.0072482910472899675
Latency: 0.007101902039721608
Latency: 0.007111298153176904
Latency: 0.0074154899921268225
Latency: 0.0071028361562639475
Latency: 0.007077235030010343
Latency: 0.007176623214036226
Latency: 0.007249949965626001
Latency: 0.007248491048812866
Latency: 0.007168767042458057
Latency: 0.008509106002748013
Latency: 0.00728216883726418
Latency: 0.007267402019351721
Latency: 0.007257188903167844
Latency: 0.0072684939950704575
Latency: 0.007261154940351844
Latency: 0.007245244923979044
Latency: 0.007411733968183398
Latency: 0.007301582023501396
Latency: 0.007449690951034427
Latency: 0.007336238864809275
Latency: 0.0073754938784986734
Latency: 0.008226464036852121
Latency: 0.0071275250520557165
Latency: 0.007180097047239542
Latency: 0.007238212041556835
Latency: 0.007244596024975181
Latency: 0.0072021090891212225
Latency: 0.007321718847379088
Latency: 0.007327314931899309
Latency: 0.00732877803966403
Latency: 0.007391054881736636
Latency: 0.007410405203700066
Latency: 0.008733282797038555
Latency: 0.0071938540786504745
Latency: 0.007503184024244547
Latency: 0.007278397912159562
Latency: 0.007210692157968879
Latency: 0.00724048214033246
Latency: 0.007230208953842521
Latency: 0.007154288003221154
Latency: 0.007147629978135228
Latency: 0.007210626034066081
Latency: 0.007216910133138299
Latency: 0.007293347967788577
Latency: 0.008306390838697553
Latency: 0.007219844032078981
Latency: 0.007298208074644208
Latency: 0.007197055034339428
Latency: 0.007179100066423416
Latency: 0.007257914170622826
Latency: 0.0074459819588810205
Latency: 0.007259506965056062
Latency: 0.007193852914497256
Latency: 0.007224720902740955
Latency: 0.007264119107276201
Latency: 0.0072470849845558405
Latency: 0.00828059995546937
Latency: 0.007372952997684479
Latency: 0.007962136063724756
Latency: 0.007370925974100828
Latency: 0.007240855833515525
Latency: 0.007228038972243667
Latency: 0.012533755972981453
Latency: 0.008111516013741493
Latency: 0.00738361501134932
Latency: 0.007285065017640591
Latency: 0.00742380297742784
Latency: 0.007293584058061242
Latency: 0.008677182951942086
Latency: 0.02714814990758896
Latency: 0.0074462550692260265
Latency: 0.007500280858948827
Latency: 0.0072736970614641905
Latency: 0.0073441751301288605
Latency: 0.0073164410423487425
Latency: 0.007349890889599919
Latency: 0.007410428021103144
Latency: 0.007384054828435183
Latency: 0.008211850887164474
Latency: 0.007348917191848159
Latency: 0.007347858045250177
Latency: 0.00747933192178607
Latency: 0.007403053110465407
Latency: 0.007271270966157317
Latency: 0.007216461934149265
Latency: 0.007304742932319641
Latency: 0.007214640034362674
Latency: 0.007280608871951699
Latency: 0.007273673079907894
Latency: 0.007189050083979964
Latency: 0.008229705039411783
Latency: 0.007240751991048455
Latency: 0.007355974055826664
Latency: 0.007291555171832442
Latency: 0.007248279871419072
Latency: 0.00733671011403203
Latency: 0.007090008817613125
Latency: 0.007334812078624964
Latency: 0.007399308029562235
Latency: 0.007306732004508376
Latency: 0.007286987965926528
Latency: 0.008406987879425287
Latency: 0.007077453890815377
Latency: 0.0071589709259569645
Latency: 0.007165697170421481
Latency: 0.007152762962505221
Latency: 0.007401104085147381
Latency: 0.007370852865278721
Latency: 0.007251223083585501
Latency: 0.007273674942553043
Latency: 0.007253799121826887
Latency: 0.007229027105495334
Latency: 0.007171581964939833
Latency: 0.008317581145092845
Latency: 0.007499475032091141
Latency: 0.0072812270373106
Latency: 0.007287031039595604
Latency: 0.007263521896675229
Latency: 0.007175510982051492
Latency: 0.007113176165148616
Latency: 0.007257812889292836
Latency: 0.007270846050232649
Latency: 0.007355059031397104
Latency: 0.007368497084826231
Latency: 0.008541380055248737
Latency: 0.007257262943312526
Latency: 0.0071851571556180716
Latency: 0.007192655000835657
Latency: 0.007977450964972377
Latency: 0.007514268858358264
Latency: 0.007584042847156525
Latency: 0.007466381182894111
Latency: 0.0072874510660767555
Latency: 0.0073086300399154425
Latency: 0.007430878933519125
Latency: 0.007316153030842543
Latency: 0.008635885082185268
Latency: 0.007292414084076881
Latency: 0.007170555181801319
Latency: 0.007430967874825001
Latency: 0.007064050063490868
Latency: 0.007244896842166781
Latency: 0.007235810859128833
Latency: 0.007211840013042092
Latency: 0.007177945924922824
Latency: 0.007159772794693708
Latency: 0.007544066058471799
Latency: 0.00847480888478458
Latency: 0.007270841859281063
Latency: 0.007344031939283013
Latency: 0.007356856018304825
Latency: 0.0074124401435256
Latency: 0.007330625085160136
Latency: 0.0153032629750669
Latency: 0.0077076570596545935
Latency: 0.007407889934256673
Latency: 0.007375827059149742
Latency: 0.007211305201053619
Latency: 0.008863416966050863
Latency: 0.007157751126214862
Latency: 0.007240083068609238
Latency: 0.007361607160419226
Latency: 0.007408544886857271
Latency: 0.007235868135467172
Latency: 0.007345999823883176
Latency: 0.00731922104023397
Latency: 0.007289226166903973
Latency: 0.007288279011845589
Latency: 0.007269995054230094
Latency: 0.008434016024693847
Latency: 0.007373607950285077
Latency: 0.007269070018082857
Latency: 0.007347865961492062
Latency: 0.007469934178516269
Latency: 0.0072890459559857845
Latency: 0.0073311529122292995
Latency: 0.00736963702365756
Latency: 0.00731009291484952
Latency: 0.007396899862214923
Latency: 0.0073705450631678104
Latency: 0.008484214078634977
Latency: 0.007247656816616654
Latency: 0.0071596631314605474
Latency: 0.007320624077692628
Latency: 0.007269199937582016
Latency: 0.007154254941269755
Latency: 0.007317553041502833
Latency: 0.007214947137981653
Latency: 0.0073136379942297935
Latency: 0.007210763869807124
Latency: 0.007249224931001663
Latency: 0.008381590014323592
Latency: 0.007297041127458215
Latency: 0.007344698999077082
Latency: 0.007645352045074105
Latency: 0.007419109111651778
Latency: 0.007306952960789204
Latency: 0.007370835868641734
Latency: 0.007321049924939871
Latency: 0.0071360100992023945
Latency: 0.008225885918363929
Latency: 0.00741783413104713
Latency: 0.00713966297917068
Latency: 0.008786207996308804
Latency: 0.00730696995742619
Latency: 0.00727098505012691
Latency: 0.007412690902128816
Latency: 0.007379958871752024
Latency: 0.007245340850204229
Latency: 0.007072339998558164
Latency: 0.007244378095492721
Latency: 0.007263037841767073
Latency: 0.007202311186119914
Latency: 0.007289082044735551
Latency: 0.00862309499643743
Latency: 0.0072512500919401646
Latency: 0.007216132013127208
Latency: 0.007386951940134168
Latency: 0.00739223905839026
Latency: 0.007192307850345969
Latency: 0.0073360169772058725
Latency: 0.007274268195033073
Latency: 0.007237535202875733
Latency: 0.007320492062717676
Latency: 0.00737518398091197
Latency: 0.0072957300581038
Latency: 0.008601434994488955
Latency: 0.007255471078678966
Latency: 0.007173923077061772
Latency: 0.007472368190065026
Latency: 0.007123854942619801
Latency: 0.007368508959189057
Latency: 0.0072322809137403965
Latency: 0.0073255731258541346
Latency: 0.00735706090927124
Latency: 0.007348173996433616
Latency: 0.0073501840233802795
Latency: 0.008549784077331424
Latency: 0.007354164961725473
Latency: 0.007322411052882671
Latency: 0.0073372849728912115
Latency: 0.007318946998566389
Latency: 0.007513618795201182
Latency: 0.007200486026704311
Latency: 0.007366711040958762
Latency: 0.007248434936627746
Latency: 0.0074150580912828445
Latency: 0.0071754660457372665
Latency: 0.008441112004220486
Latency: 0.007345943013206124
Latency: 0.00723679200746119
Latency: 0.007235869998112321
Latency: 0.007338957162573934
Latency: 0.0072413121815770864
Latency: 0.007324611069634557
Latency: 0.0072686190251261
Latency: 0.007446812931448221
Latency: 0.007464184192940593
Latency: 0.007437163032591343
Latency: 0.008416428929194808
Latency: 0.0070657499600201845
Latency: 0.007192587945610285
Latency: 0.007331884000450373
Latency: 0.00728484196588397
Latency: 0.007172286044806242
Latency: 0.007328168023377657
Latency: 0.0072695540729910135
Latency: 0.007485650945454836
Latency: 0.0073507409542799
Latency: 0.00733593013137579
Latency: 0.0074168608989566565
Latency: 0.008418093901127577
Latency: 0.007353076944127679
Latency: 0.008072488009929657
Latency: 0.007672460982576013
Latency: 0.007291913032531738
Latency: 0.007206636946648359
Latency: 0.007262350991368294
Latency: 0.007207193877547979
Latency: 0.00737471180036664
Latency: 0.0072951039765030146
Latency: 0.007203154964372516
Latency: 0.00839430303312838
Latency: 0.007306859828531742
Latency: 0.0071910289116203785
Latency: 0.00731970788910985
Latency: 0.007298663957044482
Latency: 0.007339737145230174
Latency: 0.007329369895160198
Latency: 0.007257241988554597
Latency: 0.00743932300247252
Latency: 0.007243423955515027
Latency: 0.007293791975826025
Latency: 0.007311077089980245
Latency: 0.008557116845622659
Latency: 0.007536505116149783
Latency: 0.0073307829443365335
Latency: 0.0073948639910668135
Latency: 0.007429307093843818
Latency: 0.007378662005066872
Latency: 0.007285133004188538
Latency: 0.007314677117392421
Latency: 0.007343010976910591
Latency: 0.007341948105022311
Latency: 0.007326578954234719
Latency: 0.008615389000624418
Latency: 0.028356558177620173
Latency: 0.007747624069452286
Latency: 0.007348156999796629
Latency: 0.007348600076511502
Latency: 0.00734964688308537
Latency: 0.007296096999198198
Latency: 0.007317959098145366
Latency: 0.007295017130672932
Latency: 0.007265635998919606
Latency: 0.008181551937013865
Latency: 0.007317195879295468
Latency: 0.007211515912786126
Latency: 0.007384323049336672
Latency: 0.007319513941183686
Latency: 0.007529971189796925
Latency: 0.00748494197614491
Latency: 0.007483412977308035
Latency: 0.007266848115250468
Latency: 0.007330483989790082
Latency: 0.007322039920836687
Latency: 0.007338955067098141
Latency: 0.00822276808321476
Latency: 0.007323528174310923
Latency: 0.007216229103505611
Latency: 0.007312987931072712
Latency: 0.007277739001438022
Latency: 0.00718862796202302
Latency: 0.007133282953873277
Latency: 0.0072332199197262526
Latency: 0.00724681094288826
Latency: 0.007338494062423706
Latency: 0.007299253949895501
Latency: 0.008554834872484207
Latency: 0.007244235835969448
Latency: 0.007250773021951318
Latency: 0.007345124846324325
Latency: 0.007254049880430102
Latency: 0.007966476958245039
Latency: 0.007367450976744294
Latency: 0.007332304958254099
Latency: 0.007196546997874975
Latency: 0.007243517087772489
Latency: 0.007313092937693
Latency: 0.007413367973640561
Latency: 0.008483764017000794
Latency: 0.007303627207875252
Latency: 0.0072332259733229876
Latency: 0.007381991017609835
Latency: 0.007441784022375941
Latency: 0.00715462607331574
Latency: 0.007298484910279512
Latency: 0.007214774144813418
Latency: 0.007366158068180084
Latency: 0.007443014997988939
Latency: 0.0073560550808906555
Latency: 0.008545696036890149
Latency: 0.007208687951788306
Latency: 0.007194572128355503
Latency: 0.007233361946418881
Latency: 0.007335409056395292
Latency: 0.007264384999871254
Latency: 0.007251266855746508
Latency: 0.007288594963029027
Latency: 0.007285758852958679
Latency: 0.00744260405190289
Latency: 0.00751534104347229
Latency: 0.008670235984027386
Latency: 0.0073069019708782434
Latency: 0.00728632090613246
Latency: 0.007306284969672561
Latency: 0.007235586876049638
Latency: 0.007150098914280534
Latency: 0.007095586974173784
Latency: 0.007122923154383898
Latency: 0.007167298113927245
Latency: 0.007299281191080809
Latency: 0.007289114873856306
Latency: 0.008422177052125335
Latency: 0.007292446913197637
Latency: 0.0073370730970054865
Latency: 0.0073286539409309626
Latency: 0.007284719031304121
Latency: 0.007215606980025768
Latency: 0.007357849972322583
Latency: 0.007315221941098571
Latency: 0.007242847001180053
Latency: 0.007338447030633688
Latency: 0.007307633059099317
Latency: 0.00742702092975378
Latency: 0.008580747991800308
Latency: 0.007335972972214222
Latency: 0.007187606068328023
Latency: 0.007184959016740322
Latency: 0.007283322978764772
Latency: 0.007239192957058549
Latency: 0.007297225063666701
Latency: 0.0074047790840268135
Latency: 0.007422232069075108
Latency: 0.007355640176683664
Latency: 0.007380930008366704
Latency: 0.008459627162665129
Latency: 0.007339145056903362
Latency: 0.007416845997795463
Latency: 0.007324595004320145
Latency: 0.0073701010551303625
Latency: 0.007332287961617112
Latency: 0.0073857789393514395
Latency: 0.007405436830595136
Latency: 0.007261323044076562
Latency: 0.0072291200049221516
Latency: 0.007869965862482786
Latency: 0.008749956963583827
Latency: 0.007422802038490772
Latency: 0.00734361819922924
Latency: 0.007406546967104077
Latency: 0.007185098947957158
Latency: 0.00732275890186429
Latency: 0.0073061969596892595
Latency: 0.007289636181667447
Latency: 0.007251455914229155
Latency: 0.007189539028331637
Latency: 0.007255342090502381
Latency: 0.008557412074878812
Latency: 0.007376797962933779
Latency: 0.0072999619878828526
Latency: 0.007422523107379675
Latency: 0.00733310985378921
Latency: 0.00723871705122292
Latency: 0.007488428149372339
Latency: 0.007300192024558783
Latency: 0.0072809429839253426
Latency: 0.007247461937367916
Latency: 0.007326260907575488
Latency: 0.008471015840768814
Latency: 0.007352169835940003
Latency: 0.007526845904067159
Latency: 0.0074019108433276415
Latency: 0.007290871115401387
Latency: 0.00723148207180202
Latency: 0.00726836291141808
Latency: 0.007476516999304295
Latency: 0.0074011210817843676
Latency: 0.007306064944714308
Latency: 0.007213612087070942
Latency: 0.00868164305575192
Latency: 0.007358023896813393
Latency: 0.007375868037343025
Latency: 0.007398688001558185
Latency: 0.00751109910197556
Latency: 0.007356924004852772
Latency: 0.007395456079393625
Latency: 0.007287180982530117
Latency: 0.0073281091172248125
Latency: 0.007307714782655239
Latency: 0.007256906945258379
Latency: 0.008422859944403172
Latency: 0.007222421001642942
Latency: 0.007171259960159659
Latency: 0.007184307090938091
Latency: 0.007330430904403329
Latency: 0.007255909964442253
Latency: 0.0073151979595422745
Latency: 0.007330085849389434
Latency: 0.007330161053687334
Latency: 0.007161896908655763
Latency: 0.007234405959025025
Latency: 0.008399546146392822
Latency: 0.007201331201940775
Latency: 0.007237287936732173
Latency: 0.007316183065995574
Latency: 0.007411574944853783
Latency: 0.0072301109321415424
Latency: 0.0072649018839001656
Latency: 0.007346397964283824
Latency: 0.0073389781173318624
Latency: 0.007371760904788971
Latency: 0.007436990970745683
Latency: 0.008603852009400725
Latency: 0.007143678143620491
Latency: 0.007191493874415755
Latency: 0.007351294858381152
Latency: 0.007227850845083594
Latency: 0.007414957974106073
Latency: 0.0075526919681578875
Latency: 0.007365375058725476
Latency: 0.007211170857772231
Latency: 0.0073855058290064335
Latency: 0.007247344125062227
Latency: 0.008511143969371915
Latency: 0.007331758970394731
Latency: 0.00736387399956584
Latency: 0.007343427976593375
Latency: 0.00748454499989748
Latency: 0.0072844019159674644
Latency: 0.007245575077831745
Latency: 0.007366423029452562
Latency: 0.007320233853533864
Latency: 0.007179643958806992
Latency: 0.007245223969221115
Latency: 0.008462242083624005
Latency: 0.00732960388995707
Latency: 0.007260356098413467
Latency: 0.0072872701566666365
Latency: 0.007457086816430092
Latency: 0.007469645002856851
Latency: 0.007275556214153767
Latency: 0.007354377070441842
Latency: 0.0073486261535435915
Latency: 0.0074477419257164
Latency: 0.007208789000287652
Latency: 0.008558647008612752
Latency: 0.007445450872182846
Latency: 0.0072853779420256615
Latency: 0.007366926176473498
Latency: 0.007406092016026378
Latency: 0.007336430950090289
Latency: 0.007271104957908392
Latency: 0.007279929937794805
Latency: 0.007137286942452192
Latency: 0.007194460136815906
Latency: 0.007253620075061917
Latency: 0.008430182933807373
Latency: 0.007247872883453965
Latency: 0.007243942003697157
Latency: 0.0074623150285333395
Latency: 0.007478432031348348
Latency: 0.00738710886798799
Latency: 0.0071424078196287155
Latency: 0.007224344881251454
Latency: 0.007429452845826745
Latency: 0.007209864212200046
Latency: 0.007366243051365018
Latency: 0.008485436905175447
Latency: 0.007305149920284748
Latency: 0.007335568079724908
Latency: 0.007434211205691099
Latency: 0.007353333057835698
Latency: 0.007189379073679447
Latency: 0.007238582009449601
Latency: 0.007208162918686867
Latency: 0.007401051931083202
Latency: 0.007287662010639906
Latency: 0.00742244184948504
Latency: 0.008243229007348418
Latency: 0.02979897614568472
Latency: 0.007498505059629679
Latency: 0.007314052898436785
Latency: 0.007155196042731404
Latency: 0.0072005679830908775
Latency: 0.007160490844398737
Latency: 0.00716088991612196
Latency: 0.00732517009600997
Latency: 0.00745780486613512
Latency: 0.00926271709613502
Latency: 0.007224048022180796
Latency: 0.007280366960912943
Latency: 0.007470645941793919
Latency: 0.007310073124244809
Latency: 0.007526281056925654
Latency: 0.007290004985406995
Latency: 0.007282322039827704
Latency: 0.007317631971091032
Latency: 0.007301499834284186
Latency: 0.0073566900100559
Latency: 0.007394416956230998
Latency: 0.007249630056321621
Latency: 0.007422310067340732
Latency: 0.00728958984836936
Latency: 0.007277968805283308
Latency: 0.007369649829342961
Latency: 0.007232710020616651
Latency: 0.007200760999694467
Latency: 0.007352641085162759
Latency: 0.007286770967766643
Latency: 0.007216393947601318
Latency: 0.007417608983814716
Latency: 0.00830032886005938
Latency: 0.007249566959217191
Latency: 0.0072904108092188835
Latency: 0.007320381002500653
Latency: 0.007428300101310015
Latency: 0.007239373167976737
Latency: 0.0073274720925837755
Latency: 0.007314975140616298
Latency: 0.007265977095812559
Latency: 0.007302009034901857
Latency: 0.007328981067985296
Latency: 0.00858246604911983
Latency: 0.007428047014400363
Latency: 0.007289138855412602
Latency: 0.007306486833840609
Latency: 0.007461654022336006
Latency: 0.0073471409268677235
Latency: 0.007194014964625239
Latency: 0.007394769927486777
Latency: 0.007347531151026487
Latency: 0.007412617793306708
Latency: 0.007447494892403483
Latency: 0.008386837085708976
Latency: 0.007307668915018439
Latency: 0.007375376066192985
Latency: 0.007405393058434129
Latency: 0.007286919048056006
Latency: 0.0070502869784832
Latency: 0.007278521079570055
Latency: 0.00723945302888751
Latency: 0.007262806873768568
Latency: 0.007335881004109979
Latency: 0.007367273094132543
Latency: 0.008297739084810019
Latency: 0.007326080929487944
Latency: 0.007336427923291922
Latency: 0.007294819923117757
Latency: 0.007285273866727948
Latency: 0.007380706956610084
Latency: 0.007209736853837967
Latency: 0.007237274898216128
Latency: 0.007262648083269596
Latency: 0.0074644440319389105
Latency: 0.007423006929457188
Latency: 0.008710083086043596
Latency: 0.007197012891992927
Latency: 0.007221965817734599
Latency: 0.007352675078436732
Latency: 0.007182035129517317
Latency: 0.007692780811339617
Latency: 0.007531621027737856
Latency: 0.007324862061068416
Latency: 0.007399328984320164
Latency: 0.007392304018139839
Latency: 0.007406263146549463
Latency: 0.007294368930160999
Latency: 0.008576061110943556
Latency: 0.007274162024259567
Latency: 0.007277228869497776
Latency: 0.007451927987858653
Latency: 0.007277496857568622
Latency: 0.007327221101149917
Latency: 0.007124894065782428
Latency: 0.007250986061990261
Latency: 0.00714700692333281
Latency: 0.007320211036130786
Latency: 0.007363812066614628
Latency: 0.008404128951951861
Latency: 0.007330284919589758
Latency: 0.007314874092116952
Latency: 0.007472784025594592
Latency: 0.007359890965744853
Latency: 0.007330775028094649
Latency: 0.007350035943090916
Latency: 0.007444584043696523
Latency: 0.00734678003937006
Latency: 0.007355376146733761
Latency: 0.007436513900756836
Latency: 0.007206719135865569
Latency: 0.008436220930889249
Latency: 0.007323917001485825
Latency: 0.007303592981770635
Latency: 0.007469112053513527
Latency: 0.007188120856881142
Latency: 0.007317077834159136
Latency: 0.007262826198711991
Latency: 0.00744147808291018
Latency: 0.0074875561986118555
Latency: 0.007248554145917296
Latency: 0.007348729996010661
Latency: 0.008531197905540466
Latency: 0.007494984893128276
Latency: 0.007516151061281562
Latency: 0.007349696941673756
Latency: 0.007341955089941621
Latency: 0.007320917909964919
Latency: 0.0072517599910497665
Latency: 0.00733085791580379
Latency: 0.007415852975100279
Latency: 0.00758976791985333
Latency: 0.007398268906399608
Latency: 0.008962146006524563
Latency: 0.007324461126700044
Latency: 0.007317580981180072
Latency: 0.007495078025385737
Latency: 0.0073695320170372725
Latency: 0.007373558823019266
Latency: 0.007412102073431015
Latency: 0.007475784048438072
Latency: 0.007337368093430996
Latency: 0.00736016989685595
Latency: 0.007321859011426568
Latency: 0.008418833836913109
Latency: 0.007221226813271642
Latency: 0.007337331073358655
Latency: 0.007355489069595933
Latency: 0.007439684122800827
Latency: 0.007250237045809627
Latency: 0.007264850893989205
Latency: 0.007248055189847946
Latency: 0.0072997810784727335
Latency: 0.0072895248886197805
Latency: 0.007961347000673413
Latency: 0.009099905146285892
Latency: 0.007632853928953409
Latency: 0.00744911702349782
Latency: 0.007485304027795792
Latency: 0.007340623065829277
Latency: 0.007201982894912362
Latency: 0.00739027583040297
Latency: 0.007418032037094235
Latency: 0.007419593865051866
Latency: 0.007390014128759503
Latency: 0.007259075995534658
Latency: 0.008358865045011044
Latency: 0.0072990478947758675
Latency: 0.007275091018527746
Latency: 0.007218950893729925
Latency: 0.00745208584703505
Latency: 0.007217514095827937
Latency: 0.007504836888983846
Latency: 0.007187926908954978
Latency: 0.007261589867994189
Latency: 0.007340655894950032
Latency: 0.007360604126006365
Latency: 0.008475796086713672
Latency: 0.007327052066102624
Latency: 0.007213291013613343
Latency: 0.007405559066683054
Latency: 0.007420934969559312
Latency: 0.007359571056440473
Latency: 0.007206395035609603
Latency: 0.007421593880280852
Latency: 0.007282088045030832
Latency: 0.007263856939971447
Latency: 0.007243551081046462
Latency: 0.00858774408698082
Latency: 0.007408701116219163
Latency: 0.00730675389058888
Latency: 0.007291869027540088
Latency: 0.007262344937771559
Latency: 0.007292279042303562
Latency: 0.007225528126582503
Latency: 0.007162234978750348
Latency: 0.007226879009976983
Latency: 0.0071712040808051825
Latency: 0.007269711932167411
Latency: 0.008360079023987055
Latency: 0.007135113002732396
Latency: 0.0073155490681529045
Latency: 0.014638873981311917
Latency: 0.007641996955499053
Latency: 0.007763162022456527
Latency: 0.0076995790004730225
Latency: 0.007465254981070757
