Latency: 0.9339698010589927
Latency: 0.8375998120754957
Latency: 0.8354819931555539
Latency: 0.8386763939633965
Latency: 0.8441550198476762
Latency: 0.8464763108640909
Latency: 0.8355420359876007
Latency: 0.8267241700086743
Latency: 0.8452671440318227
Latency: 0.8283871591556817
Latency: 0.8529118930455297
Latency: 0.8512308821082115
Latency: 0.8278110940009356
Latency: 0.8444837119895965
Latency: 0.8256843481212854
Latency: 0.8380679429974407
Latency: 0.8443222278729081
Latency: 0.831182710127905
Latency: 0.8477358850650489
Latency: 0.8492652850691229
Latency: 0.8237264740746468
Latency: 0.8347713619004935
Latency: 0.8360987580381334
Latency: 0.8345457122195512
Latency: 0.8443303699605167
Latency: 0.8384356629103422
Latency: 0.8537642320152372
Latency: 0.8378156768158078
Latency: 0.8350376018788666
