Latency: 0.13832124113105237
Latency: 0.13880678080022335
Latency: 0.140188111923635
Latency: 0.14157697511836886
Latency: 0.1430034029763192
Latency: 0.14449546881951392
Latency: 0.14597544888965786
Latency: 0.14742193301208317
Latency: 0.14902503904886544
Latency: 0.15056762006133795
Latency: 0.15196448285132647
Latency: 0.15343758091330528
Latency: 0.1549028791487217
Latency: 0.15636087697930634
Latency: 0.15786386583931744
Latency: 0.15930108493193984
Latency: 0.16075475397519767
Latency: 0.1640146099962294
Latency: 0.16552523686550558
Latency: 0.16700244299136102
Latency: 0.1684801650699228
Latency: 0.1700832019560039
Latency: 0.17158524482510984
Latency: 0.17452762182801962
Latency: 0.17599376500584185
Latency: 0.17755367304198444
Latency: 0.17901488207280636
Latency: 0.1804960509762168
Latency: 0.18323764484375715
Latency: 0.18638452491723
Latency: 0.18917350796982646
Latency: 0.19172143889591098
Latency: 0.1301891840994358
Latency: 0.1304592431988567
Latency: 0.1314997801091522
Latency: 0.1344452949706465
Latency: 0.13590018800459802
Latency: 0.13737878412939608
Latency: 0.13883638894185424
Latency: 0.13994136615656316
Latency: 0.14137625903822482
Latency: 0.14771852805279195
Latency: 0.14915127702988684
Latency: 0.1500791551079601
Latency: 0.15149247623048723
Latency: 0.15354991308413446
Latency: 0.15498739993199706
Latency: 0.15638051298446953
Latency: 0.15564007498323917
Latency: 0.15710612386465073
Latency: 0.1584990951232612
Latency: 0.15993040590547025
Latency: 0.16136032599024475
Latency: 0.16279054782353342
Latency: 0.16424357681535184
Latency: 0.1698547292035073
Latency: 0.17122351098805666
Latency: 0.17034504981711507
Latency: 0.1717459810897708
Latency: 0.17497110296972096
Latency: 0.1779409139417112
Latency: 0.17461796198040247
Latency: 0.17928384011611342
Latency: 0.1792273239698261
Latency: 0.13069070409983397
Latency: 0.1376236630603671
Latency: 0.13909714599139988
Latency: 0.14060953888110816
Latency: 0.1420134089421481
Latency: 0.14344384404830635
Latency: 0.1448409571312368
Latency: 0.14629355515353382
Latency: 0.14772308501414955
Latency: 0.1491476569790393
Latency: 0.15257980697788298
Latency: 0.15396790904924273
Latency: 0.15541015495546162
Latency: 0.15499495808035135
Latency: 0.15649095503613353
Latency: 0.1579084568656981
Latency: 0.15933880908414721
Latency: 0.1607340439222753
Latency: 0.16218413319438696
Latency: 0.16364324488677084
Latency: 0.1681284459773451
Latency: 0.16956613305956125
Latency: 0.17240231507457793
Latency: 0.1738183570560068
Latency: 0.17727770889177918
Latency: 0.17565055401064456
Latency: 0.17717174487188458
Latency: 0.17993008997291327
Latency: 0.18116791499778628
Latency: 0.16153697087429464
Latency: 0.16263643302954733
Latency: 0.16423372691497207
Latency: 0.15269522205926478
Latency: 0.16874371096491814
Latency: 0.1699761429335922
Latency: 0.16556515195406973
Latency: 0.1669851669576019
Latency: 0.1683152869809419
Latency: 0.17362738796509802
Latency: 0.1747873150743544
Latency: 0.1762829190120101
Latency: 0.18057047901675105
Latency: 0.17956516589038074
Latency: 0.18442624481394887
Latency: 0.18594984896481037
Latency: 0.18743824097327888
Latency: 0.18904289393685758
Latency: 0.1906099661719054
Latency: 0.19207449490204453
Latency: 0.1936249160207808
Latency: 0.19577208487316966
Latency: 0.1978742480278015
Latency: 0.20053322101011872
Latency: 0.2021072010975331
Latency: 0.20237448601983488
Latency: 0.20165676600299776
Latency: 0.2073527160100639
Latency: 0.20867193001322448
Latency: 0.21250464487820864
Latency: 0.20232566096819937
Latency: 0.20500852190889418
Latency: 0.2025238499045372
Latency: 0.20551054109819233
Latency: 0.17757535818964243
Latency: 0.18280750000849366
Latency: 0.16683717188425362
Latency: 0.16816813894547522
Latency: 0.164640162140131
Latency: 0.16588109987787902
Latency: 0.16731502208858728
Latency: 0.1659112349152565
Latency: 0.16728640999644995
Latency: 0.1686273708473891
Latency: 0.17350097093731165
Latency: 0.17529786517843604
Latency: 0.16888608504086733
Latency: 0.17012216988950968
Latency: 0.17135725799016654
Latency: 0.17273612786084414
Latency: 0.17738221189938486
Latency: 0.1783511380199343
Latency: 0.17738820798695087
Latency: 0.18066969304345548
Latency: 0.18409406603313982
Latency: 0.1831074608489871
Latency: 0.18657289701513946
Latency: 0.1879404268693179
Latency: 0.18929179082624614
Latency: 0.19163090293295681
Latency: 0.19296728889457881
Latency: 0.19307395000942051
Latency: 0.20416788291186094
Latency: 0.19347641011700034
Latency: 0.18035075394436717
Latency: 0.18070835410617292
Latency: 0.1810202761553228
Latency: 0.14764731493778527
Latency: 0.1510539089795202
Latency: 0.1523955250158906
Latency: 0.15351624600589275
Latency: 0.15463514206930995
Latency: 0.15600044908933342
Latency: 0.16400560503825545
Latency: 0.16540621011517942
Latency: 0.16683238884434104
Latency: 0.1689705210737884
Latency: 0.17045719805173576
Latency: 0.17184207518585026
Latency: 0.173219382064417
Latency: 0.1783565068617463
Latency: 0.17922611092217267
Latency: 0.17841433710418642
Latency: 0.18251759908162057
Latency: 0.1839965379331261
Latency: 0.1841106149367988
Latency: 0.18439553189091384
Latency: 0.18564515700563788
Latency: 0.17909262399189174
Latency: 0.17998241703025997
Latency: 0.181321487063542
Latency: 0.1827036899048835
Latency: 0.18757081194780767
Latency: 0.18899539508856833
Latency: 0.18390829698182642
Latency: 0.1766996760852635
Latency: 0.16695550200529397
Latency: 0.17135025886818767
Latency: 0.1727328698616475
Latency: 0.15393984992988408
Latency: 0.1567240220028907
Latency: 0.15801685606129467
Latency: 0.1592185520567
Latency: 0.16062523308210075
Latency: 0.15487741981633008
Latency: 0.15597714693285525
Latency: 0.16262483596801758
Latency: 0.16395857790485024
Latency: 0.16340117109939456
Latency: 0.16479680011980236
Latency: 0.1663108109496534
Latency: 0.16768408683128655
Latency: 0.16994127188809216
Latency: 0.17124371509999037
Latency: 0.17269269283860922
Latency: 0.1754922028630972
Latency: 0.17693328019231558
Latency: 0.1783217298798263
Latency: 0.17507065902464092
Latency: 0.1764943921007216
Latency: 0.17774111917242408
Latency: 0.1689284830354154
Latency: 0.17335143103264272
Latency: 0.17388601088896394
Latency: 0.17811500281095505
Latency: 0.179458930157125
Latency: 0.20388949196785688
Latency: 0.20480680000036955
Latency: 0.19116078107617795
Latency: 0.19232007092796266
Latency: 0.196590461069718
Latency: 0.1783289371524006
Latency: 0.17449069791473448
Latency: 0.17583739501424134
Latency: 0.18324333522468805
Latency: 0.18442732701078057
Latency: 0.18759473809041083
Latency: 0.1889404181856662
Latency: 0.1896848171018064
Latency: 0.19091741205193102
Latency: 0.15807371400296688
Latency: 0.15915048797614872
Latency: 0.16051406785845757
Latency: 0.1618813679087907
Latency: 0.16449192119762301
Latency: 0.16576757607981563
Latency: 0.16702812095172703
Latency: 0.17082731192931533
Latency: 0.17221865290775895
Latency: 0.1709292009472847
Latency: 0.1720564488787204
Latency: 0.17001900100149214
Latency: 0.17229409399442375
Latency: 0.17367398086935282
Latency: 0.17090880288742483
Latency: 0.17172527988441288
Latency: 0.17396176210604608
Latency: 0.17536693206056952
Latency: 0.17346154781989753
Latency: 0.17482718103565276
Latency: 0.16420767595991492
Latency: 0.16615963797084987
Latency: 0.16126862214878201
Latency: 0.14393575210124254
Latency: 0.14527009520679712
Latency: 0.14661034499295056
Latency: 0.15562503202818334
Latency: 0.1569409230723977
Latency: 0.15833432390354574
Latency: 0.15953917684964836
Latency: 0.14860827312804759
Latency: 0.1499732651282102
Latency: 0.15321180084720254
Latency: 0.15450587309896946
Latency: 0.1601751521229744
Latency: 0.16281244507990777
Latency: 0.16143131395801902
Latency: 0.16282603796571493
Latency: 0.16418073396198452
Latency: 0.16427891282364726
Latency: 0.1656048041768372
Latency: 0.16924103209748864
Latency: 0.1706795149948448
Latency: 0.17195276194252074
Latency: 0.17341987905092537
Latency: 0.17655897489748895
Latency: 0.1733393131289631
Latency: 0.1747074411250651
Latency: 0.1760689199436456
Latency: 0.17837200802750885
Latency: 0.17709519597701728
Latency: 0.18536115600727499
Latency: 0.17266086000017822
Latency: 0.17461283900775015
Latency: 0.16970962099730968
Latency: 0.14651757292449474
Latency: 0.14789642905816436
Latency: 0.14923261804506183
Latency: 0.1415830198675394
Latency: 0.14610515302047133
Latency: 0.1514142518863082
Latency: 0.15279136900790036
Latency: 0.15412636497057974
Latency: 0.15686876000836492
Latency: 0.15823718393221498
Latency: 0.1617460181005299
Latency: 0.16314049810171127
Latency: 0.16450598812662065
Latency: 0.16591854207217693
Latency: 0.16723607596941292
Latency: 0.17212680587545037
Latency: 0.1735665979795158
Latency: 0.17663723812438548
Latency: 0.17485073721036315
Latency: 0.17630577902309597
Latency: 0.1801376100629568
Latency: 0.18052677810192108
Latency: 0.17518427805043757
Latency: 0.1704627510625869
Latency: 0.17171259899623692
Latency: 0.1731696119531989
Latency: 0.17643749620765448
Latency: 0.17786137200891972
Latency: 0.17530880495905876
Latency: 0.16649264912120998
Latency: 0.1666153189726174
Latency: 0.17202534503303468
Latency: 0.17859004600904882
Latency: 0.17990404996089637
Latency: 0.18126532202586532
Latency: 0.17654400994069874
Latency: 0.1753274858929217
Latency: 0.17671636282466352
Latency: 0.17812543688341975
Latency: 0.1795178500469774
Latency: 0.182869320968166
Latency: 0.18422503606416285
Latency: 0.18949626781977713
Latency: 0.18815413699485362
Latency: 0.19050649693235755
Latency: 0.1917768339626491
Latency: 0.19313745596446097
Latency: 0.19637699984014034
Latency: 0.19772046501748264
Latency: 0.1998725759331137
Latency: 0.20282098604366183
Latency: 0.2040057829581201
Latency: 0.19925207807682455
Latency: 0.20060887793079019
Latency: 0.201932076131925
Latency: 0.20335280615836382
Latency: 0.20469013089314103
Latency: 0.20597080793231726
Latency: 0.21015002788044512
Latency: 0.21129344194196165
Latency: 0.20150220417417586
Latency: 0.20192344300448895
Latency: 0.20746652781963348
Latency: 0.15991887194104493
Latency: 0.1422515290323645
Latency: 0.1435543061234057
Latency: 0.14960850006900728
Latency: 0.15094469697214663
Latency: 0.14049554406665266
Latency: 0.14784778002649546
Latency: 0.1483054361306131
Latency: 0.15401901584118605
Latency: 0.15314542688429356
Latency: 0.15421119099482894
Latency: 0.15505239716731012
Latency: 0.15980359981767833
Latency: 0.1645520159509033
Latency: 0.16701707104220986
Latency: 0.1684216468129307
Latency: 0.17153875902295113
Latency: 0.17298834794200957
Latency: 0.16545802890323102
Latency: 0.1668320440221578
Latency: 0.16821682499721646
Latency: 0.1665008661802858
Latency: 0.16786811803467572
Latency: 0.16926043084822595
Latency: 0.17063470417633653
Latency: 0.17353348806500435
Latency: 0.17495538899675012
Latency: 0.1801869049668312
Latency: 0.18539833300746977
Latency: 0.16750200209207833
Latency: 0.16885482892394066
Latency: 0.16897763102315366
Latency: 0.15781352412886918
Latency: 0.154881905997172
Latency: 0.15618152893148363
Latency: 0.1630087699741125
Latency: 0.16911493218503892
Latency: 0.15821563405916095
Latency: 0.1543831790331751
Latency: 0.15579640795476735
Latency: 0.1606430469546467
Latency: 0.16160977189429104
Latency: 0.1558756718877703
Latency: 0.164715328020975
Latency: 0.1639972219709307
Latency: 0.16713962494395673
Latency: 0.16718465206213295
Latency: 0.1685733930207789
Latency: 0.16813539108261466
Latency: 0.16165203298442066
Latency: 0.16214405908249319
Latency: 0.16338726109825075
Latency: 0.1648075010161847
Latency: 0.16904799989424646
Latency: 0.17048215586692095
Latency: 0.171803381992504
Latency: 0.17320478102192283
Latency: 0.17495261784642935
Latency: 0.18164980900473893
Latency: 0.17923151492141187
Latency: 0.17177155893296003
Latency: 0.1604746028315276
Latency: 0.16201538988389075
Latency: 0.17036924604326487
Latency: 0.15524107590317726
Latency: 0.14771703188307583
Latency: 0.16184268100187182
Latency: 0.15917103202082217
Latency: 0.15555436490103602
Latency: 0.14448029920458794
Latency: 0.1459074371960014
Latency: 0.15914290491491556
Latency: 0.16049407608807087
Latency: 0.16394660994410515
Latency: 0.15620428696274757
Latency: 0.15754831093363464
Latency: 0.16083724796772003
Latency: 0.16207496100105345
Latency: 0.15882414509542286
Latency: 0.16031299391761422
Latency: 0.16167435119859874
Latency: 0.1631053308956325
Latency: 0.1642763519193977
Latency: 0.16753378906287253
Latency: 0.1687302638310939
Latency: 0.16979814996011555
Latency: 0.1742673369590193
Latency: 0.17562030791305006
Latency: 0.1792940739542246
Latency: 0.17828296404331923
Latency: 0.17399928299710155
Latency: 0.16689878003671765
Latency: 0.17094761203043163
Latency: 0.16761641204357147
Latency: 0.1729324369225651
Latency: 0.16342536197043955
Latency: 0.2016497969161719
Latency: 0.19967370899394155
Latency: 0.19068699586205184
Latency: 0.18998232809826732
Latency: 0.18753590900450945
Latency: 0.18607980106025934
Latency: 0.1875324931461364
Latency: 0.19730115518905222
Latency: 0.1982079588342458
Latency: 0.1971173658967018
Latency: 0.19847771991044283
Latency: 0.19976400607265532
Latency: 0.19797432119958103
Latency: 0.19919720594771206
Latency: 0.2005421412177384
Latency: 0.2015766710974276
Latency: 0.20488661993294954
Latency: 0.2035784488543868
Latency: 0.20513328001834452
Latency: 0.20919004105962813
Latency: 0.21041344408877194
Latency: 0.20898319710977376
Latency: 0.21242991904728115
Latency: 0.2183863481041044
Latency: 0.212864930042997
Latency: 0.1778993329498917
Latency: 0.17433914518915117
Latency: 0.1720321460161358
Latency: 0.16411246196366847
Latency: 0.16792933084070683
Latency: 0.1655842950567603
Latency: 0.16920119989663363
Latency: 0.1683836500160396
Latency: 0.15948940301313996
Latency: 0.15465182322077453
Latency: 0.14653426292352378
Latency: 0.1477049731183797
Latency: 0.15796607197262347
Latency: 0.15940938191488385
Latency: 0.1550156509038061
Latency: 0.1563156507909298
Latency: 0.15771870617754757
Latency: 0.16004852298647165
Latency: 0.16141871991567314
Latency: 0.16284540900960565
Latency: 0.16400874988175929
Latency: 0.16533470805734396
Latency: 0.16973939607851207
Latency: 0.172389562940225
Latency: 0.17375954193994403
Latency: 0.17517151194624603
Latency: 0.17001253785565495
Latency: 0.17141449893824756
Latency: 0.175281492061913
Latency: 0.1768129300326109
Latency: 0.18109310301952064
Latency: 0.17156265187077224
Latency: 0.17543824715539813
Latency: 0.17566907801665366
Latency: 0.17263879114761949
Latency: 0.16601383383385837
Latency: 0.16030359407886863
Latency: 0.17169523006305099
Latency: 0.16143301920965314
Latency: 0.16451888997107744
Latency: 0.13987125386483967
Latency: 0.14905019500292838
Latency: 0.15048598195426166
Latency: 0.15517361112870276
Latency: 0.15247555798850954
Latency: 0.15382387000136077
Latency: 0.15511939791031182
Latency: 0.15761449397541583
Latency: 0.15599328302778304
Latency: 0.16054023709148169
Latency: 0.1643934070598334
Latency: 0.16576422099024057
Latency: 0.1671614428050816
Latency: 0.16853022808209062
Latency: 0.16963564907200634
Latency: 0.16835529590025544
Latency: 0.17477835319004953
Latency: 0.1760835349559784
Latency: 0.17780781094916165
Latency: 0.17923609889112413
Latency: 0.17383727198466659
Latency: 0.17798350006341934
Latency: 0.17599782394245267
Latency: 0.17728253500536084
Latency: 0.17062180093489587
Latency: 0.17199314595200121
Latency: 0.1655531048309058
Latency: 0.1669497771654278
Latency: 0.16520098689943552
Latency: 0.15930045396089554
Latency: 0.15579947200603783
Latency: 0.15459930687211454
Latency: 0.1952683359850198
Latency: 0.18420645012520254
Latency: 0.17932221619412303
Latency: 0.1905794150661677
Latency: 0.1819035999942571
Latency: 0.183345875935629
Latency: 0.18730910401791334
Latency: 0.18869761493988335
Latency: 0.186465053120628
Latency: 0.18667505704797804
Latency: 0.18805493088439107
Latency: 0.19067714316770434
Latency: 0.20220379484817386
Latency: 0.20334001001901925
Latency: 0.20207270211540163
Latency: 0.20049885287880898
Latency: 0.2021384269464761
Latency: 0.1998863280750811
Latency: 0.20607799291610718
Latency: 0.20569604402408004
Latency: 0.2071395858656615
Latency: 0.20775077398866415
Latency: 0.20532556297257543
Latency: 0.20879564597271383
Latency: 0.20294923102483153
Latency: 0.20683515700511634
Latency: 0.2028883460443467
Latency: 0.2089451088104397
Latency: 0.1981090591289103
Latency: 0.191796402214095
Latency: 0.18839204497635365
Latency: 0.15876154089346528
Latency: 0.15785882389172912
Latency: 0.14933645818382502
Latency: 0.15064914687536657
Latency: 0.14992534811608493
Latency: 0.1557268409524113
Latency: 0.15717575093731284
Latency: 0.15612296597100794
Latency: 0.15740670287050307
Latency: 0.15734303020872176
Latency: 0.1586955061648041
Latency: 0.16008263383992016
Latency: 0.1588211851194501
Latency: 0.1615822189487517
Latency: 0.16567014111205935
Latency: 0.16883738688193262
Latency: 0.1694142180494964
Latency: 0.17082291492260993
Latency: 0.1713185179978609
Latency: 0.17156521510332823
Latency: 0.17294068192131817
Latency: 0.18295594188384712
Latency: 0.18104607495479286
Latency: 0.18241562601178885
Latency: 0.1774335210211575
Latency: 0.17882270901463926
Latency: 0.17579165799543262
Latency: 0.18359724711626768
Latency: 0.17310375208035111
Latency: 0.16370434500277042
Latency: 0.1608988861553371
Latency: 0.15269621997140348
Latency: 0.15594595111906528
Latency: 0.14124620403163135
Latency: 0.15490038809366524
Latency: 0.1562683181837201
Latency: 0.1554826758801937
Latency: 0.1518872738815844
Latency: 0.15656828810460865
Latency: 0.15612195804715157
Latency: 0.15751350880600512
Latency: 0.1587223729584366
Latency: 0.16040155291557312
Latency: 0.16158415819518268
Latency: 0.16178660606965423
Latency: 0.16298686596564949
Latency: 0.16423974302597344
Latency: 0.1635972550138831
Latency: 0.16941929305903614
Latency: 0.17077318509109318
Latency: 0.17215828597545624
Latency: 0.1760329739190638
Latency: 0.18122147512622178
Latency: 0.1799039540346712
Latency: 0.17860101093538105
Latency: 0.17993206507526338
Latency: 0.18289848905988038
Latency: 0.18413977907039225
Latency: 0.17488501989282668
Latency: 0.16232967702671885
Latency: 0.1637397538870573
Latency: 0.16500520496629179
Latency: 0.1620931930374354
Latency: 0.16347429691813886
Latency: 0.16516572004184127
Latency: 0.15289416280575097
Latency: 0.15168273216113448
Latency: 0.1530697550624609
Latency: 0.14971485012210906
Latency: 0.15448941919021308
Latency: 0.1550775459036231
Latency: 0.15247951005585492
Latency: 0.15408556791953743
Latency: 0.15552256093360484
Latency: 0.15673562115989625
Latency: 0.15815678308717906
Latency: 0.1595726408995688
Latency: 0.16058615501970053
Latency: 0.16431592195294797
Latency: 0.16576032293960452
Latency: 0.16657183598726988
Latency: 0.17121331812813878
Latency: 0.17145017883740366
Latency: 0.17188684921711683
Latency: 0.17589331604540348
Latency: 0.18024494894780219
Latency: 0.17921684798784554
Latency: 0.17717179283499718
Latency: 0.17450017109513283
Latency: 0.1777087659575045
Latency: 0.18142882408574224
Latency: 0.17537706508301198
Latency: 0.18471778114326298
Latency: 0.16104305209591985
Latency: 0.14596379012800753
Latency: 0.15011174394749105
Latency: 0.18769688298925757
Latency: 0.17918301792815328
Latency: 0.1818042250815779
Latency: 0.18322506709955633
Latency: 0.18456269102171063
Latency: 0.19099983712658286
Latency: 0.19240520591847599
Latency: 0.18531560013070703
Latency: 0.1884614520240575
Latency: 0.18986523896455765
Latency: 0.19476880109868944
Latency: 0.1961773729417473
Latency: 0.19761295802891254
Latency: 0.19889826397411525
Latency: 0.19995990209281445
Latency: 0.20004156394861639
Latency: 0.20149021595716476
Latency: 0.2010399429127574
Latency: 0.2072286179754883
Latency: 0.2105394888203591
Latency: 0.21192683093249798
Latency: 0.20582280796952546
Latency: 0.208790437085554
Latency: 0.20992614910937846
Latency: 0.21006959793157876
Latency: 0.20916306809522212
Latency: 0.2085009899456054
Latency: 0.2100557901430875
Latency: 0.16343359602615237
Latency: 0.16303396504372358
Latency: 0.14641292300075293
Latency: 0.14871022407896817
Latency: 0.15423213597387075
Latency: 0.14087059698067605
Latency: 0.15065541700460017
Latency: 0.15206502005457878
Latency: 0.15347145101986825
Latency: 0.1484824949875474
Latency: 0.14980304706841707
Latency: 0.15125508001074195
Latency: 0.15254218596965075
Latency: 0.15359581401571631
Latency: 0.15236400184221566
Latency: 0.15370336291380227
Latency: 0.1551100998185575
Latency: 0.16031616902910173
Latency: 0.1646982750389725
Latency: 0.16604135907255113
Latency: 0.1675005319993943
Latency: 0.16893115709535778
Latency: 0.17007078393362463
Latency: 0.17150763585232198
Latency: 0.17286729789339006
Latency: 0.17444129404611886
Latency: 0.1666751760058105
Latency: 0.16797771910205483
Latency: 0.1694096999708563
Latency: 0.17415996687486768
Latency: 0.1756430238019675
Latency: 0.18865843513049185
Latency: 0.16464511980302632
Latency: 0.16601465898565948
Latency: 0.15600915905088186
Latency: 0.15750243421643972
Latency: 0.15809344593435526
Latency: 0.16267822007648647
Latency: 0.15088024199940264
Latency: 0.1521913988981396
Latency: 0.1535192858427763
Latency: 0.15168559807352722
Latency: 0.1528203149791807
Latency: 0.15422909799963236
Latency: 0.1554430080577731
Latency: 0.15680291783064604
Latency: 0.15819924720562994
Latency: 0.1628933090250939
Latency: 0.1640552079770714
Latency: 0.16181662096641958
Latency: 0.1670657901559025
Latency: 0.168460160959512
Latency: 0.16986323706805706
Latency: 0.17124673211947083
Latency: 0.17688754410482943
Latency: 0.1721879718825221
Latency: 0.17356939613819122
Latency: 0.16898270603269339
Latency: 0.1703350890893489
Latency: 0.1717397510074079
Latency: 0.1730337841436267
Latency: 0.1761225659865886
Latency: 0.17827915214002132
Latency: 0.1570883688982576
Latency: 0.15849760989658535
Latency: 0.1679972899146378
Latency: 0.16077516414225101
Latency: 0.16211923910304904
Latency: 0.15827770810574293
Latency: 0.17833030316978693
Latency: 0.1763752370607108
Latency: 0.17767193098552525
Latency: 0.18245101510547101
Latency: 0.18072402896359563
Latency: 0.18197382614016533
Latency: 0.18841580813750625
Latency: 0.1898121868725866
Latency: 0.19895481714047492
Latency: 0.2001915699802339
Latency: 0.1894983588717878
Latency: 0.19386654603295028
Latency: 0.195175020955503
Latency: 0.1963224138598889
Latency: 0.19739372981712222
Latency: 0.19881696486845613
Latency: 0.19987500715069473
Latency: 0.20056758588179946
Latency: 0.20476808585226536
Latency: 0.20616719708777964
Latency: 0.19627637905068696
Latency: 0.19767862604930997
Latency: 0.19905228400602937
Latency: 0.20187278697267175
Latency: 0.20327762397937477
Latency: 0.20473031885921955
Latency: 0.20186269213445485
Latency: 0.2032470281701535
Latency: 0.20633271778933704
Latency: 0.19619180192239583
Latency: 0.19761915411800146
Latency: 0.18477519089356065
Latency: 0.14254416292533278
Latency: 0.1480831359513104
Latency: 0.14938424690626562
Latency: 0.1568960149306804
Latency: 0.16659503686241806
Latency: 0.16804349492304027
Latency: 0.1672523918095976
Latency: 0.16884555690921843
Latency: 0.1568977579008788
Latency: 0.15828796196728945
Latency: 0.15958843799307942
Latency: 0.16078374907374382
Latency: 0.16216490999795496
Latency: 0.16355969198048115
Latency: 0.1631142010446638
Latency: 0.16445304616354406
Latency: 0.16583567718043923
Latency: 0.1672126790508628
Latency: 0.17107052891515195
Latency: 0.17246118606999516
Latency: 0.16897304984740913
Latency: 0.17034085793420672
Latency: 0.17393953609280288
Latency: 0.1738180578686297
Latency: 0.17515968601219356
Latency: 0.17977188504301012
Latency: 0.17995728203095496
Latency: 0.1813853750936687
Latency: 0.17901961598545313
Latency: 0.16468207607977092
Latency: 0.16443781997077167
Latency: 0.15839738002978265
Latency: 0.17158912494778633
Latency: 0.15200598910450935
Latency: 0.15343983913771808
Latency: 0.15564043493941426
Latency: 0.1488562140148133
Latency: 0.15010074386373162
Latency: 0.14925017300993204
Latency: 0.15042190509848297
Latency: 0.1508275200612843
Latency: 0.1509557559620589
Latency: 0.15216633211821318
Latency: 0.1526584019884467
Latency: 0.15373886399902403
Latency: 0.15808594110421836
Latency: 0.16193095897324383
Latency: 0.16308180196210742
Latency: 0.16665866994298995
Latency: 0.16739766695536673
Latency: 0.1687987600453198
Latency: 0.16839037695899606
Latency: 0.1771627441048622
Latency: 0.17784631298854947
Latency: 0.1783481959719211
Latency: 0.17081526294350624
Latency: 0.1722112949937582
Latency: 0.17382806888781488
Latency: 0.1775168350432068
Latency: 0.17887736298143864
Latency: 0.1781965319532901
Latency: 0.16203543520532548
Latency: 0.16192748793400824
Latency: 0.15630997507832944
Latency: 0.1610859038773924
Latency: 0.1469366899691522
Latency: 0.1482345750555396
Latency: 0.14529805001802742
Latency: 0.14658491592854261
Latency: 0.1479791000019759
Latency: 0.15005135093815625
Latency: 0.15119834686629474
Latency: 0.1502387630753219
Latency: 0.15339985792525113
Latency: 0.15401316503994167
Latency: 0.15531021496281028
Latency: 0.1610340098850429
Latency: 0.16247155494056642
Latency: 0.16520580905489624
Latency: 0.16658477298915386
Latency: 0.1652580399531871
Latency: 0.16664946102537215
Latency: 0.16932801203802228
Latency: 0.17488275398500264
Latency: 0.17947188788093626
Latency: 0.17112765391357243
Latency: 0.17015823791734874
Latency: 0.17204195796512067
Latency: 0.1781969810836017
Latency: 0.18004291108809412
Latency: 0.18609481514431536
Latency: 0.19642672687768936
Latency: 0.17551311990246177
Latency: 0.18240542896091938
Latency: 0.18414106988348067
Latency: 0.17521499120630324
Latency: 0.22684476803988218
Latency: 0.2099897579755634
Latency: 0.21126899286173284
Latency: 0.2036998060066253
Latency: 0.2049179549794644
Latency: 0.21030850196257234
Latency: 0.20463739498518407
Latency: 0.2084603989496827
Latency: 0.21370250103063881
Latency: 0.21438763802871108
Latency: 0.21572309196926653
Latency: 0.21567436307668686
Latency: 0.21573793003335595
Latency: 0.2171035991050303
Latency: 0.2172494970727712
Latency: 0.22090341011062264
Latency: 0.22228476288728416
Latency: 0.22392512182705104
Latency: 0.22816426097415388
Latency: 0.21865605399943888
Latency: 0.20951009611599147
Latency: 0.21086671808734536
Latency: 0.21212191181257367
Latency: 0.21650048508308828
Latency: 0.21620468003675342
Latency: 0.22324553690850735
Latency: 0.22293375781737268
Latency: 0.1580557159613818
Latency: 0.15899928915314376
Latency: 0.16034473408944905
Latency: 0.1652115520555526
Latency: 0.16249939985573292
Latency: 0.14930809708312154
Latency: 0.1461480869911611
Latency: 0.14979898394085467
Latency: 0.15114241489209235
Latency: 0.15252026380039752
Latency: 0.1505977080669254
Latency: 0.16310557909309864
Latency: 0.16044592391699553
Latency: 0.16053455509245396
Latency: 0.16195313702337444
Latency: 0.16304253414273262
Latency: 0.1644123501610011
Latency: 0.1697805249132216
Latency: 0.1711859640199691
Latency: 0.17202850780449808
Latency: 0.17281264998018742
Latency: 0.1741747879423201
Latency: 0.17545009590685368
Latency: 0.17251691804267466
Latency: 0.17141099902801216
Latency: 0.17029811581596732
Latency: 0.17146073398180306
Latency: 0.17288042418658733
Latency: 0.1755979359149933
Latency: 0.1769695298280567
Latency: 0.16909395693801343
Latency: 0.17041410505771637
Latency: 0.1604150130879134
Latency: 0.1710869821254164
Latency: 0.1718519008718431
Latency: 0.1690375821199268
Latency: 0.14210355398245156
Latency: 0.16496218601241708
Latency: 0.14128252607770264
Latency: 0.1426739702001214
Latency: 0.14719747914932668
Latency: 0.14857527194544673
Latency: 0.1499561509117484
Latency: 0.16164241102524102
Latency: 0.14813763787969947
Latency: 0.1492770561017096
Latency: 0.15410030097700655
Latency: 0.15529478900134563
Latency: 0.15902023203670979
Latency: 0.16044242400676012
Latency: 0.16153549402952194
Latency: 0.16266245394945145
Latency: 0.16376544605009258
Latency: 0.165174599038437
Latency: 0.1698692759964615
Latency: 0.17124486900866032
Latency: 0.17013275809586048
Latency: 0.1669390310999006
Latency: 0.1681466919835657
Latency: 0.16944423713721335
Latency: 0.17244380502961576
Latency: 0.1738883259240538
Latency: 0.172702627023682
Latency: 0.1740247958805412
Latency: 0.17551769595593214
Latency: 0.17190559790469706
Latency: 0.17159429797902703
Latency: 0.1717653889209032
Latency: 0.1611890010535717
Latency: 0.16067778691649437
Latency: 0.14840475912205875
Latency: 0.14976763888262212
Latency: 0.15056436299346387
Latency: 0.15200043004006147
Latency: 0.15760181518271565
Latency: 0.18408781685866416
Latency: 0.18760210718028247
Latency: 0.18898869003169239
Latency: 0.1877732342109084
Latency: 0.189116639085114
Latency: 0.19024005602113903
Latency: 0.19156433106400073
Latency: 0.1929854277987033
Latency: 0.198000721167773
Latency: 0.19939215295016766
Latency: 0.2045092200860381
Latency: 0.20368638983927667
Latency: 0.20502044190652668
Latency: 0.20931392395868897
Latency: 0.20527767995372415
Latency: 0.20651588100008667
Latency: 0.207687484100461
Latency: 0.20716879214160144
Latency: 0.20842914283275604
Latency: 0.2111254350747913
Latency: 0.2125935119111091
Latency: 0.214128962950781
Latency: 0.19771201605908573
Latency: 0.19787153415381908
Latency: 0.2025084390770644
Latency: 0.18942120298743248
Latency: 0.19144221395254135
Latency: 0.14746467396616936
Latency: 0.14863481605425477
Latency: 0.1498297518119216
Latency: 0.15122343902476132
Latency: 0.15595589787699282
Latency: 0.1547161708585918
Latency: 0.15457791206426919
Latency: 0.15522824390791357
Latency: 0.15788675099611282
Latency: 0.15935558616183698
Latency: 0.16074253479018807
Latency: 0.16213695192709565
Latency: 0.16352827288210392
Latency: 0.16598073788918555
Latency: 0.16737230704165995
Latency: 0.1683568141888827
Latency: 0.16980642592534423
Latency: 0.1712014831136912
Latency: 0.17654005391523242
Latency: 0.17261925898492336
Latency: 0.17388885794207454
Latency: 0.17529997415840626
Latency: 0.17669484112411737
Latency: 0.17828308907337487
Latency: 0.17325945501215756
Latency: 0.17635967279784381
Latency: 0.17781116208061576
Latency: 0.16890059784054756
Latency: 0.17023281287401915
Latency: 0.1578087559901178
Latency: 0.15900290105491877
Latency: 0.16217180201783776
Latency: 0.14766767784021795
Latency: 0.14893501996994019
Latency: 0.15048594493418932
Latency: 0.1518452879972756
Latency: 0.15307406010106206
Latency: 0.15079838200472295
Latency: 0.15071980305947363
Latency: 0.15192561293952167
Latency: 0.1534280190244317
Latency: 0.15424548601731658
Latency: 0.15977173298597336
Latency: 0.16112088109366596
Latency: 0.1635905730072409
Latency: 0.1649242101702839
Latency: 0.16657696710899472
Latency: 0.1699478959199041
Latency: 0.17133708880282938
Latency: 0.17274888209067285
Latency: 0.17522806604392827
Latency: 0.17133428202942014
Latency: 0.17270479700528085
Latency: 0.1740862529259175
Latency: 0.17545936908572912
Latency: 0.17687267786823213
Latency: 0.17825707886368036
Latency: 0.18155656196177006
Latency: 0.18290836410596967
Latency: 0.17027753381989896
Latency: 0.17218666896224022
Latency: 0.15805910318158567
Latency: 0.1607988839969039
Latency: 0.16488433303311467
Latency: 0.15058631403371692
Latency: 0.1518551509361714
Latency: 0.1532137249596417
Latency: 0.15792289678938687
Latency: 0.15932381502352655
Latency: 0.15050737699493766
Latency: 0.15603022812865674
Latency: 0.15739544504322112
Latency: 0.1561147691681981
Latency: 0.1574636739678681
Latency: 0.15884861606173217
Latency: 0.1601957050152123
Latency: 0.1639853639062494
Latency: 0.16536498302593827
Latency: 0.16680122702382505
Latency: 0.16772580496035516
Latency: 0.16914173495024443
Latency: 0.1705812239088118
Latency: 0.16819367883726954
Latency: 0.16589483385905623
Latency: 0.167246910976246
Latency: 0.16865846794098616
Latency: 0.17008298309519887
Latency: 0.17152124410495162
Latency: 0.17453362699598074
Latency: 0.17597355600446463
Latency: 0.18757664505392313
Latency: 0.1628820828627795
Latency: 0.16448284103535116
Latency: 0.15094613516703248
Latency: 0.14695318299345672
Latency: 0.19277447601780295
Latency: 0.18170135910622776
Latency: 0.1830937268678099
Latency: 0.18449453404173255
Latency: 0.20179294608533382
Latency: 0.1925598350353539
Latency: 0.18929039710201323
Latency: 0.18890089797787368
Latency: 0.19012434897013009
Latency: 0.19149891193956137
Latency: 0.19289794797077775
Latency: 0.1942657260224223
Latency: 0.1956486669369042
Latency: 0.19595949188806117
Latency: 0.19590364792384207
Latency: 0.1972683360800147
Latency: 0.19847909407690167
Latency: 0.1999088500160724
Latency: 0.20350135792978108
Latency: 0.19708927208557725
Latency: 0.1984847190324217
Latency: 0.19986444897949696
Latency: 0.20126133388839662
Latency: 0.20486620999872684
Latency: 0.20618765894323587
Latency: 0.21551848109811544
Latency: 0.21671443386003375
Latency: 0.19861817685887218
Latency: 0.19190017390064895
Latency: 0.19296755781397223
Latency: 0.14561690599657595
Latency: 0.14707014407031238
Latency: 0.16072607995010912
Latency: 0.143041379051283
Latency: 0.14638915308751166
Latency: 0.1525599490851164
Latency: 0.15579752903431654
Latency: 0.15911936713382602
Latency: 0.160490752896294
Latency: 0.15591986384242773
Latency: 0.15732711390592158
Latency: 0.15862263087183237
Latency: 0.16002490394748747
Latency: 0.1614364709239453
Latency: 0.1628310380037874
Latency: 0.164194273063913
Latency: 0.16559275006875396
Latency: 0.16699520405381918
Latency: 0.16840462503023446
Latency: 0.16983129386790097
Latency: 0.16881281603127718
Latency: 0.16680389596149325
Latency: 0.1724196330178529
Latency: 0.1738396470900625
Latency: 0.17522026295773685
Latency: 0.1752019478008151
Latency: 0.17652500607073307
Latency: 0.17315698903985322
Latency: 0.17459293105639517
Latency: 0.1564827358815819
Latency: 0.16142680495977402
Latency: 0.16282023605890572
Latency: 0.1468163940589875
Latency: 0.14928492717444897
Latency: 0.17073899880051613
Latency: 0.1451210721861571
Latency: 0.14645175100304186
Latency: 0.16083881608210504
Latency: 0.15599201386794448
Latency: 0.15787320700474083
Latency: 0.15932581503875554
Latency: 0.1551156430505216
Latency: 0.15648090210743248
Latency: 0.15787737490609288
Latency: 0.1592213548719883
Latency: 0.1606713361106813
Latency: 0.1621045619249344
Latency: 0.16354890982620418
Latency: 0.16499036201275885
Latency: 0.1692940820939839
Latency: 0.16759954299777746
Latency: 0.1725901491008699
Latency: 0.17409616895020008
Latency: 0.1754816600587219
Latency: 0.1769089491572231
Latency: 0.18058120785281062
Latency: 0.1820621418301016
Latency: 0.18211252195760608
Latency: 0.18636327399872243
Latency: 0.17459592106752098
Latency: 0.1766074791084975
Latency: 0.164535169955343
Latency: 0.16964422492310405
Latency: 0.1710495250299573
Latency: 0.16040641907602549
Latency: 0.17713491804897785
Latency: 0.16027616895735264
Latency: 0.15216813306324184
Latency: 0.15349179203622043
Latency: 0.15903891413472593
Latency: 0.16019654390402138
Latency: 0.15776978805661201
Latency: 0.15915898699313402
Latency: 0.16050477186217904
Latency: 0.16191765503026545
Latency: 0.16804332192987204
Latency: 0.16950423293747008
Latency: 0.17109922994859517
Latency: 0.17251121113076806
Latency: 0.1739017078652978
Latency: 0.1752854681108147
Latency: 0.17460476304404438
Latency: 0.1758160530589521
Latency: 0.17309229006059468
Latency: 0.17577941506169736
Latency: 0.18061969801783562
Latency: 0.18191956193186343
Latency: 0.18320545786991715
Latency: 0.18907725694589317
Latency: 0.18563288100995123
Latency: 0.17286523804068565
Latency: 0.1560470061376691
Latency: 0.15735398512333632
Latency: 0.20162751083262265
Latency: 0.19360216497443616
Latency: 0.19836225593462586
Latency: 0.19849061104469
Latency: 0.2048546839505434
Latency: 0.19010733300819993
Latency: 0.1928873211145401
Latency: 0.19433900201693177
Latency: 0.1884118029847741
Latency: 0.18978362414054573
Latency: 0.1911449790932238
Latency: 0.192536337999627
Latency: 0.1949068820104003
Latency: 0.19633164210245013
Latency: 0.19814276811666787
Latency: 0.20265460317023098
Latency: 0.19733166904188693
Latency: 0.19857492297887802
Latency: 0.1998962559737265
Latency: 0.20123718492686749
Latency: 0.20254335715435445
Latency: 0.2039581008721143
Latency: 0.2051322020124644
Latency: 0.20628340099938214
Latency: 0.20769048295915127
Latency: 0.2115514138713479
Latency: 0.21298804110847414
Latency: 0.18029490020126104
Latency: 0.17155739082954824
Latency: 0.17229610495269299
Latency: 0.16692741494625807
Latency: 0.16829423303715885
Latency: 0.16276193805970252
Latency: 0.15659523895010352
Latency: 0.151857100892812
Latency: 0.1595788449048996
Latency: 0.16126437508501112
Latency: 0.14768135407939553
Latency: 0.1487997390795499
Latency: 0.15025464608334005
Latency: 0.15018566185608506
Latency: 0.15146405692212284
Latency: 0.1528536700643599
Latency: 0.15423392900265753
Latency: 0.15543235489167273
Latency: 0.15680171106941998
Latency: 0.15538107603788376
Latency: 0.15323740104213357
Latency: 0.1546481370460242
Latency: 0.1560700749978423
Latency: 0.1614747999701649
Latency: 0.16294679418206215
Latency: 0.1674280189909041
Latency: 0.1688544258940965
Latency: 0.17012191703543067
Latency: 0.1715489928610623
Latency: 0.17554933694191277
Latency: 0.1793348048813641
Latency: 0.18245005584321916
Latency: 0.1660714780446142
Latency: 0.15879764081910253
Latency: 0.1668007210828364
Latency: 0.16855510720051825
Latency: 0.16997154895216227
Latency: 0.15495311096310616
Latency: 0.1563911559060216
Latency: 0.1534672579728067
Latency: 0.158944021910429
Latency: 0.15763603011146188
Latency: 0.1441765760537237
Latency: 0.14434778993017972
Latency: 0.1457018607761711
Latency: 0.14707256201654673
Latency: 0.14832827798090875
Latency: 0.1497209700755775
Latency: 0.1510496698319912
Latency: 0.15225111786276102
Latency: 0.15365099580958486
Latency: 0.15448904293589294
Latency: 0.15585233317688107
Latency: 0.16494157793931663
Latency: 0.1690310020931065
Latency: 0.16952257393859327
Latency: 0.17073591193184257
Latency: 0.16869336692616343
Latency: 0.1710303658619523
Latency: 0.17533869692124426
Latency: 0.17687024781480432
Latency: 0.18069602618925273
Latency: 0.17417962406761944
Latency: 0.17542735091410577
Latency: 0.17233679699711502
Latency: 0.17379057593643665
Latency: 0.16903882496990263
Latency: 0.1635686750523746
Latency: 0.16501887515187263
Latency: 0.15028814901597798
Latency: 0.15531461080536246
Latency: 0.16400663112290204
Latency: 0.16134089813567698
Latency: 0.1656269480008632
Latency: 0.1921155930031091
Latency: 0.1888140148948878
Latency: 0.1902265411335975
Latency: 0.1878361499402672
Latency: 0.18925236584618688
Latency: 0.19323837687261403
Latency: 0.19475424010306597
Latency: 0.19617113308049738
Latency: 0.19769984390586615
Latency: 0.20173435704782605
Latency: 0.2031082189641893
Latency: 0.20253054704517126
Latency: 0.2098497599363327
Latency: 0.21145070903003216
Latency: 0.20818112790584564
Latency: 0.2132414299994707
Latency: 0.213489682180807
Latency: 0.217944122152403
Latency: 0.2171757200267166
Latency: 0.2186679020524025
Latency: 0.2167459421325475
Latency: 0.21212418004870415
Latency: 0.21201789006590843
Latency: 0.2183063728734851
Latency: 0.2244583920110017
Latency: 0.21250054403208196
Latency: 0.2175082650501281
Latency: 0.20416218787431717
Latency: 0.19994541793130338
Latency: 0.20332611701451242
Latency: 0.1767734580207616
Latency: 0.1721794269979
Latency: 0.15848892484791577
Latency: 0.15279743005521595
Latency: 0.15405643708072603
Latency: 0.15542926895432174
Latency: 0.15664993389509618
Latency: 0.15548473899252713
Latency: 0.16188579192385077
Latency: 0.16324507794342935
Latency: 0.1646399898454547
Latency: 0.16883667092770338
Latency: 0.16835202486254275
Latency: 0.17207215214148164
Latency: 0.1734285750426352
Latency: 0.17764354217797518
Latency: 0.18157776282168925
Latency: 0.18121637497097254
Latency: 0.18252653698436916
Latency: 0.1811743308790028
Latency: 0.1852202219888568
Latency: 0.1765045269858092
Latency: 0.17672287789173424
Latency: 0.1780703968834132
Latency: 0.17947847489267588
Latency: 0.17485523293726146
Latency: 0.16958171292208135
Latency: 0.16679506399668753
Latency: 0.15563058806583285
Latency: 0.15692863101139665
Latency: 0.16283918195404112
Latency: 0.16556936991401017
Latency: 0.15827003703452647
Latency: 0.14465721906162798
Latency: 0.14891534810885787
Latency: 0.14429707708768547
Latency: 0.14558414206840098
Latency: 0.14684755099005997
Latency: 0.14823098108172417
Latency: 0.1530471460428089
Latency: 0.15444294293411076
Latency: 0.1600248790346086
Latency: 0.16146653005853295
Latency: 0.16275245789438486
Latency: 0.16422437899746
Latency: 0.16470752586610615
Latency: 0.16726647899486125
Latency: 0.16865456802770495
Latency: 0.1727963217999786
Latency: 0.16634360793977976
Latency: 0.16765302885323763
Latency: 0.17159071494825184
Latency: 0.17475956794805825
Latency: 0.16885103099048138
Latency: 0.17337665986269712
Latency: 0.17488780594430864
Latency: 0.17815506807528436
Latency: 0.18174402695149183
Latency: 0.17127007502131164
Latency: 0.16572101204656065
Latency: 0.16713078878819942
Latency: 0.17132877791300416
Latency: 0.1643097649794072
Latency: 0.16408362006768584
Latency: 0.15655791899189353
Latency: 0.16762263886630535
Latency: 0.15008274395950139
Latency: 0.15147044509649277
Latency: 0.15292476420290768
Latency: 0.15916024195030332
Latency: 0.16066579008474946
Latency: 0.16054857801645994
Latency: 0.16198723996058106
Latency: 0.16115713794715703
Latency: 0.16239802003838122
Latency: 0.1638597280252725
Latency: 0.16515464195981622
Latency: 0.16602679481729865
Latency: 0.17137281992472708
Latency: 0.1727048910688609
Latency: 0.16975078312680125
Latency: 0.17111188801936805
Latency: 0.17242133989930153
Latency: 0.16967730410397053
Latency: 0.1756190569140017
Latency: 0.17701548407785594
Latency: 0.17563073593191803
Latency: 0.17959557613357902
Latency: 0.17614667606540024
Latency: 0.17455438198521733
Latency: 0.17451563593931496
Latency: 0.1678335969336331
Latency: 0.16380716487765312
Latency: 0.1745443819090724
Latency: 0.2087710490450263
Latency: 0.1946111130528152
Latency: 0.20062513300217688
Latency: 0.19865672988817096
Latency: 0.18465419602580369
Latency: 0.19493626384064555
Latency: 0.18866057600826025
Latency: 0.19355649198405445
Latency: 0.19449736992828548
Latency: 0.19438541098497808
Latency: 0.19563656602986157
Latency: 0.19692437699995935
Latency: 0.201735032023862
Latency: 0.2001456581056118
Latency: 0.20490942103788257
Latency: 0.20608723792247474
Latency: 0.2032750560902059
Latency: 0.19939047493971884
Latency: 0.20069033605977893
Latency: 0.20208926289342344
Latency: 0.20340793603099883
Latency: 0.2048131951596588
Latency: 0.20710975001566112
Latency: 0.21278536203317344
Latency: 0.21419796999543905
Latency: 0.2171425789128989
Latency: 0.1727148978970945
Latency: 0.1758646781090647
Latency: 0.17889494891278446
Latency: 0.17157829483039677
Latency: 0.17224154016003013
Latency: 0.1724711109418422
Latency: 0.1580336808692664
Latency: 0.1526959219481796
Latency: 0.16694528586231172
Latency: 0.1644541728310287
Latency: 0.15114781190641224
Latency: 0.15255237184464931
Latency: 0.15389598696492612
Latency: 0.1491518511902541
Latency: 0.1525142730679363
Latency: 0.15759220090694726
Latency: 0.15896604699082673
Latency: 0.16019646194763482
Latency: 0.1604279251769185
Latency: 0.16177927912212908
Latency: 0.16313178790733218
Latency: 0.16454926691949368
Latency: 0.16184190497733653
Latency: 0.1664998021442443
Latency: 0.16791457799263299
Latency: 0.16931661893613636
Latency: 0.17341678589582443
Latency: 0.175063103903085
Latency: 0.17516807815991342
Latency: 0.18063722387887537
Latency: 0.18208607891574502
Latency: 0.17564937006682158
Latency: 0.1728500931058079
Latency: 0.17531623388640583
Latency: 0.16462746518664062
Latency: 0.1687742390204221
Latency: 0.15408174507319927
Latency: 0.15562156192027032
Latency: 0.1542348361108452
Latency: 0.15557124302722514
Latency: 0.15233237808570266
Latency: 0.15373010514304042
Latency: 0.14410566701553762
Latency: 0.14551474200561643
Latency: 0.15229480806738138
Latency: 0.15363888791762292
Latency: 0.16013461188413203
Latency: 0.15887981816194952
Latency: 0.16034177783876657
Latency: 0.16171561600640416
Latency: 0.1615430531091988
Latency: 0.15860024187713861
Latency: 0.15986405103467405
Latency: 0.16488611698150635
Latency: 0.1657232551369816
Latency: 0.17046887590549886
Latency: 0.17195172188803554
Latency: 0.17327278992161155
Latency: 0.17130350600928068
Latency: 0.17262241686694324
Latency: 0.17392476997338235
Latency: 0.1789410209748894
Latency: 0.1814079969190061
Latency: 0.17780366190709174
Latency: 0.1790586339775473
Latency: 0.1818712968379259
Latency: 0.1815414580050856
Latency: 0.17428306001238525
Latency: 0.16841275803744793
Latency: 0.16971982503309846
Latency: 0.14456576807424426
Latency: 0.15224476694129407
Latency: 0.15475978585891426
Latency: 0.15618304791860282
Latency: 0.1841941741295159
Latency: 0.19243732606992126
Latency: 0.18575289007276297
Latency: 0.18717090087011456
Latency: 0.1863928190432489
Latency: 0.1875314530916512
Latency: 0.18890620488673449
Latency: 0.19020389602519572
Latency: 0.19161475589498878
Latency: 0.19612127309665084
Latency: 0.197730734013021
Latency: 0.19905634806491435
Latency: 0.2012485300656408
Latency: 0.1949098219629377
Latency: 0.19691856182180345
Latency: 0.198212024057284
Latency: 0.20069831097498536
Latency: 0.209937330102548
Latency: 0.21128604793921113
Latency: 0.20678038499318063
Latency: 0.21062921290285885
Latency: 0.2146433920133859
Latency: 0.2185961278155446
Latency: 0.20816650008782744
Latency: 0.21585499704815447
Latency: 0.216875754063949
Latency: 0.20156130800023675
Latency: 0.21161043900065124
Latency: 0.18529695086181164
Latency: 0.17938918620347977
Latency: 0.18082239502109587
Latency: 0.19564080494455993
Latency: 0.16135611105710268
Latency: 0.16240340610966086
Latency: 0.15591221186332405
Latency: 0.15725648100487888
Latency: 0.1586421118117869
Latency: 0.16000749613158405
Latency: 0.165269574848935
Latency: 0.16981259197928011
Latency: 0.1711388889234513
Latency: 0.1725000359583646
Latency: 0.17392461001873016
Latency: 0.17368079698644578
Latency: 0.1748887370340526
Latency: 0.18431162182241678
Latency: 0.1835143710486591
Latency: 0.18352607102133334
Latency: 0.18593879393301904
Latency: 0.1835716508794576
Latency: 0.1861674771644175
Latency: 0.19116564909927547
Latency: 0.19170361198484898
Latency: 0.1864345029462129
Latency: 0.1820259417872876
Latency: 0.18661272013559937
Latency: 0.17992766899988055
Latency: 0.1833009070251137
Latency: 0.18622371996752918
Latency: 0.1664607459679246
Latency: 0.16402066219598055
Latency: 0.1654983889311552
Latency: 0.1668462201487273
Latency: 0.17555869603529572
Latency: 0.150992251932621
Latency: 0.1485663230996579
Latency: 0.1497582618612796
Latency: 0.15520191611722112
Latency: 0.15410419087857008
Latency: 0.1626785930711776
Latency: 0.16405615606345236
Latency: 0.1632644711062312
Latency: 0.16211321880109608
Latency: 0.16346106096170843
Latency: 0.17057093582116067
Latency: 0.16876650298945606
Latency: 0.1701416578143835
Latency: 0.17116218199953437
Latency: 0.17144322209060192
Latency: 0.16889321897178888
Latency: 0.17153417086228728
Latency: 0.17286908393725753
Latency: 0.1810140770394355
Latency: 0.18127169786021113
Latency: 0.1742682890035212
Latency: 0.16977311903610826
Latency: 0.17749458295293152
Latency: 0.17185547691769898
Latency: 0.1761132529936731
Latency: 0.17065353295765817
Latency: 0.16355544398538768
Latency: 0.15913152717985213
Latency: 0.15602201293222606
Latency: 0.15734798298217356
Latency: 0.16993357986211777
Latency: 0.1691548170056194
Latency: 0.14297351497225463
Latency: 0.14427631604485214
Latency: 0.15387226804159582
Latency: 0.1536656399257481
Latency: 0.15348898898810148
Latency: 0.15473295003175735
Latency: 0.15608038497157395
Latency: 0.15747555089183152
Latency: 0.16384761384688318
Latency: 0.16527597792446613
Latency: 0.1647634911350906
Latency: 0.1660770468879491
Latency: 0.16744246007874608
Latency: 0.16880594193935394
Latency: 0.17551903682760894
Latency: 0.17702628881670535
Latency: 0.18159430590458214
Latency: 0.18135758396238089
Latency: 0.17308599804528058
Latency: 0.17419783701188862
Latency: 0.17676751501858234
Latency: 0.17817461187951267
Latency: 0.1720373909920454
Latency: 0.1557317958213389
Latency: 0.15707502397708595
Latency: 0.16149566695094109
Latency: 0.16291004000231624
Latency: 0.16454421891830862
Latency: 0.1593813409563154
Latency: 0.16077669989317656
Latency: 0.16523758205585182
Latency: 0.21458223089575768
Latency: 0.18697578506544232
Latency: 0.18830928206443787
Latency: 0.1961814931128174
Latency: 0.19226970011368394
Latency: 0.19364708592183888
Latency: 0.20201065205037594
Latency: 0.20339242299087346
Latency: 0.20745682390406728
Latency: 0.20456562004983425
Latency: 0.20594116486608982
Latency: 0.20453970390371978
Latency: 0.2058270110283047
Latency: 0.2071340880356729
Latency: 0.20937686320394278
Latency: 0.21072387299500406
Latency: 0.2161059589125216
Latency: 0.212006954010576
Latency: 0.20808417885564268
Latency: 0.21014149207621813
Latency: 0.2141264919191599
Latency: 0.21371052088215947
Latency: 0.21516047581098974
Latency: 0.21035730210132897
Latency: 0.2045423600357026
Latency: 0.20478294719941914
Latency: 0.16371044609695673
Latency: 0.16489348886534572
Latency: 0.15770986396819353
Latency: 0.16271956404671073
Latency: 0.16403914103284478
Latency: 0.17529814690351486
Latency: 0.16633395408280194
Latency: 0.1548034951556474
Latency: 0.15168687305413187
Latency: 0.15314978989772499
Latency: 0.16561884200200438
Latency: 0.16124696005135775
Latency: 0.16180296218954027
Latency: 0.16310529597103596
Latency: 0.15885384217835963
Latency: 0.1601763979997486
Latency: 0.16146440501324832
Latency: 0.16283623105846345
Latency: 0.16406502784229815
Latency: 0.1623921669088304
Latency: 0.1726208319887519
Latency: 0.1717219518031925
Latency: 0.17279805499128997
Latency: 0.17107625305652618
Latency: 0.17145584407262504
Latency: 0.17488520801998675
Latency: 0.17343253293074667
Latency: 0.15897714509628713
Latency: 0.16035541682504117
Latency: 0.1655772919766605
Latency: 0.16536306799389422
Latency: 0.16841514501720667
Latency: 0.16560565191321075
Latency: 0.16700547002255917
Latency: 0.1712150820530951
Latency: 0.16669357102364302
Latency: 0.17716934904456139
Latency: 0.1652687529567629
Latency: 0.15852318797260523
Latency: 0.14804775593802333
Latency: 0.14940172992646694
Latency: 0.15084301913157105
Latency: 0.16458120592869818
Latency: 0.15824454091489315
Latency: 0.15359388408251107
Latency: 0.15487344306893647
Latency: 0.15619368408806622
Latency: 0.1574686630629003
Latency: 0.15885110897943377
Latency: 0.16306633385829628
Latency: 0.1714022799860686
Latency: 0.17273000697605312
Latency: 0.176381726982072
Latency: 0.18388040480203927
Latency: 0.1723502380773425
Latency: 0.17533967597410083
Latency: 0.17681433400139213
Latency: 0.16894982801750302
Latency: 0.17300858697853982
Latency: 0.17327374313026667
Latency: 0.17472589714452624
Latency: 0.166487704962492
Latency: 0.16794503480196
Latency: 0.16651016101241112
Latency: 0.17024387209676206
Latency: 0.17176492209546268
Latency: 0.16881536110304296
Latency: 0.17241105320863426
Latency: 0.16700928192585707
Latency: 0.15123549406416714
Latency: 0.16066569392569363
Latency: 0.15389663097448647
Latency: 0.16128620016388595
Latency: 0.16271852096542716
Latency: 0.16405759402550757
Latency: 0.199844173155725
Latency: 0.20124755706638098
Latency: 0.20263665192760527
Latency: 0.20380396582186222
Latency: 0.20508309709839523
Latency: 0.20642171194776893
Latency: 0.20685933786444366
Latency: 0.20702590700238943
Latency: 0.2084488240070641
Latency: 0.20465602516196668
Latency: 0.2053447850048542
Latency: 0.20667426497675478
Latency: 0.2041900330223143
Latency: 0.2084721769206226
Latency: 0.20986873796209693
Latency: 0.20881241303868592
Latency: 0.21295414096675813
Latency: 0.213889901060611
Latency: 0.20810344303026795
Latency: 0.21157366898842156
Latency: 0.2129693399183452
Latency: 0.20251658419147134
Latency: 0.20389008312486112
Latency: 0.21366473799571395
Latency: 0.21025612414814532
Latency: 0.21202939003705978
Latency: 0.2010393908713013
Latency: 0.1981496058870107
Latency: 0.1528164257761091
Latency: 0.1538796159438789
Latency: 0.15522031299769878
Latency: 0.16229140991345048
Latency: 0.1573624440934509
Latency: 0.15860961307771504
Latency: 0.1600035480223596
Latency: 0.16139003983698785
Latency: 0.16998478095047176
Latency: 0.17139517702162266
Latency: 0.16917644790373743
Latency: 0.159832329954952
Latency: 0.16116447001695633
Latency: 0.17119335709139705
Latency: 0.17151169595308602
Latency: 0.1729053279850632
Latency: 0.1652360230218619
Latency: 0.1640597248915583
Latency: 0.16542100789956748
Latency: 0.16679152590222657
Latency: 0.16818743385374546
Latency: 0.16956732398830354
Latency: 0.1709698138292879
Latency: 0.17090760497376323
Latency: 0.17137734894640744
Latency: 0.16787226707674563
Latency: 0.17073405697010458
Latency: 0.16897969017736614
Latency: 0.17029894306324422
Latency: 0.1653609520290047
Latency: 0.1597839780151844
Latency: 0.16097783111035824
Latency: 0.14961282396689057
Latency: 0.15526320692151785
Latency: 0.15669912798330188
Latency: 0.1584837269037962
Latency: 0.15209310385398567
Latency: 0.15358315198682249
Latency: 0.1549756838940084
Latency: 0.15567638911306858
Latency: 0.15973310498520732
Latency: 0.16035745316185057
Latency: 0.16174856899306178
Latency: 0.16706667002290487
Latency: 0.16944619081914425
Latency: 0.16884077386930585
Latency: 0.17003003298304975
Latency: 0.1757444019895047
Latency: 0.17714276001788676
Latency: 0.16647641407325864
Latency: 0.1677493320312351
Latency: 0.16920437500812113
Latency: 0.17060953099280596
Latency: 0.17201836896128953
Latency: 0.1734499940648675
Latency: 0.1719813880044967
Latency: 0.1732956380583346
Latency: 0.17286594188772142
Latency: 0.1647538710385561
Latency: 0.1694697169587016
Latency: 0.1696420859079808
Latency: 0.15472986595705152
Latency: 0.15400751098059118
Latency: 0.15544470003806055
Latency: 0.15062956884503365
Latency: 0.15856872592121363
Latency: 0.15977951395325363
Latency: 0.16201059496961534
Latency: 0.14704364887438715
Latency: 0.15378005802631378
Latency: 0.1593521567992866
Latency: 0.16072749602608383
Latency: 0.16211205581203103
Latency: 0.1645098419394344
Latency: 0.16887632594443858
Latency: 0.17027388885617256
Latency: 0.17096405406482518
Latency: 0.16749241505749524
Latency: 0.16894475696608424
Latency: 0.1668106650467962
Latency: 0.16810368304140866
Latency: 0.16941269813105464
Latency: 0.17079724604263902
Latency: 0.17204738897271454
Latency: 0.1752993930131197
Latency: 0.17698792601004243
Latency: 0.18016502913087606
Latency: 0.17941601597703993
Latency: 0.1807620010804385
Latency: 0.17152495309710503
Latency: 0.17853586398996413
Latency: 0.1507452700752765
Latency: 0.1519229810219258
Latency: 0.15307664102874696
Latency: 0.15832282416522503
Latency: 0.15971565688960254
Latency: 0.18351940903812647
Latency: 0.18360854592174292
Latency: 0.19103712914511561
Latency: 0.19251133501529694
Latency: 0.19379717693664134
Latency: 0.1881381489802152
Latency: 0.1962583630811423
Latency: 0.18936356296762824
Latency: 0.1907931410241872
Latency: 0.19904260314069688
Latency: 0.20045212213881314
Latency: 0.20165771013125777
Latency: 0.2030763339716941
Latency: 0.20083923102356493
Latency: 0.20223113289102912
Latency: 0.20362611417658627
Latency: 0.2071839349810034
Latency: 0.20848874910734594
Latency: 0.20986826112493873
Latency: 0.21501407795585692
Latency: 0.2164570048917085
Latency: 0.2215689818840474
Latency: 0.21558545413427055
Latency: 0.22513963584788144
Latency: 0.22532752295956016
Latency: 0.2196554751135409
Latency: 0.2209862000308931
Latency: 0.16526424698531628
Latency: 0.16666540200822055
Latency: 0.17695239698514342
Latency: 0.17015169188380241
Latency: 0.1763151870109141
Latency: 0.17442985996603966
Latency: 0.1570205669850111
Latency: 0.16337529011070728
Latency: 0.15800664317794144
Latency: 0.15932228695601225
Latency: 0.1606673039495945
Latency: 0.16796548501588404
Latency: 0.1730127981863916
Latency: 0.17428746004588902
Latency: 0.15637163096107543
Latency: 0.15732258395291865
Latency: 0.15858142892830074
Latency: 0.15996166202239692
Latency: 0.1611947580240667
Latency: 0.15898163220845163
Latency: 0.16032117186114192
Latency: 0.16881022392772138
Latency: 0.17018381296657026
Latency: 0.17421566997654736
Latency: 0.17384478193707764
Latency: 0.1782076470553875
Latency: 0.1726519800722599
Latency: 0.17606631689704955
Latency: 0.17045826208777726
Latency: 0.17660606489516795
Latency: 0.15839721797965467
Latency: 0.1633408390916884
Latency: 0.16960723116062582
Latency: 0.17104369401931763
Latency: 0.17057361197657883
Latency: 0.15883240685798228
Latency: 0.16630104300566018
Latency: 0.16605086089111865
Latency: 0.15369475912302732
Latency: 0.1510377258528024
Latency: 0.15250705904327333
Latency: 0.15515571599826217
Latency: 0.1696459020022303
Latency: 0.16441472084261477
Latency: 0.16166999586857855
Latency: 0.16300715878605843
Latency: 0.16440441086888313
Latency: 0.16672399686649442
Latency: 0.16810447699390352
Latency: 0.17176309088245034
Latency: 0.17294210195541382
Latency: 0.1782365150284022
Latency: 0.17965813912451267
Latency: 0.171131432056427
Latency: 0.17246844712644815
Latency: 0.169070617062971
Latency: 0.17044576001353562
Latency: 0.17304225591942668
Latency: 0.17445316212251782
Latency: 0.1738841850310564
Latency: 0.17326871398836374
Latency: 0.16018585697747767
Latency: 0.16656942409463227
Latency: 0.17101525887846947
Latency: 0.16662531695328653
Latency: 0.17082657502032816
Latency: 0.16625388991087675
Latency: 0.15353635093197227
Latency: 0.1641227740328759
Latency: 0.1551915048621595
Latency: 0.15727356891147792
Latency: 0.14826937718316913
Latency: 0.1516784850973636
Latency: 0.16577168414369226
Latency: 0.15654091583564878
Latency: 0.1977505600079894
Latency: 0.1990443968679756
Latency: 0.20045399595983326
Latency: 0.2017405468504876
Latency: 0.20592844299972057
Latency: 0.2073318420443684
Latency: 0.20819098711945117
Latency: 0.2096142708323896
Latency: 0.20643300702795386
Latency: 0.2078097069170326
Latency: 0.21167040802538395
Latency: 0.21300632203929126
Latency: 0.21289617312140763
Latency: 0.2143087659496814
Latency: 0.213877541013062
Latency: 0.21525756898336112
Latency: 0.21360160689800978
Latency: 0.21287648496218026
Latency: 0.21037298906594515
Latency: 0.20773901604115963
Latency: 0.20517664798535407
Latency: 0.21068928204476833
Latency: 0.20992407109588385
Latency: 0.20134732802398503
Latency: 0.1975380051881075
Latency: 0.198696844978258
Latency: 0.15604323893785477
Latency: 0.14852312090806663
Latency: 0.14981381897814572
Latency: 0.16469286917708814
Latency: 0.1550899671856314
Latency: 0.15650411695241928
Latency: 0.15857801400125027
Latency: 0.15986782987602055
Latency: 0.16383998305536807
Latency: 0.16527914791367948
Latency: 0.16688394593074918
Latency: 0.1680882889777422
Latency: 0.1682585219386965
Latency: 0.16961032804101706
Latency: 0.17352296505123377
Latency: 0.17495918599888682
Latency: 0.17334187985397875
Latency: 0.17466845689341426
Latency: 0.1736670120153576
Latency: 0.1750327970366925
Latency: 0.17339365207590163
Latency: 0.17456036107614636
Latency: 0.1732928690034896
Latency: 0.17088913195766509
Latency: 0.16228127805516124
Latency: 0.1637222000863403
Latency: 0.16595745785161853
Latency: 0.16221330408006907
Latency: 0.16362561704590917
Latency: 0.16060853679664433
Latency: 0.1620922600850463
Latency: 0.16822040802799165
Latency: 0.1458863071165979
Latency: 0.16709890705533326
Latency: 0.1683958419598639
Latency: 0.1644830189179629
Latency: 0.16586513887159526
Latency: 0.16727804904803634
Latency: 0.1610819341149181
Latency: 0.16644450183957815
Latency: 0.16267171106301248
Latency: 0.16431021504104137
Latency: 0.16597835812717676
Latency: 0.1697798401582986
Latency: 0.1714543190319091
Latency: 0.1761051989160478
Latency: 0.17404873110353947
Latency: 0.17540300614200532
Latency: 0.1704725748859346
Latency: 0.1743358571548015
Latency: 0.17271107994019985
Latency: 0.17755332309752703
Latency: 0.16930419183336198
Latency: 0.17070710193365812
Latency: 0.17414177604950964
Latency: 0.16417607106268406
Latency: 0.1598974009975791
Latency: 0.16123755602166057
Latency: 0.15958742098882794
Latency: 0.1601431998424232
Latency: 0.16156345093622804
Latency: 0.1630077820736915
Latency: 0.16441475600004196
Latency: 0.17149557103402913
Latency: 0.15079886093735695
Latency: 0.15630647796206176
Latency: 0.1576490430161357
Latency: 0.15492129395715892
Latency: 0.15830946899950504
Latency: 0.16287911287508905
Latency: 0.15930809685960412
Latency: 0.16327331005595624
Latency: 0.16452829912304878
Latency: 0.1658909919206053
Latency: 0.1672715910244733
Latency: 0.1712297259364277
Latency: 0.17261001910082996
Latency: 0.17126422887668014
Latency: 0.17267083609476686
Latency: 0.17275957018136978
Latency: 0.1789058460853994
Latency: 0.18026753095909953
Latency: 0.18105066497810185
Latency: 0.18150482885539532
Latency: 0.1690109740011394
Latency: 0.17368843802250922
Latency: 0.16755186789669096
Latency: 0.167586883995682
Latency: 0.16335210506804287
Latency: 0.16476632514968514
Latency: 0.16038001608103514
Latency: 0.15387103497050703
Latency: 0.15987652586773038
Latency: 0.17383826500736177
Latency: 0.17523676482960582
Latency: 0.16639766283333302
Latency: 0.18608742300421
Latency: 0.18680958007462323
Latency: 0.18794730305671692
Latency: 0.20073066209442914
Latency: 0.20216864603571594
Latency: 0.1985975308343768
Latency: 0.20002767513506114
Latency: 0.19915156601928174
Latency: 0.20351461204700172
Latency: 0.20911143394187093
Latency: 0.2105349088087678
Latency: 0.20400110981427133
Latency: 0.20536507992073894
Latency: 0.206669945968315
Latency: 0.21687203203327954
Latency: 0.21177346678450704
Latency: 0.21319567691534758
Latency: 0.2168484190478921
Latency: 0.21456053899601102
Latency: 0.21123862615786493
Latency: 0.21266190009191632
Latency: 0.2113517471589148
Latency: 0.20632446999661624
Latency: 0.20778263011015952
Latency: 0.2038019117899239
Latency: 0.2052358251530677
Latency: 0.2062558070756495
Latency: 0.20770414103753865
Latency: 0.20780765800736845
Latency: 0.16172269405797124
Latency: 0.1630771819036454
Latency: 0.16445420193485916
Latency: 0.1502411609981209
Latency: 0.1589896308723837
Latency: 0.16029647109098732
Latency: 0.15574688417837024
Latency: 0.1572279268875718
Latency: 0.1586272120475769
Latency: 0.16640738607384264
Latency: 0.16786860395222902
Latency: 0.16761471005156636
Latency: 0.16651779296807945
Latency: 0.16795352916233242
Latency: 0.16934921499341726
Latency: 0.175226965919137
Latency: 0.17660533008165658
Latency: 0.16440456686541438
Latency: 0.16581601998768747
Latency: 0.16641707089729607
Latency: 0.1677143471315503
Latency: 0.16909527406096458
Latency: 0.17206358187831938
Latency: 0.17350204614922404
Latency: 0.17365139909088612
Latency: 0.1746688699349761
Latency: 0.1760280611924827
Latency: 0.1711767758242786
Latency: 0.17261241003870964
Latency: 0.16952667105942965
Latency: 0.17348248092457652
Latency: 0.16268804110586643
Latency: 0.16534086503088474
Latency: 0.1716756469104439
Latency: 0.1731393551453948
Latency: 0.17087219282984734
Latency: 0.14404902700334787
Latency: 0.1415713462047279
Latency: 0.1617870561312884
Latency: 0.1632163068279624
Latency: 0.15872241789475083
Latency: 0.16023231693543494
Latency: 0.16331351711414754
Latency: 0.16011425596661866
Latency: 0.16148179792799056
Latency: 0.16721423086710274
Latency: 0.1688731478061527
Latency: 0.17204884090460837
Latency: 0.17355361697264016
Latency: 0.17188529018312693
Latency: 0.17330565000884235
Latency: 0.17480168608017266
Latency: 0.17612426914274693
Latency: 0.17765273083932698
Latency: 0.17671016207896173
Latency: 0.18034331989474595
Latency: 0.17307694093324244
Latency: 0.16987358778715134
Latency: 0.17100060498341918
Latency: 0.1669147319626063
Latency: 0.16831780318170786
Latency: 0.17341932514682412
Latency: 0.17337685218080878
Latency: 0.16464037890546024
Latency: 0.1702295490540564
Latency: 0.1716369390487671
Latency: 0.17276117391884327
Latency: 0.16217717714607716
Latency: 0.14989736885763705
Latency: 0.1467743820976466
Latency: 0.14820972294546664
Latency: 0.14920034701935947
Latency: 0.15884380997158587
Latency: 0.15503345499746501
Latency: 0.16365363984368742
Latency: 0.16985634597949684
Latency: 0.17126196203753352
Latency: 0.17261515301652253
Latency: 0.17265420407056808
Latency: 0.18077492015436292
Latency: 0.16744428896345198
Latency: 0.1845216490328312
Latency: 0.17486228211782873
Latency: 0.17630079202353954
Latency: 0.17769445292651653
Latency: 0.17915171687491238
Latency: 0.180569653166458
Latency: 0.22145456890575588
Latency: 0.22690031514503062
Latency: 0.20589233096688986
Latency: 0.2071626540273428
Latency: 0.19896265515126288
Latency: 0.20330966915935278
Latency: 0.2031793959904462
Latency: 0.20449170120991766
Latency: 0.1991121219471097
Latency: 0.20631211809813976
Latency: 0.20785581599920988
Latency: 0.21639725496061146
Latency: 0.205277050845325
Latency: 0.19029384292662144
Latency: 0.1944284860510379
Latency: 0.2027468029409647
Latency: 0.16267640586011112
Latency: 0.16369514493271708
Latency: 0.16485110903158784
Latency: 0.16593523998744786
Latency: 0.16432311991229653
Latency: 0.16573154693469405
Latency: 0.16710395296104252
Latency: 0.16689800401218235
Latency: 0.1682391541544348
Latency: 0.1687687949743122
Latency: 0.1749485470354557
Latency: 0.17676096502691507
Latency: 0.1780934480484575
Latency: 0.17959750979207456
Latency: 0.18098861211910844
Latency: 0.18412422598339617
Latency: 0.185537587152794
Latency: 0.18138911295682192
Latency: 0.16606193594634533
Latency: 0.16928829695098102
Latency: 0.17068630806170404
Latency: 0.17760683014057577
Latency: 0.17061838414520025
Latency: 0.17216558498330414
Latency: 0.17781087895855308
Latency: 0.17239517206326127
Latency: 0.1750134420581162
Latency: 0.17648949497379363
Latency: 0.148829217068851
Latency: 0.15531425806693733
Latency: 0.165624869056046
Latency: 0.15002947696484625
Latency: 0.15124897402711213
Latency: 0.15670084184966981
Latency: 0.15811116201803088
Latency: 0.16529462719336152
Latency: 0.16613317816518247
Latency: 0.1685782689601183
Latency: 0.17312530800700188
Latency: 0.16523418202996254
Latency: 0.1714239849243313
Latency: 0.17385668214410543
Latency: 0.17507846490480006
Latency: 0.17652257392182946
Latency: 0.1778895128518343
Latency: 0.17929671495221555
Latency: 0.182646329049021
Latency: 0.18199323420412838
Latency: 0.187010379973799
Latency: 0.18847675691358745
Latency: 0.16423807805404067
Latency: 0.1655820058658719
Latency: 0.17412320198491216
Latency: 0.16946611693128943
Latency: 0.16081256396137178
Latency: 0.16227644309401512
Latency: 0.15632746811024845
Latency: 0.1633726169820875
Latency: 0.16483385302126408
Latency: 0.1726731420494616
Latency: 0.15369401103816926
Latency: 0.16073209792375565
Latency: 0.15599117684178054
Latency: 0.15738773508928716
Latency: 0.16374995210208
Latency: 0.16828448185697198
Latency: 0.16348494193516672
Latency: 0.15855969302356243
Latency: 0.16466765594668686
Latency: 0.17027205391786993
Latency: 0.16991354315541685
Latency: 0.17131804814562201
Latency: 0.17213670606724918
Latency: 0.1795404818840325
Latency: 0.17641518102027476
Latency: 0.1776717498432845
Latency: 0.1791813550516963
Latency: 0.18059474998153746
Latency: 0.18338868906721473
Latency: 0.1848077590111643
Latency: 0.1847190649714321
Latency: 0.1861754439305514
Latency: 0.17696363385766745
Latency: 0.17839070595800877
Latency: 0.17292203404940665
Latency: 0.15811561001464725
Latency: 0.1609121470246464
Latency: 0.163383767940104
Latency: 0.16487125679850578
Latency: 0.16902228211984038
Latency: 0.17045564018189907
Latency: 0.17101278388872743
Latency: 0.20142555609345436
Latency: 0.19960303301922977
Latency: 0.1996662539895624
Latency: 0.20211532805114985
Latency: 0.19921228499151766
Latency: 0.2022184410598129
Latency: 0.19935530493967235
Latency: 0.20061638206243515
Latency: 0.1993132650386542
Latency: 0.20369584299623966
Latency: 0.20860320911742747
Latency: 0.2092457099352032
Latency: 0.21082570496946573
Latency: 0.21409233193844557
Latency: 0.21488157892599702
Latency: 0.21626424207352102
Latency: 0.222817316185683
Latency: 0.22423044592142105
Latency: 0.21814297116361558
Latency: 0.2195397950708866
Latency: 0.21819299296475947
Latency: 0.21937013906426728
Latency: 0.22053764201700687
Latency: 0.22714719199575484
Latency: 0.20723861502483487
Latency: 0.19523552805185318
Latency: 0.15705390297807753
Latency: 0.1585106560960412
Latency: 0.1599325139541179
Latency: 0.16494868299923837
Latency: 0.17130438308231533
Latency: 0.17272493010386825
Latency: 0.15740688797086477
Latency: 0.15267999493516982
Latency: 0.14735617791302502
Latency: 0.1545053250156343
Latency: 0.15654426207765937
Latency: 0.1565324910916388
Latency: 0.15791461593471467
Latency: 0.16533707198686898
Latency: 0.16396484919823706
Latency: 0.16537638008594513
Latency: 0.1693533230572939
Latency: 0.17419929197058082
Latency: 0.17506824689917266
Latency: 0.17652651015669107
Latency: 0.17583112604916096
Latency: 0.1794694869313389
Latency: 0.17527456604875624
Latency: 0.1766852519940585
Latency: 0.1814039379823953
Latency: 0.18270185799337924
Latency: 0.1838014388922602
Latency: 0.1851369459182024
Latency: 0.19280339707620442
Latency: 0.18365315720438957
Latency: 0.16949931695125997
Latency: 0.16470545390620828
Latency: 0.15762007096782327
Latency: 0.1591627278830856
Latency: 0.16058843000791967
Latency: 0.15650352812372148
Latency: 0.16077434713952243
Latency: 0.16768284910358489
Latency: 0.15439080796204507
Latency: 0.14940920495428145
Latency: 0.15731037687510252
Latency: 0.1610647072084248
Latency: 0.16252722102217376
Latency: 0.1639221201185137
Latency: 0.16531443712301552
Latency: 0.1641157390549779
Latency: 0.16541622299700975
Latency: 0.17015841812826693
Latency: 0.17096427991054952
Latency: 0.17236570897512138
Latency: 0.17423678911291063
Latency: 0.1756899249739945
Latency: 0.17864783597178757
Latency: 0.17838714900426567
Latency: 0.18196040415205061
Latency: 0.18343956395983696
Latency: 0.1852647978812456
Latency: 0.1865927518811077
Latency: 0.18564351089298725
Latency: 0.18867779802531004
Latency: 0.18021369306370616
Latency: 0.17151688900776207
Latency: 0.1616054610349238
Latency: 0.15422249003313482
Latency: 0.15084441006183624
Latency: 0.15232780599035323
Latency: 0.15382754406891763
Latency: 0.1552931920159608
Latency: 0.1668923320248723
Latency: 0.17100652889348567
Latency: 0.16380155901424587
Latency: 0.15496276505291462
Latency: 0.16284568514674902
Latency: 0.16014570300467312
Latency: 0.16161644482053816
Latency: 0.1630617140326649
Latency: 0.16443438921123743
Latency: 0.16584326000884175
Latency: 0.16749480785802007
Latency: 0.16879072110168636
Latency: 0.1702132150530815
Latency: 0.17165244882926345
Latency: 0.1765679840464145
Latency: 0.17818741616792977
Latency: 0.17755647492595017
Latency: 0.18130087899044156
Latency: 0.18272397900000215
Latency: 0.1840895360801369
Latency: 0.18249952886253595
Latency: 0.18390804785303771
Latency: 0.18602416198700666
Latency: 0.1875166220124811
Latency: 0.16976755391806364
Latency: 0.17133653978817165
Latency: 0.15871442202478647
Latency: 0.17198518407531083
Latency: 0.15551781002432108
Latency: 0.15697289118543267
Latency: 0.15844143996946514
Latency: 0.21287123998627067
Latency: 0.2050647120922804
Latency: 0.226007194025442
Latency: 0.19036290515214205
Latency: 0.19563954696059227
Latency: 0.19692540098913014
Latency: 0.1983385409694165
Latency: 0.19990217103622854
Latency: 0.20131911989301443
Latency: 0.20268358499743044
Latency: 0.20740865101106465
Latency: 0.20877674408257008
Latency: 0.21014402201399207
Latency: 0.21041472116485238
Latency: 0.21186307398602366
Latency: 0.21851004590280354
Latency: 0.22016552998684347
Latency: 0.22129574208520353
Latency: 0.22089474485255778
Latency: 0.222478446085006
Latency: 0.22882817615754902
Latency: 0.23319545504637063
Latency: 0.2303765609394759
Latency: 0.22848551906645298
Latency: 0.16458569699898362
Latency: 0.15549705503508449
Latency: 0.1599349540192634
Latency: 0.16086453408934176
Latency: 0.15271647181361914
Latency: 0.15660261595621705
Latency: 0.1581868298817426
Latency: 0.16124927112832665
Latency: 0.17134816711768508
Latency: 0.1728403449524194
Latency: 0.18512860615737736
Latency: 0.1400677862111479
Latency: 0.15928518888540566
Latency: 0.15514476806856692
Latency: 0.15641541895456612
Latency: 0.15794313000515103
Latency: 0.16342630493454635
Latency: 0.16796501306816936
Latency: 0.16947382781654596
Latency: 0.17077881400473416
Latency: 0.1722826159093529
Latency: 0.16866733692586422
Latency: 0.1699982900172472
Latency: 0.1741783779580146
Latency: 0.1783975379075855
Latency: 0.17950766813009977
Latency: 0.18096376885659993
Latency: 0.18170343805104494
Latency: 0.18317551002837718
Latency: 0.1859066798351705
Latency: 0.18961643800139427
Latency: 0.185628968058154
Latency: 0.17330491309985518
Latency: 0.17465115012601018
Latency: 0.1665952990297228
Latency: 0.1717187410686165
Latency: 0.16028730920515954
Latency: 0.14808864006772637
Latency: 0.15239403117448092
Latency: 0.15379505301825702
Latency: 0.16720657120458782
Latency: 0.17876689787954092
Latency: 0.16408442496322095
Latency: 0.14980410411953926
Latency: 0.1577550049405545
Latency: 0.15917463786900043
Latency: 0.15220449515618384
Latency: 0.15358420507982373
Latency: 0.1549979648552835
Latency: 0.15826663584448397
Latency: 0.1597421399783343
Latency: 0.17492204112932086
Latency: 0.17637366009876132
Latency: 0.1752338542137295
Latency: 0.17160316207446158
Latency: 0.1731714690104127
Latency: 0.16553546604700387
Latency: 0.16677426802925766
Latency: 0.17115047993138433
Latency: 0.17653049482032657
Latency: 0.17802155995741487
Latency: 0.18328595208004117
Latency: 0.16644898196682334
Latency: 0.1674629410263151
Latency: 0.16895438311621547
Latency: 0.17322710691951215
Latency: 0.1745847079437226
Latency: 0.17566632595844567
Latency: 0.16488527203910053
Latency: 0.16633332101628184
Latency: 0.16096549690701067
Latency: 0.16234555700793862
Latency: 0.16795604792423546
Latency: 0.17708413302898407
Latency: 0.17318150796927512
Latency: 0.19665659591555595
Latency: 0.19631543988361955
Latency: 0.19766938290558755
Latency: 0.20111544290557504
Latency: 0.2025388719048351
Latency: 0.20389963197521865
Latency: 0.20233886991627514
Latency: 0.20375141501426697
Latency: 0.2051761718466878
Latency: 0.206627445993945
Latency: 0.21192044694907963
Latency: 0.21318450500257313
Latency: 0.21454900014214218
Latency: 0.21875477908179164
Latency: 0.2201862819492817
Latency: 0.221057458082214
Latency: 0.21747026313096285
Latency: 0.22160877590067685
Latency: 0.21417467202991247
Latency: 0.19787141704000533
Latency: 0.20799061004072428
Latency: 0.20948391896672547
Latency: 0.2112331329844892
Latency: 0.21263412502594292
Latency: 0.21140316501259804
Latency: 0.20668501197360456
Latency: 0.20824450510554016
Latency: 0.20291666104458272
Latency: 0.21367155713960528
Latency: 0.20141437090933323
Latency: 0.17077431501820683
Latency: 0.1657899769488722
Latency: 0.16176726506091654
Latency: 0.1566728639882058
Latency: 0.15818062680773437
Latency: 0.159539827844128
Latency: 0.16420586709864438
Latency: 0.16564598493278027
Latency: 0.1670562489889562
Latency: 0.1684638129081577
Latency: 0.16987086622975767
Latency: 0.17344021401368082
Latency: 0.1764727148693055
Latency: 0.17344632605090737
Latency: 0.17485727393068373
Latency: 0.1733061200939119
Latency: 0.17787659796886146
Latency: 0.1687188558280468
Latency: 0.17011573491618037
Latency: 0.1764025939628482
Latency: 0.17634801799431443
Latency: 0.1820662950631231
Latency: 0.16730769211426377
Latency: 0.1717986601870507
Latency: 0.17155266692861915
Latency: 0.17329520103521645
Latency: 0.17257325304672122
Latency: 0.17732788296416402
Latency: 0.17994533688761294
Latency: 0.16570609086193144
Latency: 0.1807879360858351
Latency: 0.1649921122007072
Latency: 0.1719754149671644
Latency: 0.1737506310455501
Latency: 0.16727829515002668
Latency: 0.15675207087770104
Latency: 0.15987106994725764
Latency: 0.1612436631694436
Latency: 0.16272483812645078
Latency: 0.16013744100928307
Latency: 0.16168527281843126
Latency: 0.17372294515371323
Latency: 0.17518543195910752
Latency: 0.17687602899968624
Latency: 0.1784027952235192
Latency: 0.17509590205736458
Latency: 0.17912058299407363
Latency: 0.17216075910255313
Latency: 0.17360865091904998
Latency: 0.17493189801461995
Latency: 0.18747809692285955
Latency: 0.1817882980685681
Latency: 0.1819441639818251
Latency: 0.17804698110558093
Latency: 0.17903327895328403
Latency: 0.17148238280788064
Latency: 0.16989425709471107
Latency: 0.17142660403624177
Latency: 0.17239351477473974
Latency: 0.1663699180353433
Latency: 0.16782761295326054
Latency: 0.1679811649955809
Latency: 0.17248641210608184
Latency: 0.16591177810914814
Latency: 0.16683145286515355
Latency: 0.17017439799383283
Latency: 0.1715736691839993
Latency: 0.15330982208251953
Latency: 0.15775272599421442
Latency: 0.16406042105518281
Latency: 0.16561349714174867
Latency: 0.16937338607385755
Latency: 0.16683719702996314
Latency: 0.16817779303528368
Latency: 0.17466002679429948
Latency: 0.1804475300014019
Latency: 0.1817890559323132
Latency: 0.17765082814730704
Latency: 0.17635841015726328
Latency: 0.17298058001324534
Latency: 0.17824066011235118
Latency: 0.17962344596162438
Latency: 0.17297114292159677
Latency: 0.17551950621418655
Latency: 0.17685906193219125
Latency: 0.16946729505434632
Latency: 0.17267855000682175
Latency: 0.17410637601278722
Latency: 0.17076403484679759
Latency: 0.1759628679137677
Latency: 0.16915426310151815
Latency: 0.16466220584698021
Latency: 0.17206153413280845
Latency: 0.17669539409689605
Latency: 0.20391042693518102
Latency: 0.20907021989114583
Latency: 0.2121230410411954
Latency: 0.20094971195794642
Latency: 0.20231814682483673
Latency: 0.20394003111869097
Latency: 0.20201429398730397
Latency: 0.20946607505902648
Latency: 0.21095030615106225
Latency: 0.2123866470064968
Latency: 0.2206478719599545
Latency: 0.2221180631313473
Latency: 0.22120681800879538
Latency: 0.2163493069820106
Latency: 0.2177877938374877
Latency: 0.2221404758747667
Latency: 0.22293482394888997
Latency: 0.22431134595535696
Latency: 0.2217079501133412
Latency: 0.22308294707909226
Latency: 0.23002051003277302
Latency: 0.21839652117341757
Latency: 0.21873249695636332
Latency: 0.22007695701904595
Latency: 0.22128681186586618
Latency: 0.22271988005377352
Latency: 0.2241065890993923
Latency: 0.17242286494001746
Latency: 0.17601213417947292
Latency: 0.17628421494737267
Latency: 0.16879145917482674
Latency: 0.1804991578683257
Latency: 0.1614574841223657
Latency: 0.16435452387668192
Latency: 0.15869262907654047
Latency: 0.15876701683737338
Latency: 0.1601341140922159
Latency: 0.1615174689795822
Latency: 0.1629630229435861
Latency: 0.1695686629973352
Latency: 0.17108719004318118
Latency: 0.17244547116570175
Latency: 0.17286519007757306
Latency: 0.17716114385984838
Latency: 0.16557565005496144
Latency: 0.170561385108158
Latency: 0.17187040485441685
Latency: 0.17239362001419067
Latency: 0.1738167041912675
Latency: 0.17955756303854287
Latency: 0.18104609800502658
Latency: 0.18251227191649377
Latency: 0.1802931260317564
Latency: 0.1716369609348476
Latency: 0.17309743515215814
Latency: 0.17456012801267207
Latency: 0.17584060318768024
Latency: 0.17728514387272298
Latency: 0.18120123888365924
Latency: 0.1783733139745891
Latency: 0.17096030991524458
Latency: 0.1711603191215545
Latency: 0.17514622095040977
Latency: 0.1616282919421792
Latency: 0.16460322495549917
Latency: 0.16851170896552503
Latency: 0.1627055280841887
Latency: 0.14901035698130727
Latency: 0.15042093489319086
Latency: 0.1654099258594215
Latency: 0.16682457993738353
Latency: 0.16531838080845773
Latency: 0.16664958512410522
Latency: 0.17330486816354096
Latency: 0.16602976201102138
Latency: 0.16698802704922855
Latency: 0.16848880797624588
Latency: 0.16693436121568084
Latency: 0.16831538686528802
Latency: 0.17276004399172962
Latency: 0.17424005083739758
Latency: 0.17725439695641398
Latency: 0.1786052188836038
Latency: 0.1801530730444938
Latency: 0.17742966581135988
Latency: 0.17471209494397044
Latency: 0.1750502500217408
Latency: 0.17642788402736187
Latency: 0.18062331504188478
Latency: 0.18214531592093408
Latency: 0.18401160393841565
Latency: 0.1855464659165591
Latency: 0.18671706411987543
Latency: 0.18717169086448848
Latency: 0.17487281188368797
Latency: 0.16827893909066916
Latency: 0.15855253022164106
Latency: 0.16491817496716976
Latency: 0.16941499197855592
Latency: 0.14941910398192704
Latency: 0.15085641690529883
Latency: 0.20268173585645854
Latency: 0.20413084304891527
Latency: 0.2054904878605157
Latency: 0.2120703118853271
Latency: 0.20930147799663246
Latency: 0.19819054286926985
Latency: 0.200828371103853
Latency: 0.20682264398783445
Latency: 0.20823711808770895
Latency: 0.21251204796135426
Latency: 0.21378164389170706
Latency: 0.2151845160406083
Latency: 0.21151776099577546
Latency: 0.2128836230840534
Latency: 0.21753213205374777
Latency: 0.2173993270844221
Latency: 0.21635604393668473
Latency: 0.22202438581734896
Latency: 0.2153049490880221
Latency: 0.2154486950021237
Latency: 0.21676180907525122
Latency: 0.2228369889780879
Latency: 0.22600534185767174
Latency: 0.20876607508398592
Latency: 0.21616798103787005
Latency: 0.2062342050485313
Latency: 0.20272632292471826
Latency: 0.20421108789741993
Latency: 0.2125422500539571
Latency: 0.21154090203344822
Latency: 0.1591553578618914
Latency: 0.1662314001005143
Latency: 0.1577266831882298
Latency: 0.15906807617284358
Latency: 0.16051989002153277
Latency: 0.15720197814516723
Latency: 0.15871073096059263
Latency: 0.16432074480690062
Latency: 0.17037301510572433
Latency: 0.16833937587216496
Latency: 0.16974503104574978
Latency: 0.16703798505477607
Latency: 0.1683208050671965
Latency: 0.16943428595550358
Latency: 0.17591104097664356
Latency: 0.17632207204587758
Latency: 0.1787524688988924
Latency: 0.18024743697606027
Latency: 0.18168845097534359
Latency: 0.17731389799155295
Latency: 0.17590840184129775
Latency: 0.17361551895737648
Latency: 0.17414850811474025
Latency: 0.17540805996395648
Latency: 0.17955706198699772
Latency: 0.18093102402053773
Latency: 0.16426994907669723
Latency: 0.16573589318431914
Latency: 0.1671824750956148
Latency: 0.16866936604492366
Latency: 0.1474072930868715
Latency: 0.15021861903369427
Latency: 0.17637485708110034
Latency: 0.1733838201034814
Latency: 0.15116571611724794
Latency: 0.15263771102763712
Latency: 0.1538464620243758
Latency: 0.1597612900659442
Latency: 0.16119443904608488
Latency: 0.16505484702065587
Latency: 0.16012299503199756
Latency: 0.1564913890324533
Latency: 0.1578935079742223
Latency: 0.15925522102043033
Latency: 0.16078131506219506
Latency: 0.16465994087047875
Latency: 0.1660534420516342
Latency: 0.1676156639587134
Latency: 0.17044481495395303
Latency: 0.17193095898255706
Latency: 0.17338946997188032
Latency: 0.1748529968317598
Latency: 0.17344276583753526
Latency: 0.17152748606167734
Latency: 0.17449215496890247
Latency: 0.17595299705863
Latency: 0.17403777781873941
Latency: 0.17549291718751192
Latency: 0.17695709108375013
Latency: 0.17835686402395368
Latency: 0.18656215397641063
Latency: 0.18795600510202348
Latency: 0.15154616301879287
Latency: 0.1619190110359341
Latency: 0.1653699001763016
Latency: 0.17084197280928493
Latency: 0.1566530109848827
Latency: 0.15800436004064977
Latency: 0.1560177318751812
Latency: 0.16725512710399926
Latency: 0.1625533769838512
Latency: 0.17286878498271108
Latency: 0.17435744288377464
Latency: 0.16164877405390143
Latency: 0.16317874589003623
Latency: 0.16339916293509305
Latency: 0.16468046908266842
Latency: 0.16511395503766835
Latency: 0.16639993200078607
Latency: 0.16786407097242773
Latency: 0.16566930781118572
Latency: 0.1709209878463298
Latency: 0.1724373649340123
Latency: 0.17388078500516713
Latency: 0.17344388598576188
Latency: 0.1718233018182218
Latency: 0.1732958520296961
Latency: 0.18244064785540104
Latency: 0.18091406510211527
Latency: 0.18238512589596212
Latency: 0.1855879758950323
Latency: 0.18699367600493133
Latency: 0.1780524868518114
Latency: 0.18453257903456688
Latency: 0.1546627189964056
Latency: 0.20293915504589677
Latency: 0.21002939902245998
Latency: 0.2149405931122601
Latency: 0.21814281796105206
Latency: 0.21952667692676187
Latency: 0.2156966549810022
Latency: 0.21709254896268249
Latency: 0.22027437412180007
Latency: 0.20279901404865086
Latency: 0.20417243102565408
Latency: 0.19584548193961382
Latency: 0.19712969614192843
Latency: 0.19859485886991024
Latency: 0.20045039802789688
Latency: 0.2018846778664738
Latency: 0.20328381494618952
Latency: 0.20902957394719124
Latency: 0.21048699505627155
Latency: 0.21153870807029307
Latency: 0.21297581517137587
Latency: 0.21441099816001952
Latency: 0.21620694804005325
Latency: 0.2179435391444713
Latency: 0.22152129816822708
Latency: 0.22294232086278498
Latency: 0.2248464289586991
Latency: 0.22626978298649192
Latency: 0.22240876592695713
Latency: 0.22385084186680615
Latency: 0.22525346605107188
Latency: 0.22595226392149925
Latency: 0.17756811412982643
Latency: 0.16268135304562747
Latency: 0.1709966780617833
Latency: 0.1703673079609871
Latency: 0.1862306040711701
Latency: 0.1787397488951683
Latency: 0.16263808496296406
Latency: 0.16406216309405863
Latency: 0.15504577499814332
Latency: 0.1545549430884421
Latency: 0.15585386310704052
Latency: 0.15563904400914907
Latency: 0.1565026871394366
Latency: 0.1576404629740864
Latency: 0.15757255721837282
Latency: 0.15897587896324694
Latency: 0.16037000296637416
Latency: 0.16179600381292403
Latency: 0.16356059885583818
Latency: 0.16888805385679007
Latency: 0.1702821641229093
Latency: 0.17881887406110764
Latency: 0.179308159975335
Latency: 0.18088164110668004
Latency: 0.18084823805838823
Latency: 0.18374417698942125
Latency: 0.18063959991559386
Latency: 0.1821219241246581
Latency: 0.1736900438554585
Latency: 0.17374445404857397
Latency: 0.17654051608406007
Latency: 0.17814316018484533
Latency: 0.1596094269771129
Latency: 0.16406829003244638
Latency: 0.17774634598754346
Latency: 0.15946366311982274
Latency: 0.16348427790217102
Latency: 0.16489271097816527
Latency: 0.15963713312521577
Latency: 0.1655862918123603
Latency: 0.16700242087244987
Latency: 0.16354260221123695
Latency: 0.16671793186105788
Latency: 0.16474519693292677
Latency: 0.16613005800172687
Latency: 0.16754801501519978
Latency: 0.1688568249810487
Latency: 0.17033596010878682
Latency: 0.17154251504689455
Latency: 0.1779039038810879
Latency: 0.17819094215519726
Latency: 0.17661274690181017
Latency: 0.1781370621174574
Latency: 0.17995423707179725
Latency: 0.1844694009050727
Latency: 0.18562957900576293
Latency: 0.18692506500519812
Latency: 0.18815880618058145
Latency: 0.18931175000034273
Latency: 0.1862795539200306
Latency: 0.18297718302346766
Latency: 0.1827147810254246
Latency: 0.1797657459974289
Latency: 0.18119513895362616
