Latency: 2.1627244749106467
Latency: 2.8502963499631733
Latency: 2.988466063980013
Latency: 3.0038065558765084
Latency: 2.9348905419465154
Latency: 2.526371229905635
Latency: 0.016776099102571607
Latency: 0.008099934784695506
Latency: 0.007777742110192776
Latency: 0.007674220949411392
Latency: 0.00752610107883811
Latency: 0.00739511800929904
Latency: 0.007347910897806287
Latency: 0.009330196073278785
Latency: 0.007688940968364477
Latency: 0.008089578012004495
Latency: 0.00796734495088458
Latency: 0.007732004160061479
Latency: 0.007489506853744388
Latency: 0.0074836998246610165
Latency: 0.007482927059754729
Latency: 0.007662605028599501
Latency: 0.007527299923822284
Latency: 0.007455167826265097
Latency: 0.007467905059456825
Latency: 0.00905515905469656
Latency: 0.00746015296317637
Latency: 0.007323853904381394
Latency: 0.007239277008920908
Latency: 0.00725133903324604
Latency: 0.0072846198454499245
Latency: 0.007303454913198948
Latency: 0.007527973968535662
Latency: 0.007647019112482667
Latency: 0.0072513900231570005
Latency: 0.0073013389483094215
Latency: 0.007360903080552816
Latency: 0.008550086989998817
Latency: 0.0071117510087788105
Latency: 0.007458702893927693
Latency: 0.007390059996396303
Latency: 0.007530820090323687
Latency: 0.007641476113349199
Latency: 0.007641224190592766
Latency: 0.0073150331154465675
Latency: 0.007416010135784745
Latency: 0.007355756824836135
Latency: 0.007612582063302398
Latency: 0.007387322839349508
Latency: 0.009249823866412044
Latency: 0.0075084909331053495
Latency: 0.007451798068359494
Latency: 0.008991360198706388
Latency: 0.007835190044716
Latency: 0.007937818998470902
Latency: 0.0076873088255524635
Latency: 0.007582829101011157
Latency: 0.007503644796088338
Latency: 0.0076180200558155775
Latency: 0.0074528141412884
Latency: 0.007508818060159683
Latency: 0.009255236014723778
Latency: 0.007534088799729943
Latency: 0.007669397862628102
Latency: 0.007477003149688244
Latency: 0.007510788040235639
Latency: 0.008360429899767041
Latency: 0.007431881967931986
Latency: 0.007450944045558572
Latency: 0.007374624954536557
Latency: 0.007528380025178194
Latency: 0.0074518220499157906
Latency: 0.007591101108118892
Latency: 0.009160287911072373
Latency: 0.007160048000514507
Latency: 0.007460460998117924
Latency: 0.007421754999086261
Latency: 0.00748963188380003
Latency: 0.007684760959818959
Latency: 0.007568941917270422
Latency: 0.0075056347995996475
Latency: 0.007619886891916394
Latency: 0.007501149084419012
Latency: 0.0075416420586407185
Latency: 0.007437985856086016
Latency: 0.009541757870465517
Latency: 0.007340674055740237
Latency: 0.007500902051106095
Latency: 0.007399188820272684
Latency: 0.007370674982666969
Latency: 0.007547897985205054
Latency: 0.007491512922570109
Latency: 0.007450863951817155
Latency: 0.0075422110967338085
Latency: 0.007499413099139929
Latency: 0.007208541966974735
Latency: 0.007230742136016488
Latency: 0.008886255091056228
Latency: 0.007388867903500795
Latency: 0.007516418118029833
Latency: 0.007393926149234176
Latency: 0.00741387321613729
Latency: 0.007656889967620373
Latency: 0.007476971950381994
Latency: 0.007427510805428028
Latency: 0.0074126149993389845
Latency: 0.00740591180510819
Latency: 0.0075009039137512445
Latency: 0.007372322026640177
Latency: 0.008945930050686002
Latency: 0.321833809139207
Latency: 0.00816097017377615
Latency: 0.007322395918890834
Latency: 0.00745958206243813
Latency: 0.007292218040674925
Latency: 0.007273681927472353
Latency: 0.0073482070583850145
Latency: 0.007268918910995126
Latency: 0.007316043134778738
Latency: 0.007237463025376201
Latency: 0.008505010977387428
Latency: 0.007204187102615833
Latency: 0.007254149066284299
Latency: 0.007343309931457043
Latency: 0.007326063932850957
Latency: 0.0071548460982739925
Latency: 0.007096773944795132
Latency: 0.007279347162693739
Latency: 0.008277532877400517
Latency: 0.007351547013968229
Latency: 0.007235876051709056
Latency: 0.008477261057123542
Latency: 0.007464185124263167
Latency: 0.007414632011204958
Latency: 0.0071712450589984655
Latency: 0.007390142185613513
Latency: 0.0072400979697704315
Latency: 0.007232757052406669
Latency: 0.007292437134310603
Latency: 0.0072454160545021296
Latency: 0.007298679789528251
Latency: 0.008284771116450429
Latency: 0.007078566122800112
Latency: 0.00727478414773941
Latency: 0.0071348450146615505
Latency: 0.007313736015930772
Latency: 0.007357393158599734
Latency: 0.007174823200330138
Latency: 0.007209990173578262
Latency: 0.007203393150120974
Latency: 0.007316957926377654
Latency: 0.007284478982910514
Latency: 0.0072676490526646376
Latency: 0.008140421006828547
Latency: 0.007319731870666146
Latency: 0.007235110970214009
Latency: 0.007212275173515081
Latency: 0.007213482167571783
Latency: 0.007989461068063974
Latency: 0.007255735108628869
Latency: 0.007301270961761475
Latency: 0.007476750994101167
Latency: 0.007350533036515117
Latency: 0.007326498162001371
Latency: 0.008608984993770719
Latency: 0.007046958897262812
Latency: 0.007372625870630145
Latency: 0.007311451947316527
Latency: 0.007297123083844781
Latency: 0.007345257792621851
Latency: 0.007390068145468831
Latency: 0.0073713199235498905
Latency: 0.0073423790745437145
Latency: 0.007371925050392747
Latency: 0.007314248941838741
Latency: 0.007198048988357186
Latency: 0.008077650098130107
Latency: 0.007271200185641646
Latency: 0.007379993097856641
Latency: 0.007346455939114094
Latency: 0.007320591947063804
Latency: 0.007295276969671249
Latency: 0.007326771039515734
Latency: 0.007252574898302555
Latency: 0.007117846980690956
Latency: 0.007204113062471151
Latency: 0.00718327215872705
Latency: 0.007240586914122105
Latency: 0.008056521881371737
Latency: 0.007308721076697111
Latency: 0.007079665781930089
Latency: 0.0072462179232388735
Latency: 0.007277782075107098
Latency: 0.007341357879340649
Latency: 0.007233954966068268
Latency: 0.007237246027216315
Latency: 0.007236062083393335
Latency: 0.00723044783808291
Latency: 0.007252390030771494
Latency: 0.007243508938699961
Latency: 0.0077706140000373125
Latency: 0.0074159069918096066
Latency: 0.007346614031121135
Latency: 0.007281988859176636
Latency: 0.007312502944841981
Latency: 0.007262800121679902
Latency: 0.007295062066987157
Latency: 0.007262359140440822
Latency: 0.007390107028186321
Latency: 0.0072662432212382555
Latency: 0.007177286082878709
Latency: 0.007228599861264229
Latency: 0.008105634013190866
Latency: 0.0070616810116916895
Latency: 0.007358802016824484
Latency: 0.00718297902494669
Latency: 0.007206547074019909
Latency: 0.007336011854931712
Latency: 0.007367819081991911
Latency: 0.007107841782271862
Latency: 0.007210853975266218
Latency: 0.007119942922145128
Latency: 0.007148361997678876
Latency: 0.007266900967806578
Latency: 0.008149504894390702
Latency: 0.007518659811466932
Latency: 0.007393315900117159
Latency: 0.007288869936019182
Latency: 0.007255279924720526
Latency: 0.007234225980937481
Latency: 0.007268460933119059
Latency: 0.007392957806587219
Latency: 0.007756762905046344
Latency: 0.007447212003171444
Latency: 0.007400676142424345
Latency: 0.007225220091640949
Latency: 0.0083636159542948
Latency: 0.007304586004465818
Latency: 0.007335224887356162
Latency: 0.007165742106735706
Latency: 0.007222994929179549
Latency: 0.007334904978051782
Latency: 0.007284059887751937
Latency: 0.007262350060045719
Latency: 0.007278766017407179
Latency: 0.007321418961510062
Latency: 0.007287163054570556
Latency: 0.007451097015291452
Latency: 0.008096999023109674
Latency: 0.007324333069846034
Latency: 0.007238143123686314
Latency: 0.0072712828405201435
Latency: 0.007209577830508351
Latency: 0.007284532068297267
Latency: 0.00727469683624804
Latency: 0.007172727957367897
Latency: 0.007295355899259448
Latency: 0.007502194959670305
Latency: 0.0074139609932899475
Latency: 0.0072894529439508915
Latency: 0.008233602857217193
Latency: 0.007282632868736982
Latency: 0.007316759787499905
Latency: 0.007205649046227336
Latency: 0.007281740894541144
Latency: 0.00735230790451169
Latency: 0.00743355299346149
Latency: 0.007518133148550987
Latency: 0.00738438218832016
Latency: 0.007337826071307063
Latency: 0.007302229991182685
Latency: 0.007322289049625397
Latency: 0.008247030898928642
Latency: 0.007459151092916727
Latency: 0.007156137144193053
Latency: 0.0072061289101839066
Latency: 0.007235230877995491
Latency: 0.007260666927322745
Latency: 0.007114595966413617
Latency: 0.007276891032233834
Latency: 0.007367312908172607
Latency: 0.007357283961027861
Latency: 0.007350090192630887
Latency: 0.00737587409093976
Latency: 0.007872981019318104
Latency: 0.00734519399702549
Latency: 0.007339067058637738
Latency: 0.0073353678453713655
Latency: 0.0073325601406395435
Latency: 0.0073229188565164804
Latency: 0.007310230052098632
Latency: 0.007721924921497703
Latency: 0.015460728900507092
Latency: 0.007899106945842505
Latency: 0.0073002229910343885
Latency: 0.007446190109476447
Latency: 0.008699310012161732
Latency: 0.0073769050650298595
Latency: 0.007263483013957739
Latency: 0.007216978119686246
Latency: 0.007208806928247213
Latency: 0.007260811980813742
Latency: 0.0071995919570326805
Latency: 0.00738871400244534
Latency: 0.007629491854459047
Latency: 0.0076830689795315266
Latency: 0.007627287181094289
Latency: 0.007435747887939215
Latency: 0.008253256091848016
Latency: 0.00742212007753551
Latency: 0.007344257086515427
Latency: 0.007372373016551137
Latency: 0.007334238151088357
Latency: 0.007440963061526418
Latency: 0.007381211034953594
Latency: 0.0073895559180527925
Latency: 0.007378021953627467
Latency: 0.007296500960364938
Latency: 0.007294486043974757
Latency: 0.007202812936156988
Latency: 0.008154982002452016
Latency: 0.007452506804838777
Latency: 0.007307032123208046
Latency: 0.007154412101954222
Latency: 0.007265351014211774
Latency: 0.007383089978247881
Latency: 0.0072824228554964066
Latency: 0.007264780113473535
Latency: 0.007294822949916124
Latency: 0.008080003084614873
Latency: 0.00738527113571763
Latency: 0.007398461923003197
Latency: 0.008325564907863736
Latency: 0.0073482380248606205
Latency: 0.007276582065969706
Latency: 0.0073176471050828695
Latency: 0.007249363930895925
Latency: 0.0073141478933393955
Latency: 0.007256832905113697
Latency: 0.007163603091612458
Latency: 0.007123755989596248
Latency: 0.007256838958710432
Latency: 0.00740395300090313
Latency: 0.007277876138687134
Latency: 0.008428876055404544
Latency: 0.007379611954092979
Latency: 0.007323750061914325
Latency: 0.007252898067235947
Latency: 0.007333687972277403
Latency: 0.007249616086483002
Latency: 0.007223949069157243
Latency: 0.007348721846938133
Latency: 0.007392157102003694
Latency: 0.007492289878427982
Latency: 0.007255771895870566
Latency: 0.007307542022317648
Latency: 0.008139437064528465
Latency: 0.007185970898717642
Latency: 0.007401962066069245
Latency: 0.0074039960745722055
Latency: 0.0073623929638415575
Latency: 0.007351140957325697
Latency: 0.007286537904292345
Latency: 0.007317814975976944
Latency: 0.007225298089906573
Latency: 0.007289715111255646
Latency: 0.007374753011390567
Latency: 0.007333941990509629
Latency: 0.008214987814426422
Latency: 0.0074240281246602535
Latency: 0.007168485084548593
Latency: 0.007288046879693866
Latency: 0.007276284974068403
Latency: 0.007362507050856948
Latency: 0.007429637014865875
Latency: 0.007313058944419026
Latency: 0.007513552205637097
Latency: 0.0075061998795717955
Latency: 0.00741948583163321
Latency: 0.007397715002298355
Latency: 0.008434279123321176
Latency: 0.00731648993678391
Latency: 0.007217654958367348
Latency: 0.0072777229361236095
Latency: 0.00733337108977139
Latency: 0.007571968017145991
Latency: 0.007222113898023963
Latency: 0.007191546959802508
Latency: 0.007101945113390684
Latency: 0.007252083858475089
Latency: 0.007276654010638595
Latency: 0.007338434923440218
Latency: 0.008278601104393601
Latency: 0.03286207700148225
Latency: 0.00785743910819292
Latency: 0.007335884030908346
Latency: 0.0072278419975191355
Latency: 0.00713254907168448
Latency: 0.007152663078159094
Latency: 0.007192482007667422
Latency: 0.007353390799835324
Latency: 0.00733923795633018
Latency: 0.00726624415256083
Latency: 0.008177036885172129
Latency: 0.007310070795938373
Latency: 0.007235619006678462
Latency: 0.007212250959128141
Latency: 0.007418791996315122
Latency: 0.007106181001290679
Latency: 0.0072849339339882135
Latency: 0.007251641014590859
Latency: 0.007204892113804817
Latency: 0.007297776872292161
Latency: 0.0073526829946786165
Latency: 0.0083093938883394
Latency: 0.007156736915931106
Latency: 0.007320214994251728
Latency: 0.007542904932051897
Latency: 0.0071962138172239065
Latency: 0.007256848970428109
Latency: 0.007201455067843199
Latency: 0.007241114042699337
Latency: 0.007272369926795363
Latency: 0.007179175037890673
Latency: 0.007204893045127392
Latency: 0.008118446916341782
Latency: 0.007146498188376427
Latency: 0.007235093042254448
Latency: 0.007409692974761128
Latency: 0.0074348049238324165
Latency: 0.00726414704695344
Latency: 0.007231682073324919
Latency: 0.007205639965832233
Latency: 0.00734026706777513
Latency: 0.007274481002241373
Latency: 0.00719954795204103
Latency: 0.008026531897485256
Latency: 0.00724830711260438
Latency: 0.0072186829056590796
Latency: 0.0071579001378268
Latency: 0.007170609897002578
Latency: 0.007284231949597597
Latency: 0.007267039967700839
Latency: 0.007209026953205466
Latency: 0.007294747047126293
Latency: 0.007246985100209713
Latency: 0.0076444270089268684
Latency: 0.008772762026637793
Latency: 0.008644988061860204
Latency: 0.0073979750741273165
Latency: 0.007463878020644188
Latency: 0.007341810967773199
Latency: 0.007422209018841386
Latency: 0.007493215147405863
Latency: 0.007274116855114698
Latency: 0.00724070193246007
Latency: 0.007250573951750994
Latency: 0.007340703858062625
Latency: 0.007301985984668136
Latency: 0.008367015048861504
Latency: 0.007348818005993962
Latency: 0.007274986011907458
Latency: 0.007183261914178729
Latency: 0.0071888689417392015
Latency: 0.007189888972789049
Latency: 0.007239866070449352
Latency: 0.007257760968059301
Latency: 0.00726555404253304
Latency: 0.007174825994297862
Latency: 0.0073225609958171844
Latency: 0.007370783016085625
Latency: 0.008178110932931304
Latency: 0.00717380503192544
Latency: 0.0072060199454426765
Latency: 0.007386358920484781
Latency: 0.007291201036423445
Latency: 0.007298965938389301
Latency: 0.007271065143868327
Latency: 0.00732799805700779
Latency: 0.007276745047420263
Latency: 0.007380835013464093
Latency: 0.007437427993863821
Latency: 0.00834408006630838
Latency: 0.0071886200457811356
Latency: 0.00892359483987093
Latency: 0.008952397853136063
Latency: 0.00967907696031034
Latency: 0.009527802933007479
Latency: 0.009563104016706347
Latency: 0.009536567842587829
Latency: 0.00932354899123311
Latency: 0.011057731928303838
Latency: 0.0074278730899095535
Latency: 0.007333730114623904
Latency: 0.008629034971818328
Latency: 0.00735901016741991
Latency: 0.007225173059850931
Latency: 0.007373718079179525
Latency: 0.007180389948189259
Latency: 0.007285720901563764
Latency: 0.007441072957590222
Latency: 0.007264712126925588
Latency: 0.007347839884459972
Latency: 0.007917899172753096
Latency: 0.007372739026322961
Latency: 0.007281639147549868
Latency: 0.00827505812048912
Latency: 0.0074440171010792255
Latency: 0.007300995057448745
Latency: 0.007321104872971773
Latency: 0.007383341901004314
Latency: 0.007153203943744302
Latency: 0.007246144115924835
Latency: 0.0074377579148858786
Latency: 0.00728612020611763
Latency: 0.007269249996170402
Latency: 0.008724991930648685
Latency: 0.008642733097076416
Latency: 0.0076056839898228645
Latency: 0.007390042068436742
Latency: 0.0072852689772844315
Latency: 0.007410449907183647
Latency: 0.0072824349626898766
Latency: 0.0072566180024296045
Latency: 0.00726859294809401
Latency: 0.0072545011062175035
Latency: 0.00721715809777379
Latency: 0.007384910946711898
Latency: 0.008366287918761373
Latency: 0.007411417085677385
Latency: 0.007418549153953791
Latency: 0.007197797065600753
Latency: 0.007219431921839714
Latency: 0.007298863027244806
Latency: 0.007169568911194801
Latency: 0.007138440851122141
Latency: 0.007227511843666434
Latency: 0.007104204036295414
Latency: 0.007321092998608947
Latency: 0.00717343483120203
Latency: 0.008355414029210806
Latency: 0.007293300004675984
Latency: 0.007241712184622884
Latency: 0.007285553961992264
Latency: 0.007419198984280229
Latency: 0.007357200141996145
Latency: 0.007345625897869468
Latency: 0.007346041034907103
Latency: 0.0073630609549582005
Latency: 0.007288502994924784
Latency: 0.007294484181329608
Latency: 0.008512039901688695
Latency: 0.007308429107069969
Latency: 0.007353176129981875
Latency: 0.007218824932351708
Latency: 0.007047744933515787
Latency: 0.007092881947755814
Latency: 0.007337029092013836
Latency: 0.0071601299569010735
Latency: 0.007205524947494268
Latency: 0.007054356159642339
Latency: 0.007301117060706019
Latency: 0.007158569060266018
Latency: 0.008157114963978529
Latency: 0.007142421090975404
Latency: 0.007246288005262613
Latency: 0.007241657003760338
Latency: 0.007303684018552303
Latency: 0.007330631138756871
Latency: 0.0072999270632863045
Latency: 0.007304358994588256
Latency: 0.007311949972063303
Latency: 0.007358558941632509
Latency: 0.007321937009692192
Latency: 0.008398527977988124
Latency: 0.007313254987820983
Latency: 0.007552937138825655
Latency: 0.00789988599717617
Latency: 0.007529543014243245
Latency: 0.007359778042882681
Latency: 0.007371512008830905
Latency: 0.007373403990641236
Latency: 0.007269906112924218
Latency: 0.007193512050434947
Latency: 0.0072547560557723045
Latency: 0.007271534996107221
Latency: 0.008136098040267825
Latency: 0.0072629619389772415
Latency: 0.007349873892962933
Latency: 0.007255770033225417
Latency: 0.00875638984143734
Latency: 0.007388510974124074
Latency: 0.007234320044517517
Latency: 0.007238286081701517
Latency: 0.007113901898264885
Latency: 0.00742093101143837
Latency: 0.007340358104556799
Latency: 0.009101646952331066
Latency: 0.007392422063276172
Latency: 0.007297765929251909
Latency: 0.007333379006013274
Latency: 0.007186023984104395
Latency: 0.0073065320029854774
Latency: 0.007316719042137265
Latency: 0.007402652874588966
Latency: 0.007372251944616437
Latency: 0.007142951944842935
Latency: 0.007095857989042997
Latency: 0.007240871200338006
Latency: 0.00841790996491909
Latency: 0.0073217779863625765
Latency: 0.007140300003811717
Latency: 0.007276525953784585
Latency: 0.007286154897883534
Latency: 0.007293739123269916
Latency: 0.007252650102600455
Latency: 0.007258387980982661
Latency: 0.007193876896053553
Latency: 0.0072921637911349535
Latency: 0.007166041061282158
Latency: 0.008488877909258008
Latency: 0.00732345599681139
Latency: 0.007291865069419146
Latency: 0.007482774090021849
Latency: 0.007311964873224497
Latency: 0.007530532078817487
Latency: 0.007411703933030367
Latency: 0.007471915101632476
Latency: 0.007424319162964821
Latency: 0.007302769925445318
Latency: 0.007195227080956101
Latency: 0.007326758932322264
Latency: 0.008237408939749002
Latency: 0.007166728843003511
Latency: 0.007357147056609392
Latency: 0.007323834113776684
Latency: 0.007309888023883104
Latency: 0.007265309104695916
Latency: 0.007242216030135751
Latency: 0.0071974871680140495
Latency: 0.007276327116414905
Latency: 0.0073846878949552774
Latency: 0.007472190074622631
Latency: 0.008626360911875963
Latency: 0.034328453009948134
Latency: 0.007872048066928983
Latency: 0.007420345908030868
Latency: 0.007273030001670122
Latency: 0.007250855211168528
Latency: 0.0073009938932955265
Latency: 0.007400525966659188
Latency: 0.007243571104481816
Latency: 0.00729935010895133
Latency: 0.007339671021327376
Latency: 0.0083343421574682
Latency: 0.007374422159045935
Latency: 0.007143943104892969
Latency: 0.007365440018475056
Latency: 0.007180728018283844
Latency: 0.007562761195003986
Latency: 0.008040771121159196
Latency: 0.007575667928904295
Latency: 0.00738941109739244
Latency: 0.007203693967312574
Latency: 0.007280500140041113
Latency: 0.00859969505108893
Latency: 0.007225380977615714
Latency: 0.007278182078152895
Latency: 0.007217104081064463
Latency: 0.007357252994552255
Latency: 0.007273949915543199
Latency: 0.0072872519958764315
Latency: 0.0071661220863461494
Latency: 0.007283714134246111
Latency: 0.0071690918412059546
Latency: 0.007328896084800363
Latency: 0.0072398800402879715
Latency: 0.00832630810327828
Latency: 0.007282169070094824
Latency: 0.007293569855391979
Latency: 0.007223812164738774
Latency: 0.007188393967226148
Latency: 0.007275464944541454
Latency: 0.007231799885630608
Latency: 0.007215545047074556
Latency: 0.0071733498480170965
Latency: 0.007166646886616945
Latency: 0.007272107060998678
Latency: 0.008316571125760674
Latency: 0.007414884166792035
Latency: 0.00720312399789691
Latency: 0.007234515156596899
Latency: 0.007247471017763019
Latency: 0.007363565964624286
Latency: 0.007426328957080841
Latency: 0.007120891939848661
Latency: 0.007115206914022565
Latency: 0.007270422065630555
Latency: 0.007257492979988456
Latency: 0.007272401126101613
Latency: 0.008231147890910506
Latency: 0.007231213850900531
Latency: 0.007243277970701456
Latency: 0.007390857907012105
Latency: 0.007270831149071455
Latency: 0.0073149490635842085
Latency: 0.007075264118611813
Latency: 0.0072096120566129684
Latency: 0.00728466990403831
Latency: 0.0075975710060447454
Latency: 0.007292972877621651
Latency: 0.008394224103540182
Latency: 0.006999653065577149
Latency: 0.00709065911360085
Latency: 0.007058121031150222
Latency: 0.007256590062752366
Latency: 0.007162679918110371
Latency: 0.007208224851638079
Latency: 0.007153718965128064
Latency: 0.007278516888618469
Latency: 0.007350699044764042
Latency: 0.007414643885567784
Latency: 0.007317744893953204
Latency: 0.008322570938616991
Latency: 0.007236354984343052
Latency: 0.007276701042428613
Latency: 0.0073007140308618546
Latency: 0.007452795980498195
Latency: 0.00719818496145308
Latency: 0.007166196824982762
Latency: 0.007214296841993928
Latency: 0.007141242967918515
Latency: 0.0071494970470666885
Latency: 0.0078765619546175
Latency: 0.008536214008927345
Latency: 0.007422284921631217
Latency: 0.007438197964802384
Latency: 0.007425038842484355
Latency: 0.0072399701457470655
Latency: 0.007256373995915055
Latency: 0.008288230979815125
Latency: 0.007362437900155783
Latency: 0.007206510053947568
Latency: 0.007232623174786568
Latency: 0.007219341117888689
Latency: 0.007195926969870925
Latency: 0.008110525086522102
Latency: 0.007244373904541135
Latency: 0.007211331045255065
Latency: 0.0071322419680655
Latency: 0.007155593018978834
Latency: 0.007247300120070577
Latency: 0.007252479903399944
Latency: 0.007317786104977131
Latency: 0.007266120985150337
Latency: 0.007238226942718029
Latency: 0.0073429299518466
Latency: 0.007280397927388549
Latency: 0.008261214010417461
Latency: 0.007114198058843613
Latency: 0.007167510921135545
Latency: 0.007329839980229735
Latency: 0.007369817001745105
Latency: 0.007329360116273165
Latency: 0.007288848981261253
Latency: 0.007262929109856486
Latency: 0.007346462924033403
Latency: 0.007283771177753806
Latency: 0.007364989025518298
Latency: 0.007436980027705431
Latency: 0.007254012860357761
Latency: 0.007343770004808903
Latency: 0.007313695037737489
Latency: 0.007312000961974263
Latency: 0.007202283013612032
Latency: 0.007096969056874514
Latency: 0.007209978066384792
Latency: 0.0072378190234303474
Latency: 0.007230015937238932
Latency: 0.007197648985311389
Latency: 0.007263511884957552
Latency: 0.00838870694860816
Latency: 0.007267940090969205
Latency: 0.00725326593965292
Latency: 0.007312944857403636
Latency: 0.007488068891689181
Latency: 0.00732451188378036
Latency: 0.007317478070035577
Latency: 0.007349696010351181
Latency: 0.007350838044658303
Latency: 0.007317365845665336
Latency: 0.007239125901833177
Latency: 0.008535558125004172
Latency: 0.00743309804238379
Latency: 0.007269073044881225
Latency: 0.00738353212364018
Latency: 0.007382642012089491
Latency: 0.00736693199723959
Latency: 0.007352995919063687
Latency: 0.00739957788027823
Latency: 0.007341085001826286
Latency: 0.007370212115347385
Latency: 0.007256393088027835
Latency: 0.007137827109545469
Latency: 0.007315021939575672
Latency: 0.007181231863796711
Latency: 0.007786253932863474
Latency: 0.007554685929790139
Latency: 0.0073225300293415785
Latency: 0.007132506929337978
Latency: 0.007083540083840489
Latency: 0.007385711185634136
Latency: 0.007128444034606218
Latency: 0.007183292182162404
Latency: 0.008489979896694422
Latency: 0.0071459440514445305
Latency: 0.007241898914799094
Latency: 0.007490748073905706
Latency: 0.007417157059535384
Latency: 0.007157821906730533
Latency: 0.0073553689289838076
Latency: 0.0073686998803168535
Latency: 0.007365620927885175
Latency: 0.007361008087173104
Latency: 0.0072095568757504225
Latency: 0.00854221498593688
Latency: 0.0073011459317058325
Latency: 0.007137605221942067
Latency: 0.007356618996709585
Latency: 0.007265021093189716
Latency: 0.0072496801149100065
Latency: 0.0072475390043109655
Latency: 0.007335309172049165
Latency: 0.007518928963690996
Latency: 0.007363311946392059
Latency: 0.007408096920698881
Latency: 0.008537376066669822
Latency: 0.007351660169661045
Latency: 0.00737818400375545
Latency: 0.007136105094105005
Latency: 0.0071941998321563005
Latency: 0.0074078720062971115
Latency: 0.007357095135375857
Latency: 0.007291189162060618
Latency: 0.007305412087589502
Latency: 0.007355370093137026
Latency: 0.007307648193091154
Latency: 0.007151453988626599
Latency: 0.008276592940092087
Latency: 0.007357775932177901
Latency: 0.007310266140848398
Latency: 0.00745444605126977
Latency: 0.007221063831821084
Latency: 0.007225004956126213
Latency: 0.007203368004411459
Latency: 0.007199035957455635
Latency: 0.00726085901260376
Latency: 0.0072519860696047544
Latency: 0.0072390378918498755
Latency: 0.008366585010662675
Latency: 0.0071725568268448114
Latency: 0.00731478095985949
Latency: 0.007279137149453163
Latency: 0.007270951988175511
Latency: 0.0073306269478052855
Latency: 0.007387388031929731
Latency: 0.007188785821199417
Latency: 0.00714448606595397
Latency: 0.007210335927084088
Latency: 0.007206223206594586
Latency: 0.007222208194434643
Latency: 0.008155215997248888
Latency: 0.007295676041394472
Latency: 0.007343176985159516
Latency: 0.007224501110613346
Latency: 0.007322632009163499
Latency: 0.007324957055971026
Latency: 0.007336759008467197
Latency: 0.007337677059695125
Latency: 0.007532048039138317
Latency: 0.0074362740851938725
Latency: 0.007385192904621363
Latency: 0.008460060926154256
Latency: 0.03513174317777157
Latency: 0.00787661294452846
Latency: 0.007448212010785937
Latency: 0.007298980839550495
Latency: 0.007434216095134616
Latency: 0.007433190941810608
Latency: 0.007345477817580104
Latency: 0.007253423798829317
Latency: 0.007371085928753018
Latency: 0.007336403941735625
Latency: 0.008306283969432116
Latency: 0.007367257960140705
Latency: 0.0071730290073901415
Latency: 0.007244589040055871
Latency: 0.007303566904738545
Latency: 0.007145054172724485
Latency: 0.007203769171610475
Latency: 0.007248625159263611
Latency: 0.0072032317984849215
Latency: 0.007137395907193422
Latency: 0.007202981971204281
Latency: 0.00825488893315196
Latency: 0.00725479400716722
Latency: 0.007237799931317568
Latency: 0.00722602684982121
Latency: 0.007261011051014066
Latency: 0.007202217122539878
Latency: 0.007261950056999922
Latency: 0.007282854989171028
Latency: 0.007303606951609254
Latency: 0.007379306014627218
Latency: 0.007318004034459591
Latency: 0.008258413057774305
Latency: 0.007273728959262371
Latency: 0.00715977419167757
Latency: 0.007234212011098862
Latency: 0.007354410132393241
Latency: 0.007241999031975865
Latency: 0.007317428011447191
Latency: 0.007342498982325196
Latency: 0.0075260610319674015
Latency: 0.007195926969870925
Latency: 0.007303565042093396
Latency: 0.008456070208922029
Latency: 0.007289169123396277
Latency: 0.007177900057286024
Latency: 0.0073874578811228275
Latency: 0.007099909940734506
Latency: 0.007173418067395687
Latency: 0.007175650214776397
Latency: 0.007247215136885643
Latency: 0.007170860189944506
Latency: 0.007272982969880104
Latency: 0.007328745909035206
Latency: 0.00837892503477633
Latency: 0.007183655863627791
Latency: 0.0074234409257769585
Latency: 0.007582776015624404
Latency: 0.007312191184610128
Latency: 0.0071295639500021935
Latency: 0.0071757331024855375
Latency: 0.007237236946821213
Latency: 0.007510266965255141
Latency: 0.007339919917285442
Latency: 0.007671650964766741
Latency: 0.00752620492130518
Latency: 0.009153541876003146
Latency: 0.007349028019234538
Latency: 0.007331976899877191
Latency: 0.00742640090174973
Latency: 0.007303625112399459
Latency: 0.00712872389703989
Latency: 0.007282294798642397
Latency: 0.007235292810946703
Latency: 0.007136703934520483
Latency: 0.007260206853970885
Latency: 0.00724285701289773
Latency: 0.008222745032981038
Latency: 0.007511114003136754
Latency: 0.007294364972040057
Latency: 0.007199998013675213
Latency: 0.007786044850945473
Latency: 0.00823385501280427
Latency: 0.007582786958664656
Latency: 0.007304836995899677
Latency: 0.007236833916977048
Latency: 0.007306831888854504
Latency: 0.007326360093429685
Latency: 0.007370589068159461
Latency: 0.008626949042081833
Latency: 0.007357178954407573
Latency: 0.007345166057348251
Latency: 0.007428081007674336
Latency: 0.007337746908888221
Latency: 0.007373569067567587
Latency: 0.007216261001303792
Latency: 0.0074086550157517195
Latency: 0.00735086714848876
Latency: 0.00744211208075285
Latency: 0.007298941956833005
Latency: 0.008629633113741875
Latency: 0.007296605966985226
Latency: 0.007305056089535356
Latency: 0.007410328835248947
Latency: 0.007410848047584295
Latency: 0.00767715903930366
Latency: 0.007710037054494023
Latency: 0.007544446038082242
Latency: 0.007259947946295142
Latency: 0.007206459995359182
Latency: 0.007457266096025705
Latency: 0.007350723957642913
Latency: 0.009013914968818426
Latency: 0.007530407980084419
Latency: 0.007700332906097174
Latency: 0.008266792865470052
Latency: 0.015316091012209654
Latency: 0.007656329078599811
Latency: 0.0073130931705236435
Latency: 0.007237811805680394
Latency: 0.007317378185689449
Latency: 0.007331148954108357
Latency: 0.007426894037052989
Latency: 0.008900874992832541
Latency: 0.007478446001186967
Latency: 0.00741902319714427
Latency: 0.007572275120764971
Latency: 0.007320948876440525
Latency: 0.007283471990376711
Latency: 0.007209765026345849
Latency: 0.007269538938999176
Latency: 0.0072932259645313025
Latency: 0.007265130057930946
Latency: 0.007267086999490857
Latency: 0.007316665956750512
Latency: 0.008195359958335757
Latency: 0.00732686510309577
Latency: 0.007948969025164843
Latency: 0.0076086618937551975
Latency: 0.0074777978006750345
Latency: 0.00732401804998517
Latency: 0.0073694270104169846
Latency: 0.00757913407869637
Latency: 0.007409390062093735
Latency: 0.007551457965746522
Latency: 0.0073283519595861435
Latency: 0.008438786026090384
Latency: 0.007398068904876709
Latency: 0.0072705561760813
Latency: 0.007195179117843509
Latency: 0.007206242065876722
Latency: 0.007338740164414048
Latency: 0.0073271410074085
Latency: 0.007342298049479723
Latency: 0.007252588868141174
Latency: 0.007250459166243672
Latency: 0.007103395881131291
Latency: 0.007259009871631861
Latency: 0.008702947059646249
Latency: 0.007372605847194791
Latency: 0.00729441805742681
Latency: 0.007522844010964036
Latency: 0.007345753954723477
Latency: 0.007310609798878431
Latency: 0.007310796994715929
Latency: 0.007292088121175766
Latency: 0.007214789977297187
Latency: 0.007237710990011692
Latency: 0.007455468876287341
Latency: 0.008404789958149195
Latency: 0.007423939183354378
Latency: 0.007386096054688096
Latency: 0.0073552620597183704
Latency: 0.007323348894715309
Latency: 0.007426765980198979
Latency: 0.00733144604600966
Latency: 0.007301149889826775
Latency: 0.007419111905619502
Latency: 0.007402303162962198
Latency: 0.0073207172099500895
Latency: 0.007114124018698931
Latency: 0.008386329980567098
Latency: 0.007155122002586722
Latency: 0.007152064936235547
Latency: 0.007267095847055316
Latency: 0.007339844945818186
Latency: 0.007302593206986785
Latency: 0.007410363061353564
Latency: 0.007186767179518938
Latency: 0.007091040024533868
Latency: 0.007195526035502553
Latency: 0.0071942980866879225
Latency: 0.007219091989099979
Latency: 0.008326312992721796
Latency: 0.007186803035438061
Latency: 0.007107737939804792
Latency: 0.007131840102374554
Latency: 0.007255268981680274
Latency: 0.00739045487716794
Latency: 0.007368972059339285
Latency: 0.00735542387701571
Latency: 0.007277603959664702
Latency: 0.0072782039642333984
Latency: 0.007309488020837307
Latency: 0.007242321968078613
Latency: 0.0072152388747781515
Latency: 0.00753123196773231
Latency: 0.00729516614228487
Latency: 0.007347786100581288
Latency: 0.0073508278001099825
Latency: 0.00788298505358398
Latency: 0.00795229896903038
Latency: 0.007269188994541764
Latency: 0.007359956856817007
Latency: 0.00734282098710537
Latency: 0.007421721005812287
Latency: 0.008676264900714159
Latency: 0.007134464103728533
Latency: 0.007251925999298692
Latency: 0.007334117079153657
Latency: 0.007153216982260346
Latency: 0.007263649022206664
Latency: 0.007319957949221134
Latency: 0.007188940886408091
Latency: 0.007258679019287229
Latency: 0.007180090062320232
Latency: 0.00733375595882535
Latency: 0.007343970006331801
Latency: 0.008429685840383172
Latency: 0.007220305036753416
Latency: 0.007199927931651473
Latency: 0.007245087996125221
Latency: 0.007231066934764385
Latency: 0.007380994968116283
Latency: 0.007319672964513302
Latency: 0.007454977137967944
Latency: 0.014772510854527354
Latency: 0.008798368973657489
Latency: 0.008297436172142625
Latency: 0.015557876089587808
Latency: 0.009387549012899399
Latency: 0.007464705966413021
Latency: 0.007287106942385435
Latency: 0.007141009904444218
Latency: 0.007821128936484456
Latency: 0.0086962238419801
Latency: 0.012502165976911783
Latency: 0.008387047797441483
Latency: 0.007402269868180156
Latency: 0.007477426202967763
Latency: 0.007504905108362436
Latency: 0.007342946017161012
Latency: 0.008942553075030446
Latency: 0.0362674780189991
Latency: 0.007991427090018988
Latency: 0.0073793609626591206
Latency: 0.00781506602652371
Latency: 0.007810530019924045
Latency: 0.0074789749924093485
