Latency: 0.9411901067942381
Latency: 0.8237242018803954
Latency: 0.8313044819515198
Latency: 0.815724337939173
Latency: 0.8229112261906266
Latency: 0.8400623952038586
Latency: 0.827680713031441
Latency: 0.8323833029717207
Latency: 0.8274101209826767
Latency: 0.8185487680602819
Latency: 0.8375751781277359
Latency: 0.8349010040983558
Latency: 0.8509029678534716
Latency: 0.8326525159645826
Latency: 0.8194694339763373
Latency: 0.842272621113807
Latency: 0.8283111399505287
Latency: 0.832270867889747
Latency: 0.8341405391693115
Latency: 0.8313059289939702
Latency: 0.8186871442012489
Latency: 0.8184297007974237
Latency: 0.8200305569916964
Latency: 0.8293007370084524
Latency: 0.8192908018827438
Latency: 0.8184328540228307
Latency: 0.8256921761203557
Latency: 0.8271180561278015
Latency: 0.8266935260035098
