Latency: 0.9459876860491931
Latency: 0.8204116758424789
Latency: 0.8233602598775178
Latency: 0.83400763804093
Latency: 0.835779151879251
Latency: 0.8226907360367477
Latency: 0.8326435070484877
Latency: 0.8229633539449424
Latency: 0.8251483659259975
Latency: 0.8179901151452214
Latency: 0.8372867570724338
Latency: 0.8254059741739184
Latency: 0.8329530349001288
Latency: 0.8117010840214789
Latency: 0.8075372918974608
Latency: 0.8321998689789325
Latency: 0.8206106829456985
Latency: 0.8168046900536865
Latency: 0.8347565359435976
Latency: 0.8294306329917163
Latency: 0.818738104077056
Latency: 0.8316047450061888
Latency: 0.8297762381844223
Latency: 0.832642514957115
Latency: 0.8309489300008863
Latency: 0.827221340034157
Latency: 0.8268695690203458
Latency: 0.819414678029716
Latency: 0.8232409921474755
