Latency: 1.0928967869840562
Latency: 1.0980449260678142
Latency: 1.117143812822178
Latency: 1.0888900589197874
Latency: 1.1047105588950217
Latency: 1.0861129409167916
Latency: 1.1155056001152843
Latency: 1.1183302400168031
Latency: 1.1160427550785244
Latency: 1.1371181369759142
Latency: 1.1091875419951975
Latency: 1.1282340160105377
Latency: 1.144916184945032
Latency: 1.1244219939690083
Latency: 1.1392276780679822
Latency: 1.1705892910249531
Latency: 1.1475738028530031
Latency: 1.166209524963051
Latency: 1.1487407330423594
Latency: 1.155647749081254
Latency: 1.1897002479527146
Latency: 1.1461265671532601
Latency: 1.1653739460743964
Latency: 1.1687174660619348
Latency: 1.1599765841383487
Latency: 1.1610622161533684
Latency: 1.1774876220151782
Latency: 1.1887341600377113
Latency: 1.2007111879065633
Latency: 1.1727565720211715
Latency: 1.1947404500097036
Latency: 1.2000317880883813
Latency: 1.1852963180281222
Latency: 1.1998615958727896
Latency: 1.1679157940670848
Latency: 1.1695611728355289
Latency: 1.2170434040017426
Latency: 1.1920223361812532
Latency: 1.1753335290122777
Latency: 1.2335474300198257
Latency: 1.223241028143093
Latency: 1.2194503899663687
Latency: 1.2287307470105588
Latency: 1.244639622978866
Latency: 1.2232785010710359
Latency: 1.2422466080170125
Latency: 1.2364370480645448
Latency: 1.2435775049962103
Latency: 1.2545944119337946
Latency: 1.248531789984554
Latency: 1.2596180350519717
Latency: 1.2535602280404419
Latency: 1.2495583691634238
Latency: 1.2483162090647966
Latency: 1.2434648210182786
Latency: 1.2478159139864147
Latency: 1.2734269201755524
Latency: 1.2433073369320482
Latency: 1.2570502231828868
Latency: 1.2606411101296544
Latency: 1.2731228140182793
Latency: 1.2723224991932511
Latency: 1.2698607728816569
Latency: 1.2560641809832305
Latency: 1.2719341220799834
Latency: 1.30427610501647
Latency: 1.3104523338843137
Latency: 1.2820540459360927
Latency: 1.3084301790222526
Latency: 1.2828225588891655
Latency: 1.2831466179341078
Latency: 1.326463523088023
Latency: 1.3012505788356066
Latency: 1.284631754970178
Latency: 1.3085104019846767
Latency: 1.289810921996832
Latency: 1.3142672618851066
Latency: 1.3141840789467096
Latency: 1.35089195612818
Latency: 1.3236904861405492
Latency: 1.357916867127642
Latency: 1.3434879968408495
Latency: 1.3456794649828225
Latency: 1.3686194350011647
Latency: 1.3486843099817634
Latency: 1.3763346921186894
Latency: 1.3789356588386
Latency: 1.3788863439112902
Latency: 1.3675906918942928
Latency: 1.35897252894938
Latency: 1.3471933219116181
Latency: 1.3684551371261477
Latency: 1.3847999460995197
Latency: 1.3942898160312325
Latency: 1.3810520370025188
Latency: 1.3832456939853728
Latency: 1.3836837830021977
Latency: 1.3686004129704088
Latency: 1.3908636060077697
Latency: 1.3996712299995124
Latency: 1.3916250430047512
Latency: 1.3768200420308858
Latency: 1.4001731281168759
Latency: 1.4011601221282035
Latency: 1.3963626029435545
Latency: 1.4112974479794502
Latency: 1.4068946100305766
Latency: 1.4122281279414892
Latency: 1.3801689769607037
Latency: 1.3920793009456247
Latency: 1.378415813203901
Latency: 1.42807035590522
Latency: 1.409584297798574
Latency: 1.3927946637850255
Latency: 1.4337744440417737
Latency: 1.4319766198750585
Latency: 1.4229366020299494
Latency: 1.4041362712159753
Latency: 1.424442372051999
Latency: 1.4259382230229676
Latency: 1.4268407640047371
Latency: 1.4380831068847328
Latency: 1.475241055013612
Latency: 1.433640558971092
Latency: 1.4732540110126138
Latency: 1.4700675059575588
Latency: 1.4674183989409357
Latency: 1.481251509161666
Latency: 1.4554490877781063
Latency: 1.4644689520355314
Latency: 1.48610695800744
Latency: 1.4507855649571866
Latency: 1.4833325119689107
Latency: 1.4732795399613678
Latency: 1.4732976779341698
Latency: 1.451369479065761
Latency: 1.4573824780527502
Latency: 1.4770756820216775
Latency: 1.4842249229550362
Latency: 1.4638301499653608
Latency: 1.4785660640336573
Latency: 1.4930564749520272
Latency: 1.4697940009646118
Latency: 1.512054764200002
Latency: 1.467104067094624
Latency: 1.4991712649352849
Latency: 1.4664662070572376
Latency: 1.4754249460529536
Latency: 1.4752227829303592
Latency: 1.5008650878444314
Latency: 1.518643262097612
Latency: 1.4831152760889381
Latency: 1.5107733020558953
Latency: 1.513294663047418
Latency: 1.4972419638652354
Latency: 1.5269331471063197
Latency: 1.5057487809099257
Latency: 1.531941131921485
Latency: 1.5154694388620555
Latency: 1.5454382100142539
Latency: 1.6686881750356406
Latency: 1.8253243709914386
Latency: 1.8349351291544735
Latency: 1.8369485980365425
Latency: 1.8459301688708365
Latency: 1.8662330510560423
Latency: 2.3041548058390617
Latency: 2.313156849006191
Latency: 2.332263395888731
Latency: 2.3235445560421795
Latency: 2.3394107569474727
Latency: 2.339014431927353
Latency: 2.3285731240175664
Latency: 2.3260268392041326
Latency: 2.330241172108799
Latency: 2.3301402810029685
Latency: 2.345318116946146
Latency: 2.3495822402182966
Latency: 2.353958711028099
Latency: 2.3644622911233455
Latency: 2.366647853050381
Latency: 2.3569584260694683
Latency: 2.3586410998832434
Latency: 2.368997799931094
Latency: 2.3680808879435062
Latency: 2.381451452150941
Latency: 2.3646671469323337
Latency: 2.384344446938485
Latency: 2.376453445991501
Latency: 2.3722020690329373
Latency: 2.3870435720309615
Latency: 2.3827633790206164
Latency: 2.3799075610004365
Latency: 2.3898332931566983
Latency: 2.3996705359313637
Latency: 2.39513617916964
Latency: 2.3876917781308293
Latency: 2.406113772187382
Latency: 2.4030397119931877
Latency: 2.4843933878000826
Latency: 2.4857615779619664
Latency: 2.4781598108820617
Latency: 2.479464753996581
Latency: 2.4772099158726633
Latency: 2.490077312104404
Latency: 2.4812670901883394
Latency: 2.5035539839882404
Latency: 2.5031749471090734
Latency: 2.503504351945594
Latency: 2.486771611031145
Latency: 2.501243355916813
Latency: 2.4908811969216913
Latency: 2.5105755659751594
Latency: 2.508909366093576
Latency: 2.496805557049811
Latency: 2.5107716689817607
Latency: 2.516698425170034
Latency: 2.520978161133826
Latency: 2.504557228880003
Latency: 2.510474198963493
Latency: 2.52381470403634
Latency: 2.5056573320180178
Latency: 2.524880527984351
Latency: 2.5499523039907217
Latency: 2.5409058600198478
Latency: 2.535507829859853
Latency: 2.5325886600185186
Latency: 2.547975776018575
Latency: 2.560871056979522
Latency: 2.549151638057083
Latency: 2.5515349940396845
Latency: 2.559608115814626
Latency: 2.5537093689199537
Latency: 2.5550214741379023
Latency: 2.54902157606557
Latency: 2.5574862519279122
Latency: 2.564433796098456
Latency: 2.556020419113338
Latency: 2.572777130873874
Latency: 2.5804917560890317
Latency: 2.581317863892764
Latency: 2.5930509120225906
Latency: 2.5820833831094205
Latency: 2.580808235099539
Latency: 2.59001197386533
Latency: 2.5925664249807596
Latency: 2.6019477490335703
Latency: 2.578797104069963
Latency: 2.5835334460716695
Latency: 2.6049500410445035
Latency: 2.594972390914336
Latency: 2.598051618086174
Latency: 2.60578250605613
Latency: 2.6308449420612305
Latency: 2.649993878090754
Latency: 2.6739868989679962
Latency: 1.180278898915276
Latency: 1.185732782119885
Latency: 1.184876693179831
Latency: 1.2093951730057597
Latency: 1.2045266339555383
Latency: 1.208391360938549
Latency: 1.140275829937309
Latency: 1.1411296729929745
Latency: 1.1702865529805422
Latency: 1.1593674141913652
Latency: 1.1773300520144403
Latency: 1.1699171049986035
Latency: 1.1647579630371183
Latency: 1.1839505010284483
Latency: 1.170563027029857
Latency: 1.1871410419698805
Latency: 1.169737390941009
Latency: 1.17533373599872
Latency: 1.1689280718564987
Latency: 1.1577916929963976
Latency: 1.1684748271945864
Latency: 1.186037396080792
Latency: 1.1868694860022515
Latency: 1.1998509801924229
Latency: 1.1912053939886391
Latency: 1.1893775039352477
Latency: 1.2680316041223705
Latency: 1.2431817899923772
Latency: 1.2644118200987577
Latency: 1.2631333430763334
Latency: 1.264762288192287
Latency: 1.2443568638991565
Latency: 1.2536237440072
Latency: 1.2569748910609633
Latency: 1.2803143691271544
Latency: 1.280748263001442
Latency: 1.273284503025934
Latency: 1.2657508838456124
Latency: 1.2640923410654068
Latency: 1.2675536458846182
Latency: 1.2889502041507512
Latency: 1.2669839120935649
Latency: 1.2828468279913068
Latency: 1.2725715450942516
Latency: 1.2947748890146613
Latency: 1.280751096084714
Latency: 1.2958219829015434
Latency: 1.2943359401542693
Latency: 1.2988450138363987
Latency: 1.311532136052847
Latency: 1.297873101895675
Latency: 1.3157900189980865
Latency: 1.3191649380605668
Latency: 1.3109637948218733
Latency: 1.3259638079907745
Latency: 1.3072811539750546
Latency: 1.3323497010860592
Latency: 1.3230286550242454
Latency: 1.3390066190622747
Latency: 1.3134858149569482
Latency: 1.349252033047378
Latency: 1.3205365650355816
Latency: 1.3297712460625917
Latency: 1.3215187098830938
Latency: 1.3345441338606179
Latency: 1.3398243631236255
Latency: 1.3405638108961284
Latency: 1.351765634957701
Latency: 1.3409689718391746
Latency: 1.356042122002691
Latency: 1.3524112638551742
Latency: 1.3533901011105627
Latency: 1.3661144860088825
Latency: 1.3730922599788755
Latency: 1.352933287853375
Latency: 1.3660765457898378
Latency: 1.3700919540133327
Latency: 1.3611411310266703
Latency: 1.3496304049622267
Latency: 1.3320016500074416
Latency: 1.3336235310416669
Latency: 1.3230804197955877
Latency: 1.3330972520634532
Latency: 1.3481895739678293
Latency: 1.3319637288805097
Latency: 1.347230755025521
Latency: 1.3457336130086333
Latency: 1.3376647918485105
Latency: 1.3870808079373091
Latency: 1.3581831429619342
Latency: 1.3535050738137215
Latency: 1.3606464450713247
Latency: 1.3452542929444462
Latency: 1.3608534189406782
Latency: 1.346064002951607
Latency: 1.360033615026623
Latency: 1.3765541741158813
Latency: 1.3622706499882042
Latency: 1.3681711498647928
Latency: 1.3605879039969295
Latency: 1.419074960052967
Latency: 1.4053263559471816
Latency: 1.4066167431883514
Latency: 1.4198424611240625
Latency: 1.4263726510107517
Latency: 1.427057878812775
Latency: 1.4336163781117648
Latency: 1.4811208250466734
Latency: 1.475621143123135
Latency: 1.4912682138383389
Latency: 1.5014370160643011
Latency: 1.5215539128985256
Latency: 1.512333438033238
Latency: 1.5232758838683367
Latency: 1.5445653770584613
Latency: 1.525785659905523
Latency: 1.5292555731721222
Latency: 1.524007837055251
Latency: 1.5198317260947078
Latency: 1.5386290550231934
Latency: 1.541301439050585
Latency: 1.5412784239742905
Latency: 1.5543872048147023
Latency: 1.5298271670471877
Latency: 1.5284816599451005
Latency: 1.5337797780521214
Latency: 1.5399044412188232
Latency: 1.5378203559666872
Latency: 1.5636959678959101
Latency: 1.560059143928811
Latency: 1.547564916079864
Latency: 1.5417297491803765
Latency: 1.5548930179793388
Latency: 1.5696893071290106
Latency: 1.5474873171187937
Latency: 1.5507340428885072
Latency: 1.5485149030573666
Latency: 1.5695731460582465
Latency: 1.5600701679941267
Latency: 1.5681765507906675
Latency: 1.5708783902227879
Latency: 1.579994663130492
Latency: 1.5751944361254573
Latency: 1.5860858419910073
Latency: 1.5808649859391153
Latency: 1.5879342700354755
Latency: 1.586193519178778
Latency: 1.6071092681959271
Latency: 1.6063540279865265
Latency: 1.596561930142343
Latency: 1.514420985011384
Latency: 1.6075388239696622
Latency: 1.5959442961029708
Latency: 1.60779953119345
Latency: 1.5992819759994745
Latency: 1.6029009940102696
Latency: 1.63487236504443
Latency: 1.6206444918643683
Latency: 1.630707663949579
Latency: 1.630655864952132
Latency: 1.6345976330339909
Latency: 1.4165316128637642
Latency: 1.4266308201476932
Latency: 1.3532964908517897
Latency: 1.3790277680382133
Latency: 1.4645348209887743
Latency: 1.310766032198444
Latency: 1.3302390230819583
Latency: 1.3331598271615803
Latency: 1.3255781230982393
Latency: 1.339607381960377
Latency: 1.3344943181145936
Latency: 1.3282795851118863
Latency: 1.3362514418549836
Latency: 1.336784467101097
Latency: 1.3370176958851516
Latency: 1.2712685440201312
Latency: 1.3426245630253106
Latency: 1.3112283600494266
Latency: 1.3587279650382698
Latency: 1.3583384959492832
Latency: 1.3677493769209832
Latency: 1.3605764999520034
Latency: 1.3641840119380504
Latency: 1.3821734869852662
Latency: 1.377326512010768
Latency: 1.3732598889619112
Latency: 1.3868486019782722
Latency: 1.389381374930963
Latency: 1.3339322919491678
Latency: 1.3966027770657092
Latency: 1.3893579049035907
Latency: 1.3073353671934456
Latency: 1.404569410951808
Latency: 1.386881607118994
Latency: 1.39389430382289
Latency: 1.4088385049253702
Latency: 1.3835138732101768
Latency: 1.3542801400180906
Latency: 1.4062140530440956
Latency: 1.4071836369112134
Latency: 1.407773360144347
Latency: 1.4067072810139507
Latency: 1.4045906709507108
Latency: 1.4151371561456472
Latency: 1.4644532569218427
Latency: 1.485898605082184
Latency: 1.5004760951269418
Latency: 1.4686091211624444
Latency: 1.5046193290036172
Latency: 1.4909490579739213
Latency: 1.50051210494712
Latency: 1.4950984148308635
Latency: 1.4936127208638936
Latency: 1.500829444034025
Latency: 1.4984371510799974
Latency: 1.5862250339705497
Latency: 1.5951748059596866
Latency: 1.5617305079940706
Latency: 1.5573316181544214
Latency: 1.550131507916376
Latency: 1.5813230350613594
Latency: 1.6165107609704137
Latency: 1.6026590990368277
Latency: 1.5570799699053168
Latency: 1.5446430530864745
Latency: 1.5716399759985507
Latency: 1.6131889570970088
Latency: 1.5929957579355687
Latency: 1.5839921161532402
Latency: 1.5821701418608427
Latency: 1.602602245984599
Latency: 1.627095232019201
Latency: 1.637776266084984
Latency: 1.6215651489328593
Latency: 1.5989281120710075
Latency: 1.612951876828447
Latency: 1.6179112291429192
Latency: 1.6586959031410515
Latency: 1.6376985688693821
Latency: 1.6359788498375565
Latency: 1.605498522054404
Latency: 1.6151472351048142
Latency: 1.6044630350079387
Latency: 1.6428170108702034
Latency: 1.6732101559173316
Latency: 1.6578187150880694
Latency: 1.642857814906165
Latency: 1.661316622979939
Latency: 1.655943884048611
Latency: 1.6761933451052755
Latency: 1.6720065609551966
Latency: 1.6301777919288725
Latency: 1.4954348269384354
Latency: 1.3162072920240462
Latency: 1.4114038851112127
Latency: 1.4483377570286393
Latency: 1.4671582540031523
Latency: 1.4787732930853963
Latency: 1.5500728150364012
Latency: 1.5429671090096235
Latency: 1.5380649450235069
Latency: 1.6086629091296345
Latency: 1.4327510469593108
Latency: 1.4796843759249896
Latency: 1.3840749808587134
Latency: 1.3482540261466056
Latency: 1.357762336032465
Latency: 1.4686075020581484
Latency: 1.5972999171353877
Latency: 1.4800757199991494
Latency: 1.476283023133874
Latency: 1.4803663829807192
Latency: 1.3762167759705335
Latency: 1.422754491912201
Latency: 1.3869004771113396
Latency: 1.3944150540046394
Latency: 1.431908137863502
Latency: 1.4343833830207586
Latency: 1.5356184118427336
Latency: 1.4088142099790275
Latency: 1.3906511671375483
Latency: 1.548519256990403
Latency: 1.5937130430247635
Latency: 1.4478314761072397
Latency: 1.402193509042263
Latency: 1.4174548559822142
Latency: 1.4210974408779293
Latency: 1.5112756451126188
Latency: 1.5159282030072063
Latency: 1.4186578749213368
Latency: 1.5728567189071327
Latency: 1.5745599959045649
Latency: 1.4024173840880394
Latency: 1.448634607018903
Latency: 1.4568237049970776
Latency: 1.5525407139211893
Latency: 1.494683425873518
Latency: 1.4959891738835722
Latency: 1.4486958268098533
Latency: 1.4967651520855725
Latency: 1.4113427558913827
Latency: 1.4588246589992195
Latency: 1.4597026680130512
Latency: 1.4713976171333343
Latency: 1.407002713996917
Latency: 1.4113436799962074
Latency: 1.4740111490245908
Latency: 1.4367254809476435
Latency: 1.4424725291319191
Latency: 1.581315535819158
Latency: 1.4871186499949545
Latency: 1.438437937060371
Latency: 1.4906893819570541
Latency: 1.5077354640234262
Latency: 1.513523006113246
Latency: 1.4560911150183529
Latency: 1.5389172050636262
Latency: 1.4487869290169328
Latency: 1.4509996538981795
Latency: 1.4982148429844528
Latency: 1.5078081970568746
Latency: 1.5007339229341596
Latency: 1.5025035189464688
Latency: 1.5490199141204357
Latency: 1.4640926960855722
Latency: 1.4627152711618692
Latency: 1.5182536719366908
Latency: 1.5269084179308265
Latency: 1.5353840598836541
Latency: 1.5341031649149954
Latency: 1.4941716608591378
Latency: 1.491224880097434
Latency: 1.5021060961298645
Latency: 1.3354412189219147
Latency: 1.346893822075799
Latency: 1.3458922400604934
Latency: 1.344073599902913
Latency: 1.3449962420854717
Latency: 1.3644509250298142
Latency: 1.3503605870064348
Latency: 1.346074485918507
Latency: 1.3261552869807929
Latency: 1.3638830720447004
Latency: 1.3388761258684099
Latency: 1.3824991199653596
Latency: 1.3724460629746318
Latency: 1.373737445101142
Latency: 1.3063416650984436
Latency: 1.312816001009196
Latency: 1.376380458008498
Latency: 1.3930821190588176
Latency: 1.3809935480821878
Latency: 1.3914563988801092
Latency: 1.4196670670062304
Latency: 1.3644649549387395
Latency: 1.3961252679582685
Latency: 1.3328437281306833
Latency: 1.4032279870007187
Latency: 1.4123513840604573
Latency: 1.4185488889925182
Latency: 1.423569596838206
Latency: 1.4323227449785918
Latency: 1.4721155371516943
Latency: 1.4166970599908382
Latency: 1.4304090028163046
Latency: 1.3669241399038583
Latency: 1.3599314109887928
Latency: 1.365698603913188
Latency: 1.4328909569885582
Latency: 1.3644857958424836
Latency: 1.4082093429751694
Latency: 1.433110472979024
Latency: 1.3830780608113855
Latency: 1.3749803809914738
Latency: 1.366992610041052
Latency: 1.4258501939475536
Latency: 1.3731479558628052
Latency: 1.3539298300165683
Latency: 1.3539035459980369
Latency: 1.4335591639392078
Latency: 1.471033429959789
Latency: 1.4283330750185996
Latency: 1.3986489691305906
Latency: 1.4385247468017042
Latency: 1.434750447049737
Latency: 1.4332074569538236
Latency: 1.44718983117491
Latency: 1.4303804419469088
Latency: 1.409535472979769
Latency: 1.482581740943715
Latency: 1.4838599720969796
Latency: 1.4928442740347236
Latency: 1.488331533037126
Latency: 1.4731264121364802
Latency: 1.533210955094546
Latency: 1.5046972420532256
Latency: 1.5285240709781647
Latency: 1.5299082221463323
Latency: 1.49336842703633
Latency: 1.5744235799647868
Latency: 1.5237608589231968
Latency: 1.5502889121416956
Latency: 1.4035596230532974
Latency: 1.397745382040739
Latency: 1.4937573987990618
Latency: 1.4366290080361068
Latency: 1.4459997308440506
Latency: 1.4977538220118731
Latency: 1.4344101811293513
Latency: 1.454093444859609
Latency: 1.469582854071632
Latency: 1.582853598985821
Latency: 1.56779132806696
Latency: 1.57231102604419
Latency: 1.5845275740139186
Latency: 1.5724726209882647
Latency: 1.5677022458985448
Latency: 1.5967110660858452
Latency: 1.6120553109794855
Latency: 1.6246196739375591
Latency: 1.6105141141451895
Latency: 1.340129517018795
Latency: 1.317668003961444
Latency: 1.3233706729952246
Latency: 1.3221833801362664
Latency: 1.295248748967424
Latency: 1.3304077389184386
Latency: 1.3906201689969748
Latency: 1.3179987820331007
Latency: 1.3422739100642502
Latency: 1.3128149800468236
Latency: 1.3448521269019693
Latency: 1.3976033180952072
Latency: 1.3512483141385019
Latency: 1.3343007501680404
Latency: 1.2942424840293825
Latency: 1.3369243929628283
Latency: 1.3009496740996838
Latency: 1.3579057869501412
Latency: 1.3602137020789087
Latency: 1.3261983939446509
Latency: 1.316923069069162
Latency: 1.3661144231446087
Latency: 1.3631797980051488
Latency: 1.387791123939678
Latency: 1.354145451914519
Latency: 1.4535745459143072
Latency: 1.3770733140408993
Latency: 1.3426601579412818
Latency: 1.3626122630666941
Latency: 1.3087252229452133
Latency: 1.3629153999499977
Latency: 1.3661483419127762
Latency: 1.382933952845633
Latency: 1.4217451449949294
Latency: 1.3722101310268044
Latency: 1.4147260759491473
Latency: 1.4160365390125662
Latency: 1.4037218431476504
Latency: 1.5073075219988823
Latency: 1.6230821108911186
Latency: 1.5619684089906514
Latency: 1.549434487009421
Latency: 1.5525673909578472
Latency: 1.4850639689248055
Latency: 1.5884268179070204
Latency: 1.5521118508186191
Latency: 1.5043965310323983
Latency: 1.548489733133465
Latency: 1.5497422120533884
Latency: 1.5676862951368093
Latency: 1.4387744979467243
Latency: 1.5193421239964664
Latency: 1.454178679967299
Latency: 1.4628713550046086
Latency: 1.4712834369856864
Latency: 1.4657461731694639
Latency: 1.4766580169089139
Latency: 1.4334965001326054
Latency: 1.4440767939668149
Latency: 1.486015279078856
Latency: 1.4493509179446846
Latency: 1.5003034388646483
Latency: 1.4645002139732242
Latency: 1.513347211992368
Latency: 1.4612054671160877
Latency: 1.520417186897248
Latency: 1.4581831428222358
Latency: 1.5136710489168763
Latency: 1.471609879983589
Latency: 1.4770636491011828
Latency: 1.529270363971591
Latency: 1.4769627160858363
Latency: 1.5189118068665266
Latency: 1.5182016759645194
Latency: 1.4914814750663936
Latency: 1.4634525619912893
Latency: 1.565618734806776
Latency: 1.5823430139571428
Latency: 1.5865194278303534
Latency: 1.5803271781187505
Latency: 1.5748633949551731
Latency: 1.576349942944944
Latency: 1.5857687299139798
Latency: 1.576125258114189
Latency: 1.5859562868718058
Latency: 1.5736655569635332
Latency: 1.5819137138314545
Latency: 1.5738338560331613
Latency: 1.5768198200967163
Latency: 1.593230145983398
Latency: 1.5768060700502247
Latency: 1.5848517438862473
Latency: 1.4928665980696678
Latency: 1.4917696649208665
Latency: 1.5863996711559594
Latency: 1.4423735130112618
Latency: 1.4202039442025125
Latency: 1.5923146598506719
Latency: 1.4073757419828326
Latency: 1.4149696088861674
Latency: 1.5223527820780873
Latency: 1.416586359962821
Latency: 1.4268303110729903
Latency: 1.326314717065543
Latency: 1.3204422029666603
Latency: 1.3312200289219618
Latency: 1.3668679250404239
Latency: 1.3700870058964938
Latency: 1.3482640169095248
Latency: 1.4340867639984936
Latency: 1.3859767941758037
Latency: 1.3803006450179964
Latency: 1.3437625980004668
Latency: 1.383656949037686
Latency: 1.3866081228479743
Latency: 1.3781591940205544
Latency: 1.3887683069333434
Latency: 1.3955851409118623
Latency: 1.3821871390100569
Latency: 1.4153633108362556
Latency: 1.392726661870256
Latency: 1.416313427966088
Latency: 1.4145069641526788
Latency: 1.4032482290640473
Latency: 1.3673897830303758
Latency: 1.3928627111017704
Latency: 1.3960536590311676
Latency: 1.3966964851133525
Latency: 1.4733646179083735
Latency: 1.3987190490588546
Latency: 1.362829552963376
Latency: 1.3780445221345872
Latency: 1.3855210719630122
Latency: 1.4149875901639462
Latency: 1.4381763970013708
Latency: 1.3835395618807524
Latency: 1.4063801059965044
Latency: 1.4060534199234098
Latency: 1.4517363340128213
Latency: 1.4459359850734472
Latency: 1.433163776062429
Latency: 1.3916920109186321
Latency: 1.4027684030588716
Latency: 1.4376962478272617
Latency: 1.4106591979507357
Latency: 1.4630294579546899
Latency: 1.4364731761161238
Latency: 1.4213476930744946
Latency: 1.408698843093589
Latency: 1.4389204510953277
Latency: 1.4545746829826385
Latency: 1.4311777581460774
Latency: 1.4183638871181756
Latency: 1.4726948870811611
Latency: 1.4793396110180765
Latency: 1.4477171918842942
Latency: 1.4291515259537846
Latency: 1.4583649951964617
Latency: 1.484860601136461
Latency: 1.4390109369996935
Latency: 1.4551713918335736
Latency: 1.4544870441313833
Latency: 1.489410046953708
Latency: 1.4510861069429666
Latency: 1.3753780690021813
Latency: 1.4489504829980433
Latency: 1.4489203540142626
Latency: 1.4534567431546748
Latency: 1.4496428661514074
Latency: 1.3960917408112437
Latency: 1.3493855260312557
Latency: 1.4488352751359344
Latency: 1.440014849882573
Latency: 1.3265004749409854
Latency: 1.3636346638668329
Latency: 1.3336168101523072
Latency: 1.3340294640511274
Latency: 1.3134233399759978
Latency: 1.31976392515935
Latency: 1.3764044342096895
Latency: 1.3288093898445368
Latency: 1.336702181957662
Latency: 1.3287274248432368
Latency: 1.4827550179325044
Latency: 1.322123640915379
Latency: 1.3930684758815914
Latency: 1.4755987639073282
Latency: 1.3618286510463804
Latency: 1.3590199439786375
Latency: 1.3572803707793355
Latency: 1.3657386319246143
Latency: 1.3401873938273638
Latency: 1.3536758827976882
Latency: 1.3324475530534983
Latency: 1.3456265800632536
Latency: 1.345618685008958
Latency: 1.3537381479982287
Latency: 1.3587092910893261
Latency: 1.374904935946688
Latency: 1.350288710091263
Latency: 1.3569587678648531
Latency: 1.352455403888598
Latency: 1.373277067905292
Latency: 1.34946526796557
Latency: 1.3784572300501168
Latency: 1.37437899899669
Latency: 1.3657137879636139
Latency: 1.4070698840077966
Latency: 1.3990418941248208
Latency: 1.4139245839323848
Latency: 1.411479745991528
Latency: 1.3965590491425246
Latency: 1.408250848064199
Latency: 1.4084308028686792
Latency: 1.40968101285398
Latency: 1.4223720510490239
Latency: 1.4295656539034098
Latency: 1.5347347969654948
Latency: 1.5333462320268154
Latency: 1.537850113818422
Latency: 1.5537045139353722
Latency: 1.5468000080436468
Latency: 1.563253846950829
Latency: 1.5370005869772285
Latency: 1.5313154340256006
Latency: 1.5546949699055403
Latency: 1.5757510240655392
Latency: 1.564009132096544
Latency: 1.5530980869662017
Latency: 1.5691071660257876
Latency: 1.5727952008601278
Latency: 1.55669678398408
Latency: 1.565180901903659
Latency: 1.6026023689191788
Latency: 1.5991768420208246
Latency: 1.545567305991426
Latency: 1.5404633060097694
Latency: 1.5443341988138855
Latency: 1.4047834689263254
Latency: 1.554515521042049
Latency: 1.5586510470602661
Latency: 1.5759348890278488
Latency: 1.5945916639175266
Latency: 1.5793493429664522
Latency: 1.5722096841782331
Latency: 1.4070279530715197
Latency: 1.436420442070812
Latency: 1.4099912971723825
Latency: 1.5894004178699106
Latency: 1.5886261470150203
Latency: 1.4970784720499068
Latency: 1.5053979619406164
Latency: 1.5008043530397117
Latency: 1.508519854163751
Latency: 1.5236088978126645
Latency: 1.566018617944792
Latency: 1.3584907988552004
Latency: 1.3730832820292562
Latency: 1.3571832990273833
Latency: 1.3573369039222598
Latency: 1.361062766984105
Latency: 1.379088340094313
Latency: 1.3883323350455612
Latency: 1.3754705479368567
Latency: 1.3728972610551864
Latency: 1.3997042230330408
Latency: 1.4065018941182643
Latency: 1.365872829919681
Latency: 1.3799178411718458
Latency: 1.412332802079618
Latency: 1.4212328509893268
Latency: 1.4004957468714565
Latency: 1.4024048731662333
Latency: 1.4020134981255978
Latency: 1.425001504831016
Latency: 1.4262389480136335
Latency: 1.4071765160188079
Latency: 1.4071104237809777
Latency: 1.335753234103322
Latency: 1.4029182689264417
Latency: 1.4411053739022464
Latency: 1.4139552998822182
Latency: 1.4111719760112464
Latency: 1.3569276621565223
Latency: 1.432229550089687
Latency: 1.4249006509780884
Latency: 1.3508937119040638
Latency: 1.4281184819992632
Latency: 1.3566504821646959
Latency: 1.4457717831246555
Latency: 1.429365806048736
Latency: 1.3715854110196233
Latency: 1.4385063871741295
Latency: 1.4671111300121993
Latency: 1.4455249239690602
Latency: 1.4325516039971262
Latency: 1.43424719478935
Latency: 1.4601932840887457
Latency: 1.4593089050613344
Latency: 1.4087904449552298
Latency: 1.3931393378879875
Latency: 1.456089005805552
Latency: 1.3948957959655672
Latency: 1.4585560071282089
Latency: 1.403199285035953
Latency: 1.417014098027721
Latency: 1.3894454499240965
Latency: 1.4042668759357184
Latency: 1.4063952069263905
Latency: 1.3503433170262724
Latency: 1.3440518740098923
Latency: 1.3441645801067352
Latency: 1.3550803042016923
Latency: 1.3553759888745844
Latency: 1.4382693259976804
Latency: 1.4488594108261168
Latency: 1.4292683789972216
Latency: 1.4052857500500977
Latency: 1.530404529068619
Latency: 1.5366944610141218
Latency: 1.455982093932107
Latency: 1.5054845160339028
Latency: 1.4556650328449905
Latency: 1.4058882740791887
Latency: 1.5366681169252843
Latency: 1.4458954520523548
Latency: 1.5505822729319334
Latency: 1.5025754100643098
Latency: 1.5218795610126108
Latency: 1.5473324549384415
Latency: 1.4745296719484031
Latency: 1.518220986938104
Latency: 1.5592020109761506
Latency: 1.4705267809331417
Latency: 1.5348002361133695
Latency: 1.4862144128419459
Latency: 1.4863676249515265
Latency: 1.5053858908358961
Latency: 1.4927547541446984
Latency: 1.5663926790002733
Latency: 1.5519800931215286
Latency: 1.5662234479095787
Latency: 1.4969976919237524
Latency: 1.5802333687897772
Latency: 1.49960235087201
Latency: 1.5851341290399432
Latency: 1.5886652891058475
Latency: 1.4698301509488374
Latency: 1.5621808948926628
Latency: 1.5044673178344965
Latency: 1.5944025299977511
Latency: 1.5197172840125859
Latency: 1.5228762859478593
Latency: 1.4211279819719493
Latency: 1.5058318888768554
Latency: 1.381999276112765
Latency: 1.5231277940329164
Latency: 1.521010834025219
Latency: 1.4255281558725983
Latency: 1.5418829671107233
Latency: 1.4918580509256572
Latency: 1.3393127399031073
Latency: 1.3409360831137747
Latency: 1.3421563820447773
Latency: 1.3295133910141885
Latency: 1.358585085021332
Latency: 1.3708391299005598
Latency: 1.3367495480924845
Latency: 1.3743004188872874
Latency: 1.3698384258896112
Latency: 1.363633797969669
Latency: 1.3471945819910616
Latency: 1.366058720042929
Latency: 1.3558298649732023
Latency: 1.5162639699410647
Latency: 1.3945283850189298
Latency: 1.3606788299512118
Latency: 1.373208031989634
Latency: 1.3922697168309242
Latency: 1.374698936007917
Latency: 1.409388744039461
Latency: 1.3598930349107832
Latency: 1.3694238250609487
Latency: 1.3822238759603351
Latency: 1.3707866789773107
Latency: 1.3892145480494946
Latency: 1.4208213521633297
Latency: 1.5542827749159187
Latency: 1.4175358258653432
Latency: 1.420714383944869
Latency: 1.392866063863039
Latency: 1.6026229921262711
Latency: 1.4274072251282632
Latency: 1.4346296859439462
Latency: 1.390473194885999
Latency: 1.4151455869432539
Latency: 1.4181114721577615
Latency: 1.42671930603683
Latency: 1.441317069111392
Latency: 1.405463607981801
Latency: 1.4016994710545987
Latency: 1.4574005091562867
Latency: 1.4554697249550372
Latency: 1.4377358939964324
Latency: 1.4428470109123737
Latency: 1.4286846101749688
Latency: 1.4464370319619775
Latency: 1.840616683010012
Latency: 1.481352130882442
Latency: 1.458021632861346
Latency: 1.4619777998887002
Latency: 1.4760349108837545
Latency: 1.4553265578579158
Latency: 1.4594623199664056
Latency: 1.7886592149734497
Latency: 1.4743956348393112
Latency: 1.4708043029531837
Latency: 1.4514340970199555
Latency: 1.480730360839516
Latency: 1.4622073150239885
Latency: 1.5057924031279981
Latency: 1.4800723809748888
Latency: 1.4749353709630668
Latency: 1.4650785110425204
Latency: 1.4985324668232352
Latency: 1.4965117701794952
Latency: 1.4612368401139975
Latency: 1.3895705519244075
Latency: 1.404799662064761
Latency: 1.4153685318306088
Latency: 1.416910468833521
Latency: 1.3982082779984921
Latency: 1.4187119789421558
Latency: 1.3719957831781358
Latency: 1.3684465340338647
Latency: 1.4124364550225437
Latency: 1.4317444919142872
Latency: 1.4189028278924525
Latency: 1.3851194898597896
Latency: 1.4373542789835483
Latency: 1.4342682771384716
Latency: 1.422349747037515
Latency: 1.4457652291748673
Latency: 1.4721852680668235
Latency: 1.4630351739469916
Latency: 1.4487333819270134
Latency: 1.4587842801120132
Latency: 1.4640754039864987
Latency: 1.4609372951090336
Latency: 1.464192045852542
Latency: 1.4818693350534886
Latency: 1.4894803462084383
Latency: 1.4399612010456622
Latency: 1.4935379540547729
Latency: 1.4841543450020254
Latency: 1.487379512982443
Latency: 1.4926175640430301
Latency: 1.4942779538687319
Latency: 1.4971693728584796
Latency: 1.5082396399229765
Latency: 1.502728366991505
Latency: 1.503391511971131
Latency: 1.508336640894413
Latency: 1.519766477867961
Latency: 1.5261492941062897
Latency: 1.501691001933068
Latency: 1.5322257080115378
Latency: 1.47375422809273
Latency: 1.5222409919369966
Latency: 1.480365833034739
Latency: 1.520700013032183
Latency: 1.5185053709428757
Latency: 1.488117431057617
Latency: 1.5272462209686637
Latency: 1.5388826788403094
Latency: 1.5306320230010897
Latency: 1.489836499793455
Latency: 1.5204942598938942
Latency: 1.5387623191345483
Latency: 1.5094943069852889
Latency: 1.5428465229924768
Latency: 1.5160752299707383
Latency: 1.5667879681568593
Latency: 1.5382435349747539
Latency: 1.5400300428736955
Latency: 1.453498377930373
Latency: 1.4607986470218748
Latency: 1.5543301941361278
Latency: 1.563522132113576
Latency: 1.4943545740097761
Latency: 1.5809529549442232
Latency: 1.3366216078866273
Latency: 1.3402001960203052
Latency: 1.3451260500587523
Latency: 1.3388454159721732
Latency: 1.3649775870144367
Latency: 1.3834881649818271
Latency: 1.4065736269112676
Latency: 1.4031987600028515
Latency: 1.3944563569966704
Latency: 1.4030771770048887
Latency: 1.4016821808181703
Latency: 1.3925721189007163
Latency: 1.4375708040315658
Latency: 1.4389063501730561
Latency: 1.441929463064298
Latency: 1.4600041161756963
Latency: 1.5009530030656606
Latency: 1.5042344841640443
Latency: 1.4846966180484742
Latency: 1.594757246086374
Latency: 1.5733462669886649
Latency: 1.390823759837076
Latency: 1.407813498051837
Latency: 1.4008362549357116
Latency: 1.4237256778869778
Latency: 1.430818604072556
Latency: 1.4664578740485013
Latency: 1.3722721398808062
Latency: 1.4836852778680623
Latency: 1.3695917120203376
Latency: 1.3626695820130408
Latency: 1.466080975951627
Latency: 1.3013424219097942
Latency: 1.4864774821326137
Latency: 1.4788690849673003
Latency: 1.3868357599712908
Latency: 1.3065582709386945
Latency: 1.4799913219176233
Latency: 1.3947133999317884
Latency: 1.311739960918203
Latency: 1.3071534011978656
Latency: 1.3859532510396093
Latency: 1.3952992991544306
Latency: 1.3206111299805343
Latency: 1.5119990170933306
Latency: 1.3299222269561142
Latency: 1.4039415479637682
Latency: 1.5056553478352726
Latency: 1.4112895128782839
Latency: 1.333359502023086
Latency: 1.330986212939024
Latency: 1.3447185279801488
Latency: 1.4183404059149325
Latency: 1.4157233769074082
Latency: 1.4165620889980346
Latency: 1.4177564790006727
Latency: 1.3546632560901344
Latency: 1.4302850330714136
Latency: 1.425117356935516
Latency: 1.3524408049415797
Latency: 1.3607153298798949
Latency: 1.372366125928238
Latency: 1.368596615968272
Latency: 1.4489590090233833
Latency: 1.3634549099951982
Latency: 1.3756245931144804
Latency: 1.3722425219602883
Latency: 1.3806219149846584
Latency: 1.3757266248576343
Latency: 1.3711685920134187
Latency: 1.374406254151836
Latency: 1.4779146378859878
Latency: 1.5050713571254164
Latency: 1.499699522042647
Latency: 1.5081483349204063
Latency: 1.5119689682032913
Latency: 1.514761317986995
Latency: 1.4775825198739767
Latency: 1.4752370088826865
Latency: 1.5260126870125532
Latency: 1.4786667458247393
Latency: 1.482003561919555
Latency: 1.4078716561198235
Latency: 1.4875670541077852
Latency: 1.5375014231540263
Latency: 1.539389373967424
Latency: 1.5070358230732381
Latency: 1.5062050928827375
Latency: 1.5487920548766851
Latency: 1.524930537911132
Latency: 1.5462055068928748
Latency: 1.5027908659540117
Latency: 1.5155971650965512
Latency: 1.5022772590164095
Latency: 1.514852048130706
Latency: 1.4836229151114821
Latency: 1.5148656670935452
Latency: 1.493920547189191
Latency: 1.4913803921081126
Latency: 1.5424491839949042
Latency: 1.5505280089564621
Latency: 1.5258552939631045
Latency: 1.4930386019404978
Latency: 1.6068913748022169
Latency: 1.5801331151742488
Latency: 1.5542934089899063
Latency: 1.5313216289505363
Latency: 1.4816466020420194
Latency: 1.564670363906771
Latency: 1.523510258179158
Latency: 1.5627958700060844
Latency: 1.57011428498663
Latency: 1.5558312849607319
Latency: 1.5660990679170936
Latency: 1.4943360080942512
Latency: 1.569045745069161
Latency: 1.5133469479624182
Latency: 1.6001158528961241
Latency: 1.5007849419489503
Latency: 1.5835385678801686
Latency: 1.582123356871307
Latency: 1.5139925479888916
Latency: 1.5766682459507138
Latency: 1.5262371201533824
Latency: 1.6144737470895052
Latency: 1.552734810858965
Latency: 1.5512647030409425
Latency: 1.589709356892854
Latency: 1.5884284721687436
Latency: 1.5409509928431362
Latency: 1.5443622209131718
Latency: 1.5174923909362406
Latency: 1.5074218199588358
Latency: 1.5361245169769973
Latency: 1.516787565080449
Latency: 1.5207767910324037
Latency: 1.5321672670543194
Latency: 1.5251961548347026
Latency: 1.532129020895809
Latency: 1.5419279020279646
Latency: 1.5583212650381029
Latency: 1.5297657940536737
Latency: 1.4456105909775943
Latency: 1.5444736341014504
Latency: 1.5645352571737021
Latency: 1.5188771658577025
Latency: 1.5606400049291551
Latency: 1.4722248238977045
Latency: 1.559564908966422
Latency: 1.592454249970615
Latency: 1.5594345808494836
Latency: 1.4819929550867528
Latency: 1.5817950849886984
Latency: 1.574382623191923
Latency: 1.5684817710425705
Latency: 1.5794353929813951
Latency: 1.5819376050494611
Latency: 1.5883243058342487
Latency: 1.592982810921967
Latency: 1.601463247090578
Latency: 1.45301432791166
Latency: 1.4642657581716776
Latency: 1.4692756759468466
Latency: 1.4660863638855517
Latency: 1.5326723230537027
Latency: 1.448493838077411
Latency: 1.4479829319752753
Latency: 1.4532822801265866
Latency: 1.458730640122667
Latency: 1.4630060591734946
Latency: 1.480834845919162
Latency: 1.4801247119903564
Latency: 1.4859111791010946
Latency: 1.4809914089273661
Latency: 1.4855547701008618
Latency: 1.4653024850413203
Latency: 1.4696240171324462
Latency: 1.4753448329865932
Latency: 1.4639367640484124
Latency: 1.474280600901693
Latency: 1.4822109488304704
Latency: 1.4661318219732493
Latency: 1.4845348310191184
Latency: 1.4779126679059118
Latency: 1.4851520750671625
Latency: 1.5202532180119306
Latency: 1.5088170829694718
Latency: 1.509034409886226
Latency: 1.5115563669241965
Latency: 1.5316193620674312
Latency: 1.5375534920021892
Latency: 1.3922934010624886
Latency: 1.390847170026973
Latency: 1.36674928618595
Latency: 1.3533657600637525
Latency: 1.3623303161002696
Latency: 1.3600997428875417
Latency: 1.3595721099991351
Latency: 1.3727141909766942
Latency: 1.3712888739537448
Latency: 1.3573524251114577
Latency: 1.3783330509904772
Latency: 1.3701017880812287
Latency: 1.3676795170176774
Latency: 1.3726214189082384
Latency: 1.3737865940202028
Latency: 1.3721768918912858
Latency: 1.4261745291296393
Latency: 1.378661529859528
Latency: 1.384377523092553
Latency: 1.3882785339374095
Latency: 1.3807456300128251
Latency: 1.4651451690588146
Latency: 1.4642405109480023
Latency: 1.4875328890047967
Latency: 1.4685146531555802
Latency: 1.4858025619760156
Latency: 1.4707660651765764
Latency: 1.4789110380224884
Latency: 1.4772440630476922
Latency: 1.4817348700016737
Latency: 1.4994238440413028
Latency: 1.531019486952573
Latency: 1.4875279169064015
Latency: 1.3859858040232211
Latency: 1.366697299061343
Latency: 1.3914481818210334
Latency: 1.3886937880888581
Latency: 1.4111455969978124
Latency: 1.3811265979893506
Latency: 1.3676852621138096
Latency: 1.3799310598988086
Latency: 1.4158515520393848
Latency: 1.389655000064522
Latency: 1.394243982853368
Latency: 1.4106732790824026
Latency: 1.4234783151187003
Latency: 1.3778358129784465
Latency: 1.3953917811159045
Latency: 1.3860798589885235
Latency: 1.3735171761363745
Latency: 1.4029039510060102
Latency: 1.398705008905381
Latency: 1.4308933659922332
Latency: 1.3856927030719817
Latency: 1.4357106098905206
Latency: 1.4369826740585268
Latency: 1.3942712228745222
Latency: 1.443498243112117
Latency: 1.4191849268972874
Latency: 1.4247996769845486
Latency: 1.4622898469679058
Latency: 1.4541848949156702
Latency: 1.4525541961193085
Latency: 1.4654458940494806
Latency: 1.465314419940114
Latency: 1.4164003091864288
Latency: 1.4188175769522786
Latency: 1.4108794501516968
Latency: 1.3540024219546467
Latency: 1.3573070608545095
Latency: 1.3529469000641257
Latency: 1.4300189721398056
Latency: 1.4301919669378549
Latency: 1.3401878108270466
Latency: 1.49633094901219
Latency: 1.5319065910298377
Latency: 1.5292439858894795
Latency: 1.5586114418692887
Latency: 1.5382662240881473
Latency: 1.5632650749757886
Latency: 1.57110511418432
Latency: 1.5982432421296835
Latency: 1.594184626126662
Latency: 1.6081896959803998
Latency: 1.622167913010344
Latency: 1.45320067810826
Latency: 1.40399748692289
Latency: 1.4009990401100367
Latency: 1.4026388321071863
Latency: 1.4136031069792807
Latency: 1.327888087136671
Latency: 1.335779048036784
Latency: 1.3317932679783553
Latency: 1.3219784391112626
Latency: 1.4452794850803912
Latency: 1.325293991016224
Latency: 1.3472103169187903
Latency: 1.345636588986963
Latency: 1.3520993599668145
Latency: 1.347899654880166
Latency: 1.3418070008046925
Latency: 1.3502347860485315
Latency: 1.3639057069085538
Latency: 1.3622897828463465
Latency: 1.3544991239905357
Latency: 1.3886482671368867
Latency: 1.3784914519637823
Latency: 1.3935710289515555
Latency: 1.3829006860032678
Latency: 1.393274025991559
Latency: 1.3916466829832643
Latency: 1.3964526280760765
Latency: 1.5379412102047354
Latency: 1.5298271598294377
Latency: 1.5508962289895862
Latency: 1.5482005840167403
Latency: 1.5269051608629525
Latency: 1.5348874740302563
Latency: 1.4795807600021362
Latency: 1.5353602070827037
Latency: 1.5622056578285992
Latency: 1.5380541270133108
Latency: 1.5496791480109096
Latency: 1.5462621478363872
Latency: 1.5647231289185584
Latency: 1.496036228025332
Latency: 1.576397666009143
Latency: 1.5681899348273873
Latency: 1.5745188710279763
Latency: 1.5599732180126011
Latency: 1.5711892109829932
Latency: 1.573962331051007
Latency: 1.5663546239957213
Latency: 1.5885627940297127
Latency: 1.5827813621144742
Latency: 1.5800105929374695
Latency: 1.4648346139583737
Latency: 1.469350635074079
Latency: 1.4764578759204596
Latency: 1.4752061779145151
Latency: 1.4442155761644244
Latency: 1.4364086471032351
Latency: 1.4514950970187783
Latency: 1.4790379269979894
Latency: 1.4669740630779415
Latency: 1.497729999013245
Latency: 1.497818887932226
Latency: 1.500008859904483
Latency: 1.4790234889369458
Latency: 1.4860588430892676
Latency: 1.4623717120848596
Latency: 1.465813672170043
Latency: 1.435202790889889
Latency: 1.5129379779100418
Latency: 1.4924625400453806
Latency: 1.4617555481381714
Latency: 1.5222050459124148
Latency: 1.474739990895614
Latency: 1.497066139942035
Latency: 1.470965252025053
Latency: 1.449005699949339
Latency: 1.4988067660015076
Latency: 1.4801636680494994
Latency: 1.5092985078226775
Latency: 1.4812015499919653
Latency: 1.4907206369098276
Latency: 1.4557327451184392
Latency: 1.4912329758517444
Latency: 1.5363658659625798
Latency: 1.507134930929169
Latency: 1.4984425839502364
Latency: 1.5462753640022129
Latency: 1.5261025081854314
Latency: 1.4984782179817557
Latency: 1.4700324849691242
Latency: 1.5280690540093929
Latency: 1.4767994510475546
Latency: 1.5049447079654783
Latency: 1.5554557400755584
Latency: 1.52018653601408
Latency: 1.545433962950483
Latency: 1.5182620692066848
Latency: 1.5371545718517154
Latency: 1.5215025369543582
Latency: 1.5361010308843106
Latency: 1.5562942922115326
Latency: 1.5287756538018584
Latency: 1.55458072014153
Latency: 1.5173187309410423
Latency: 1.5500455589499325
Latency: 1.5962970179971308
Latency: 1.558082499075681
Latency: 1.5630036159418523
Latency: 1.5544584849849343
Latency: 1.5638957899063826
Latency: 1.5459068201016635
Latency: 1.5530894459225237
Latency: 1.569230993045494
Latency: 1.5664352218154818
Latency: 1.5741854291409254
Latency: 1.568972074892372
Latency: 1.5819417340680957
Latency: 1.5683418149128556
Latency: 1.5697149401530623
Latency: 1.573706123046577
Latency: 1.5255523710511625
Latency: 1.59356879000552
Latency: 1.5837591828312725
Latency: 1.5993171529844403
Latency: 1.6125054510775954
Latency: 1.5365540720522404
Latency: 1.5502066269982606
Latency: 1.5324842061381787
Latency: 1.5580322691239417
Latency: 1.5471015099901706
Latency: 1.525152602000162
Latency: 1.5368908459786326
Latency: 1.5370847538579255
Latency: 1.5637984860222787
Latency: 1.5336170350201428
Latency: 1.564255790086463
Latency: 1.4379986179992557
Latency: 1.595172577071935
Latency: 1.5789682411123067
Latency: 1.467824226943776
Latency: 1.411142977885902
Latency: 1.6031087830197066
Latency: 1.4724160560872406
Latency: 1.6023837740067393
Latency: 1.5678028010297567
Latency: 1.4892391569446772
Latency: 1.581445928895846
Latency: 1.582916613202542
Latency: 1.6710910161491483
Latency: 1.496249008923769
Latency: 1.4827061309479177
Latency: 1.5987449609674513
Latency: 1.634337353054434
Latency: 1.6032157079316676
Latency: 1.6028322149068117
Latency: 1.6019867139402777
Latency: 1.6361591031309217
Latency: 1.6134756058454514
Latency: 1.5508604261558503
Latency: 1.4674167390912771
Latency: 1.6436860212124884
Latency: 1.6408560590352863
Latency: 1.5098717359360307
Latency: 1.5123169340658933
Latency: 1.6587390929926187
Latency: 1.5344474939629436
Latency: 1.6934093688614666
Latency: 1.5347166419960558
Latency: 1.4712297378573567
Latency: 1.45500045013614
Latency: 1.444874424021691
Latency: 1.4680509089957923
Latency: 1.4500831458717585
Latency: 1.4631454278714955
Latency: 1.5502251950092614
Latency: 1.571932438062504
Latency: 1.5036831148900092
Latency: 1.5014991310890764
Latency: 1.5140854800119996
Latency: 1.520597293972969
Latency: 1.5094286159146577
Latency: 1.5030572058167309
Latency: 1.5221008900552988
Latency: 1.5127832321450114
Latency: 1.514933587051928
Latency: 1.5139244000893086
Latency: 1.6015336418058723
Latency: 1.5338489022105932
Latency: 1.5139436940662563
Latency: 1.604377964977175
Latency: 1.3112393650226295
Latency: 1.3992799539119005
Latency: 1.3160337440203875
Latency: 1.3364311940968037
Latency: 1.3199494068976492
Latency: 1.3230710490606725
Latency: 1.3484037118032575
Latency: 1.325345790013671
Latency: 1.3469086328987032
Latency: 1.3452745301183313
Latency: 1.3539185111876577
Latency: 1.3371901710052043
Latency: 1.350523368921131
Latency: 1.342900734161958
Latency: 1.3533667291048914
Latency: 1.3640590058639646
Latency: 1.3557443849276751
Latency: 1.3236200399696827
Latency: 1.3450589359272271
Latency: 1.3560249030124396
Latency: 1.3483670440036803
Latency: 1.3703585409093648
Latency: 1.3498666731175035
Latency: 1.3695334310177714
Latency: 1.3744875760748982
Latency: 1.3703401451930404
Latency: 1.374128087889403
Latency: 1.37871208996512
Latency: 1.3758775321766734
Latency: 1.3474160209298134
Latency: 1.4727330768946558
Latency: 1.3864298739936203
Latency: 1.395096005871892
Latency: 1.356928262859583
Latency: 1.501488968031481
Latency: 1.5113339230883867
Latency: 1.532894629985094
Latency: 1.5307194420602173
Latency: 1.5234648559708148
Latency: 1.5367545089684427
Latency: 1.5395608849357814
Latency: 1.5302614059764892
Latency: 1.5267737389076501
Latency: 1.5423437641002238
Latency: 1.542459927033633
Latency: 1.5495505090802908
Latency: 1.514162397943437
Latency: 1.5315288479905576
Latency: 1.5333276779856533
Latency: 1.531154990196228
Latency: 1.541218050988391
Latency: 1.5465251018758863
Latency: 1.5590110830962658
Latency: 1.5564203769899905
Latency: 1.4753544011618942
Latency: 1.5405226650182158
Latency: 1.5328327401075512
Latency: 1.5607636920176446
Latency: 1.543100770097226
Latency: 1.4169661519117653
Latency: 1.5605893430765718
Latency: 1.5395701979286969
Latency: 1.5492822870146483
Latency: 1.5672991280443966
Latency: 1.4555816478095949
Latency: 1.4486685669980943
Latency: 1.6478903628885746
Latency: 1.2792281790170819
Latency: 1.4419571771286428
Latency: 1.4483301700092852
Latency: 1.4424375870730728
Latency: 1.4843667030800134
Latency: 1.4611685511190444
Latency: 1.4633837440051138
Latency: 1.4645643329713494
Latency: 1.4600767609663308
Latency: 1.4757577620912343
Latency: 1.4787297209259123
Latency: 1.4847411720547825
Latency: 1.4992946460843086
Latency: 1.437379423994571
Latency: 1.4389242047909647
Latency: 1.4299839169252664
Latency: 1.428115718998015
Latency: 1.4411942779552191
Latency: 1.518288390012458
Latency: 1.5400236148852855
Latency: 1.530652857851237
Latency: 1.4606816261075437
Latency: 1.4524902631528676
Latency: 1.44622931513004
Latency: 1.4669691231101751
Latency: 1.538819673936814
Latency: 1.5320529530290514
Latency: 1.4536217518616468
Latency: 1.473008539993316
Latency: 1.4582028090953827
Latency: 1.4766806890256703
Latency: 1.457989013986662
Latency: 1.5447025410830975
Latency: 1.4786414480768144
Latency: 1.5536734340712428
Latency: 1.4757434711791575
Latency: 1.4669460819568485
Latency: 1.5774028860032558
Latency: 1.4719705311581492
Latency: 1.4921141010709107
Latency: 1.4809470239561051
Latency: 1.4861011561006308
Latency: 1.4873737851157784
Latency: 1.4826280111446977
Latency: 1.4881441399920732
Latency: 1.4893781039863825
Latency: 1.4956304770894349
Latency: 1.4962563361041248
Latency: 1.4918729499913752
Latency: 1.5048950910568237
Latency: 1.4559879889711738
Latency: 1.4578003860078752
Latency: 1.455755660077557
Latency: 1.4758015740662813
Latency: 1.4535903779324144
Latency: 1.4559702898841351
Latency: 1.4755278381053358
Latency: 1.4565341619309038
Latency: 1.4294655418489128
Latency: 1.4673199490644038
Latency: 1.4472710920963436
Latency: 1.447622898966074
Latency: 1.4869581700768322
Latency: 1.5066046679858118
Latency: 1.4789517379831523
Latency: 1.5122434068471193
Latency: 1.5034366291947663
Latency: 1.5196478378493339
Latency: 1.4966250350698829
Latency: 1.4866932609584183
Latency: 1.4187440490350127
Latency: 1.4692783530335873
Latency: 1.518835545051843
Latency: 1.515860321931541
Latency: 1.5063490679021925
Latency: 1.4967048331163824
Latency: 1.503874990157783
Latency: 1.512995864963159
Latency: 1.4964711950160563
Latency: 1.5420302571728826
Latency: 1.5107059101574123
Latency: 1.5405620208475739
Latency: 1.5027752399910241
Latency: 1.5480424189008772
Latency: 1.5270757649559528
Latency: 1.5514779060613364
Latency: 1.548714323202148
Latency: 1.5577378650195897
Latency: 1.5591483190655708
Latency: 1.5339548049960285
Latency: 1.5738367540761828
Latency: 1.516656416002661
Latency: 1.5380952609702945
Latency: 1.5515148299746215
Latency: 1.5657981880940497
Latency: 1.434344937093556
Latency: 1.5553030068986118
Latency: 1.5664378518704325
Latency: 1.5657494510523975
Latency: 1.5917919059284031
Latency: 1.601714933058247
Latency: 1.586606646887958
Latency: 1.4434709311462939
Latency: 1.564181582070887
Latency: 1.570595954079181
Latency: 1.5713932570070028
Latency: 1.5953989687841386
Latency: 1.6104717277921736
Latency: 1.4190049120225012
Latency: 1.603192551061511
Latency: 1.5245640468783677
Latency: 1.4175049681216478
Latency: 1.594281024998054
Latency: 1.617389275925234
Latency: 1.6308016399852931
Latency: 1.4508275371044874
Latency: 1.4380782330408692
Latency: 1.4627075521275401
Latency: 1.4564101719297469
Latency: 1.4609062038362026
Latency: 1.4837161761242896
Latency: 1.4623660549987108
Latency: 1.458447630982846
Latency: 1.4606537211220711
Latency: 1.4652317289728671
Latency: 1.513007489964366
Latency: 1.4860902449581772
Latency: 1.477977039059624
Latency: 1.4782865799497813
Latency: 1.4871805519796908
Latency: 1.330328885000199
Latency: 1.3153723611030728
Latency: 1.3407671570312232
Latency: 1.3538767430000007
Latency: 1.350943932076916
Latency: 1.3430180640425533
Latency: 1.3643738790415227
Latency: 1.3754434699658304
Latency: 1.3472757930867374
Latency: 1.3556315759196877
Latency: 1.3824117190670222
Latency: 1.3765537480358034
Latency: 1.3718211909290403
Latency: 1.4130776729434729
Latency: 1.3993559509981424
Latency: 1.4041901140008122
Latency: 1.368080304004252
Latency: 1.3938662100117654
Latency: 1.4103822140023112
Latency: 1.4065642319619656
Latency: 1.3768585408106446
Latency: 1.4001377949025482
Latency: 1.3759961831383407
Latency: 1.4090668100398034
Latency: 1.4347157860174775
Latency: 1.383898515952751
Latency: 1.440676735015586
Latency: 1.387155536096543
Latency: 1.4333815139252692
Latency: 1.4324728311039507
Latency: 1.4263977059163153
Latency: 1.5318541429005563
Latency: 1.4993925688322634
Latency: 1.5164742209017277
Latency: 1.555620445869863
Latency: 1.5659177291672677
Latency: 1.553353246068582
Latency: 1.5669183519203216
Latency: 1.5617873230949044
Latency: 1.5638378479052335
Latency: 1.5781026408076286
Latency: 1.5701351650059223
Latency: 1.5711027618963271
Latency: 1.5806726599112153
Latency: 1.503447996918112
Latency: 1.5059906879905611
Latency: 1.5082221920602024
Latency: 1.5114772149827331
Latency: 1.515842662891373
Latency: 1.5318015851080418
Latency: 1.5376311230938882
Latency: 1.5353137969505042
Latency: 1.5390055410098284
Latency: 1.5416574499104172
Latency: 1.5418102799449116
Latency: 1.5451632370240986
Latency: 1.5510893729515374
Latency: 1.4508774511050433
Latency: 1.444781922036782
Latency: 1.452208714094013
Latency: 1.4582367311231792
Latency: 1.463013221975416
Latency: 1.46373225399293
Latency: 1.4286495130509138
Latency: 1.4978898770641536
Latency: 1.4987732509616762
Latency: 1.5022471009287983
Latency: 1.4941499759443104
Latency: 1.4629854010418057
Latency: 1.4699565421324223
Latency: 1.483726573875174
Latency: 1.4902311591431499
Latency: 1.4955538450740278
Latency: 1.5126830649096519
Latency: 1.5038481638766825
Latency: 1.4896779879927635
Latency: 1.5016710951458663
Latency: 1.4503231211565435
Latency: 1.5034492700360715
Latency: 1.5042303919326514
Latency: 1.469043725868687
Latency: 1.505941835930571
Latency: 1.5109776118770242
Latency: 1.5110046090558171
Latency: 1.508221321972087
Latency: 1.5132012111134827
Latency: 1.5158811130095273
Latency: 1.541391336824745
Latency: 1.4862970779649913
Latency: 1.5481137111783028
Latency: 1.5532437411602587
Latency: 1.555114540969953
Latency: 1.5595318931154907
Latency: 1.5722122881561518
Latency: 1.5791458359453827
Latency: 1.5804510619491339
Latency: 1.5696592598687857
Latency: 1.6281778560951352
Latency: 1.610829234821722
Latency: 1.5819659039843827
Latency: 1.6926689129322767
Latency: 1.6688680788502097
Latency: 1.6080423227977008
Latency: 1.6150833209976554
Latency: 1.6323401308618486
Latency: 1.484943195944652
Latency: 1.5300511559471488
Latency: 1.3706017639487982
Latency: 1.4172751589212567
Latency: 1.3947936280164868
Latency: 1.5578891180921346
Latency: 1.5530992469284683
Latency: 1.3984946690034121
Latency: 1.5709247689228505
Latency: 1.444588485872373
Latency: 1.4473413261584938
Latency: 1.449355886084959
Latency: 1.4622034521307796
Latency: 1.4634044030681252
Latency: 1.5103823659010231
Latency: 1.630748684052378
Latency: 1.4642316550016403
Latency: 1.500314928824082
Latency: 1.6606561040971428
Latency: 1.5039213199634105
Latency: 1.501578910043463
Latency: 1.4702853441704065
Latency: 1.3506443281657994
Latency: 1.3443033599760383
Latency: 1.4170710339676589
Latency: 1.4218968891073018
Latency: 1.423707271926105
Latency: 1.4253049378748983
Latency: 1.4268550949636847
Latency: 1.3968571529258043
Latency: 1.4354940559715033
Latency: 1.4402296340558678
Latency: 1.432116478914395
Latency: 1.4353972650133073
Latency: 1.518259711097926
Latency: 1.5193146779201925
Latency: 1.4985885869245976
Latency: 1.537786227883771
Latency: 1.602217986015603
Latency: 1.4873090758919716
Latency: 1.4884043040219694
Latency: 1.4818231950048357
Latency: 1.4764523759949952
Latency: 1.4796609790064394
Latency: 1.482038896996528
Latency: 1.4888719238806516
Latency: 1.5061798531096429
Latency: 1.5058231060393155
Latency: 1.502785034943372
Latency: 1.4944447968155146
Latency: 1.512278427137062
Latency: 1.5053953900933266
Latency: 1.5035340678878129
Latency: 1.50594169809483
Latency: 1.5274520709645003
Latency: 1.5128215558361262
Latency: 1.5430705649778247
Latency: 1.52639314904809
Latency: 1.5256602130830288
Latency: 1.524656801018864
Latency: 1.5510735621210188
Latency: 1.5447264278773218
Latency: 1.5519071018788964
Latency: 1.5649452288635075
Latency: 1.563462418038398
Latency: 1.5946374770719558
Latency: 1.5874779319856316
Latency: 1.5952270708512515
Latency: 1.6156738260760903
Latency: 1.7140294460114092
Latency: 1.726489651016891
Latency: 1.506054328987375
Latency: 1.5018592979758978
Latency: 1.5142057100310922
Latency: 1.4952190190088004
Latency: 1.513779949164018
Latency: 1.5120855369605124
Latency: 1.4974561841227114
Latency: 1.4975948419887573
Latency: 1.5150087720248848
Latency: 1.5013083091471344
Latency: 1.5103364819660783
Latency: 1.5092166881076992
Latency: 1.521944880951196
Latency: 1.461286867968738
Latency: 1.5208898819983006
Latency: 1.5123375649563968
Latency: 1.5126019148156047
Latency: 1.5288367478642613
Latency: 1.527818295871839
Latency: 1.4572438700124621
Latency: 1.5340209470596164
Latency: 1.5454925510566682
Latency: 1.545416034059599
Latency: 1.5380206960253417
Latency: 1.551049810834229
Latency: 1.5407641232013702
Latency: 1.5498624499887228
Latency: 1.5588478341232985
Latency: 1.5387936879415065
Latency: 1.5610751330386847
Latency: 1.5045800160150975
Latency: 1.5546576511114836
Latency: 1.4887655440252274
Latency: 1.554737457074225
Latency: 1.5740119880065322
Latency: 1.5663874058518559
Latency: 1.5110650400165468
Latency: 1.4984553209505975
Latency: 1.4995822119526565
Latency: 1.5274741728790104
Latency: 1.5151601140387356
Latency: 1.5683736440259963
Latency: 1.522075475892052
Latency: 1.504501995164901
Latency: 1.534734453074634
Latency: 1.5485545150004327
Latency: 1.5544963302090764
Latency: 1.5403057949151844
Latency: 1.5474451021291316
Latency: 1.5413921219296753
Latency: 1.5333011890761554
Latency: 1.5391894578933716
Latency: 1.5705931580159813
Latency: 1.5699294109363109
Latency: 1.4930880849715322
Latency: 1.5759903679136187
Latency: 1.5546510100830346
Latency: 1.549469058867544
Latency: 1.5613059729803354
Latency: 1.5026475610211492
Latency: 1.5769184611272067
Latency: 1.5559787140227854
Latency: 1.5647372738458216
Latency: 1.5632968228310347
Latency: 1.5924253601115197
Latency: 1.5688325241208076
Latency: 1.5661998041905463
Latency: 1.5727392921689898
Latency: 1.5155970491468906
Latency: 1.5726625961251557
Latency: 1.5205783490091562
Latency: 1.544204599922523
Latency: 1.5088672500569373
Latency: 1.5283419529441744
Latency: 1.5307625150308013
Latency: 1.4885960659012198
Latency: 1.5372219521086663
Latency: 1.5310701578855515
Latency: 1.552856596885249
Latency: 1.5195278730243444
Latency: 1.537976454012096
Latency: 1.5637427859473974
Latency: 1.5316304119769484
Latency: 1.4946682879235595
Latency: 1.3878910089842975
Latency: 1.395366228884086
Latency: 1.4033674779348075
Latency: 1.4351619828958064
Latency: 1.3984332119580358
Latency: 1.43922105897218
Latency: 1.4250930109992623
Latency: 1.439534649020061
Latency: 1.5150715168565512
Latency: 1.4405056310351938
Latency: 1.450665014097467
Latency: 1.4627494050655514
Latency: 1.4367221409920603
Latency: 1.4705385388806462
Latency: 1.535572546068579
Latency: 1.470005874056369
Latency: 1.4463059429544955
Latency: 1.4673684311565012
Latency: 1.4834645211230963
Latency: 1.5753803940024227
Latency: 1.5046223041135818
Latency: 1.537146270973608
Latency: 1.5532847228460014
Latency: 1.5495778499171138
Latency: 1.5201159690041095
Latency: 1.5504834789317101
Latency: 1.5490526319481432
Latency: 1.551296201068908
Latency: 1.5708259518723935
Latency: 1.546669899020344
Latency: 1.3986747220624238
Latency: 1.5729452690575272
Latency: 1.592238229000941
Latency: 1.5570587299298495
Latency: 1.585557420970872
Latency: 1.5719532570801675
Latency: 1.4932901218999177
Latency: 1.420769722899422
Latency: 1.4829590010922402
Latency: 1.5589769480284303
Latency: 1.5790806491859257
Latency: 1.605585701065138
Latency: 1.5033017247915268
Latency: 1.591092504793778
Latency: 1.567093063145876
Latency: 1.3970459699630737
Latency: 1.3930116000119597
Latency: 1.4054826779756695
Latency: 1.4918581061065197
Latency: 1.4004460989963263
Latency: 1.3807202749885619
Latency: 1.4023469651583582
Latency: 1.4100158610381186
Latency: 1.4124147968832403
Latency: 1.4261114110704511
Latency: 1.4286361041013151
Latency: 1.4329124172218144
Latency: 1.4291098138783127
Latency: 1.4122013659216464
Latency: 1.429559649899602
Latency: 1.4151188239920884
Latency: 1.4257331800181419
Latency: 1.4473205991089344
Latency: 1.4376487140543759
Latency: 1.4272477070335299
Latency: 1.423861179035157
Latency: 1.429518957156688
Latency: 1.4250165850389749
Latency: 1.4472053891513497
Latency: 1.454566828906536
Latency: 1.4615600579418242
Latency: 1.4470489399973303
Latency: 1.4443427198566496
Latency: 1.314123917836696
Latency: 1.4324888999108225
Latency: 1.4533274080604315
Latency: 1.4605016699060798
Latency: 1.4651100970804691
Latency: 1.483010193100199
Latency: 1.3430828449781984
Latency: 1.459404275054112
Latency: 1.462344075087458
Latency: 1.4719492609146982
Latency: 1.3532631208654493
Latency: 1.4856337259989232
Latency: 1.4740821949671954
Latency: 1.4808456059545279
Latency: 1.358403560006991
Latency: 1.500453975982964
Latency: 1.4934259089641273
Latency: 1.4989264770410955
Latency: 1.5300618780311197
Latency: 1.509657592047006
Latency: 1.3810164900496602
Latency: 1.4337370530702174
Latency: 1.4326125951483846
Latency: 1.3867492389399558
Latency: 1.3829516328405589
Latency: 1.4384651100263
Latency: 1.3868230641819537
Latency: 1.396403593942523
Latency: 1.3857944749761373
Latency: 1.3767572538927197
Latency: 1.3955728348810226
Latency: 1.4918729250784963
Latency: 1.4859407769981772
Latency: 1.495995453093201
Latency: 1.5228271349333227
Latency: 1.5314635529648513
Latency: 1.5927169499918818
Latency: 1.5755924249533564
Latency: 1.578106366097927
Latency: 1.5910937830340117
Latency: 1.5956694760825485
Latency: 1.6122385950293392
Latency: 1.614602599060163
Latency: 1.6170879290439188
Latency: 1.6192830021027476
Latency: 1.6141942660324275
Latency: 1.573830733075738
Latency: 1.6245900511275977
Latency: 1.6211642960552126
Latency: 1.4973881500773132
Latency: 1.5178548018448055
Latency: 1.5155056440271437
Latency: 1.4970097169280052
Latency: 1.4980188820045441
Latency: 1.4702911619096994
Latency: 1.518673995975405
Latency: 1.4652250071521848
Latency: 1.4737809980288148
Latency: 1.5082504451274872
Latency: 1.5104617869947106
Latency: 1.5078365609515458
Latency: 1.5152827869169414
Latency: 1.3915177939925343
Latency: 1.3433754758443683
Latency: 1.3457271200604737
Latency: 1.344567314023152
Latency: 1.3569932719692588
Latency: 1.2668256340548396
Latency: 1.282844610977918
Latency: 1.2862265510484576
Latency: 1.2886424879543483
Latency: 1.2658691019751132
Latency: 1.273143274942413
Latency: 1.3007649530190974
Latency: 1.3020400879904628
Latency: 1.324881725013256
Latency: 1.304673007922247
Latency: 1.3099351518321782
Latency: 1.2926202011294663
Latency: 1.3212073389440775
Latency: 1.3212431939318776
Latency: 1.3287309019360691
Latency: 1.3285937069449574
Latency: 1.3259719922207296
Latency: 1.3042044669855386
Latency: 1.324551885947585
Latency: 1.3432022018823773
Latency: 1.3445330320391804
Latency: 1.5209267421159893
Latency: 1.5005982778966427
Latency: 1.538570144912228
Latency: 1.5126620079390705
Latency: 1.4924769240897149
Latency: 1.4988348989281803
Latency: 1.5429574509616941
Latency: 1.4203363819979131
Latency: 1.410268761916086
Latency: 1.4248518790118396
Latency: 1.5527580671478063
Latency: 1.4329247460700572
Latency: 1.4346098019741476
Latency: 1.4708195119164884
Latency: 1.5065677289385349
Latency: 1.5687599929515272
Latency: 1.4305080689955503
Latency: 1.4572053458541632
Latency: 1.4456988009624183
Latency: 1.4752699208911508
Latency: 1.4578167321160436
Latency: 1.4616090881172568
Latency: 1.462893235962838
Latency: 1.4854096579365432
Latency: 1.4643652020022273
Latency: 1.481947670923546
Latency: 1.4722915720194578
Latency: 1.480649669887498
Latency: 1.4714998649433255
Latency: 1.503037875983864
Latency: 1.5052929029334337
Latency: 1.488835734082386
Latency: 1.5639434021431953
Latency: 1.5005250750109553
Latency: 1.4897098899818957
Latency: 1.4952999951783568
Latency: 1.491361279040575
Latency: 1.5047739178407937
Latency: 1.4994674320332706
Latency: 1.4857180279213935
Latency: 1.496523245004937
Latency: 1.5175640829838812
Latency: 1.4979878289159387
Latency: 1.5323735820129514
Latency: 1.5104687821585685
Latency: 1.5173490170855075
Latency: 1.5179511040914804
Latency: 1.5120985510293394
Latency: 1.5205137620214373
Latency: 1.514287313213572
Latency: 1.5250777278561145
Latency: 1.523611559998244
Latency: 1.5226399849634618
Latency: 1.5303947869688272
Latency: 1.524180764099583
Latency: 1.5245027130004019
Latency: 1.5316687179729342
Latency: 1.5443146941252053
Latency: 1.5409353240393102
Latency: 1.5328521009068936
Latency: 1.5438634471502155
Latency: 1.5349712299648672
Latency: 1.5469532199203968
Latency: 1.5528535849880427
Latency: 1.5618673469871283
Latency: 1.570616853889078
Latency: 1.5576348260510713
Latency: 1.569629937876016
Latency: 1.570526686962694
Latency: 1.5731073280330747
Latency: 1.5652456800453365
Latency: 1.5739082761574537
Latency: 1.5680773339699954
Latency: 1.578245964832604
Latency: 1.5803148769773543
Latency: 1.5707431160844862
Latency: 1.5723659400828183
Latency: 1.5862257480621338
Latency: 1.5779791402164847
Latency: 1.5960155718494207
Latency: 1.5886524880770594
Latency: 1.617688121041283
Latency: 1.6106823610607535
Latency: 1.6064304870087653
Latency: 1.6094794140662998
Latency: 1.6033910799305886
Latency: 1.6225163489580154
Latency: 1.6266932459548116
Latency: 1.6337730491068214
Latency: 1.6249947070609778
Latency: 1.6224410161376
Latency: 1.5110120659228414
Latency: 1.5172840899322182
Latency: 1.5119804840069264
Latency: 1.5203447439707816
Latency: 1.6519452771171927
Latency: 1.66576192015782
Latency: 1.532420587958768
Latency: 1.5292266181204468
Latency: 1.5240706210024655
Latency: 1.5386272890027612
Latency: 1.5342208249494433
Latency: 1.6872411610092968
Latency: 1.4970335240941495
Latency: 1.5430955679621547
Latency: 1.547461035195738
Latency: 1.5212963670492172
Latency: 1.558021150995046
Latency: 1.567802103003487
Latency: 1.423473354196176
Latency: 1.4215048381593078
Latency: 1.472903897985816
Latency: 1.43118990608491
Latency: 1.4313551131635904
Latency: 1.4377925479784608
Latency: 1.541602690005675
Latency: 1.5421131141483784
Latency: 1.4607931331265718
Latency: 1.4488203870132565
Latency: 1.450830637011677
Latency: 1.4500407679006457
Latency: 1.4765135699417442
Latency: 1.5999535850714892
Latency: 1.60720129404217
Latency: 1.5331421049777418
Latency: 1.5581798921339214
Latency: 1.4601647439412773
Latency: 1.4997648978605866
Latency: 1.4664725621696562
Latency: 1.472520699026063
Latency: 1.4699354339390993
Latency: 1.4491756858769804
Latency: 1.4676357838325202
Latency: 1.6138176708482206
Latency: 1.473265910986811
Latency: 1.4830771840643138
Latency: 1.482884718105197
Latency: 1.4842253609094769
Latency: 1.4551040471997112
Latency: 1.508389466907829
Latency: 1.4244976888876408
Latency: 1.4806600590236485
Latency: 1.4626804490108043
Latency: 1.4813509830273688
Latency: 1.6093452468048781
Latency: 1.5050393580459058
Latency: 1.5099950248841196
Latency: 1.5285668729338795
Latency: 1.5513720230665058
Latency: 1.4265961099881679
Latency: 1.3470249199308455
Latency: 1.4275562250986695
Latency: 1.4383193568792194
Latency: 1.4327428839169443
Latency: 1.4519544439390302
Latency: 1.4434488569386303
Latency: 1.450759727973491
Latency: 1.4474633890204132
Latency: 1.4618738968856633
Latency: 1.364709938177839
Latency: 1.4636670681647956
Latency: 1.431615750072524
Latency: 1.4680456609930843
Latency: 1.4420252100098878
Latency: 1.4641602239571512
Latency: 1.3763314741663635
Latency: 1.4667605019640177
Latency: 1.4820536149200052
Latency: 1.4437271300703287
Latency: 1.481080211000517
Latency: 1.486165925860405
Latency: 1.484089954989031
Latency: 1.4061357600148767
Latency: 1.4059427960310131
Latency: 1.3937790291383862
Latency: 1.4032065439969301
Latency: 1.4039372759871185
Latency: 1.3956702139694244
Latency: 1.4243543138727546
Latency: 1.4045677250251174
Latency: 1.4047260761726648
Latency: 1.4007161161862314
Latency: 1.4247141829691827
Latency: 1.4086408710572869
Latency: 1.422117531998083
Latency: 1.4204718628898263
Latency: 1.4367212590295821
Latency: 1.4418039999436587
Latency: 1.451949454843998
Latency: 1.443557804916054
Latency: 1.4564563971944153
Latency: 1.4290762529708445
Latency: 1.4408710540737957
Latency: 1.4327772478573024
Latency: 1.4612926228437573
Latency: 1.459883124101907
Latency: 1.4411581971216947
Latency: 1.4434445779770613
Latency: 1.4605911809485406
Latency: 1.4282313210424036
Latency: 1.3584200199693441
Latency: 1.3681968948803842
Latency: 1.4218002900015563
Latency: 1.438509153900668
Latency: 1.4189366768114269
Latency: 1.4266866908874363
Latency: 1.374363049864769
Latency: 1.4382476198952645
Latency: 1.4304824830032885
Latency: 1.4621436151210219
Latency: 1.3985141930170357
Latency: 1.4086871310137212
Latency: 1.4280613427981734
Latency: 1.4701359008904546
Latency: 1.432445967104286
Latency: 1.4431569220032543
Latency: 1.3860909841023386
Latency: 1.5408116660546511
Latency: 1.482909199083224
Latency: 1.4825178608298302
Latency: 1.345602781046182
Latency: 1.3574097231030464
Latency: 1.400141254067421
Latency: 1.412222774932161
Latency: 1.4132897478993982
Latency: 1.4257944838609546
Latency: 1.4220992668997496
Latency: 1.4241594090126455
Latency: 1.3420681869611144
Latency: 1.4291822558734566
Latency: 1.432597781997174
Latency: 1.2554579908028245
Latency: 1.30101187992841
Latency: 1.2976585179567337
Latency: 1.518552958033979
Latency: 1.5103886739816517
Latency: 1.5237595019862056
Latency: 1.517974215792492
Latency: 1.5270280139520764
Latency: 1.532399171963334
Latency: 1.5254849141929299
Latency: 1.52705681999214
Latency: 1.5224943079520017
Latency: 1.5241996471304446
Latency: 1.531251145992428
Latency: 1.5389829790219665
Latency: 1.5379437450319529
Latency: 1.5451832010876387
Latency: 1.54793087602593
Latency: 1.5580917207989842
Latency: 1.5522687179036438
Latency: 1.552252242108807
Latency: 1.4053879380226135
Latency: 1.5977142190095037
Latency: 1.607643200084567
Latency: 1.6122829718515277
Latency: 1.6163553569931537
Latency: 1.4354957081377506
Latency: 1.453027187148109
Latency: 1.445200945949182
Latency: 1.3846068040002137
Latency: 1.3836446751374751
Latency: 1.443386425031349
Latency: 1.4523532940074801
Latency: 1.3945050151087344
Latency: 1.482255375944078
Latency: 1.4625278448220342
Latency: 1.4565451939124614
Latency: 1.4524223390035331
Latency: 1.434477754170075
Latency: 1.4449390398804098
Latency: 1.506105656037107
Latency: 1.470684217987582
Latency: 1.5372884371317923
Latency: 1.4608997900504619
Latency: 1.4787919151131064
Latency: 1.4747953810729086
Latency: 1.495844158809632
Latency: 1.5176010788418353
Latency: 1.465909271966666
Latency: 1.5165764971170574
Latency: 1.5190286817960441
Latency: 1.486693523125723
Latency: 1.499047629069537
Latency: 1.4814461660571396
Latency: 1.4960324808489531
Latency: 1.5106039410457015
Latency: 1.5021882650908083
Latency: 1.5049047709908336
Latency: 1.5309048001654446
Latency: 1.5388881000690162
Latency: 1.5221744859591126
Latency: 1.5067990908864886
Latency: 1.5029916579369456
Latency: 1.3716632348950952
Latency: 1.511185630923137
Latency: 1.5075788330286741
Latency: 1.521120330085978
Latency: 1.5322167810518295
Latency: 1.5242274801712483
Latency: 1.5286322431638837
Latency: 1.5186631781980395
Latency: 1.566398070892319
Latency: 1.502291316865012
Latency: 1.6099381272215396
Latency: 1.5262775220908225
Latency: 1.505524623207748
Latency: 1.5588206388056278
Latency: 1.5546186931896955
Latency: 1.481778988149017
Latency: 1.553066851804033
Latency: 1.5910578281618655
Latency: 1.563157157972455
Latency: 1.5610230448655784
Latency: 1.5182626890018582
Latency: 1.514861716190353
Latency: 1.5176715468987823
Latency: 1.5571019041817635
Latency: 1.5808619970921427
Latency: 1.5378815818112344
Latency: 1.5896738201845437
Latency: 1.5304189987946302
Latency: 1.587574431905523
Latency: 1.5440442659892142
Latency: 1.4300176750402898
Latency: 1.4334352780133486
Latency: 1.4378490529488772
Latency: 1.437602962134406
Latency: 1.5723696372006088
Latency: 1.436490480788052
Latency: 1.6039429879747331
Latency: 1.4398507059086114
Latency: 1.480217940872535
Latency: 1.6245586250443012
Latency: 1.608424515929073
Latency: 1.5882931200321764
Latency: 1.6064526648260653
Latency: 1.4532910550478846
Latency: 1.4605743309948593
Latency: 1.4789605329278857
Latency: 1.4959697239100933
Latency: 1.514585137134418
Latency: 1.6093750309664756
Latency: 1.5389792690984905
Latency: 1.5070772031322122
Latency: 1.4970348700881004
Latency: 1.5054971799254417
Latency: 1.4717219660524279
Latency: 1.622465129941702
Latency: 1.5053342499304563
Latency: 1.6401156831998378
Latency: 1.5222456720657647
Latency: 1.7174278011079878
Latency: 1.66353226499632
Latency: 1.7711708941496909
Latency: 1.6198694210033864
Latency: 1.6444271539803594
Latency: 1.6549588271882385
Latency: 1.6544921230524778
Latency: 1.7657660029362887
Latency: 1.6605049900244921
Latency: 1.650727186119184
Latency: 1.6525715421885252
Latency: 1.566702431999147
Latency: 1.562571682035923
Latency: 1.5569062028080225
Latency: 1.5621395660564303
Latency: 1.5572672169655561
Latency: 1.5700245150364935
Latency: 1.5626800418831408
Latency: 1.5367439610417932
Latency: 1.5758854998275638
Latency: 1.5310081581119448
Latency: 1.5479976788628846
Latency: 1.5340119788888842
Latency: 1.5522621581330895
Latency: 1.56573132192716
Latency: 1.554774140007794
Latency: 1.5862703081220388
Latency: 1.5664128330536187
Latency: 1.5459405109286308
Latency: 1.5934062199667096
Latency: 1.5485040950588882
Latency: 1.5692245941609144
Latency: 1.5612520158756524
Latency: 1.5761079988442361
Latency: 1.560210427036509
Latency: 1.5568917759228498
Latency: 1.561631171964109
Latency: 1.5553235989063978
Latency: 1.579395439941436
Latency: 1.6118235590402037
Latency: 1.57236478314735
Latency: 1.5948003609664738
Latency: 1.580671896925196
Latency: 1.5815043959300965
Latency: 1.5849481439217925
Latency: 1.5989693719893694
Latency: 1.6031503600534052
Latency: 1.5964666400104761
Latency: 1.5831325778272003
Latency: 1.5817449421156198
Latency: 1.592617834918201
Latency: 1.6165018719621003
Latency: 1.448740063002333
Latency: 1.4913095200899988
Latency: 1.488268009852618
Latency: 1.4656831379979849
Latency: 1.465039731003344
Latency: 1.4720500109251589
Latency: 1.4659986989572644
Latency: 1.6401534199249
Latency: 1.5033190450631082
Latency: 1.5041851908899844
Latency: 1.5116474009118974
Latency: 1.4886831329204142
Latency: 1.4908154790755361
Latency: 1.4952241689898074
Latency: 1.496416341047734
Latency: 1.4919356959871948
Latency: 1.501611165003851
Latency: 1.5048270830884576
Latency: 1.5176765348296613
Latency: 1.5093325059860945
Latency: 1.5158522750716656
Latency: 1.502803381998092
Latency: 1.5241746860556304
Latency: 1.5134048480540514
Latency: 1.5031541490461677
Latency: 1.5229457269888371
Latency: 1.546279429923743
Latency: 1.5407730320002884
Latency: 1.5387712290976197
Latency: 1.550536885857582
Latency: 1.5616653771139681
Latency: 1.5814573001116514
Latency: 1.5698650099802762
Latency: 1.5787004919257015
Latency: 1.5846472640987486
Latency: 1.5923266680911183
Latency: 1.5958949401974678
Latency: 1.624779030913487
Latency: 1.610548528144136
Latency: 1.6009744019247591
Latency: 1.587112331064418
Latency: 1.5915007940493524
Latency: 1.5937714669853449
Latency: 1.6040232200175524
Latency: 1.6088409549556673
Latency: 1.6126278839074075
Latency: 1.6300782929174602
Latency: 1.374909248901531
Latency: 1.4537399129476398
Latency: 1.6582722368184477
Latency: 1.5476718358695507
Latency: 1.405528143979609
Latency: 1.5786083780694753
Latency: 1.5194131010212004
Latency: 1.435097750974819
Latency: 1.5368114849552512
Latency: 1.470969817135483
Latency: 1.4847071939148009
Latency: 1.3765718250069767
Latency: 1.574543652124703
Latency: 1.3779120240360498
Latency: 1.5812165930401534
Latency: 1.3889635789673775
Latency: 1.5415598780382425
Latency: 1.5973653639666736
Latency: 1.4109468620736152
Latency: 1.4144434910267591
Latency: 1.6093854419887066
Latency: 1.4185294781345874
Latency: 1.6035520331934094
Latency: 1.3876489049289376
Latency: 1.386040330864489
Latency: 1.305351821007207
Latency: 1.3041928000748158
Latency: 1.314175239065662
Latency: 1.3171883320901543
Latency: 1.316676422022283
Latency: 1.437176408013329
Latency: 1.4464296749792993
Latency: 1.4398204709868878
Latency: 1.4455242587719113
Latency: 1.4458427850622684
Latency: 1.4529472030699253
Latency: 1.463273524073884
Latency: 1.4769726840313524
Latency: 1.4814390630926937
Latency: 1.5447051250375807
Latency: 1.5489625320769846
Latency: 1.5533996948506683
Latency: 1.5552500861231238
Latency: 1.5522067798301578
Latency: 1.55870911013335
Latency: 1.5647962267976254
Latency: 1.5587616849225014
Latency: 1.5634817651007324
Latency: 1.5686811609193683
Latency: 1.5651970570906997
Latency: 1.5757114081643522
Latency: 1.5766402478329837
Latency: 1.6481290629599243
Latency: 1.6442993101663888
Latency: 1.6803464761469513
