Latency: 0.2753774509765208
Latency: 0.2758195379283279
Latency: 0.2771903669927269
Latency: 0.2785820560529828
Latency: 0.2800112140830606
Latency: 0.28134626196697354
Latency: 0.2828148100525141
Latency: 0.28422784991562366
Latency: 0.28567640390247107
Latency: 0.2873000521212816
Latency: 0.2887904979288578
Latency: 0.290263389935717
Latency: 0.2917328979820013
Latency: 0.29319264693185687
Latency: 0.29467450198717415
Latency: 0.29611585615202785
Latency: 0.297579474048689
Latency: 0.29902649112045765
Latency: 0.30047991313040257
Latency: 0.30191012914292514
Latency: 0.30340231605805457
Latency: 0.30485003301873803
Latency: 0.3062821449711919
Latency: 0.3081982461735606
Latency: 0.30973689001984894
Latency: 0.3112380139064044
Latency: 0.3127029831521213
Latency: 0.3141374320257455
Latency: 0.3156227800063789
Latency: 0.3170896868687123
Latency: 0.3185626349877566
Latency: 0.31999771809205413
Latency: 0.32143592881038785
Latency: 0.3229148918762803
Latency: 0.3243943878915161
Latency: 0.32588293706066906
Latency: 0.32735964795574546
Latency: 0.32882956182584167
Latency: 0.3304543059784919
Latency: 0.3319459040649235
Latency: 0.33491817209869623
Latency: 0.3363497219979763
Latency: 0.3378107692115009
Latency: 0.33930890006013215
Latency: 0.3407292680349201
Latency: 0.34214873099699616
Latency: 0.3436414059251547
Latency: 0.3451245410833508
Latency: 0.3465520788449794
Latency: 0.3480286509729922
Latency: 0.3495042759459466
Latency: 0.3509605710860342
Latency: 0.3554449579678476
Latency: 0.35693115601316094
Latency: 0.3585173769388348
Latency: 0.35992529103532434
Latency: 0.36135842418298125
Latency: 0.3628008500672877
Latency: 0.3643099181354046
Latency: 0.36577035998925567
Latency: 0.3699268940836191
Latency: 0.37139719584956765
Latency: 0.37605188111774623
Latency: 0.3770125519949943
Latency: 0.2690893041435629
Latency: 0.27024384890682995
Latency: 0.2753562598954886
Latency: 0.27673967787995934
Latency: 0.27289265184663236
Latency: 0.2743139429949224
Latency: 0.2759779382031411
Latency: 0.27744312514550984
Latency: 0.2788875170517713
Latency: 0.28034558496437967
Latency: 0.28174629691056907
Latency: 0.28317373199388385
Latency: 0.2846348281018436
Latency: 0.28603159403428435
Latency: 0.2873894840013236
Latency: 0.28889409312978387
Latency: 0.29029501392506063
Latency: 0.2917174198664725
Latency: 0.29314467986114323
Latency: 0.29453784180805087
Latency: 0.2959942880552262
Latency: 0.29755805316381156
Latency: 0.2990121759939939
Latency: 0.29981733416207135
Latency: 0.3011669220868498
Latency: 0.30255084205418825
Latency: 0.3039595349691808
Latency: 0.3053825118113309
Latency: 0.30680515291169286
Latency: 0.30823476891964674
Latency: 0.30963631020858884
Latency: 0.31105155404657125
Latency: 0.31246782490052283
Latency: 0.31389575987122953
Latency: 0.31531863613054156
Latency: 0.31670234887860715
Latency: 0.31828437908552587
Latency: 0.3197180109564215
Latency: 0.3211498139426112
Latency: 0.322602482046932
Latency: 0.33797330199740827
Latency: 0.33948634401895106
Latency: 0.3367678739596158
Latency: 0.33820811100304127
Latency: 0.33967565512284636
Latency: 0.34110313607379794
Latency: 0.3425330410245806
Latency: 0.3439737290609628
Latency: 0.34539063880220056
Latency: 0.3513373869936913
Latency: 0.35291808983311057
Latency: 0.3536500909831375
Latency: 0.35516736493445933
Latency: 0.35647711087949574
Latency: 0.3580168401822448
Latency: 0.35959852300584316
Latency: 0.36115770787000656
Latency: 0.36258679209277034
Latency: 0.36402880400419235
Latency: 0.36760212015360594
Latency: 0.3752975999377668
Latency: 0.3708752009551972
Latency: 0.35874575306661427
Latency: 0.36297347489744425
Latency: 0.2919978799764067
Latency: 0.2929176341276616
Latency: 0.2915108681190759
Latency: 0.29261921299621463
Latency: 0.2898329091258347
Latency: 0.29113939707167447
Latency: 0.29253288288600743
Latency: 0.2940160590223968
Latency: 0.2955274600535631
Latency: 0.2969974528532475
Latency: 0.3054235898889601
Latency: 0.30703317397274077
Latency: 0.30864161695353687
Latency: 0.31379258492961526
Latency: 0.3155315020121634
Latency: 0.317151719937101
Latency: 0.3187208517920226
Latency: 0.31915160291828215
Latency: 0.3211694099009037
Latency: 0.3227512009907514
Latency: 0.3254130738787353
Latency: 0.32696622307412326
Latency: 0.32852423610165715
Latency: 0.3299189959652722
Latency: 0.33132098615169525
Latency: 0.33272853400558233
Latency: 0.33413376985117793
Latency: 0.33552213897928596
Latency: 0.3368972619064152
Latency: 0.33861214597709477
Latency: 0.3400395200587809
Latency: 0.34150756313465536
Latency: 0.34296820987947285
Latency: 0.344423244940117
Latency: 0.3459024461917579
Latency: 0.3472952460870147
Latency: 0.3487600430380553
Latency: 0.3501629359088838
Latency: 0.3516404090914875
Latency: 0.35304393200203776
Latency: 0.35790456598624587
Latency: 0.35930459410883486
Latency: 0.3607128970324993
Latency: 0.3621106999926269
Latency: 0.3636149021331221
Latency: 0.36503046308644116
Latency: 0.36574746505357325
Latency: 0.38047826988622546
Latency: 0.38176950509659946
Latency: 0.38318545115180314
Latency: 0.3760743278544396
Latency: 0.3775209828745574
Latency: 0.3788570670876652
Latency: 0.3802817640826106
Latency: 0.381618820829317
Latency: 0.38299040705896914
Latency: 0.38443287811242044
Latency: 0.38578109908849
Latency: 0.38748078886419535
Latency: 0.3977081379853189
Latency: 0.397682080976665
Latency: 0.3978609039913863
Latency: 0.37467745901085436
Latency: 0.36387084098532796
Latency: 0.3016165900044143
Latency: 0.3029235180001706
Latency: 0.3042418078985065
Latency: 0.30572105199098587
Latency: 0.3069874430075288
Latency: 0.3095946467947215
Latency: 0.3110838399734348
Latency: 0.31247965479269624
Latency: 0.3107231929898262
Latency: 0.3120997939258814
Latency: 0.31310845585539937
Latency: 0.32068850519135594
Latency: 0.3221744070760906
Latency: 0.3275672420859337
Latency: 0.3287745697889477
Latency: 0.32991270907223225
Latency: 0.3313316199928522
Latency: 0.332395161036402
Latency: 0.3291806420311332
Latency: 0.33053438807837665
Latency: 0.3359645341988653
Latency: 0.33739095204509795
Latency: 0.33882338320836425
Latency: 0.34373080520890653
Latency: 0.34516653418540955
Latency: 0.3465494520496577
Latency: 0.34797711088322103
Latency: 0.3494108119048178
Latency: 0.35086372308433056
Latency: 0.35229256306774914
Latency: 0.35368952178396285
Latency: 0.3551237341016531
Latency: 0.3565084559377283
Latency: 0.3624747321009636
Latency: 0.36388371605426073
Latency: 0.3597912809345871
Latency: 0.36113221291452646
Latency: 0.36257225391454995
Latency: 0.35940126003697515
Latency: 0.36077059409581125
Latency: 0.36215975787490606
Latency: 0.3635805929079652
Latency: 0.3649771010968834
Latency: 0.3699254810344428
Latency: 0.37137804203666747
Latency: 0.38328122114762664
Latency: 0.3849298250861466
Latency: 0.3806413959246129
Latency: 0.3820810900069773
Latency: 0.38346190517768264
Latency: 0.38008214090950787
Latency: 0.381465403130278
Latency: 0.3828522050753236
Latency: 0.38427433115430176
Latency: 0.3857169330585748
Latency: 0.3959487429820001
Latency: 0.3959983908571303
Latency: 0.39825165597721934
Latency: 0.39799284585751593
Latency: 0.3781477641314268
Latency: 0.38340269518084824
Latency: 0.3717976331245154
Latency: 0.37546629598364234
Latency: 0.3767333999276161
Latency: 0.27297656587325037
Latency: 0.27415894204750657
Latency: 0.2754852978978306
Latency: 0.2769095750991255
Latency: 0.2779961950145662
Latency: 0.2793923469725996
Latency: 0.2803598749451339
Latency: 0.28176881303079426
Latency: 0.2916576268617064
Latency: 0.3032851710449904
Latency: 0.3040667078457773
Latency: 0.3017111129593104
Latency: 0.3030707899015397
Latency: 0.30064339004456997
Latency: 0.30185592197813094
Latency: 0.3021910039242357
Latency: 0.3035634758416563
Latency: 0.3092015541624278
Latency: 0.3105835181195289
Latency: 0.3120004709344357
Latency: 0.3164758968632668
Latency: 0.31795478519052267
Latency: 0.31934344791807234
Latency: 0.3093862379901111
Latency: 0.3086105950642377
Latency: 0.3099543289281428
Latency: 0.3113601431250572
Latency: 0.3127442270051688
Latency: 0.3142151089850813
Latency: 0.315564600052312
Latency: 0.3169897780753672
Latency: 0.318400118034333
Latency: 0.3198036290705204
Latency: 0.3214816600084305
Latency: 0.3229132031556219
Latency: 0.32432437408715487
Latency: 0.3257292991038412
Latency: 0.3271742588840425
Latency: 0.3285859730094671
Latency: 0.33403249410912395
Latency: 0.33538362802937627
Latency: 0.3368217879906297
Latency: 0.3382539479061961
Latency: 0.3396025060210377
Latency: 0.34567633690312505
Latency: 0.34709063405171037
Latency: 0.34848828590475023
Latency: 0.3421059940010309
Latency: 0.34341462911106646
Latency: 0.3447909720707685
Latency: 0.34619437088258564
Latency: 0.35303089302033186
Latency: 0.3528613718226552
Latency: 0.357634378131479
Latency: 0.3590552459936589
Latency: 0.3555818828754127
Latency: 0.3569583031348884
Latency: 0.3574180349241942
Latency: 0.3636628929525614
Latency: 0.36349031515419483
Latency: 0.35167932184413075
Latency: 0.35300361597910523
Latency: 0.3254525298252702
Latency: 0.33245567814446986
Latency: 0.3089572919998318
Latency: 0.3197055289056152
Latency: 0.3210821379907429
Latency: 0.3221803908236325
Latency: 0.32361567416228354
Latency: 0.32505130278877914
Latency: 0.326516485074535
Latency: 0.32755550113506615
Latency: 0.32455337792634964
Latency: 0.3148422599770129
Latency: 0.3216992258094251
Latency: 0.33252100204117596
Latency: 0.3339398188982159
Latency: 0.3354270469862968
Latency: 0.33670899108983576
Latency: 0.33818527893163264
Latency: 0.3395931338891387
Latency: 0.3377258460968733
Latency: 0.3389940490014851
Latency: 0.3403547089546919
Latency: 0.3369401090312749
Latency: 0.3381774900481105
Latency: 0.3396047798451036
Latency: 0.3476737930905074
Latency: 0.34834600798785686
Latency: 0.3498339189682156
Latency: 0.3512435129377991
Latency: 0.3532285150140524
Latency: 0.35468007205054164
Latency: 0.3562375430483371
Latency: 0.3568734920118004
Latency: 0.3582800589501858
Latency: 0.35974381817504764
Latency: 0.36683828104287386
Latency: 0.36668332293629646
Latency: 0.3733036210760474
Latency: 0.3717242160346359
Latency: 0.3731732568703592
Latency: 0.3737633069977164
Latency: 0.37475340790115297
Latency: 0.3761630521621555
Latency: 0.3775713350623846
Latency: 0.3790498059242964
Latency: 0.38048943295143545
Latency: 0.3819283889606595
Latency: 0.3833652981556952
Latency: 0.3847835019696504
Latency: 0.3862142018042505
Latency: 0.3876520979683846
Latency: 0.3892984420526773
Latency: 0.3933582541067153
Latency: 0.39186817803420126
Latency: 0.39324160292744637
Latency: 0.34318250394426286
Latency: 0.3442862960509956
Latency: 0.3439013750758022
Latency: 0.343748162034899
Latency: 0.34510366804897785
Latency: 0.3491084019187838
Latency: 0.35051079909317195
Latency: 0.35192034486681223
Latency: 0.35340184019878507
Latency: 0.32387548801489174
Latency: 0.32457580300979316
Latency: 0.3419739929959178
Latency: 0.31737401708960533
Latency: 0.3256851478945464
Latency: 0.3215464549139142
Latency: 0.3329238570295274
Latency: 0.3341255059931427
Latency: 0.3355130690615624
Latency: 0.33654090017080307
Latency: 0.33795819617807865
Latency: 0.339336653938517
Latency: 0.3403030338231474
Latency: 0.3458578079007566
Latency: 0.3472349711228162
Latency: 0.3486903961747885
Latency: 0.33781317598186433
Latency: 0.339144156081602
Latency: 0.3601478689815849
Latency: 0.3615834950469434
Latency: 0.36302891303785145
Latency: 0.36445606010966003
Latency: 0.3658796779345721
Latency: 0.3672972680069506
Latency: 0.36871376913040876
Latency: 0.3701399920973927
Latency: 0.37152928696013987
Latency: 0.358552569989115
Latency: 0.35989567590877414
Latency: 0.3583834250457585
Latency: 0.35980991809628904
Latency: 0.3612565428484231
Latency: 0.3625707859173417
Latency: 0.36398774292320013
Latency: 0.365380581934005
Latency: 0.36677474388852715
Latency: 0.36823607282713056
Latency: 0.37744231917895377
Latency: 0.37517290096729994
Latency: 0.3766292459331453
Latency: 0.37791989790275693
Latency: 0.3793065659701824
Latency: 0.3758563979063183
Latency: 0.3770985559094697
Latency: 0.3781956529710442
Latency: 0.3795609441585839
Latency: 0.3797380819451064
Latency: 0.3810061051044613
Latency: 0.38236030214466155
Latency: 0.38327610795386136
Latency: 0.38173323892988265
Latency: 0.3831252548843622
Latency: 0.39555865386500955
Latency: 0.3968129609711468
Latency: 0.3911110651679337
Latency: 0.3760627859737724
Latency: 0.37733029294759035
Latency: 0.3787019040901214
Latency: 0.38012623507529497
Latency: 0.38149318285286427
Latency: 0.3868805000092834
Latency: 0.3869098031427711
Latency: 0.39221425098367035
Latency: 0.3973067570477724
Latency: 0.37048632791265845
Latency: 0.3705792878754437
Latency: 0.2866045238915831
Latency: 0.28784387512132525
Latency: 0.2774767701048404
Latency: 0.27884533698670566
Latency: 0.2664549818728119
Latency: 0.2678523319773376
Latency: 0.2692574979737401
Latency: 0.2706845081411302
Latency: 0.2718354631215334
Latency: 0.27967561199329793
Latency: 0.28113440284505486
Latency: 0.2788816848769784
Latency: 0.2919446309097111
Latency: 0.2933924160897732
Latency: 0.2870270509738475
Latency: 0.2885208139196038
Latency: 0.30455880193039775
Latency: 0.3023074511438608
Latency: 0.3036168599501252
Latency: 0.30492450296878815
Latency: 0.30645948788151145
Latency: 0.30794518697075546
Latency: 0.308549250010401
Latency: 0.3099722939077765
Latency: 0.3156000738963485
Latency: 0.3213672440033406
Latency: 0.3194708039518446
Latency: 0.32058333908207715
Latency: 0.3220706428401172
Latency: 0.3252581648994237
Latency: 0.32665869896300137
Latency: 0.32807861105538905
Latency: 0.328777537913993
Latency: 0.330129916081205
Latency: 0.33158807596191764
Latency: 0.3330005949828774
Latency: 0.3341923141852021
Latency: 0.3355874659027904
Latency: 0.33701611682772636
Latency: 0.33845636690966785
Latency: 0.3398799239657819
Latency: 0.3413120680488646
Latency: 0.34271637815982103
Latency: 0.34442238393239677
Latency: 0.3457828799728304
Latency: 0.347283102106303
Latency: 0.3478271090425551
Latency: 0.34918280388228595
Latency: 0.3516496601514518
Latency: 0.35307155293412507
Latency: 0.3545222310349345
Latency: 0.35599027993157506
Latency: 0.3513153810054064
Latency: 0.3511336389929056
Latency: 0.3518883048091084
Latency: 0.35203591198660433
Latency: 0.3554852500092238
Latency: 0.3569499501027167
Latency: 0.3509156289510429
Latency: 0.3523439329583198
Latency: 0.3537398239132017
Latency: 0.3550945690367371
Latency: 0.324267182033509
Latency: 0.3237885171547532
Latency: 0.32526883692480624
Latency: 0.32674253010191023
Latency: 0.3318864891771227
Latency: 0.3330918059218675
Latency: 0.334514930145815
Latency: 0.33571059606038034
Latency: 0.33710467210039496
Latency: 0.3372578651178628
Latency: 0.3387026188429445
Latency: 0.3382783879060298
Latency: 0.3388676759786904
Latency: 0.3461556159891188
Latency: 0.346356431953609
Latency: 0.3478072639554739
Latency: 0.35614256793633103
Latency: 0.35761415609158576
Latency: 0.3429353139363229
Latency: 0.3442949200980365
Latency: 0.3475105569232255
Latency: 0.34400200797244906
Latency: 0.3453894159756601
Latency: 0.3465764138381928
Latency: 0.3479701660107821
Latency: 0.3494810510892421
Latency: 0.350268024019897
Latency: 0.3518293520901352
Latency: 0.35831533302553
Latency: 0.35657464410178363
Latency: 0.3575402970891446
Latency: 0.36092741694301367
Latency: 0.36237376695498824
Latency: 0.3656897069886327
Latency: 0.3670882061123848
Latency: 0.3670664089731872
Latency: 0.36850102292373776
Latency: 0.3699324829503894
Latency: 0.37160611199215055
Latency: 0.37306431378237903
Latency: 0.37448343308642507
Latency: 0.37597120413556695
Latency: 0.3773565029259771
Latency: 0.3788059821818024
Latency: 0.38023808994330466
Latency: 0.3816025089472532
Latency: 0.38299105898477137
Latency: 0.38731881510466337
Latency: 0.3887176141142845
Latency: 0.39027850795537233
Latency: 0.39792458806186914
Latency: 0.3947210928890854
Latency: 0.3961455090902746
Latency: 0.397590170847252
Latency: 0.3911830100696534
Latency: 0.3926052690949291
Latency: 0.3939833950717002
Latency: 0.3954282379709184
Latency: 0.387055927189067
Latency: 0.3882867731153965
Latency: 0.3926579309627414
Latency: 0.394224023912102
Latency: 0.40349008212797344
Latency: 0.40738631319254637
Latency: 0.36964148306287825
Latency: 0.3710888340137899
Latency: 0.25834537809714675
Latency: 0.2593672738876194
Latency: 0.2604044289328158
Latency: 0.2573340858798474
Latency: 0.25874340697191656
Latency: 0.26009419187903404
Latency: 0.2615270148962736
Latency: 0.2748419279232621
Latency: 0.2762788198888302
Latency: 0.29412922891788185
Latency: 0.29511467390693724
Latency: 0.2934249478857964
Latency: 0.294826882192865
Latency: 0.29627535305917263
Latency: 0.29569708788767457
Latency: 0.29707523388788104
Latency: 0.2983518170658499
Latency: 0.3042676029726863
Latency: 0.3057573160622269
Latency: 0.30721291387453675
Latency: 0.3086012739222497
Latency: 0.3101102518849075
Latency: 0.3114163279533386
Latency: 0.312853897921741
Latency: 0.31427250895649195
Latency: 0.320805317023769
Latency: 0.32356836600229144
Latency: 0.3251179070211947
Latency: 0.32650460908189416
Latency: 0.3268976721446961
Latency: 0.3283028488513082
Latency: 0.32970403996296227
Latency: 0.33113786205649376
Latency: 0.3326161280274391
Latency: 0.3338866161648184
Latency: 0.3353161420673132
Latency: 0.33673805207945406
Latency: 0.3382076669950038
Latency: 0.33963241893798113
Latency: 0.3411027011461556
Latency: 0.3425467750057578
Latency: 0.3439715998247266
Latency: 0.34543216903693974
Latency: 0.34684401215054095
Latency: 0.34836153383366764
Latency: 0.34977462817914784
Latency: 0.3516232359688729
Latency: 0.35307515505701303
Latency: 0.3545224890112877
Latency: 0.3512119979131967
Latency: 0.3511508710216731
Latency: 0.351115751080215
Latency: 0.35255379090085626
Latency: 0.3539830020163208
Latency: 0.35549436206929386
Latency: 0.3595496010966599
Latency: 0.36106726597063243
Latency: 0.36251722392626107
Latency: 0.34953598980791867
Latency: 0.35092513589188457
Latency: 0.35482835094444454
Latency: 0.35636156308464706
Latency: 0.3184158760122955
Latency: 0.31992401904426515
Latency: 0.3251433758996427
Latency: 0.32948436215519905
Latency: 0.3308425589930266
Latency: 0.33199573308229446
Latency: 0.3334757499396801
Latency: 0.33474163082428277
Latency: 0.33578345691785216
Latency: 0.3359344678465277
Latency: 0.33731615892611444
Latency: 0.3195582600310445
Latency: 0.31388314603827894
Latency: 0.3152930059004575
Latency: 0.32967876899056137
Latency: 0.33109778887592256
Latency: 0.33217964693903923
Latency: 0.3407790809869766
Latency: 0.34215844003483653
Latency: 0.3362618221435696
Latency: 0.3376959799788892
Latency: 0.33914059516973794
Latency: 0.3405797041486949
Latency: 0.3459631639998406
Latency: 0.3474853781517595
Latency: 0.34894248005002737
Latency: 0.3577612161170691
Latency: 0.35920884902589023
Latency: 0.3630187299568206
Latency: 0.36446489207446575
Latency: 0.3658733090851456
Latency: 0.3615126549266279
Latency: 0.36293303687125444
Latency: 0.36436502495780587
Latency: 0.3657723849173635
Latency: 0.3669639329891652
Latency: 0.36838297499343753
Latency: 0.36982416291721165
Latency: 0.37134337588213384
Latency: 0.3730583710130304
Latency: 0.37455257284455
Latency: 0.37596458313055336
Latency: 0.377367831999436
Latency: 0.3788138059899211
Latency: 0.3802453731186688
Latency: 0.38163450499996543
Latency: 0.38304556207731366
Latency: 0.38443118310533464
Latency: 0.39030949282459915
Latency: 0.39175030100159347
Latency: 0.39318802184425294
Latency: 0.39458869001828134
Latency: 0.3995587839744985
Latency: 0.4010180209297687
Latency: 0.40257140318863094
Latency: 0.4040281311608851
Latency: 0.40550326905213296
Latency: 0.3920381211210042
Latency: 0.38710330007597804
Latency: 0.3993335640989244
Latency: 0.39933618507348
Latency: 0.4032435950357467
Latency: 0.40688016708008945
Latency: 0.4068989548832178
Latency: 0.3074561841785908
Latency: 0.3097538889851421
Latency: 0.27163329091854393
Latency: 0.272772568045184
Latency: 0.27427165186963975
Latency: 0.2753505741711706
Latency: 0.27676267083734274
Latency: 0.2777039580978453
Latency: 0.2791320509277284
Latency: 0.28060564398765564
Latency: 0.2819442299660295
Latency: 0.2827964809257537
Latency: 0.2919619570020586
Latency: 0.293518572114408
Latency: 0.29422533395700157
Latency: 0.3037550849840045
Latency: 0.3040762559976429
Latency: 0.3020616739522666
Latency: 0.30347313010133803
Latency: 0.3049158148933202
Latency: 0.3063768029678613
Latency: 0.3078165268525481
Latency: 0.3092452820856124
Latency: 0.3106655809096992
Latency: 0.3193467741366476
Latency: 0.32075987686403096
Latency: 0.31899092998355627
Latency: 0.32452786504291
Latency: 0.32591741089709103
Latency: 0.3195105819031596
Latency: 0.3209079329390079
Latency: 0.32017325796186924
Latency: 0.32153642689809203
Latency: 0.3228571170475334
Latency: 0.32426548399962485
Latency: 0.32567635201849043
Latency: 0.3269959161989391
Latency: 0.3283636490814388
Latency: 0.3297728761099279
Latency: 0.33111786493100226
Latency: 0.3325319248251617
Latency: 0.3339416228700429
Latency: 0.33901913999579847
Latency: 0.33986205607652664
Latency: 0.3467488039750606
Latency: 0.33995940000750124
Latency: 0.341315948870033
Latency: 0.3428576358128339
Latency: 0.34431065479293466
Latency: 0.34531838400289416
Latency: 0.34672594000585377
Latency: 0.34815059788525105
Latency: 0.3497925088740885
Latency: 0.3512701219879091
Latency: 0.3663210808299482
Latency: 0.36772803007625043
Latency: 0.3720151500310749
Latency: 0.36102790804579854
Latency: 0.362508388934657
Latency: 0.3679183709900826
Latency: 0.367340091150254
Latency: 0.36815617699176073
Latency: 0.3486277270130813
Latency: 0.34888675110414624
Latency: 0.2967031130101532
Latency: 0.29815772897563875
Latency: 0.32648799987509847
Latency: 0.32145719695836306
Latency: 0.3225886281579733
Latency: 0.32370086293667555
Latency: 0.3251331129577011
Latency: 0.32615002407692373
Latency: 0.3275955650024116
Latency: 0.32833507587201893
Latency: 0.3298119220416993
Latency: 0.3312734179198742
Latency: 0.32939543877728283
Latency: 0.3308260138146579
Latency: 0.3398712589405477
Latency: 0.34041445795446634
Latency: 0.3417714349925518
Latency: 0.3479304329957813
Latency: 0.34937862609513104
Latency: 0.3508746901061386
Latency: 0.35226388089358807
Latency: 0.35374345001764596
Latency: 0.35518685495480895
Latency: 0.3566241671796888
Latency: 0.3542473220732063
Latency: 0.3545626869890839
Latency: 0.3493632539175451
Latency: 0.3507283099461347
Latency: 0.3558245908934623
Latency: 0.3572114820126444
Latency: 0.3586845120880753
Latency: 0.3645605379715562
Latency: 0.36607620818540454
Latency: 0.36748647689819336
Latency: 0.36826589005067945
Latency: 0.36971136811189353
Latency: 0.3711161189712584
Latency: 0.3725596440490335
Latency: 0.37210301985032856
Latency: 0.3734975219704211
Latency: 0.37175093893893063
Latency: 0.3731538038700819
Latency: 0.3745367240626365
Latency: 0.3759755890350789
Latency: 0.3774005309678614
Latency: 0.37898526806384325
Latency: 0.3805015520192683
Latency: 0.38198063406161964
Latency: 0.38341597001999617
Latency: 0.3884389610029757
Latency: 0.3898497761692852
Latency: 0.4006939248647541
Latency: 0.4020997278857976
Latency: 0.39921761280857027
Latency: 0.4008792620152235
Latency: 0.40239486494101584
Latency: 0.40676523884758353
Latency: 0.40675314306281507
Latency: 0.409979694057256
Latency: 0.38279275712557137
Latency: 0.3888034508563578
Latency: 0.38857308914884925
Latency: 0.3936078690458089
Latency: 0.4132663880009204
Latency: 0.31190486205741763
Latency: 0.31341038295067847
Latency: 0.281089125899598
Latency: 0.2823051849845797
Latency: 0.28380075795575976
Latency: 0.28513407707214355
Latency: 0.28650847799144685
Latency: 0.2879220040049404
Latency: 0.2893321760930121
Latency: 0.2907372210174799
Latency: 0.29186104610562325
Latency: 0.30177349713630974
Latency: 0.3031716328114271
Latency: 0.3046760221477598
Latency: 0.30799557408317924
Latency: 0.30952396406792104
Latency: 0.31083108903840184
Latency: 0.3095112561713904
Latency: 0.3107103370130062
Latency: 0.31168880709446967
Latency: 0.31315329298377037
Latency: 0.31405720789916813
Latency: 0.3154685602057725
Latency: 0.3138676460366696
Latency: 0.31551300385035574
Latency: 0.31686380389146507
Latency: 0.32151076500304043
Latency: 0.32847563293762505
Latency: 0.32780606183223426
Latency: 0.33096011402085423
Latency: 0.33243080601096153
Latency: 0.32602637610398233
Latency: 0.32724770391359925
Latency: 0.3286256021820009
Latency: 0.3297432002145797
Latency: 0.33141923090443015
Latency: 0.3328513859305531
Latency: 0.33398527209647
Latency: 0.3354168990626931
Latency: 0.3368496419861913
Latency: 0.3382474498357624
Latency: 0.338963326998055
Latency: 0.3403849499300122
Latency: 0.3417596039362252
Latency: 0.3432023210916668
Latency: 0.34455510484986007
Latency: 0.34472900489345193
Latency: 0.3493084420915693
Latency: 0.35711699700914323
Latency: 0.3578301661182195
Latency: 0.35921134799718857
Latency: 0.36062120203860104
Latency: 0.36204006103798747
Latency: 0.3529448010958731
Latency: 0.3598934290930629
Latency: 0.35981552209705114
Latency: 0.3583592250943184
Latency: 0.3598933760076761
Latency: 0.3474451380316168
Latency: 0.35341255203820765
Latency: 0.3531995618250221
Latency: 0.36146949604153633
Latency: 0.3539811950176954
Latency: 0.37361732707358897
Latency: 0.3391845899168402
Latency: 0.3405492580495775
Latency: 0.33452012413181365
Latency: 0.3359273720998317
Latency: 0.33737158705480397
Latency: 0.3388217990286648
Latency: 0.3413749111350626
Latency: 0.34258784214034677
Latency: 0.34410941298119724
Latency: 0.3455292598810047
Latency: 0.35538537008687854
Latency: 0.3512038569897413
Latency: 0.36029005609452724
Latency: 0.3617484080605209
Latency: 0.35765420785173774
Latency: 0.3588079558685422
Latency: 0.35989489895291626
Latency: 0.3609672000166029
Latency: 0.36233121901750565
Latency: 0.36353995092213154
Latency: 0.364960904000327
Latency: 0.3660882068797946
Latency: 0.3659352599643171
Latency: 0.367287983186543
Latency: 0.37296075001358986
Latency: 0.3741584380622953
Latency: 0.37838053703308105
Latency: 0.3798111800570041
Latency: 0.38133962312713265
Latency: 0.38050038600340486
Latency: 0.3817187419626862
Latency: 0.38314327714033425
Latency: 0.3845408831257373
Latency: 0.38599019800312817
Latency: 0.38741297484375536
Latency: 0.3888710499741137
Latency: 0.39028896880336106
Latency: 0.3917071979958564
Latency: 0.39311979594640434
Latency: 0.38954335916787386
Latency: 0.39098645094782114
Latency: 0.3923880828078836
Latency: 0.39377233502455056
Latency: 0.39520522207021713
Latency: 0.40095117106102407
Latency: 0.4089221900794655
Latency: 0.4103500749915838
Latency: 0.4117172579281032
Latency: 0.36441948311403394
Latency: 0.36554051702842116
Latency: 0.3668432168196887
Latency: 0.3683269720058888
Latency: 0.375191368162632
Latency: 0.37555049802176654
Latency: 0.3697877060621977
Latency: 0.37126693688333035
Latency: 0.35833905497565866
Latency: 0.3673911888618022
Latency: 0.36773323989473283
Latency: 0.370537674985826
Latency: 0.3710925860796124
Latency: 0.35044248192571104
Latency: 0.33997930912300944
Latency: 0.333468803903088
Latency: 0.29601770103909075
Latency: 0.31812969502061605
Latency: 0.2819592570886016
Latency: 0.2833538849372417
Latency: 0.28476005303673446
Latency: 0.2861854559741914
Latency: 0.28767054900527
Latency: 0.2891558441333473
Latency: 0.29041465814225376
Latency: 0.34276550984941423
Latency: 0.3479554208461195
Latency: 0.34927867888472974
Latency: 0.34406617819331586
Latency: 0.34520508092828095
Latency: 0.3463332310784608
Latency: 0.3473912300541997
Latency: 0.3487933469004929
Latency: 0.3499140050262213
Latency: 0.35131725389510393
Latency: 0.3523163259960711
Latency: 0.3536788299679756
Latency: 0.36200048215687275
Latency: 0.3631468249950558
Latency: 0.3645336860790849
Latency: 0.36548212193883955
Latency: 0.36685751914046705
Latency: 0.36527569289319217
Latency: 0.36658490006811917
Latency: 0.3679672840517014
Latency: 0.369267218047753
Latency: 0.3706463451962918
Latency: 0.3720903228968382
Latency: 0.3732699500396848
Latency: 0.3747403179295361
Latency: 0.37622710480354726
Latency: 0.37611368391662836
Latency: 0.37748859403654933
Latency: 0.37887569586746395
Latency: 0.38027936313301325
Latency: 0.3864214438945055
Latency: 0.38790861098095775
Latency: 0.39397895196452737
Latency: 0.3953783540055156
Latency: 0.39675083896145225
Latency: 0.39843690395355225
Latency: 0.3898636461235583
Latency: 0.3912207370158285
Latency: 0.3926060178782791
Latency: 0.39395659416913986
Latency: 0.39535751892253757
Latency: 0.39680331014096737
Latency: 0.4020794709213078
Latency: 0.40334181510843337
Latency: 0.40479000308550894
Latency: 0.3939339709468186
Latency: 0.39464635006152093
Latency: 0.394251893972978
Latency: 0.3841015580110252
Latency: 0.38411587104201317
Latency: 0.38804912380874157
Latency: 0.389514226000756
Latency: 0.37596995616331697
Latency: 0.36140229110606015
Latency: 0.3288592698518187
Latency: 0.3302455290686339
Latency: 0.33179792598821223
Latency: 0.2704123288858682
Latency: 0.2796997001860291
Latency: 0.28110017790459096
Latency: 0.2962519049178809
Latency: 0.2977042170241475
Latency: 0.2991540508810431
Latency: 0.30004063504748046
Latency: 0.29727465310133994
Latency: 0.29835864109918475
Latency: 0.29975429992191494
Latency: 0.30118041718378663
Latency: 0.302591010928154
Latency: 0.30404586996883154
Latency: 0.3057134908158332
Latency: 0.3071797857992351
Latency: 0.3086482749786228
Latency: 0.3101336669642478
Latency: 0.3175170000176877
Latency: 0.3189575020223856
Latency: 0.3177161740604788
Latency: 0.31911237607710063
Latency: 0.3205079131294042
Latency: 0.3182716069277376
Latency: 0.3196958990301937
Latency: 0.31894181412644684
Latency: 0.3253852447960526
Latency: 0.3267775899730623
Latency: 0.32821884704753757
Latency: 0.3336363029666245
Latency: 0.3351251420099288
Latency: 0.33659785077907145
Latency: 0.33770188712514937
Latency: 0.33906243997626007
Latency: 0.3405143821146339
Latency: 0.341938927071169
Latency: 0.3433508789166808
Latency: 0.34478555200621486
Latency: 0.34618868096731603
Latency: 0.3476441311649978
Latency: 0.34155917493626475
Latency: 0.3429301760625094
Latency: 0.34429115895181894
Latency: 0.34569636988453567
Latency: 0.3473790630232543
Latency: 0.3517492120154202
Latency: 0.35317949717864394
Latency: 0.35458304383791983
Latency: 0.3560773089993745
Latency: 0.3574993379879743
Latency: 0.35893839900381863
Latency: 0.3646319219842553
Latency: 0.36608588811941445
Latency: 0.342216684948653
Latency: 0.34333644807338715
Latency: 0.35409382707439363
Latency: 0.3543461652006954
Latency: 0.3562588640488684
Latency: 0.34230314521119
Latency: 0.3496671738103032
Latency: 0.3329357497859746
Latency: 0.3094155159778893
Latency: 0.3108783848583698
Latency: 0.3121843908447772
Latency: 0.3144828120712191
Latency: 0.3351253308355808
Latency: 0.31159793492406607
Latency: 0.312880297889933
Latency: 0.31398370303213596
Latency: 0.3154211558867246
Latency: 0.3164930089842528
Latency: 0.31785306497476995
Latency: 0.3189142511691898
Latency: 0.32031478895805776
Latency: 0.32174698496237397
Latency: 0.35130044305697083
Latency: 0.352692284155637
Latency: 0.34667216893285513
Latency: 0.3477650301065296
Latency: 0.3492310009896755
Latency: 0.3506312179379165
Latency: 0.3520961550530046
Latency: 0.349687228910625
Latency: 0.35145584493875504
Latency: 0.3579857300501317
Latency: 0.36067225015722215
Latency: 0.36200423003174365
Latency: 0.3686343689914793
Latency: 0.3700885090511292
Latency: 0.37156385998241603
Latency: 0.3699656140524894
Latency: 0.37105187796987593
Latency: 0.372451005037874
Latency: 0.3665860570035875
Latency: 0.36779593396931887
Latency: 0.3694979890715331
Latency: 0.36960632097907364
Latency: 0.370793798007071
Latency: 0.37215334991924465
Latency: 0.3735615408513695
Latency: 0.37495379406027496
Latency: 0.3756597018800676
Latency: 0.37708363798446953
Latency: 0.3784844819456339
Latency: 0.3799225410912186
Latency: 0.3813186679035425
Latency: 0.3827206192072481
Latency: 0.38333561504259706
Latency: 0.38470844202674925
Latency: 0.3852955710608512
Latency: 0.3866674480959773
Latency: 0.3923362160567194
Latency: 0.4037255549337715
Latency: 0.4050543319899589
Latency: 0.40050327288918197
Latency: 0.4051366320345551
Latency: 0.4020827610511333
Latency: 0.4035438201390207
Latency: 0.39590802718885243
Latency: 0.39215953508391976
Latency: 0.3927773649338633
Latency: 0.3859742861241102
Latency: 0.38999974890612066
Latency: 0.3915029040072113
Latency: 0.3570044729858637
Latency: 0.358402089914307
Latency: 0.35992512200027704
Latency: 0.36299042915925384
Latency: 0.2924434901215136
Latency: 0.27600154699757695
Latency: 0.2775038159452379
Latency: 0.27892427099868655
Latency: 0.2801228119060397
Latency: 0.2729263110086322
Latency: 0.28348235390149057
Latency: 0.28486100886948407
Latency: 0.28630267386324704
Latency: 0.28738800692372024
Latency: 0.29686209512874484
Latency: 0.2983581619337201
Latency: 0.2943547510076314
Latency: 0.3015212300233543
Latency: 0.3029083199799061
Latency: 0.31351591390557587
Latency: 0.31483753700740635
Latency: 0.3163437710609287
Latency: 0.3056457608472556
Latency: 0.3067221390083432
Latency: 0.32414326607249677
Latency: 0.32558825612068176
Latency: 0.31568844709545374
Latency: 0.31689120596274734
Latency: 0.31831515999510884
Latency: 0.3188064789865166
Latency: 0.32452789996750653
Latency: 0.32591558201238513
Latency: 0.32741223205812275
Latency: 0.32839923491701484
Latency: 0.3298153120558709
Latency: 0.3312501600012183
Latency: 0.3326715240254998
Latency: 0.33409618912264705
Latency: 0.33553382684476674
Latency: 0.3369707439560443
Latency: 0.3383742880541831
Latency: 0.3398391269147396
Latency: 0.34126984886825085
Latency: 0.3426874971482903
Latency: 0.3441076350864023
Latency: 0.3455442918930203
Latency: 0.34695084812119603
Latency: 0.3496731319464743
Latency: 0.3511025470215827
Latency: 0.35249363793991506
Latency: 0.3479971759952605
Latency: 0.34931710502132773
Latency: 0.35070510511286557
Latency: 0.35214046691544354
Latency: 0.35724673280492425
Latency: 0.3597133189905435
Latency: 0.3611370271537453
Latency: 0.3725537389982492
Latency: 0.3635813209693879
Latency: 0.3503675439860672
Latency: 0.3501493320800364
Latency: 0.35168790887109935
Latency: 0.35304628615267575
Latency: 0.3578802668489516
Latency: 0.29046602197922766
Latency: 0.2918858581688255
Latency: 0.29722003103233874
Latency: 0.2986613749526441
Latency: 0.30049311416223645
Latency: 0.3185221632011235
Latency: 0.3209728170186281
Latency: 0.32156463409774005
Latency: 0.323069873964414
Latency: 0.32423259085044265
Latency: 0.3256502221338451
Latency: 0.3270736059639603
Latency: 0.3279145029373467
Latency: 0.32933256682008505
Latency: 0.3284482788294554
Latency: 0.3419005540199578
Latency: 0.3433877199422568
Latency: 0.33906194590963423
Latency: 0.3388567678630352
Latency: 0.3578672460280359
Latency: 0.3592490148730576
Latency: 0.3540477592032403
Latency: 0.35540386801585555
Latency: 0.35678213695064187
Latency: 0.3534570618066937
Latency: 0.3548753708600998
Latency: 0.3562478590756655
Latency: 0.35969651816412807
Latency: 0.36333118309266865
Latency: 0.36475486191920936
Latency: 0.36500247986987233
Latency: 0.36647881800308824
Latency: 0.36784489592537284
Latency: 0.3693250210490078
Latency: 0.37075177510268986
Latency: 0.37216671416535974
Latency: 0.3735737430397421
Latency: 0.3749687699601054
Latency: 0.3763834461569786
Latency: 0.3777687589172274
Latency: 0.37921588215976954
Latency: 0.38170479401014745
Latency: 0.3833757161628455
Latency: 0.3848333479836583
Latency: 0.3862363488879055
Latency: 0.3874385671224445
Latency: 0.38890724279917777
Latency: 0.3902884079143405
Latency: 0.3917227159254253
Latency: 0.39312413102015853
Latency: 0.39884751406498253
Latency: 0.40032412903383374
Latency: 0.401748453034088
Latency: 0.4031632519327104
Latency: 0.4143519720528275
Latency: 0.4148858990520239
Latency: 0.4166464591398835
Latency: 0.39618976996280253
Latency: 0.3975815800949931
Latency: 0.3778954551089555
Latency: 0.3792391049209982
Latency: 0.384494436904788
Latency: 0.3859342229552567
Latency: 0.3989122570492327
Latency: 0.29936506994999945
Latency: 0.3120914560277015
Latency: 0.30940612009726465
Latency: 0.31081500998698175
Latency: 0.28315251716412604
Latency: 0.27979512396268547
Latency: 0.2829123241826892
Latency: 0.2838307060301304
Latency: 0.2849077479913831
Latency: 0.2863359139300883
Latency: 0.28776737698353827
Latency: 0.2889004829339683
Latency: 0.2905637249350548
Latency: 0.2919660441111773
Latency: 0.29342193505726755
Latency: 0.2965209421236068
Latency: 0.29794414807111025
Latency: 0.2929482019972056
Latency: 0.2941133799031377
Latency: 0.2954252418130636
Latency: 0.2966669590678066
Latency: 0.2980802981182933
Latency: 0.30820199102163315
Latency: 0.30919551593251526
Latency: 0.310602132929489
Latency: 0.3120545418933034
Latency: 0.3171305770520121
Latency: 0.3165182590018958
Latency: 0.31728861411102116
Latency: 0.3184112380258739
Latency: 0.31981057999655604
Latency: 0.3179699960164726
Latency: 0.3193531259894371
Latency: 0.32586359116248786
Latency: 0.3324995699804276
Latency: 0.33405788498930633
Latency: 0.3355403870809823
Latency: 0.3369758459739387
Latency: 0.338443913962692
Latency: 0.3398264159914106
Latency: 0.34134974190965295
Latency: 0.3427992579527199
Latency: 0.3442390109412372
Latency: 0.34584737895056605
Latency: 0.3517689611762762
Latency: 0.3532198970206082
Latency: 0.35090266494080424
Latency: 0.3523607458919287
Latency: 0.35379470395855606
Latency: 0.3549299919977784
Latency: 0.3592488351278007
Latency: 0.36070033512078226
Latency: 0.3621931881643832
Latency: 0.3636488700285554
Latency: 0.35249731899239123
Latency: 0.35241495491936803
Latency: 0.35292212502099574
Latency: 0.3349072658456862
Latency: 0.3362828870303929
Latency: 0.34052894194610417
Latency: 0.3419402081053704
Latency: 0.3434087641071528
Latency: 0.34484792803414166
Latency: 0.33547002193517983
Latency: 0.3202727329917252
Latency: 0.32117896107956767
Latency: 0.3227282480802387
Latency: 0.38384074391797185
Latency: 0.36601857701316476
Latency: 0.3294061350170523
Latency: 0.33083200408145785
Latency: 0.330546512035653
Latency: 0.33187584206461906
Latency: 0.33339133206754923
Latency: 0.33482649689540267
Latency: 0.33625485305674374
Latency: 0.3379500349983573
Latency: 0.34834470483474433
Latency: 0.34975119796581566
Latency: 0.3594177660997957
Latency: 0.360823558177799
Latency: 0.35798720200546086
Latency: 0.3593798209913075
Latency: 0.36078538093715906
Latency: 0.36219577491283417
Latency: 0.3636374860070646
Latency: 0.3507711929269135
Latency: 0.35207645199261606
Latency: 0.35349015705287457
Latency: 0.3600673801265657
Latency: 0.35952030890621245
Latency: 0.36707279016263783
Latency: 0.36473840195685625
Latency: 0.3661939089652151
Latency: 0.36751771811395884
Latency: 0.36892796005122364
Latency: 0.36996062798425555
Latency: 0.36708309478126466
Latency: 0.3684064820408821
Latency: 0.36983299697749317
Latency: 0.37150956015102565
Latency: 0.3729758970439434
Latency: 0.3744404499884695
Latency: 0.37296602595597506
Latency: 0.37435401207767427
Latency: 0.37579221394844353
Latency: 0.37720017903484404
Latency: 0.3786446899175644
Latency: 0.38498273701407015
Latency: 0.3866421428974718
Latency: 0.39438719814643264
Latency: 0.39588937209919095
Latency: 0.3973556950222701
Latency: 0.3987920298241079
Latency: 0.4052892900072038
Latency: 0.39932049601338804
Latency: 0.40425844001583755
Latency: 0.4056188769172877
Latency: 0.38473463989794254
Latency: 0.38610989903099835
Latency: 0.38752169883809984
Latency: 0.3889983061235398
Latency: 0.3941552999895066
Latency: 0.3955347710289061
Latency: 0.396967900916934
Latency: 0.403888895874843
Latency: 0.41232013492845
Latency: 0.3212760218884796
Latency: 0.33403964107856154
Latency: 0.32953129103407264
Latency: 0.3308249560650438
Latency: 0.31485949410125613
Latency: 0.31632557208649814
Latency: 0.28532519889995456
Latency: 0.2867684809025377
Latency: 0.2879353289026767
Latency: 0.2894367650151253
Latency: 0.2902630320750177
Latency: 0.2911037551239133
Latency: 0.29842978017404675
Latency: 0.2995910248719156
Latency: 0.30878188787028193
Latency: 0.28869439708068967
Latency: 0.28719835402444005
Latency: 0.28861456690356135
Latency: 0.288074960000813
Latency: 0.31854085507802665
Latency: 0.30846692086197436
Latency: 0.3098299349658191
Latency: 0.31108540296554565
Latency: 0.312479040119797
Latency: 0.31371980998665094
Latency: 0.3151358610484749
Latency: 0.31979426206089556
Latency: 0.32112434110604227
Latency: 0.32254097796976566
Latency: 0.3220767849124968
Latency: 0.3235871030483395
Latency: 0.3250567091163248
Latency: 0.32650957093574107
Latency: 0.3279663920402527
Latency: 0.3316408568061888
Latency: 0.3310985441785306
Latency: 0.33868053019978106
Latency: 0.34267710405401886
Latency: 0.3441857739817351
Latency: 0.34562852093949914
Latency: 0.34685179498046637
Latency: 0.3482722700573504
Latency: 0.34968593809753656
Latency: 0.351079483050853
Latency: 0.35252417298033834
Latency: 0.3538879989646375
Latency: 0.3553090209607035
Latency: 0.34887597197666764
Latency: 0.35017413017340004
Latency: 0.3516125960741192
Latency: 0.35305326292291284
Latency: 0.35821476695127785
Latency: 0.35888895206153393
Latency: 0.3538829127792269
Latency: 0.35342913097701967
Latency: 0.353128207847476
Latency: 0.35444998694583774
Latency: 0.3559221050236374
Latency: 0.35709779895842075
Latency: 0.33750001597218215
Latency: 0.3441413820255548
Latency: 0.3455951241776347
Latency: 0.34694239194504917
Latency: 0.3384920109529048
Latency: 0.31921664881519973
Latency: 0.383465853985399
Latency: 0.35518256295472383
Latency: 0.35647055390290916
Latency: 0.3549150759354234
Latency: 0.35645136004313827
Latency: 0.33049650210887194
Latency: 0.33192654815502465
Latency: 0.33330488204956055
Latency: 0.3347307979129255
Latency: 0.3364160528872162
Latency: 0.3377579499501735
Latency: 0.33441206091083586
Latency: 0.343659371137619
Latency: 0.3415036220103502
Latency: 0.3535075990948826
Latency: 0.3544212840497494
Latency: 0.35587649792432785
Latency: 0.35732437088154256
Latency: 0.35856064199469984
Latency: 0.36110195703804493
Latency: 0.3625337150879204
Latency: 0.36396965105086565
Latency: 0.36540417396463454
Latency: 0.37319060298614204
Latency: 0.3534835921600461
Latency: 0.3548578470945358
Latency: 0.3828249308280647
Latency: 0.35998792108148336
Latency: 0.36574044777080417
Latency: 0.3670650760177523
Latency: 0.36861630715429783
Latency: 0.36995020997710526
Latency: 0.3713844970334321
Latency: 0.3724381730426103
Latency: 0.3738609659485519
Latency: 0.381056637968868
Latency: 0.3812346609774977
Latency: 0.3827574241440743
Latency: 0.3841962949372828
Latency: 0.38562759291380644
Latency: 0.38702106894925237
Latency: 0.3884496099781245
Latency: 0.389933745842427
Latency: 0.39137231302447617
Latency: 0.39278804301284254
Latency: 0.3941680060233921
Latency: 0.395629792008549
Latency: 0.3970463899895549
Latency: 0.3981089701410383
Latency: 0.40547717083245516
Latency: 0.35482795001007617
Latency: 0.35601062700152397
Latency: 0.3314238691236824
Latency: 0.33277463004924357
Latency: 0.33411622513085604
Latency: 0.3355218500364572
Latency: 0.3421611001249403
Latency: 0.3419346318114549
Latency: 0.34884840506128967
Latency: 0.3495345648843795
Latency: 0.35550992004573345
Latency: 0.35652390704490244
Latency: 0.31017681397497654
Latency: 0.3114748059306294
Latency: 0.32462028693407774
Latency: 0.32602066500112414
Latency: 0.32747678994201124
Latency: 0.3059569629840553
Latency: 0.3455674808938056
Latency: 0.2838404690846801
Latency: 0.2851768219843507
Latency: 0.3478856210131198
Latency: 0.3490191758610308
Latency: 0.35040722507983446
Latency: 0.35120372218079865
Latency: 0.36123187909834087
Latency: 0.34257831308059394
Latency: 0.3437418481335044
Latency: 0.3451727298088372
Latency: 0.3465650149155408
Latency: 0.3479738561436534
Latency: 0.37114890990778804
Latency: 0.3725345921702683
Latency: 0.36406065919436514
Latency: 0.36536105000413954
Latency: 0.3667691901791841
Latency: 0.36801922507584095
Latency: 0.36945127486251295
Latency: 0.3708571079187095
Latency: 0.3719602208584547
Latency: 0.373346233041957
Latency: 0.37472125398926437
Latency: 0.36559365782886744
Latency: 0.36726897885091603
Latency: 0.3734071010258049
Latency: 0.3748632250353694
Latency: 0.376117330044508
Latency: 0.3781293989159167
Latency: 0.379554026061669
Latency: 0.3782427739351988
Latency: 0.37959692697040737
Latency: 0.38088543713092804
Latency: 0.3820098510477692
Latency: 0.3831016100011766
Latency: 0.3845004278700799
Latency: 0.3855573278851807
Latency: 0.38696059701032937
Latency: 0.3883947799913585
Latency: 0.3897626700345427
Latency: 0.3911732661072165
Latency: 0.39232434099540114
Latency: 0.39371024700812995
Latency: 0.40752937691286206
Latency: 0.40269011398777366
Latency: 0.4041052018292248
Latency: 0.40552009898237884
Latency: 0.39703986095264554
Latency: 0.3984417070169002
Latency: 0.3990720151923597
Latency: 0.40054422500543296
Latency: 0.40196420694701374
Latency: 0.4074515299871564
Latency: 0.3976279378402978
Latency: 0.39728826796635985
Latency: 0.38601203612051904
Latency: 0.3949101339094341
Latency: 0.3402989211026579
Latency: 0.3504865081049502
Latency: 0.33810183103196323
Latency: 0.33941110386513174
Latency: 0.3409109669737518
Latency: 0.355216849129647
Latency: 0.3574797590263188
Latency: 0.30708853085525334
Latency: 0.3084940279368311
Latency: 0.30327368318103254
Latency: 0.30459929700009525
Latency: 0.30600306182168424
Latency: 0.3071398609317839
Latency: 0.30144329904578626
Latency: 0.31511434190906584
Latency: 0.31659135106019676
Latency: 0.3179713930003345
Latency: 0.31931014894507825
Latency: 0.32057828013785183
Latency: 0.3222922501154244
Latency: 0.32374536991119385
Latency: 0.32517763902433217
Latency: 0.3257562459912151
Latency: 0.3271430900786072
Latency: 0.3285792339593172
Latency: 0.33000470604747534
Latency: 0.3371283959131688
Latency: 0.3343147768173367
Latency: 0.33569780294783413
Latency: 0.3432546998374164
Latency: 0.3447027001529932
Latency: 0.3462406122125685
Latency: 0.3473385840188712
Latency: 0.34877602593041956
Latency: 0.35020510107278824
Latency: 0.3461663699708879
Latency: 0.3475637729279697
Latency: 0.34903560392558575
Latency: 0.3504499269183725
Latency: 0.35187751799821854
Latency: 0.35327088204212487
Latency: 0.3546741669997573
Latency: 0.3560855519026518
Latency: 0.35751533205620944
Latency: 0.3589182069990784
Latency: 0.36062365397810936
Latency: 0.36207074020057917
Latency: 0.3634979121852666
Latency: 0.36496368888765574
Latency: 0.37845130218192935
Latency: 0.3679688510019332
Latency: 0.36933551798574626
Latency: 0.3706712950952351
Latency: 0.3719711310695857
Latency: 0.37234835303388536
Latency: 0.37949698604643345
Latency: 0.37295418698340654
Latency: 0.37778265005908906
Latency: 0.3791923220269382
Latency: 0.3606300330720842
Latency: 0.364553852006793
Latency: 0.36599332792684436
Latency: 0.3424523170106113
Latency: 0.3332774580921978
Latency: 0.33121715812012553
Latency: 0.31703059398569167
Latency: 0.2946199830621481
Latency: 0.3102524350397289
Latency: 0.3115671200212091
Latency: 0.3127664739731699
Latency: 0.327317601069808
Latency: 0.30518095614388585
Latency: 0.32931032590568066
Latency: 0.33067878894507885
Latency: 0.33364859921857715
Latency: 0.3351242470089346
Latency: 0.33649429585784674
Latency: 0.3378955298103392
Latency: 0.33286031801253557
Latency: 0.334242045879364
Latency: 0.3382123429328203
Latency: 0.33948223292827606
Latency: 0.3411173119675368
Latency: 0.3415225399658084
Latency: 0.34253168501891196
Latency: 0.3439665390178561
Latency: 0.34968770714476705
Latency: 0.35667767212726176
Latency: 0.35810075094923377
Latency: 0.35952745703980327
Latency: 0.35759632801637053
Latency: 0.35906402906402946
Latency: 0.3605095229577273
Latency: 0.3590676940511912
Latency: 0.36046571587212384
Latency: 0.3618348471354693
Latency: 0.3632355818990618
Latency: 0.36486403411254287
Latency: 0.36627645581029356
Latency: 0.36515650898218155
Latency: 0.3657865449786186
Latency: 0.3672121949493885
Latency: 0.3686481029726565
Latency: 0.3700524908490479
Latency: 0.37147952686063945
Latency: 0.37289810203947127
Latency: 0.3743480269331485
Latency: 0.37576854694634676
Latency: 0.38671020278707147
Latency: 0.3881712129805237
Latency: 0.3962810239754617
Latency: 0.39781717816367745
Latency: 0.3990336658898741
Latency: 0.3916636509820819
Latency: 0.3927371159661561
Latency: 0.3941524389665574
Latency: 0.3986430650111288
Latency: 0.40008456795476377
Latency: 0.4058414769824594
Latency: 0.4038994759321213
Latency: 0.4051787848584354
Latency: 0.4001820730045438
Latency: 0.4000935289077461
Latency: 0.40151151712052524
Latency: 0.4028878891840577
Latency: 0.4043436869978905
Latency: 0.39168768795207143
Latency: 0.39148930087685585
Latency: 0.37582618393935263
Latency: 0.377290221164003
Latency: 0.33632241003215313
Latency: 0.33774691983126104
Latency: 0.3390805178787559
Latency: 0.340489752124995
Latency: 0.32344754599034786
Latency: 0.28873963095247746
Latency: 0.27564478293061256
Latency: 0.3051315520424396
Latency: 0.29305546591058373
Latency: 0.29439632617868483
Latency: 0.30563363688997924
Latency: 0.31600001896731555
Latency: 0.3025813589338213
Latency: 0.30406647897325456
Latency: 0.3054931319784373
Latency: 0.30684694298543036
Latency: 0.30830138199962676
Latency: 0.30996485496871173
Latency: 0.31132116401568055
Latency: 0.31729474710300565
Latency: 0.3097539518494159
Latency: 0.3115650760009885
Latency: 0.3128867468331009
Latency: 0.3142772698774934
Latency: 0.3154014269821346
Latency: 0.316808297066018
Latency: 0.31824787613004446
Latency: 0.3192237929906696
Latency: 0.3206378861796111
Latency: 0.3220607640687376
Latency: 0.3237744078505784
Latency: 0.32526976498775184
Latency: 0.32612561783753335
Latency: 0.3276030858978629
Latency: 0.3289904061239213
Latency: 0.3304365680087358
Latency: 0.3318408310879022
Latency: 0.3327754409983754
Latency: 0.33419541199691594
Latency: 0.33561914088204503
Latency: 0.3370357700623572
Latency: 0.33842980582267046
Latency: 0.35140873910859227
Latency: 0.35281957290135324
Latency: 0.352967896964401
Latency: 0.354426414007321
Latency: 0.3558473570737988
Latency: 0.35728750098496675
Latency: 0.358730694046244
Latency: 0.36017806991003454
Latency: 0.3586063899565488
Latency: 0.36096510384231806
Latency: 0.3558834311552346
Latency: 0.3572735469788313
Latency: 0.3586485378909856
Latency: 0.3408489499706775
Latency: 0.34061147505417466
Latency: 0.3450324949808419
Latency: 0.3465397129766643
Latency: 0.3615772961638868
Latency: 0.30984955886378884
Latency: 0.32071271911263466
Latency: 0.29431458399631083
Latency: 0.2978042201139033
Latency: 0.2992549960035831
Latency: 0.30079619982279837
Latency: 0.30229181493632495
Latency: 0.3037556509952992
Latency: 0.3860083520412445
Latency: 0.34471381292678416
Latency: 0.3461282120551914
Latency: 0.34764613094739616
Latency: 0.3493023528717458
Latency: 0.3545697908848524
Latency: 0.3473544670268893
Latency: 0.3485632389783859
Latency: 0.349728001980111
Latency: 0.35213507199659944
Latency: 0.35357180796563625
Latency: 0.3543129051104188
Latency: 0.35578092793002725
Latency: 0.37786911707371473
Latency: 0.36785907414741814
Latency: 0.3647052152082324
Latency: 0.36717564705759287
Latency: 0.3641620201524347
Latency: 0.365448891883716
Latency: 0.36685969308018684
Latency: 0.36808686214499176
Latency: 0.36953619588166475
Latency: 0.3704020930454135
Latency: 0.3718016960192472
Latency: 0.37324860296212137
Latency: 0.37379107205197215
Latency: 0.3752135601826012
Latency: 0.3766204409766942
Latency: 0.3781256868969649
Latency: 0.3789852310437709
Latency: 0.38038702006451786
Latency: 0.3817953900434077
Latency: 0.3832474919036031
Latency: 0.38468405208550394
Latency: 0.3872704189270735
Latency: 0.3886663787998259
Latency: 0.3900689410511404
Latency: 0.40098641091026366
Latency: 0.4023939969483763
Latency: 0.4038160911295563
Latency: 0.405073048081249
Latency: 0.40646494599059224
Latency: 0.4079235680401325
Latency: 0.4092905630823225
Latency: 0.4107156880199909
Latency: 0.4072386990301311
Latency: 0.42952815699391067
Latency: 0.4141505230218172
Latency: 0.4153867850545794
Latency: 0.4150537410750985
Latency: 0.4158976241014898
Latency: 0.41671118699014187
Latency: 0.4227443770505488
Latency: 0.3956095948815346
Latency: 0.3969931269530207
Latency: 0.32393902097828686
Latency: 0.3910168909933418
Latency: 0.3916044910438359
Latency: 0.3147709059994668
Latency: 0.3161812999751419
Latency: 0.3176362921949476
Latency: 0.3190549809951335
Latency: 0.3204901609569788
Latency: 0.3219191459938884
Latency: 0.33174618799239397
Latency: 0.2907394159119576
Latency: 0.29225172591395676
Latency: 0.29015391203574836
Latency: 0.2914581149816513
Latency: 0.2912590689957142
Latency: 0.2937225690111518
Latency: 0.2951782480813563
Latency: 0.29659422603435814
Latency: 0.29802704113535583
Latency: 0.29949220013804734
Latency: 0.3008850908372551
Latency: 0.30231040995568037
Latency: 0.3037165841087699
Latency: 0.29651902290061116
Latency: 0.2978647630661726
Latency: 0.307551285950467
Latency: 0.3091094179544598
Latency: 0.31023763795383275
Latency: 0.31142556807026267
Latency: 0.31286595202982426
Latency: 0.3140883019659668
Latency: 0.315492246998474
Latency: 0.3169506851118058
Latency: 0.3183705899864435
Latency: 0.31980716180987656
Latency: 0.32453070185147226
Latency: 0.3259314929600805
Latency: 0.3273759630974382
Latency: 0.33236519200727344
Latency: 0.33380979183129966
Latency: 0.3352184370160103
Latency: 0.33671948895789683
Latency: 0.33812796301208436
Latency: 0.33959015691652894
Latency: 0.3409769849386066
Latency: 0.34240458393469453
Latency: 0.346959276124835
Latency: 0.34838727908208966
Latency: 0.34984205407090485
Latency: 0.3561942318920046
Latency: 0.35767681803554296
Latency: 0.3591165910474956
Latency: 0.36056387005373836
Latency: 0.3619823111221194
Latency: 0.36342675099149346
Latency: 0.37064353888854384
Latency: 0.3708913759328425
Latency: 0.31920864596031606
Latency: 0.3205483991187066
Latency: 0.33072690200060606
Latency: 0.3327672299928963
Latency: 0.33249208494089544
Latency: 0.33384522586129606
Latency: 0.35096619999967515
Latency: 0.3116490892134607
Latency: 0.31308967992663383
Latency: 0.33936674101278186
Latency: 0.3652390951756388
Latency: 0.36660013697110116
Latency: 0.36803397187031806
Latency: 0.3694184988271445
Latency: 0.3708139299415052
Latency: 0.3742338139563799
Latency: 0.374275878071785
Latency: 0.33863607118837535
Latency: 0.34550384199246764
Latency: 0.3314495119266212
Latency: 0.3328734028618783
Latency: 0.3342288760468364
Latency: 0.33571718097664416
Latency: 0.3370034589897841
Latency: 0.33845421695150435
Latency: 0.34098705695942044
Latency: 0.3424397059716284
Latency: 0.343681053025648
Latency: 0.34514273796230555
Latency: 0.3461608779616654
Latency: 0.3506228639744222
Latency: 0.35203225212171674
Latency: 0.3650210378691554
Latency: 0.3664482699241489
Latency: 0.36775290011428297
Latency: 0.369128730148077
Latency: 0.3721137880347669
Latency: 0.3736081870738417
Latency: 0.3743851981125772
Latency: 0.37583645107224584
Latency: 0.37727820314466953
Latency: 0.3832047008909285
Latency: 0.3865077761001885
Latency: 0.3879614030010998
Latency: 0.38940593297593296
Latency: 0.3793797460384667
Latency: 0.3807975179515779
Latency: 0.3821280461270362
Latency: 0.383756595896557
Latency: 0.3851129140239209
Latency: 0.3916138228960335
Latency: 0.39308268087916076
Latency: 0.39414522401057184
Latency: 0.4047676168847829
Latency: 0.4061785282101482
Latency: 0.40767498407512903
Latency: 0.3819303778000176
Latency: 0.38330746511928737
Latency: 0.3841403000988066
Latency: 0.38556050788611174
Latency: 0.3870098309125751
Latency: 0.3969051740132272
Latency: 0.3991549960337579
Latency: 0.39706930285319686
Latency: 0.39849454700015485
Latency: 0.3418206050992012
Latency: 0.32995619298890233
Latency: 0.3070273289922625
Latency: 0.3227059638593346
Latency: 0.3224346919450909
Latency: 0.31428078399039805
Latency: 0.33634810289368033
Latency: 0.33779948111623526
Latency: 0.3283158929552883
Latency: 0.3128235349431634
Latency: 0.3141333810053766
Latency: 0.31548207299783826
Latency: 0.3328572988975793
Latency: 0.334274749038741
Latency: 0.33686945401132107
Latency: 0.3474055149126798
Latency: 0.30162061704322696
Latency: 0.27504072105512023
Latency: 0.27624486293643713
Latency: 0.2777608970645815
Latency: 0.2784531582146883
Latency: 0.27985267993062735
Latency: 0.2807743512094021
Latency: 0.28334131301380694
Latency: 0.284794180188328
Latency: 0.2862659809179604
Latency: 0.2874007758218795
Latency: 0.3159631669986993
Latency: 0.3101833069231361
Latency: 0.31154765910468996
Latency: 0.31581624294631183
Latency: 0.3115142830647528
Latency: 0.31288205087184906
Latency: 0.3142827870324254
Latency: 0.3157229700591415
Latency: 0.3171692609321326
Latency: 0.3185981479473412
Latency: 0.32969344104640186
Latency: 0.330998718040064
Latency: 0.33968547312542796
Latency: 0.33696454390883446
Latency: 0.32797335810028017
Latency: 0.3294021289329976
Latency: 0.3307986131403595
Latency: 0.3321523889899254
Latency: 0.33351596910506487
Latency: 0.3349889679811895
Latency: 0.3365676139947027
Latency: 0.33798885298892856
Latency: 0.3394012509379536
Latency: 0.34082016884349287
Latency: 0.34145853901281953
Latency: 0.3371953498572111
Latency: 0.3425328677985817
Latency: 0.3551491170655936
Latency: 0.3550033220089972
Latency: 0.35656004305928946
Latency: 0.3579042667988688
Latency: 0.3593960509169847
Latency: 0.3607898859772831
Latency: 0.3463406728114933
Latency: 0.3516351478174329
Latency: 0.33827731292694807
Latency: 0.33476418000645936
Latency: 0.3360907440073788
Latency: 0.3523880580905825
Latency: 0.35359099810011685
Latency: 0.37660633912310004
Latency: 0.3781079601030797
Latency: 0.3795396180357784
Latency: 0.38314423710107803
Latency: 0.3845622749067843
Latency: 0.371988306986168
Latency: 0.3664686700794846
Latency: 0.3678746009245515
Latency: 0.36921461299061775
Latency: 0.36413939390331507
Latency: 0.36564629012718797
Latency: 0.3856792969163507
Latency: 0.38546664407476783
Latency: 0.34401626186445355
Latency: 0.33761399099603295
Latency: 0.33896903903223574
Latency: 0.3412467041052878
Latency: 0.34270318783819675
Latency: 0.34413516614586115
Latency: 0.3521834430284798
Latency: 0.3699875050224364
Latency: 0.37135343300178647
Latency: 0.372828135965392
Latency: 0.3743067260365933
Latency: 0.37575504719279706
Latency: 0.3618158479221165
Latency: 0.3632044929545373
Latency: 0.3580645590554923
Latency: 0.35946672898717225
Latency: 0.36115883104503155
Latency: 0.3626228207722306
Latency: 0.3714835059363395
Latency: 0.37323922384530306
Latency: 0.38047451595775783
Latency: 0.37986657908186316
Latency: 0.3813007138669491
Latency: 0.38066521915607154
Latency: 0.3821024571079761
Latency: 0.36897214502096176
Latency: 0.37681651092134416
Latency: 0.37792767211794853
Latency: 0.3791190648917109
Latency: 0.3846752110403031
Latency: 0.38616847596131265
Latency: 0.39034363999962807
Latency: 0.39178410405293107
Latency: 0.39319520094431937
Latency: 0.3942055660299957
Latency: 0.3956392118707299
Latency: 0.39707500813528895
Latency: 0.3956317170523107
Latency: 0.33646812196820974
Latency: 0.3377411509864032
Latency: 0.33909954503178596
Latency: 0.34054102119989693
Latency: 0.35566604300402105
Latency: 0.3571207341738045
Latency: 0.3543356580194086
Latency: 0.3453796941321343
Latency: 0.34086796594783664
Latency: 0.316434615990147
Latency: 0.3178513180464506
Latency: 0.3193031318951398
Latency: 0.325344555079937
Latency: 0.3223841458093375
Latency: 0.32385714491829276
Latency: 0.3253234338480979
Latency: 0.3196378229185939
Latency: 0.32103996095247567
Latency: 0.3225379770155996
Latency: 0.31554425903595984
Latency: 0.3169863380026072
Latency: 0.31839717412367463
Latency: 0.31686627585440874
Latency: 0.34805776877328753
Latency: 0.36298872204497457
Latency: 0.3290237120818347
Latency: 0.27617521886713803
Latency: 0.2770385220646858
Latency: 0.2784534350503236
Latency: 0.28083906997926533
Latency: 0.30544344102963805
Latency: 0.3069202520418912
Latency: 0.301197093911469
Latency: 0.29522660886868834
Latency: 0.2962813579943031
Latency: 0.2976810319814831
Latency: 0.29910290613770485
Latency: 0.300546107115224
Latency: 0.30168948299251497
Latency: 0.30925617297179997
Latency: 0.3107250810135156
Latency: 0.3315087149385363
Latency: 0.33123731310479343
Latency: 0.3309194468893111
Latency: 0.3223096779547632
Latency: 0.3226017889101058
Latency: 0.3116247549187392
Latency: 0.3129520141519606
Latency: 0.31349957012571394
Latency: 0.3417761130258441
Latency: 0.34325012494809926
Latency: 0.3890510250348598
Latency: 0.3819117259699851
Latency: 0.3833056138828397
Latency: 0.38465104112401605
Latency: 0.38402584311552346
Latency: 0.385139498161152
Latency: 0.38648367393761873
Latency: 0.38787431200034916
Latency: 0.38920851494185627
Latency: 0.39064603112637997
Latency: 0.3921103731263429
Latency: 0.3934970658738166
Latency: 0.3948061838746071
Latency: 0.3995628319680691
Latency: 0.4009872281458229
Latency: 0.40235298010520637
Latency: 0.4092951319180429
Latency: 0.4035644419491291
Latency: 0.4050585380755365
Latency: 0.39071271498687565
Latency: 0.36915651289746165
Latency: 0.3740938149858266
Latency: 0.3742278851568699
Latency: 0.38290985487401485
Latency: 0.3942965960595757
Latency: 0.3822648881468922
Latency: 0.34906598390080035
Latency: 0.3654256369918585
Latency: 0.3668952628504485
Latency: 0.35631130007095635
Latency: 0.36829266883432865
Latency: 0.3697141220327467
Latency: 0.36542963702231646
Latency: 0.36685019196011126
Latency: 0.36829252704046667
Latency: 0.36665812390856445
Latency: 0.3686408519279212
Latency: 0.39534128713421524
Latency: 0.37113085691817105
Latency: 0.30353524116799235
Latency: 0.30488720419816673
Latency: 0.3063043770380318
Latency: 0.3260649270378053
Latency: 0.2925435120705515
Latency: 0.29397387406788766
Latency: 0.29539206298068166
Latency: 0.2967528139706701
Latency: 0.29823791701346636
Latency: 0.29969084612093866
Latency: 0.3011155689600855
Latency: 0.3090138901025057
Latency: 0.31960661499761045
Latency: 0.3208655440248549
Latency: 0.3294866119977087
Latency: 0.31389104085974395
Latency: 0.3152061300352216
Latency: 0.3166309690568596
Latency: 0.3178648299071938
Latency: 0.31929560913704336
Latency: 0.3207320589572191
Latency: 0.33076526294462383
Latency: 0.32700464711524546
Latency: 0.33846878609620035
Latency: 0.33768301107920706
Latency: 0.3391272029839456
Latency: 0.3354627878870815
Latency: 0.3425121388863772
Latency: 0.3510120310820639
Latency: 0.334142099134624
Latency: 0.3354279038030654
Latency: 0.3368093289900571
Latency: 0.33824256993830204
Latency: 0.3396262770984322
Latency: 0.340853612171486
Latency: 0.34229346201755106
Latency: 0.34413396986201406
Latency: 0.3456409240607172
Latency: 0.34704478387720883
Latency: 0.34824725217185915
Latency: 0.34965559002012014
Latency: 0.35084799211472273
Latency: 0.35211212700232863
Latency: 0.3536205040290952
Latency: 0.3499157440382987
Latency: 0.35132118687033653
Latency: 0.335805871989578
Latency: 0.3400581569876522
Latency: 0.3391148049850017
Latency: 0.3426128861028701
Latency: 0.3440199850592762
Latency: 0.32231283793225884
Latency: 0.31052252906374633
Latency: 0.31187964882701635
Latency: 0.32050986285321414
Latency: 0.318717212183401
Latency: 0.3201786398421973
Latency: 0.31743759592063725
Latency: 0.3187660549301654
Latency: 0.3202194180339575
Latency: 0.32077200594358146
Latency: 0.3316506869159639
Latency: 0.32321784016676247
Latency: 0.31047438201494515
Latency: 0.3118420320097357
Latency: 0.31964613986201584
Latency: 0.3211185249965638
Latency: 0.34357513091526926
Latency: 0.3447759731207043
Latency: 0.34616585611365736
Latency: 0.347428856883198
Latency: 0.34878143086098135
Latency: 0.35017928085289896
Latency: 0.3584554740227759
Latency: 0.3598746629431844
Latency: 0.37214455590583384
Latency: 0.3597188249696046
Latency: 0.36100243497639894
Latency: 0.3622719089034945
Latency: 0.36371122510172427
Latency: 0.36491342703811824
Latency: 0.36831054487265646
Latency: 0.36939915805123746
Latency: 0.37946319696493447
Latency: 0.3809712149668485
Latency: 0.38321832311339676
Latency: 0.38459982397034764
Latency: 0.3859922541305423
Latency: 0.38616622192785144
Latency: 0.3876020349562168
Latency: 0.3804597361013293
Latency: 0.38109602802433074
Latency: 0.3669930419418961
Latency: 0.36825851490721107
Latency: 0.3713206930551678
Latency: 0.3727467868011445
Latency: 0.3741655021440238
Latency: 0.3756009489297867
Latency: 0.37702815094962716
Latency: 0.378469840856269
Latency: 0.379891918040812
Latency: 0.38174483994953334
Latency: 0.3828320491593331
Latency: 0.38421820383518934
Latency: 0.3856982830911875
Latency: 0.3838099769782275
Latency: 0.38515181094408035
Latency: 0.3909814360085875
Latency: 0.39993064501322806
Latency: 0.40138903982006013
Latency: 0.39873835700564086
Latency: 0.3858559778891504
Latency: 0.36944300192408264
Latency: 0.37989763310179114
Latency: 0.38128024199977517
Latency: 0.35105874203145504
Latency: 0.3545863591134548
Latency: 0.3559960687998682
Latency: 0.3667888091877103
Latency: 0.3680750518105924
Latency: 0.36957805906422436
Latency: 0.3612835118547082
Latency: 0.3627129530068487
Latency: 0.3641140789259225
Latency: 0.3653108838479966
Latency: 0.38913410203531384
Latency: 0.33258397900499403
Latency: 0.3145588089246303
Latency: 0.31608515209518373
Latency: 0.3187400458846241
Latency: 0.32017049100250006
Latency: 0.28795221680775285
Latency: 0.2892726920545101
Latency: 0.2905990208964795
Latency: 0.29202680801972747
Latency: 0.29331508092582226
Latency: 0.29473858908750117
Latency: 0.30874412087723613
Latency: 0.3101533278822899
Latency: 0.29853972396813333
Latency: 0.29977843980304897
Latency: 0.30094771296717227
Latency: 0.3019857050385326
Latency: 0.30342555209062994
Latency: 0.3045762830879539
Latency: 0.30601504794321954
Latency: 0.30684266705065966
Latency: 0.31808525999076664
Latency: 0.3299636871088296
Latency: 0.32810687902383506
Latency: 0.32962724403478205
Latency: 0.3310586919542402
Latency: 0.33247405500151217
Latency: 0.3339076379779726
Latency: 0.3353369659744203
Latency: 0.3370729919988662
Latency: 0.34403333999216557
Latency: 0.3437757829669863
Latency: 0.34493006207048893
Latency: 0.34627391188405454
Latency: 0.3477904100436717
Latency: 0.34925030800513923
Latency: 0.350524096051231
Latency: 0.3520034730900079
Latency: 0.35340742603875697
Latency: 0.35463153501041234
Latency: 0.3560740230605006
Latency: 0.3575492019299418
Latency: 0.3590131760574877
Latency: 0.36724230484105647
Latency: 0.3687346389051527
Latency: 0.35854749707505107
Latency: 0.36031526792794466
Latency: 0.3610303581226617
Latency: 0.3680473160929978
Latency: 0.3298912597820163
Latency: 0.3313057511113584
Latency: 0.3100782260298729
Latency: 0.32586904894560575
Latency: 0.3088435709942132
Latency: 0.3049285071901977
Latency: 0.30627484899014235
Latency: 0.3153413429390639
Latency: 0.3167595071718097
Latency: 0.326063001062721
Latency: 0.3189139461610466
Latency: 0.32024865318089724
Latency: 0.3218149191234261
Latency: 0.3165112128481269
Latency: 0.3376632840372622
Latency: 0.38200984592549503
Latency: 0.3514561150223017
Latency: 0.3617268910165876
Latency: 0.3579530210699886
Latency: 0.35865780618041754
Latency: 0.3600089948158711
Latency: 0.3615360530093312
Latency: 0.36296259006485343
Latency: 0.3644166858866811
Latency: 0.37933388189412653
Latency: 0.38080640719272196
Latency: 0.34614291205070913
Latency: 0.35172264208085835
Latency: 0.3533115959726274
Latency: 0.3547397470101714
Latency: 0.35617867088876665
Latency: 0.35763901099562645
Latency: 0.36226025386713445
Latency: 0.3636834928765893
Latency: 0.3650152520276606
Latency: 0.3793719990644604
Latency: 0.37616455112583935
Latency: 0.3751945130061358
Latency: 0.3766430588439107
Latency: 0.3780142229516059
Latency: 0.3813494530040771
Latency: 0.3827824629843235
Latency: 0.3840208479668945
Latency: 0.38704753387719393
Latency: 0.38952451501972973
Latency: 0.38920250791125
Latency: 0.39063707483001053
Latency: 0.39207793585956097
Latency: 0.39352451800368726
Latency: 0.3948968050535768
Latency: 0.3962986629921943
Latency: 0.39770782901905477
Latency: 0.3991052859928459
Latency: 0.40051931398920715
Latency: 0.4018729829695076
Latency: 0.4032964678481221
Latency: 0.4047625679522753
Latency: 0.40616924804635346
Latency: 0.40232712496072054
Latency: 0.4022534149698913
Latency: 0.4030998139642179
Latency: 0.3975802380591631
Latency: 0.3983469728846103
Latency: 0.3878043140284717
Latency: 0.35660542408004403
Latency: 0.35806633601896465
Latency: 0.34566651401109993
Latency: 0.3618738129734993
Latency: 0.3052220968529582
Latency: 0.3066542549058795
Latency: 0.3104222221300006
Latency: 0.31166021386161447
Latency: 0.31305187894031405
Latency: 0.3241315549239516
Latency: 0.2984629920683801
Latency: 0.32739908900111914
Latency: 0.3288796949200332
Latency: 0.33021752210333943
Latency: 0.33356153313070536
Latency: 0.3301510480232537
Latency: 0.30461223889142275
Latency: 0.29217546386644244
Latency: 0.2934146011248231
Latency: 0.29457531683146954
Latency: 0.2960795620456338
Latency: 0.2972429960500449
Latency: 0.29867551289498806
Latency: 0.2997808528598398
Latency: 0.30019320687279105
Latency: 0.31255434616468847
Latency: 0.3136061290279031
Latency: 0.310544301988557
Latency: 0.3119095719885081
Latency: 0.3133857441134751
Latency: 0.3147053031716496
Latency: 0.3161410440225154
Latency: 0.32519360608421266
Latency: 0.3266387789044529
Latency: 0.328067353926599
Latency: 0.32566752820275724
Latency: 0.3270633788779378
Latency: 0.3181515501346439
Latency: 0.31946726399473846
Latency: 0.32081505795940757
Latency: 0.3218966741114855
Latency: 0.33241941407322884
Latency: 0.33347872691228986
Latency: 0.3408904958050698
Latency: 0.34804756194353104
Latency: 0.33409867086447775
Latency: 0.34036821010522544
Latency: 0.34160268190316856
Latency: 0.34312929888255894
Latency: 0.3445414649322629
Latency: 0.34560950496234
Latency: 0.3470318499021232
Latency: 0.3525776448659599
Latency: 0.3539026549551636
Latency: 0.35682832496240735
Latency: 0.35834189713932574
Latency: 0.36380202509462833
Latency: 0.3663698087912053
Latency: 0.3432026968803257
Latency: 0.34460309590213
Latency: 0.350799011066556
Latency: 0.35214954195544124
Latency: 0.35352181387133896
Latency: 0.3453154268208891
Latency: 0.30997232208028436
Latency: 0.31141472491435707
Latency: 0.2927850049454719
Latency: 0.31956020812503994
Latency: 0.3209462428931147
Latency: 0.3224387150257826
Latency: 0.32387801399454474
Latency: 0.3253232778515667
Latency: 0.3267617339733988
Latency: 0.320514032850042
Latency: 0.3221759928856045
Latency: 0.3837586650624871
Latency: 0.3851204931270331
Latency: 0.38636075612157583
Latency: 0.4018377950415015
Latency: 0.36076719500124454
Latency: 0.36435255082324147
Latency: 0.3370835150126368
Latency: 0.33854116406291723
Latency: 0.33997637988068163
Latency: 0.34125256608240306
Latency: 0.342694491147995
Latency: 0.34412543708458543
Latency: 0.3456007980275899
Latency: 0.35219578607939184
Latency: 0.35570240300148726
Latency: 0.36138499109074473
Latency: 0.3627192219719291
Latency: 0.3640586140099913
Latency: 0.36546947504393756
Latency: 0.35977560514584184
Latency: 0.3610103200189769
Latency: 0.36246594903059304
Latency: 0.3638733758125454
Latency: 0.37133711692877114
Latency: 0.3727707511279732
Latency: 0.386578390840441
Latency: 0.3875386961735785
Latency: 0.3811428339686245
Latency: 0.3895583008415997
Latency: 0.3909889911301434
Latency: 0.3876487030647695
Latency: 0.3890303948428482
Latency: 0.38848097110167146
Latency: 0.3894111781846732
Latency: 0.390947180101648
Latency: 0.38725851895287633
Latency: 0.3886236469261348
Latency: 0.39545938884839416
Latency: 0.396891888929531
Latency: 0.39833058090880513
Latency: 0.404294139938429
Latency: 0.40576700004749
Latency: 0.40724140498787165
Latency: 0.39810881996527314
Latency: 0.39948112494312227
Latency: 0.400891822995618
Latency: 0.4023217069916427
Latency: 0.403633477864787
Latency: 0.40508581208996475
Latency: 0.40374378580600023
Latency: 0.40520996297709644
Latency: 0.4067210878711194
Latency: 0.39656570297665894
Latency: 0.32169463601894677
Latency: 0.3231243428308517
Latency: 0.3245778519194573
Latency: 0.2992134972009808
Latency: 0.30061309807933867
Latency: 0.3020974909886718
Latency: 0.3035315389279276
Latency: 0.3049733510706574
Latency: 0.3108159680850804
Latency: 0.3355912137776613
Latency: 0.33702508406713605
Latency: 0.31996968598105013
Latency: 0.3354793731123209
Latency: 0.3367166689131409
Latency: 0.337597246048972
Latency: 0.31459730002097785
Latency: 0.2914569319691509
Latency: 0.2929733970668167
Latency: 0.294194919988513
Latency: 0.2955714270938188
Latency: 0.29887961805798113
Latency: 0.3003929201513529
Latency: 0.3008137810975313
Latency: 0.3129472129512578
Latency: 0.31867137597873807
Latency: 0.2979280271101743
Latency: 0.29946236801333725
Latency: 0.31242586695589125
Latency: 0.30649840109981596
Latency: 0.30790373985655606
Latency: 0.30926125100813806
Latency: 0.31068777898326516
Latency: 0.31194037292152643
Latency: 0.3133738460019231
Latency: 0.3112178328447044
Latency: 0.3126105279661715
Latency: 0.31405089399777353
Latency: 0.31548287300392985
Latency: 0.31889171712100506
Latency: 0.3358174408785999
Latency: 0.3372814229223877
Latency: 0.3387064700946212
Latency: 0.34014207404106855
Latency: 0.34157695388421416
Latency: 0.342985199065879
Latency: 0.3444411871023476
Latency: 0.34588728100061417
Latency: 0.3472338351421058
Latency: 0.34861081605777144
Latency: 0.3500655619427562
Latency: 0.35152547690086067
Latency: 0.3542565410025418
Latency: 0.3557124831713736
Latency: 0.3571595649700612
Latency: 0.3418726429808885
Latency: 0.3433722530025989
Latency: 0.34476279513910413
Latency: 0.3462192299775779
Latency: 0.3476603589951992
Latency: 0.3490921729244292
Latency: 0.35464374208822846
Latency: 0.3544633248820901
Latency: 0.3544148039072752
Latency: 0.3039146959781647
Latency: 0.3089124020189047
Latency: 0.312402268871665
Latency: 0.3138403499033302
Latency: 0.3479426819831133
Latency: 0.36763289012014866
Latency: 0.3688190970569849
Latency: 0.37013145396485925
Latency: 0.37139394297264516
Latency: 0.3727205051109195
Latency: 0.36984693398699164
Latency: 0.37834544898942113
Latency: 0.37965564290061593
Latency: 0.3801147351041436
Latency: 0.3814170330297202
Latency: 0.38143856590613723
Latency: 0.3644944669213146
Latency: 0.342706142924726
Latency: 0.3442439290229231
Latency: 0.34561010799370706
Latency: 0.34702205983921885
Latency: 0.34841115796007216
Latency: 0.3528910509776324
Latency: 0.3542524839285761
Latency: 0.3480477489065379
Latency: 0.371805707924068
Latency: 0.37340616900473833
Latency: 0.3751033851876855
Latency: 0.3765865268651396
Latency: 0.37799386912956834
Latency: 0.37938825599849224
Latency: 0.3807563029695302
Latency: 0.38218621304258704
Latency: 0.3835920679848641
Latency: 0.38502807496115565
Latency: 0.3864996670745313
Latency: 0.38788409414701164
Latency: 0.38915589707903564
Latency: 0.39055211399681866
Latency: 0.3919706039596349
Latency: 0.37852274999022484
Latency: 0.37983063189312816
Latency: 0.38566700206138194
Latency: 0.3870256070513278
Latency: 0.3883876148611307
Latency: 0.38989597908221185
Latency: 0.3913557690102607
Latency: 0.39281730307266116
Latency: 0.394031364005059
Latency: 0.40116384299471974
Latency: 0.3995940249878913
Latency: 0.4010278310161084
Latency: 0.39394000987522304
Latency: 0.3953719569835812
Latency: 0.39681364712305367
Latency: 0.4026825230102986
Latency: 0.4040648478548974
Latency: 0.41216583899222314
Latency: 0.4136393121443689
Latency: 0.41502012219280005
Latency: 0.4153151591308415
Latency: 0.40274554095230997
Latency: 0.40935378801077604
Latency: 0.3196815571282059
Latency: 0.3484508600085974
Latency: 0.3111275830306113
Latency: 0.2904216779861599
Latency: 0.29193633794784546
Latency: 0.2907837820239365
Latency: 0.2922594309784472
Latency: 0.2935105711221695
Latency: 0.2949745920486748
Latency: 0.2964130809996277
Latency: 0.29771256702952087
Latency: 0.299199387896806
Latency: 0.31759145902469754
Latency: 0.3189278729259968
Latency: 0.33787897299043834
Latency: 0.33931006002239883
Latency: 0.30763239599764347
Latency: 0.2919473049696535
Latency: 0.27471794188022614
Latency: 0.27593106706626713
Latency: 0.277158330893144
Latency: 0.27862381911836565
Latency: 0.2798823791090399
Latency: 0.2813333962112665
Latency: 0.30707228602841496
Latency: 0.32336865505203605
Latency: 0.30873663793317974
Latency: 0.3055304270237684
Latency: 0.3072084588930011
Latency: 0.3087023990228772
Latency: 0.31006442988291383
Latency: 0.31157777504995465
Latency: 0.3127147750928998
Latency: 0.3141618671361357
Latency: 0.3156178400386125
Latency: 0.3170966699253768
Latency: 0.3179013039916754
Latency: 0.31932801194489
Latency: 0.32075300300493836
Latency: 0.3222006249707192
Latency: 0.32363073504529893
Latency: 0.32504303590394557
Latency: 0.32652849494479597
Latency: 0.323929128004238
Latency: 0.32533202902413905
Latency: 0.3249805069062859
Latency: 0.3260492018889636
Latency: 0.3274550810456276
Latency: 0.329093050211668
Latency: 0.3305435760412365
Latency: 0.34145227493718266
Latency: 0.3429203361738473
Latency: 0.3443789479788393
Latency: 0.3460846471134573
Latency: 0.3565398140344769
Latency: 0.3579745020251721
Latency: 0.3560353659559041
Latency: 0.3574637540150434
Latency: 0.3513621829915792
Latency: 0.3528537948150188
Latency: 0.35429017688147724
Latency: 0.3601100991945714
Latency: 0.36219275183975697
Latency: 0.393484964966774
Latency: 0.3948690639808774
Latency: 0.37581451097503304
Latency: 0.3638561018742621
Latency: 0.37265234207734466
Latency: 0.37412727111950517
Latency: 0.358795294072479
Latency: 0.36696246615611017
Latency: 0.3684818968176842
Latency: 0.3699108040891588
Latency: 0.37121328990906477
Latency: 0.3726478989701718
Latency: 0.3741607458796352
Latency: 0.3723671908956021
Latency: 0.37380418996326625
Latency: 0.39158687787130475
Latency: 0.39516571699641645
Latency: 0.39175633108243346
Latency: 0.3769808909855783
Latency: 0.34236656781286
Latency: 0.3438284150324762
Latency: 0.34525784105062485
Latency: 0.34667763905599713
Latency: 0.3481627148576081
Latency: 0.34953472786583006
Latency: 0.36136600701138377
Latency: 0.359618574148044
Latency: 0.36106281797401607
Latency: 0.29638616903685033
Latency: 0.30441145203076303
Latency: 0.3058297629468143
Latency: 0.30727868410758674
Latency: 0.30869925301522017
Latency: 0.3100358990486711
Latency: 0.3115020669065416
Latency: 0.31292925914749503
Latency: 0.31434535910375416
Latency: 0.31578731210902333
Latency: 0.31723599694669247
Latency: 0.31839306908659637
Latency: 0.3256112870294601
Latency: 0.3189533958211541
Latency: 0.32040670700371265
Latency: 0.32184397405944765
Latency: 0.3232394549995661
Latency: 0.324672939023003
Latency: 0.3260941649787128
Latency: 0.3275386698078364
Latency: 0.32897473499178886
Latency: 0.3304096139036119
Latency: 0.3318265429697931
Latency: 0.33288862416520715
Latency: 0.3345502659212798
Latency: 0.3360382500104606
Latency: 0.33747712802141905
Latency: 0.3399550961330533
Latency: 0.34168480383232236
Latency: 0.34774111304432154
Latency: 0.34921672102063894
Latency: 0.34808014379814267
Latency: 0.3494731930550188
Latency: 0.3508887419011444
Latency: 0.35955942096188664
Latency: 0.3476404289249331
Latency: 0.35603020805865526
Latency: 0.35749648488126695
Latency: 0.31641544098965824
Latency: 0.3162294179201126
Latency: 0.30617688107304275
Latency: 0.323615999892354
Latency: 0.3074360459577292
Latency: 0.30834403703920543
Latency: 0.30987550993449986
Latency: 0.31130191194824874
Latency: 0.3127306359820068
Latency: 0.31418248708359897
Latency: 0.31564707215875387
Latency: 0.3170319639611989
Latency: 0.3185036079958081
Latency: 0.3136159630957991
Latency: 0.31506777508184314
Latency: 0.34566980600357056
Latency: 0.3419308220036328
Latency: 0.2873795530758798
Latency: 0.28857425902970135
Latency: 0.29003204801119864
Latency: 0.29144549695774913
Latency: 0.30344408191740513
Latency: 0.3049132789019495
Latency: 0.35424448107369244
Latency: 0.3554225889965892
Latency: 0.35046091210097075
Latency: 0.35161199793219566
Latency: 0.35096268984489143
Latency: 0.3521170159801841
Latency: 0.3534457709174603
Latency: 0.3548375240061432
Latency: 0.36366057698614895
Latency: 0.36513181403279305
Latency: 0.36654579592868686
Latency: 0.3679428589530289
Latency: 0.3691078210249543
Latency: 0.37050053593702614
Latency: 0.3719380758702755
Latency: 0.37391139194369316
Latency: 0.3753098379820585
Latency: 0.37671822402626276
Latency: 0.3780920428689569
Latency: 0.37948519201017916
Latency: 0.38088786182925105
Latency: 0.3821491189301014
Latency: 0.3835529850330204
Latency: 0.38498241920024157
Latency: 0.38638306711800396
Latency: 0.3878515479154885
Latency: 0.3892870768904686
Latency: 0.3907090309076011
Latency: 0.3921730120200664
Latency: 0.3935714678373188
Latency: 0.39822357217781246
Latency: 0.3996709680650383
Latency: 0.39662484801374376
Latency: 0.40190044697374105
Latency: 0.4033038099296391
Latency: 0.40484902006573975
Latency: 0.4062907840125263
Latency: 0.4079520320519805
Latency: 0.40945863514207304
Latency: 0.4107049899175763
Latency: 0.39996975986287
Latency: 0.38010111008770764
Latency: 0.38060646899975836
Latency: 0.36412295792251825
Latency: 0.37497852905653417
Latency: 0.344766914146021
Latency: 0.3463009090628475
Latency: 0.34769217600114644
Latency: 0.3479404430836439
Latency: 0.3728133291006088
Latency: 0.3742894458118826
Latency: 0.3757122380193323
Latency: 0.3767566420137882
Latency: 0.38979656295850873
Latency: 0.38516888301819563
Latency: 0.3866340760141611
Latency: 0.385658125160262
Latency: 0.39420840283855796
Latency: 0.27710847719572484
Latency: 0.3000655579380691
Latency: 0.30253365682438016
Latency: 0.30334423179738224
Latency: 0.3122863960452378
Latency: 0.31355754495598376
Latency: 0.30278541008010507
Latency: 0.3041236128192395
Latency: 0.30343996081501245
Latency: 0.3047694209963083
Latency: 0.30617789807729423
Latency: 0.30739221000112593
Latency: 0.30877583706751466
Latency: 0.310184177942574
Latency: 0.316162277944386
Latency: 0.3176031708717346
Latency: 0.3190780249424279
Latency: 0.3204659381881356
Latency: 0.32192717608995736
Latency: 0.323354089865461
Latency: 0.32480140402913094
Latency: 0.3260620532091707
Latency: 0.32745571713894606
Latency: 0.3288688068278134
Latency: 0.33036338398233056
Latency: 0.33175867213867605
Latency: 0.33319775690324605
Latency: 0.3346253240015358
Latency: 0.3360552729573101
Latency: 0.3374918440822512
Latency: 0.3389222079422325
Latency: 0.3403477161191404
Latency: 0.341746895108372
Latency: 0.34319959115237
Latency: 0.3446101772133261
Latency: 0.34608051110990345
Latency: 0.3427885810378939
Latency: 0.3442214319948107
Latency: 0.3456270410679281
Latency: 0.34106316696852446
Latency: 0.34947246802039444
Latency: 0.3508916951250285
Latency: 0.35234846198000014
Latency: 0.3485967661254108
Latency: 0.3498756701592356
Latency: 0.3639481069985777
Latency: 0.3654187940992415
Latency: 0.30533199687488377
Latency: 0.3209857880137861
Latency: 0.3233480020426214
Latency: 0.28913128608837724
Latency: 0.3244008820038289
Latency: 0.32585210306569934
Latency: 0.32724574906751513
Latency: 0.328691114904359
Latency: 0.3288043949287385
Latency: 0.3302634400315583
Latency: 0.3317044770810753
Latency: 0.3331325980834663
Latency: 0.32471332303248346
Latency: 0.32613939116708934
Latency: 0.3275721420068294
Latency: 0.33378913602791727
Latency: 0.3516314630396664
Latency: 0.3388811429031193
Latency: 0.35093378205783665
Latency: 0.35219567781314254
Latency: 0.3536529219709337
Latency: 0.34376930608414114
Latency: 0.3538015019148588
Latency: 0.33627570094540715
Latency: 0.3376518290024251
Latency: 0.3440981151070446
Latency: 0.3455508800689131
Latency: 0.3470132800284773
Latency: 0.34838563296943903
Latency: 0.3498274988960475
Latency: 0.35126863699406385
Latency: 0.3489210600964725
Latency: 0.3643985600210726
Latency: 0.36580863408744335
Latency: 0.3670824400614947
Latency: 0.3688515869434923
Latency: 0.37028794293291867
Latency: 0.3717414219863713
Latency: 0.3690356051083654
Latency: 0.37034020596183836
Latency: 0.37170108896680176
Latency: 0.37968180095776916
Latency: 0.3811341121327132
Latency: 0.3825242309831083
Latency: 0.38402559817768633
Latency: 0.3854778769891709
Latency: 0.3859794889576733
Latency: 0.3873644520062953
Latency: 0.3887682219501585
Latency: 0.3901974461041391
Latency: 0.39164108713157475
Latency: 0.39307344518601894
Latency: 0.39763867598958313
Latency: 0.39904936496168375
Latency: 0.40046770009212196
Latency: 0.4019172939006239
Latency: 0.40336119406856596
Latency: 0.4016282418742776
Latency: 0.407812274992466
Latency: 0.4092554389499128
Latency: 0.40773892402648926
Latency: 0.4151476330589503
Latency: 0.40514238411560655
Latency: 0.41201394191011786
Latency: 0.40707252197898924
Latency: 0.35348823689855635
Latency: 0.36180346412584186
Latency: 0.3444282750133425
Latency: 0.3612386251334101
Latency: 0.362624344881624
Latency: 0.36407840601168573
Latency: 0.36540449201129377
Latency: 0.36692818184383214
Latency: 0.3683895089197904
Latency: 0.3717175058554858
Latency: 0.3731413099449128
Latency: 0.3748872368596494
Latency: 0.38676839508116245
Latency: 0.3882684560958296
Latency: 0.34290070878341794
Latency: 0.33865153207443655
Latency: 0.3240817680489272
Latency: 0.2832546781282872
Latency: 0.29299238906241953
Latency: 0.3072066609747708
Latency: 0.3086538929492235
Latency: 0.30120935197919607
Latency: 0.293407476041466
Latency: 0.29484167182818055
Latency: 0.30299978191033006
Latency: 0.3042664690874517
Latency: 0.30580911110155284
Latency: 0.3072370239533484
Latency: 0.3086885060183704
Latency: 0.31014843098819256
Latency: 0.3115771559532732
Latency: 0.3089847471565008
Latency: 0.31560640106908977
Latency: 0.3170390650629997
Latency: 0.31849130894988775
Latency: 0.31990231899544597
Latency: 0.33187993592582643
Latency: 0.33337379107251763
Latency: 0.3347587431780994
Latency: 0.3361892879474908
Latency: 0.33451433992013335
Latency: 0.33593675890006125
Latency: 0.33741461602039635
Latency: 0.3387605049647391
Latency: 0.34025737596675754
Latency: 0.3417159339878708
Latency: 0.34345029294490814
Latency: 0.3449216769076884
Latency: 0.34633863903582096
Latency: 0.3477963129989803
Latency: 0.3492864079307765
Latency: 0.34784684097394347
Latency: 0.34926158585585654
Latency: 0.35614042612724006
Latency: 0.3575730270240456
Latency: 0.36473979405127466
Latency: 0.3573465330991894
Latency: 0.352290784008801
Latency: 0.35474099195562303
Latency: 0.382695356849581
Latency: 0.37560701719485223
Latency: 0.35262678004801273
Latency: 0.32146489806473255
Latency: 0.3230236149393022
Latency: 0.32434152299538255
