Latency: 0.04187615285627544
Latency: 0.040231060003861785
Latency: 0.041845039930194616
Latency: 0.039985372917726636
Latency: 0.03772911592386663
Latency: 0.03861197200603783
Latency: 0.03653392195701599
Latency: 0.037467811023816466
Latency: 0.03858007583767176
Latency: 0.039838257944211364
Latency: 0.03987936116755009
Latency: 0.04626169195398688
Latency: 0.0373466769233346
Latency: 0.06277797115035355
Latency: 0.03717931522987783
Latency: 0.03895371197722852
Latency: 0.03888640413060784
Latency: 0.04248217795975506
Latency: 0.060633454006165266
Latency: 0.04555667005479336
Latency: 0.03986810194328427
Latency: 0.0369190420024097
Latency: 0.03520951303653419
Latency: 0.035888531943783164
Latency: 0.03683116612955928
Latency: 0.05628342600539327
Latency: 0.04656651406548917
Latency: 0.035175039898604155
Latency: 0.04175606486387551
Latency: 0.04160934896208346
Latency: 0.038148843916133046
Latency: 0.03209900902584195
Latency: 0.033136208076030016
Latency: 0.07066119299270213
Latency: 0.03664169111289084
Latency: 0.03444620291702449
Latency: 0.03856013901531696
Latency: 0.04547756491228938
Latency: 0.039224331034347415
Latency: 0.03790793102234602
Latency: 0.04141484992578626
Latency: 0.03850978799164295
Latency: 0.04198278090916574
Latency: 0.04116740101017058
Latency: 0.040335065918043256
Latency: 0.03896117792464793
Latency: 0.04110017092898488
Latency: 0.039802598068490624
Latency: 0.050858426140621305
Latency: 0.04091935092583299
Latency: 0.038926105946302414
Latency: 0.03867658809758723
Latency: 0.03858180600218475
Latency: 0.06768180802464485
Latency: 0.0381176620721817
Latency: 0.03647410008125007
Latency: 0.042553425999358296
Latency: 0.035424768924713135
Latency: 0.04000572091899812
Latency: 0.037614631932228804
Latency: 0.03975215903483331
Latency: 0.037759496131911874
Latency: 0.03511841990984976
Latency: 0.03974853013642132
Latency: 0.04058440285734832
Latency: 0.03900417895056307
Latency: 0.03809025697410107
Latency: 0.03951304592192173
Latency: 0.04031765600666404
Latency: 0.038966056890785694
Latency: 0.03880835906602442
Latency: 0.03835091693326831
Latency: 0.039209622191265225
Latency: 0.037017491878941655
Latency: 0.041741980938240886
Latency: 0.04001384414732456
Latency: 0.04239729978144169
Latency: 0.03770500794053078
Latency: 0.03525561606511474
Latency: 0.03749265894293785
Latency: 0.03687614807859063
Latency: 0.04014080506749451
Latency: 0.03853488597087562
Latency: 0.03885872196406126
Latency: 0.0415092590264976
Latency: 0.0416231038980186
Latency: 0.04070342006161809
Latency: 0.04309818404726684
Latency: 0.04188744304701686
Latency: 0.039516658056527376
Latency: 0.04301956691779196
Latency: 0.03832760010845959
Latency: 0.08466231287457049
Latency: 0.03947414504364133
Latency: 0.039631278021261096
Latency: 0.04035092098638415
Latency: 0.04046208690851927
Latency: 0.03562711807899177
Latency: 0.03917146613821387
Latency: 0.03924287389963865
Latency: 0.038914922159165144
Latency: 0.040237885899841785
Latency: 0.0389904179610312
Latency: 0.03757387096993625
Latency: 0.038676331052556634
Latency: 0.04043025500141084
Latency: 0.03751271008513868
Latency: 0.039273673901334405
Latency: 0.03854614798910916
Latency: 0.038311297073960304
Latency: 0.03892030008137226
Latency: 0.03821831988170743
Latency: 0.07422145805321634
Latency: 0.03601028909906745
Latency: 0.038603530963882804
Latency: 0.03710122709162533
Latency: 0.03942772001028061
Latency: 0.04077049298211932
Latency: 0.04073499096557498
Latency: 0.040966608794406056
Latency: 0.04152050707489252
Latency: 0.03995461412705481
Latency: 0.03707242803648114
Latency: 0.03777026594616473
Latency: 0.039903923869132996
Latency: 0.041529125068336725
Latency: 0.03591133584268391
Latency: 0.035307717975229025
Latency: 0.039356134831905365
Latency: 0.039007324958220124
Latency: 0.03780372394248843
Latency: 0.03762394282966852
Latency: 0.03855304978787899
Latency: 0.03810509596951306
Latency: 0.04029765189625323
Latency: 0.038357164012268186
Latency: 0.03948167595081031
Latency: 0.03757502697408199
Latency: 0.03818673710338771
Latency: 0.0404107931535691
Latency: 0.03573133680038154
Latency: 0.04102372191846371
Latency: 0.03771219588816166
Latency: 0.041093708015978336
Latency: 0.03804778098128736
Latency: 0.038489511935040355
Latency: 0.03966168500483036
Latency: 0.04064560495316982
Latency: 0.039298385847359896
Latency: 0.03884406806901097
Latency: 0.03881411696784198
Latency: 0.03826698288321495
Latency: 0.03754419111646712
Latency: 0.0393893311265856
Latency: 0.03895798698067665
Latency: 0.03650606609880924
Latency: 0.039946535136550665
Latency: 0.038896727841347456
Latency: 0.03919323091395199
Latency: 0.038048054091632366
Latency: 0.03850332088768482
Latency: 0.036327731097117066
Latency: 0.03645838890224695
Latency: 0.04141500685364008
Latency: 0.04073030594736338
Latency: 0.0443641459569335
Latency: 0.03873943700455129
Latency: 0.04296465707011521
Latency: 0.03859263192862272
Latency: 0.03839672799222171
Latency: 0.039583683013916016
Latency: 0.037515985080972314
Latency: 0.036420019110664725
Latency: 0.08210505382157862
Latency: 0.041696560801938176
Latency: 0.040279308101162314
Latency: 0.044286897871643305
Latency: 0.04179767984896898
Latency: 0.03930146084167063
Latency: 0.03881319216452539
Latency: 0.040929273003712296
Latency: 0.03810710203833878
Latency: 0.038543331902474165
Latency: 0.04117388091981411
Latency: 0.04131310619413853
Latency: 0.04200249211862683
Latency: 0.03659873502328992
Latency: 0.038935143034905195
Latency: 0.04176179110072553
Latency: 0.0427383950445801
Latency: 0.04156554210931063
Latency: 0.043509514071047306
Latency: 0.04109017690643668
Latency: 0.07897171191871166
Latency: 0.041988953948020935
Latency: 0.04252973408438265
Latency: 0.0422467440366745
Latency: 0.044476211071014404
Latency: 0.040188851999118924
Latency: 0.04486325313337147
Latency: 0.03982600918971002
Latency: 0.04037250718101859
Latency: 0.04322792193852365
Latency: 0.040015025064349174
Latency: 0.03995336010120809
Latency: 0.04969367990270257
Latency: 0.043713964987546206
Latency: 0.041172689059749246
Latency: 0.039721742970868945
Latency: 0.03781086392700672
Latency: 0.040760118048638105
Latency: 0.03866047691553831
Latency: 0.07838796591386199
Latency: 0.03695269604213536
Latency: 0.04123153490945697
Latency: 0.03788503096438944
Latency: 0.04388318210840225
Latency: 0.04414861393161118
Latency: 0.041615852853283286
Latency: 0.04035705514252186
Latency: 0.03813538304530084
Latency: 0.03923044796101749
Latency: 0.04067352111451328
Latency: 0.041079501854255795
Latency: 0.04254453186877072
Latency: 0.03989131608977914
Latency: 0.03950104210525751
Latency: 0.039458647137507796
Latency: 0.04322808398865163
Latency: 0.04529681708663702
Latency: 0.045518317027017474
Latency: 0.0399981380905956
Latency: 0.08028701483272016
Latency: 0.039272547932341695
Latency: 0.039110535057261586
Latency: 0.040387880988419056
Latency: 0.042308656964451075
Latency: 0.04025776288472116
Latency: 0.039409091928973794
Latency: 0.04046591301448643
Latency: 0.04157773102633655
Latency: 0.04025632096454501
Latency: 0.04173627682030201
Latency: 0.04148269887082279
Latency: 0.04334452608600259
Latency: 0.04139698506332934
Latency: 0.040242896880954504
Latency: 0.0403979429975152
Latency: 0.036434035981073976
Latency: 0.04385754908435047
Latency: 0.03870550403371453
Latency: 0.04021102306433022
Latency: 0.03648858703672886
Latency: 0.042335678823292255
Latency: 0.039618870010599494
Latency: 0.040513331070542336
Latency: 0.041585037019103765
Latency: 0.037747954949736595
Latency: 0.04327439493499696
Latency: 0.03935416997410357
Latency: 0.04176218714565039
Latency: 0.03784992313012481
Latency: 0.03934344998560846
Latency: 0.03657105681486428
Latency: 0.042072443990036845
Latency: 0.0396689020562917
Latency: 0.04083022498525679
Latency: 0.039100490976125
Latency: 0.040044735884293914
Latency: 0.04050610796548426
Latency: 0.041229825001209974
Latency: 0.0390931679867208
Latency: 0.03821580298244953
Latency: 0.040069126058369875
Latency: 0.03994018607772887
Latency: 0.03984621097333729
Latency: 0.040523114847019315
Latency: 0.0401115738786757
Latency: 0.03976540407165885
Latency: 0.0325903189368546
Latency: 0.03905080701224506
Latency: 0.03967686393298209
Latency: 0.043252929113805294
Latency: 0.0437198830768466
Latency: 0.03875519800931215
Latency: 0.041066464968025684
Latency: 0.04366631992161274
Latency: 0.04127246211282909
Latency: 0.04132631607353687
Latency: 0.04204205982387066
Latency: 0.038034218130633235
Latency: 0.035130264004692435
Latency: 0.08190814894624054
Latency: 0.0387166989967227
Latency: 0.04245833586901426
Latency: 0.041064155055209994
Latency: 0.04021049803122878
Latency: 0.03965514386072755
Latency: 0.0396874260623008
Latency: 0.04092336306348443
Latency: 0.03741011000238359
Latency: 0.03628509305417538
Latency: 0.040115753188729286
Latency: 0.03944127005524933
Latency: 0.042121166130527854
Latency: 0.042799320071935654
Latency: 0.04088293085806072
Latency: 0.04029122996143997
Latency: 0.0412533120252192
Latency: 0.04046341497451067
Latency: 0.042592182056978345
Latency: 0.042358644073829055
Latency: 0.03942444594576955
Latency: 0.03751385607756674
Latency: 0.04133589914999902
Latency: 0.03954109107144177
Latency: 0.04077698290348053
Latency: 0.038482645992189646
Latency: 0.03910996299237013
Latency: 0.03428880195133388
Latency: 0.04104356397874653
Latency: 0.037350814091041684
Latency: 0.03945002402178943
Latency: 0.04006486386060715
Latency: 0.042677082819864154
Latency: 0.04047983721829951
Latency: 0.036696063820272684
Latency: 0.03835152694955468
Latency: 0.04068577382713556
Latency: 0.04232441494241357
Latency: 0.04319305811077356
Latency: 0.03938893508166075
Latency: 0.03551576589234173
Latency: 0.0417400358710438
Latency: 0.042896084021776915
Latency: 0.042596513871103525
Latency: 0.036321962950751185
Latency: 0.03966208011843264
Latency: 0.039048853097483516
Latency: 0.03899208293296397
Latency: 0.0419463359285146
Latency: 0.04043506388552487
Latency: 0.04424704401753843
Latency: 0.03640879108570516
Latency: 0.04302013199776411
Latency: 0.0391317920293659
Latency: 0.03983527305535972
Latency: 0.03609955217689276
Latency: 0.04198911297135055
Latency: 0.042029595002532005
Latency: 0.040703955106437206
Latency: 0.042045659152790904
Latency: 0.10080865886993706
Latency: 0.03773248917423189
Latency: 0.042237307876348495
Latency: 0.043755380902439356
Latency: 0.03949606395326555
Latency: 0.039217754965648055
Latency: 0.04138070996850729
Latency: 0.041477859020233154
Latency: 0.04014013288542628
Latency: 0.04212983907200396
Latency: 0.043882848927751184
Latency: 0.039565394166857004
Latency: 0.03863599500618875
Latency: 0.042020946042612195
Latency: 0.04170962097123265
Latency: 0.041310123866423965
Latency: 0.04017554479651153
Latency: 0.041885215090587735
Latency: 0.03941530594602227
Latency: 0.08969065686687827
Latency: 0.0372237479314208
Latency: 0.04010147997178137
Latency: 0.03945264499634504
Latency: 0.027178236050531268
Latency: 0.011784168891608715
Latency: 0.004259267123416066
Latency: 0.0044706889893859625
Latency: 0.003880592994391918
Latency: 0.003815005999058485
Latency: 0.004217690089717507
Latency: 0.003847511950880289
Latency: 0.008900427026674151
Latency: 0.004239110974594951
Latency: 0.003903432050719857
Latency: 0.004556450992822647
Latency: 0.005024234065786004
Latency: 0.003951728111132979
Latency: 0.004230953985825181
Latency: 0.0038703090976923704
Latency: 0.003874771064147353
Latency: 0.004248635144904256
Latency: 0.00393651588819921
Latency: 0.003999743843451142
Latency: 0.0043675219640135765
Latency: 0.004004639107733965
Latency: 0.004166232887655497
Latency: 0.004289550008252263
Latency: 0.005373089807108045
Latency: 0.004107315093278885
Latency: 0.004386009881272912
Latency: 0.0038926179986447096
Latency: 0.0038052459713071585
Latency: 0.004186850972473621
Latency: 0.004893315955996513
Latency: 0.004089494934305549
Latency: 0.004314156016334891
Latency: 0.003858498064801097
Latency: 0.0038621670100837946
Latency: 0.00419820100069046
Latency: 0.003852393012493849
Latency: 0.003879095893353224
Latency: 0.005572873167693615
Latency: 0.0037899038288742304
Latency: 0.0038009770214557648
Latency: 0.004064752021804452
Latency: 0.003803290193900466
Latency: 0.0038261068984866142
Latency: 0.0040772471111267805
Latency: 0.003780683968216181
Latency: 0.0037910230457782745
Latency: 0.003859170014038682
Latency: 0.0037841880694031715
Latency: 0.0038113282062113285
Latency: 0.003951314138248563
Latency: 0.003855464980006218
Latency: 0.0037680307868868113
Latency: 0.003819884965196252
Latency: 0.0038916689809411764
Latency: 0.003744882997125387
Latency: 0.004015641985461116
Latency: 0.0037692650221288204
Latency: 0.0037806800100952387
Latency: 0.005690055899322033
Latency: 0.004218901041895151
Latency: 0.004735808819532394
Latency: 0.004049633163958788
Latency: 0.0038520738016813993
Latency: 0.003814124967902899
Latency: 0.0041531000752002
Latency: 0.0037517191376537085
Latency: 0.005097640911117196
Latency: 0.004771857056766748
Latency: 0.0039022730197757483
Latency: 0.003962497925385833
Latency: 0.004114912124350667
Latency: 0.003776140045374632
Latency: 0.0037670289166271687
Latency: 0.005131850019097328
Latency: 0.003790773916989565
Latency: 0.003837878117337823
Latency: 0.0079807098954916
Latency: 0.003998378990218043
Latency: 0.004163558827713132
Latency: 0.004189876141026616
Latency: 0.003856860799714923
Latency: 0.003870624117553234
Latency: 0.004447360057383776
Latency: 0.003970646997913718
Latency: 0.00413661589846015
Latency: 0.007721343077719212
Latency: 0.009119112975895405
Latency: 0.004715112969279289
Latency: 0.0051515609957277775
Latency: 0.004073149990290403
Latency: 0.003947824938222766
Latency: 0.004370243987068534
Latency: 0.004299988970160484
Latency: 0.003952855011448264
Latency: 0.004033972043544054
Latency: 0.0038300121668726206
Latency: 0.0038383840583264828
Latency: 0.0041715530678629875
Latency: 0.003817215096205473
Latency: 0.0037656291387975216
Latency: 0.0040556699968874454
Latency: 0.0038907350972294807
Latency: 0.003791254945099354
Latency: 0.00393171701580286
Latency: 0.0037524669896811247
Latency: 0.0037424471229314804
Latency: 0.004063570871949196
Latency: 0.0037643739487975836
Latency: 0.003769586095586419
Latency: 0.003917006077244878
Latency: 0.003835011040791869
Latency: 0.004154562950134277
Latency: 0.0037787791807204485
Latency: 0.0037601268850266933
Latency: 0.004096320830285549
Latency: 0.0037738101091235876
Latency: 0.0037554241716861725
Latency: 0.0041657378897070885
Latency: 0.0037737952079623938
Latency: 0.0037345378659665585
Latency: 0.004066067980602384
Latency: 0.0037755961529910564
Latency: 0.003746800124645233
Latency: 0.004077752120792866
Latency: 0.0037618998903781176
Latency: 0.0037614270113408566
Latency: 0.004062511958181858
Latency: 0.0038684308528900146
Latency: 0.0038337071891874075
Latency: 0.004140071105211973
Latency: 0.003808742854744196
Latency: 0.003789033042266965
Latency: 0.004061207873746753
Latency: 0.003877017879858613
Latency: 0.0037265820428729057
Latency: 0.004050306975841522
Latency: 0.004367233021184802
Latency: 0.0038279518485069275
Latency: 0.00405810191296041
Latency: 0.003740863176062703
Latency: 0.0037283061537891626
Latency: 0.004033384146168828
Latency: 0.003747910028323531
Latency: 0.0037162790540605783
Latency: 0.0044278898276388645
Latency: 0.0037342829164117575
Latency: 0.0037084510549902916
Latency: 0.0038147098384797573
Latency: 0.003750185016542673
Latency: 0.0038771380204707384
Latency: 0.003827926004305482
Latency: 0.0037513780407607555
Latency: 0.0037336910609155893
Latency: 0.004022495821118355
Latency: 0.003756555961444974
Latency: 0.003730827011168003
Latency: 0.004033511970192194
Latency: 0.003784999018535018
Latency: 0.0037214660551398993
Latency: 0.004083042964339256
Latency: 0.0037263219710439444
Latency: 0.003716004081070423
Latency: 0.004028586903586984
Latency: 0.0037287480663508177
Latency: 0.003731264965608716
Latency: 0.004195496905595064
Latency: 0.003775167977437377
Latency: 0.0037375378888100386
Latency: 0.004016733029857278
Latency: 0.003747606882825494
Latency: 0.003743864130228758
Latency: 0.004052486037835479
Latency: 0.0037487559020519257
Latency: 0.0037171661388128996
Latency: 0.004039103165268898
Latency: 0.003740551881492138
Latency: 0.003722395049408078
Latency: 0.004013480851426721
Latency: 0.0037578660994768143
Latency: 0.0037376389373093843
Latency: 0.00382209406234324
Latency: 0.0038602608256042004
Latency: 0.004006115021184087
Latency: 0.0037565070670098066
Latency: 0.003716914216056466
Latency: 0.004043312976136804
Latency: 0.003762593027204275
Latency: 0.0037405199836939573
Latency: 0.0040127867832779884
Latency: 0.0037433169782161713
Latency: 0.0037218909710645676
Latency: 0.004040741827338934
Latency: 0.003776972182095051
Latency: 0.0037194699980318546
Latency: 0.004013292025774717
Latency: 0.003755250945687294
Latency: 0.0037307830061763525
Latency: 0.004142778925597668
Latency: 0.0037458250299096107
Latency: 0.003710834076628089
Latency: 0.004016943043097854
Latency: 0.0037570239510387182
Latency: 0.00369664398021996
Latency: 0.004009605152532458
Latency: 0.0037706149742007256
Latency: 0.0037260139361023903
Latency: 0.004032457945868373
Latency: 0.0037747621536254883
Latency: 0.003722147084772587
Latency: 0.004038000013679266
Latency: 0.003767644986510277
Latency: 0.003735414007678628
Latency: 0.004058934049680829
Latency: 0.003916954854503274
Latency: 0.003723626025021076
Latency: 0.004549355013296008
Latency: 0.0037330640479922295
Latency: 0.0036972551606595516
Latency: 0.003965992946177721
Latency: 0.0037224290426820517
Latency: 0.003706512041389942
Latency: 0.003963834838941693
Latency: 0.0037498099263757467
Latency: 0.0042614859994500875
Latency: 0.004252466140314937
Latency: 0.0038359721656888723
Latency: 0.0037535810843110085
Latency: 0.0040616358164697886
Latency: 0.0037496951408684254
Latency: 0.0038574167992919683
Latency: 0.0040579610504209995
Latency: 0.003749521216377616
Latency: 0.003730284981429577
Latency: 0.00400952878408134
Latency: 0.003741280874237418
Latency: 0.0037510080728679895
Latency: 0.004009754862636328
Latency: 0.003740043845027685
Latency: 0.00374495517462492
Latency: 0.004013897851109505
Latency: 0.003758859122171998
Latency: 0.003741030814126134
Latency: 0.004000420914962888
Latency: 0.0037598779890686274
Latency: 0.0037201340310275555
Latency: 0.004137315088883042
Latency: 0.003776135854423046
Latency: 0.003808228997513652
Latency: 0.004227731144055724
Latency: 0.004897154169157147
Latency: 0.004410948138684034
Latency: 0.004639466991648078
Latency: 0.0037576500326395035
Latency: 0.0037015359848737717
Latency: 0.003964455798268318
Latency: 0.0037656768690794706
Latency: 0.0037357721012085676
Latency: 0.003837849013507366
Latency: 0.0037581338547170162
Latency: 0.0037259720265865326
Latency: 0.003827699925750494
Latency: 0.0038760958705097437
Latency: 0.0037579580675810575
Latency: 0.004045807057991624
Latency: 0.003760049119591713
Latency: 0.0037305839359760284
Latency: 0.004042292013764381
Latency: 0.003742289962247014
Latency: 0.003746106056496501
Latency: 0.004052937962114811
Latency: 0.003743913024663925
Latency: 0.003725424874573946
Latency: 0.00441534910351038
Latency: 0.0038061749655753374
Latency: 0.0037705700378865004
Latency: 0.00408132909797132
Latency: 0.003756886813789606
Latency: 0.0038957959040999413
Latency: 0.0040347399190068245
Latency: 0.003751058131456375
Latency: 0.003771051997318864
Latency: 0.004084072075784206
Latency: 0.003721914952620864
Latency: 0.0037545100785791874
Latency: 0.004047021036967635
Latency: 0.0037339830305427313
Latency: 0.00393523508682847
Latency: 0.0038996220100671053
Latency: 0.0037106170784682035
Latency: 0.003949654987081885
Latency: 0.003769572824239731
Latency: 0.003722997847944498
Latency: 0.003976256120949984
Latency: 0.003925073891878128
Latency: 0.00373452203348279
Latency: 0.0039872960187494755
Latency: 0.003788921982049942
Latency: 0.0037211738526821136
Latency: 0.004003750858828425
Latency: 0.0037951190024614334
Latency: 0.0037207668647170067
Latency: 0.004000751068815589
Latency: 0.0038346301298588514
Latency: 0.003740869928151369
Latency: 0.003992523066699505
Latency: 0.0038020790088921785
Latency: 0.0037165831308811903
Latency: 0.00397617113776505
Latency: 0.003811654867604375
Latency: 0.00387462112121284
Latency: 0.0039644138887524605
Latency: 0.0037987660616636276
Latency: 0.003734732046723366
Latency: 0.00401469599455595
Latency: 0.0037950589321553707
Latency: 0.0037287469021975994
Latency: 0.004044187953695655
Latency: 0.0037570211570709944
Latency: 0.003717784071341157
Latency: 0.0040326169691979885
Latency: 0.003728126874193549
Latency: 0.0037610558792948723
Latency: 0.00466725486330688
Latency: 0.0037318880204111338
Latency: 0.003706224961206317
Latency: 0.004125345963984728
Latency: 0.0037628381978720427
Latency: 0.003721426008269191
Latency: 0.003969056066125631
Latency: 0.003753150114789605
Latency: 0.0037270858883857727
Latency: 0.0038312769029289484
Latency: 0.0037726310547441244
Latency: 0.003739017993211746
Latency: 0.0038538340013474226
Latency: 0.0037506429944187403
Latency: 0.0037434459663927555
Latency: 0.004019326064735651
Latency: 0.003753162920475006
Latency: 0.003713103011250496
Latency: 0.0040254960767924786
Latency: 0.00384349818341434
Latency: 0.0037052889820188284
Latency: 0.004067269153892994
Latency: 0.003726355964317918
Latency: 0.003726787166669965
Latency: 0.004053340060636401
Latency: 0.0037598770577460527
Latency: 0.0037270719185471535
Latency: 0.004003132926300168
Latency: 0.0037302279379218817
Latency: 0.0037548518739640713
Latency: 0.004053733078762889
Latency: 0.0037225771229714155
Latency: 0.004075535805895925
Latency: 0.004207971040159464
Latency: 0.0037779388949275017
Latency: 0.0039023361168801785
Latency: 0.0038425070233643055
Latency: 0.0037804818712174892
Latency: 0.00400837417691946
Latency: 0.0037554120644927025
Latency: 0.003732750192284584
Latency: 0.004014938836917281
Latency: 0.003984543029218912
Latency: 0.00373942987062037
Latency: 0.004073183983564377
Latency: 0.0037811349611729383
Latency: 0.0037468888331204653
Latency: 0.004060631152242422
Latency: 0.0037510839756578207
Latency: 0.003712474135681987
Latency: 0.004031857941299677
Latency: 0.003896792186424136
Latency: 0.0037343979347497225
Latency: 0.004037749022245407
Latency: 0.00376698886975646
Latency: 0.0037677078507840633
Latency: 0.004064051900058985
Latency: 0.0038040238432586193
Latency: 0.00372129213064909
Latency: 0.004058510065078735
Latency: 0.0037697451189160347
Latency: 0.003729012096300721
Latency: 0.004036266123875976
Latency: 0.003761520143598318
Latency: 0.0037589729763567448
Latency: 0.004073102027177811
Latency: 0.0037641830276697874
Latency: 0.0038925542030483484
Latency: 0.00406257901340723
Latency: 0.0037684361450374126
Latency: 0.0037376570980995893
Latency: 0.004386354936286807
Latency: 0.003769775852560997
Latency: 0.0037180068902671337
Latency: 0.0039691629353910685
Latency: 0.003733081975951791
Latency: 0.003717362182214856
Latency: 0.0038254030514508486
Latency: 0.0037475728895515203
Latency: 0.003698056098073721
Latency: 0.0038180521223694086
Latency: 0.0037615899927914143
Latency: 0.0037256628274917603
Latency: 0.004146119114011526
Latency: 0.0037581678479909897
Latency: 0.0037182888481765985
Latency: 0.004023466957733035
Latency: 0.003736319951713085
Latency: 0.003729158081114292
Latency: 0.004049439914524555
Latency: 0.00376378302462399
Latency: 0.0037382279988378286
Latency: 0.004033405100926757
Latency: 0.003717568004503846
Latency: 0.003720227163285017
Latency: 0.0040461160242557526
Latency: 0.0037214960902929306
Latency: 0.003717367071658373
Latency: 0.004051976138725877
Latency: 0.004249411867931485
Latency: 0.003774288110435009
Latency: 0.004073671065270901
Latency: 0.003745435969904065
Latency: 0.0037604898680001497
Latency: 0.004040767904371023
Latency: 0.0037269669119268656
Latency: 0.0037385919131338596
Latency: 0.003835979849100113
Latency: 0.0037273201160132885
Latency: 0.004002097062766552
Latency: 0.003971823025494814
Latency: 0.0037590879946947098
Latency: 0.004020008025690913
Latency: 0.003744984045624733
Latency: 0.0037135311868041754
Latency: 0.004146273015066981
Latency: 0.003760893829166889
Latency: 0.003720322158187628
Latency: 0.004059742903336883
Latency: 0.003739110194146633
Latency: 0.003742750035598874
Latency: 0.004035186022520065
Latency: 0.003794540883973241
Latency: 0.003733036108314991
Latency: 0.004023096989840269
Latency: 0.0037493938580155373
Latency: 0.0037322230637073517
Latency: 0.004012269899249077
Latency: 0.003758844919502735
Latency: 0.0037222940009087324
Latency: 0.004025743808597326
Latency: 0.003892146050930023
Latency: 0.0037344531156122684
Latency: 0.004043027991428971
Latency: 0.0037430389784276485
Latency: 0.00371915684081614
Latency: 0.004012290854007006
Latency: 0.0037513109855353832
Latency: 0.00373487314209342
Latency: 0.004032451892271638
Latency: 0.0037527901586145163
Latency: 0.0036989329382777214
Latency: 0.0043512380216270685
Latency: 0.0037576640024781227
Latency: 0.0037233629263937473
Latency: 0.003829801920801401
Latency: 0.0037485500797629356
Latency: 0.003858580021187663
Latency: 0.003823813982307911
Latency: 0.003753674915060401
Latency: 0.0037269219756126404
Latency: 0.003996660001575947
Latency: 0.0037648179568350315
Latency: 0.003726569004356861
Latency: 0.0040661729872226715
Latency: 0.0037258630618453026
Latency: 0.0037176180630922318
Latency: 0.0040391311049461365
Latency: 0.0037252141628414392
Latency: 0.003708878066390753
Latency: 0.004052505129948258
Latency: 0.003744092071428895
Latency: 0.00373911508359015
Latency: 0.004134871996939182
Latency: 0.003732508048415184
Latency: 0.0037358920089900494
Latency: 0.004071762086823583
Latency: 0.0037950892001390457
Latency: 0.003733605146408081
Latency: 0.004060874925926328
Latency: 0.0037343031726777554
Latency: 0.0037274230271577835
Latency: 0.004043926950544119
Latency: 0.0037140969652682543
Latency: 0.0037561210338026285
Latency: 0.004015245940536261
Latency: 0.0037407870404422283
Latency: 0.0037573871668428183
Latency: 0.00383191485889256
Latency: 0.00385424611158669
Latency: 0.004022594075649977
Latency: 0.0037717469967901707
Latency: 0.003730359021574259
Latency: 0.004070970928296447
Latency: 0.003966149874031544
Latency: 0.0037498190067708492
Latency: 0.004012939985841513
Latency: 0.003762412117794156
Latency: 0.003731069155037403
Latency: 0.0040193849708884954
Latency: 0.0037401251029223204
Latency: 0.003732962068170309
Latency: 0.004014349076896906
Latency: 0.003760627005249262
Latency: 0.003724551061168313
Latency: 0.004172363085672259
Latency: 0.0037870188243687153
Latency: 0.0037277669180184603
Latency: 0.004113371018320322
Latency: 0.003777056001126766
Latency: 0.0037240360397845507
Latency: 0.004071878967806697
Latency: 0.0037900558672845364
Latency: 0.003738227067515254
Latency: 0.0042898941319435835
Latency: 0.006408231100067496
Latency: 0.00485838414169848
Latency: 0.004115039948374033
Latency: 0.003831429872661829
Latency: 0.003761454951018095
Latency: 0.004055999917909503
Latency: 0.00391414319165051
Latency: 0.003725663060322404
Latency: 0.005015882896259427
Latency: 0.0037536360323429108
Latency: 0.0037096859887242317
Latency: 0.037275154842063785
Latency: 0.004513018997386098
Latency: 0.003969975979998708
Latency: 0.004011346958577633
Latency: 0.00401639798656106
Latency: 0.0037743719294667244
Latency: 0.003750659991055727
Latency: 0.0038373060524463654
Latency: 0.0037501160986721516
Latency: 0.004021360073238611
Latency: 0.003730839816853404
Latency: 0.003862254088744521
Latency: 0.0038313951808959246
Latency: 0.0037318889517337084
Latency: 0.004039668012410402
Latency: 0.0037358379922807217
Latency: 0.0037446750793606043
Latency: 0.0038470339495688677
Latency: 0.0037357090041041374
Latency: 0.0039898420218378305
Latency: 0.0037514560390263796
Latency: 0.0037207729183137417
Latency: 0.003846994834020734
Latency: 0.0037440648302435875
Latency: 0.004023922141641378
Latency: 0.003724882146343589
Latency: 0.0037275119684636593
Latency: 0.0040755849331617355
Latency: 0.0037710759788751602
Latency: 0.004627406829968095
Latency: 0.003748517017811537
Latency: 0.003723632078617811
Latency: 0.003886542981490493
Latency: 0.0047193788923323154
Latency: 0.003937479807063937
Latency: 0.004091477021574974
Latency: 0.0037970400881022215
Latency: 0.0037721600383520126
Latency: 0.004109872970730066
Latency: 0.0037930000107735395
Latency: 0.0038182579446583986
Latency: 0.0040330481715500355
Latency: 0.00373095809482038
Latency: 0.003861472010612488
Latency: 0.004019804066047072
Latency: 0.003744567045941949
Latency: 0.003772859927266836
Latency: 0.004013850120827556
Latency: 0.0037278980016708374
Latency: 0.0037222970277071
Latency: 0.004040905041620135
Latency: 0.0037341751158237457
Latency: 0.0037278931122273207
Latency: 0.004033921053633094
Latency: 0.003721300046890974
Latency: 0.0037066100630909204
Latency: 0.004031735006719828
Latency: 0.0037145919632166624
Latency: 0.0037243650294840336
Latency: 0.004134029848501086
Latency: 0.003719385014846921
Latency: 0.0037356349639594555
Latency: 0.0040140890050679445
Latency: 0.0037417239509522915
Latency: 0.0037406589835882187
Latency: 0.0038123847916722298
Latency: 0.003697883104905486
Latency: 0.003892952110618353
Latency: 0.0037302100099623203
Latency: 0.003717574989423156
Latency: 0.0040150058921426535
Latency: 0.003736610058695078
Latency: 0.003720326814800501
Latency: 0.003996143117547035
Latency: 0.0037424969486892223
Latency: 0.003859919961541891
Latency: 0.004014384932816029
Latency: 0.0037294349167495966
Latency: 0.003711557015776634
Latency: 0.0040093951392918825
Latency: 0.0037404599133878946
Latency: 0.003693802049383521
Latency: 0.004015258047729731
Latency: 0.003739425912499428
Latency: 0.003743767971172929
Latency: 0.003987823147326708
Latency: 0.0037495018914341927
Latency: 0.003703485010191798
Latency: 0.004004118964076042
Latency: 0.0037638091016560793
Latency: 0.003713645040988922
Latency: 0.004167386097833514
Latency: 0.003741455962881446
Latency: 0.0037132531870156527
Latency: 0.00401746085844934
Latency: 0.003747421083971858
Latency: 0.0037051180843263865
Latency: 0.004010958131402731
Latency: 0.003754607867449522
Latency: 0.0037084531504660845
Latency: 0.004265758208930492
Latency: 0.003718758001923561
Latency: 0.0037147970870137215
Latency: 0.0038111989852041006
Latency: 0.003732956014573574
Latency: 0.003699237946420908
Latency: 0.004014789825305343
Latency: 0.003874991089105606
Latency: 0.003709301818162203
Latency: 0.004019772866740823
Latency: 0.003733669873327017
Latency: 0.003726404858753085
Latency: 0.004035994876176119
Latency: 0.003736307844519615
Latency: 0.003913562977686524
Latency: 0.00405992497690022
Latency: 0.003725870978087187
Latency: 0.0037265969440340996
Latency: 0.004040241939947009
Latency: 0.0037336370442062616
Latency: 0.003730580909177661
Latency: 0.004004906862974167
Latency: 0.003727257950231433
Latency: 0.003853393951430917
Latency: 0.004015750950202346
Latency: 0.003722148947417736
Latency: 0.0037002949975430965
Latency: 0.004016567021608353
Latency: 0.003717638086527586
Latency: 0.0037339599803090096
Latency: 0.0039812359027564526
Latency: 0.003739585867151618
Latency: 0.0037307972088456154
Latency: 0.004044625908136368
Latency: 0.0037161570508033037
Latency: 0.0037505999207496643
Latency: 0.0038004070520401
Latency: 0.0037201980594545603
Latency: 0.003999103093519807
Latency: 0.003861547913402319
Latency: 0.003703970229253173
Latency: 0.003994194092229009
Latency: 0.003740399843081832
Latency: 0.0036949769128113985
Latency: 0.003988745156675577
Latency: 0.00375206395983696
Latency: 0.003726801136508584
Latency: 0.0040184869430959225
Latency: 0.0037300288677215576
Latency: 0.003707328112795949
Latency: 0.004002030938863754
Latency: 0.003720605978742242
Latency: 0.003732600947842002
Latency: 0.003992403158918023
Latency: 0.003761125961318612
Latency: 0.0038548659067600965
Latency: 0.003985402872785926
Latency: 0.0037638910580426455
Latency: 0.003714062971994281
Latency: 0.004188664024695754
Latency: 0.00456387409940362
Latency: 0.0038330599199980497
Latency: 0.0038988180458545685
Latency: 0.003763356013223529
Latency: 0.0037241471000015736
Latency: 0.004020774969831109
Latency: 0.0037477610167115927
Latency: 0.0037083528004586697
Latency: 0.004012673860415816
Latency: 0.0037449670489877462
Latency: 0.0037117430474609137
Latency: 0.004463723162189126
Latency: 0.003746831091120839
Latency: 0.00372348097153008
Latency: 0.0038186958990991116
Latency: 0.0037209440488368273
Latency: 0.0037346191238611937
Latency: 0.0039543460588902235
Latency: 0.0037186818663030863
Latency: 0.0036939082201570272
Latency: 0.004018890205770731
Latency: 0.003711109980940819
Latency: 0.003700264962390065
Latency: 0.004036840982735157
Latency: 0.003697548992931843
Latency: 0.0037279429379850626
Latency: 0.004032074008136988
Latency: 0.0038542868569493294
Latency: 0.0039201900362968445
Latency: 0.004053332842886448
Latency: 0.003733118064701557
Latency: 0.0037230041343718767
Latency: 0.004019256914034486
Latency: 0.0037146129179745913
Latency: 0.003746422939002514
Latency: 0.004027096088975668
Latency: 0.003714144928380847
Latency: 0.003707712050527334
Latency: 0.004023247165605426
Latency: 0.00370793417096138
Latency: 0.0037233249749988317
Latency: 0.004008769989013672
Latency: 0.003724687034264207
Latency: 0.0038706758059561253
Latency: 0.00397716904990375
Latency: 0.0037156168837100267
Latency: 0.0037332698702812195
Latency: 0.003833201015368104
Latency: 0.0037236560601741076
Latency: 0.00398124591447413
Latency: 0.0037362370640039444
Latency: 0.0037187470588833094
Latency: 0.004009058000519872
Latency: 0.0037927869707345963
Latency: 0.0037293180357664824
Latency: 0.004024246009066701
Latency: 0.004310840042307973
Latency: 0.0037149200215935707
Latency: 0.004019143991172314
Latency: 0.003906856989488006
Latency: 0.003718232037499547
Latency: 0.004026184091344476
Latency: 0.003743122098967433
Latency: 0.003753699129447341
Latency: 0.004042228916659951
Latency: 0.003762272885069251
Latency: 0.003728190902620554
Latency: 0.004020349122583866
Latency: 0.0037250760942697525
Latency: 0.0037227009888738394
Latency: 0.004007037961855531
Latency: 0.003737329039722681
Latency: 0.0037130790296941996
Latency: 0.004045126959681511
Latency: 0.003750768955796957
Latency: 0.0038577911909669638
Latency: 0.004026881884783506
Latency: 0.003758419072255492
Latency: 0.003734892001375556
Latency: 0.0040207188576459885
Latency: 0.003738613100722432
Latency: 0.003708586096763611
Latency: 0.0043156619649380445
Latency: 0.0037400969304144382
Latency: 0.0037034808192402124
Latency: 0.0038172719068825245
Latency: 0.003740551881492138
Latency: 0.0037163698580116034
Latency: 0.0039923901204019785
Latency: 0.0037301189731806517
Latency: 0.0037335199303925037
Latency: 0.004138658056035638
Latency: 0.0037124070804566145
Latency: 0.003716089064255357
Latency: 0.004004993010312319
Latency: 0.0037201601080596447
Latency: 0.003703800030052662
Latency: 0.004009988158941269
Latency: 0.0037080899346619844
Latency: 0.0037159898784011602
Latency: 0.004028239985927939
Latency: 0.0037610901053994894
Latency: 0.003709590993821621
Latency: 0.004016906023025513
Latency: 0.003727822797372937
Latency: 0.0037074571009725332
Latency: 0.00402074889279902
Latency: 0.003852460067719221
Latency: 0.003713421057909727
Latency: 0.004022472072392702
Latency: 0.0037256740033626556
Latency: 0.003777995938435197
Latency: 0.004051519092172384
Latency: 0.003765326924622059
Latency: 0.0037207058630883694
Latency: 0.00401062797755003
Latency: 0.003735912963747978
Latency: 0.003714832942932844
Latency: 0.003845046041533351
Latency: 0.003702606074512005
Latency: 0.0039857488591223955
Latency: 0.003719500033184886
Latency: 0.003721086075529456
Latency: 0.004140220116823912
Latency: 0.0037525079678744078
Latency: 0.0037131449207663536
Latency: 0.004004576010629535
Latency: 0.0037464050110429525
Latency: 0.0037371080834418535
Latency: 0.004017067141830921
Latency: 0.0037262330297380686
Latency: 0.0037452809046953917
Latency: 0.004577630199491978
Latency: 0.0038621709682047367
Latency: 0.0038168798200786114
Latency: 0.004128518048673868
Latency: 0.003819946199655533
Latency: 0.003806554013863206
Latency: 0.004103903891518712
Latency: 0.0038806460797786713
Latency: 0.003720593871548772
Latency: 0.004006506176665425
Latency: 0.00375821883790195
Latency: 0.0037201151717454195
Latency: 0.004028284223750234
Latency: 0.0037478068843483925
Latency: 0.0037404540926218033
Latency: 0.004004830028861761
Latency: 0.003733997931703925
Latency: 0.0037179060745984316
Latency: 0.004026696085929871
Latency: 0.003755240933969617
Latency: 0.0037067229859530926
Latency: 0.004332109820097685
Latency: 0.0037220390513539314
Latency: 0.003832639893516898
Latency: 0.003826502012088895
Latency: 0.0037285739090293646
Latency: 0.003707628231495619
Latency: 0.003997340798377991
Latency: 0.0037242688704282045
Latency: 0.0037053090054541826
Latency: 0.004013238940387964
Latency: 0.00369762210175395
Latency: 0.0037127588875591755
Latency: 0.004022450186312199
Latency: 0.003718934953212738
Latency: 0.0037348130717873573
Latency: 0.004024182911962271
Latency: 0.0037273189518600702
Latency: 0.003717348910868168
Latency: 0.004137217998504639
Latency: 0.003731712931767106
Latency: 0.003734949044883251
Latency: 0.00402388209477067
Latency: 0.0037349339108914137
Latency: 0.0037361918948590755
Latency: 0.0040012928657233715
Latency: 0.00374605692923069
Latency: 0.0037038340233266354
Latency: 0.0040053860284388065
Latency: 0.003737624967470765
Latency: 0.003727138042449951
Latency: 0.004013260127976537
Latency: 0.0037284870631992817
Latency: 0.0037064829375594854
Latency: 0.004005783004686236
Latency: 0.0038612098433077335
Latency: 0.003729787888005376
Latency: 0.003865042934194207
Latency: 0.003708828007802367
Latency: 0.003965710988268256
Latency: 0.003739162115380168
Latency: 0.0037008291110396385
Latency: 0.003984264796599746
Latency: 0.0037277869414538145
Latency: 0.003709159092977643
Latency: 0.0040002199821174145
Latency: 0.0037420610897243023
Latency: 0.003725857939571142
Latency: 0.004023144021630287
Latency: 0.0037461931351572275
Latency: 0.00434609386138618
Latency: 0.005202899919822812
Latency: 0.0039078169502317905
Latency: 0.0038024550303816795
Latency: 0.004037059145048261
Latency: 0.0037547110114246607
Latency: 0.0037236791104078293
Latency: 0.00403626193292439
Latency: 0.0037352570798248053
Latency: 0.003716066014021635
Latency: 0.004008522955700755
Latency: 0.0037576360628008842
Latency: 0.003730695927515626
Latency: 0.004020801978185773
Latency: 0.003753950819373131
Latency: 0.0037045390345156193
Latency: 0.003990921191871166
Latency: 0.003889326937496662
Latency: 0.003721850924193859
Latency: 0.004011643119156361
Latency: 0.0037653481122106314
Latency: 0.003724444890394807
Latency: 0.004290485056117177
Latency: 0.003723244182765484
Latency: 0.0037037639413028955
Latency: 0.0037992040161043406
Latency: 0.003728351090103388
Latency: 0.003704562783241272
Latency: 0.003990122815594077
Latency: 0.0037472799886018038
Latency: 0.003717303043231368
Latency: 0.004004793940111995
Latency: 0.0037263950798660517
Latency: 0.0038443550001829863
Latency: 0.004009768133983016
Latency: 0.0037330009508877993
Latency: 0.003721984103322029
Latency: 0.004010400967672467
Latency: 0.00369919091463089
Latency: 0.0037103109061717987
Latency: 0.004021244123578072
Latency: 0.0037316400557756424
Latency: 0.003719715168699622
Latency: 0.0039980472065508366
Latency: 0.003715076018124819
Latency: 0.0037081509362906218
Latency: 0.004019497893750668
Latency: 0.0037296779919415712
Latency: 0.003719177097082138
Latency: 0.004133747890591621
Latency: 0.0037141130305826664
Latency: 0.0037244909908622503
Latency: 0.00399194797500968
Latency: 0.0037554989103227854
Latency: 0.0037306600715965033
Latency: 0.004031618125736713
Latency: 0.003709592157974839
Latency: 0.0037112319841980934
Latency: 0.0038327949587255716
Latency: 0.00370451295748353
Latency: 0.003984131151810288
Latency: 0.004007504088804126
Latency: 0.004191039130091667
Latency: 0.004107470158487558
Latency: 0.00381156406365335
Latency: 0.003907285863533616
Latency: 0.004111286951228976
Latency: 0.003824834944680333
Latency: 0.0037859370931982994
Latency: 0.004032342927530408
Latency: 0.0037377290427684784
Latency: 0.0037417500279843807
Latency: 0.004022940061986446
Latency: 0.0037337050307542086
Latency: 0.003706353949382901
Latency: 0.004021173110231757
Latency: 0.0037531210109591484
Latency: 0.003715186845511198
Latency: 0.0040236059576272964
Latency: 0.003742803819477558
Latency: 0.003720040898770094
Latency: 0.004187633050605655
Latency: 0.003756856080144644
Latency: 0.003723209025338292
Latency: 0.004013624042272568
Latency: 0.003772675059735775
Latency: 0.0037437218707054853
Latency: 0.00403865915723145
Latency: 0.0037201798986643553
Latency: 0.0037107800599187613
Latency: 0.004033450968563557
Latency: 0.0037532530259341
Latency: 0.0037164310924708843
Latency: 0.00432828301563859
Latency: 0.0037309068720787764
Latency: 0.003723912173882127
Latency: 0.0038040331564843655
Latency: 0.003876348026096821
Latency: 0.0037224648986011744
Latency: 0.0038113149348646402
Latency: 0.003728083800524473
Latency: 0.00371799198910594
Latency: 0.003989074844866991
Latency: 0.0037133139558136463
Latency: 0.003723239991813898
Latency: 0.004011293174698949
Latency: 0.003733705962076783
Latency: 0.0037199039943516254
Latency: 0.004032044904306531
Latency: 0.003744920017197728
Latency: 0.003722107969224453
Latency: 0.00398537702858448
Latency: 0.0037240369711071253
Latency: 0.0038619651459157467
Latency: 0.004029865842312574
Latency: 0.0037296831142157316
Latency: 0.003727839095517993
Latency: 0.004047224996611476
Latency: 0.0037698650266975164
Latency: 0.0037663348484784365
Latency: 0.0040431220550090075
Latency: 0.003762410953640938
Latency: 0.0037002430763095617
Latency: 0.004045190056785941
Latency: 0.0037326139863580465
Latency: 0.0037255689967423677
Latency: 0.004013814032077789
Latency: 0.0037576600443571806
Latency: 0.003728605806827545
Latency: 0.003962569171562791
Latency: 0.003720395965501666
Latency: 0.003995321923866868
Latency: 0.0037433099932968616
Latency: 0.00370895117521286
Latency: 0.003989862976595759
Latency: 0.0037189540453255177
Latency: 0.003712303005158901
Latency: 0.0039966648910194635
Latency: 0.003726737108081579
Latency: 0.003685272065922618
Latency: 0.003997433930635452
Latency: 0.003776902100071311
Latency: 0.0037230090238153934
Latency: 0.003989621996879578
Latency: 0.0037310300394892693
Latency: 0.0038590419571846724
Latency: 0.004003908950835466
Latency: 0.003733444958925247
Latency: 0.0036876180674880743
Latency: 0.0040080181788653135
Latency: 0.0037685208953917027
Latency: 0.0037113309372216463
Latency: 0.004037033999338746
Latency: 0.0037633641622960567
Latency: 0.0037151030264794827
Latency: 0.003995634149760008
Latency: 0.0037331199273467064
Latency: 0.0037351399660110474
Latency: 0.003999270964413881
Latency: 0.003734530182555318
Latency: 0.0036979219876229763
Latency: 0.004138100193813443
Latency: 0.0037523929495364428
Latency: 0.00373441306874156
Latency: 0.005377241875976324
Latency: 0.004090325906872749
Latency: 0.004186829086393118
Latency: 0.0068659118842333555
Latency: 0.006646832916885614
Latency: 0.006239632843062282
Latency: 0.007177881896495819
Latency: 0.004329612012952566
Latency: 0.0037569599226117134
Latency: 0.004077038960531354
Latency: 0.0037726769223809242
Latency: 0.003734634956344962
Latency: 0.004046513931825757
Latency: 0.0038601660635322332
Latency: 0.0037379791028797626
Latency: 0.004057577811181545
Latency: 0.0037577771581709385
Latency: 0.0037360829301178455
Latency: 0.0040693741757422686
Latency: 0.003751611104235053
Latency: 0.0037352328654378653
Latency: 0.004072759998962283
Latency: 0.0037342170253396034
Latency: 0.003736562794074416
Latency: 0.003894680878147483
Latency: 0.0037436741404235363
Latency: 0.003716924926266074
Latency: 0.004032735014334321
Latency: 0.009029187029227614
Latency: 0.004162494791671634
Latency: 0.00400716089643538
Latency: 0.0038185399025678635
Latency: 0.00372222694568336
Latency: 0.004011771874502301
Latency: 0.0037571298889815807
Latency: 0.0037317348178476095
Latency: 0.004784390097483993
Latency: 0.0037639429792761803
Latency: 0.0037452050019055605
Latency: 0.004018887877464294
Latency: 0.0037429449148476124
Latency: 0.0037129889242351055
Latency: 0.0040100640617311
Latency: 0.0037546749226748943
Latency: 0.003722323104739189
Latency: 0.004151212051510811
Latency: 0.0037308360915631056
Latency: 0.0036966120824217796
Latency: 0.004016284830868244
Latency: 0.003737685037776828
Latency: 0.003721057903021574
Latency: 0.004023232962936163
Latency: 0.0037587739061564207
Latency: 0.0037168420385569334
Latency: 0.0040337760001420975
Latency: 0.0037374580278992653
Latency: 0.003702637040987611
Latency: 0.004017608007416129
Latency: 0.003746659029275179
Latency: 0.0037369970232248306
Latency: 0.004014251055195928
Latency: 0.0038987109437584877
Latency: 0.0037117141764611006
Latency: 0.004033797886222601
Latency: 0.00375194801017642
Latency: 0.003726139897480607
Latency: 0.004026520997285843
Latency: 0.0037731698248535395
Latency: 0.0037393539678305387
Latency: 0.004018833860754967
Latency: 0.0037361199501901865
Latency: 0.0037387378979474306
Latency: 0.004524388117715716
Latency: 0.0037175780162215233
Latency: 0.0037005289923399687
Latency: 0.00398912513628602
Latency: 0.0037240921519696712
Latency: 0.0038432490546256304
Latency: 0.00393869518302381
Latency: 0.0037299320101737976
Latency: 0.0037108459509909153
Latency: 0.003956608008593321
Latency: 0.0037389660719782114
Latency: 0.0037264919374138117
Latency: 0.003970341058447957
Latency: 0.0037424929905682802
Latency: 0.0037221009843051434
Latency: 0.003973936894908547
Latency: 0.003744977992027998
Latency: 0.0037162150256335735
Latency: 0.003955081105232239
Latency: 0.0037439290899783373
Latency: 0.0037112219724804163
Latency: 0.0041151270270347595
Latency: 0.003760158084332943
Latency: 0.0037324291188269854
Latency: 0.00396482297219336
Latency: 0.003758277976885438
Latency: 0.0036936269607394934
Latency: 0.003952398896217346
Latency: 0.0037653520703315735
Latency: 0.0037371390499174595
Latency: 0.003985221963375807
Latency: 0.003759903134778142
Latency: 0.004059645114466548
Latency: 0.004076977958902717
Latency: 0.003790058894082904
Latency: 0.0037330761551856995
Latency: 0.004639019025489688
Latency: 0.00388586288318038
Latency: 0.003705174895003438
Latency: 0.004046320915222168
Latency: 0.0038031560834497213
Latency: 0.0037995618768036366
Latency: 0.003927889047190547
Latency: 0.0037478168960660696
Latency: 0.00375919695943594
Latency: 0.004014401929453015
Latency: 0.0037248709704726934
Latency: 0.0037490460090339184
Latency: 0.004018294159322977
Latency: 0.0037200897932052612
Latency: 0.003734028898179531
Latency: 0.004105502041056752
Latency: 0.003753434866666794
Latency: 0.003903362900018692
Latency: 0.004075725097209215
Latency: 0.003941406961530447
Latency: 0.0042333658784627914
Latency: 0.004238605964928865
Latency: 0.0038117370568215847
Latency: 0.0038164721336215734
Latency: 0.004132145084440708
Latency: 0.0038087430875748396
Latency: 0.0037929010577499866
Latency: 0.0040536068845540285
Latency: 0.0037281690165400505
Latency: 0.003735109930858016
Latency: 0.004157323855906725
Latency: 0.004155907081440091
Latency: 0.0037846220657229424
Latency: 0.0041924521792680025
Latency: 0.0037329040933400393
Latency: 0.0037362310104072094
Latency: 0.003884084988385439
Latency: 0.0037474518176168203
Latency: 0.003909483086317778
Latency: 0.0037277848459780216
Latency: 0.003747193142771721
Latency: 0.004056280944496393
Latency: 0.0037470569368451834
Latency: 0.0037194890901446342
Latency: 0.004023315152153373
Latency: 0.00377208786085248
Latency: 0.003729619085788727
Latency: 0.00403617019765079
Latency: 0.0037332698702812195
Latency: 0.003844458144158125
Latency: 0.004030577838420868
Latency: 0.003761724103242159
Latency: 0.0037237489596009254
Latency: 0.004120572004467249
Latency: 0.0037561440840363503
Latency: 0.00373701099306345
Latency: 0.004042112966999412
Latency: 0.003744540037587285
Latency: 0.0037051308900117874
Latency: 0.004021321889013052
Latency: 0.0037433928810060024
Latency: 0.003719559172168374
Latency: 0.0040612739976495504
Latency: 0.003753479104489088
Latency: 0.003730589058250189
Latency: 0.0041964969132095575
Latency: 0.003754430916160345
Latency: 0.0037520569749176502
Latency: 0.004031014861539006
Latency: 0.003761510131880641
Latency: 0.0037175121251493692
Latency: 0.0043534268625080585
Latency: 0.003744164016097784
Latency: 0.00372438901104033
Latency: 0.0038215070962905884
Latency: 0.0037307869642972946
Latency: 0.0037314780056476593
Latency: 0.004003921989351511
Latency: 0.0037486969958990812
Latency: 0.0037141800858080387
Latency: 0.00401439587585628
Latency: 0.003855068003758788
Latency: 0.003696691943332553
Latency: 0.004047292983159423
Latency: 0.003910441882908344
Latency: 0.003749161958694458
Latency: 0.003983291098847985
Latency: 0.003725944086909294
Latency: 0.003732362063601613
Latency: 0.004038212122395635
Latency: 0.0037193710450083017
Latency: 0.0037099439650774
Latency: 0.004034413956105709
Latency: 0.0037187980487942696
Latency: 0.0037074959836900234
Latency: 0.004047309048473835
Latency: 0.0037345048040151596
Latency: 0.003862180048599839
Latency: 0.004020999185740948
Latency: 0.0037343110889196396
Latency: 0.003723190166056156
Latency: 0.004002289148047566
Latency: 0.0037048792000859976
Latency: 0.0037575361784547567
Latency: 0.0038903390523046255
Latency: 0.0037428420037031174
Latency: 0.003743940033018589
Latency: 0.003857700852677226
Latency: 0.0037138161715120077
Latency: 0.003988295095041394
Latency: 0.003741492982953787
Latency: 0.003708350006490946
Latency: 0.004016319988295436
Latency: 0.0039017098024487495
Latency: 0.003724130103364587
Latency: 0.004016917897388339
Latency: 0.003748962888494134
Latency: 0.0037100249901413918
Latency: 0.004014521138742566
Latency: 0.0037293320056051016
Latency: 0.0037111910060048103
Latency: 0.004003335954621434
Latency: 0.0037489901296794415
Latency: 0.003720459993928671
Latency: 0.004011915065348148
Latency: 0.0037564318627119064
Latency: 0.0037180888466537
Latency: 0.004016669001430273
Latency: 0.0037567438557744026
Latency: 0.0038386068772524595
Latency: 0.004003925947472453
Latency: 0.0037504369392991066
Latency: 0.0037228900473564863
Latency: 0.004025406902655959
Latency: 0.0037331311032176018
Latency: 0.003699907101690769
Latency: 0.0040228539146482944
Latency: 0.003757566213607788
Latency: 0.003718969179317355
Latency: 0.00399950216524303
Latency: 0.003739297157153487
Latency: 0.003742164932191372
Latency: 0.004271611804142594
Latency: 0.003741143038496375
Latency: 0.003720001084730029
Latency: 0.003958820132538676
Latency: 0.0037333720829337835
Latency: 0.0037035970017313957
Latency: 0.004004762973636389
Latency: 0.003736716927960515
Latency: 0.003705001901835203
Latency: 0.004380990052595735
Latency: 0.0042211138643324375
Latency: 0.003947738790884614
Latency: 0.003996968036517501
Latency: 0.0038267429918050766
Latency: 0.004036481957882643
Latency: 0.004144568927586079
Latency: 0.003806660184636712
Latency: 0.003715248079970479
Latency: 0.004038949962705374
Latency: 0.0038858409970998764
Latency: 0.0037323590368032455
Latency: 0.004103506915271282
Latency: 0.003735288977622986
Latency: 0.003727579955011606
Latency: 0.00402896897867322
Latency: 0.0037403160240501165
Latency: 0.0037575068417936563
Latency: 0.004070226103067398
Latency: 0.0037382158916443586
Latency: 0.0037389900535345078
Latency: 0.004124535014852881
Latency: 0.003793097101151943
Latency: 0.0038107179570943117
Latency: 0.0040967820677906275
Latency: 0.0037274188362061977
Latency: 0.003849525935947895
Latency: 0.003805933054536581
Latency: 0.0037024039775133133
Latency: 0.003997880034148693
Latency: 0.0037549720145761967
Latency: 0.0037171959411352873
Latency: 0.004039139952510595
Latency: 0.0037351499777287245
Latency: 0.003723643021658063
Latency: 0.003992634825408459
Latency: 0.0037541170604526997
Latency: 0.0037412168458104134
Latency: 0.004013080848380923
Latency: 0.003734682919457555
Latency: 0.0037352261133491993
Latency: 0.0040375120006501675
Latency: 0.00388803007081151
Latency: 0.0037296111695468426
Latency: 0.004033013014122844
Latency: 0.0037438571453094482
Latency: 0.003714981023222208
Latency: 0.004014773992821574
Latency: 0.0037280789110809565
Latency: 0.0037084168288856745
Latency: 0.003998158033937216
Latency: 0.003728858893737197
Latency: 0.0037236548960208893
Latency: 0.004054016899317503
Latency: 0.003755321027711034
Latency: 0.0037244970444589853
Latency: 0.004017621977254748
Latency: 0.0037581128999590874
Latency: 0.003845748957246542
Latency: 0.004045545123517513
Latency: 0.003761078929528594
Latency: 0.0037176080513745546
Latency: 0.004280769964680076
Latency: 0.0037439060397446156
Latency: 0.003733110846951604
Latency: 0.0038398781325668097
Latency: 0.0037579338531941175
Latency: 0.0037094110157340765
Latency: 0.004004210000857711
Latency: 0.0037529049441218376
Latency: 0.0037255380302667618
Latency: 0.004017039900645614
Latency: 0.0037290870677679777
Latency: 0.0037022880278527737
Latency: 0.004144435981288552
Latency: 0.0037235389463603497
Latency: 0.0037345110904425383
Latency: 0.003999161999672651
Latency: 0.0039021610282361507
Latency: 0.003740832908079028
Latency: 0.004014850128442049
Latency: 0.0037528369575738907
Latency: 0.0037238781806081533
Latency: 0.004059716127812862
Latency: 0.003750968025997281
Latency: 0.003732054028660059
Latency: 0.004047628957778215
Latency: 0.0037678449880331755
Latency: 0.003747974056750536
Latency: 0.004004900110885501
Latency: 0.003869520965963602
Latency: 0.003711021039634943
Latency: 0.004023494198918343
Latency: 0.0037612139713019133
Latency: 0.0037432280369102955
Latency: 0.004032149910926819
Latency: 0.003748364048078656
Latency: 0.003730249125510454
Latency: 0.0038210530765354633
Latency: 0.0037088089156895876
Latency: 0.003991649951785803
Latency: 0.003728260053321719
Latency: 0.003702632850036025
Latency: 0.004011604934930801
Latency: 0.0037603769451379776
Latency: 0.0037217221688479185
Latency: 0.0041377979796379805
Latency: 0.0037484201602637768
Latency: 0.0037406831979751587
Latency: 0.004030409036204219
Latency: 0.003756307065486908
Latency: 0.0037290770560503006
Latency: 0.00401973188854754
Latency: 0.003749336116015911
Latency: 0.0037225098349153996
Latency: 0.004012082936242223
Latency: 0.003747031092643738
Latency: 0.0037118110340088606
Latency: 0.004001158056780696
Latency: 0.003735173027962446
Latency: 0.003722397144883871
Latency: 0.004030993906781077
Latency: 0.003881867043673992
Latency: 0.003731180913746357
Latency: 0.004037349950522184
Latency: 0.0037506180815398693
Latency: 0.0037260379176586866
Latency: 0.004003389040008187
Latency: 0.0037526311352849007
Latency: 0.003743662964552641
Latency: 0.004042412852868438
Latency: 0.0037825428880751133
Latency: 0.004077903926372528
Latency: 0.004771604901179671
Latency: 0.0038142830599099398
Latency: 0.003729216055944562
Latency: 0.0038178570102900267
Latency: 0.0037400159053504467
Latency: 0.0038536919746547937
Latency: 0.003816240932792425
Latency: 0.003749391995370388
Latency: 0.003741375170648098
Latency: 0.004039522027596831
Latency: 0.003743962850421667
Latency: 0.0037346540484577417
Latency: 0.004032074008136988
Latency: 0.0037286439910531044
Latency: 0.003712665056809783
Latency: 0.004012144869193435
Latency: 0.003729037009179592
Latency: 0.0037098689936101437
Latency: 0.004011309938505292
Latency: 0.0037370489444583654
Latency: 0.003899818053469062
Latency: 0.0041806919034570456
Latency: 0.003714001039043069
Latency: 0.0037109251134097576
Latency: 0.004019489977508783
Latency: 0.003723998088389635
Latency: 0.0037183309905231
Latency: 0.004006349015980959
Latency: 0.003721218090504408
Latency: 0.0037039578892290592
Latency: 0.00400805682875216
Latency: 0.0037416969425976276
Latency: 0.0037179479841142893
Latency: 0.004012183053418994
Latency: 0.003733334131538868
Latency: 0.0037073721177875996
Latency: 0.0038420658092945814
Latency: 0.0038448460400104523
Latency: 0.003998433006927371
Latency: 0.003734252881258726
Latency: 0.003692964091897011
Latency: 0.003986294846981764
Latency: 0.0037458008155226707
Latency: 0.003711448982357979
Latency: 0.003995078848674893
Latency: 0.0037603029049932957
Latency: 0.0037340018898248672
Latency: 0.003991368925198913
Latency: 0.003766685025766492
Latency: 0.0037182290107011795
Latency: 0.003985012881457806
Latency: 0.00372159481048584
Latency: 0.0036991869565099478
Latency: 0.0041458699852228165
Latency: 0.0037609441205859184
Latency: 0.003692836035043001
Latency: 0.003987364936619997
Latency: 0.003724187845364213
Latency: 0.0037013108376413584
Latency: 0.0039960769936442375
Latency: 0.003754823934286833
Latency: 0.003728084033355117
Latency: 0.00401679496280849
Latency: 0.003753605065867305
Latency: 0.0037285611033439636
Latency: 0.004005419090390205
Latency: 0.0037292770575731993
Latency: 0.0037063010968267918
Latency: 0.004012905992567539
Latency: 0.0038771950639784336
Latency: 0.003714241087436676
Latency: 0.004294094862416387
Latency: 0.0037181877996772528
Latency: 0.0037011192180216312
Latency: 0.0038065211847424507
Latency: 0.0037501028273254633
Latency: 0.003731678007170558
Latency: 0.004006122006103396
Latency: 0.0037395739927887917
Latency: 0.0037143989466130733
Latency: 0.00401840009726584
Latency: 0.0037094519939273596
Latency: 0.003706493880599737
Latency: 0.00402265484444797
Latency: 0.0037257710937410593
Latency: 0.0038358760066330433
Latency: 0.004021371016278863
Latency: 0.0037315080408006907
Latency: 0.003722407156601548
Latency: 0.004048806149512529
Latency: 0.0037295420188456774
Latency: 0.0037240199744701385
Latency: 0.003991232020780444
Latency: 0.003744221990928054
Latency: 0.0037195871118456125
Latency: 0.004024989902973175
Latency: 0.0037550420965999365
Latency: 0.003720019944012165
Latency: 0.004001766908913851
Latency: 0.0037205310072749853
Latency: 0.003720200154930353
Latency: 0.00495611596852541
Latency: 0.004891292890533805
Latency: 0.003873158013448119
Latency: 0.003973860060796142
Latency: 0.0037750639021396637
Latency: 0.0037185221444815397
Latency: 0.003868900937959552
Latency: 0.0037761100102216005
Latency: 0.00399623392149806
Latency: 0.003744673915207386
Latency: 0.0037156250327825546
Latency: 0.004037274979054928
Latency: 0.003752618096768856
Latency: 0.0037023969925940037
Latency: 0.004010919015854597
Latency: 0.00375720695592463
Latency: 0.0038769450038671494
Latency: 0.004016496939584613
Latency: 0.0037638931535184383
Latency: 0.0037101779598742723
Latency: 0.004033894976601005
Latency: 0.0037420871667563915
Latency: 0.003706921823322773
Latency: 0.0040194031316787004
Latency: 0.0037471139803528786
Latency: 0.0037282498087733984
Latency: 0.003996776882559061
Latency: 0.00375643209554255
Latency: 0.003717971034348011
Latency: 0.004021941917017102
Latency: 0.004350685980170965
Latency: 0.0038680131547152996
Latency: 0.004286502953618765
Latency: 0.003825797000899911
Latency: 0.0037922740448266268
Latency: 0.004104088991880417
Latency: 0.0037929611280560493
Latency: 0.0037339110858738422
Latency: 0.004028192954137921
Latency: 0.0037303161807358265
Latency: 0.0037369008641690016
Latency: 0.0044235959649086
Latency: 0.003739692037925124
Latency: 0.003718300024047494
Latency: 0.0038190148770809174
Latency: 0.0037514399737119675
Latency: 0.0037080959882587194
Latency: 0.004014002159237862
Latency: 0.0038672960363328457
Latency: 0.0037128960248082876
Latency: 0.0040281719993799925
Latency: 0.003733642166480422
Latency: 0.0037242800462991
Latency: 0.004013481084257364
Latency: 0.0037226579152047634
Latency: 0.0037233917973935604
Latency: 0.004021380795165896
Latency: 0.0037288980092853308
Latency: 0.003724992973729968
Latency: 0.004034522920846939
Latency: 0.0037318901158869267
Latency: 0.0037318530958145857
Latency: 0.004025683039799333
Latency: 0.003707328112795949
Latency: 0.0038772160187363625
Latency: 0.004000880988314748
Latency: 0.0037603050004690886
Latency: 0.0037579277995973825
Latency: 0.004040620988234878
Latency: 0.003811643924564123
Latency: 0.0037324191071093082
Latency: 0.004030154086649418
Latency: 0.0037301580887287855
Latency: 0.0037308968603610992
Latency: 0.004014072939753532
Latency: 0.003722710069268942
Latency: 0.003740770975127816
Latency: 0.0038472539745271206
Latency: 0.003696948057040572
Latency: 0.0351281319744885
Latency: 0.004814312094822526
Latency: 0.004125931998714805
Latency: 0.0037865228950977325
Latency: 0.003987862961366773
Latency: 0.00377480685710907
Latency: 0.003751847892999649
Latency: 0.0040265461429953575
Latency: 0.0037465482018887997
Latency: 0.003756276099011302
Latency: 0.0038641479332000017
Latency: 0.0037180979270488024
Latency: 0.0040232709143310785
Latency: 0.0037335101515054703
Latency: 0.003728735027834773
Latency: 0.0038536128122359514
Latency: 0.003714027116075158
Latency: 0.004156610928475857
Latency: 0.00372914201579988
Latency: 0.003744357032701373
Latency: 0.0038476891350001097
Latency: 0.0037423069588840008
Latency: 0.004013014025986195
Latency: 0.003740991000086069
Latency: 0.003715923987329006
Latency: 0.003933302126824856
Latency: 0.0037423649337142706
Latency: 0.004021481145173311
Latency: 0.0037342780269682407
Latency: 0.0037226108834147453
Latency: 0.003858315059915185
Latency: 0.00375466700643301
Latency: 0.003966346150264144
Latency: 0.003866930026561022
Latency: 0.0037304291035979986
Latency: 0.00399552402086556
Latency: 0.0037297469098120928
Latency: 0.0037157880142331123
Latency: 0.004006998846307397
Latency: 0.0037862618919461966
Latency: 0.003713954007253051
Latency: 0.004024006891995668
Latency: 0.003770240815356374
Latency: 0.0037102082278579473
Latency: 0.0039910608902573586
Latency: 0.0037260360550135374
Latency: 0.003721577115356922
Latency: 0.004007956013083458
Latency: 0.003753117984160781
Latency: 0.0038586249575018883
Latency: 0.00403911410830915
Latency: 0.0037662999238818884
Latency: 0.003737187013030052
Latency: 0.004005321068689227
Latency: 0.003748683026060462
Latency: 0.0037164080422371626
Latency: 0.004033962031826377
Latency: 0.003764919936656952
Latency: 0.00372892408631742
Latency: 0.004014724865555763
Latency: 0.003733583027496934
Latency: 0.003867122810333967
Latency: 0.004031272837892175
Latency: 0.0037480718456208706
Latency: 0.00374720711261034
Latency: 0.004639403894543648
Latency: 0.0037120399065315723
Latency: 0.0037200909573584795
Latency: 0.003972112899646163
Latency: 0.003731274977326393
Latency: 0.003713575890287757
Latency: 0.0039586450438946486
Latency: 0.0037413800600916147
Latency: 0.003705832874402404
Latency: 0.00395748601295054
Latency: 0.003926876001060009
Latency: 0.004101564176380634
Latency: 0.004067376023158431
Latency: 0.0037430990487337112
Latency: 0.0037319790571928024
Latency: 0.0039655889850109816
Latency: 0.003880418138578534
Latency: 0.0037375420797616243
Latency: 0.003975710133090615
Latency: 0.003734922967851162
Latency: 0.003717901883646846
Latency: 0.003997810883447528
Latency: 0.003743034088984132
Latency: 0.0037248891312628984
Latency: 0.003984756069257855
Latency: 0.003736899932846427
Latency: 0.003737658029422164
Latency: 0.003961163805797696
Latency: 0.0037592658773064613
Latency: 0.0037549070548266172
Latency: 0.0039828200824558735
Latency: 0.00372914201579988
Latency: 0.003865920938551426
Latency: 0.003987438045442104
Latency: 0.0037478560116142035
Latency: 0.0037330989725887775
Latency: 0.004590615164488554
Latency: 0.0037130240816622972
Latency: 0.0037117491010576487
Latency: 0.0038766309153288603
Latency: 0.0037198311183601618
Latency: 0.003713729092851281
Latency: 0.004021637141704559
Latency: 0.003754290984943509
Latency: 0.0037193919997662306
Latency: 0.003994117025285959
Latency: 0.0037128180265426636
Latency: 0.003714294172823429
Latency: 0.00417031510733068
Latency: 0.0037306658923625946
Latency: 0.003712654812261462
Latency: 0.004027495859190822
Latency: 0.0037297301460057497
Latency: 0.0037054161075502634
Latency: 0.004024019930511713
Latency: 0.0037204178515821695
Latency: 0.0037340070120990276
Latency: 0.004034576006233692
Latency: 0.0037273408379405737
Latency: 0.0037113421130925417
Latency: 0.003986405907198787
Latency: 0.003705893876031041
Latency: 0.0037247128784656525
Latency: 0.0040119311306625605
Latency: 0.0038464439567178488
Latency: 0.003721735905855894
Latency: 0.004028313094750047
Latency: 0.003715462051331997
Latency: 0.0037333820946514606
Latency: 0.003996070008724928
Latency: 0.00372740114107728
Latency: 0.0038900659419596195
Latency: 0.0038459859788417816
Latency: 0.003723879111930728
Latency: 0.004008047049865127
Latency: 0.0037326528690755367
Latency: 0.0037178220227360725
Latency: 0.003989288117736578
Latency: 0.0037510679103434086
Latency: 0.003720692126080394
Latency: 0.0041327879298478365
Latency: 0.0037453279364854097
Latency: 0.003710020100697875
Latency: 0.003977071028202772
Latency: 0.0037460948806256056
Latency: 0.0037214590702205896
Latency: 0.004021449945867062
Latency: 0.003759531071409583
Latency: 0.003730870084837079
Latency: 0.003994499100372195
Latency: 0.0037496851291507483
Latency: 0.0037214949261397123
Latency: 0.003998055821284652
Latency: 0.0037532630376517773
Latency: 0.0037159740459173918
Latency: 0.004007141105830669
Latency: 0.0038677528500556946
Latency: 0.003726569004356861
Latency: 0.004007174866273999
Latency: 0.003752104938030243
Latency: 0.0037223459221422672
Latency: 0.00403876812197268
Latency: 0.0037341169081628323
Latency: 0.0037249140441417694
Latency: 0.0040243149269372225
Latency: 0.003745896043255925
Latency: 0.0037363560404628515
Latency: 0.004320416832342744
Latency: 0.0037275180220603943
Latency: 0.0037134268786758184
Latency: 0.0038290631491690874
Latency: 0.003737691091373563
Latency: 0.0038483389653265476
Latency: 0.0039821460377424955
Latency: 0.0037434350233525038
Latency: 0.003722274908795953
Latency: 0.0040409930516034365
Latency: 0.0037256900686770678
Latency: 0.0037144278176128864
Latency: 0.004001055844128132
Latency: 0.003711540950462222
Latency: 0.003719664877280593
Latency: 0.00401644897647202
Latency: 0.0037290898617357016
Latency: 0.0037201298400759697
Latency: 0.0040186180267483
Latency: 0.0037307478487491608
Latency: 0.003701490117236972
Latency: 0.004154421854764223
Latency: 0.0037296318914741278
Latency: 0.003725198097527027
Latency: 0.004033467033877969
Latency: 0.0037427390925586224
Latency: 0.0037115190643817186
Latency: 0.004049506038427353
Latency: 0.003718562889844179
Latency: 0.0037192748859524727
Latency: 0.0040310348849743605
Latency: 0.003774502081796527
Latency: 0.0037585569079965353
Latency: 0.004029367817565799
Latency: 0.0037418720312416553
Latency: 0.0037490418180823326
Latency: 0.004450283013284206
Latency: 0.0041219310369342566
Latency: 0.004138395190238953
Latency: 0.003856418188661337
Latency: 0.0038090990856289864
Latency: 0.004099641926586628
Latency: 0.0038246382027864456
Latency: 0.0037590968422591686
Latency: 0.004050989868119359
Latency: 0.0037482529878616333
Latency: 0.00374620221555233
Latency: 0.004035575082525611
Latency: 0.0037607168778777122
Latency: 0.003733922028914094
Latency: 0.004044889938086271
Latency: 0.003727395087480545
Latency: 0.0037127910181879997
Latency: 0.004173981957137585
Latency: 0.0037322610151022673
Latency: 0.0037303969729691744
Latency: 0.004029201110824943
Latency: 0.003745773807168007
Latency: 0.003715176833793521
Latency: 0.004025081871077418
Latency: 0.0037362209986895323
Latency: 0.0037407269701361656
Latency: 0.004024237859994173
Latency: 0.003748188028112054
Latency: 0.003734409809112549
Latency: 0.004031782038509846
Latency: 0.0037551349960267544
Latency: 0.0037258940283209085
Latency: 0.00403225002810359
Latency: 0.00388393085449934
Latency: 0.003722506109625101
Latency: 0.0043243770487606525
Latency: 0.0037349818740040064
Latency: 0.0037037928123027086
Latency: 0.003833184950053692
Latency: 0.00373372295871377
Latency: 0.0037086368538439274
Latency: 0.0039733259472996
Latency: 0.0037439910229295492
Latency: 0.0037258670199662447
Latency: 0.00403657415881753
Latency: 0.0037269049789756536
Latency: 0.0037282619159668684
Latency: 0.004045669920742512
Latency: 0.0037203901447355747
Latency: 0.0038839259650558233
Latency: 0.004009217955172062
Latency: 0.0037318780086934566
Latency: 0.0037166730035096407
Latency: 0.004099212819710374
Latency: 0.003750298172235489
Latency: 0.0037392659578472376
Latency: 0.0040039480663836
Latency: 0.0037106580566614866
Latency: 0.003748011076822877
Latency: 0.004023764049634337
Latency: 0.0037248670123517513
Latency: 0.003713458077982068
Latency: 0.004014985868707299
Latency: 0.003719000844284892
Latency: 0.0037306209560483694
Latency: 0.004156893817707896
Latency: 0.0037191009614616632
Latency: 0.003731118980795145
Latency: 0.004020533990114927
Latency: 0.003747830167412758
Latency: 0.003745744004845619
Latency: 0.0038050650618970394
Latency: 0.0037304928991943598
Latency: 0.003976872190833092
Latency: 0.0037224888801574707
Latency: 0.003734571859240532
Latency: 0.004045027075335383
Latency: 0.0037321760319173336
Latency: 0.0037221480160951614
Latency: 0.004009596072137356
Latency: 0.003745392896234989
Latency: 0.003844374092295766
Latency: 0.004013804951682687
Latency: 0.0037490790709853172
Latency: 0.0037245601415634155
Latency: 0.004014373058453202
Latency: 0.0037543820217251778
Latency: 0.003704993985593319
Latency: 0.0040312400087714195
Latency: 0.003726875176653266
Latency: 0.0036964821629226208
Latency: 0.004011492012068629
Latency: 0.0037528269458562136
Latency: 0.0036963049788028
Latency: 0.004020657856017351
Latency: 0.0037536430172622204
Latency: 0.003720747074112296
Latency: 0.004156831884756684
Latency: 0.003740662941709161
Latency: 0.0037134878803044558
Latency: 0.004018822917714715
Latency: 0.0037531759589910507
Latency: 0.003719429951161146
Latency: 0.004024982918053865
Latency: 0.003736502956598997
Latency: 0.0037104489747434855
Latency: 0.004326342837885022
Latency: 0.003738545812666416
Latency: 0.0036968979984521866
Latency: 0.0038025490939617157
Latency: 0.0037349029444158077
Latency: 0.0037071830593049526
Latency: 0.003972957143560052
Latency: 0.0038660771679133177
Latency: 0.003717383136972785
Latency: 0.004006427945569158
Latency: 0.003734914818778634
Latency: 0.0037347630131989717
Latency: 0.004023452056571841
Latency: 0.003715584985911846
Latency: 0.0037290409673005342
Latency: 0.004041485954076052
Latency: 0.0037426729686558247
Latency: 0.003697525942698121
Latency: 0.004033339908346534
Latency: 0.0037574481684714556
Latency: 0.0037432259414345026
Latency: 0.004013638012111187
Latency: 0.003716836916282773
Latency: 0.0038214800879359245
Latency: 0.004000738961622119
Latency: 0.003741373075172305
Latency: 0.004302632994949818
Latency: 0.004428541054949164
Latency: 0.003915197914466262
Latency: 0.003915626090019941
Latency: 0.004229692043736577
Latency: 0.003919726004824042
Latency: 0.0039104921743273735
Latency: 0.004090894013643265
Latency: 0.003739277133718133
Latency: 0.003742025000974536
Latency: 0.003852275898680091
Latency: 0.0037219789810478687
Latency: 0.003999360138550401
Latency: 0.003873573848977685
Latency: 0.0037437931168824434
Latency: 0.004001522203907371
Latency: 0.0037459188606590033
Latency: 0.003954391926527023
Latency: 0.004050096962600946
Latency: 0.0037519901525229216
Latency: 0.0037268081214278936
Latency: 0.0040239980444312096
Latency: 0.0037420610897243023
Latency: 0.003707192838191986
Latency: 0.004005172057077289
Latency: 0.003763173008337617
Latency: 0.003717585001140833
Latency: 0.00400931085459888
Latency: 0.003736343001946807
Latency: 0.003855734132230282
Latency: 0.004013256868347526
Latency: 0.0037369970232248306
Latency: 0.003748310962691903
Latency: 0.0040414121467620134
Latency: 0.0037392619997262955
Latency: 0.0037342170253396034
Latency: 0.004046397982165217
Latency: 0.003737849183380604
Latency: 0.0036992859095335007
Latency: 0.004016316030174494
Latency: 0.003733422141522169
Latency: 0.0037116198800504208
Latency: 0.004014706937596202
Latency: 0.003749419003725052
Latency: 0.003726663999259472
Latency: 0.004420050885528326
Latency: 0.003749523079022765
Latency: 0.003702278947457671
Latency: 0.0038044778630137444
Latency: 0.003716658102348447
Latency: 0.0037096559535712004
Latency: 0.0040442380122840405
Latency: 0.003722483990713954
Latency: 0.0036864171270281076
Latency: 0.004013711120933294
Latency: 0.0037098820321261883
Latency: 0.0037073218263685703
Latency: 0.004009166033938527
Latency: 0.0037150538992136717
Latency: 0.0037111041601747274
Latency: 0.004045924870297313
Latency: 0.00384551496244967
Latency: 0.0037060200702399015
Latency: 0.004016234073787928
Latency: 0.0037297417875379324
Latency: 0.0037011129315942526
Latency: 0.004043281078338623
Latency: 0.003728606039658189
Latency: 0.003704751841723919
Latency: 0.004033453995361924
Latency: 0.003732674987986684
Latency: 0.0037046282086521387
Latency: 0.0040163639932870865
Latency: 0.0037070459220558405
Latency: 0.0037018039729446173
Latency: 0.003997130785137415
Latency: 0.0036981001030653715
Latency: 0.003865637117996812
Latency: 0.00404145591892302
Latency: 0.0037257990334182978
Latency: 0.003729090094566345
Latency: 0.003855812130495906
Latency: 0.0037234891206026077
Latency: 0.003941441886126995
Latency: 0.0037596921902149916
Latency: 0.0037272819317877293
Latency: 0.004013797035440803
Latency: 0.003745785215869546
Latency: 0.003741486929357052
Latency: 0.004031477961689234
Latency: 0.0037247310392558575
Latency: 0.003922874107956886
Latency: 0.004042054060846567
Latency: 0.003923995885998011
Latency: 0.0037222940009087324
Latency: 0.004003830021247268
Latency: 0.003759226994588971
Latency: 0.003724647918716073
Latency: 0.004034378100186586
Latency: 0.0038101798854768276
Latency: 0.003793776035308838
Latency: 0.004092596936970949
Latency: 0.003811867209151387
Latency: 0.003809738904237747
Latency: 0.0039963198360055685
Latency: 0.003723242087289691
Latency: 0.003704804927110672
Latency: 0.004012424033135176
Latency: 0.0037485589273273945
Latency: 0.003862059209495783
Latency: 0.004066521069034934
Latency: 0.0037294060457497835
Latency: 0.003705246839672327
Latency: 0.004014245932921767
Latency: 0.0037538569886237383
Latency: 0.003720145905390382
Latency: 0.004316379781812429
Latency: 0.003730915952473879
Latency: 0.003712170058861375
Latency: 0.003765858942642808
Latency: 0.003731094067916274
Latency: 0.003731908043846488
Latency: 0.003993012011051178
Latency: 0.003739328822121024
Latency: 0.003699720138683915
Latency: 0.0041135631036013365
Latency: 0.0037037970032542944
Latency: 0.0037037900183349848
Latency: 0.004020384047180414
Latency: 0.003707889001816511
Latency: 0.0037229619920253754
Latency: 0.004057748010382056
Latency: 0.004279282176867127
Latency: 0.003737842896953225
Latency: 0.004045977024361491
Latency: 0.003738798899576068
Latency: 0.0037330728955566883
Latency: 0.004008356016129255
Latency: 0.003724974114447832
Latency: 0.003752456046640873
Latency: 0.004038874991238117
Latency: 0.003852801164612174
Latency: 0.003722769906744361
Latency: 0.004041255917400122
Latency: 0.0037397928535938263
Latency: 0.003760481020435691
Latency: 0.004013072932139039
Latency: 0.003715157974511385
Latency: 0.0037099411711096764
Latency: 0.004030731040984392
Latency: 0.0037372109945863485
Latency: 0.0037308698520064354
Latency: 0.003807754023000598
Latency: 0.0037130210548639297
Latency: 0.004008128074929118
Latency: 0.0037407660856842995
Latency: 0.0037223398685455322
Latency: 0.004153330810368061
Latency: 0.003754842095077038
Latency: 0.0037125921808183193
Latency: 0.003996760118752718
Latency: 0.0037347751203924417
Latency: 0.00372534291818738
Latency: 0.003984405193477869
Latency: 0.0037562500219792128
Latency: 0.0037206988781690598
Latency: 0.004000899847596884
Latency: 0.003764177905395627
Latency: 0.0037228520959615707
Latency: 0.004010375123471022
Latency: 0.003728942945599556
Latency: 0.0036967548076063395
Latency: 0.003998140804469585
Latency: 0.003863624995574355
Latency: 0.0037195668555796146
Latency: 0.003992711892351508
Latency: 0.0037659499794244766
Latency: 0.0037139940541237593
Latency: 0.004023812944069505
Latency: 0.00372330192476511
Latency: 0.0037185100372880697
Latency: 0.004024489084258676
Latency: 0.0037428131327033043
Latency: 0.003710067132487893
Latency: 0.004014614969491959
Latency: 0.0037501670885831118
Latency: 0.003719154978170991
Latency: 0.004225819138810039
Latency: 0.0037468899972736835
Latency: 0.003843344049528241
Latency: 0.00380180892534554
Latency: 0.003723377827554941
Latency: 0.0037077991291880608
Latency: 0.0039878650568425655
Latency: 0.0037371248472481966
Latency: 0.00371765298768878
Latency: 0.003981261979788542
Latency: 0.003715665079653263
Latency: 0.0037249450106173754
Latency: 0.004026206210255623
Latency: 0.0037060610484331846
Latency: 0.0038091219030320644
Latency: 0.0040750280022621155
Latency: 0.0038143270649015903
Latency: 0.0037910689134150743
Latency: 0.00416515301913023
Latency: 0.0037257838994264603
Latency: 0.0037176189944148064
Latency: 0.004029311006888747
Latency: 0.003760994877666235
Latency: 0.003743045963346958
Latency: 0.004030790878459811
Latency: 0.0037182809319347143
Latency: 0.00371381314471364
Latency: 0.004011849174275994
Latency: 0.0037159998901188374
Latency: 0.003725373186171055
Latency: 0.004012395860627294
Latency: 0.0037241841200739145
Latency: 0.0037368040066212416
Latency: 0.00404066382907331
Latency: 0.0038504069671034813
Latency: 0.003712303936481476
Latency: 0.003789264941588044
Latency: 0.0037143321242183447
Latency: 0.003995132865384221
Latency: 0.0037728671450167894
Latency: 0.0037189009599387646
Latency: 0.003994510974735022
Latency: 0.0037349730264395475
Latency: 0.0037251559551805258
Latency: 0.0040329990442842245
Latency: 0.0037460189778357744
Latency: 0.003730830969288945
Latency: 0.004002292174845934
Latency: 0.004429060034453869
Latency: 0.004918340127915144
Latency: 0.004574828781187534
Latency: 0.0038402890786528587
Latency: 0.0037303990684449673
Latency: 0.004026921931654215
Latency: 0.003744157962501049
Latency: 0.0037179531063884497
Latency: 0.004026625072583556
Latency: 0.003758062142878771
Latency: 0.003715264843776822
Latency: 0.00399686791934073
Latency: 0.003751697950065136
Latency: 0.003714023856446147
Latency: 0.0040196680929511786
Latency: 0.003740002866834402
Latency: 0.0037154860328882933
Latency: 0.0040208399295806885
Latency: 0.003884074045345187
Latency: 0.0037173519376665354
Latency: 0.004006434930488467
Latency: 0.003747213864699006
Latency: 0.0037079390604048967
Latency: 0.004284070106223226
Latency: 0.0037092019338160753
Latency: 0.003698797896504402
Latency: 0.003778410842642188
Latency: 0.0037254549097269773
Latency: 0.003943033050745726
Latency: 0.004257416119799018
Latency: 0.0038540768437087536
Latency: 0.0037404950708150864
Latency: 0.003839914919808507
Latency: 0.0037420950829982758
Latency: 0.0038932349998503923
Latency: 0.003999937092885375
Latency: 0.003743519075214863
Latency: 0.003728254931047559
Latency: 0.004024276044219732
Latency: 0.0037173330783843994
Latency: 0.0037309150211513042
Latency: 0.003996002022176981
Latency: 0.0037108759861439466
Latency: 0.0037395181134343147
Latency: 0.004027211107313633
Latency: 0.003728482872247696
Latency: 0.003719005035236478
Latency: 0.004018894862383604
Latency: 0.0037161801010370255
Latency: 0.0037455179262906313
Latency: 0.00424352684058249
Latency: 0.003734002122655511
Latency: 0.0037289061583578587
Latency: 0.0044290481600910425
Latency: 0.0038894349709153175
Latency: 0.0038242400623857975
Latency: 0.0039893449284136295
