Latency: 0.9265516679733992
Latency: 1.3959499290212989
Latency: 1.4489520438946784
Latency: 1.5841980089899153
Latency: 1.4401618849951774
Latency: 1.3437805299181491
Latency: 1.4501606058329344
Latency: 1.3150330539792776
Latency: 1.3336720310617238
Latency: 1.3366879019886255
Latency: 1.4093011349905282
Latency: 0.8371104169636965
Latency: 0.014041671063750982
Latency: 0.01363068982027471
Latency: 0.010000108042731881
Latency: 0.009620831813663244
Latency: 0.007527034962549806
Latency: 0.007653516950085759
Latency: 0.007796762976795435
Latency: 0.007811467861756682
Latency: 0.0074610160663723946
Latency: 0.007423713803291321
Latency: 0.00739006488583982
Latency: 0.007429424906149507
Latency: 0.007469872012734413
Latency: 0.007250593975186348
Latency: 0.00882052001543343
Latency: 0.0076048350892961025
Latency: 0.007410225924104452
Latency: 0.007426593918353319
Latency: 0.007539757061749697
Latency: 0.007417503045871854
Latency: 0.007511305157095194
Latency: 0.007720454828813672
Latency: 0.007429503137245774
Latency: 0.007437999127432704
Latency: 0.0075342170894145966
Latency: 0.007517891004681587
Latency: 0.0089342650026083
Latency: 0.007388917962089181
Latency: 0.007588610053062439
Latency: 0.007465236121788621
Latency: 0.0073949419893324375
Latency: 0.007511609001085162
Latency: 0.007533317897468805
Latency: 0.00747345807030797
Latency: 0.007412377977743745
Latency: 0.007367379032075405
Latency: 0.007348298095166683
Latency: 0.0073216978926211596
Latency: 0.008583717979490757
Latency: 0.007349696941673756
Latency: 0.007368002086877823
Latency: 0.0074263280257582664
Latency: 0.0073488259222358465
Latency: 0.007245725952088833
Latency: 0.007377573987469077
Latency: 0.007482198067009449
Latency: 0.007499390048906207
Latency: 0.00772871496155858
Latency: 0.007252444978803396
Latency: 0.007260751910507679
Latency: 0.008570556994527578
Latency: 0.00754554895684123
Latency: 0.00739490007981658
Latency: 0.007504776120185852
Latency: 0.00763690983876586
Latency: 0.007364755030721426
Latency: 0.007488146889954805
Latency: 0.007462067063897848
Latency: 0.007623078068718314
Latency: 0.00740898703224957
Latency: 0.0074219179805368185
Latency: 0.007553592091426253
Latency: 0.009755501989275217
Latency: 0.007924417965114117
Latency: 0.007806607987731695
Latency: 0.0076905430760234594
Latency: 0.008065853966400027
Latency: 0.0075683449395000935
Latency: 0.008065145928412676
Latency: 0.007553305942565203
Latency: 0.007600473007187247
Latency: 0.007640057941898704
Latency: 0.007631456013768911
Latency: 0.0076658951584249735
Latency: 0.008869410958141088
Latency: 0.007450353121384978
Latency: 0.007424251874908805
Latency: 0.0074958279728889465
Latency: 0.007596421986818314
Latency: 0.007634596899151802
Latency: 0.007577609037980437
Latency: 0.007402787916362286
Latency: 0.007365951081737876
Latency: 0.007351499050855637
Latency: 0.0073395350482314825
Latency: 0.0074931359849870205
Latency: 0.008517703041434288
Latency: 0.007416249951347709
Latency: 0.007484938949346542
Latency: 0.0073720491491258144
Latency: 0.007338663097470999
Latency: 0.007337878225371242
Latency: 0.00742973992601037
Latency: 0.0074044091161340475
Latency: 0.007325571030378342
Latency: 0.0073881568387150764
Latency: 0.007613379042595625
Latency: 0.007617015857249498
Latency: 0.009001222904771566
Latency: 0.00760814780369401
Latency: 0.0074776699766516685
Latency: 0.007475076010450721
Latency: 0.007629054831340909
Latency: 0.00748533895239234
Latency: 0.0073206250090152025
Latency: 0.007287770975381136
Latency: 0.007277871947735548
Latency: 0.007320825941860676
Latency: 0.00736966310068965
Latency: 0.007313915062695742
Latency: 0.008771343156695366
Latency: 0.007491924101486802
Latency: 0.0073774829506874084
Latency: 0.007263323059305549
Latency: 0.007229974027723074
Latency: 0.007241977145895362
Latency: 0.007206659996882081
Latency: 0.007319175871089101
Latency: 0.007349999155849218
Latency: 0.007322083925828338
Latency: 0.007404998177662492
Latency: 0.00733641698025167
Latency: 0.008611144032329321
Latency: 0.007448981981724501
Latency: 0.007468607043847442
Latency: 0.007370209088549018
Latency: 0.007361646043136716
Latency: 0.007522780913859606
Latency: 0.007484149187803268
Latency: 0.007333565037697554
Latency: 0.0073815949726849794
Latency: 0.007458741078153253
Latency: 0.007363765966147184
Latency: 0.007349248044192791
Latency: 0.00846958695910871
Latency: 0.0074474269058555365
Latency: 0.007427892880514264
Latency: 0.007364266086369753
Latency: 0.0072757769376039505
Latency: 0.007449827156960964
Latency: 0.008089435053989291
Latency: 0.007610726868733764
Latency: 0.007693202933296561
Latency: 0.007637856062501669
Latency: 0.0074213710613548756
Latency: 0.007388025987893343
Latency: 0.008791805012151599
Latency: 0.007441113004460931
Latency: 0.0074509200640022755
Latency: 0.00739279598928988
Latency: 0.0074257689993828535
Latency: 0.007389649050310254
Latency: 0.007378845941275358
Latency: 0.007608080981299281
Latency: 0.007476696046069264
Latency: 0.00743544683791697
Latency: 0.007367935962975025
Latency: 0.007567818043753505
Latency: 0.008532801177352667
Latency: 0.007663181982934475
Latency: 0.007374394917860627
Latency: 0.007409118115901947
Latency: 0.0073520950973033905
Latency: 0.007367557846009731
Latency: 0.0073470070492476225
Latency: 0.007394860032945871
Latency: 0.007461959030479193
Latency: 0.007518000900745392
Latency: 0.00757441995665431
Latency: 0.00746812392026186
Latency: 0.008286804892122746
Latency: 0.007409160956740379
Latency: 0.007604652084410191
Latency: 0.007420720066875219
Latency: 0.007469496922567487
Latency: 0.00758463004603982
Latency: 0.007401145063340664
Latency: 0.007360978052020073
Latency: 0.007387094898149371
Latency: 0.007402751129120588
Latency: 0.007213440956547856
Latency: 0.0072984760627150536
Latency: 0.00860547088086605
Latency: 0.007406675955280662
Latency: 0.007325681857764721
Latency: 0.007494722958654165
Latency: 0.007452451158314943
Latency: 0.007479405961930752
Latency: 0.007346804020926356
Latency: 0.007348355837166309
Latency: 0.007412913953885436
Latency: 0.007534716045483947
Latency: 0.007396422093734145
Latency: 0.0074984850361943245
Latency: 0.008699073921889067
Latency: 0.007444772869348526
Latency: 0.0074055378790944815
Latency: 0.007414876949042082
Latency: 0.007446312112733722
Latency: 0.007402769988402724
Latency: 0.0074483591597527266
Latency: 0.0073996668215841055
Latency: 0.0072994588408619165
Latency: 0.007305241888388991
Latency: 0.007247471949085593
Latency: 0.007477662991732359
Latency: 0.00870187277905643
Latency: 0.007522426079958677
Latency: 0.007371801882982254
Latency: 0.00747258891351521
Latency: 0.007335759000852704
Latency: 0.007430382072925568
Latency: 0.007953837979584932
Latency: 0.007482125889509916
Latency: 0.00748758390545845
Latency: 0.007388786179944873
Latency: 0.0072986281011253595
Latency: 0.007293858099728823
Latency: 0.009192700032144785
Latency: 0.007346795871853828
Latency: 0.007277707802131772
Latency: 0.007401684997603297
Latency: 0.007514710072427988
Latency: 0.007621789816766977
Latency: 0.007341905031353235
Latency: 0.007484990870580077
Latency: 0.007273450028151274
Latency: 0.007351285079494119
Latency: 0.0072030972223728895
Latency: 0.007463769055902958
Latency: 0.0086880789604038
Latency: 0.007403013063594699
Latency: 0.007348548853769898
Latency: 0.007270946865901351
Latency: 0.0072158570401370525
Latency: 0.007284505059942603
Latency: 0.007397345034405589
Latency: 0.007505957968533039
Latency: 0.00748810893855989
Latency: 0.007539307000115514
Latency: 0.007269805995747447
Latency: 0.007301399018615484
Latency: 0.008235628949478269
Latency: 0.00733914808370173
Latency: 0.007355213863775134
Latency: 0.007360253948718309
Latency: 0.007416512118652463
Latency: 0.0074964771047234535
Latency: 0.0074443460907787085
Latency: 0.007480724947527051
Latency: 0.007483254885300994
Latency: 0.007334220921620727
Latency: 0.007347024045884609
Latency: 0.007187490118667483
Latency: 0.008576160063967109
Latency: 0.007580621168017387
Latency: 0.00734534696675837
Latency: 0.007374454056844115
Latency: 0.007520437939092517
Latency: 0.007540595950558782
Latency: 0.0074972419533878565
Latency: 0.007438997970893979
Latency: 0.007372272200882435
Latency: 0.007491565076634288
Latency: 0.007276867050677538
Latency: 0.007185657974332571
Latency: 0.008619738044217229
Latency: 0.007328453008085489
Latency: 0.007362070959061384
Latency: 0.007347284117713571
Latency: 0.007527422858402133
Latency: 0.007667668163776398
Latency: 0.0074715400114655495
Latency: 0.00746889179572463
Latency: 0.007404807955026627
Latency: 0.007368059828877449
Latency: 0.00726753706112504
Latency: 0.007222651969641447
Latency: 0.008649836061522365
Latency: 0.007454872829839587
Latency: 0.007387751946225762
Latency: 0.007432318991050124
Latency: 0.007413357030600309
Latency: 0.007457362022250891
Latency: 0.008349841926246881
Latency: 0.00758473202586174
Latency: 0.007474210113286972
Latency: 0.007652391912415624
Latency: 0.007513604126870632
Latency: 0.007362772012129426
Latency: 0.008927287999540567
Latency: 0.007457089843228459
Latency: 0.007378053851425648
Latency: 0.007471436867490411
Latency: 0.007356455782428384
Latency: 0.007326823892071843
Latency: 0.007462169975042343
Latency: 0.0074044219218194485
Latency: 0.007457859115675092
Latency: 0.00736116711050272
Latency: 0.007131651975214481
Latency: 0.007139073219150305
Latency: 0.008583253948017955
Latency: 0.007483836961910129
Latency: 0.007352791028097272
Latency: 0.007555197924375534
Latency: 0.007477037142962217
Latency: 0.007369829108938575
Latency: 0.007326239021494985
Latency: 0.007405176991596818
Latency: 0.007483039982616901
Latency: 0.007366755977272987
Latency: 0.007203620858490467
Latency: 0.007143598049879074
Latency: 0.00852343998849392
Latency: 0.007388452999293804
Latency: 0.007359626004472375
Latency: 0.007304314989596605
Latency: 0.007519476814195514
Latency: 0.00753328506834805
Latency: 0.007436039159074426
Latency: 0.007351826876401901
Latency: 0.007399009075015783
Latency: 0.007391461171209812
Latency: 0.007246928988024592
Latency: 0.007291364949196577
Latency: 0.008541357005015016
Latency: 0.007348568877205253
Latency: 0.007372875930741429
Latency: 0.00752086890861392
Latency: 0.00744650000706315
Latency: 0.007405030075460672
Latency: 0.007507564965635538
Latency: 0.007506566820666194
Latency: 0.007330640917643905
Latency: 0.007468396099284291
Latency: 0.007359960116446018
Latency: 0.007525854976847768
Latency: 0.00887404102832079
Latency: 0.007435098988935351
Latency: 0.007236655801534653
Latency: 0.00748409004881978
Latency: 0.007437177933752537
Latency: 0.007491882890462875
Latency: 0.007573906099423766
Latency: 0.007390995975583792
Latency: 0.007499429862946272
Latency: 0.007427547127008438
Latency: 0.007308760192245245
Latency: 0.007342558121308684
Latency: 0.008547376841306686
Latency: 0.13214546092785895
Latency: 0.008024117909371853
Latency: 0.007450844859704375
Latency: 0.0072462609969079494
Latency: 0.0072603721637278795
Latency: 0.00747841689735651
Latency: 0.007436195854097605
Latency: 0.007297158939763904
Latency: 0.007299316115677357
Latency: 0.007344581885263324
Latency: 0.0070751740131527185
Latency: 0.0072871551383286715
Latency: 0.007267164997756481
Latency: 0.007369652856141329
Latency: 0.0073771108873188496
Latency: 0.007195685990154743
Latency: 0.007171120028942823
Latency: 0.007241659099236131
Latency: 0.007148378994315863
Latency: 0.0071969779673963785
Latency: 0.007172879064455628
Latency: 0.008142135106027126
Latency: 0.007201319793239236
Latency: 0.007303175982087851
Latency: 0.007272884948179126
Latency: 0.007175135891884565
Latency: 0.007107438053935766
Latency: 0.007213265867903829
Latency: 0.0072161369025707245
Latency: 0.007250851020216942
Latency: 0.007232974050566554
Latency: 0.007360134972259402
Latency: 0.00834212894551456
Latency: 0.007288859924301505
Latency: 0.00732634193263948
Latency: 0.007279317127540708
Latency: 0.0073165129870176315
Latency: 0.00733029586263001
Latency: 0.00724153290502727
Latency: 0.00718938815407455
Latency: 0.0072086111176759005
Latency: 0.007367752958089113
Latency: 0.007264815969392657
Latency: 0.008335355902090669
Latency: 0.007419768953695893
Latency: 0.007420071167871356
Latency: 0.007225771900266409
Latency: 0.007352299988269806
Latency: 0.0073474738746881485
Latency: 0.007207397138699889
Latency: 0.007361319148913026
Latency: 0.007201955886557698
Latency: 0.007365558994933963
Latency: 0.007380782859399915
Latency: 0.00857072090730071
Latency: 0.00726538198068738
Latency: 0.007175087928771973
Latency: 0.007310135057196021
Latency: 0.007357289083302021
Latency: 0.007355602225288749
Latency: 0.007079110015183687
Latency: 0.007162255002185702
Latency: 0.007185105001553893
Latency: 0.007894127862527966
Latency: 0.007492476142942905
Latency: 0.008517088834196329
Latency: 0.007194505073130131
Latency: 0.007255482021719217
Latency: 0.007084836019203067
Latency: 0.007287312997505069
Latency: 0.007244901033118367
Latency: 0.007136661093682051
Latency: 0.007269062101840973
Latency: 0.007272837916389108
Latency: 0.007321172161027789
Latency: 0.0073023398872464895
Latency: 0.008269860874861479
Latency: 0.007224881090223789
Latency: 0.007277587195858359
Latency: 0.007293609902262688
Latency: 0.007285350002348423
Latency: 0.007099196081981063
Latency: 0.0073231360875070095
Latency: 0.007289299042895436
Latency: 0.0073048328049480915
Latency: 0.007294456008821726
Latency: 0.0072163601871579885
Latency: 0.008252753177657723
Latency: 0.007327982923015952
Latency: 0.007205303991213441
Latency: 0.007326144026592374
Latency: 0.007370384875684977
Latency: 0.007306223968043923
Latency: 0.007254321128129959
Latency: 0.007241792045533657
Latency: 0.007193069905042648
Latency: 0.007399962982162833
Latency: 0.00730301602743566
Latency: 0.01769096706993878
Latency: 0.007927724160254002
Latency: 0.0073690509889274836
Latency: 0.007576392963528633
Latency: 0.007479770807549357
Latency: 0.007235042983666062
Latency: 0.007429826073348522
Latency: 0.0074665669817477465
Latency: 0.007377845933660865
Latency: 0.007347596110776067
Latency: 0.007256295997649431
Latency: 0.008380190934985876
Latency: 0.007144084200263023
Latency: 0.007284014020115137
Latency: 0.0073429911863058805
Latency: 0.007330570137128234
Latency: 0.007329318905249238
Latency: 0.007221287814900279
Latency: 0.007273658877238631
Latency: 0.007209455827251077
Latency: 0.007203210843726993
Latency: 0.0071847590152174234
Latency: 0.008334244135767221
Latency: 0.007346812868490815
Latency: 0.0072931889444589615
Latency: 0.007364311022683978
Latency: 0.007155536906793714
Latency: 0.007191152079030871
Latency: 0.007238480029627681
Latency: 0.007237640209496021
Latency: 0.007473306031897664
Latency: 0.007312562083825469
Latency: 0.007347502978518605
Latency: 0.008461732184514403
Latency: 0.007289770990610123
Latency: 0.007242326159030199
Latency: 0.00749625894241035
Latency: 0.007659967057406902
Latency: 0.0073933599051088095
Latency: 0.0073265209794044495
Latency: 0.007338685914874077
Latency: 0.0072768081445246935
Latency: 0.007866306928917766
Latency: 0.007437696913257241
Latency: 0.00878518889658153
Latency: 0.0072904410772025585
Latency: 0.007327946135774255
Latency: 0.007292554946616292
Latency: 0.007160346955060959
Latency: 0.007182449800893664
Latency: 0.007191576063632965
Latency: 0.0071674908977001905
Latency: 0.007247354136779904
Latency: 0.007178439991548657
Latency: 0.007259381003677845
Latency: 0.007299053017050028
Latency: 0.007318560965359211
Latency: 0.007285804953426123
Latency: 0.007357077905908227
Latency: 0.007434347877278924
Latency: 0.007382869953289628
Latency: 0.007186620030552149
Latency: 0.0074276989325881
Latency: 0.007356878137215972
Latency: 0.007371703162789345
Latency: 0.007285288069397211
Latency: 0.008278249064460397
Latency: 0.00733053800649941
Latency: 0.007407953031361103
Latency: 0.007365273078903556
Latency: 0.007549707777798176
Latency: 0.007216533180326223
Latency: 0.007239890983328223
Latency: 0.007268818793818355
Latency: 0.0073414999060332775
Latency: 0.007300117984414101
Latency: 0.0072189990896731615
Latency: 0.008381796069443226
Latency: 0.007411526050418615
Latency: 0.007216063095256686
Latency: 0.007249796995893121
Latency: 0.007446492090821266
Latency: 0.0072805078234523535
Latency: 0.007185182999819517
Latency: 0.007282699923962355
Latency: 0.007181247929111123
Latency: 0.007305382052436471
Latency: 0.007260262034833431
Latency: 0.008464830927550793
Latency: 0.007234316086396575
Latency: 0.007284190040081739
Latency: 0.007415224798023701
Latency: 0.007189324824139476
Latency: 0.0071761589497327805
Latency: 0.0074257939122617245
Latency: 0.00734146311879158
Latency: 0.007373220985755324
Latency: 0.007308220956474543
Latency: 0.007238968042656779
Latency: 0.008314009988680482
Latency: 0.007371905958279967
Latency: 0.007190172094851732
Latency: 0.007147421827539802
Latency: 0.007369756931439042
Latency: 0.007254231022670865
Latency: 0.007085080957040191
Latency: 0.007180436048656702
Latency: 0.007327917963266373
Latency: 0.0072820051573216915
Latency: 0.007673841901123524
Latency: 0.008990051923319697
Latency: 0.007254797033965588
Latency: 0.0073250411078333855
Latency: 0.007437992841005325
Latency: 0.007170012919232249
Latency: 0.007301370147615671
Latency: 0.007508652051910758
Latency: 0.007381058996543288
Latency: 0.007345478981733322
Latency: 0.007263380801305175
Latency: 0.007258700905367732
Latency: 0.008438626071438193
Latency: 0.007133482955396175
Latency: 0.007264486979693174
Latency: 0.0074307608883827925
Latency: 0.0072206249460577965
Latency: 0.007455700077116489
Latency: 0.007347114849835634
Latency: 0.007225314853712916
Latency: 0.007350326981395483
Latency: 0.007201239001005888
Latency: 0.007247589062899351
Latency: 0.008491104003041983
Latency: 0.00750332698225975
Latency: 0.013306861044839025
Latency: 0.007446175906807184
Latency: 0.007237665122374892
Latency: 0.007241845829412341
Latency: 0.007384518859907985
Latency: 0.007347230799496174
Latency: 0.007194750942289829
Latency: 0.007155498024076223
Latency: 0.007373836822807789
Latency: 0.00844170805066824
Latency: 0.03539833682589233
Latency: 0.007350391009822488
Latency: 0.00736659299582243
Latency: 0.007312032859772444
Latency: 0.007469754898920655
Latency: 0.0072937291115522385
Latency: 0.007278323173522949
Latency: 0.007312174886465073
Latency: 0.007278731092810631
Latency: 0.007840653881430626
Latency: 0.007290787994861603
Latency: 0.007167492993175983
Latency: 0.00734962010756135
Latency: 0.007239353144541383
Latency: 0.007209243951365352
Latency: 0.007203409913927317
Latency: 0.007259874138981104
Latency: 0.007119645830243826
Latency: 0.0074396340642124414
Latency: 0.007409692974761128
Latency: 0.0074271829798817635
Latency: 0.008240679046139121
Latency: 0.00723226903937757
Latency: 0.007333755027502775
Latency: 0.007359756156802177
Latency: 0.007254861062392592
Latency: 0.007204596884548664
Latency: 0.007310108048841357
Latency: 0.007308692904189229
Latency: 0.007295167772099376
Latency: 0.007413927931338549
Latency: 0.007147074909880757
Latency: 0.00814329506829381
Latency: 0.006993328221142292
Latency: 0.007565333042293787
Latency: 0.007145501906052232
Latency: 0.0070609538815915585
Latency: 0.0072140078991651535
Latency: 0.007196869933977723
Latency: 0.007379947928711772
Latency: 0.007232192903757095
Latency: 0.0072572180069983006
Latency: 0.0074379839934408665
Latency: 0.007382574956864119
Latency: 0.008167626103386283
Latency: 0.007227248977869749
Latency: 0.007347872946411371
Latency: 0.007477158913388848
Latency: 0.00722131016664207
Latency: 0.007333914050832391
Latency: 0.007281698985025287
Latency: 0.007319589843973517
Latency: 0.007230919785797596
Latency: 0.0072921160608530045
Latency: 0.0072192540392279625
Latency: 0.008330461103469133
Latency: 0.007397673092782497
Latency: 0.007384981028735638
Latency: 0.007377180038020015
Latency: 0.007325551938265562
Latency: 0.007243074011057615
Latency: 0.007250569062307477
Latency: 0.007331745931878686
Latency: 0.007236299104988575
Latency: 0.0074909888207912445
Latency: 0.007333386922255158
Latency: 0.008157563162967563
Latency: 0.0073086959309875965
Latency: 0.007237907033413649
Latency: 0.00717594800516963
Latency: 0.007281007943674922
Latency: 0.0071875599678605795
Latency: 0.007060640025883913
Latency: 0.007230662973597646
Latency: 0.0071777761913836
Latency: 0.007248318055644631
Latency: 0.007328766863793135
Latency: 0.007354706060141325
Latency: 0.008284172043204308
Latency: 0.007243651896715164
Latency: 0.007265554973855615
Latency: 0.0073372600600123405
Latency: 0.007200377993285656
Latency: 0.0071434450801461935
Latency: 0.007346119033172727
Latency: 0.007296866038814187
Latency: 0.0072918180376291275
Latency: 0.007324771955609322
Latency: 0.007256871089339256
Latency: 0.00835325289517641
Latency: 0.007212586002424359
Latency: 0.007211416028439999
Latency: 0.007240941980853677
Latency: 0.007288329070433974
Latency: 0.007316549075767398
Latency: 0.007351848995313048
Latency: 0.0072166649624705315
Latency: 0.007194810081273317
Latency: 0.007196981925517321
Latency: 0.008454557973891497
Latency: 0.0071866679936647415
Latency: 0.007344651035964489
Latency: 0.007312476867809892
Latency: 0.007196463877335191
Latency: 0.0072673470713198185
Latency: 0.007141936104744673
Latency: 0.0071031039115041494
Latency: 0.007399658905342221
Latency: 0.007892006076872349
Latency: 0.007135794032365084
Latency: 0.00752633810043335
Latency: 0.00841025193221867
Latency: 0.007347235921770334
Latency: 0.0073815989308059216
Latency: 0.007351669017225504
Latency: 0.007354059023782611
Latency: 0.007387327030301094
Latency: 0.007296871859580278
Latency: 0.007302812999114394
Latency: 0.00736221089027822
Latency: 0.007288845954462886
Latency: 0.007296660915017128
Latency: 0.007465403992682695
Latency: 0.00826740195043385
Latency: 0.007235554978251457
Latency: 0.007200199877843261
Latency: 0.007396983914077282
Latency: 0.007240180158987641
Latency: 0.007196836872026324
Latency: 0.007204476976767182
Latency: 0.007267068838700652
Latency: 0.007426392985507846
Latency: 0.007317312061786652
Latency: 0.007221934152767062
Latency: 0.008460833923891187
Latency: 0.007326522143557668
Latency: 0.00720658921636641
Latency: 0.007191541139036417
Latency: 0.007147991098463535
Latency: 0.007139324909076095
Latency: 0.007196088088676333
Latency: 0.007287776796147227
Latency: 0.007316960953176022
Latency: 0.007153353886678815
Latency: 0.007158444030210376
Latency: 0.007305090082809329
Latency: 0.008298538159579039
Latency: 0.007828159024938941
Latency: 0.007374099921435118
Latency: 0.007210834883153439
Latency: 0.007286200998350978
Latency: 0.007239812985062599
Latency: 0.0071944878436625
Latency: 0.007176053011789918
Latency: 0.007165458984673023
Latency: 0.007358095142990351
Latency: 0.00730195501819253
Latency: 0.008357248967513442
Latency: 0.007419688161462545
Latency: 0.007218602113425732
Latency: 0.007179098203778267
Latency: 0.007194110890850425
Latency: 0.007186559960246086
Latency: 0.007160987006500363
Latency: 0.007217878010123968
Latency: 0.007240794133394957
Latency: 0.007138326996937394
Latency: 0.007274670992046595
Latency: 0.00734354299493134
Latency: 0.00853418093174696
Latency: 0.007333371788263321
Latency: 0.007334426045417786
Latency: 0.00723089394159615
Latency: 0.007356786169111729
Latency: 0.007381657138466835
Latency: 0.0073182720225304365
Latency: 0.007310063112527132
Latency: 0.007547169923782349
Latency: 0.00784540199674666
Latency: 0.0073515549302101135
Latency: 0.008614575024694204
Latency: 0.007833743933588266
Latency: 0.007350377039983869
Latency: 0.007369037019088864
Latency: 0.007261286955326796
Latency: 0.007254983996972442
Latency: 0.007189623080193996
Latency: 0.007221209118142724
Latency: 0.007199267856776714
Latency: 0.007135722087696195
Latency: 0.007390467915683985
Latency: 0.0072855830658227205
Latency: 0.008366785943508148
Latency: 0.007296239025890827
Latency: 0.007324633887037635
Latency: 0.007288374938070774
Latency: 0.007277538999915123
Latency: 0.007301465142518282
Latency: 0.0074038400780409575
Latency: 0.007327027851715684
Latency: 0.0074840320739895105
Latency: 0.007202887907624245
Latency: 0.0074007411021739244
Latency: 0.008403114974498749
Latency: 0.007363448850810528
Latency: 0.007365251891314983
Latency: 0.007492947857826948
Latency: 0.007372847059741616
Latency: 0.007358381990343332
Latency: 0.007318851072341204
Latency: 0.007200462045148015
Latency: 0.007184779969975352
Latency: 0.007196411956101656
Latency: 0.007321289973333478
Latency: 0.007371948100626469
Latency: 0.008195152971893549
Latency: 0.007326879072934389
Latency: 0.0073435131926089525
Latency: 0.007234944961965084
Latency: 0.007257085992023349
Latency: 0.0072036259807646275
Latency: 0.0072232759557664394
Latency: 0.0074131907895207405
Latency: 0.00733891106210649
Latency: 0.007313836133107543
Latency: 0.007304298924282193
Latency: 0.008557667024433613
Latency: 0.007362792966887355
Latency: 0.007343953941017389
Latency: 0.007330853957682848
Latency: 0.007293534930795431
Latency: 0.007299909135326743
Latency: 0.007273301016539335
Latency: 0.007311146007850766
Latency: 0.007335636997595429
Latency: 0.00711993919685483
Latency: 0.0071350401267409325
Latency: 0.007203049026429653
Latency: 0.008358906954526901
Latency: 0.007231976138427854
Latency: 0.007192149991169572
Latency: 0.00737121794372797
Latency: 0.007318467833101749
Latency: 0.007300464902073145
Latency: 0.007390619954094291
Latency: 0.007259360980242491
Latency: 0.00736159598454833
Latency: 0.0073453879449516535
Latency: 0.007530126022174954
Latency: 0.00845076609402895
Latency: 0.03674349398352206
Latency: 0.007862000027671456
Latency: 0.007422950118780136
Latency: 0.007421041140332818
Latency: 0.007375474087893963
Latency: 0.007289099972695112
Latency: 0.00738525390625
Latency: 0.007254241965711117
Latency: 0.0073726431000977755
Latency: 0.007316153030842543
Latency: 0.007155342027544975
Latency: 0.007259421981871128
Latency: 0.007319600088521838
Latency: 0.007386468118056655
Latency: 0.007379980990663171
Latency: 0.007093550870195031
Latency: 0.007192800985649228
Latency: 0.00716552697122097
Latency: 0.007272809976711869
Latency: 0.007221398875117302
Latency: 0.007302436977624893
Latency: 0.008272266946732998
Latency: 0.007307842839509249
Latency: 0.007261655991896987
Latency: 0.007344887126237154
Latency: 0.007353798020631075
Latency: 0.007318323943763971
Latency: 0.007238428108394146
Latency: 0.007433020044118166
Latency: 0.0074771258514374495
Latency: 0.0072826959658414125
Latency: 0.007264134008437395
Latency: 0.008357906015589833
Latency: 0.007170585915446281
Latency: 0.00718879490159452
Latency: 0.007161894114688039
Latency: 0.0072985251899808645
Latency: 0.00720401294529438
Latency: 0.007191506214439869
Latency: 0.007172561017796397
Latency: 0.007161837071180344
Latency: 0.007215881021693349
Latency: 0.007171868113800883
Latency: 0.007184324087575078
Latency: 0.008184135193005204
Latency: 0.007252603070810437
Latency: 0.007286853156983852
Latency: 0.007366504054516554
Latency: 0.0071649879682809114
Latency: 0.0071689889300614595
Latency: 0.007305910112336278
Latency: 0.007305551087483764
Latency: 0.007467488991096616
Latency: 0.007264724001288414
Latency: 0.007347153965383768
Latency: 0.008304084884002805
Latency: 0.007048249011859298
Latency: 0.007307674968615174
Latency: 0.007298358948901296
Latency: 0.007261059945449233
Latency: 0.007228262955322862
Latency: 0.007331943139433861
Latency: 0.007316602859646082
Latency: 0.007264037150889635
Latency: 0.007221441948786378
Latency: 0.007221043109893799
Latency: 0.007212504977360368
Latency: 0.00830140896141529
Latency: 0.0073476668912917376
Latency: 0.0072356408927589655
Latency: 0.007293458795174956
Latency: 0.007152858888730407
Latency: 0.007241340819746256
Latency: 0.00746568595059216
Latency: 0.00788675807416439
Latency: 0.007364524062722921
Latency: 0.007339077070355415
Latency: 0.008773840963840485
Latency: 0.0072266829665750265
Latency: 0.007390493992716074
Latency: 0.007176149869337678
Latency: 0.007366105914115906
Latency: 0.007497675018385053
Latency: 0.00731829390861094
Latency: 0.007344765122979879
Latency: 0.0072644401807338
Latency: 0.007332951994612813
Latency: 0.007225855952128768
Latency: 0.007299982011318207
Latency: 0.008387106005102396
Latency: 0.007428230019286275
Latency: 0.0073601258918643
Latency: 0.007672942942008376
Latency: 0.0073588211089372635
Latency: 0.007249424001201987
Latency: 0.007204065099358559
Latency: 0.0072414991445839405
Latency: 0.007221841951832175
Latency: 0.0073015529196709394
Latency: 0.007311442866921425
Latency: 0.008668559836223722
Latency: 0.007393407169729471
Latency: 0.007254987955093384
Latency: 0.007187215145677328
Latency: 0.007327569182962179
Latency: 0.0071718888357281685
Latency: 0.007114528911188245
Latency: 0.007236336125060916
Latency: 0.007175639970228076
Latency: 0.007194667123258114
Latency: 0.007227538153529167
Latency: 0.008470647037029266
Latency: 0.007257197983562946
Latency: 0.0072827141266316175
Latency: 0.0074174851179122925
Latency: 0.007183494977653027
Latency: 0.007361646043136716
Latency: 0.007336615119129419
Latency: 0.007330994820222259
Latency: 0.007311046123504639
Latency: 0.007336031179875135
Latency: 0.007376102963462472
Latency: 0.00844820193015039
Latency: 0.0074068279936909676
Latency: 0.0071637569926679134
Latency: 0.007265105145052075
Latency: 0.007504550041630864
Latency: 0.007214652141556144
Latency: 0.0072923770640045404
Latency: 0.007370279170572758
Latency: 0.007409755140542984
Latency: 0.007459190208464861
Latency: 0.007422423921525478
Latency: 0.008402564097195864
Latency: 0.00722651113756001
Latency: 0.0071837930008769035
Latency: 0.007353188004344702
Latency: 0.007264740997925401
Latency: 0.0072143839206546545
Latency: 0.007335784146562219
Latency: 0.007326801074668765
Latency: 0.0072389100678265095
Latency: 0.00717444415204227
Latency: 0.007171754026785493
Latency: 0.007186829810962081
Latency: 0.007429427932947874
Latency: 0.008084842003881931
Latency: 0.007583442144095898
Latency: 0.007732823025435209
Latency: 0.007469897856935859
Latency: 0.007220169994980097
Latency: 0.007214959943667054
Latency: 0.0073156331200152636
Latency: 0.007394474931061268
Latency: 0.007305589038878679
Latency: 0.008501422125846148
Latency: 0.007310687797144055
Latency: 0.007348432904109359
Latency: 0.007365150842815638
Latency: 0.007471001939848065
Latency: 0.007331979926675558
Latency: 0.007260038051754236
Latency: 0.00722628110088408
Latency: 0.007306760177016258
Latency: 0.0074866521172225475
Latency: 0.007390313083305955
Latency: 0.008333294186741114
Latency: 0.007386165903881192
Latency: 0.007255636155605316
Latency: 0.007261516992002726
Latency: 0.007435091072693467
Latency: 0.007243863074108958
Latency: 0.007239875849336386
Latency: 0.0073429320473223925
Latency: 0.007315886905416846
Latency: 0.007422558031976223
Latency: 0.007243899162858725
Latency: 0.0086528230458498
Latency: 0.007182291010394692
Latency: 0.007191232871264219
Latency: 0.007420817157253623
Latency: 0.007201137021183968
Latency: 0.007277937838807702
Latency: 0.007306636078283191
Latency: 0.007345467107370496
Latency: 0.007401179987937212
Latency: 0.007336938055232167
Latency: 0.007419306086376309
Latency: 0.0085177649743855
Latency: 0.007380537921562791
Latency: 0.00730979791842401
Latency: 0.007364009041339159
Latency: 0.007048864848911762
Latency: 0.0070949390064924955
Latency: 0.0072221539448946714
Latency: 0.007095838198438287
Latency: 0.007533357944339514
Latency: 0.007427014876157045
Latency: 0.007216688944026828
Latency: 0.008606866002082825
Latency: 0.007324657170102
Latency: 0.007330110063776374
Latency: 0.0072581470012664795
Latency: 0.007440047105774283
Latency: 0.007302718935534358
Latency: 0.007350668078288436
Latency: 0.007441001012921333
Latency: 0.007253878051415086
Latency: 0.007187708979472518
Latency: 0.00867470190860331
Latency: 0.007259970996528864
Latency: 0.007539452984929085
Latency: 0.00742643210105598
Latency: 0.007417815970256925
Latency: 0.007342092227190733
Latency: 0.007270928006619215
Latency: 0.007351198000833392
Latency: 0.007244296837598085
Latency: 0.007293888134881854
Latency: 0.00830121710896492
Latency: 0.0075950659811496735
Latency: 0.008884008042514324
Latency: 0.007491054944694042
Latency: 0.007374468958005309
Latency: 0.007304944097995758
Latency: 0.007459767162799835
Latency: 0.007393847918137908
Latency: 0.00739063904620707
Latency: 0.007474659942090511
Latency: 0.007424425100907683
Latency: 0.007446629926562309
Latency: 0.007510817144066095
Latency: 0.007369151106104255
Latency: 0.008377169026061893
Latency: 0.007308090105652809
Latency: 0.00732262316159904
Latency: 0.007383404998108745
Latency: 0.007334285881370306
Latency: 0.007221478037536144
Latency: 0.007416679058223963
Latency: 0.007335037924349308
Latency: 0.007348336977884173
Latency: 0.007237739162519574
Latency: 0.007333626039326191
Latency: 0.008616822073236108
Latency: 0.03656290378421545
Latency: 0.007475113961845636
Latency: 0.007480796193704009
Latency: 0.007407533936202526
Latency: 0.0073562441393733025
Latency: 0.007410856895148754
Latency: 0.007154165068641305
Latency: 0.007284462917596102
Latency: 0.007323628989979625
Latency: 0.008634350029751658
Latency: 0.007352804997935891
Latency: 0.007319142110645771
Latency: 0.007434427971020341
Latency: 0.007406892953440547
Latency: 0.007291533052921295
Latency: 0.007401507114991546
Latency: 0.007361863972619176
Latency: 0.007270398084074259
Latency: 0.0073578548617661
Latency: 0.007252521114423871
Latency: 0.00721264211460948
Latency: 0.008196592098101974
Latency: 0.007199558895081282
Latency: 0.007333921967074275
Latency: 0.007259343052282929
Latency: 0.007257490186020732
Latency: 0.0071945160161703825
Latency: 0.007220559054985642
Latency: 0.007401135051622987
Latency: 0.00800709007307887
Latency: 0.007426594151183963
Latency: 0.007590455934405327
Latency: 0.00841562612913549
Latency: 0.007215365068987012
Latency: 0.00722846295684576
Latency: 0.007241412997245789
Latency: 0.007365973899140954
Latency: 0.007321398006752133
Latency: 0.007290862035006285
Latency: 0.00732973893173039
Latency: 0.007318538147956133
Latency: 0.007339644944295287
Latency: 0.007396060042083263
Latency: 0.00799531489610672
Latency: 0.008739192970097065
Latency: 0.007354059023782611
Latency: 0.0074092308059334755
Latency: 0.007474292069673538
Latency: 0.007412879029288888
Latency: 0.007274725008755922
Latency: 0.007292074151337147
Latency: 0.007328238803893328
Latency: 0.007206151960417628
Latency: 0.007261638063937426
Latency: 0.007257336052134633
Latency: 0.00833986303769052
Latency: 0.007349210092797875
Latency: 0.007400982081890106
Latency: 0.007349167950451374
Latency: 0.007340956013649702
Latency: 0.007200772874057293
Latency: 0.007248888956382871
Latency: 0.007297348929569125
Latency: 0.007442191941663623
Latency: 0.0072908890433609486
Latency: 0.007290533045306802
Latency: 0.007269817171618342
Latency: 0.00851437309756875
Latency: 0.0074022558983415365
Latency: 0.0072752360720187426
Latency: 0.007370991166681051
Latency: 0.0073309289291501045
Latency: 0.007315456168726087
Latency: 0.007296781986951828
Latency: 0.007391151040792465
Latency: 0.007260376820340753
Latency: 0.007316868053749204
Latency: 0.007202523062005639
Latency: 0.008476631017401814
Latency: 0.007516836980357766
Latency: 0.007360412972047925
Latency: 0.007399922935292125
Latency: 0.007202706998214126
Latency: 0.00717452890239656
Latency: 0.0071557138580828905
Latency: 0.007095610024407506
Latency: 0.007381756091490388
Latency: 0.007387523073703051
Latency: 0.007348058046773076
Latency: 0.008221313124522567
Latency: 0.007359829032793641
Latency: 0.007383743999525905
Latency: 0.007235554046928883
Latency: 0.007497638929635286
Latency: 0.007980277063325047
Latency: 0.0076156549621373415
