Latency: 0.01346028782427311
Latency: 0.014162977924570441
Latency: 0.011036088922992349
Latency: 0.01222169492393732
Latency: 0.010769920889288187
Latency: 0.01221465296112001
Latency: 0.010094651021063328
Latency: 0.012002093950286508
Latency: 0.012236226117238402
Latency: 0.01314400415867567
Latency: 0.011253336910158396
Latency: 0.012420129030942917
Latency: 0.011684034019708633
Latency: 0.012240501819178462
Latency: 0.011304053943604231
Latency: 0.012354691978543997
Latency: 0.01154826395213604
Latency: 0.012441527098417282
Latency: 0.011500077089294791
Latency: 0.013156040105968714
Latency: 0.0112119868863374
Latency: 0.012094937963411212
Latency: 0.011188439093530178
Latency: 0.012403900036588311
Latency: 0.011569736991077662
Latency: 0.012261450989171863
Latency: 0.011797585058957338
Latency: 0.012663180939853191
Latency: 0.011357733979821205
Latency: 0.012443698942661285
Latency: 0.012451003072783351
Latency: 0.013444360811263323
Latency: 0.011455161031335592
Latency: 0.012203066842630506
Latency: 0.01134370407089591
Latency: 0.01237237616442144
Latency: 0.01045737904496491
Latency: 0.01219908893108368
Latency: 0.011434963205829263
Latency: 0.012455831049010158
Latency: 0.011378509923815727
Latency: 0.01216854085214436
Latency: 0.012294657062739134
Latency: 0.013262011110782623
Latency: 0.010411976836621761
Latency: 0.012116271071135998
Latency: 0.01163590606302023
Latency: 0.01286463881842792
Latency: 0.011648629093542695
Latency: 0.012307027820497751
Latency: 0.011473998194560409
Latency: 0.012497412040829659
Latency: 0.011414662003517151
Latency: 0.012898311018943787
Latency: 0.011324086925014853
Latency: 0.012455848976969719
Latency: 0.011576866963878274
Latency: 0.012141759973019361
Latency: 0.011265085078775883
Latency: 0.012400788953527808
Latency: 0.011390222003683448
Latency: 0.012098648818209767
Latency: 0.011431121965870261
Latency: 0.012398340972140431
Latency: 0.012345023220404983
Latency: 0.013286305125802755
Latency: 0.011965577956289053
Latency: 0.012866469100117683
Latency: 0.011619315017014742
Latency: 0.012409054907038808
Latency: 0.011533826822414994
Latency: 0.012853492982685566
Latency: 0.01179862511344254
Latency: 0.012353670783340931
Latency: 0.01136596198193729
Latency: 0.012428651098161936
Latency: 0.011593474075198174
Latency: 0.013088749023154378
Latency: 0.011292831972241402
Latency: 0.012248399201780558
Latency: 0.011461731046438217
Latency: 0.012498609954491258
Latency: 0.011404143879190087
Latency: 0.012271438958123326
Latency: 0.011361516080796719
Latency: 0.012294884072616696
Latency: 0.012639831053093076
Latency: 0.013626106083393097
Latency: 0.01148275495506823
Latency: 0.012695888057351112
Latency: 0.011384929995983839
Latency: 0.012498760130256414
Latency: 0.011522445129230618
Latency: 0.012598478002473712
Latency: 0.011343291960656643
Latency: 0.012240224052220583
Latency: 0.011590952053666115
Latency: 0.012432345887646079
Latency: 0.012335282983258367
Latency: 0.013345710001885891
Latency: 0.01162357279099524
Latency: 0.012395105790346861
Latency: 0.011287706904113293
Latency: 0.012364824069663882
Latency: 0.01049136696383357
Latency: 0.012340085115283728
Latency: 0.019029551884159446
Latency: 0.013535098871216178
Latency: 0.011967355851083994
Latency: 0.01259393710643053
Latency: 0.015175882959738374
Latency: 0.016408714931458235
Latency: 0.013737712986767292
Latency: 0.015312060946598649
Latency: 0.012739575002342463
Latency: 0.013434538850560784
Latency: 0.012234756024554372
Latency: 0.013628928922116756
Latency: 0.013003970962017775
Latency: 0.013589377980679274
Latency: 0.012399374041706324
Latency: 0.013444603187963367
Latency: 0.0258503220975399
Latency: 0.026648627826943994
Latency: 0.012075478909537196
Latency: 0.014018925139680505
Latency: 0.012360492022708058
Latency: 0.013248561881482601
Latency: 0.015570427058264613
Latency: 0.01726579782553017
Latency: 0.016254849964752793
Latency: 0.017916287062689662
Latency: 0.01441149809397757
Latency: 0.015381091041490436
Latency: 0.013622164959087968
Latency: 0.01505293301306665
Latency: 0.011494989041239023
Latency: 0.012841445859521627
Latency: 0.010872554033994675
Latency: 0.012104354100301862
Latency: 0.011002270970493555
Latency: 0.01230654283426702
Latency: 0.011162474052980542
Latency: 0.012335474137216806
Latency: 0.011457801796495914
Latency: 0.013833521166816354
Latency: 0.012920923996716738
Latency: 0.013178129913285375
Latency: 0.012459881138056517
Latency: 0.013787078903988004
Latency: 0.01228906400501728
Latency: 0.013361427932977676
Latency: 0.015850204043090343
Latency: 0.01643744600005448
Latency: 0.017689097905531526
Latency: 0.018700605956837535
Latency: 0.012229932937771082
Latency: 0.013814557110890746
Latency: 0.010788689134642482
Latency: 0.01217982778325677
Latency: 0.010383415967226028
Latency: 0.012205232866108418
Latency: 0.01176109304651618
Latency: 0.012799894902855158
Latency: 0.011966194026172161
Latency: 0.012505598831921816
Latency: 0.011509660864248872
Latency: 0.012628814904019237
Latency: 0.012950615957379341
Latency: 0.013511366909369826
Latency: 0.011604310013353825
Latency: 0.01251388294622302
Latency: 0.01160684390924871
Latency: 0.01270372187718749
Latency: 0.011878153076395392
Latency: 0.012982344953343272
Latency: 0.011936548864468932
Latency: 0.01295783300884068
Latency: 0.01191685302183032
Latency: 0.012666241033002734
Latency: 0.012837823946028948
Latency: 0.01395771699026227
Latency: 0.011519522871822119
Latency: 0.012694173026829958
Latency: 0.012285263044759631
Latency: 0.013555005891248584
Latency: 0.01333839283324778
Latency: 0.015854720026254654
Latency: 0.01668891799636185
Latency: 0.016603199997916818
Latency: 0.01917388290166855
Latency: 0.01783702801913023
Latency: 0.017891369061544538
Latency: 0.01644009305164218
Latency: 0.016631016973406076
Latency: 0.018257375108078122
Latency: 0.016907858196645975
Latency: 0.019832788035273552
Latency: 0.017850733129307628
Latency: 0.01644751220010221
Latency: 0.018161563901230693
Latency: 0.016722490079700947
Latency: 0.018175165867432952
Latency: 0.016490232199430466
Latency: 0.017687474144622684
Latency: 0.019445383921265602
Latency: 0.016254882095381618
Latency: 0.016443785978481174
Latency: 0.01681015407666564
Latency: 0.016546041937544942
Latency: 0.01679962081834674
Latency: 0.018593860091641545
Latency: 0.019217735156416893
Latency: 0.01729611912742257
Latency: 0.016833181958645582
Latency: 0.018098990200087428
Latency: 0.015625566011294723
Latency: 0.01837069704197347
Latency: 0.015652006957679987
Latency: 0.018130032112821937
Latency: 0.019172867061570287
Latency: 0.016244971891865134
Latency: 0.016752389958128333
Latency: 0.018143133958801627
Latency: 0.016825256869196892
Latency: 0.018838498974218965
Latency: 0.016663620015606284
Latency: 0.01916036894544959
Latency: 0.027759979013353586
Latency: 0.02760819811373949
Latency: 0.016598908929154277
Latency: 0.01620360603556037
Latency: 0.01714912592433393
Latency: 0.018564446829259396
Latency: 0.018529687076807022
Latency: 0.01991634489968419
Latency: 0.016506056068465114
Latency: 0.017843415029346943
Latency: 0.016612790059298277
Latency: 0.016653488157317042
Latency: 0.016165437176823616
Latency: 0.01852308912202716
Latency: 0.016010028077289462
Latency: 0.01651151105761528
Latency: 0.015631712041795254
Latency: 0.01664081704802811
Latency: 0.016827199142426252
Latency: 0.016824013087898493
Latency: 0.01592286815866828
Latency: 0.018228323198854923
Latency: 0.016020906856283545
Latency: 0.01958782598376274
Latency: 0.015694055007770658
Latency: 0.019198914989829063
Latency: 0.015314933145418763
Latency: 0.01884042890742421
Latency: 0.015834589023143053
Latency: 0.019923337968066335
Latency: 0.015365945175290108
Latency: 0.018571770982816815
Latency: 0.017755335196852684
Latency: 0.0184395220130682
Latency: 0.016732597025111318
Latency: 0.01739795389585197
Latency: 0.0192091369535774
Latency: 0.018741928040981293
Latency: 0.027057620929554105
Latency: 0.02744936221279204
Latency: 0.017284488072618842
Latency: 0.01676064101047814
Latency: 0.018054361920803785
Latency: 0.017769698053598404
Latency: 0.01600794098339975
Latency: 0.017644045175984502
Latency: 0.01765536703169346
Latency: 0.016056586988270283
Latency: 0.016144922003149986
Latency: 0.017332090996205807
Latency: 0.01841779495589435
Latency: 0.01699953177012503
Latency: 0.016062211943790317
Latency: 0.017076055984944105
Latency: 0.01817991491407156
Latency: 0.017442122101783752
Latency: 0.018084507901221514
Latency: 0.017306746914982796
Latency: 0.0174970340449363
Latency: 0.01879464415833354
Latency: 0.017664369894191623
Latency: 0.01594748697243631
Latency: 0.016481223981827497
Latency: 0.017579183913767338
Latency: 0.017726107966154814
Latency: 0.017519154120236635
Latency: 0.015985154081135988
Latency: 0.017103881109505892
Latency: 0.016565948957577348
Latency: 0.01782800001092255
Latency: 0.018284308956936002
Latency: 0.017112341010943055
Latency: 0.017741219839081168
Latency: 0.017554644029587507
Latency: 0.016284864163026214
Latency: 0.0177271889988333
Latency: 0.017877292120829225
Latency: 0.01641759485937655
Latency: 0.016387807205319405
Latency: 0.01730047701857984
Latency: 0.030229571042582393
Latency: 0.030613705050200224
Latency: 0.018100635148584843
Latency: 0.017445123055949807
Latency: 0.018230660120025277
Latency: 0.01741468394175172
Latency: 0.017078944016247988
Latency: 0.018334621097892523
Latency: 0.017323777079582214
Latency: 0.016512956004589796
Latency: 0.017350987996906042
Latency: 0.016311859944835305
Latency: 0.017320942133665085
Latency: 0.01606262312270701
Latency: 0.017266995972022414
Latency: 0.017029545037075877
Latency: 0.01622348092496395
Latency: 0.01711837318725884
Latency: 0.018137547885999084
Latency: 0.017490720842033625
Latency: 0.018429987831041217
Latency: 0.01914840191602707
Latency: 0.01757402205839753
Latency: 0.015912467148154974
Latency: 0.016382631147280335
Latency: 0.017495577922090888
Latency: 0.017423973185941577
Latency: 0.015906541841104627
Latency: 0.01736513595096767
Latency: 0.017153667053207755
Latency: 0.01640353980474174
Latency: 0.017544656060636044
Latency: 0.01770867593586445
Latency: 0.016203429084271193
Latency: 0.0162726491689682
Latency: 0.017794315004721284
Latency: 0.018468759022653103
Latency: 0.015951307024806738
Latency: 0.016165421111509204
Latency: 0.01748476387001574
Latency: 0.017566588008776307
Latency: 0.016231314977630973
Latency: 0.016177351120859385
Latency: 0.018475541146472096
Latency: 0.017890702933073044
Latency: 0.017467451049014926
Latency: 0.01776047400198877
Latency: 0.016604222124442458
Latency: 0.01648193201981485
Latency: 0.017565494868904352
Latency: 0.018879723036661744
Latency: 0.01755201118066907
Latency: 0.016486884094774723
Latency: 0.01730961399152875
Latency: 0.018249585991725326
Latency: 0.01749740308150649
Latency: 0.018154854886233807
Latency: 0.01779568917118013
Latency: 0.018564643105491996
Latency: 0.017288384027779102
Latency: 0.018006864935159683
Latency: 0.01767186401411891
Latency: 0.01767647615633905
Latency: 0.016138266073539853
Latency: 0.016077831154689193
Latency: 0.017051822040230036
Latency: 0.019213588908314705
Latency: 0.01619280595332384
Latency: 0.016251347959041595
Latency: 0.0175519532058388
Latency: 0.01751733897253871
Latency: 0.01618348597548902
Latency: 0.01736171403899789
Latency: 0.01836524810642004
Latency: 0.016329821897670627
Latency: 0.016382150119170547
Latency: 0.016386704985052347
Latency: 0.017165257828310132
Latency: 0.016154472017660737
Latency: 0.017157566966488957
Latency: 0.019293793011456728
Latency: 0.018724560970440507
Latency: 0.03072389494627714
Latency: 0.016080959932878613
Latency: 0.016364261973649263
Latency: 0.017519056098535657
Latency: 0.01750983390957117
Latency: 0.016030004946514964
Latency: 0.017047645058482885
Latency: 0.017235863022506237
Latency: 0.01819632505066693
Latency: 0.017413209890946746
Latency: 0.01640394306741655
Latency: 0.017232523998245597
Latency: 0.01863469392992556
Latency: 0.019581285072490573
Latency: 0.017929968191310763
Latency: 0.01816144702024758
Latency: 0.017838099971413612
Latency: 0.01605082885362208
Latency: 0.01624913210980594
Latency: 0.017764855874702334
Latency: 0.018540459917858243
Latency: 0.017321522114798427
Latency: 0.018141047097742558
Latency: 0.016853437991812825
Latency: 0.01814177492633462
Latency: 0.01747413189150393
Latency: 0.018086479045450687
Latency: 0.017426948994398117
Latency: 0.017325104912742972
Latency: 0.017476367065683007
Latency: 0.017632104922086
Latency: 0.01619275100529194
Latency: 0.016237714095041156
Latency: 0.017387073952704668
Latency: 0.01956900511868298
Latency: 0.01876793010160327
Latency: 0.017880386905744672
Latency: 0.018996449885889888
Latency: 0.015101711032912135
Latency: 0.016676962142810225
Latency: 0.01606552000157535
Latency: 0.01761645800434053
Latency: 0.01894911890849471
Latency: 0.017194612184539437
Latency: 0.016375890001654625
Latency: 0.017479328904300928
Latency: 0.017567409202456474
Latency: 0.016264235135167837
Latency: 0.018016041023656726
Latency: 0.017200869042426348
Latency: 0.017714196117594838
Latency: 0.0176573870703578
Latency: 0.015801915898919106
Latency: 0.017515557119622827
Latency: 0.017669573193416
Latency: 0.016370741883292794
Latency: 0.019381131045520306
Latency: 0.017723005963489413
Latency: 0.017404404934495687
Latency: 0.01592633710242808
Latency: 0.016269931104034185
Latency: 0.017388872802257538
Latency: 0.017937746830284595
Latency: 0.017073250142857432
Latency: 0.01749403215944767
Latency: 0.018713675206527114
Latency: 0.01764748804271221
Latency: 0.016300681047141552
Latency: 0.016057593980804086
Latency: 0.017742960015311837
Latency: 0.017735111992806196
Latency: 0.0159713348839432
Latency: 0.017294354969635606
Latency: 0.018287592800334096
Latency: 0.017929509049281478
Latency: 0.017202981980517507
Latency: 0.01829200517386198
Latency: 0.017257709056138992
Latency: 0.016468096990138292
Latency: 0.017788609955459833
Latency: 0.033677597995847464
Latency: 0.031283963937312365
Latency: 0.016417705919593573
Latency: 0.016552029876038432
Latency: 0.017566694878041744
Latency: 0.016130565898492932
Latency: 0.01706579909659922
Latency: 0.018352423096075654
Latency: 0.017355251824483275
Latency: 0.01602661795914173
Latency: 0.01644276292063296
Latency: 0.017224302981048822
Latency: 0.01828313316218555
Latency: 0.017401404911652207
Latency: 0.017541326116770506
Latency: 0.01742297108285129
Latency: 0.017341251019388437
Latency: 0.015774657018482685
Latency: 0.01633583498187363
Latency: 0.01773929107002914
Latency: 0.018716200022026896
Latency: 0.01736701396293938
Latency: 0.015987502178177238
Latency: 0.017281574895605445
Latency: 0.01810132898390293
Latency: 0.017271809047088027
Latency: 0.01803359598852694
Latency: 0.01726196683011949
Latency: 0.019273116951808333
Latency: 0.018758377991616726
Latency: 0.017457432113587856
Latency: 0.016098777996376157
Latency: 0.0163824618794024
Latency: 0.01744281593710184
Latency: 0.016257710056379437
Latency: 0.017337840981781483
Latency: 0.018502325983718038
Latency: 0.017017874866724014
Latency: 0.016053291969001293
Latency: 0.01760270888917148
Latency: 0.017658479046076536
Latency: 0.016441202955320477
Latency: 0.01766095613129437
Latency: 0.017558169085532427
Latency: 0.016010943800210953
Latency: 0.01712488499470055
Latency: 0.01827183598652482
Latency: 0.017646583961322904
Latency: 0.01760067301802337
Latency: 0.016365285962820053
Latency: 0.017676559975370765
Latency: 0.018987443996593356
Latency: 0.01749778212979436
Latency: 0.01619019894860685
Latency: 0.01625378103926778
Latency: 0.017439564922824502
Latency: 0.017841181019321084
Latency: 0.016807387117296457
Latency: 0.017749207094311714
Latency: 0.017205596901476383
Latency: 0.0163618850056082
Latency: 0.017821779008954763
Latency: 0.01742997206747532
Latency: 0.016264206962659955
Latency: 0.018927994882687926
Latency: 0.017683087149634957
Latency: 0.01749001396819949
Latency: 0.016021523857489228
Latency: 0.016351959202438593
Latency: 0.017385441111400723
Latency: 0.01796375191770494
Latency: 0.01718308893032372
Latency: 0.017526183975860476
Latency: 0.01868675509467721
Latency: 0.01776659209281206
Latency: 0.016112307785078883
Latency: 0.01623828010633588
Latency: 0.017398767871782184
Latency: 0.016353261191397905
Latency: 0.01636280515231192
Latency: 0.031588837038725615
Latency: 0.02999458205886185
Latency: 0.016542394878342748
Latency: 0.01676548714749515
Latency: 0.01756454911082983
Latency: 0.016313988948240876
Latency: 0.017009873874485493
Latency: 0.01683626207523048
Latency: 0.017872423166409135
Latency: 0.017112700967118144
Latency: 0.018157192040234804
Latency: 0.01731888111680746
Latency: 0.016601819079369307
Latency: 0.017704071011394262
Latency: 0.018525558058172464
Latency: 0.01627251785248518
Latency: 0.017381296958774328
Latency: 0.01591135491617024
Latency: 0.01620559603907168
Latency: 0.01745373895391822
Latency: 0.01735992101021111
Latency: 0.017175830202177167
Latency: 0.015951081877574325
Latency: 0.017179125919938087
Latency: 0.018372845835983753
Latency: 0.016368350945413113
Latency: 0.016266996040940285
Latency: 0.017173099098727107
Latency: 0.019137040013447404
Latency: 0.01862076693214476
Latency: 0.017404563957825303
Latency: 0.01603913283906877
Latency: 0.016087386989966035
Latency: 0.01739730592817068
Latency: 0.017462908988818526
Latency: 0.017443968914449215
Latency: 0.019562893081456423
Latency: 0.017228723969310522
Latency: 0.01635401393286884
Latency: 0.01737475604750216
Latency: 0.01630608015693724
Latency: 0.017422004835680127
Latency: 0.018650408135727048
Latency: 0.017835295060649514
Latency: 0.017292440868914127
Latency: 0.015923779923468828
Latency: 0.016017198096960783
Latency: 0.017370957182720304
Latency: 0.018113377038389444
Latency: 0.017190421000123024
Latency: 0.017469336045905948
Latency: 0.018679687986150384
Latency: 0.017416922142729163
Latency: 0.01621464197523892
Latency: 0.017515214160084724
Latency: 0.016316002001985908
Latency: 0.016183584928512573
Latency: 0.016432540025562048
Latency: 0.01748796901665628
Latency: 0.017578805098310113
Latency: 0.01763821905478835
Latency: 0.016479068901389837
Latency: 0.0157492239959538
Latency: 0.017419093986973166
Latency: 0.017835299018770456
Latency: 0.01746785407885909
Latency: 0.016203128034248948
Latency: 0.01730443211272359
Latency: 0.018251440953463316
Latency: 0.01739665912464261
Latency: 0.016303917160257697
Latency: 0.017266181064769626
Latency: 0.019457574002444744
Latency: 0.018816363997757435
Latency: 0.017533840145915747
Latency: 0.016512962989509106
Latency: 0.017785718198865652
Latency: 0.016234701965004206
Latency: 0.016264511039480567
Latency: 0.01715676300227642
Latency: 0.031192009104415774
Latency: 0.030967639992013574
Latency: 0.023719992022961378
Latency: 0.024039935087785125
Latency: 0.01778677897527814
Latency: 0.016101203858852386
Latency: 0.017196970991790295
Latency: 0.01835170714184642
Latency: 0.01817486109212041
Latency: 0.016707628034055233
Latency: 0.017168223159387708
Latency: 0.017187857069075108
Latency: 0.01639126194640994
Latency: 0.016431697877123952
Latency: 0.017511289101094007
Latency: 0.017473180079832673
Latency: 0.01798146590590477
Latency: 0.017186111072078347
Latency: 0.016395637998357415
Latency: 0.016253700014203787
Latency: 0.016131249023601413
Latency: 0.017106445040553808
Latency: 0.019076981116086245
Latency: 0.017432773020118475
Latency: 0.01741644903086126
Latency: 0.015862148953601718
Latency: 0.016467578941956162
Latency: 0.017649438930675387
Latency: 0.017833412857726216
Latency: 0.017451480962336063
Latency: 0.016052238177508116
Latency: 0.017276289872825146
Latency: 0.017495166044682264
Latency: 0.01623209286481142
Latency: 0.016192007809877396
Latency: 0.017175624845549464
Latency: 0.019704560050740838
Latency: 0.017870469018816948
Latency: 0.015804111026227474
Latency: 0.017699646996334195
Latency: 0.01748471800237894
Latency: 0.01598263601772487
Latency: 0.01607420900836587
Latency: 0.01714434497989714
Latency: 0.017110187094658613
Latency: 0.016098921885713935
Latency: 0.016119306907057762
Latency: 0.017276805825531483
Latency: 0.01813732786104083
Latency: 0.01723079406656325
Latency: 0.017861737869679928
Latency: 0.0189818840008229
Latency: 0.017649783985689282
Latency: 0.016268241917714477
Latency: 0.01667056092992425
Latency: 0.017834695987403393
Latency: 0.01752357999794185
Latency: 0.01612127898260951
Latency: 0.017555827973410487
Latency: 0.017389310989528894
Latency: 0.016296321991831064
Latency: 0.01762228785082698
Latency: 0.017803963040933013
Latency: 0.01628346391953528
Latency: 0.016346913995221257
Latency: 0.01748036895878613
Latency: 0.01852378691546619
Latency: 0.01718804403208196
Latency: 0.017123941099271178
Latency: 0.018410799093544483
Latency: 0.01795522798784077
Latency: 0.01725379191339016
Latency: 0.01663511199876666
Latency: 0.01603736192919314
Latency: 0.017780045978724957
Latency: 0.017377528129145503
Latency: 0.018068206030875444
Latency: 0.017260350985452533
Latency: 0.016376103041693568
Latency: 0.01765139284543693
Latency: 0.018977865111082792
Latency: 0.017461993964388967
Latency: 0.03064484312199056
Latency: 0.032112485030665994
Latency: 0.016323092859238386
Latency: 0.017566293012350798
Latency: 0.017533339792862535
Latency: 0.016054103849455714
Latency: 0.017026040004566312
Latency: 0.017971910070627928
Latency: 0.017965629929676652
Latency: 0.017168089980259538
Latency: 0.018304205033928156
Latency: 0.017648536013439298
Latency: 0.01813940005376935
Latency: 0.01894216309301555
Latency: 0.017621306935325265
Latency: 0.015965045895427465
Latency: 0.016410668846219778
Latency: 0.01769760507158935
Latency: 0.017342403065413237
Latency: 0.01590150105766952
Latency: 0.017271101009100676
Latency: 0.017173171043395996
Latency: 0.016077095177024603
Latency: 0.017134160036221147
Latency: 0.018210088135674596
Latency: 0.01740681193768978
Latency: 0.018046199111267924
Latency: 0.017308020032942295
Latency: 0.019294396974146366
Latency: 0.01867291098460555
Latency: 0.01768248900771141
Latency: 0.015960231889039278
Latency: 0.016679093008860946
Latency: 0.01796926581300795
Latency: 0.01736356597393751
Latency: 0.017321200110018253
Latency: 0.018219831865280867
Latency: 0.01640442293137312
Latency: 0.01609190902672708
Latency: 0.01648618304170668
Latency: 0.015061017824336886
Latency: 0.016136060003191233
Latency: 0.01755923987366259
Latency: 0.019182533957064152
Latency: 0.01673991116695106
Latency: 0.017616648925468326
Latency: 0.018607164965942502
Latency: 0.016517192125320435
Latency: 0.015193647937849164
Latency: 0.016296012792736292
Latency: 0.01761436997912824
Latency: 0.018709763884544373
Latency: 0.018173230113461614
Latency: 0.016464226879179478
Latency: 0.017701241886243224
Latency: 0.01605164702050388
Latency: 0.016426143934950233
Latency: 0.017513045109808445
Latency: 0.019321026047691703
Latency: 0.016297752037644386
Latency: 0.016276631969958544
Latency: 0.016555848065763712
Latency: 0.017448520986363292
Latency: 0.016377364983782172
Latency: 0.018933642888441682
Latency: 0.017468594014644623
Latency: 0.015757113927975297
Latency: 0.015993161126971245
Latency: 0.016311907907947898
Latency: 0.01751609891653061
Latency: 0.01821424998342991
Latency: 0.017637229058891535
Latency: 0.018875471083447337
Latency: 0.01776115014217794
Latency: 0.017712340224534273
Latency: 0.01626736205071211
Latency: 0.016466523054987192
Latency: 0.017326849047094584
Latency: 0.018009067978709936
Latency: 0.017444360069930553
Latency: 0.034097755094990134
Latency: 0.03090003109537065
Latency: 0.015594071010127664
Latency: 0.0177209940738976
Latency: 0.015559208113700151
Latency: 0.01790813496336341
Latency: 0.016122045926749706
Latency: 0.018381698988378048
Latency: 0.015293342992663383
Latency: 0.017371930880472064
Latency: 0.014861061004921794
Latency: 0.016748792957514524
Latency: 0.015777552966028452
Latency: 0.017593970987945795
Latency: 0.018361106980592012
Latency: 0.016099743079394102
Latency: 0.01633371296338737
Latency: 0.017479923088103533
Latency: 0.01825835299678147
Latency: 0.01745925797149539
Latency: 0.019472655141726136
Latency: 0.01899406500160694
Latency: 0.01747720898129046
Latency: 0.01595372101292014
Latency: 0.016409578965976834
Latency: 0.017645216081291437
Latency: 0.017600595019757748
Latency: 0.016175491036847234
Latency: 0.01736065582372248
Latency: 0.017038115998730063
Latency: 0.01620642514899373
Latency: 0.01727740908972919
Latency: 0.01635189400985837
Latency: 0.017797203036025167
Latency: 0.017425206024199724
Latency: 0.016179620986804366
Latency: 0.017286669928580523
Latency: 0.016418315935879946
Latency: 0.017753756139427423
Latency: 0.01624721707776189
Latency: 0.01618372998200357
Latency: 0.01720102201215923
Latency: 0.019518024986609817
Latency: 0.0189799340441823
Latency: 0.017590224044397473
Latency: 0.016020045150071383
Latency: 0.016429052921012044
Latency: 0.017709282925352454
Latency: 0.017465844051912427
Latency: 0.016346459975466132
Latency: 0.018784835003316402
Latency: 0.01750752399675548
Latency: 0.015944035025313497
Latency: 0.015957267954945564
Latency: 0.016469391994178295
Latency: 0.017444445053115487
Latency: 0.01810395298525691
Latency: 0.017216603038832545
Latency: 0.01771128410473466
Latency: 0.018690027995035052
Latency: 0.018155605997890234
Latency: 0.017338226083666086
Latency: 0.0163434031419456
Latency: 0.01737845898605883
Latency: 0.01629740698263049
Latency: 0.017181419068947434
Latency: 0.019494767067953944
Latency: 0.017803968163207173
Latency: 0.017838307889178395
Latency: 0.016257755924016237
Latency: 0.016253273002803326
Latency: 0.017532851081341505
Latency: 0.01744996104389429
Latency: 0.017346326960250735
Latency: 0.016045902855694294
Latency: 0.016268549021333456
Latency: 0.016403266927227378
Latency: 0.016357460990548134
Latency: 0.016421882901340723
Latency: 0.0172183969989419
Latency: 0.017634839052334428
Latency: 0.018911283928900957
Latency: 0.03409773390740156
Latency: 0.017660590820014477
Latency: 0.01984977605752647
Latency: 0.01789724314585328
Latency: 0.017177228117361665
Latency: 0.018633981933817267
Latency: 0.019809039076790214
Latency: 0.017591132083907723
Latency: 0.018825904931873083
Latency: 0.01732118404470384
Latency: 0.0173860271461308
Latency: 0.018814688082784414
Latency: 0.020124268950894475
Latency: 0.018511154921725392
Latency: 0.019196606008335948
Latency: 0.017490662168711424
Latency: 0.01749835512600839
Latency: 0.018597107147797942
Latency: 0.017010841984301805
Latency: 0.017919595120474696
Latency: 0.017636816948652267
Latency: 0.01861324394121766
Latency: 0.01821574685163796
Latency: 0.017595072044059634
Latency: 0.017813615035265684
Latency: 0.016451022820547223
Latency: 0.01834212918765843
Latency: 0.01808312814682722
Latency: 0.01893485989421606
Latency: 0.01659993501380086
Latency: 0.017935770098119974
Latency: 0.01685761916451156
Latency: 0.017831146018579602
Latency: 0.016464143991470337
Latency: 0.016660684952512383
Latency: 0.018940584966912866
Latency: 0.016396690858528018
Latency: 0.016297111054882407
Latency: 0.01676985900849104
Latency: 0.01790629094466567
Latency: 0.017924820072948933
Latency: 0.016402736073359847
Latency: 0.017847900046035647
Latency: 0.018962506903335452
Latency: 0.017976582050323486
Latency: 0.016486051958054304
Latency: 0.01656546490266919
Latency: 0.017677248921245337
Latency: 0.01852084114216268
Latency: 0.017757131019607186
Latency: 0.01972836907953024
Latency: 0.018054242944344878
Latency: 0.017775756074115634
Latency: 0.016667029121890664
Latency: 0.01826429390348494
Latency: 0.01658528600819409
Latency: 0.01816834998317063
Latency: 0.019341024104505777
Latency: 0.017624487867578864
Latency: 0.016675309976562858
Latency: 0.017981115030124784
Latency: 0.016538172960281372
Latency: 0.016708202892914414
Latency: 0.017745214980095625
Latency: 0.0199382989667356
Latency: 0.01783517189323902
Latency: 0.016459063161164522
Latency: 0.017768173944205046
Latency: 0.01801887690089643
Latency: 0.01669404492713511
Latency: 0.016885173972696066
Latency: 0.016790658934041858
Latency: 0.01653788797557354
Latency: 0.018134369980543852
Latency: 0.017451904946938157
Latency: 0.016551719047129154
Latency: 0.018029672792181373
Latency: 0.016621827147901058
Latency: 0.018281556898728013
Latency: 0.019630426075309515
Latency: 0.03181566414423287
Latency: 0.032191904028877616
Latency: 0.018110902048647404
Latency: 0.016700012842193246
Latency: 0.017692285124212503
Latency: 0.01645738212391734
Latency: 0.017524462891742587
Latency: 0.018770377151668072
Latency: 0.017776045948266983
Latency: 0.016560282092541456
Latency: 0.01777768600732088
Latency: 0.01639661705121398
Latency: 0.016805951949208975
Latency: 0.019336733035743237
Latency: 0.014324812218546867
Latency: 0.017662080004811287
Latency: 0.015467983903363347
Latency: 0.01815764093771577
Latency: 0.014364446979016066
Latency: 0.018482134910300374
Latency: 0.014796213014051318
Latency: 0.020062012132257223
Latency: 0.016323883086442947
Latency: 0.018752424977719784
Latency: 0.016657342901453376
Latency: 0.019158306997269392
Latency: 0.01670494908466935
Latency: 0.019022769993171096
Latency: 0.017707800026983023
Latency: 0.019942235900089145
Latency: 0.01632565096952021
Latency: 0.017613111063838005
Latency: 0.015570901101455092
Latency: 0.01806029095314443
Latency: 0.016193028073757887
Latency: 0.01778563018888235
Latency: 0.016530666034668684
Latency: 0.018937852000817657
Latency: 0.0156408220063895
Latency: 0.01795506803318858
Latency: 0.016026372089982033
Latency: 0.018106978153809905
Latency: 0.01622621389105916
Latency: 0.01908290688879788
Latency: 0.014062251197174191
Latency: 0.017712453845888376
Latency: 0.015944054117426276
Latency: 0.019417098024860024
Latency: 0.0165194699075073
Latency: 0.017629702109843493
Latency: 0.01752218697220087
Latency: 0.018975184066221118
Latency: 0.014527946012094617
Latency: 0.01873696898110211
Latency: 0.016519679920747876
Latency: 0.0190454029943794
Latency: 0.017438147915527225
Latency: 0.018497967859730124
Latency: 0.01582507393322885
Latency: 0.01992927398532629
Latency: 0.01626038714312017
Latency: 0.01755645195953548
Latency: 0.015619504963979125
Latency: 0.019573339028283954
Latency: 0.015763458097353578
Latency: 0.01826766994781792
Latency: 0.017615802120417356
Latency: 0.01887797308154404
Latency: 0.015591426054015756
Latency: 0.017926672007888556
Latency: 0.0158819779753685
Latency: 0.01812880695797503
Latency: 0.014673305908218026
Latency: 0.0203192550688982
Latency: 0.01625806908123195
Latency: 0.0188057750929147
Latency: 0.016481898026540875
Latency: 0.017581801861524582
Latency: 0.01610294310376048
Latency: 0.019421668956056237
Latency: 0.015983123099431396
Latency: 0.01964096794836223
Latency: 0.03179613593965769
Latency: 0.03420281293801963
Latency: 0.016061624977737665
Latency: 0.01749967597424984
Latency: 0.015939884819090366
Latency: 0.01782129588536918
Latency: 0.015586140099912882
Latency: 0.020425513153895736
Latency: 0.01683368906378746
Latency: 0.019150536973029375
Latency: 0.016360342036932707
Latency: 0.01774987205862999
Latency: 0.01582801202312112
Latency: 0.019051488023251295
Latency: 0.015518542844802141
Latency: 0.017875303979963064
Latency: 0.015740497037768364
Latency: 0.01818247581832111
Latency: 0.01575336209498346
Latency: 0.017947301967069507
Latency: 0.016813095193356276
Latency: 0.01866781199350953
Latency: 0.014915539883077145
Latency: 0.01698686694726348
Latency: 0.01530291698873043
Latency: 0.016365055926144123
Latency: 0.016545811900869012
Latency: 0.0178831669036299
Latency: 0.019169687991961837
Latency: 0.0178442329633981
Latency: 0.017897214042022824
Latency: 0.016242153011262417
Latency: 0.016575306188315153
Latency: 0.017798251006752253
Latency: 0.018499798141419888
Latency: 0.017988235922530293
Latency: 0.01901331008411944
Latency: 0.017798956017941236
Latency: 0.0180867079179734
Latency: 0.016855911118909717
Latency: 0.016526062972843647
Latency: 0.016536999959498644
Latency: 0.018169553019106388
Latency: 0.019420268945395947
Latency: 0.017866909969598055
Latency: 0.01643432700075209
Latency: 0.016646747011691332
Latency: 0.017849115887656808
Latency: 0.018621148774400353
Latency: 0.018152951961383224
Latency: 0.019166820915415883
Latency: 0.0176551581826061
Latency: 0.018557746894657612
Latency: 0.017946356208994985
Latency: 0.01889011193998158
Latency: 0.017084936844184995
Latency: 0.016081267036497593
Latency: 0.01797416596673429
Latency: 0.01895577390678227
Latency: 0.01755506102927029
Latency: 0.01684481301344931
Latency: 0.016602010000497103
Latency: 0.016749973874539137
Latency: 0.01801768597215414
Latency: 0.018456842051818967
Latency: 0.016685403883457184
Latency: 0.026794493896886706
Latency: 0.02688993699848652
Latency: 0.018650448182597756
Latency: 0.01744828186929226
Latency: 0.019247256917878985
Latency: 0.019388573011383414
Latency: 0.01851349719800055
Latency: 0.01714125694707036
Latency: 0.018130613956600428
Latency: 0.01742750220000744
Latency: 0.016527351923286915
Latency: 0.01772413798607886
Latency: 0.017703271005302668
Latency: 0.01616237498819828
Latency: 0.01788230799138546
Latency: 0.01913107605651021
Latency: 0.03437298000790179
Latency: 0.03318282403051853
Latency: 0.016368832904845476
Latency: 0.016533924033865333
Latency: 0.017474828055128455
Latency: 0.016207369975745678
Latency: 0.017027586000040174
Latency: 0.0185154490172863
Latency: 0.01768725411966443
Latency: 0.016260196920484304
Latency: 0.016385262832045555
Latency: 0.017655663890764117
Latency: 0.017708843806758523
Latency: 0.01634984090924263
Latency: 0.01725475094281137
Latency: 0.01619633985683322
Latency: 0.01641202997416258
Latency: 0.01738155703060329
Latency: 0.018253162037581205
Latency: 0.017457965994253755
Latency: 0.019856339087709785
Latency: 0.018959661945700645
Latency: 0.018008515005931258
Latency: 0.01739861210808158
Latency: 0.01646539894863963
Latency: 0.017682316014543176
Latency: 0.01770358788780868
Latency: 0.01603891490958631
Latency: 0.01750178192742169
Latency: 0.018706995993852615
Latency: 0.01784057798795402
Latency: 0.016414470970630646
Latency: 0.016154929995536804
Latency: 0.017649162095040083
Latency: 0.01779221510514617
Latency: 0.016232107998803258
Latency: 0.017290207091718912
Latency: 0.017163509037345648
Latency: 0.01644372008740902
Latency: 0.017796456115320325
Latency: 0.01797876413911581
Latency: 0.01670290995389223
Latency: 0.01918125688098371
Latency: 0.017997770104557276
Latency: 0.017544292146340013
Latency: 0.016720829997211695
Latency: 0.016282466938719153
Latency: 0.016301999101415277
Latency: 0.016527025029063225
Latency: 0.01759894099086523
Latency: 0.018753368174657226
Latency: 0.017672033980488777
Latency: 0.017651683883741498
Latency: 0.016328342026099563
Latency: 0.01663477998226881
Latency: 0.017533526988700032
Latency: 0.018487737979739904
Latency: 0.016893430845811963
Latency: 0.01719014090485871
Latency: 0.01762496610172093
Latency: 0.017621156992390752
Latency: 0.016330664046108723
Latency: 0.016402943059802055
Latency: 0.01768545899540186
Latency: 0.018999138148501515
Latency: 0.017699311021715403
Latency: 0.017948586028069258
Latency: 0.01728460704907775
Latency: 0.0166967639233917
Latency: 0.017882476095110178
Latency: 0.01749500702135265
Latency: 0.01642855000682175
Latency: 0.01876775803975761
Latency: 0.017527541145682335
Latency: 0.016664972994476557
Latency: 0.01683654892258346
Latency: 0.0160665069706738
Latency: 0.016234176931902766
Latency: 0.01659536501392722
Latency: 0.01768485107459128
Latency: 0.03808071999810636
Latency: 0.03659408097155392
Latency: 0.016220632009208202
Latency: 0.016205841908231378
Latency: 0.016504849074408412
Latency: 0.01766385301016271
Latency: 0.01874193805269897
Latency: 0.01734969299286604
Latency: 0.016289516119286418
Latency: 0.01741727814078331
Latency: 0.016375781036913395
Latency: 0.017651773057878017
Latency: 0.017484244192019105
Latency: 0.016606830060482025
Latency: 0.018902552081272006
Latency: 0.017407583072781563
Latency: 0.016413489123806357
Latency: 0.016058452893048525
Latency: 0.01628419617190957
Latency: 0.01743858796544373
Latency: 0.018670362187549472
Latency: 0.016519502038136125
Latency: 0.017246382078155875
Latency: 0.017566395923495293
Latency: 0.018468671943992376
Latency: 0.016203233040869236
Latency: 0.01649040589109063
Latency: 0.01765703479759395
Latency: 0.019052586052566767
Latency: 0.017446287907660007
Latency: 0.01618341007269919
Latency: 0.017892055911943316
Latency: 0.017628680914640427
Latency: 0.016414999030530453
Latency: 0.017876231810078025
Latency: 0.016169108916074038
Latency: 0.0175218409858644
Latency: 0.018494833959266543
Latency: 0.018366910982877016
Latency: 0.017259238054975867
Latency: 0.016293575055897236
Latency: 0.01754377712495625
Latency: 0.01770785008557141
Latency: 0.01642912719398737
Latency: 0.017482872121036053
Latency: 0.018701432971283793
Latency: 0.01753459800966084
Latency: 0.0163290249183774
Latency: 0.016462872037664056
Latency: 0.017445306992158294
Latency: 0.018769545014947653
Latency: 0.016882922034710646
Latency: 0.015601085964590311
Latency: 0.018729185918346047
Latency: 0.016361232148483396
Latency: 0.018815384013578296
Latency: 0.016481035854667425
Latency: 0.018389906967058778
Latency: 0.0165526089258492
Latency: 0.019286412047222257
Latency: 0.016004747012630105
Latency: 0.0172916310839355
Latency: 0.015680237906053662
Latency: 0.017841069027781487
Latency: 0.014262195909395814
Latency: 0.017792935948818922
Latency: 0.016702274093404412
Latency: 0.01890996308065951
Latency: 0.015343999955803156
Latency: 0.017838776111602783
Latency: 0.01620023511350155
Latency: 0.017815364059060812
Latency: 0.01584848086349666
Latency: 0.018821687903255224
Latency: 0.014274166198447347
Latency: 0.017670737113803625
Latency: 0.01565562281757593
Latency: 0.01799571397714317
Latency: 0.015460625058040023
Latency: 0.023466968908905983
Latency: 0.017004376044496894
Latency: 0.03556640399619937
Latency: 0.015900606056675315
Latency: 0.016689805081114173
Latency: 0.015804849099367857
Latency: 0.01643807301297784
Latency: 0.01513319811783731
Latency: 0.01633499003946781
Latency: 0.01595052587799728
Latency: 0.016056637978181243
Latency: 0.01512988586910069
Latency: 0.016702617052942514
Latency: 0.015180832939222455
Latency: 0.01869728392921388
Latency: 0.016186316963285208
Latency: 0.019419068936258554
Latency: 0.015213238773867488
Latency: 0.018490969901904464
Latency: 0.015209352830424905
Latency: 0.018499254947528243
Latency: 0.015480473171919584
Latency: 0.018774989992380142
Latency: 0.016394855920225382
Latency: 0.01975642121396959
Latency: 0.016305912053212523
Latency: 0.01851874403655529
Latency: 0.016832848079502583
Latency: 0.017924829851835966
Latency: 0.016146348090842366
Latency: 0.018100915011018515
Latency: 0.018797216936945915
Latency: 0.016339441062882543
Latency: 0.016237386036664248
Latency: 0.016186770051717758
Latency: 0.01648522913455963
Latency: 0.016219063894823194
Latency: 0.016303610987961292
Latency: 0.018880148185417056
Latency: 0.017683515092357993
Latency: 0.01620801305398345
Latency: 0.016300314804539084
Latency: 0.017716396832838655
Latency: 0.01836910587735474
Latency: 0.01770092803053558
Latency: 0.01862796093337238
Latency: 0.017231330974027514
Latency: 0.016565972939133644
Latency: 0.01777169108390808
Latency: 0.01811537006869912
Latency: 0.01635827706195414
Latency: 0.016560269985347986
Latency: 0.017421445110812783
Latency: 0.017459877068176866
Latency: 0.017698761075735092
Latency: 0.017764611169695854
Latency: 0.01626765402033925
Latency: 0.0164627640042454
Latency: 0.01822067704051733
Latency: 0.01755655580200255
Latency: 0.01746721100062132
Latency: 0.016086474992334843
Latency: 0.017381215933710337
Latency: 0.017796427942812443
Latency: 0.016341944923624396
Latency: 0.016335495049133897
Latency: 0.017294391989707947
Latency: 0.019533895887434483
Latency: 0.01890213298611343
Latency: 0.017675360199064016
Latency: 0.016602284973487258
Latency: 0.017609081929549575
Latency: 0.016728901071473956
Latency: 0.01770874997600913
Latency: 0.01628945884294808
Latency: 0.01764127006754279
Latency: 0.018731560092419386
Latency: 0.017638141056522727
Latency: 0.01617346308194101
Latency: 0.016336852917447686
Latency: 0.01743769901804626
Latency: 0.01660464913584292
Latency: 0.016324572963640094
Latency: 0.03439603000879288
Latency: 0.034272257005795836
Latency: 0.016445595072582364
Latency: 0.016697415150702
Latency: 0.017701844917610288
Latency: 0.01637857500463724
Latency: 0.017375368857756257
Latency: 0.017324259039014578
Latency: 0.01640343712642789
Latency: 0.0176659959834069
Latency: 0.014459856087341905
Latency: 0.018580258125439286
Latency: 0.016171359922736883
Latency: 0.01750767999328673
Latency: 0.0163699749391526
Latency: 0.017195051070302725
Latency: 0.014596576103940606
Latency: 0.01694606593810022
Latency: 0.016292985063046217
Latency: 0.016068500000983477
Latency: 0.01634210697375238
Latency: 0.018939799861982465
Latency: 0.017533668084070086
Latency: 0.016592751955613494
Latency: 0.01785384607501328
Latency: 0.016338241985067725
Latency: 0.016363864997401834
Latency: 0.017575810896232724
Latency: 0.01882832101546228
Latency: 0.017340164864435792
Latency: 0.016305498080328107
Latency: 0.017150085885077715
Latency: 0.01664900896139443
Latency: 0.017889059148728848
Latency: 0.017948328983038664
Latency: 0.016383396927267313
Latency: 0.017368258908391
Latency: 0.017378508113324642
Latency: 0.018422862980514765
Latency: 0.01696640206500888
Latency: 0.01628891099244356
Latency: 0.016550103202462196
Latency: 0.017698355950415134
Latency: 0.017590786097571254
Latency: 0.01645329804159701
Latency: 0.017403414007276297
Latency: 0.01689974800683558
Latency: 0.016463766107335687
Latency: 0.016368645010516047
Latency: 0.017330752918496728
Latency: 0.019559280946850777
Latency: 0.018607585923746228
Latency: 0.016430519055575132
Latency: 0.01735703879967332
Latency: 0.016082701040431857
Latency: 0.017739573027938604
Latency: 0.017820084933191538
Latency: 0.01617120415903628
Latency: 0.01762196607887745
Latency: 0.018610268831253052
Latency: 0.01682094088755548
Latency: 0.016372404992580414
Latency: 0.01667834399268031
Latency: 0.016474877018481493
Latency: 0.017823006957769394
Latency: 0.018865471938624978
Latency: 0.018278160830959678
Latency: 0.017763724084943533
Latency: 0.016585606150329113
Latency: 0.017774168867617846
Latency: 0.01772706094197929
Latency: 0.016233199974521995
Latency: 0.017523593036457896
Latency: 0.018673676997423172
Latency: 0.017583456123247743
Latency: 0.016289890045300126
Latency: 0.016539368079975247
Latency: 0.01772650284692645
Latency: 0.01829784596338868
Latency: 0.01788646588101983
Latency: 0.036538057029247284
Latency: 0.03392070601694286
Latency: 0.016362985130399466
Latency: 0.017541754990816116
Latency: 0.01779879699461162
Latency: 0.016702132998034358
Latency: 0.018685960909351707
Latency: 0.017371693858876824
Latency: 0.01740701892413199
Latency: 0.01628399803303182
Latency: 0.018063104012981057
Latency: 0.016699675004929304
Latency: 0.016136686084792018
Latency: 0.016600111965090036
Latency: 0.018776718992739916
Latency: 0.016445616027340293
Latency: 0.017529605887830257
Latency: 0.016341491136699915
Latency: 0.017663161037489772
Latency: 0.01655719894915819
Latency: 0.01940025109797716
Latency: 0.01752825896255672
Latency: 0.016159449005499482
Latency: 0.0176275169942528
Latency: 0.01780174090526998
Latency: 0.016355165047571063
Latency: 0.01643215911462903
Latency: 0.016551126027479768
Latency: 0.018956452840939164
Latency: 0.017469241051003337
Latency: 0.016393882920965552
Latency: 0.016163758002221584
Latency: 0.0165073920506984
Latency: 0.01776323700323701
Latency: 0.017580132000148296
Latency: 0.01639896398410201
Latency: 0.017494541127234697
Latency: 0.017471856903284788
Latency: 0.017826381139457226
Latency: 0.016568372957408428
Latency: 0.016336244996637106
Latency: 0.01769290491938591
Latency: 0.019234063802286983
Latency: 0.01804234110750258
Latency: 0.0176145329605788
Latency: 0.016421383945271373
Latency: 0.016283854143694043
Latency: 0.016789413057267666
Latency: 0.01773772994056344
Latency: 0.016314589884132147
Latency: 0.017715816851705313
Latency: 0.01880598906427622
Latency: 0.017892645206302404
Latency: 0.016115516889840364
Latency: 0.01644501299597323
Latency: 0.017668995074927807
Latency: 0.017542060930281878
Latency: 0.016237115021795034
Latency: 0.017415082082152367
Latency: 0.018555917078629136
Latency: 0.01877386379055679
Latency: 0.016957564977928996
Latency: 0.01594860991463065
Latency: 0.017800227040424943
Latency: 0.01787752495147288
Latency: 0.016323296120390296
Latency: 0.017261355184018612
Latency: 0.017140188021585345
Latency: 0.018338361056521535
Latency: 0.017599527025595307
Latency: 0.016458702040836215
Latency: 0.017766824923455715
Latency: 0.01767342002131045
Latency: 0.017789370147511363
Latency: 0.016315641812980175
Latency: 0.016864054836332798
Latency: 0.017844605026766658
Latency: 0.01653093798086047
Latency: 0.016318739857524633
Latency: 0.016134560108184814
Latency: 0.01766885188408196
Latency: 0.01887432299554348
Latency: 0.03592401510104537
Latency: 0.01647486607544124
Latency: 0.01838380820117891
Latency: 0.017926601925864816
Latency: 0.017747635953128338
Latency: 0.016678848071023822
Latency: 0.01867095404304564
Latency: 0.016200473997741938
Latency: 0.01643997710198164
Latency: 0.017394456081092358
Latency: 0.018545222003012896
Latency: 0.018160427920520306
Latency: 0.01905360585078597
Latency: 0.017374277114868164
Latency: 0.01632742304354906
Latency: 0.017960942117497325
Latency: 0.017904471140354872
Latency: 0.016234187176451087
Latency: 0.0164300249889493
Latency: 0.017535665072500706
Latency: 0.01971705607138574
Latency: 0.01801672508008778
Latency: 0.017899723956361413
Latency: 0.017482805997133255
Latency: 0.01780685200355947
Latency: 0.01665632799267769
Latency: 0.017642491962760687
Latency: 0.016694723861292005
Latency: 0.01941735902801156
Latency: 0.017381435027346015
Latency: 0.01648498699069023
Latency: 0.01797510706819594
Latency: 0.0179339989554137
Latency: 0.016367031959816813
Latency: 0.016365616116672754
Latency: 0.017549040028825402
Latency: 0.01870805607177317
Latency: 0.016150027979165316
Latency: 0.016369441989809275
Latency: 0.017295351019129157
Latency: 0.016426939982920885
Latency: 0.01747338380664587
Latency: 0.01832985901273787
Latency: 0.017849070951342583
Latency: 0.016228192020207644
Latency: 0.01752788294106722
Latency: 0.018478702986612916
Latency: 0.016815089154988527
Latency: 0.016033762833103538
Latency: 0.01745442906394601
Latency: 0.01771658519282937
Latency: 0.01870912406593561
Latency: 0.018811102025210857
Latency: 0.01660008286125958
Latency: 0.016449668910354376
Latency: 0.017550027929246426
Latency: 0.01869130483828485
Latency: 0.016993235098198056
Latency: 0.017087091924622655
Latency: 0.017191476887091994
Latency: 0.01677708188071847
Latency: 0.016514576971530914
Latency: 0.016504250932484865
Latency: 0.017449582926928997
Latency: 0.018657566979527473
Latency: 0.018396965926513076
Latency: 0.01592066092416644
Latency: 0.016662392998114228
Latency: 0.01786192599684
Latency: 0.016777429962530732
Latency: 0.017722603864967823
Latency: 0.016356380190700293
Latency: 0.019597943872213364
Latency: 0.01897317823022604
Latency: 0.017756131943315268
Latency: 0.016562490025535226
Latency: 0.017958496930077672
Latency: 0.016461375867947936
Latency: 0.01651822403073311
Latency: 0.017748354002833366
Latency: 0.037330860970541835
Latency: 0.03608164610341191
Latency: 0.016345467884093523
Latency: 0.01618133601732552
Latency: 0.016661830013617873
Latency: 0.017930820118635893
Latency: 0.01918418100103736
Latency: 0.017945655155926943
Latency: 0.0170236648991704
Latency: 0.017242435133084655
Latency: 0.017100114142522216
Latency: 0.01833196310326457
Latency: 0.01749961986206472
Latency: 0.018103981157764792
Latency: 0.01838124101050198
Latency: 0.019569922937080264
Latency: 0.01851809094659984
Latency: 0.017220658948644996
Latency: 0.01794117083773017
Latency: 0.016456471057608724
Latency: 0.016528091859072447
Latency: 0.01766752707771957
Latency: 0.019678459968417883
Latency: 0.016378221102058887
Latency: 0.016483356012031436
Latency: 0.0178488208912313
Latency: 0.017970324959605932
Latency: 0.01636534812860191
Latency: 0.017955693881958723
Latency: 0.017752075102180243
Latency: 0.016203245846554637
Latency: 0.01636407384648919
Latency: 0.016527037136256695
Latency: 0.017696866998448968
Latency: 0.018267491133883595
Latency: 0.017704201163724065
Latency: 0.018992741825059056
Latency: 0.01799497799947858
Latency: 0.01783595117740333
Latency: 0.016647311858832836
Latency: 0.017705530859529972
Latency: 0.016288131941109896
Latency: 0.01644954481162131
Latency: 0.017513733124360442
Latency: 0.017874303041025996
Latency: 0.01745452987961471
Latency: 0.016566826030611992
Latency: 0.017873239004984498
Latency: 0.01812030398286879
Latency: 0.016343477880582213
Latency: 0.016874429071322083
Latency: 0.017800533212721348
Latency: 0.01779626589268446
Latency: 0.017390089109539986
Latency: 0.016556531889364123
Latency: 0.01782886008732021
Latency: 0.017794274957850575
Latency: 0.016329871956259012
Latency: 0.018159260973334312
Latency: 0.01911653787828982
Latency: 0.01823766087181866
Latency: 0.018028149846941233
Latency: 0.017970604822039604
Latency: 0.016461222898215055
Latency: 0.017369756940752268
Latency: 0.016994761070236564
Latency: 0.017504083923995495
Latency: 0.019265037961304188
Latency: 0.018715542973950505
Latency: 0.01685077208094299
Latency: 0.01647989684715867
Latency: 0.01654088101349771
Latency: 0.016734067117795348
Latency: 0.017937335884198546
Latency: 0.01912046503275633
Latency: 0.0183474188670516
Latency: 0.02249055285938084
Latency: 0.021982891019433737
Latency: 0.019063460174947977
Latency: 0.016591359861195087
Latency: 0.018442621920257807
Latency: 0.019486604956910014
Latency: 0.03743450087495148
Latency: 0.035700284875929356
Latency: 0.018392584985122085
Latency: 0.01757860300131142
Latency: 0.01672595296986401
Latency: 0.017883352003991604
Latency: 0.018708429066464305
Latency: 0.017569677904248238
Latency: 0.017718703020364046
Latency: 0.016309026861563325
Latency: 0.016712787095457315
Latency: 0.01760833105072379
Latency: 0.01990932086482644
Latency: 0.019239217974245548
Latency: 0.017769590951502323
Latency: 0.016362102003768086
Latency: 0.016441427171230316
Latency: 0.01653603301383555
Latency: 0.016668065916746855
Latency: 0.017615715973079205
Latency: 0.017889565089717507
Latency: 0.017822724068537354
Latency: 0.01586495409719646
Latency: 0.01766966190189123
Latency: 0.01791024091653526
Latency: 0.016727504087612033
Latency: 0.01746433903463185
Latency: 0.01628230419009924
Latency: 0.019465000135824084
Latency: 0.017310225870460272
Latency: 0.016525971004739404
Latency: 0.017416049959138036
Latency: 0.01639051316305995
Latency: 0.017709137871861458
Latency: 0.018217029981315136
Latency: 0.01641185092739761
Latency: 0.017632836010307074
Latency: 0.01736667612567544
Latency: 0.018257585121318698
Latency: 0.01751358387991786
Latency: 0.018560634925961494
Latency: 0.017718055052682757
Latency: 0.017818195046857
Latency: 0.0189555820543319
Latency: 0.01627576700411737
Latency: 0.016688169911503792
Latency: 0.017705875914543867
Latency: 0.016313483007252216
Latency: 0.016483648912981153
Latency: 0.01735683693550527
Latency: 0.0178910989779979
Latency: 0.0190956499427557
Latency: 0.017607891000807285
Latency: 0.016206077067181468
Latency: 0.01652494794689119
Latency: 0.01637590117752552
Latency: 0.016475098906084895
Latency: 0.017463481053709984
Latency: 0.01998943299986422
Latency: 0.017852591117843986
Latency: 0.0164196218829602
Latency: 0.017858099890872836
Latency: 0.017820242093876004
Latency: 0.016751104034483433
Latency: 0.01774574792943895
Latency: 0.016343330964446068
Latency: 0.017654258059337735
Latency: 0.017657082062214613
Latency: 0.017622411949560046
Latency: 0.016484520165249705
Latency: 0.017841019900515676
Latency: 0.016198084922507405
Latency: 0.016535459086298943
Latency: 0.016684908885508776
Latency: 0.01859665405936539
Latency: 0.016173304989933968
Latency: 0.016584935830906034
Latency: 0.017754199914634228
Latency: 0.01774849696084857
Latency: 0.016623805044218898
Latency: 0.018845251062884927
Latency: 0.017392948968335986
Latency: 0.03600115212611854
Latency: 0.01636262214742601
Latency: 0.01650114287622273
Latency: 0.017469504848122597
Latency: 0.016597073059529066
Latency: 0.016421254025772214
Latency: 0.017265306785702705
Latency: 0.0177085199393332
Latency: 0.01755936397239566
Latency: 0.016340339090675116
Latency: 0.017867229878902435
Latency: 0.0162386829033494
Latency: 0.016549532068893313
Latency: 0.017642779042944312
Latency: 0.018345401855185628
Latency: 0.01717833918519318
Latency: 0.018081669928506017
Latency: 0.017221779096871614
Latency: 0.018188955960795283
Latency: 0.01755882310681045
Latency: 0.018773443065583706
Latency: 0.01728690997697413
Latency: 0.016387501033023
Latency: 0.017351113026961684
Latency: 0.018348878948017955
Latency: 0.01749964593909681
Latency: 0.016623695846647024
Latency: 0.0176963999401778
Latency: 0.01778886211104691
Latency: 0.01765633700415492
Latency: 0.017598794074729085
Latency: 0.016200613928958774
Latency: 0.01634091604501009
Latency: 0.01747269812040031
Latency: 0.019423977006226778
Latency: 0.01785210194066167
Latency: 0.018305615056306124
Latency: 0.017543582012876868
Latency: 0.01805908791720867
Latency: 0.016379416920244694
Latency: 0.016422549029812217
Latency: 0.01663530501537025
Latency: 0.018986769951879978
Latency: 0.017364163883030415
Latency: 0.01689836592413485
Latency: 0.01819219603203237
Latency: 0.018163969973102212
Latency: 0.016431877156719565
Latency: 0.016539996955543756
Latency: 0.017431996995583177
Latency: 0.0178465039934963
Latency: 0.018937404034659266
Latency: 0.017601089784875512
Latency: 0.016469958005473018
Latency: 0.017788425087928772
Latency: 0.0165851260535419
Latency: 0.01785917696543038
Latency: 0.01668111584149301
Latency: 0.017683204961940646
Latency: 0.016512494068592787
Latency: 0.015706887934356928
Latency: 0.01621936191804707
Latency: 0.015886873938143253
Latency: 0.017786363139748573
Latency: 0.017508065095171332
Latency: 0.018700845073908567
Latency: 0.01426491909660399
Latency: 0.017991594970226288
Latency: 0.01554932096041739
Latency: 0.01807326707057655
Latency: 0.015550639946013689
Latency: 0.017953132977709174
Latency: 0.016910400008782744
Latency: 0.018936028936877847
Latency: 0.014620067086070776
Latency: 0.01679187687113881
Latency: 0.01653488096781075
Latency: 0.017471601022407413
Latency: 0.016520964913070202
Latency: 0.017861503176391125
Latency: 0.0391501619014889
Latency: 0.035940801026299596
Latency: 0.016386742936447263
Latency: 0.017417485127225518
Latency: 0.018409454030916095
Latency: 0.017619902966544032
Latency: 0.01930894306860864
Latency: 0.018731900956481695
Latency: 0.017870731884613633
Latency: 0.016222989885136485
Latency: 0.01642008707858622
Latency: 0.017834247089922428
Latency: 0.017605604836717248
Latency: 0.016626112163066864
Latency: 0.018578220158815384
Latency: 0.016568419989198446
Latency: 0.017722353106364608
Latency: 0.016544420970603824
Latency: 0.018444578861817718
Latency: 0.016606583958491683
Latency: 0.01917129009962082
Latency: 0.017612205119803548
Latency: 0.01635586703196168
Latency: 0.017423782963305712
Latency: 0.01852825004607439
Latency: 0.016383992042392492
Latency: 0.016529930057004094
Latency: 0.017934282077476382
Latency: 0.01887136185541749
Latency: 0.01768953795544803
Latency: 0.017752327024936676
Latency: 0.016127723967656493
Latency: 0.016538076102733612
Latency: 0.01634691096842289
Latency: 0.0163158499635756
Latency: 0.017326917964965105
Latency: 0.02000657399185002
Latency: 0.017659903038293123
Latency: 0.01643997593782842
Latency: 0.017472662962973118
Latency: 0.016619771951809525
Latency: 0.016559691168367863
Latency: 0.01663448312319815
Latency: 0.016684220172464848
Latency: 0.019138155039399862
Latency: 0.016188312089070678
Latency: 0.016509318025782704
Latency: 0.017686092061921954
Latency: 0.0178747468162328
Latency: 0.016358611872419715
Latency: 0.017971967812627554
Latency: 0.018922132207080722
Latency: 0.01816158089786768
Latency: 0.01757065881974995
Latency: 0.017191363032907248
Latency: 0.016861974960193038
Latency: 0.017124078003689647
Latency: 0.017762946896255016
Latency: 0.01769519504159689
Latency: 0.01895846310071647
Latency: 0.01881215302273631
Latency: 0.01690759905613959
Latency: 0.015297164907678962
Latency: 0.01642765593715012
Latency: 0.01666712388396263
Latency: 0.01639652904123068
Latency: 0.017587057081982493
Latency: 0.0173531211912632
Latency: 0.016580253839492798
Latency: 0.01791706494987011
Latency: 0.01783944806084037
Latency: 0.01685405196622014
Latency: 0.019015826052054763
Latency: 0.017680790973827243
Latency: 0.016535912873223424
Latency: 0.01669778279028833
Latency: 0.01648584916256368
Latency: 0.016462187049910426
Latency: 0.01654386892914772
Latency: 0.01772235590033233
Latency: 0.019114366034045815
Latency: 0.01754896785132587
Latency: 0.03699743002653122
Latency: 0.01738377590663731
Latency: 0.01825544610619545
Latency: 0.017548199044540524
Latency: 0.018624080810695887
Latency: 0.017750696977600455
Latency: 0.017515504034236073
Latency: 0.017573988996446133
Latency: 0.01833647908642888
Latency: 0.017645638901740313
Latency: 0.01794413197785616
Latency: 0.016773316077888012
Latency: 0.019042950123548508
Latency: 0.01791253313422203
Latency: 0.017714307876303792
Latency: 0.01635582000017166
Latency: 0.016349107958376408
Latency: 0.01763026718981564
Latency: 0.01760752685368061
Latency: 0.016321677016094327
Latency: 0.01838372298516333
Latency: 0.01799475005827844
Latency: 0.0166329899802804
Latency: 0.018151730066165328
Latency: 0.016930820886045694
Latency: 0.01832002098672092
Latency: 0.016992785036563873
Latency: 0.018449429888278246
Latency: 0.018211151007562876
Latency: 0.0193191550206393
Latency: 0.016454930184409022
Latency: 0.018243147060275078
Latency: 0.01684993808157742
Latency: 0.018340677954256535
Latency: 0.01695954892784357
Latency: 0.018075688974931836
Latency: 0.01765881199389696
Latency: 0.019464707002043724
Latency: 0.017304440960288048
Latency: 0.01839250302873552
Latency: 0.016381595050916076
Latency: 0.018138775834813714
Latency: 0.018581917975097895
Latency: 0.020010252948850393
Latency: 0.016715620877221227
Latency: 0.017656623851507902
Latency: 0.016684882109984756
Latency: 0.016857665963470936
Latency: 0.01643616589717567
Latency: 0.018884659046307206
Latency: 0.019440155941992998
Latency: 0.018422650173306465
Latency: 0.018085187068209052
Latency: 0.01907992595806718
Latency: 0.018329779151827097
Latency: 0.01804789900779724
Latency: 0.017662449972704053
Latency: 0.01626797392964363
Latency: 0.017930174013599753
Latency: 0.018145555863156915
Latency: 0.017723666038364172
Latency: 0.016530794091522694
Latency: 0.018155393889173865
Latency: 0.016795143950730562
Latency: 0.01982033788226545
Latency: 0.019117785850539804
Latency: 0.018226213054731488
Latency: 0.016914750915020704
Latency: 0.0179323039483279
Latency: 0.01648183213546872
Latency: 0.016497890930622816
Latency: 0.017656508134678006
Latency: 0.018874123925343156
Latency: 0.01743765897117555
Latency: 0.01661918079480529
Latency: 0.01772505114786327
Latency: 0.01631430396810174
Latency: 0.017826583003625274
Latency: 0.017550963908433914
Latency: 0.016285160090774298
Latency: 0.03805453609675169
Latency: 0.03813053900375962
Latency: 0.016569340834394097
Latency: 0.017909385031089187
Latency: 0.017942912876605988
Latency: 0.01676814304664731
Latency: 0.01872609998099506
Latency: 0.01742983004078269
Latency: 0.017558536026626825
Latency: 0.016276973066851497
Latency: 0.01654113782569766
Latency: 0.01750199613161385
Latency: 0.01650351588614285
Latency: 0.01799902506172657
Latency: 0.018716878024861217
Latency: 0.016359119908884168
Latency: 0.01780610205605626
Latency: 0.016696101054549217
Latency: 0.016200731974095106
Latency: 0.016155959805473685
Latency: 0.018042529933154583
Latency: 0.019230535021051764
Latency: 0.017647447995841503
Latency: 0.01615045592188835
Latency: 0.016488047782331705
Latency: 0.017742819851264358
Latency: 0.017990366090089083
Latency: 0.016792003996670246
Latency: 0.01917598908767104
Latency: 0.017491289880126715
Latency: 0.016463063890114427
Latency: 0.017617323901504278
Latency: 0.017920944141224027
Latency: 0.024294666945934296
Latency: 0.016562451841309667
Latency: 0.017458963906392455
Latency: 0.018460283987224102
Latency: 0.017513582948595285
