Latency: 0.9161149871069938
Latency: 0.9365813690237701
Latency: 0.9472247769590467
Latency: 0.945066903019324
Latency: 0.950160781852901
Latency: 0.9479860079009086
Latency: 0.950546314008534
Latency: 0.9485267710406333
Latency: 0.9577916511334479
Latency: 0.958733324194327
Latency: 0.9602887039072812
Latency: 0.9630547021515667
Latency: 0.9621889051049948
Latency: 0.9672915199771523
Latency: 0.9774875438306481
Latency: 0.9715056479908526
Latency: 0.976814097026363
Latency: 0.9787339658942074
Latency: 0.991635998012498
Latency: 0.9986967998556793
Latency: 0.9977190559729934
Latency: 1.0051792489830405
Latency: 1.001707314979285
Latency: 1.0032817521132529
Latency: 1.010707057081163
Latency: 1.0085378689691424
Latency: 1.0088933750521392
Latency: 1.0116548410151154
Latency: 1.014939198968932
Latency: 1.019554825965315
Latency: 1.0244977970141917
Latency: 1.0285624410025775
Latency: 0.8170242691412568
Latency: 0.8154950689058751
Latency: 0.8306164459791034
Latency: 0.8204575430136174
Latency: 0.819734157063067
Latency: 0.8375102381687611
Latency: 0.834611349971965
Latency: 0.8401555120944977
Latency: 0.8251594169996679
Latency: 0.8453908159863204
Latency: 0.8336456380784512
Latency: 0.8421064671128988
Latency: 0.8323629752267152
Latency: 0.8313042081426829
Latency: 0.8285718699917197
Latency: 0.8362238109111786
Latency: 0.8357029298786074
Latency: 0.8324635729659349
Latency: 0.812603518832475
Latency: 0.819319911999628
Latency: 0.8135468980763108
Latency: 0.8136399171780795
Latency: 0.8126682799775153
Latency: 0.815917121944949
Latency: 0.8307045418769121
Latency: 0.8258247009944171
Latency: 0.838093362050131
Latency: 0.8412079510744661
Latency: 0.8423535630572587
Latency: 0.8206726450007409
Latency: 0.8353944211266935
Latency: 0.8340744550805539
Latency: 0.834966525901109
Latency: 0.8166304929181933
Latency: 0.8351603199262172
Latency: 0.8452816929202527
Latency: 0.8232715739868581
Latency: 0.8425289939623326
Latency: 0.8458676189184189
Latency: 0.8548344809096307
Latency: 0.8371700309216976
Latency: 0.842913303989917
Latency: 0.840987753123045
Latency: 0.8402116738725454
Latency: 0.8523730949964374
Latency: 0.8481658180244267
Latency: 0.8588365770410746
Latency: 0.8307779720053077
Latency: 0.8440850218757987
Latency: 0.8458053681533784
Latency: 0.8617272349074483
Latency: 0.8359462430234998
Latency: 0.8261433800216764
Latency: 0.8448579399846494
Latency: 0.8575055561959743
Latency: 0.8272438470739871
Latency: 0.8307226810138673
Latency: 0.837003483902663
Latency: 0.8354929450433701
Latency: 0.83679742901586
Latency: 0.8295235601253808
Latency: 0.8329914270434529
Latency: 0.8522637758869678
Latency: 0.8399439479690045
Latency: 0.8475655938964337
Latency: 0.8425225140526891
Latency: 0.852456514025107
Latency: 0.8241698970086873
Latency: 0.8408726339694113
Latency: 0.8319086809642613
Latency: 0.8241174528375268
Latency: 0.8282583609689027
Latency: 0.8391008879989386
Latency: 0.8442071229219437
Latency: 0.8281527049839497
Latency: 0.8322943930979818
Latency: 0.8346650588791817
Latency: 0.8413038440048695
Latency: 0.8475301640573889
Latency: 0.8498911689966917
Latency: 0.842823542887345
Latency: 0.8507732220459729
Latency: 0.8344998969696462
Latency: 0.8396320559550077
Latency: 0.8389486689120531
Latency: 0.8496313740033656
Latency: 0.8565444478299469
Latency: 0.8352348019834608
Latency: 0.846079810988158
Latency: 0.8488137950189412
Latency: 0.8561555629130453
Latency: 0.8651558959390968
Latency: 0.8614243369083852
Latency: 0.8537127838935703
Latency: 0.8746647411026061
Latency: 0.8685918189585209
Latency: 0.8340821121819317
Latency: 0.8509017240721732
Latency: 0.8481658340897411
Latency: 0.8442614080850035
Latency: 0.816191079095006
Latency: 0.8188811708241701
Latency: 0.8133910440374166
Latency: 0.8229724958073348
Latency: 0.8334817050490528
Latency: 0.8248468050733209
Latency: 0.8377887920942158
Latency: 0.8360714970622212
Latency: 0.8273571939207613
Latency: 0.8372221330646425
Latency: 0.824584037065506
Latency: 0.8249955291394144
Latency: 0.8176757809706032
Latency: 0.8336501319427043
Latency: 0.8289507490117103
Latency: 0.8330551199615002
Latency: 0.83536132494919
Latency: 0.8352628380525857
Latency: 0.8260330290067941
Latency: 0.8376128261443228
Latency: 0.8227499579079449
Latency: 0.8273327730130404
Latency: 0.8232075760606676
Latency: 0.835063868900761
Latency: 0.830427261069417
Latency: 0.844424732029438
Latency: 0.8432673490606248
Latency: 0.8573522299993783
Latency: 0.8104330911301076
Latency: 0.8165499351453036
Latency: 0.8333662049844861
Latency: 0.8054611049592495
Latency: 0.8102100258693099
Latency: 0.823332407977432
Latency: 0.8349646991118789
Latency: 0.8112743301317096
Latency: 0.846175824990496
Latency: 0.8119563329964876
Latency: 0.828660192899406
Latency: 0.8174171089194715
Latency: 0.8228325168602169
Latency: 0.8242393608670682
Latency: 0.8065711469389498
Latency: 0.8378571178764105
Latency: 0.8231502980925143
Latency: 0.8218862621579319
Latency: 0.8077834919095039
Latency: 0.8152398769743741
Latency: 0.8244081111624837
Latency: 0.8259221878834069
Latency: 0.8291216271463782
Latency: 0.8212271889206022
Latency: 0.8283091180492193
Latency: 0.8266837429255247
Latency: 0.8305172969121486
Latency: 0.8213397299405187
Latency: 0.8313570979516953
Latency: 0.8344884640537202
Latency: 0.836494263028726
Latency: 0.8418277918826789
Latency: 0.8358876698184758
Latency: 0.8402893419843167
Latency: 0.8320243668276817
Latency: 0.8240411919541657
Latency: 0.8470602491870522
Latency: 0.8494898730423301
Latency: 0.8552009460981935
Latency: 0.8650063879322261
Latency: 0.8478715720120817
Latency: 0.8650083050597459
Latency: 0.8741445778869092
Latency: 0.8586556310765445
Latency: 0.8531941738910973
Latency: 0.8750453749671578
Latency: 0.8834941189270467
Latency: 0.8876631711609662
Latency: 0.8797656300012022
Latency: 0.8742711020167917
Latency: 0.8632236330304295
Latency: 0.8877513010520488
Latency: 0.9047147252131253
Latency: 0.895872388035059
Latency: 0.897752468008548
Latency: 0.882555868010968
Latency: 0.88252656115219
Latency: 0.8442786538507789
Latency: 0.8430703720077872
Latency: 0.83765999507159
Latency: 0.821088430006057
Latency: 0.8374270531348884
Latency: 0.8745764319319278
Latency: 0.8988798861391842
Latency: 0.8059669029898942
Latency: 0.8171952699776739
Latency: 0.8223439070861787
Latency: 0.827006900915876
Latency: 0.8147947669494897
Latency: 0.8370163089130074
Latency: 0.8311939709819853
Latency: 0.8266441710293293
Latency: 0.8322933821473271
Latency: 0.8310189042240381
Latency: 0.8258776280563325
Latency: 0.833746557822451
Latency: 0.8194727508816868
Latency: 0.8395615979097784
Latency: 0.8123547439463437
Latency: 0.8250878900289536
Latency: 0.842833116883412
Latency: 0.8389679200481623
Latency: 0.8341409659478813
Latency: 0.8412421501707286
Latency: 0.8447668328881264
Latency: 0.8217708489391953
Latency: 0.848594764014706
Latency: 0.8352597381453961
Latency: 0.8233701707795262
Latency: 0.8318813848309219
Latency: 0.829671325860545
Latency: 0.852848278125748
Latency: 0.8251175498589873
Latency: 0.8438913740683347
Latency: 0.8355394878890365
Latency: 0.824026094051078
Latency: 0.837212631944567
Latency: 0.8219239690806717
Latency: 0.816139301052317
Latency: 0.8230049998965114
Latency: 0.8334288208279759
Latency: 0.8360501739662141
Latency: 0.8507360939402133
Latency: 0.8384522190317512
Latency: 0.8342735031619668
Latency: 0.8493724109139293
Latency: 0.8523862601723522
Latency: 0.8514148648828268
Latency: 0.8469395530410111
Latency: 0.8381435552146286
Latency: 0.8491261280141771
Latency: 0.8508999750483781
Latency: 0.8478063198272139
Latency: 0.8394016439560801
Latency: 0.8474377759266645
Latency: 0.842363990843296
Latency: 0.8470974538940936
Latency: 0.8438363671302795
Latency: 0.8489571609534323
Latency: 0.862348475959152
Latency: 0.8514325169380754
Latency: 0.858601626008749
Latency: 0.8559143880847842
Latency: 0.8429040019400418
Latency: 0.8455665179062635
Latency: 0.8486765220295638
Latency: 0.8737678190227598
Latency: 0.8481745400931686
Latency: 0.8505295880604535
Latency: 0.8802394501399249
Latency: 0.8631915359292179
Latency: 0.8673702431842685
Latency: 0.8744696169160306
Latency: 0.8296122429892421
Latency: 0.8249009670689702
Latency: 0.8411989251617342
Latency: 0.8354839230887592
Latency: 0.8413134650327265
Latency: 0.8312851609662175
Latency: 0.8440044028684497
Latency: 0.8367747031152248
Latency: 0.8765579040627927
Latency: 0.8877175410743803
Latency: 0.8678841521032155
Latency: 0.8925745820160955
Latency: 0.900547964964062
Latency: 0.8887535519897938
Latency: 0.8850407178979367
Latency: 0.9046391048468649
Latency: 0.8984294659458101
Latency: 0.8934381909202784
Latency: 0.8789689301047474
Latency: 0.8919077899772674
Latency: 0.9028832060284913
Latency: 0.914412854006514
Latency: 0.9136969889514148
Latency: 0.9037691950798035
Latency: 0.9060791770461947
Latency: 0.8965763510204852
Latency: 0.912008989835158
Latency: 0.8279862401541322
Latency: 0.8402946670539677
Latency: 0.8369352179579437
Latency: 0.838308093836531
Latency: 0.82520114001818
Latency: 0.8238632301799953
Latency: 0.8266499619930983
Latency: 0.8537859381176531
Latency: 0.8366573669482023
Latency: 0.8312384160235524
Latency: 0.8260119089391083
Latency: 0.8352754940278828
Latency: 0.8308672839775681
Latency: 0.8412117569241673
Latency: 0.8386430470272899
Latency: 0.8405207120813429
Latency: 0.8532259240746498
Latency: 0.8426907500252128
Latency: 0.8417755630798638
Latency: 0.8412163800094277
Latency: 0.8496744751464576
Latency: 0.8474392869975418
Latency: 0.8391770699527115
Latency: 0.8422738111112267
Latency: 0.8513302560895681
Latency: 0.8540076080244035
Latency: 0.840353423031047
Latency: 0.8440917059779167
Latency: 0.8563376939855516
Latency: 0.866242352174595
Latency: 0.8581954729743302
Latency: 0.8473218749277294
Latency: 0.8436200011055917
Latency: 0.8317896910011768
Latency: 0.8486628299579024
Latency: 0.8389096630271524
Latency: 0.8591476720757782
Latency: 0.8514634841121733
Latency: 0.8411582668777555
Latency: 0.8405529160518199
Latency: 0.8448461650405079
Latency: 0.8451437349431217
Latency: 0.8465861661825329
Latency: 0.8480348349548876
Latency: 0.8624334209598601
Latency: 0.8298088700976223
Latency: 0.8527183688711375
Latency: 0.8441426190547645
Latency: 0.8492699358612299
Latency: 0.8405095390044153
Latency: 0.8381693980190903
Latency: 0.8486261931248009
Latency: 0.8391508010681719
Latency: 0.8567427210509777
Latency: 0.8551525440998375
Latency: 0.8677140190266073
Latency: 0.8480516960844398
Latency: 0.8515467478428036
Latency: 0.8562670419923961
Latency: 0.8448492831084877
Latency: 0.8574036050122231
Latency: 0.8674630390014499
Latency: 0.8527201670221984
Latency: 0.85261668311432
Latency: 0.850896418094635
Latency: 0.8135021990165114
Latency: 0.8388135710265487
Latency: 0.8445028830319643
Latency: 0.8705427290406078
Latency: 0.8727392179425806
Latency: 0.8651774669997394
Latency: 0.8951957968529314
Latency: 0.874447421869263
Latency: 0.8804374700412154
Latency: 0.8958137680310756
Latency: 0.8922834908589721
Latency: 0.8485646599438041
Latency: 0.9038202380761504
Latency: 0.8218293718528003
Latency: 0.8356669219210744
Latency: 0.8279059710912406
Latency: 0.8316902900114655
Latency: 0.8493769690394402
Latency: 0.8889482729136944
Latency: 0.9050065150950104
Latency: 0.8922056660521775
Latency: 0.8900679082144052
Latency: 0.8905258032027632
Latency: 0.9022887800820172
Latency: 0.9047126101795584
Latency: 0.8987677190452814
Latency: 0.9026751760393381
Latency: 0.9123667269013822
Latency: 0.9057605790439993
Latency: 0.8564444649964571
Latency: 0.8683603059034795
Latency: 0.8383798480499536
Latency: 0.8349270410835743
Latency: 0.8443855321966112
Latency: 0.8332968929316849
Latency: 0.8271076919045299
Latency: 0.831599113997072
Latency: 0.842009647982195
Latency: 0.8315452239476144
Latency: 0.8460364842321724
Latency: 0.8545055210124701
Latency: 0.840969217941165
Latency: 0.8398698549717665
Latency: 0.8514912279788405
Latency: 0.8229316361248493
Latency: 0.8436967830639333
Latency: 0.8150716919917613
Latency: 0.8639184420462698
Latency: 0.8297089959960431
Latency: 0.8532969991210848
Latency: 0.8276120279915631
Latency: 0.8411090821027756
Latency: 0.8416150799021125
Latency: 0.841416051145643
Latency: 0.84674690105021
Latency: 0.8541091999504715
Latency: 0.8468575938604772
Latency: 0.8517829179763794
Latency: 0.8536281189881265
Latency: 0.8611787010449916
Latency: 0.8620981089770794
Latency: 0.8275398649275303
Latency: 0.829981068847701
Latency: 0.8417775991838425
Latency: 0.8422548051457852
Latency: 0.8327934250701219
Latency: 0.8372742428909987
Latency: 0.8310717369895428
Latency: 0.8366820381488651
Latency: 0.8261911179870367
Latency: 0.8352401191368699
Latency: 0.8272773581556976
Latency: 0.8470304878428578
Latency: 0.8363353831227869
Latency: 0.8276255328673869
Latency: 0.83690489619039
Latency: 0.828968402929604
Latency: 0.8354895778466016
Latency: 0.8458975229877979
Latency: 0.8456061601173133
Latency: 0.8410641069058329
Latency: 0.8388693910092115
Latency: 0.83344368590042
Latency: 0.8359320990275592
Latency: 0.8397384171839803
Latency: 0.8343860891181976
Latency: 0.8420380868483335
Latency: 0.8233616300858557
Latency: 0.84515645285137
Latency: 0.8601804149802774
Latency: 0.8557125029619783
Latency: 0.8587945799808949
Latency: 0.8587849249597639
Latency: 0.845059409039095
Latency: 0.8406202499754727
Latency: 0.8357703019864857
Latency: 0.8304615099914372
Latency: 0.8364561141934246
Latency: 0.8325175319332629
Latency: 0.8210476809181273
Latency: 0.8312917971052229
Latency: 0.8243574181105942
Latency: 0.8371124528348446
Latency: 0.8249739620368928
Latency: 0.8417921490035951
Latency: 0.8398314570076764
Latency: 0.8329475671052933
Latency: 0.8419026450719684
Latency: 0.8485282168257982
Latency: 0.8587470171041787
Latency: 0.854132026899606
Latency: 0.855110390111804
Latency: 0.8514942969195545
Latency: 0.8659143319819123
Latency: 0.8224499470088631
Latency: 0.8468973820563406
Latency: 0.8425070641096681
Latency: 0.830568651901558
Latency: 0.8327848960179836
Latency: 0.8411131789907813
Latency: 0.829595509916544
Latency: 0.8417493829037994
Latency: 0.8499427761416882
Latency: 0.8502206890843809
Latency: 0.8542305510491133
Latency: 0.8602683830540627
Latency: 0.8249408870469779
Latency: 0.8405723369214684
Latency: 0.8278054741676897
Latency: 0.8442695939447731
Latency: 0.8467982239089906
Latency: 0.8553622709587216
Latency: 0.8198749620933086
Latency: 0.8287028819322586
Latency: 0.8301911109592766
Latency: 0.8441533111035824
Latency: 0.839497609063983
Latency: 0.8158348798751831
Latency: 0.8436804069206119
Latency: 0.8614583271555603
Latency: 0.8442422759253532
Latency: 0.8379261079244316
Latency: 0.8466938768979162
Latency: 0.8596668639220297
Latency: 0.8494686030317098
Latency: 0.8685849441681057
Latency: 0.8335189421195537
Latency: 0.8517877720296383
Latency: 0.832581884926185
Latency: 0.8506404468789697
Latency: 0.8317100959829986
Latency: 0.8389854750130326
Latency: 0.8415325749665499
Latency: 0.835100423078984
Latency: 0.853948701871559
Latency: 0.8265653208363801
Latency: 0.8529646308161318
Latency: 0.8279334411490709
Latency: 0.8473865818232298
Latency: 0.8323020299430937
Latency: 0.8303161761723459
Latency: 0.8302321590017527
Latency: 0.8432178029324859
Latency: 0.8234565649181604
Latency: 0.8299667090177536
Latency: 0.835058833938092
Latency: 0.8339769749436527
Latency: 0.8476344449445605
Latency: 0.8559659889433533
Latency: 0.8505499770399183
Latency: 0.8324877989944071
Latency: 0.8445776090957224
Latency: 0.845347513211891
Latency: 0.85383933596313
Latency: 0.8538336101919413
Latency: 0.838031706167385
Latency: 0.8525327618699521
Latency: 0.8646768818143755
Latency: 0.8478119771461934
Latency: 0.8450457099825144
Latency: 0.8578853469807655
Latency: 0.853233200032264
Latency: 0.8623641431331635
Latency: 0.8553072940558195
Latency: 0.8276241610292345
Latency: 0.850787510862574
Latency: 0.859032736858353
Latency: 0.8569069209042937
Latency: 0.8581068308558315
Latency: 0.8626370469573885
Latency: 0.8690974109340459
Latency: 0.8385528440121561
Latency: 0.844923498108983
Latency: 0.8267058269120753
Latency: 0.8294874029234052
Latency: 0.8416214750614017
Latency: 0.8354704130906612
Latency: 0.84301095479168
Latency: 0.8306970770936459
Latency: 0.8417142520193011
Latency: 0.8432613350450993
Latency: 0.8395318759139627
Latency: 0.8377509501297027
Latency: 0.8516550590284169
Latency: 0.8385569399688393
Latency: 0.8409641918260604
Latency: 0.83381616207771
Latency: 0.8394189160317183
Latency: 0.840681784087792
Latency: 0.8477727931458503
Latency: 0.8344972101040184
Latency: 0.8539249179884791
Latency: 0.8372178578283638
Latency: 0.8351977041456848
Latency: 0.8474938061553985
Latency: 0.8454504390247166
Latency: 0.8619537060149014
Latency: 0.8401682951953262
Latency: 0.8459347218740731
Latency: 0.8545077871531248
Latency: 0.8609838660340756
Latency: 0.8690687171183527
Latency: 0.8644395121373236
Latency: 0.8492738748900592
Latency: 0.8418693658895791
Latency: 0.8526695659384131
Latency: 0.834036047803238
Latency: 0.8372130338102579
Latency: 0.8287154219578952
Latency: 0.8434149560052902
Latency: 0.8472436768934131
Latency: 0.8489541439339519
Latency: 0.8328904029913247
Latency: 0.8421286919619888
Latency: 0.8503878430929035
Latency: 0.8440770329907537
Latency: 0.8429489501286298
Latency: 0.849907587049529
Latency: 0.8505903340410441
Latency: 0.8616298150736839
Latency: 0.8560293819755316
Latency: 0.8617432271130383
Latency: 0.8658316810615361
Latency: 0.8385664620436728
Latency: 0.8563667281996459
Latency: 0.8541389801539481
Latency: 0.8387064361013472
Latency: 0.8393318180460483
Latency: 0.852626240812242
Latency: 0.8566850039642304
Latency: 0.8580485358834267
Latency: 0.8430755250155926
Latency: 0.8432890379335731
Latency: 0.859251684974879
Latency: 0.8453587640542537
