Latency: 0.9182611091528088
Latency: 0.9276724690571427
Latency: 0.931672957027331
Latency: 0.9325916180387139
Latency: 0.8190368299838156
Latency: 0.8178034590091556
Latency: 0.8274136269465089
Latency: 0.8305163229815662
Latency: 0.8370949169620872
Latency: 0.8233358389697969
Latency: 0.8289782421197742
Latency: 0.8182776789180934
Latency: 0.8312446780037135
Latency: 0.8255797519814223
Latency: 0.8420553370378911
Latency: 0.8406270060222596
Latency: 0.8306379029527307
Latency: 0.8232752629555762
Latency: 0.8180455390829593
Latency: 0.836690227035433
Latency: 0.8175763359759003
Latency: 0.8338535218499601
Latency: 0.8363683591596782
Latency: 0.8377786669880152
Latency: 0.8174505070783198
Latency: 0.8273767200298607
Latency: 0.830259304959327
Latency: 0.8343004670459777
Latency: 0.8273000670596957
Latency: 0.8277494527865201
Latency: 0.8333656960166991
Latency: 0.8345448540057987
Latency: 0.8294088072143495
Latency: 0.820818844018504
Latency: 0.8300548731349409
Latency: 0.839602658059448
Latency: 0.8190392120741308
Latency: 0.837878743885085
Latency: 0.8216984239406884
Latency: 0.8301791809499264
Latency: 0.8232189011760056
Latency: 0.8314996298868209
Latency: 0.8233011029660702
Latency: 0.8201417971868068
Latency: 0.8289040729869157
Latency: 0.8408733839169145
Latency: 0.8255820490885526
Latency: 0.8330542661715299
Latency: 0.8301077610813081
Latency: 0.8338933140039444
Latency: 0.830558146815747
Latency: 0.8343637210782617
Latency: 0.8230818510055542
Latency: 0.8273692450020462
Latency: 0.8375239439774305
Latency: 0.8379410351626575
Latency: 0.8221242749132216
Latency: 0.832511390093714
Latency: 0.8288641888648272
Latency: 0.8297042569611222
Latency: 0.8237987239845097
Latency: 0.8263174039311707
Latency: 0.8288921350613236
Latency: 0.8310645988676697
Latency: 0.8125026531051844
Latency: 0.8210876998491585
Latency: 0.8338372188154608
Latency: 0.8142668600194156
Latency: 0.8273052789736539
Latency: 0.8273281408473849
Latency: 0.8317309550475329
Latency: 0.8303938750177622
Latency: 0.8142183821182698
Latency: 0.8229469219222665
Latency: 0.8290610969997942
Latency: 0.8380793810356408
Latency: 0.8287450999487191
Latency: 0.8366133749950677
Latency: 0.8186623069923371
Latency: 0.8326654890552163
