Latency: 0.18864901503548026
Latency: 0.15304943500086665
Latency: 0.14633066998794675
Latency: 0.143522733123973
Latency: 0.14865938294678926
Latency: 0.15730590489692986
Latency: 0.15464724111370742
Latency: 0.16213120403699577
Latency: 0.16805911716073751
Latency: 0.14547671913169324
Latency: 0.15775485499762
Latency: 0.19614332797937095
Latency: 0.16284562600776553
Latency: 0.16024597105570138
Latency: 0.1683122080285102
Latency: 0.17397981300018728
Latency: 0.17318198992870748
Latency: 0.16592159401625395
Latency: 0.1953558900859207
Latency: 0.17455778294242918
Latency: 0.16589581593871117
Latency: 0.15052623697556555
Latency: 0.20203939289785922
Latency: 0.16216673189774156
Latency: 0.1575100040063262
Latency: 0.1955274271313101
Latency: 0.15570069989189506
Latency: 0.15400463389232755
Latency: 0.15402209991589189
Latency: 0.17251361720263958
Latency: 0.1425654508639127
Latency: 0.13601256301626563
Latency: 0.1603639859240502
Latency: 0.17184170498512685
Latency: 0.13969205296598375
Latency: 0.14106608997099102
Latency: 0.1867313771508634
Latency: 0.15745589300058782
Latency: 0.14201979688368738
Latency: 0.1534376668278128
Latency: 0.19628320704214275
Latency: 0.15983661799691617
Latency: 0.1565212570130825
Latency: 0.16017441893927753
Latency: 0.1921587421093136
Latency: 0.16647728998214006
Latency: 0.15869169495999813
Latency: 0.1572423151228577
Latency: 0.15896248607896268
Latency: 0.16865767491981387
Latency: 0.1660970039665699
Latency: 0.1988622099161148
Latency: 0.16434069094248116
Latency: 0.15309478505514562
Latency: 0.15104568097740412
Latency: 0.16081618913449347
Latency: 0.16948316199705005
Latency: 0.1670905239880085
Latency: 0.19926790497265756
Latency: 0.16058605210855603
Latency: 0.17296913103200495
Latency: 0.16505736205726862
Latency: 0.20652530691586435
Latency: 0.17106981109827757
Latency: 0.17654653103090823
Latency: 0.21719457814469934
Latency: 0.16834551584906876
Latency: 0.17179259890690446
Latency: 0.1682110489346087
Latency: 0.20754366484470665
Latency: 0.16290953499265015
Latency: 0.15342520480044186
Latency: 0.15667292405851185
Latency: 0.18435368593782187
Latency: 0.14326704386621714
Latency: 0.1485308101400733
Latency: 0.14153636596165597
Latency: 0.15545726707205176
Latency: 0.16076633799821138
Latency: 0.16729972301982343
Latency: 0.20779284904710948
Latency: 0.16862392704933882
Latency: 0.16741947387345135
Latency: 0.15795722883194685
Latency: 0.16560746892355382
Latency: 0.1537712039425969
Latency: 0.17497858102433383
Latency: 0.2001522530335933
Latency: 0.1526920460164547
Latency: 0.1639109728857875
Latency: 0.16105012386105955
Latency: 0.015616487013176084
Latency: 0.008144559105858207
Latency: 0.008075003046542406
Latency: 0.009149924153462052
Latency: 0.008233987959101796
Latency: 0.007357934024184942
Latency: 0.0074937979225069284
Latency: 0.009691888000816107
Latency: 0.007376061985269189
Latency: 0.0072937950026243925
Latency: 0.008198240073397756
Latency: 0.007235305150970817
Latency: 0.007390718907117844
Latency: 0.009721935959532857
Latency: 0.009969066129997373
Latency: 0.05611548712477088
Latency: 0.007934052031487226
Latency: 0.007712904131039977
Latency: 0.007594236871227622
Latency: 0.008013135055080056
Latency: 0.0076810738537460566
Latency: 0.007717004045844078
Latency: 0.008735395967960358
Latency: 0.012677791994065046
Latency: 0.012111363932490349
Latency: 0.008599691791459918
Latency: 0.007388741942122579
Latency: 0.007282088976353407
Latency: 0.007238992024213076
Latency: 0.007306772982701659
Latency: 0.007249034009873867
Latency: 0.0071373810060322285
Latency: 0.007067990023642778
Latency: 0.007315546972677112
Latency: 0.007002974860370159
Latency: 0.007179944077506661
Latency: 0.008037660038098693
Latency: 0.007129354868084192
Latency: 0.007149325916543603
Latency: 0.007152040954679251
Latency: 0.0074409160297364
Latency: 0.0071598750073462725
Latency: 0.007240972016006708
Latency: 0.007156933890655637
Latency: 0.007124507101252675
Latency: 0.007241031853482127
Latency: 0.007114717038348317
Latency: 0.008264615898951888
Latency: 0.0071664920542389154
Latency: 0.007077349117025733
Latency: 0.007077546091750264
Latency: 0.007053327048197389
Latency: 0.007136557018384337
Latency: 0.007109025027602911
Latency: 0.007147796917706728
Latency: 0.007145653013139963
Latency: 0.007131251972168684
Latency: 0.007025287952274084
Latency: 0.007180335000157356
Latency: 0.00799883995205164
Latency: 0.007151997881010175
Latency: 0.007041884120553732
Latency: 0.007222298998385668
Latency: 0.007148328935727477
Latency: 0.0071512931026518345
Latency: 0.007168311160057783
Latency: 0.0071706268936395645
Latency: 0.007040092954412103
Latency: 0.007243906147778034
Latency: 0.0071290109772235155
Latency: 0.008129734080284834
Latency: 0.007132167927920818
Latency: 0.0072176819667220116
Latency: 0.007222166983410716
Latency: 0.007175280945375562
Latency: 0.007202181965112686
Latency: 0.007213239092379808
Latency: 0.007193811936303973
Latency: 0.007193468045443296
Latency: 0.007183982990682125
Latency: 0.007031362038105726
Latency: 0.007187116891145706
Latency: 0.008051506010815501
Latency: 0.007188133895397186
Latency: 0.007063422119244933
Latency: 0.007216932950541377
Latency: 0.007144438102841377
Latency: 0.007108211051672697
Latency: 0.007337287999689579
Latency: 0.007085406919941306
Latency: 0.007114994805306196
Latency: 0.007282031932845712
Latency: 0.007206322159618139
Latency: 0.008207782870158553
Latency: 0.007321090903133154
Latency: 0.007802976993843913
Latency: 0.0072059850208461285
Latency: 0.007115217857062817
Latency: 0.007260870886966586
Latency: 0.007328965933993459
Latency: 0.007203711895272136
Latency: 0.007311688968911767
Latency: 0.007185406982898712
Latency: 0.007140279980376363
Latency: 0.007273959927260876
Latency: 0.008059435058385134
Latency: 0.007175020175054669
Latency: 0.0071433112025260925
Latency: 0.007133417995646596
Latency: 0.007052537053823471
Latency: 0.0071129160933196545
Latency: 0.006986156105995178
Latency: 0.007195011014118791
Latency: 0.007094471016898751
Latency: 0.007202191976830363
Latency: 0.007156966952607036
Latency: 0.007141771027818322
Latency: 0.008046624017879367
Latency: 0.0071553310845047235
Latency: 0.0073087329510599375
Latency: 0.007294925162568688
Latency: 0.007054238114506006
Latency: 0.007085282122716308
Latency: 0.007046189857646823
Latency: 0.007077350979670882
Latency: 0.0072073189076036215
Latency: 0.007110002916306257
Latency: 0.007199120009317994
Latency: 0.008060424122959375
Latency: 0.007560272002592683
Latency: 0.007141501875594258
Latency: 0.007119980873540044
Latency: 0.007139632944017649
Latency: 0.007654651999473572
Latency: 0.007439614040777087
Latency: 0.00727930199354887
Latency: 0.007365525932982564
Latency: 0.007123599061742425
Latency: 0.0070876469835639
Latency: 0.0070315280463546515
Latency: 0.008118971018120646
Latency: 0.006950977025553584
Latency: 0.0070747078862041235
Latency: 0.007112493040040135
Latency: 0.007109304890036583
Latency: 0.006991768954321742
Latency: 0.007153200916945934
Latency: 0.007215037941932678
Latency: 0.007175882114097476
Latency: 0.007055196911096573
Latency: 0.00715229008346796
Latency: 0.007206469075754285
Latency: 0.0081649508792907
Latency: 0.007189580937847495
Latency: 0.0071707721799612045
Latency: 0.007164623122662306
Latency: 0.007187515962868929
Latency: 0.007184511050581932
Latency: 0.007136994041502476
Latency: 0.007175093982368708
Latency: 0.007199670886620879
Latency: 0.007126952987164259
Latency: 0.007058920105919242
Latency: 0.008079697145149112
Latency: 0.007164933951571584
Latency: 0.007147104013711214
Latency: 0.007183561101555824
Latency: 0.007103022886440158
Latency: 0.00731208804063499
Latency: 0.007626377046108246
Latency: 0.007346973055973649
Latency: 0.0072327409870922565
Latency: 0.007252143928781152
Latency: 0.007135058986023068
Latency: 0.007138583110645413
Latency: 0.008161668898537755
Latency: 0.007144820876419544
Latency: 0.007156644016504288
Latency: 0.007143097929656506
Latency: 0.007177782943472266
Latency: 0.007186498027294874
Latency: 0.00711131701245904
Latency: 0.007146545918658376
Latency: 0.007161763031035662
Latency: 0.007280766032636166
Latency: 0.007207979913800955
Latency: 0.008214594796299934
Latency: 0.006947153015062213
Latency: 0.007233445066958666
Latency: 0.007184074958786368
Latency: 0.0070632940623909235
Latency: 0.007123895920813084
Latency: 0.0071241590194404125
Latency: 0.007127954158931971
Latency: 0.007130943005904555
Latency: 0.007122701033949852
Latency: 0.00711531494744122
Latency: 0.007038037991151214
Latency: 0.00816249381750822
Latency: 0.007055500987917185
Latency: 0.007311542984098196
Latency: 0.007136893924325705
Latency: 0.007150157121941447
Latency: 0.007166089955717325
Latency: 0.0071396660059690475
Latency: 0.007162957917898893
Latency: 0.007116076070815325
Latency: 0.0070659089833498
Latency: 0.007103590061888099
Latency: 0.00707191601395607
Latency: 0.008008502889424562
Latency: 0.007143997121602297
Latency: 0.007150671910494566
Latency: 0.007276332937180996
Latency: 0.0071254160720855
Latency: 0.007173619931563735
Latency: 0.00721121090464294
Latency: 0.007039335090667009
Latency: 0.0072224021423608065
Latency: 0.007205871865153313
Latency: 0.007262089056894183
Latency: 0.007116433000192046
Latency: 0.008071951102465391
Latency: 0.007102936040610075
Latency: 0.007189354859292507
Latency: 0.007101859897375107
Latency: 0.007207873975858092
Latency: 0.007265820866450667
Latency: 0.007156739942729473
Latency: 0.007011545822024345
Latency: 0.007092613028362393
Latency: 0.0072116299998015165
Latency: 0.00731501285918057
Latency: 0.007182870991528034
Latency: 0.007815074175596237
Latency: 0.007188976975157857
Latency: 0.007224212167784572
Latency: 0.007149819051846862
Latency: 0.006967613007873297
Latency: 0.00715896300971508
Latency: 0.007150433026254177
Latency: 0.007187873823568225
Latency: 0.007117055123671889
Latency: 0.007123494055122137
Latency: 0.007770768832415342
Latency: 0.007374836830422282
Latency: 0.008245172211900353
Latency: 0.0072531679179519415
Latency: 0.0073113839607685804
Latency: 0.007182619068771601
Latency: 0.007257974939420819
Latency: 0.0072639749851077795
Latency: 0.007219985825940967
Latency: 0.0073120989836752415
Latency: 0.0072907700669020414
Latency: 0.007297217147424817
Latency: 0.007092050043866038
Latency: 0.007051347987726331
Latency: 0.008070406969636679
Latency: 0.007156423991546035
Latency: 0.007220607018098235
Latency: 0.00721263000741601
Latency: 0.007188621908426285
Latency: 0.007255429867655039
Latency: 0.0073500999715179205
Latency: 0.007270551053807139
Latency: 0.007183579029515386
Latency: 0.007206530077382922
Latency: 0.00715194595977664
Latency: 0.00706720887683332
Latency: 0.008112809853628278
Latency: 0.028105572797358036
Latency: 0.0077409029472619295
Latency: 0.007324618985876441
Latency: 0.007161614019423723
Latency: 0.007357545895501971
Latency: 0.007299215067178011
Latency: 0.0071918771136552095
Latency: 0.007202378008514643
Latency: 0.007128290832042694
Latency: 0.007233831100165844
Latency: 0.008217860944569111
Latency: 0.007306399056687951
Latency: 0.007180664921179414
Latency: 0.007185161113739014
Latency: 0.007364260032773018
Latency: 0.0071759389247745275
Latency: 0.007037777919322252
Latency: 0.0071989840362221
Latency: 0.007268175948411226
Latency: 0.007220546016469598
Latency: 0.007153074024245143
Latency: 0.008396412013098598
Latency: 0.00720771006308496
Latency: 0.007204968016594648
Latency: 0.007239436963573098
Latency: 0.007337891962379217
Latency: 0.007184116169810295
Latency: 0.007228306960314512
Latency: 0.007290812907740474
Latency: 0.0072287521325051785
Latency: 0.007181569002568722
Latency: 0.0071977118495851755
Latency: 0.008246350102126598
Latency: 0.007247555069625378
Latency: 0.0071140320505946875
Latency: 0.007183046080172062
Latency: 0.007073136046528816
Latency: 0.007222509942948818
Latency: 0.007242936175316572
Latency: 0.00720202992670238
Latency: 0.007238536840304732
Latency: 0.007397277047857642
Latency: 0.007289684843271971
Latency: 0.008261121809482574
Latency: 0.007536929100751877
Latency: 0.007301239995285869
Latency: 0.007300005992874503
Latency: 0.007256329990923405
Latency: 0.007324397098273039
Latency: 0.007204771041870117
Latency: 0.007271818118169904
Latency: 0.00734907784499228
Latency: 0.007343444973230362
Latency: 0.007322557969018817
Latency: 0.00732713402248919
Latency: 0.008485012920573354
Latency: 0.007147861877456307
Latency: 0.007291967980563641
Latency: 0.0072339598555117846
Latency: 0.007132124155759811
Latency: 0.0072291260585188866
Latency: 0.007186348084360361
Latency: 0.007289658999070525
Latency: 0.007425331044942141
Latency: 0.007203144021332264
Latency: 0.007279886864125729
Latency: 0.008509875973686576
Latency: 0.007303769933059812
Latency: 0.00721548986621201
Latency: 0.0072452768217772245
Latency: 0.007334989961236715
Latency: 0.0072209511417895555
Latency: 0.007158088963478804
Latency: 0.0071591539308428764
Latency: 0.0074093888979405165
Latency: 0.007345963967964053
Latency: 0.007286021951586008
Latency: 0.008535191882401705
Latency: 0.007215833058580756
Latency: 0.0072879190556705
Latency: 0.007326033199205995
Latency: 0.00721391080878675
Latency: 0.007299141958355904
Latency: 0.0071951220743358135
Latency: 0.007252118084579706
Latency: 0.007224065950140357
Latency: 0.007194707868620753
Latency: 0.007352801971137524
Latency: 0.008469172054901719
Latency: 0.00727662886492908
Latency: 0.007301633013412356
Latency: 0.007256553042680025
Latency: 0.007228953996673226
Latency: 0.007264477899298072
Latency: 0.007293774979189038
Latency: 0.007200479041785002
Latency: 0.007106667850166559
Latency: 0.007156147854402661
Latency: 0.00726522202603519
Latency: 0.007260790094733238
Latency: 0.008173342095687985
Latency: 0.007246360881254077
Latency: 0.007131358841434121
Latency: 0.007166621973738074
Latency: 0.007204719120636582
Latency: 0.007478344952687621
Latency: 0.007175216916948557
Latency: 0.007371692918241024
Latency: 0.007314970018342137
Latency: 0.007193387020379305
Latency: 0.007272607879713178
Latency: 0.008559540146961808
Latency: 0.007234571967273951
Latency: 0.0071557690389454365
Latency: 0.007093413965776563
Latency: 0.007086822995916009
Latency: 0.00711672892794013
Latency: 0.0072844980750232935
Latency: 0.007983662188053131
Latency: 0.007341297809034586
Latency: 0.007324032951146364
Latency: 0.007634673034772277
Latency: 0.0071679409593343735
Latency: 0.008607407100498676
Latency: 0.007259762845933437
Latency: 0.007322935853153467
Latency: 0.007412182865664363
Latency: 0.007272436982020736
Latency: 0.007172892102971673
Latency: 0.007243203930556774
Latency: 0.007388424826785922
Latency: 0.007119016954675317
Latency: 0.007361208088696003
Latency: 0.007404983974993229
Latency: 0.008314615115523338
Latency: 0.007365316152572632
Latency: 0.007243540836498141
Latency: 0.007478056009858847
Latency: 0.007206839043647051
Latency: 0.0072716649156063795
Latency: 0.007110101170837879
Latency: 0.007178802974522114
Latency: 0.0072151669301092625
Latency: 0.007268342189490795
Latency: 0.0072765902150422335
Latency: 0.007352393819019198
Latency: 0.008208320941776037
Latency: 0.007294093957170844
Latency: 0.007227401016280055
Latency: 0.0072516880463808775
Latency: 0.007331567816436291
Latency: 0.007411672966554761
Latency: 0.007259216858074069
Latency: 0.007421490037813783
Latency: 0.007180262124165893
Latency: 0.007250005844980478
Latency: 0.007275779964402318
Latency: 0.008256573928520083
Latency: 0.007213422795757651
Latency: 0.007263462990522385
Latency: 0.007130607962608337
Latency: 0.007115997839719057
Latency: 0.007264302112162113
Latency: 0.007221966981887817
Latency: 0.007266451139003038
Latency: 0.007278050063177943
Latency: 0.007165324874222279
Latency: 0.007264569867402315
Latency: 0.007388242986053228
Latency: 0.008348142029717565
Latency: 0.007239938946440816
Latency: 0.007239077938720584
Latency: 0.007275372976437211
Latency: 0.007266341941431165
Latency: 0.0072487820871174335
Latency: 0.0072565278969705105
Latency: 0.007260911166667938
Latency: 0.007238656980916858
Latency: 0.007146897027269006
Latency: 0.007319556083530188
Latency: 0.008339731954038143
Latency: 0.0073439490515738726
Latency: 0.007340752054005861
Latency: 0.007351654814556241
Latency: 0.007237672107294202
Latency: 0.0076115799602121115
Latency: 0.007355354959145188
Latency: 0.007297463016584516
Latency: 0.007161305984482169
Latency: 0.00727728009223938
Latency: 0.007194204954430461
Latency: 0.007978592999279499
Latency: 0.008994121104478836
Latency: 0.007267255103215575
Latency: 0.007125956006348133
Latency: 0.007084043929353356
Latency: 0.007070042192935944
Latency: 0.007206422043964267
Latency: 0.007279975106939673
Latency: 0.007311021909117699
Latency: 0.007203108863905072
Latency: 0.007466878974810243
Latency: 0.007272078888490796
Latency: 0.007207093993201852
Latency: 0.008340352913364768
Latency: 0.007345321122556925
Latency: 0.00724995881319046
Latency: 0.007390010869130492
Latency: 0.007308910135179758
Latency: 0.007244514999911189
Latency: 0.007280691061168909
Latency: 0.0072867670096457005
Latency: 0.00732450420036912
Latency: 0.007221565116196871
Latency: 0.007250600960105658
Latency: 0.00715902796946466
Latency: 0.007364548975601792
Latency: 0.0073605128563940525
Latency: 0.00711680599488318
Latency: 0.007224812172353268
Latency: 0.00724766799248755
Latency: 0.007083660922944546
Latency: 0.007166912080720067
Latency: 0.0073609629180282354
Latency: 0.007237862097099423
Latency: 0.0071577869821339846
Latency: 0.008338295854628086
Latency: 0.007325425976887345
Latency: 0.0071447070222347975
Latency: 0.007231113966554403
Latency: 0.007364314049482346
Latency: 0.007167143980041146
Latency: 0.007234110031276941
Latency: 0.007381438044831157
Latency: 0.007213945966213942
Latency: 0.007232683943584561
Latency: 0.007203156128525734
Latency: 0.007282231003046036
Latency: 0.008319784188643098
Latency: 0.02948668785393238
Latency: 0.007600531913340092
Latency: 0.007300283061340451
Latency: 0.00728715886361897
Latency: 0.007257668999955058
Latency: 0.0072859590873122215
Latency: 0.007276754826307297
Latency: 0.0073240408673882484
Latency: 0.007158315973356366
Latency: 0.008033208083361387
Latency: 0.007510083029046655
Latency: 0.007224434986710548
Latency: 0.007264425046741962
Latency: 0.007157852873206139
Latency: 0.007309827022254467
Latency: 0.007307579042389989
Latency: 0.007349123014137149
Latency: 0.007274072850123048
Latency: 0.00726091000251472
Latency: 0.007313702022656798
Latency: 0.007262276951223612
Latency: 0.008233403088524938
Latency: 0.007415186148136854
Latency: 0.008051409153267741
Latency: 0.0073536778800189495
Latency: 0.007358280010521412
Latency: 0.00750807486474514
Latency: 0.0073440480045974255
Latency: 0.007191807962954044
Latency: 0.007317603100091219
Latency: 0.007307811174541712
Latency: 0.0072335919830948114
Latency: 0.008230889914557338
Latency: 0.007169432006776333
Latency: 0.007247063098475337
Latency: 0.007157099898904562
Latency: 0.007131496211513877
Latency: 0.007237812038511038
Latency: 0.007212567841634154
Latency: 0.0071744658052921295
Latency: 0.007338613970205188
Latency: 0.007344420999288559
Latency: 0.0074494630098342896
Latency: 0.007279505953192711
Latency: 0.008079487131908536
Latency: 0.0073268970008939505
Latency: 0.0072946129366755486
Latency: 0.007307995110750198
Latency: 0.007410028018057346
Latency: 0.007246521068736911
Latency: 0.0071050438564270735
Latency: 0.007297032978385687
Latency: 0.007197631988674402
Latency: 0.007353781955316663
Latency: 0.007424731971696019
Latency: 0.008592402096837759
Latency: 0.007284185150638223
Latency: 0.0072068830486387014
Latency: 0.007404807955026627
Latency: 0.0070545540656894445
Latency: 0.007090453058481216
Latency: 0.007421817164868116
Latency: 0.007297190139070153
Latency: 0.007307330844923854
Latency: 0.007304104045033455
Latency: 0.007300542900338769
Latency: 0.008531598839908838
Latency: 0.007284165825694799
Latency: 0.007316567935049534
Latency: 0.007199890911579132
Latency: 0.007251989096403122
Latency: 0.00727644213475287
Latency: 0.007214629789814353
Latency: 0.007318928139284253
Latency: 0.007265693973749876
Latency: 0.007276217918843031
Latency: 0.00719514605589211
Latency: 0.008502732962369919
Latency: 0.007256020093336701
Latency: 0.007184870075434446
Latency: 0.007239773869514465
Latency: 0.00721900793723762
Latency: 0.007221471983939409
Latency: 0.007298873970285058
Latency: 0.0072756370063871145
Latency: 0.007283790968358517
Latency: 0.007254372118040919
Latency: 0.007395529188215733
Latency: 0.008513697190210223
Latency: 0.00725678913295269
Latency: 0.007445581955835223
Latency: 0.007160054985433817
Latency: 0.007366465171799064
Latency: 0.007195786805823445
Latency: 0.007232246920466423
Latency: 0.007230548886582255
Latency: 0.007973188068717718
Latency: 0.007360029965639114
Latency: 0.007335580186918378
Latency: 0.00866105011664331
Latency: 0.0072207520715892315
Latency: 0.007326170103624463
Latency: 0.007214421173557639
Latency: 0.0074431090615689754
Latency: 0.007235347991809249
Latency: 0.007181976921856403
Latency: 0.007518592989072204
Latency: 0.007148323813453317
Latency: 0.007159354165196419
Latency: 0.007270592963322997
Latency: 0.00854391185566783
Latency: 0.007205307949334383
Latency: 0.007240778999403119
Latency: 0.00733029399998486
Latency: 0.007232343079522252
Latency: 0.007108422927558422
Latency: 0.0071610750164836645
Latency: 0.007267414825037122
Latency: 0.00719824992120266
Latency: 0.007227618945762515
Latency: 0.007366088917478919
Latency: 0.013215466868132353
Latency: 0.0074066100642085075
Latency: 0.007223475957289338
Latency: 0.007166573079302907
Latency: 0.007242135005071759
Latency: 0.007234991993755102
Latency: 0.007226702990010381
Latency: 0.007191234966740012
Latency: 0.007154764141887426
Latency: 0.0071917090099304914
Latency: 0.007315631024539471
Latency: 0.007197825936600566
Latency: 0.008307069074362516
Latency: 0.007357424823567271
Latency: 0.00724127609282732
Latency: 0.0073146449867635965
Latency: 0.007420424837619066
Latency: 0.007304101018235087
Latency: 0.0071849648375064135
Latency: 0.0073430780321359634
Latency: 0.007359788985922933
Latency: 0.00730777601711452
Latency: 0.007368824910372496
Latency: 0.0086180348880589
Latency: 0.007346804020926356
Latency: 0.00720545114018023
Latency: 0.007202589884400368
Latency: 0.007356720976531506
Latency: 0.007190926931798458
Latency: 0.007196967024356127
Latency: 0.007227641064673662
Latency: 0.007293937960639596
Latency: 0.007142254849895835
Latency: 0.0074859438464045525
Latency: 0.007170984987169504
Latency: 0.008463978068903089
Latency: 0.007278339006006718
Latency: 0.007236555917188525
Latency: 0.007320143049582839
Latency: 0.007279298966750503
Latency: 0.007319506024941802
Latency: 0.0072880638763308525
Latency: 0.007252570940181613
Latency: 0.007263591978698969
Latency: 0.007277522934600711
Latency: 0.007316144183278084
Latency: 0.008544802898541093
Latency: 0.00759281893260777
Latency: 0.007853333139792085
Latency: 0.0076663310173898935
Latency: 0.0074943790677934885
Latency: 0.00747080915607512
Latency: 0.007397552952170372
Latency: 0.0073288369458168745
Latency: 0.007251654984429479
Latency: 0.007167984964326024
Latency: 0.007167591014876962
Latency: 0.007321214070543647
Latency: 0.008297977969050407
Latency: 0.00728089502081275
Latency: 0.007390710990875959
Latency: 0.0073174850549548864
Latency: 0.007356466026976705
Latency: 0.00738733378238976
Latency: 0.007284955820068717
Latency: 0.007354917004704475
Latency: 0.007289198925718665
Latency: 0.00717929401434958
Latency: 0.007294669980183244
Latency: 0.008479576790705323
Latency: 0.007353961002081633
Latency: 0.007297392003238201
Latency: 0.0073808180168271065
Latency: 0.007386222947388887
Latency: 0.007305978098884225
Latency: 0.007264806888997555
Latency: 0.0071792639791965485
Latency: 0.007191561860963702
Latency: 0.007247272878885269
Latency: 0.0071080990601330996
Latency: 0.0071692150086164474
Latency: 0.008467330830171704
Latency: 0.007262344006448984
Latency: 0.007284052902832627
Latency: 0.007190186996012926
Latency: 0.0072750498075038195
Latency: 0.007504855049774051
Latency: 0.007355777081102133
Latency: 0.007386783137917519
Latency: 0.007317267125472426
Latency: 0.007483551977202296
Latency: 0.0072106539737433195
Latency: 0.008547992911189795
Latency: 0.007134300889447331
Latency: 0.007168155862018466
Latency: 0.007346442202106118
Latency: 0.007260656915605068
Latency: 0.007358012022450566
Latency: 0.0071146071422845125
Latency: 0.007166252005845308
Latency: 0.007246898952871561
Latency: 0.00711980601772666
Latency: 0.007125635165721178
Latency: 0.0073270490393042564
Latency: 0.008183158002793789
Latency: 0.00724922982044518
Latency: 0.00727755599655211
Latency: 0.007199709070846438
Latency: 0.007306217914447188
Latency: 0.007318300195038319
Latency: 0.007217851001769304
Latency: 0.007345477817580104
Latency: 0.007324027130380273
Latency: 0.007448879070580006
Latency: 0.0073503172025084496
Latency: 0.008309945929795504
Latency: 0.007227153051644564
Latency: 0.007289072033017874
Latency: 0.007292223162949085
Latency: 0.007326953811571002
Latency: 0.0073371948674321175
Latency: 0.008087398018687963
Latency: 0.007352811051532626
Latency: 0.007362572941929102
Latency: 0.007467143004760146
Latency: 0.007280802121385932
Latency: 0.007266985950991511
Latency: 0.00861206790432334
Latency: 0.030248122988268733
Latency: 0.007528536953032017
Latency: 0.007316920906305313
Latency: 0.007114544976502657
Latency: 0.007174212019890547
Latency: 0.007373183965682983
Latency: 0.007244223030284047
Latency: 0.007272504968568683
Latency: 0.007194593083113432
Latency: 0.008338091894984245
Latency: 0.007322205929085612
Latency: 0.007107861107215285
Latency: 0.0072846501134335995
Latency: 0.007266612024977803
Latency: 0.0071977488696575165
Latency: 0.00732991099357605
Latency: 0.007350706961005926
Latency: 0.00724302907474339
Latency: 0.007229875074699521
Latency: 0.007229622919112444
Latency: 0.007249135989695787
Latency: 0.008054176112636924
Latency: 0.007295600138604641
Latency: 0.007348418002948165
Latency: 0.007342970930039883
Latency: 0.00740287103690207
Latency: 0.007231791038066149
Latency: 0.0071745088789612055
Latency: 0.007119845831766725
Latency: 0.0070922658778727055
Latency: 0.007291984045878053
Latency: 0.007148818112909794
Latency: 0.00856454111635685
Latency: 0.007539123063907027
Latency: 0.007368078920990229
Latency: 0.007240667939186096
Latency: 0.00720397918485105
Latency: 0.007323667872697115
Latency: 0.007321014069020748
Latency: 0.007383924908936024
Latency: 0.007314019137993455
Latency: 0.007061331998556852
Latency: 0.007147242082282901
Latency: 0.007268369197845459
Latency: 0.008243606891483068
Latency: 0.007316680159419775
Latency: 0.007327272789552808
Latency: 0.0071766991168260574
Latency: 0.00724840397015214
Latency: 0.007482668152078986
Latency: 0.007248376961797476
Latency: 0.007125673815608025
Latency: 0.007179899141192436
Latency: 0.007267792010679841
Latency: 0.007401095004752278
Latency: 0.008345887996256351
Latency: 0.007392192957922816
Latency: 0.00738231698051095
Latency: 0.007224168861284852
Latency: 0.00733149005100131
Latency: 0.007368557853624225
Latency: 0.007341711083427072
Latency: 0.0073231360875070095
Latency: 0.007602236932143569
Latency: 0.007538411067798734
Latency: 0.007405717158690095
Latency: 0.007358425995334983
Latency: 0.008488399907946587
Latency: 0.00720074400305748
Latency: 0.007105059921741486
Latency: 0.00701185897924006
Latency: 0.007112684892490506
Latency: 0.007102126022800803
Latency: 0.00711623695679009
Latency: 0.00727058993652463
Latency: 0.007317049894481897
Latency: 0.007155162049457431
Latency: 0.007218870799988508
Latency: 0.007198682986199856
Latency: 0.00825213105417788
Latency: 0.007224993081763387
Latency: 0.007446846924722195
Latency: 0.0073276550974696875
Latency: 0.007294011069461703
Latency: 0.0072529001627117395
Latency: 0.007291912101209164
Latency: 0.007363792974501848
Latency: 0.007277040043845773
Latency: 0.007346393074840307
Latency: 0.0073518711142241955
Latency: 0.008578161941841245
Latency: 0.007363202981650829
Latency: 0.007170825032517314
Latency: 0.007211883086711168
Latency: 0.007325900951400399
Latency: 0.007189511088654399
Latency: 0.0072526889853179455
Latency: 0.007236392004415393
Latency: 0.007172726094722748
Latency: 0.007223406108096242
Latency: 0.0070875100791454315
Latency: 0.008413095958530903
Latency: 0.011620922014117241
Latency: 0.008906574919819832
Latency: 0.007578251883387566
Latency: 0.007575078867375851
Latency: 0.007309729000553489
Latency: 0.007319608936086297
Latency: 0.007351972861215472
Latency: 0.007347055012360215
Latency: 0.007352394983172417
Latency: 0.007321302080526948
Latency: 0.00734190596267581
Latency: 0.007427192991599441
Latency: 0.00848691607825458
Latency: 0.0071986999828368425
Latency: 0.007198863895609975
Latency: 0.007190382108092308
Latency: 0.007263357052579522
Latency: 0.007299952208995819
Latency: 0.00724919093772769
Latency: 0.0072096120566129684
Latency: 0.007195444777607918
Latency: 0.00751662184484303
Latency: 0.00738300196826458
Latency: 0.008469340857118368
Latency: 0.007271541049703956
Latency: 0.007273376919329166
Latency: 0.007376067107543349
Latency: 0.007602570811286569
Latency: 0.007184797897934914
Latency: 0.0072758018504828215
Latency: 0.0071743151638656855
Latency: 0.0072501120157539845
Latency: 0.0072773839347064495
Latency: 0.0072347549721598625
Latency: 0.007823749911040068
Latency: 0.008557307068258524
Latency: 0.007495708065107465
Latency: 0.00741097005084157
Latency: 0.007317751878872514
Latency: 0.007325637154281139
Latency: 0.00721331313252449
Latency: 0.00714714708738029
Latency: 0.007288293214514852
Latency: 0.0074083448853343725
Latency: 0.007302937097847462
Latency: 0.008685963926836848
Latency: 0.0071147410199046135
Latency: 0.007613219087943435
Latency: 0.0072889740113168955
Latency: 0.007286311127245426
Latency: 0.00738515006378293
Latency: 0.00725218397565186
Latency: 0.007187371142208576
Latency: 0.007353189866989851
Latency: 0.007386337965726852
Latency: 0.007331507047638297
Latency: 0.007331206928938627
Latency: 0.008629861986264586
Latency: 0.007238031830638647
Latency: 0.007245945977047086
Latency: 0.0071759268175810575
Latency: 0.0073079748544842005
Latency: 0.007157207001000643
Latency: 0.007362348027527332
Latency: 0.007210790179669857
Latency: 0.007429766934365034
Latency: 0.007416384061798453
Latency: 0.00732394284568727
Latency: 0.008475334150716662
Latency: 0.007325321203097701
Latency: 0.007269365014508367
Latency: 0.007226397981867194
Latency: 0.0075135978404432535
Latency: 0.007278135046362877
Latency: 0.007085626944899559
Latency: 0.00721606588922441
Latency: 0.007542303064838052
Latency: 0.007288770051673055
Latency: 0.007410278078168631
Latency: 0.008526840945705771
Latency: 0.007076149806380272
Latency: 0.0072050809394568205
Latency: 0.007244420936331153
Latency: 0.007270789938047528
Latency: 0.007318725110962987
Latency: 0.0071701849810779095
Latency: 0.007230435963720083
Latency: 0.007323971949517727
Latency: 0.007263712119311094
Latency: 0.00716523895971477
Latency: 0.007259714882820845
Latency: 0.008395587094128132
Latency: 0.007112500024959445
Latency: 0.00719405198469758
Latency: 0.007265798980370164
Latency: 0.007291607791557908
Latency: 0.007360663963481784
Latency: 0.007368611870333552
Latency: 0.007239093072712421
Latency: 0.007357652997598052
Latency: 0.0072798330802470446
Latency: 0.007330629974603653
Latency: 0.008410637965425849
Latency: 0.0071408068761229515
Latency: 0.007224976783618331
Latency: 0.0072317360900342464
Latency: 0.007412233855575323
Latency: 0.007815560093149543
Latency: 0.007421994116157293
Latency: 0.00747689395211637
Latency: 0.007355798035860062
Latency: 0.00725133903324604
Latency: 0.007301325909793377
Latency: 0.007211965974420309
Latency: 0.008620458887889981
Latency: 0.0073061559814959764
Latency: 0.007249862886965275
Latency: 0.007307732943445444
Latency: 0.007376117166131735
Latency: 0.007362209027633071
Latency: 0.007426935015246272
Latency: 0.007313409121707082
Latency: 0.007256218930706382
Latency: 0.007458842126652598
Latency: 0.007360494928434491
Latency: 0.0085971939843148
Latency: 0.007332195062190294
Latency: 0.007297793868929148
Latency: 0.007295861840248108
Latency: 0.007279438199475408
Latency: 0.007336111040785909
Latency: 0.007202139124274254
Latency: 0.007260899059474468
Latency: 0.007170205004513264
Latency: 0.007211348973214626
Latency: 0.00723595404997468
Latency: 0.007228554924950004
Latency: 0.008215741021558642
Latency: 0.007238253019750118
Latency: 0.007394760148599744
Latency: 0.007274094969034195
Latency: 0.007303211139515042
Latency: 0.007228663889691234
Latency: 0.007293584058061242
Latency: 0.007300853030756116
Latency: 0.00732914381660521
Latency: 0.007319632219150662
Latency: 0.007254329044371843
Latency: 0.008595125982537866
Latency: 0.007206586888059974
Latency: 0.0075536142103374004
Latency: 0.007301091914996505
Latency: 0.007381821982562542
Latency: 0.007434079889208078
Latency: 0.0073398021049797535
Latency: 0.007389413891360164
Latency: 0.007191089913249016
Latency: 0.007340190000832081
Latency: 0.007161885965615511
Latency: 0.007225401001051068
Latency: 0.008349437965080142
Latency: 0.030997168039903045
Latency: 0.007385606179013848
Latency: 0.007444931892678142
Latency: 0.0073095320258289576
Latency: 0.0073217281606048346
Latency: 0.007237595971673727
Latency: 0.0072423359379172325
Latency: 0.007223349995911121
Latency: 0.007351898122578859
Latency: 0.008083925116807222
Latency: 0.00746235903352499
Latency: 0.007370328065007925
Latency: 0.0073504820466041565
Latency: 0.007230537943542004
Latency: 0.0072542959824204445
Latency: 0.007227461086586118
Latency: 0.008196993032470345
Latency: 0.007301565958186984
Latency: 0.0073604159988462925
Latency: 0.007193255005404353
Latency: 0.007078296970576048
Latency: 0.008301529800519347
Latency: 0.007254502037540078
Latency: 0.007200954016298056
Latency: 0.007239446975290775
Latency: 0.007241690065711737
Latency: 0.0073792519979178905
Latency: 0.007181313121691346
Latency: 0.0073363399133086205
Latency: 0.0073450368363410234
Latency: 0.007324222009629011
Latency: 0.007367603946477175
Latency: 0.008705432992428541
Latency: 0.007591453846544027
Latency: 0.007589479209855199
Latency: 0.00757851917296648
Latency: 0.007634138921275735
Latency: 0.0075604061130434275
Latency: 0.007618012139573693
Latency: 0.007828567875549197
Latency: 0.007274600910022855
Latency: 0.007311508059501648
Latency: 0.007404763018712401
Latency: 0.007209673058241606
Latency: 0.008730957983061671
Latency: 0.007271264912560582
Latency: 0.007142253220081329
Latency: 0.007310929009690881
Latency: 0.007127452874556184
Latency: 0.007268172921612859
Latency: 0.007276786956936121
Latency: 0.007245918968692422
Latency: 0.007278546923771501
Latency: 0.007199911866337061
Latency: 0.007441103924065828
Latency: 0.008626189082860947
Latency: 0.007365527097135782
Latency: 0.007281024940311909
Latency: 0.007456504972651601
Latency: 0.007230672053992748
Latency: 0.007174485130235553
Latency: 0.007166753988713026
Latency: 0.0071915758308023214
Latency: 0.007141947979107499
Latency: 0.00715941097587347
Latency: 0.007171141915023327
Latency: 0.007317157927900553
Latency: 0.008296353043988347
Latency: 0.007333451882004738
Latency: 0.007141046924516559
Latency: 0.007214832818135619
Latency: 0.007249742979183793
Latency: 0.007237061159685254
Latency: 0.007272763876244426
Latency: 0.007424273062497377
Latency: 0.007283985149115324
Latency: 0.007284465944394469
Latency: 0.007368738064542413
Latency: 0.008224525023251772
Latency: 0.007231050869449973
Latency: 0.007342271972447634
Latency: 0.007330650929361582
Latency: 0.00747610698454082
Latency: 0.00728868693113327
Latency: 0.007297425996512175
Latency: 0.007362141041085124
Latency: 0.007325205951929092
Latency: 0.00734160584397614
Latency: 0.007381692063063383
Latency: 0.007916354108601809
Latency: 0.008701615035533905
Latency: 0.007205725880339742
Latency: 0.00717489211820066
Latency: 0.007197907892987132
Latency: 0.0073008660692721605
Latency: 0.007301901001483202
Latency: 0.007334417896345258
Latency: 0.007252071984112263
Latency: 0.007214828860014677
Latency: 0.007248010020703077
Latency: 0.007310070097446442
Latency: 0.007395665859803557
Latency: 0.008443641010671854
Latency: 0.007276454940438271
Latency: 0.007211914053186774
Latency: 0.007434765109792352
Latency: 0.007374258944764733
Latency: 0.007187473122030497
Latency: 0.007277854951098561
Latency: 0.007220681989565492
Latency: 0.007391360122710466
Latency: 0.007258916972205043
Latency: 0.007369082188233733
Latency: 0.008462682832032442
Latency: 0.007255855016410351
Latency: 0.0072147289756685495
Latency: 0.007204111898317933
Latency: 0.007191321114078164
Latency: 0.007244791137054563
Latency: 0.007306152954697609
Latency: 0.00715755601413548
Latency: 0.007141392212361097
Latency: 0.0074417979922145605
Latency: 0.00728417607024312
Latency: 0.007377784000709653
Latency: 0.008221327094361186
Latency: 0.007230439921841025
Latency: 0.007360922172665596
Latency: 0.007379346992820501
Latency: 0.007240729872137308
Latency: 0.007307101972401142
Latency: 0.007319191005080938
Latency: 0.007395896129310131
Latency: 0.0073291880544275045
Latency: 0.007380116963759065
Latency: 0.008559006033465266
Latency: 0.007148567819967866
Latency: 0.007225028937682509
Latency: 0.007511653937399387
Latency: 0.007380187977105379
Latency: 0.007395780878141522
Latency: 0.007249033078551292
Latency: 0.007178276078775525
Latency: 0.0072245418559759855
Latency: 0.007191183976829052
Latency: 0.007281375816091895
Latency: 0.007301410892978311
Latency: 0.008284599054604769
Latency: 0.007112765917554498
Latency: 0.007281963946297765
Latency: 0.007319577969610691
Latency: 0.007177943829447031
Latency: 0.007209936855360866
Latency: 0.007227713940665126
Latency: 0.0072556911036372185
Latency: 0.007302972953766584
Latency: 0.007309654960408807
Latency: 0.007300883065909147
Latency: 0.00741494819521904
Latency: 0.008485496044158936
Latency: 0.00736882584169507
Latency: 0.0074353949166834354
Latency: 0.00797756901010871
Latency: 0.007472265046089888
Latency: 0.007397168083116412
Latency: 0.007545124972239137
Latency: 0.0073845291044563055
Latency: 0.007211475167423487
Latency: 0.007242448860779405
Latency: 0.007247671019285917
Latency: 0.00875249714590609
Latency: 0.007276882184669375
Latency: 0.007360087940469384
Latency: 0.0073416950181126595
Latency: 0.007149906130507588
Latency: 0.0073108971118927
Latency: 0.007265690015628934
Latency: 0.007337006041780114
Latency: 0.007328859064728022
Latency: 0.00726305996067822
Latency: 0.007288787979632616
Latency: 0.007238882128149271
Latency: 0.00834429799579084
Latency: 0.007189854048192501
Latency: 0.007227073889225721
Latency: 0.007332378998398781
Latency: 0.0074572518933564425
Latency: 0.007126079173758626
Latency: 0.0072919270023703575
Latency: 0.007127227960154414
Latency: 0.00727263605222106
Latency: 0.007162786088883877
Latency: 0.007253567920997739
Latency: 0.008538795867934823
Latency: 0.007320153992623091
Latency: 0.007259147008880973
Latency: 0.007295095128938556
Latency: 0.00741633796133101
Latency: 0.007380615919828415
Latency: 0.0072357989847660065
Latency: 0.007433188147842884
Latency: 0.007309328066185117
Latency: 0.007468387950211763
Latency: 0.00726718595251441
Latency: 0.00859091617166996
Latency: 0.007385056931525469
Latency: 0.007395237917080522
Latency: 0.00746041489765048
Latency: 0.007314536953344941
Latency: 0.007304030936211348
Latency: 0.013265833025798202
Latency: 0.0073817160446196795
Latency: 0.007389427861198783
Latency: 0.00782227492891252
Latency: 0.007398375077173114
