Latency: 0.9272347879596055
Latency: 0.8114413919392973
Latency: 0.8296076201368123
Latency: 0.825942583847791
Latency: 0.8241989950183779
Latency: 0.8441763778682798
Latency: 0.83149553113617
Latency: 0.8436806660611182
Latency: 0.838987739989534
Latency: 0.8463121759705245
Latency: 0.8350845200475305
Latency: 0.8241075929254293
Latency: 0.8495075788814574
Latency: 0.8361042370088398
Latency: 0.8398545570671558
Latency: 0.8306193212047219
Latency: 0.8343198779039085
Latency: 0.8190232720226049
Latency: 0.8328147090505809
Latency: 0.8206879859790206
Latency: 0.8390073620248586
Latency: 0.8269559689797461
Latency: 0.8300668969750404
Latency: 0.8520190808922052
Latency: 0.8486491399817169
Latency: 0.839322614017874
Latency: 0.8287959690205753
Latency: 0.8420460820198059
Latency: 0.8303698131348938
