Latency: 0.061296371975913644
Latency: 0.06278857099823654
Latency: 0.06436061603017151
Latency: 0.06968185608275235
Latency: 0.07015247899107635
Latency: 0.07154177315533161
Latency: 0.07302853814326227
Latency: 0.07464901986531913
Latency: 0.07690109009854496
Latency: 0.07752377795986831
Latency: 0.07898881402797997
Latency: 0.0804738150909543
Latency: 0.0829504900611937
Latency: 0.08437774307094514
Latency: 0.08656348683871329
Latency: 0.08957762783393264
Latency: 0.06938831997103989
Latency: 0.07076198305003345
Latency: 0.0721706310287118
Latency: 0.07201872509904206
Latency: 0.07342521799728274
Latency: 0.07476376718841493
Latency: 0.07674269680865109
Latency: 0.07815598300658166
Latency: 0.07972234510816634
Latency: 0.08122875401750207
Latency: 0.08401579200290143
Latency: 0.08545432100072503
Latency: 0.08780893497169018
Latency: 0.08996431110426784
Latency: 0.09383727796375751
Latency: 0.08994967886246741
Latency: 0.06449390016496181
Latency: 0.06587103591300547
Latency: 0.06719521596096456
Latency: 0.06959357112646103
Latency: 0.07145101088099182
Latency: 0.07289654691703618
Latency: 0.07437511486932635
Latency: 0.0772299082018435
Latency: 0.07868264499120414
Latency: 0.08278285106644034
Latency: 0.08445169311016798
Latency: 0.08591829799115658
Latency: 0.0881472541950643
Latency: 0.08985571190714836
Latency: 0.08147380198352039
Latency: 0.07723288796842098
Latency: 0.0745529979467392
Latency: 0.07598489383235574
Latency: 0.0793381140101701
Latency: 0.08080183085985482
Latency: 0.08071159408427775
Latency: 0.0855884631164372
Latency: 0.08341359999030828
Latency: 0.08632791507989168
Latency: 0.0888190409168601
Latency: 0.08799848705530167
Latency: 0.0808554959949106
Latency: 0.08223428903147578
Latency: 0.08287974284030497
Latency: 0.08546999795362353
Latency: 0.08629570109769702
Latency: 0.08595357392914593
Latency: 0.07578712399117649
Latency: 0.07709223916754127
Latency: 0.07672508689574897
Latency: 0.08031537290662527
Latency: 0.08130065794102848
Latency: 0.08056551008485258
Latency: 0.08277347614057362
Latency: 0.08228554204106331
Latency: 0.08496874710544944
Latency: 0.0853488261345774
Latency: 0.08077293704263866
Latency: 0.08344736904837191
Latency: 0.08702996000647545
Latency: 0.08777717198245227
Latency: 0.0849661179818213
Latency: 0.08249256806448102
Latency: 0.07494872505776584
Latency: 0.07623070594854653
Latency: 0.08184133213944733
Latency: 0.08364094910211861
Latency: 0.08387566404417157
Latency: 0.08105325000360608
Latency: 0.08179257018491626
Latency: 0.0848251290153712
Latency: 0.08137428108602762
Latency: 0.08543908409774303
Latency: 0.08426929102279246
Latency: 0.08631076198071241
Latency: 0.08355535799637437
Latency: 0.08620109409093857
Latency: 0.08167438302189112
Latency: 0.08511090907268226
Latency: 0.07106218300759792
Latency: 0.07285884697921574
Latency: 0.08389141294173896
Latency: 0.07454764004796743
Latency: 0.07760242093354464
Latency: 0.07857850682921708
Latency: 0.08012518612667918
Latency: 0.08249045279808342
Latency: 0.08676557685248554
Latency: 0.08479699888266623
Latency: 0.08347253501415253
Latency: 0.08514240896329284
Latency: 0.08473692391999066
Latency: 0.08243679208680987
Latency: 0.08578625204972923
Latency: 0.07912041991949081
Latency: 0.09938092296943069
Latency: 0.11016427003778517
Latency: 0.10864688991568983
Latency: 0.1090302630327642
Latency: 0.11047818581573665
Latency: 0.11669516284018755
Latency: 0.11714425380341709
Latency: 0.11611353303305805
Latency: 0.11386034591123462
Latency: 0.11498946603387594
Latency: 0.11670178617350757
Latency: 0.11563614010810852
Latency: 0.0891926009207964
Latency: 0.12222405103966594
Latency: 0.09597161784768105
Latency: 0.09042558306828141
Latency: 0.08981552696786821
Latency: 0.08714713295921683
Latency: 0.08956806897185743
Latency: 0.09030414302833378
Latency: 0.09254107810556889
Latency: 0.09631452499888837
Latency: 0.0996807359624654
Latency: 0.09612664789892733
Latency: 0.098544348962605
Latency: 0.09997216099873185
Latency: 0.10222464194521308
Latency: 0.1038299510255456
Latency: 0.10525372996926308
Latency: 0.10465173283591866
Latency: 0.10425601294264197
Latency: 0.10735521512106061
Latency: 0.09483557310886681
Latency: 0.0947112450376153
Latency: 0.08140103216283023
Latency: 0.08269896497949958
Latency: 0.0838839749339968
Latency: 0.08526086993515491
Latency: 0.08305141283199191
Latency: 0.0872419560328126
Latency: 0.08478679694235325
Latency: 0.08596197795122862
Latency: 0.08582127396948636
Latency: 0.08709245990030468
Latency: 0.09037524997256696
Latency: 0.0917570109013468
Latency: 0.08747637877240777
Latency: 0.08797011780552566
Latency: 0.0894311850424856
Latency: 0.09313067118637264
Latency: 0.08368239202536643
Latency: 0.0878567670006305
Latency: 0.08822737005539238
Latency: 0.09665997396223247
Latency: 0.10067760804668069
Latency: 0.09977517300285399
Latency: 0.0965776068624109
Latency: 0.09783795801922679
Latency: 0.10087686614133418
Latency: 0.10230735596269369
Latency: 0.10515462281182408
Latency: 0.10739348386414349
Latency: 0.10483801201917231
Latency: 0.1035777700599283
Latency: 0.08016113587655127
Latency: 0.08156525902450085
Latency: 0.08620112109929323
Latency: 0.0831629429012537
Latency: 0.0845436539966613
Latency: 0.08553717704489827
Latency: 0.08636002289131284
Latency: 0.07927376008592546
Latency: 0.08177445689216256
Latency: 0.08331464999355376
Latency: 0.08632907201536
Latency: 0.08855931600555778
Latency: 0.08767807297408581
Latency: 0.0926550249569118
Latency: 0.08404972194693983
Latency: 0.08653334900736809
Latency: 0.08137115580029786
Latency: 0.08601113012991846
Latency: 0.08189627411775291
Latency: 0.08192161796614528
Latency: 0.08325859881006181
Latency: 0.08242614893242717
Latency: 0.08374920510686934
Latency: 0.08758165896870196
Latency: 0.08900416502729058
Latency: 0.09313854691572487
Latency: 0.08937226911075413
Latency: 0.09093654598109424
Latency: 0.0916478200815618
Latency: 0.09148099203594029
Latency: 0.08526984998025
Latency: 0.08607246982865036
Latency: 0.08270967612043023
Latency: 0.0890692740213126
Latency: 0.08255083905532956
Latency: 0.08380332100205123
Latency: 0.08870798605494201
Latency: 0.09000383387319744
Latency: 0.09121106704697013
Latency: 0.09116193396039307
Latency: 0.09263366786763072
Latency: 0.09236827283166349
Latency: 0.09381037298589945
Latency: 0.09274580306373537
Latency: 0.09417325397953391
Latency: 0.09158364799804986
Latency: 0.0929671588819474
Latency: 0.09563889889977872
Latency: 0.10909907799214125
Latency: 0.110843287082389
Latency: 0.11108236107975245
Latency: 0.11532236891798675
Latency: 0.11481999908573925
Latency: 0.11101613496430218
Latency: 0.11445346218533814
Latency: 0.11499216710217297
Latency: 0.11634899699129164
Latency: 0.11277109081856906
Latency: 0.11601720610633492
Latency: 0.11415616306476295
Latency: 0.11648015002720058
Latency: 0.11792485695332289
Latency: 0.12035852414555848
Latency: 0.09556462406180799
Latency: 0.08391251182183623
Latency: 0.08584226109087467
Latency: 0.08912539086304605
Latency: 0.08817532216198742
Latency: 0.09168443107046187
Latency: 0.08983468194492161
Latency: 0.09062414080835879
Latency: 0.0841859879437834
Latency: 0.0857186398934573
Latency: 0.08725033211521804
Latency: 0.09025901881977916
Latency: 0.09206620510667562
Latency: 0.0932923499494791
Latency: 0.09482089593075216
Latency: 0.09738251892849803
Latency: 0.09684743592515588
Latency: 0.0819825769867748
Latency: 0.08645642711780965
Latency: 0.08355135610327125
Latency: 0.0848813340999186
Latency: 0.07905584503896534
Latency: 0.08696002792567015
Latency: 0.08222578489221632
Latency: 0.0824113991111517
Latency: 0.08681525103747845
Latency: 0.08823078405112028
Latency: 0.08829694287851453
Latency: 0.09130690013989806
Latency: 0.09270662604831159
Latency: 0.09405954089015722
Latency: 0.0950195190962404
Latency: 0.09414233407005668
Latency: 0.08491257601417601
Latency: 0.08140713209286332
Latency: 0.0811731000430882
Latency: 0.08929696003906429
Latency: 0.08289801189675927
Latency: 0.08431809116154909
Latency: 0.08779374486766756
Latency: 0.08922577905468643
Latency: 0.09038845589384437
Latency: 0.09174155700020492
Latency: 0.08931658696383238
Latency: 0.09074933012016118
Latency: 0.09435461089015007
Latency: 0.09583823010325432
Latency: 0.09719865582883358
Latency: 0.09539428306743503
Latency: 0.08747086604125798
Latency: 0.08790132985450327
Latency: 0.08928476390428841
Latency: 0.08499066112563014
Latency: 0.0838689471129328
Latency: 0.08525525685399771
Latency: 0.08782199607230723
Latency: 0.09053022810257971
Latency: 0.08724313997663558
Latency: 0.08988356799818575
Latency: 0.08965418604202569
Latency: 0.09110847790725529
Latency: 0.09104876080527902
Latency: 0.09526688605546951
Latency: 0.0982715121936053
Latency: 0.09240086609497666
Latency: 0.09073172113858163
Latency: 0.09185290592722595
Latency: 0.08084031101316214
Latency: 0.08570636599324644
Latency: 0.08693574205972254
Latency: 0.08826943207532167
Latency: 0.08759806421585381
Latency: 0.09040038008242846
Latency: 0.09044767799787223
Latency: 0.09314878308214247
Latency: 0.09205368906259537
Latency: 0.09456830797716975
Latency: 0.09482219605706632
Latency: 0.09648066107183695
Latency: 0.09568340494297445
Latency: 0.09416725812479854
Latency: 0.08601620583795011
Latency: 0.08470825594849885
Latency: 0.08749097981490195
Latency: 0.08236266998574138
Latency: 0.08289857604540884
Latency: 0.08426306396722794
Latency: 0.08566630794666708
Latency: 0.0865322609897703
Latency: 0.0878990248311311
Latency: 0.09031425509601831
Latency: 0.09243079414591193
Latency: 0.09340154379606247
Latency: 0.09163476596586406
Latency: 0.09311658795922995
Latency: 0.09501619497314095
Latency: 0.09695147210732102
Latency: 0.11483893007971346
Latency: 0.10920702619478106
Latency: 0.11182972090318799
Latency: 0.11322817392647266
Latency: 0.11154272989369929
Latency: 0.11286117695271969
Latency: 0.11296053789556026
Latency: 0.11435481114313006
Latency: 0.1161557121668011
Latency: 0.11761238309554756
Latency: 0.12095051188953221
Latency: 0.12237070314586163
Latency: 0.09019820904359221
Latency: 0.09147024294361472
Latency: 0.09386941301636398
Latency: 0.09612385113723576
Latency: 0.08970173797570169
Latency: 0.08042858797125518
Latency: 0.08320169895887375
Latency: 0.08821467799134552
Latency: 0.08472266094759107
Latency: 0.08606645511463284
Latency: 0.0868928839918226
Latency: 0.08837845106609166
Latency: 0.08844547485932708
Latency: 0.09086815314367414
Latency: 0.09219435509294271
Latency: 0.09774047695100307
Latency: 0.09296910790726542
Latency: 0.09515645913779736
Latency: 0.09744031797163188
Latency: 0.0988927180878818
Latency: 0.0833148940000683
Latency: 0.08253005193546414
Latency: 0.08837466686964035
Latency: 0.08530748495832086
Latency: 0.07992921303957701
Latency: 0.08270937786437571
Latency: 0.08272678102366626
Latency: 0.08593133790418506
Latency: 0.08732087793760002
Latency: 0.089977134950459
Latency: 0.09040486416779459
Latency: 0.09405172895640135
Latency: 0.095506452023983
Latency: 0.09646329004317522
Latency: 0.093729835934937
Latency: 0.09640544117428362
Latency: 0.08431519009172916
Latency: 0.08302858797833323
Latency: 0.08256869902834296
Latency: 0.08311025286093354
Latency: 0.08664287999272346
Latency: 0.0879803579300642
Latency: 0.08818251406773925
Latency: 0.08708117599599063
Latency: 0.08843362797051668
Latency: 0.08945494797080755
Latency: 0.09087542002089322
Latency: 0.09147802088409662
Latency: 0.09292247099801898
Latency: 0.09008743590675294
Latency: 0.08827290590852499
Latency: 0.08971207099966705
Latency: 0.09816122497431934
Latency: 0.08937776414677501
Latency: 0.08064736612141132
Latency: 0.0819296611007303
Latency: 0.08449665014632046
Latency: 0.08575159101746976
Latency: 0.08914106106385589
Latency: 0.09152032691054046
Latency: 0.09519252204336226
Latency: 0.08877672487869859
Latency: 0.09011162794195116
Latency: 0.09308267291635275
Latency: 0.09560269792564213
Latency: 0.08614929998293519
Latency: 0.09161240607500076
Latency: 0.09310008189640939
Latency: 0.08325529284775257
Latency: 0.08991956291720271
Latency: 0.08495655609294772
Latency: 0.08636472094804049
Latency: 0.08969341218471527
Latency: 0.09107581991702318
Latency: 0.093186300015077
Latency: 0.0942980342078954
Latency: 0.08790277992375195
Latency: 0.08974992809817195
Latency: 0.0910324938595295
Latency: 0.0884068759623915
Latency: 0.08710243087261915
Latency: 0.09005799912847579
Latency: 0.09273693803697824
Latency: 0.09419767209328711
Latency: 0.09021084592677653
Latency: 0.07824121997691691
Latency: 0.07951121916994452
Latency: 0.08523584809154272
Latency: 0.08574275090359151
Latency: 0.0884309490211308
Latency: 0.08981744409538805
Latency: 0.09414921910502017
Latency: 0.08894370798952878
Latency: 0.09106585313566029
Latency: 0.0925719600636512
Latency: 0.09106525289826095
Latency: 0.09248016308993101
Latency: 0.09528814000077546
Latency: 0.11718012182973325
Latency: 0.119596489937976
Latency: 0.11267021694220603
Latency: 0.10943400603719056
Latency: 0.11080521601252258
Latency: 0.11586874583736062
Latency: 0.11427501798607409
Latency: 0.11607198207639158
Latency: 0.1174915770534426
Latency: 0.08638495998457074
Latency: 0.08755788207054138
Latency: 0.08902141102589667
Latency: 0.0913369171321392
Latency: 0.09160933899693191
Latency: 0.09467137581668794
Latency: 0.09378132503479719
Latency: 0.0872194489929825
Latency: 0.08953392086550593
Latency: 0.081058070063591
Latency: 0.08244643011130393
Latency: 0.08763470593839884
Latency: 0.08351082517765462
Latency: 0.08415413904003799
Latency: 0.08886750810779631
Latency: 0.09028831706382334
Latency: 0.0872449108865112
Latency: 0.08992442581802607
Latency: 0.09143067500554025
Latency: 0.0931106610223651
Latency: 0.09551210002973676
Latency: 0.09480394213460386
Latency: 0.09841966512612998
Latency: 0.09148902609013021
Latency: 0.09278105688281357
Latency: 0.08255515596829355
Latency: 0.08726658509112895
Latency: 0.08389997412450612
Latency: 0.08834692696109414
Latency: 0.09184226091019809
Latency: 0.08842006395570934
Latency: 0.08981747087091208
Latency: 0.09137619286775589
Latency: 0.09410788398236036
Latency: 0.09555843193084002
Latency: 0.09286943008191884
Latency: 0.09274836909025908
Latency: 0.09395313309505582
Latency: 0.09182997001335025
Latency: 0.08530935109592974
Latency: 0.09245664812624454
Latency: 0.08423723606392741
Latency: 0.08487460622563958
Latency: 0.08633974497206509
Latency: 0.08704405510798097
Latency: 0.0905520562082529
Latency: 0.09043237403966486
Latency: 0.09185379091650248
Latency: 0.09146461705677211
Latency: 0.090457818005234
Latency: 0.09444520715624094
Latency: 0.09478230588138103
Latency: 0.09609497780911624
Latency: 0.0897020970005542
Latency: 0.09105848986655474
Latency: 0.09110242710448802
Latency: 0.09223512513563037
Latency: 0.08372610597871244
Latency: 0.0884448429569602
Latency: 0.09001805703155696
Latency: 0.09195659891702235
Latency: 0.08744229702278972
Latency: 0.08863331004977226
Latency: 0.09139924705959857
Latency: 0.0931466780602932
Latency: 0.09605398587882519
Latency: 0.0899806059896946
Latency: 0.09132255800068378
Latency: 0.09298419114202261
Latency: 0.09557278081774712
Latency: 0.09845313988626003
Latency: 0.09199790097773075
Latency: 0.09218819509260356
Latency: 0.08541621919721365
Latency: 0.08734154421836138
Latency: 0.08969254791736603
Latency: 0.08915930916555226
Latency: 0.08955541718751192
Latency: 0.08798956498503685
Latency: 0.08933430002070963
Latency: 0.09347968990914524
Latency: 0.09357426804490387
Latency: 0.09311989601701498
Latency: 0.09242164785973728
Latency: 0.09562612394802272
Latency: 0.09613115689717233
Latency: 0.09746964694932103
Latency: 0.08988050813786685
Latency: 0.0940909730270505
Latency: 0.08259983896277845
Latency: 0.11447353195399046
Latency: 0.11551912990398705
Latency: 0.11239935318008065
Latency: 0.11346368910744786
Latency: 0.11468807910569012
Latency: 0.11599333095364273
Latency: 0.12202201900072396
Latency: 0.11894092103466392
Latency: 0.11857646610587835
Latency: 0.12156497198157012
Latency: 0.12754831300117075
Latency: 0.11885344400070608
Latency: 0.11725888191722333
Latency: 0.11865354306064546
Latency: 0.11204144707880914
Latency: 0.07974381581880152
Latency: 0.0830208701081574
Latency: 0.08518879022449255
Latency: 0.0864425131585449
Latency: 0.08784947404637933
Latency: 0.09028295916505158
Latency: 0.0915400180965662
Latency: 0.08540631993673742
Latency: 0.08786419592797756
Latency: 0.08907735790126026
Latency: 0.09429738507606089
Latency: 0.09313582489266992
Latency: 0.0871636641677469
Latency: 0.0894357799552381
Latency: 0.09651986509561539
Latency: 0.08562097512185574
Latency: 0.08546876208856702
Latency: 0.0833896859548986
Latency: 0.08464204496704042
Latency: 0.08601529500447214
Latency: 0.0874358571600169
Latency: 0.08878490515053272
Latency: 0.09167607803829014
Latency: 0.08885583700612187
Latency: 0.09074628609232605
Latency: 0.0962805359158665
Latency: 0.093096629017964
Latency: 0.08750581718049943
Latency: 0.08986910991370678
Latency: 0.09117978787980974
Latency: 0.08560665510594845
Latency: 0.08457193407230079
Latency: 0.08273219293914735
Latency: 0.0818582740612328
Latency: 0.08345314883626997
Latency: 0.08499622880481184
Latency: 0.08839199505746365
Latency: 0.0897804310079664
Latency: 0.09694630093872547
Latency: 0.09514188882894814
Latency: 0.09653599909506738
Latency: 0.09106372715905309
Latency: 0.08784097479656339
Latency: 0.08931567589752376
Latency: 0.09241907205432653
Latency: 0.09514055401086807
Latency: 0.08660665201023221
Latency: 0.09374532988294959
Latency: 0.07817503693513572
Latency: 0.08211910095997155
Latency: 0.08429326582700014
Latency: 0.08571281982585788
Latency: 0.0888811289332807
Latency: 0.09020991995930672
Latency: 0.09048894001170993
Latency: 0.08699068403802812
Latency: 0.0884703709743917
Latency: 0.09134856495074928
Latency: 0.08943394990637898
Latency: 0.0888578079175204
Latency: 0.09019171795807779
Latency: 0.09199119708500803
Latency: 0.08831600705161691
Latency: 0.08946785097941756
Latency: 0.08375662891194224
Latency: 0.08261328795924783
Latency: 0.07861974299885333
Latency: 0.08804174698889256
Latency: 0.0844306901562959
Latency: 0.08843990601599216
Latency: 0.08411318203434348
Latency: 0.08163448888808489
Latency: 0.08577390690334141
Latency: 0.08862835494801402
Latency: 0.0923342548776418
Latency: 0.08534765499643981
Latency: 0.08674911013804376
Latency: 0.09011180698871613
Latency: 0.0869127600453794
Latency: 0.08731332002207637
Latency: 0.07869948400184512
Latency: 0.08256163913756609
Latency: 0.08501080190762877
Latency: 0.08801594888791442
Latency: 0.09052890702150762
Latency: 0.09160704119130969
Latency: 0.08498583710752428
Latency: 0.08395765698514879
Latency: 0.08860068512149155
Latency: 0.09226425993256271
Latency: 0.08438119501806796
Latency: 0.08340638503432274
Latency: 0.08705212618224323
Latency: 0.08855719701386988
Latency: 0.09157950105145574
Latency: 0.08787248400039971
Latency: 0.09034061199054122
Latency: 0.11420400300994515
Latency: 0.12174711097031832
Latency: 0.11698450287804008
Latency: 0.11385324597358704
Latency: 0.11523438384756446
Latency: 0.1119710800703615
Latency: 0.11527659208513796
Latency: 0.11569906608201563
Latency: 0.11914444412104785
Latency: 0.11465380992740393
Latency: 0.11819188902154565
Latency: 0.11962963500991464
Latency: 0.12357280286960304
Latency: 0.115777034079656
Latency: 0.1152028099168092
Latency: 0.0856324729975313
Latency: 0.08116955705918372
Latency: 0.07953538885340095
Latency: 0.08720536390319467
Latency: 0.08394509390927851
Latency: 0.08800939400680363
Latency: 0.08306040312163532
Latency: 0.08727830904535949
Latency: 0.08871677098795772
Latency: 0.08583541098050773
Latency: 0.08733642008155584
Latency: 0.09036355908028781
Latency: 0.09419929515570402
Latency: 0.09459955687634647
Latency: 0.08782063680700958
Latency: 0.09380010794848204
Latency: 0.09121249499730766
Latency: 0.08878875686787069
Latency: 0.0869305778760463
Latency: 0.08656226005405188
Latency: 0.08857545000500977
Latency: 0.09011678281240165
Latency: 0.08872033609077334
Latency: 0.0908324709162116
Latency: 0.08812535577453673
Latency: 0.08133745798841119
Latency: 0.08268220396712422
Latency: 0.08376012905500829
Latency: 0.08304858906194568
Latency: 0.08774349791929126
Latency: 0.09097201516851783
Latency: 0.09523544111289084
Latency: 0.07829098892398179
Latency: 0.07959071081131697
Latency: 0.08265039417892694
Latency: 0.0774405300617218
Latency: 0.08848833804950118
Latency: 0.09267255291342735
Latency: 0.09546635719016194
Latency: 0.08831939287483692
Latency: 0.08495237189345062
Latency: 0.08249346190132201
Latency: 0.08392448397353292
Latency: 0.08521033707074821
Latency: 0.08652832102961838
Latency: 0.09059780789539218
Latency: 0.09146787109784782
Latency: 0.09065619390457869
Latency: 0.08111765584908426
Latency: 0.08248208789154887
Latency: 0.08577285287901759
Latency: 0.08696671202778816
Latency: 0.08670639409683645
Latency: 0.08971168985590339
Latency: 0.08159971283748746
Latency: 0.08658978412859142
Latency: 0.08790444093756378
Latency: 0.07943842606619
Latency: 0.0837918499018997
Latency: 0.08527463302016258
Latency: 0.08674047701060772
Latency: 0.087028827983886
Latency: 0.09429439809173346
Latency: 0.09501221706159413
Latency: 0.08291312796063721
Latency: 0.08424218208529055
Latency: 0.08663560100831091
Latency: 0.08731722901575267
Latency: 0.0899266570340842
Latency: 0.08981898101046681
Latency: 0.08883738284930587
Latency: 0.08262303099036217
Latency: 0.08684798306785524
Latency: 0.08196487789973617
Latency: 0.07903072610497475
Latency: 0.08049653703346848
Latency: 0.08690764894708991
Latency: 0.08848883304744959
Latency: 0.0933274740818888
Latency: 0.09055871213786304
Latency: 0.08231125492602587
Latency: 0.0837040338665247
Latency: 0.08649053401313722
Latency: 0.08803803403861821
Latency: 0.08817000593990088
Latency: 0.09137059096246958
Latency: 0.09201155486516654
Latency: 0.0902034800965339
Latency: 0.09236798295751214
Latency: 0.07969881896860898
Latency: 0.08114338107407093
Latency: 0.08255883608944714
Latency: 0.08397833909839392
Latency: 0.08533732104115188
Latency: 0.09420338901691139
Latency: 0.0894210000988096
Latency: 0.11414811387658119
Latency: 0.11708040395751595
Latency: 0.11372467502951622
Latency: 0.11719506606459618
Latency: 0.12358554499223828
Latency: 0.12450165092013776
Latency: 0.11719254800118506
Latency: 0.11745615606196225
Latency: 0.11633116705343127
Latency: 0.11017543287016451
Latency: 0.11581650003790855
Latency: 0.11717469291761518
Latency: 0.11771042901091278
Latency: 0.1191478359978646
Latency: 0.12090778187848628
Latency: 0.12521784310229123
Latency: 0.07603600295260549
Latency: 0.07916886988095939
Latency: 0.08395670703612268
Latency: 0.08335966081358492
Latency: 0.08875110698863864
Latency: 0.09270680393092334
Latency: 0.09290543315000832
Latency: 0.08461440377868712
Latency: 0.08607624284923077
Latency: 0.08261815598234534
Latency: 0.0821978070307523
Latency: 0.08367312699556351
Latency: 0.08679948700591922
Latency: 0.08822530508041382
Latency: 0.09173537511378527
Latency: 0.09565961081534624
Latency: 0.07836530404165387
Latency: 0.07808043295517564
Latency: 0.08255465305410326
Latency: 0.0839582490734756
Latency: 0.08671871782280505
Latency: 0.0896231890656054
Latency: 0.09099733806215227
Latency: 0.08032047585584223
Latency: 0.08212920115329325
Latency: 0.08292774413712323
Latency: 0.08552653412334621
Latency: 0.08697296399623156
Latency: 0.0874915630556643
Latency: 0.09019056102260947
Latency: 0.09156915405765176
Latency: 0.09417379111982882
Latency: 0.07966154115274549
Latency: 0.07335225585848093
Latency: 0.08138500200584531
Latency: 0.08653747593052685
Latency: 0.08830669685266912
Latency: 0.08998883981257677
Latency: 0.09334291680715978
Latency: 0.08620138489641249
Latency: 0.08109797793440521
Latency: 0.08244230598211288
Latency: 0.08390883589163423
Latency: 0.08529078704304993
Latency: 0.08672357513569295
Latency: 0.09077587001956999
Latency: 0.0951751759275794
Latency: 0.09429871803149581
Latency: 0.0840520141646266
Latency: 0.08536851382814348
Latency: 0.085138302994892
Latency: 0.08841649792157114
Latency: 0.08844198100268841
Latency: 0.08946450892835855
Latency: 0.09365991107188165
Latency: 0.08804255514405668
Latency: 0.07711360999383032
Latency: 0.07834890205413103
Latency: 0.08385797101072967
Latency: 0.08502595196478069
Latency: 0.08638764498755336
Latency: 0.08892405894584954
Latency: 0.09643766703084111
Latency: 0.0836268519051373
Latency: 0.08266014396212995
Latency: 0.08398863719776273
Latency: 0.08776523685082793
Latency: 0.08681031898595393
Latency: 0.09259858191944659
Latency: 0.09386308793909848
Latency: 0.08812441909685731
Latency: 0.07795540383085608
Latency: 0.07987146987579763
Latency: 0.08129804697819054
Latency: 0.0817959951236844
Latency: 0.0849999850615859
Latency: 0.0882048171479255
Latency: 0.09573049005120993
Latency: 0.08573608589358628
Latency: 0.07780267391353846
Latency: 0.07643232611007988
Latency: 0.07995507796294987
Latency: 0.08131929882802069
Latency: 0.08276287117041647
Latency: 0.09234120487235487
Latency: 0.09094831417314708
Latency: 0.09720298182219267
Latency: 0.08537150104530156
Latency: 0.080187943065539
Latency: 0.08161807316355407
Latency: 0.08501368504948914
Latency: 0.08851705095730722
Latency: 0.09423985704779625
Latency: 0.09224871103651822
Latency: 0.08798965997993946
Latency: 0.12127888901159167
Latency: 0.11312151094898582
Latency: 0.11500817607156932
Latency: 0.11730801616795361
Latency: 0.1227120968978852
Latency: 0.11530775693245232
Latency: 0.11850887513719499
Latency: 0.11698412010446191
Latency: 0.11429421789944172
Latency: 0.11685791099444032
Latency: 0.11826798692345619
Latency: 0.12155642686411738
Latency: 0.12057138793170452
Latency: 0.0877713409718126
Latency: 0.09069767012260854
Latency: 0.09142471104860306
Latency: 0.08964740391820669
Latency: 0.0808279700577259
Latency: 0.08519749389961362
Latency: 0.09067300288006663
Latency: 0.0907693391200155
Latency: 0.08152310410514474
Latency: 0.08561221905983984
Latency: 0.08531988598406315
Latency: 0.08269183989614248
Latency: 0.08524032402783632
Latency: 0.08661729004234076
Latency: 0.08837716607376933
Latency: 0.09356683399528265
Latency: 0.08524672989733517
Latency: 0.0895210059825331
Latency: 0.08555829897522926
Latency: 0.08698981907218695
Latency: 0.0836435561068356
Latency: 0.0915463101118803
Latency: 0.08938575792126358
Latency: 0.08763109403662384
Latency: 0.08307029213756323
Latency: 0.08597412705421448
Latency: 0.08730939100496471
Latency: 0.08375400491058826
Latency: 0.08649143809452653
Latency: 0.08793270797468722
Latency: 0.09130537416785955
Latency: 0.09276503208093345
Latency: 0.08449045079760253
Latency: 0.08588541089557111
Latency: 0.0855373980011791
Latency: 0.08689184812828898
Latency: 0.0832415500190109
Latency: 0.07876565400511026
Latency: 0.08238530997186899
Latency: 0.08510248083621264
Latency: 0.0856570468749851
Latency: 0.08643699600361288
Latency: 0.08911872585304081
Latency: 0.09248654707334936
Latency: 0.08675538701936603
Latency: 0.0881555499508977
Latency: 0.09520229510962963
Latency: 0.09744788892567158
Latency: 0.08550727483816445
Latency: 0.09269139403477311
Latency: 0.08251166599802673
Latency: 0.08383217104710639
Latency: 0.08447081805206835
Latency: 0.08355527790263295
Latency: 0.08646696899086237
Latency: 0.0836075630504638
Latency: 0.08504361007362604
Latency: 0.08653770387172699
Latency: 0.09181601204909384
Latency: 0.08607361605390906
Latency: 0.09496290097013116
Latency: 0.09638270107097924
Latency: 0.08848746097646654
Latency: 0.0874754108954221
Latency: 0.09089047205634415
Latency: 0.08591337082907557
Latency: 0.08394073904491961
Latency: 0.08537587709724903
Latency: 0.0894617298617959
Latency: 0.07895482517778873
Latency: 0.08069037017412484
Latency: 0.08781576482579112
Latency: 0.08642315003089607
Latency: 0.08781495713628829
Latency: 0.08766794111579657
Latency: 0.08816390694119036
Latency: 0.08258882816880941
Latency: 0.0864401631988585
Latency: 0.08784964587539434
Latency: 0.08637929381802678
Latency: 0.08642909396439791
Latency: 0.08463293290697038
Latency: 0.08759401715360582
Latency: 0.09013187396340072
Latency: 0.08930730610154569
Latency: 0.08287774212658405
Latency: 0.0833176882006228
Latency: 0.08712400309741497
Latency: 0.0873108149971813
Latency: 0.08836009306833148
Latency: 0.0913272500038147
Latency: 0.09046063991263509
Latency: 0.08633717591874301
Latency: 0.08417984214611351
Latency: 0.08790227002464235
Latency: 0.08608972909860313
Latency: 0.08444136707112193
Latency: 0.1194662619382143
Latency: 0.11549087800085545
Latency: 0.11985890800133348
Latency: 0.11250522080808878
Latency: 0.11461027502082288
Latency: 0.11872470588423312
Latency: 0.1185282941441983
Latency: 0.1219166200608015
Latency: 0.12518891785293818
Latency: 0.12370999110862613
Latency: 0.08233772404491901
Latency: 0.08497463911771774
Latency: 0.08478983910754323
Latency: 0.08696225821040571
Latency: 0.08047957299277186
Latency: 0.08832666487433016
Latency: 0.09373431908898056
Latency: 0.08791378908790648
Latency: 0.08847950398921967
Latency: 0.08259449317120016
Latency: 0.08549696882255375
Latency: 0.08479680703021586
Latency: 0.0913544800132513
Latency: 0.08784365793690085
Latency: 0.09116697893477976
Latency: 0.09175104321911931
Latency: 0.0887164690066129
Latency: 0.08975102705881
Latency: 0.093145492952317
Latency: 0.08949487190693617
Latency: 0.08996720099821687
Latency: 0.08786805695854127
Latency: 0.08676537801511586
Latency: 0.08573526190593839
Latency: 0.09455839195288718
Latency: 0.08313068910501897
Latency: 0.07984217396005988
Latency: 0.0869399409275502
Latency: 0.09242793289013207
Latency: 0.09189557796344161
Latency: 0.08625849895179272
Latency: 0.08763941400684416
Latency: 0.08834344008937478
Latency: 0.08612074004486203
Latency: 0.08579451194964349
Latency: 0.08248538291081786
Latency: 0.09025814803317189
Latency: 0.08771677291952074
Latency: 0.0901628250721842
Latency: 0.09035991108976305
Latency: 0.08957607392221689
Latency: 0.08341484982520342
Latency: 0.08556994702666998
Latency: 0.09049058496020734
Latency: 0.08632535510696471
Latency: 0.08777013910003006
Latency: 0.083108572056517
Latency: 0.08451506891287863
Latency: 0.09060436487197876
Latency: 0.0925230160355568
Latency: 0.08890245016664267
Latency: 0.08537899306975305
Latency: 0.08569082198664546
Latency: 0.07560396706685424
Latency: 0.07887427392415702
Latency: 0.08571734395809472
Latency: 0.09051253506913781
Latency: 0.07277011987753212
Latency: 0.08060023910365999
Latency: 0.08674748311750591
Latency: 0.0804745031055063
Latency: 0.08320450014434755
Latency: 0.08878753194585443
Latency: 0.09123156708665192
Latency: 0.09185760584659874
Latency: 0.08425322920084
Latency: 0.08525988692417741
Latency: 0.0867798279505223
Latency: 0.08562998799607158
Latency: 0.08701034495607018
Latency: 0.08607175992801785
Latency: 0.09027957497164607
Latency: 0.08514380804263055
Latency: 0.08536126301623881
Latency: 0.08309988607652485
Latency: 0.08271348290145397
Latency: 0.08544547599740326
Latency: 0.08684734092094004
Latency: 0.0881798779591918
Latency: 0.0898510399274528
Latency: 0.08926519681699574
Latency: 0.09242007811553776
Latency: 0.08513189502991736
Latency: 0.08661467512138188
Latency: 0.08783511607907712
Latency: 0.0914698198903352
Latency: 0.09198639309033751
Latency: 0.09232360986061394
Latency: 0.08726811781525612
Latency: 0.08396978699602187
Latency: 0.0856138109229505
Latency: 0.08521244209259748
Latency: 0.08932680310681462
Latency: 0.08893139916472137
Latency: 0.09184342995285988
Latency: 0.08988173422403634
Latency: 0.09145790082402527
Latency: 0.12024707393720746
Latency: 0.1168293310329318
Latency: 0.11814782489091158
Latency: 0.12018804508261383
Latency: 0.12166730687022209
Latency: 0.11805935902521014
Latency: 0.12113395403139293
Latency: 0.11892027989961207
Latency: 0.11467125685885549
Latency: 0.11598994210362434
Latency: 0.11788000096566975
Latency: 0.1200778849888593
Latency: 0.12351860594935715
Latency: 0.09062860999256372
Latency: 0.08619923400692642
Latency: 0.08754484192468226
Latency: 0.08065989799797535
Latency: 0.0822903688531369
Latency: 0.08584385714493692
Latency: 0.08985342620871961
Latency: 0.08664002595469356
Latency: 0.08730395510792732
Latency: 0.09193714009597898
Latency: 0.09536366700194776
Latency: 0.08533340715803206
Latency: 0.08752929791808128
Latency: 0.08321035210974514
Latency: 0.09301947080530226
Latency: 0.0943392370827496
Latency: 0.09147362993098795
Latency: 0.0893383661750704
Latency: 0.08179885009303689
Latency: 0.08936942811124027
Latency: 0.08440066105686128
Latency: 0.08867961401119828
Latency: 0.08506076596677303
Latency: 0.08752860897220671
Latency: 0.09011509595438838
Latency: 0.08992448402568698
Latency: 0.09007327584549785
Latency: 0.08127148915082216
Latency: 0.08654091483913362
Latency: 0.08741654409095645
Latency: 0.08522561797872186
Latency: 0.08671733411028981
Latency: 0.09140294091776013
Latency: 0.0915797131601721
Latency: 0.08504109503701329
Latency: 0.08754522819072008
Latency: 0.08791577210649848
Latency: 0.08586759096942842
Latency: 0.08826645789667964
Latency: 0.08912513102404773
Latency: 0.08945482806302607
Latency: 0.08824591478332877
Latency: 0.09144437708891928
Latency: 0.07506529591046274
Latency: 0.08113440102897584
Latency: 0.08922828291542828
Latency: 0.08337091212160885
Latency: 0.09195060399360955
Latency: 0.08949744189158082
Latency: 0.08925174595788121
Latency: 0.08335199812427163
Latency: 0.0886675170622766
Latency: 0.08873830898664892
Latency: 0.08677244698628783
Latency: 0.08782866899855435
Latency: 0.09050294780172408
Latency: 0.08824381697922945
Latency: 0.08973153796978295
Latency: 0.09105376806110144
Latency: 0.0831621231045574
Latency: 0.08763502584770322
Latency: 0.08256643707863986
Latency: 0.08771561388857663
Latency: 0.08659797394648194
Latency: 0.08853467111475766
Latency: 0.07942166598513722
Latency: 0.08189670904539526
Latency: 0.08802506001666188
Latency: 0.08946470892988145
Latency: 0.08451048703864217
Latency: 0.08597083995118737
Latency: 0.08957258705049753
Latency: 0.08560344600118697
Latency: 0.08523114887066185
Latency: 0.08758344687521458
Latency: 0.08555509499274194
Latency: 0.08527635713107884
Latency: 0.08004311192780733
Latency: 0.08632808807305992
Latency: 0.08909975597634912
Latency: 0.09158354694955051
Latency: 0.08673069393262267
Latency: 0.08815876487642527
Latency: 0.08567329891957343
Latency: 0.08843482192605734
Latency: 0.08043080498464406
Latency: 0.08703906205482781
Latency: 0.08896055188961327
Latency: 0.09035368403419852
Latency: 0.0951394559815526
Latency: 0.09662094409577549
Latency: 0.08585776505060494
Latency: 0.08064418216235936
Latency: 0.07962498581036925
Latency: 0.08803163003176451
Latency: 0.08223033393733203
Latency: 0.08325813501141965
Latency: 0.11764002009294927
Latency: 0.12456715595908463
Latency: 0.1100182959344238
Latency: 0.1113562979735434
Latency: 0.11585735296830535
Latency: 0.11811601603403687
Latency: 0.11474501504562795
Latency: 0.11816235794685781
Latency: 0.11138033401221037
Latency: 0.1164575309958309
Latency: 0.11663988907821476
Latency: 0.1185468309558928
Latency: 0.11942403693683445
Latency: 0.0891637650784105
Latency: 0.08540533413179219
Latency: 0.08537227497436106
Latency: 0.09127989993430674
Latency: 0.08795239613391459
Latency: 0.08605931093916297
Latency: 0.08356410218402743
Latency: 0.09153049299493432
Latency: 0.09104687091894448
Latency: 0.09241698286496103
Latency: 0.08978958311490715
Latency: 0.08325637807138264
Latency: 0.08732734899967909
Latency: 0.08045288198627532
Latency: 0.0876289289444685
Latency: 0.08849571109749377
Latency: 0.08653346705250442
Latency: 0.09307503397576511
Latency: 0.09057878004387021
Latency: 0.08451131405308843
Latency: 0.08587657497264445
Latency: 0.0811070988420397
Latency: 0.08406759379431605
Latency: 0.08733440702781081
Latency: 0.08554170210845768
Latency: 0.08984040399082005
Latency: 0.09566233307123184
Latency: 0.07864827895537019
Latency: 0.08355552004650235
Latency: 0.08576521091163158
Latency: 0.0827658090274781
Latency: 0.08407614310272038
Latency: 0.09224334196187556
Latency: 0.09116609208285809
Latency: 0.09554166393354535
Latency: 0.08127701911143959
Latency: 0.08241840288974345
Latency: 0.08358762110583484
Latency: 0.08506923983804882
Latency: 0.09218604816123843
Latency: 0.09359992388635874
Latency: 0.09468919597566128
Latency: 0.09651257982477546
Latency: 0.08416695496998727
Latency: 0.08671826589852571
Latency: 0.08709209295921028
Latency: 0.08491654298268259
Latency: 0.08615681109949946
Latency: 0.0984278789255768
Latency: 0.08429872314445674
Latency: 0.08187872590497136
Latency: 0.07916350685991347
Latency: 0.08584846905432642
Latency: 0.08039873605594039
Latency: 0.08472740603610873
Latency: 0.08990933187305927
Latency: 0.08754818700253963
Latency: 0.08899351488798857
Latency: 0.09337157709524035
Latency: 0.08034647814929485
Latency: 0.082325299968943
Latency: 0.07922148797661066
Latency: 0.08052870305255055
Latency: 0.08641941496171057
Latency: 0.0935000020544976
Latency: 0.08788883802480996
Latency: 0.08722508698701859
Latency: 0.08870313409715891
Latency: 0.07933727698400617
Latency: 0.08228879212401807
Latency: 0.08652157499454916
Latency: 0.08697577612474561
Latency: 0.09203830803744495
Latency: 0.09337971499189734
Latency: 0.09306585299782455
Latency: 0.07810252485796809
Latency: 0.08374711987562478
Latency: 0.08259917888790369
Latency: 0.08919269684702158
Latency: 0.09067282709293067
Latency: 0.08623531111516058
Latency: 0.08404135378077626
Latency: 0.07675781496800482
Latency: 0.08064030297100544
Latency: 0.08212891011498868
Latency: 0.0833272400777787
Latency: 0.0872539549600333
Latency: 0.0893655950203538
Latency: 0.09294617990963161
Latency: 0.09655824303627014
Latency: 0.09463265398517251
Latency: 0.08293761196546257
Latency: 0.07715285615995526
Latency: 0.08938988018780947
Latency: 0.0923322020098567
Latency: 0.09109407104551792
Latency: 0.12345574400387704
Latency: 0.11066477186977863
Latency: 0.11100978497415781
Latency: 0.11648788396269083
Latency: 0.11786189512349665
Latency: 0.1177157131023705
Latency: 0.11775301001034677
Latency: 0.11914782389067113
Latency: 0.12057221587747335
Latency: 0.1249917431268841
Latency: 0.1220652258489281
Latency: 0.11656813300214708
Latency: 0.08179473201744258
Latency: 0.08538408507592976
Latency: 0.08880688087083399
Latency: 0.09019412193447351
Latency: 0.09397649997845292
Latency: 0.07607398089021444
Latency: 0.08136322093196213
Latency: 0.08566844812594354
Latency: 0.0871605968568474
Latency: 0.0863447249867022
Latency: 0.08291921811178327
Latency: 0.08444476802833378
Latency: 0.0879665648099035
Latency: 0.08796031400561333
Latency: 0.0925321311224252
Latency: 0.07571826898492873
Latency: 0.08146772696636617
Latency: 0.08852018392644823
Latency: 0.09223075211048126
Latency: 0.09340687887743115
Latency: 0.0934179499745369
Latency: 0.07677328889258206
Latency: 0.08054352016188204
Latency: 0.08374283299781382
Latency: 0.08466355386190116
Latency: 0.08617258095182478
Latency: 0.0875767688266933
Latency: 0.08899119985289872
Latency: 0.08947180211544037
Latency: 0.09203139692544937
Latency: 0.0797579730860889
Latency: 0.0908873570151627
Latency: 0.08587310393340886
Latency: 0.09423447912558913
Latency: 0.08497327892109752
Latency: 0.0878598049748689
Latency: 0.08400118397548795
Latency: 0.08570327702909708
Latency: 0.0870027591008693
Latency: 0.08282634988427162
Latency: 0.08415526896715164
Latency: 0.08632362610660493
Latency: 0.08751284796744585
Latency: 0.09229602990671992
Latency: 0.09359469986520708
Latency: 0.09407858201302588
Latency: 0.08687511901371181
Latency: 0.08315009903162718
Latency: 0.08453146414831281
Latency: 0.08674491685815156
Latency: 0.08664515591226518
Latency: 0.09459771797992289
Latency: 0.08279495197348297
Latency: 0.07798707601614296
Latency: 0.07943079015240073
Latency: 0.08202957618050277
Latency: 0.0834019489120692
Latency: 0.08549504610709846
Latency: 0.08953567198477685
Latency: 0.09502801694907248
Latency: 0.09735300904139876
Latency: 0.09952421602793038
Latency: 0.08246551710180938
Latency: 0.0798870010767132
Latency: 0.08948700712062418
Latency: 0.0866143791936338
Latency: 0.09476449596695602
Latency: 0.08105325303040445
Latency: 0.0839248918928206
Latency: 0.07982929004356265
Latency: 0.08453462505713105
Latency: 0.08597024413757026
Latency: 0.08869500481523573
Latency: 0.08800786291249096
Latency: 0.0915257299784571
Latency: 0.09297802206128836
Latency: 0.09002829599194229
Latency: 0.09552856301888824
Latency: 0.07915466092526913
Latency: 0.08302447805181146
Latency: 0.08348690299317241
Latency: 0.08726155618205667
Latency: 0.09470168501138687
Latency: 0.08176640886813402
Latency: 0.08354508690536022
Latency: 0.08684711996465921
Latency: 0.08232161006890237
Latency: 0.0851884139701724
Latency: 0.08663734886795282
Latency: 0.08967227209359407
Latency: 0.09321282617747784
Latency: 0.09080009418539703
Latency: 0.09350906894542277
Latency: 0.0908295689150691
Latency: 0.08482903707772493
Latency: 0.0847533131018281
Latency: 0.12518150988034904
Latency: 0.12402487103827298
Latency: 0.12522221799008548
Latency: 0.12009940203279257
Latency: 0.1181068189907819
Latency: 0.11137616005726159
Latency: 0.11534797307103872
Latency: 0.11528558190912008
Latency: 0.11671463213860989
Latency: 0.11726429197005928
Latency: 0.1238900450989604
Latency: 0.12531948694959283
Latency: 0.12835400504991412
Latency: 0.12493192194961011
Latency: 0.0771228380035609
Latency: 0.08105342485941947
Latency: 0.08256868389435112
Latency: 0.08378213504329324
Latency: 0.09233736107125878
Latency: 0.07913650386035442
Latency: 0.08483648113906384
Latency: 0.08615136402659118
Latency: 0.08271680003963411
Latency: 0.08422379312105477
Latency: 0.09116658987477422
Latency: 0.09260486299172044
Latency: 0.09298812597990036
Latency: 0.09524936997331679
Latency: 0.09467064822092652
Latency: 0.09335223794914782
Latency: 0.07725999411195517
Latency: 0.08412439096719027
Latency: 0.08631236711516976
Latency: 0.09223978710360825
Latency: 0.08206439297646284
Latency: 0.08413578406907618
Latency: 0.08304702211171389
Latency: 0.08450963790528476
Latency: 0.08472972898744047
Latency: 0.08616593107581139
Latency: 0.08579187211580575
Latency: 0.08726232498884201
Latency: 0.08869954803958535
Latency: 0.09045019396580756
Latency: 0.08733389899134636
Latency: 0.09348001214675605
Latency: 0.07656912598758936
Latency: 0.07568844989873469
Latency: 0.07986684003844857
Latency: 0.08431801688857377
Latency: 0.07511212094686925
Latency: 0.0771165550686419
Latency: 0.0785304750315845
Latency: 0.08325897390022874
Latency: 0.08168530999682844
Latency: 0.08526964206248522
Latency: 0.08919384004548192
Latency: 0.09052767301909626
Latency: 0.09141950588673353
Latency: 0.09284349996596575
Latency: 0.09603670192882419
Latency: 0.0908905710093677
Latency: 0.08251266204752028
Latency: 0.08856615889817476
Latency: 0.08320240210741758
Latency: 0.09110831096768379
Latency: 0.0752594880759716
Latency: 0.07924995198845863
Latency: 0.08390035200864077
Latency: 0.08498068898916245
Latency: 0.08637534291483462
Latency: 0.09098197612911463
Latency: 0.08989029913209379
Latency: 0.09118246007710695
Latency: 0.09387905895709991
Latency: 0.09535923204384744
Latency: 0.09443883993662894
Latency: 0.08553404081612825
Latency: 0.08015289204195142
Latency: 0.08195615094155073
Latency: 0.08339177002198994
Latency: 0.08981854608282447
Latency: 0.08128788997419178
Latency: 0.08571249200031161
Latency: 0.08384365891106427
Latency: 0.08501633885316551
Latency: 0.08634942816570401
Latency: 0.0930324150249362
Latency: 0.0877489720005542
Latency: 0.08908958896063268
Latency: 0.09074255800805986
Latency: 0.09218009700998664
Latency: 0.09581227391026914
Latency: 0.09029438602738082
Latency: 0.08386250492185354
Latency: 0.08122737216763198
Latency: 0.08586774487048388
Latency: 0.0886493450962007
Latency: 0.08746173093095422
Latency: 0.08833293104544282
Latency: 0.08097190409898758
Latency: 0.08244114508852363
Latency: 0.08410344296135008
Latency: 0.08811721089296043
Latency: 0.08785486896522343
Latency: 0.09049463598057628
Latency: 0.09204028709791601
Latency: 0.09338718792423606
Latency: 0.09193461295217276
Latency: 0.08778230496682227
Latency: 0.08103779703378677
Latency: 0.08683389308862388
Latency: 0.08820999902673066
Latency: 0.08385969186201692
Latency: 0.12407205416820943
Latency: 0.12017652206122875
Latency: 0.12029508594423532
Latency: 0.12167679704725742
Latency: 0.12317231390625238
Latency: 0.12408466194756329
Latency: 0.13298520585522056
Latency: 0.1314331421162933
Latency: 0.13292434508912265
Latency: 0.13563880999572575
Latency: 0.1369653409346938
Latency: 0.13163343211635947
Latency: 0.09042665804736316
Latency: 0.08618092816323042
Latency: 0.09358681295998394
Latency: 0.09366089920513332
Latency: 0.08354756911285222
Latency: 0.08598769712261856
Latency: 0.0792628691997379
Latency: 0.08344746916554868
Latency: 0.08748799003660679
Latency: 0.09118153597228229
Latency: 0.08531414996832609
Latency: 0.08669004891999066
Latency: 0.08805803605355322
Latency: 0.08810641593299806
Latency: 0.09229808510281146
Latency: 0.09157182183116674
Latency: 0.08254191395826638
Latency: 0.08397999778389931
Latency: 0.08117494103498757
Latency: 0.08800854301080108
Latency: 0.0858159027993679
Latency: 0.07676401687785983
Latency: 0.07813922502100468
Latency: 0.07938601588830352
Latency: 0.08584155002608895
Latency: 0.08504190389066935
Latency: 0.0914608018938452
Latency: 0.09343454684130847
Latency: 0.09488472784869373
Latency: 0.09741499391384423
Latency: 0.09899894008412957
Latency: 0.08459787187166512
Latency: 0.08382856589742005
Latency: 0.08521448099054396
Latency: 0.08572771516628563
Latency: 0.09594634105451405
Latency: 0.08300378313288093
Latency: 0.08103104284964502
Latency: 0.08543784311041236
Latency: 0.08354221587069333
Latency: 0.09227969194762409
Latency: 0.08940247306600213
Latency: 0.08927086903713644
Latency: 0.09074701508507133
Latency: 0.09216884104534984
Latency: 0.09092621481977403
Latency: 0.09334763395600021
Latency: 0.09146059909835458
Latency: 0.08040126692503691
Latency: 0.08181201783008873
Latency: 0.08326372597366571
Latency: 0.09576880792155862
Latency: 0.0811747380066663
Latency: 0.07841432793065906
Latency: 0.07796283299103379
Latency: 0.07923464011400938
Latency: 0.08072328311391175
Latency: 0.08590350905433297
Latency: 0.09154358296655118
Latency: 0.0890424179378897
Latency: 0.09048856794834137
Latency: 0.09192461497150362
Latency: 0.09820626606233418
Latency: 0.08209519204683602
Latency: 0.08001214195974171
Latency: 0.0885609989054501
Latency: 0.08998372382484376
Latency: 0.08596762386150658
Latency: 0.08361472794786096
Latency: 0.0760063580237329
Latency: 0.07970362110063434
Latency: 0.08513334090821445
Latency: 0.08933683601208031
Latency: 0.09137987997382879
Latency: 0.08837795280851424
Latency: 0.09021228295750916
Latency: 0.09149319492280483
Latency: 0.09866065601818264
Latency: 0.09431698312982917
Latency: 0.08124693809077144
Latency: 0.08265627198852599
Latency: 0.07966934191063046
Latency: 0.08440918498672545
Latency: 0.08562992792576551
Latency: 0.07959252409636974
Latency: 0.08311572507955134
Latency: 0.08396346517838538
Latency: 0.08539510797709227
Latency: 0.0860925109591335
Latency: 0.08794255810789764
Latency: 0.09095602785237134
Latency: 0.09231938398443162
Latency: 0.09470419399440289
Latency: 0.09912086511030793
Latency: 0.08749904693104327
Latency: 0.07834110409021378
Latency: 0.0815733561757952
Latency: 0.08275936916470528
Latency: 0.08259378001093864
Latency: 0.11562952492386103
Latency: 0.10942651517689228
Latency: 0.11668230989016593
Latency: 0.11809303006157279
Latency: 0.11950117093510926
Latency: 0.12219604710116982
Latency: 0.11976417084224522
Latency: 0.12958346889354289
Latency: 0.12757357489317656
Latency: 0.13308726204559207
Latency: 0.08379437401890755
Latency: 0.08073728298768401
Latency: 0.08611878310330212
Latency: 0.0872275389265269
Latency: 0.0880095069296658
Latency: 0.08951553096994758
Latency: 0.07612774195149541
Latency: 0.0859809301327914
Latency: 0.08127115201205015
Latency: 0.08255300601013005
Latency: 0.08656312292441726
Latency: 0.08705184306018054
Latency: 0.09128202102147043
Latency: 0.08872106811031699
Latency: 0.09352634800598025
Latency: 0.07822534092701972
Latency: 0.0812416689004749
Latency: 0.08265644311904907
Latency: 0.08314229501411319
Latency: 0.08852931903675199
Latency: 0.08999093808233738
Latency: 0.09145501791499555
Latency: 0.07960683107376099
Latency: 0.08390667103230953
Latency: 0.08636476192623377
Latency: 0.09117180504836142
Latency: 0.09138939902186394
Latency: 0.09272224106825888
Latency: 0.08618355309590697
Latency: 0.08864835486747324
Latency: 0.09133813716471195
Latency: 0.08785293600521982
Latency: 0.08225039881654084
Latency: 0.08598209894262254
Latency: 0.08944018394686282
Latency: 0.08803733997046947
Latency: 0.08938175486400723
Latency: 0.09231765614822507
Latency: 0.08250931603834033
Latency: 0.08002981706522405
Latency: 0.08313547703437507
Latency: 0.08247560309246182
Latency: 0.08859582687728107
Latency: 0.09266339708119631
Latency: 0.09228814300149679
Latency: 0.09321992984041572
Latency: 0.08921041595749557
Latency: 0.0930716039147228
Latency: 0.08958064205944538
Latency: 0.08892143215052783
Latency: 0.08179157110862434
Latency: 0.08143028011545539
Latency: 0.08281763503327966
Latency: 0.0864915840793401
Latency: 0.08545065997168422
Latency: 0.07636563712731004
Latency: 0.08726965705864131
Latency: 0.08968661911785603
Latency: 0.08981183404102921
Latency: 0.08216606499627233
Latency: 0.09071604604832828
Latency: 0.08980721398256719
Latency: 0.09110256307758391
Latency: 0.08084969408810139
Latency: 0.08265619305893779
Latency: 0.08402257296256721
Latency: 0.08224876807071269
Latency: 0.08441667794249952
Latency: 0.08588182413950562
Latency: 0.09600945096462965
Latency: 0.07806234993040562
Latency: 0.08752877986989915
Latency: 0.08623920101672411
Latency: 0.08704796084202826
Latency: 0.0872651960235089
Latency: 0.08309543505311012
Latency: 0.08432354987598956
Latency: 0.0863204631023109
Latency: 0.0874639181420207
Latency: 0.08414136990904808
Latency: 0.08674014708958566
Latency: 0.08804897498339415
Latency: 0.08145970990881324
Latency: 0.08590813400223851
Latency: 0.08724767109379172
Latency: 0.08641289104707539
Latency: 0.08494761888869107
Latency: 0.08042818191461265
Latency: 0.08131244103424251
Latency: 0.08306291489861906
Latency: 0.08447213191539049
Latency: 0.08929079095833004
Latency: 0.08674479299224913
Latency: 0.08959738002158701
Latency: 0.09258606401272118
Latency: 0.08476794697344303
Latency: 0.08559784316457808
Latency: 0.08698611287400126
Latency: 0.11370278615504503
Latency: 0.1208831851836294
Latency: 0.12232940015383065
Latency: 0.12412822991609573
Latency: 0.12253313511610031
Latency: 0.11501644598320127
Latency: 0.11631332989782095
Latency: 0.11807161499746144
Latency: 0.11947253090329468
Latency: 0.11971228197216988
Latency: 0.08430019998922944
Latency: 0.08635653206147254
Latency: 0.09346488490700722
Latency: 0.0926256449893117
Latency: 0.0870785010047257
Latency: 0.08842418994754553
Latency: 0.08515374199487269
Latency: 0.08058506599627435
Latency: 0.09123420622199774
Latency: 0.08852833486162126
Latency: 0.0894589968957007
Latency: 0.07685019611380994
Latency: 0.08329222816973925
Latency: 0.08606472820974886
Latency: 0.08725335798226297
Latency: 0.08559584594331682
Latency: 0.08982492797076702
Latency: 0.09119085618294775
Latency: 0.09493130794726312
Latency: 0.08444504416547716
Latency: 0.08119510998949409
Latency: 0.08615786000154912
Latency: 0.08872258383780718
Latency: 0.09019581484608352
Latency: 0.09076615888625383
Latency: 0.09833831805735826
Latency: 0.08070360706187785
Latency: 0.07952147000469267
Latency: 0.08152424707077444
Latency: 0.0820995420217514
Latency: 0.08867096109315753
Latency: 0.09017524006776512
Latency: 0.09250875399447978
Latency: 0.09497178113088012
Latency: 0.09339624806307256
Latency: 0.07959366589784622
Latency: 0.08367635891772807
Latency: 0.08226532791741192
Latency: 0.08538531302474439
Latency: 0.0903129200451076
Latency: 0.09843213204294443
Latency: 0.08623706083744764
Latency: 0.0826370120048523
Latency: 0.08249891083687544
Latency: 0.0871022620704025
Latency: 0.08854438900016248
Latency: 0.09102427889592946
Latency: 0.0948278799187392
Latency: 0.09368079504929483
Latency: 0.09854514594189823
Latency: 0.08996131783351302
Latency: 0.08907695999369025
Latency: 0.08308519097045064
Latency: 0.08774464786984026
Latency: 0.0843809051439166
Latency: 0.08886913419701159
Latency: 0.09073546319268644
Latency: 0.07665277295745909
Latency: 0.08197719394229352
Latency: 0.08537653600797057
Latency: 0.08636949304491282
Latency: 0.08779497304931283
Latency: 0.09432701393961906
Latency: 0.09217026503756642
Latency: 0.09505152213387191
Latency: 0.09267256292514503
Latency: 0.08920006803236902
Latency: 0.07968528917990625
Latency: 0.08377791102975607
Latency: 0.08452520798891783
Latency: 0.08332899399101734
Latency: 0.08836401905864477
Latency: 0.08667804882861674
Latency: 0.08284419309347868
Latency: 0.08015577890910208
Latency: 0.08496366790495813
Latency: 0.08637098199687898
Latency: 0.08780216495506465
Latency: 0.08984343195334077
Latency: 0.09231569292023778
Latency: 0.09367134002968669
Latency: 0.08311360492371023
Latency: 0.08750634989701211
Latency: 0.08401033794507384
Latency: 0.08524330309592187
Latency: 0.08664153493009508
Latency: 0.08898130594752729
Latency: 0.09225408197380602
Latency: 0.09370901202782989
Latency: 0.07913757394999266
Latency: 0.09027779591269791
Latency: 0.08645019098185003
Latency: 0.08783038100227714
Latency: 0.08732217689976096
Latency: 0.095036496873945
Latency: 0.09093572618439794
Latency: 0.09484932804480195
Latency: 0.1193021449726075
Latency: 0.12248498597182333
Latency: 0.11139220395125449
Latency: 0.11403572303242981
Latency: 0.1195550449192524
Latency: 0.12238286784850061
Latency: 0.11970693012699485
Latency: 0.1271454649977386
Latency: 0.11965895094908774
Latency: 0.11484468006528914
Latency: 0.11631354596465826
Latency: 0.11771073518320918
Latency: 0.12090142513625324
Latency: 0.09188102791085839
Latency: 0.09510723082348704
Latency: 0.09201385895721614
Latency: 0.08808649703860283
Latency: 0.0787821370176971
Latency: 0.08011675695888698
Latency: 0.08149099186994135
Latency: 0.08990580402314663
Latency: 0.08968004886992276
Latency: 0.09140131715685129
Latency: 0.09086468094028533
Latency: 0.08268591808155179
Latency: 0.07951222988776863
Latency: 0.08283572178333998
Latency: 0.08410996105521917
Latency: 0.08917658496648073
Latency: 0.09236515103839338
Latency: 0.0948047018609941
Latency: 0.09031899715773761
Latency: 0.08309355797246099
Latency: 0.08325922698713839
Latency: 0.08460113708861172
Latency: 0.08598778303712606
Latency: 0.08855016389861703
Latency: 0.09384754509665072
Latency: 0.09196552284993231
Latency: 0.09337584907189012
Latency: 0.08292992995120585
Latency: 0.08434292301535606
Latency: 0.08508527209050953
Latency: 0.08879765192978084
Latency: 0.08663760987110436
Latency: 0.09574430482462049
Latency: 0.09604900097474456
Latency: 0.08613246912136674
Latency: 0.08297052793204784
Latency: 0.0838993180077523
Latency: 0.08640568284317851
Latency: 0.08756214007735252
Latency: 0.08747750404290855
Latency: 0.09347495203837752
Latency: 0.09357827203348279
Latency: 0.09837886109016836
Latency: 0.08070827508345246
Latency: 0.0858464720658958
Latency: 0.08719588816165924
Latency: 0.09234590805135667
Latency: 0.09386053588241339
Latency: 0.09024359588511288
Latency: 0.09031264507211745
Latency: 0.09162198705598712
Latency: 0.0889609269797802
Latency: 0.08062468306161463
Latency: 0.08551737293601036
Latency: 0.08694532280787826
Latency: 0.08938936097547412
Latency: 0.08731060195714235
Latency: 0.09642355120740831
Latency: 0.0886630080640316
Latency: 0.08966235886327922
Latency: 0.0865681548602879
Latency: 0.09000891214236617
Latency: 0.08636378706432879
Latency: 0.09067044802941382
Latency: 0.09044710220769048
Latency: 0.08902369695715606
Latency: 0.09049162291921675
Latency: 0.08688941691070795
Latency: 0.08590698288753629
Latency: 0.08586254389956594
Latency: 0.09027523198165
Latency: 0.08829177799634635
Latency: 0.08539392915554345
Latency: 0.08693911996670067
Latency: 0.08522865711711347
Latency: 0.08718658401630819
Latency: 0.08864095783792436
Latency: 0.08498969906941056
Latency: 0.08788621705025434
Latency: 0.0913688710425049
Latency: 0.0921474089846015
Latency: 0.08970457105897367
Latency: 0.08793697506189346
Latency: 0.08416578103788197
Latency: 0.08641738980077207
Latency: 0.08707787399180233
Latency: 0.09146894398145378
Latency: 0.08667982602491975
Latency: 0.09548761509358883
Latency: 0.08469277014955878
Latency: 0.08612415217794478
Latency: 0.08427620911970735
Latency: 0.09222365100868046
Latency: 0.08682680409401655
Latency: 0.12794812000356615
Latency: 0.12428544298745692
Latency: 0.1259717911016196
Latency: 0.12254054006189108
Latency: 0.11825347994454205
Latency: 0.11862573819234967
Latency: 0.12205664697103202
Latency: 0.12343039992265403
Latency: 0.12292207614518702
Latency: 0.12438026908785105
Latency: 0.12249462306499481
Latency: 0.12939926399849355
Latency: 0.13086715107783675
Latency: 0.09169837995432317
Latency: 0.09294563694857061
Latency: 0.09268945595249534
Latency: 0.08991920808330178
Latency: 0.09284172393381596
Latency: 0.10307680699042976
Latency: 0.0958968021441251
Latency: 0.09647486405447125
Latency: 0.08392232609912753
Latency: 0.08335257391445339
Latency: 0.09230675897561014
Latency: 0.09077294799499214
Latency: 0.09203919093124568
Latency: 0.08867788594216108
Latency: 0.08789059496484697
Latency: 0.0936569410841912
Latency: 0.08785317093133926
Latency: 0.07913646404631436
Latency: 0.08049187203869224
Latency: 0.08159779803827405
Latency: 0.08653771504759789
Latency: 0.08542484999634326
Latency: 0.0884105279110372
Latency: 0.08824687288142741
Latency: 0.08068915316835046
Latency: 0.0910490769892931
Latency: 0.08944124402478337
Latency: 0.08950749994255602
Latency: 0.09088011994026601
Latency: 0.09384541097097099
Latency: 0.08967176196165383
Latency: 0.08463246189057827
Latency: 0.08751201815903187
Latency: 0.08800846803933382
Latency: 0.08942321711219847
Latency: 0.09431775100529194
Latency: 0.0909588469658047
Latency: 0.08703282987698913
Latency: 0.08381458697840571
Latency: 0.08161560795269907
Latency: 0.08929511299356818
Latency: 0.08792927209287882
Latency: 0.08936110092326999
Latency: 0.08663532510399818
Latency: 0.0904612629674375
Latency: 0.0905252720694989
Latency: 0.0899352109991014
Latency: 0.08877352299168706
Latency: 0.0878470609895885
Latency: 0.08775546588003635
Latency: 0.09054879588074982
Latency: 0.09168839803896844
Latency: 0.09280677605420351
Latency: 0.08743209205567837
Latency: 0.08006103406660259
Latency: 0.08332029893063009
Latency: 0.08873340906575322
Latency: 0.08617251110263169
Latency: 0.08850632514804602
Latency: 0.08980704192072153
Latency: 0.09214836801402271
Latency: 0.08432204206474125
Latency: 0.08350814296863973
Latency: 0.08262647804804146
Latency: 0.08112333179451525
Latency: 0.08327140496112406
Latency: 0.08473436697386205
Latency: 0.08922389103099704
Latency: 0.094751195050776
Latency: 0.07432453404180706
Latency: 0.07584167295135558
Latency: 0.08800682798027992
Latency: 0.0855537480674684
Latency: 0.08592522912658751
Latency: 0.09039235697127879
Latency: 0.0917870809789747
Latency: 0.0959722341503948
Latency: 0.07948480709455907
Latency: 0.07693211501464248
Latency: 0.08448825497180223
Latency: 0.08435953501611948
Latency: 0.08549499302171171
Latency: 0.08693035203032196
Latency: 0.09257349697872996
Latency: 0.09405495482496917
Latency: 0.07955260900780559
Latency: 0.08701181411743164
Latency: 0.08062160899862647
Latency: 0.0833580531179905
Latency: 0.08754750015214086
Latency: 0.08832948608323932
Latency: 0.09070330113172531
Latency: 0.09214598685503006
Latency: 0.09407199290581048
Latency: 0.08222561795264482
Latency: 0.08504316210746765
Latency: 0.08446825295686722
Latency: 0.0822684948798269
Latency: 0.12197461002506316
Latency: 0.12856548698619008
Latency: 0.13135471008718014
Latency: 0.12609342811629176
Latency: 0.1274453450459987
Latency: 0.125786819960922
Latency: 0.12027797591872513
Latency: 0.12164990208111703
Latency: 0.12136568292044103
Latency: 0.12269028788432479
Latency: 0.1253910860978067
Latency: 0.08204333600588143
Latency: 0.07990661915391684
Latency: 0.08699950599111617
Latency: 0.08271353016607463
Latency: 0.08584326086565852
Latency: 0.0931217682082206
Latency: 0.09071989799849689
Latency: 0.09012827510014176
Latency: 0.09335553203709424
Latency: 0.0812742228154093
Latency: 0.08105718088336289
Latency: 0.08255196595564485
Latency: 0.08399868314154446
Latency: 0.08513578213751316
Latency: 0.08956215204671025
Latency: 0.09338447288610041
Latency: 0.09010542393662035
Latency: 0.08215005602687597
Latency: 0.08510201005265117
Latency: 0.08797005796805024
Latency: 0.08993572392500937
Latency: 0.08818401908501983
Latency: 0.09794436697848141
Latency: 0.09441711311228573
Latency: 0.08142468403093517
Latency: 0.07718358002603054
Latency: 0.08316585305146873
Latency: 0.08513041608966887
Latency: 0.08746577007696033
Latency: 0.0889964101370424
Latency: 0.08798047387972474
Latency: 0.09384528291411698
Latency: 0.08121183817274868
Latency: 0.08207623101770878
Latency: 0.08112372178584337
Latency: 0.08694017212837934
Latency: 0.08815528405830264
Latency: 0.08954442688263953
Latency: 0.08858077507466078
Latency: 0.09294290002435446
Latency: 0.08431184710934758
Latency: 0.09161867806687951
Latency: 0.08339327713474631
Latency: 0.0853732000105083
Latency: 0.08845105511136353
Latency: 0.08894601603969932
Latency: 0.08840243611484766
Latency: 0.09051054390147328
Latency: 0.0942013340536505
Latency: 0.0830128078814596
Latency: 0.08537340792827308
Latency: 0.08732478483580053
Latency: 0.08727808902040124
Latency: 0.09363912302069366
Latency: 0.09150723787024617
Latency: 0.09480282594449818
Latency: 0.08760645310394466
Latency: 0.08494328917004168
Latency: 0.08540099603123963
Latency: 0.08816410298459232
Latency: 0.08934051706455648
Latency: 0.09067270602099597
Latency: 0.08842391683720052
Latency: 0.08858545613475144
Latency: 0.09122628485783935
Latency: 0.08804236399009824
Latency: 0.08588921092450619
Latency: 0.08543281606398523
Latency: 0.08664581482298672
Latency: 0.08731111395172775
Latency: 0.08591046812944114
Latency: 0.0928604060318321
Latency: 0.08232409600168467
Latency: 0.08869100897572935
Latency: 0.08324918686412275
Latency: 0.08658398711122572
Latency: 0.09074015892110765
Latency: 0.09218442207202315
Latency: 0.09514165413565934
Latency: 0.0921777740586549
Latency: 0.08850280195474625
Latency: 0.08656009193509817
Latency: 0.08758307294920087
Latency: 0.08075551013462245
Latency: 0.08208115608431399
Latency: 0.08817766490392387
Latency: 0.09192267595790327
Latency: 0.08890587789937854
Latency: 0.07967377197928727
Latency: 0.0895694240462035
Latency: 0.08455356489866972
Latency: 0.08751464099623263
Latency: 0.0881349730771035
Latency: 0.08955646515823901
Latency: 0.09060395183041692
Latency: 0.09276179899461567
Latency: 0.08671393617987633
Latency: 0.08390786591917276
Latency: 0.11685095704160631
Latency: 0.11736069107428193
Latency: 0.12087544798851013
Latency: 0.12332324800081551
Latency: 0.12515189312398434
Latency: 0.12290600896812975
Latency: 0.11227149819023907
Latency: 0.1166069358587265
Latency: 0.12369788088835776
Latency: 0.12109232693910599
Latency: 0.12365889106877148
Latency: 0.12810734892264009
Latency: 0.12952336086891592
Latency: 0.13554777298122644
Latency: 0.08617008500732481
Latency: 0.08909373311325908
Latency: 0.0900808610022068
Latency: 0.08578518498688936
Latency: 0.0893513469491154
Latency: 0.09631356806494296
Latency: 0.08825653791427612
Latency: 0.09056950197555125
Latency: 0.08987108594737947
Latency: 0.08713847608305514
Latency: 0.08978633396327496
Latency: 0.09110341500490904
Latency: 0.08422253793105483
Latency: 0.0898450780659914
Latency: 0.08838405506685376
Latency: 0.09259288595058024
Latency: 0.08631417294964194
Latency: 0.08129407302476466
Latency: 0.08311723195947707
Latency: 0.08745663799345493
Latency: 0.08578010089695454
Latency: 0.08436675602570176
Latency: 0.08625306491740048
Latency: 0.08853223104961216
Latency: 0.08538261405192316
Latency: 0.08972878800705075
Latency: 0.08892305381596088
Latency: 0.09029239392839372
Latency: 0.08402496087364852
Latency: 0.08643186814151704
Latency: 0.09092315007001162
Latency: 0.09294699504971504
Latency: 0.0885346659924835
Latency: 0.08718571998178959
Latency: 0.0881777519825846
Latency: 0.08788902801461518
Latency: 0.09446248109452426
Latency: 0.09153232793323696
Latency: 0.08592296508140862
Latency: 0.08562179817818105
Latency: 0.085696053924039
Latency: 0.08741698297671974
Latency: 0.087115413043648
Latency: 0.08848661812953651
Latency: 0.09196206112392247
Latency: 0.09333143499679863
Latency: 0.09807785414159298
Latency: 0.08125340798869729
Latency: 0.08541067386977375
Latency: 0.07989032799378037
Latency: 0.08269224292598665
Latency: 0.08840081584639847
Latency: 0.08889968506991863
Latency: 0.08471260406076908
Latency: 0.07937904912978411
Latency: 0.08672952395863831
Latency: 0.08248261292465031
Latency: 0.08389078709296882
Latency: 0.08362246211618185
Latency: 0.08734374004416168
Latency: 0.09153831680305302
Latency: 0.09682515496388078
Latency: 0.09217442595399916
Latency: 0.08848104998469353
Latency: 0.0888254779856652
Latency: 0.08677142881788313
Latency: 0.08813324384391308
Latency: 0.08580718585290015
Latency: 0.08680673385970294
Latency: 0.08384863683022559
Latency: 0.08257831702940166
Latency: 0.0765413090121001
Latency: 0.07844497286714613
Latency: 0.0808063109871
Latency: 0.08767030318267643
Latency: 0.08904821495525539
Latency: 0.09064587601460516
Latency: 0.09164932719431818
Latency: 0.09669198282063007
Latency: 0.08034245693124831
Latency: 0.08420185302384198
Latency: 0.08487922791391611
Latency: 0.087287224130705
Latency: 0.08680522697977722
Latency: 0.09189680381678045
Latency: 0.09413838107138872
Latency: 0.07904523191973567
Latency: 0.08466137805953622
Latency: 0.08534099580720067
Latency: 0.08678127778694034
Latency: 0.08918123296462
Latency: 0.09266283409669995
Latency: 0.09411750687286258
Latency: 0.09649757808074355
Latency: 0.09399154712446034
Latency: 0.09214990912005305
Latency: 0.11956157512031496
Latency: 0.12092654616571963
Latency: 0.12434431305155158
Latency: 0.13426947500556707
Latency: 0.1345610679127276
Latency: 0.12821606593206525
Latency: 0.11383980303071439
Latency: 0.11756239295937121
Latency: 0.12210568506270647
Latency: 0.12572980113327503
Latency: 0.12233239994384348
Latency: 0.1237302920781076
Latency: 0.12662551598623395
Latency: 0.12966278102248907
Latency: 0.09079621289856732
Latency: 0.08289911015890539
Latency: 0.08343945699743927
Latency: 0.08753400202840567
Latency: 0.09021869185380638
Latency: 0.08660440589301288
Latency: 0.08804198796860874
Latency: 0.09383958112448454
Latency: 0.08378616184927523
Latency: 0.08251155796460807
Latency: 0.0869159980211407
Latency: 0.08362885797396302
Latency: 0.08773645013570786
Latency: 0.08885775599628687
Latency: 0.09277199790813029
Latency: 0.09399761306121945
Latency: 0.08673182316124439
Latency: 0.08341197296977043
Latency: 0.07664933102205396
Latency: 0.08730803010985255
Latency: 0.08717651898041368
Latency: 0.09342467994429171
Latency: 0.09587920806370676
Latency: 0.08645190205425024
Latency: 0.08635776699520648
Latency: 0.08491920912638307
Latency: 0.0841402830556035
Latency: 0.0888610240072012
Latency: 0.09025257010944188
Latency: 0.09154946892522275
Latency: 0.09112405404448509
Latency: 0.09252904588356614
Latency: 0.07961217616684735
Latency: 0.08501024590805173
Latency: 0.07703043892979622
Latency: 0.0818256139755249
Latency: 0.0866193538531661
Latency: 0.09958339505828917
Latency: 0.0951694929972291
Latency: 0.08228086493909359
Latency: 0.08092304994352162
Latency: 0.08420813595876098
Latency: 0.08871464105322957
Latency: 0.09000888606533408
Latency: 0.0914037509355694
Latency: 0.09281471883878112
Latency: 0.09514372097328305
Latency: 0.09928837115876377
Latency: 0.07952222903259099
Latency: 0.086971506010741
Latency: 0.0832251429092139
Latency: 0.07889964594505727
Latency: 0.08850479405373335
Latency: 0.08877776912413538
Latency: 0.09021160705015063
Latency: 0.08551099593751132
Latency: 0.08552828012034297
Latency: 0.08388216001912951
Latency: 0.08418697398155928
Latency: 0.0856594608630985
Latency: 0.08709414093755186
Latency: 0.09398705279454589
Latency: 0.09567802399396896
Latency: 0.09671763493679464
Latency: 0.08237489406019449
Latency: 0.08380568190477788
Latency: 0.08518994296900928
Latency: 0.08931270986795425
Latency: 0.0870017500128597
Latency: 0.0871519991196692
Latency: 0.09334099083207548
Latency: 0.08177954982966185
Latency: 0.08687024703249335
Latency: 0.08607137808576226
Latency: 0.08747328701429069
Latency: 0.08880262402817607
Latency: 0.09145836788229644
Latency: 0.09041166212409735
Latency: 0.0947576710022986
Latency: 0.09386763605289161
Latency: 0.0858782350551337
Latency: 0.0779713939409703
Latency: 0.08553551603108644
Latency: 0.08837331715039909
Latency: 0.09581438102759421
Latency: 0.08292740606702864
Latency: 0.08359902701340616
Latency: 0.08423255197703838
Latency: 0.08333252812735736
Latency: 0.0847247380297631
Latency: 0.08612535218708217
Latency: 0.08992522791959345
Latency: 0.09116244199685752
Latency: 0.09170072386041284
Latency: 0.09163335687480867
Latency: 0.09500361396931112
Latency: 0.08238877006806433
Latency: 0.11579220090061426
Latency: 0.12042986112646759
Latency: 0.1229712599888444
Latency: 0.12987046595662832
Latency: 0.11516090901568532
Latency: 0.12211815896444023
Latency: 0.11912160809151828
Latency: 0.12162334099411964
Latency: 0.12278694310225546
Latency: 0.1265515829436481
Latency: 0.12732324213720858
Latency: 0.1287653271574527
Latency: 0.12849739496596158
Latency: 0.12772723706439137
Latency: 0.09281237400136888
Latency: 0.09063210897147655
Latency: 0.08544234395958483
Latency: 0.0847244739998132
Latency: 0.08641857700422406
Latency: 0.08901241491548717
Latency: 0.07756991684436798
Latency: 0.08168645505793393
Latency: 0.081497194012627
Latency: 0.08286519884131849
Latency: 0.0856027789413929
Latency: 0.08528678701259196
Latency: 0.08669161796569824
Latency: 0.09002734115347266
Latency: 0.0916920171584934
Latency: 0.09326636185869575
Latency: 0.09692241298034787
Latency: 0.08322685793973505
Latency: 0.07714369893074036
Latency: 0.07851917599327862
Latency: 0.09011893789283931
Latency: 0.0928586209192872
Latency: 0.08038255292922258
Latency: 0.08614955889061093
Latency: 0.0834447608795017
Latency: 0.08593331906013191
Latency: 0.0855509948451072
Latency: 0.08689503092318773
Latency: 0.08916910202242434
Latency: 0.09059567796066403
Latency: 0.09462615684606135
Latency: 0.09872349421493709
Latency: 0.08103920496068895
Latency: 0.0799535010010004
Latency: 0.08135747304186225
Latency: 0.08233516500331461
Latency: 0.09128995216451585
Latency: 0.09059670218266547
Latency: 0.08050520811229944
Latency: 0.08491170220077038
Latency: 0.08637569518759847
Latency: 0.08528270595706999
Latency: 0.08788037300109863
Latency: 0.08925629989244044
Latency: 0.09182859095744789
Latency: 0.09489406808279455
Latency: 0.09389611310325563
Latency: 0.09863204089924693
Latency: 0.08367786696180701
Latency: 0.07816278608515859
Latency: 0.08378457091748714
Latency: 0.08629981707781553
Latency: 0.09316783188842237
Latency: 0.08012307900935411
Latency: 0.0816143648698926
Latency: 0.08203514805063605
Latency: 0.08640853594988585
Latency: 0.08779644989408553
Latency: 0.08730421285144985
Latency: 0.09009102592244744
Latency: 0.09155465685762465
Latency: 0.09206128097139299
Latency: 0.09525652904994786
Latency: 0.09596350812353194
Latency: 0.0797074141446501
Latency: 0.08009948115795851
Latency: 0.08289346192032099
Latency: 0.08402640908025205
Latency: 0.09143741917796433
Latency: 0.0820787597913295
Latency: 0.0815830398350954
Latency: 0.08514744299463928
Latency: 0.08513052412308753
Latency: 0.0864889519289136
Latency: 0.09080430679023266
Latency: 0.09091511997394264
Latency: 0.08795090881176293
Latency: 0.09121409594081342
Latency: 0.0989875951781869
Latency: 0.09624380804598331
Latency: 0.09352456801570952
Latency: 0.07936187507584691
Latency: 0.08205447089858353
Latency: 0.08343272795900702
Latency: 0.08859066711738706
Latency: 0.08916826196946204
Latency: 0.07917717192322016
Latency: 0.0786560068372637
Latency: 0.08246370288543403
Latency: 0.08389073400758207
Latency: 0.08394353906624019
Latency: 0.08592992997728288
Latency: 0.0873936431016773
Latency: 0.09049013094045222
Latency: 0.08945974195376039
Latency: 0.13295120396651328
Latency: 0.13675158098340034
Latency: 0.11661010282114148
Latency: 0.11802547192201018
Latency: 0.12850929494015872
Latency: 0.125782520044595
Latency: 0.11637155106291175
Latency: 0.11311185592785478
Latency: 0.11453293985687196
Latency: 0.11579253198578954
Latency: 0.12080785701982677
Latency: 0.12210050714202225
Latency: 0.08463117596693337
Latency: 0.08610282395966351
Latency: 0.08951046597212553
Latency: 0.0909243319183588
Latency: 0.08938863989897072
Latency: 0.09030116605572402
Latency: 0.0793108840007335
Latency: 0.08574050897732377
Latency: 0.08952156500890851
Latency: 0.0912807087879628
Latency: 0.08636632608249784
Latency: 0.07892162282951176
Latency: 0.0818619669880718
Latency: 0.08115284400992095
Latency: 0.08471184805966914
Latency: 0.08884459687396884
Latency: 0.08605429204180837
Latency: 0.09275883296504617
Latency: 0.08971469500102103
Latency: 0.09238078002817929
Latency: 0.09118759515695274
Latency: 0.08318619686178863
Latency: 0.08322840090841055
Latency: 0.08425885485485196
Latency: 0.09248378500342369
Latency: 0.0876282430253923
Latency: 0.08926695608533919
Latency: 0.08601917210035026
Latency: 0.0845202230848372
Latency: 0.09044139692559838
Latency: 0.08909106813371181
Latency: 0.08454445004463196
Latency: 0.08753085788339376
Latency: 0.08669869392178953
Latency: 0.08613651408813894
Latency: 0.09391178702935576
Latency: 0.08927525882609189
Latency: 0.08343952894210815
Latency: 0.08186055300757289
Latency: 0.08704493590630591
Latency: 0.08538481104187667
Latency: 0.08333292999304831
Latency: 0.08978633605875075
Latency: 0.08581277099438012
Latency: 0.0866381130181253
Latency: 0.09039391600526869
Latency: 0.09341507311910391
Latency: 0.08495083195157349
Latency: 0.0849087880924344
Latency: 0.08776572300121188
Latency: 0.089182467199862
Latency: 0.08962558209896088
Latency: 0.08686314919032156
Latency: 0.07955426000989974
Latency: 0.08096729009412229
Latency: 0.08371142111718655
Latency: 0.08515596319921315
Latency: 0.08836675598286092
Latency: 0.09041296504437923
Latency: 0.08643617713823915
Latency: 0.08785708202049136
Latency: 0.08706613793037832
Latency: 0.08626985899172723
Latency: 0.08373340894468129
Latency: 0.08737958804704249
Latency: 0.08837439818307757
Latency: 0.08982389513403177
Latency: 0.09154312196187675
Latency: 0.08531678398139775
Latency: 0.07732498599216342
Latency: 0.08197570079937577
Latency: 0.0824428501073271
Latency: 0.08388343290425837
Latency: 0.08525565802119672
Latency: 0.09240332385525107
Latency: 0.08522564498707652
Latency: 0.09094401891343296
Latency: 0.07739161211065948
Latency: 0.08179162605665624
Latency: 0.08421823289245367
Latency: 0.09188175993040204
Latency: 0.08658689795993268
Latency: 0.08814356592483819
Latency: 0.09510054718703032
Latency: 0.09854678506962955
Latency: 0.08508054399862885
Latency: 0.08135052002035081
Latency: 0.08334476500749588
Latency: 0.08872749586589634
Latency: 0.08789464691653848
Latency: 0.09309718199074268
Latency: 0.08728858781978488
Latency: 0.08061513514257967
Latency: 0.12368171010166407
Latency: 0.12232738197781146
Latency: 0.12298039416782558
Latency: 0.12718558916822076
Latency: 0.12791586806997657
Latency: 0.13073675404302776
Latency: 0.12890273379161954
Latency: 0.13056783401407301
Latency: 0.11919407406821847
Latency: 0.12059892993420362
Latency: 0.12244267202913761
Latency: 0.12694245297461748
Latency: 0.13190210610628128
Latency: 0.08936812495812774
Latency: 0.08566957409493625
Latency: 0.08714165980927646
Latency: 0.08584950189106166
Latency: 0.08351767086423934
Latency: 0.08805302414111793
Latency: 0.09414249984547496
Latency: 0.09556404780596495
Latency: 0.09591091400943696
Latency: 0.09552440396510065
Latency: 0.09626249107532203
Latency: 0.08529216307215393
Latency: 0.08655631891451776
Latency: 0.0867823010776192
Latency: 0.09052603412419558
Latency: 0.09638160793110728
Latency: 0.09373070392757654
Latency: 0.08458501100540161
Latency: 0.09014103980734944
Latency: 0.08671654784120619
Latency: 0.09022309095598757
Latency: 0.09168672515079379
Latency: 0.08991943905130029
Latency: 0.09135010605677962
Latency: 0.09115584497340024
Latency: 0.09541426203213632
Latency: 0.09370640106499195
Latency: 0.09026063000783324
Latency: 0.09172786795534194
Latency: 0.08573306584730744
Latency: 0.09386363788507879
Latency: 0.09297750401310623
Latency: 0.08866928494535387
Latency: 0.08485390897840261
Latency: 0.08522679493762553
Latency: 0.0903170860838145
Latency: 0.0886619680095464
Latency: 0.08845131914131343
Latency: 0.09149426105432212
Latency: 0.09375983919017017
Latency: 0.09514067694544792
Latency: 0.09598625404760242
Latency: 0.0967808160930872
Latency: 0.08070432906970382
Latency: 0.08839099993929267
Latency: 0.08321240404620767
Latency: 0.09328967798501253
Latency: 0.09176457999274135
Latency: 0.09329160396009684
Latency: 0.0846285920124501
Latency: 0.08562702499330044
Latency: 0.08476891811005771
Latency: 0.08636025479063392
Latency: 0.08518353500403464
Latency: 0.08653521095402539
Latency: 0.09055048390291631
Latency: 0.09209591615945101
Latency: 0.09697397309355438
Latency: 0.1003452988807112
Latency: 0.08914824086241424
Latency: 0.08461630903184414
Latency: 0.09099486004561186
Latency: 0.08865417609922588
Latency: 0.0882073079701513
Latency: 0.09396653599105775
Latency: 0.08735083602368832
Latency: 0.08881731587462127
Latency: 0.08266017399728298
Latency: 0.08412897097878158
Latency: 0.08483391092158854
Latency: 0.08917676284909248
Latency: 0.08948292303830385
Latency: 0.09362466307356954
Latency: 0.10107010090723634
Latency: 0.09690406499430537
Latency: 0.08841006108559668
Latency: 0.0887967529706657
Latency: 0.09104674914851785
Latency: 0.09084919421002269
Latency: 0.09921158687211573
Latency: 0.09998836391605437
Latency: 0.08084628102369606
Latency: 0.08223675400950015
Latency: 0.08253225916996598
Latency: 0.0848845939617604
Latency: 0.08627044106833637
Latency: 0.08925367286428809
Latency: 0.09146842593327165
Latency: 0.09275046293623745
Latency: 0.09821519302204251
Latency: 0.0987586691044271
Latency: 0.08157837809994817
Latency: 0.0906266369856894
Latency: 0.08781997603364289
Latency: 0.08888275013305247
Latency: 0.131959032965824
Latency: 0.1351249178405851
Latency: 0.11952803400345147
Latency: 0.12296736799180508
Latency: 0.1243738520424813
Latency: 0.12681129481643438
Latency: 0.13225678098388016
Latency: 0.1264433281030506
Latency: 0.1312026239465922
Latency: 0.13322919188067317
Latency: 0.12755206390284002
Latency: 0.13325338694266975
Latency: 0.08352169604040682
Latency: 0.08421904896385968
Latency: 0.0941099829506129
Latency: 0.09433438396081328
Latency: 0.08718386106193066
Latency: 0.08717260998673737
Latency: 0.0837024780921638
Latency: 0.08478637994267046
Latency: 0.08628104301169515
Latency: 0.09409189713187516
Latency: 0.09364107507281005
Latency: 0.09061310580000281
Latency: 0.09405197994783521
Latency: 0.09636926907114685
Latency: 0.09174736612476408
Latency: 0.09253580984659493
Latency: 0.08235565898939967
Latency: 0.08297117589972913
Latency: 0.09298296296037734
Latency: 0.09329461795277894
Latency: 0.09394056093879044
Latency: 0.0894703078083694
Latency: 0.08311847015284002
Latency: 0.08445590198971331
Latency: 0.0873205061070621
Latency: 0.09192128689028323
Latency: 0.08581447089090943
Latency: 0.0877614258788526
Latency: 0.09105432289652526
Latency: 0.0931383790448308
Latency: 0.09395933104678988
Latency: 0.09714148310013115
Latency: 0.08525846898555756
Latency: 0.08671851200051606
Latency: 0.09066626592539251
Latency: 0.09091213089413941
Latency: 0.09069329802878201
Latency: 0.0912530969362706
Latency: 0.08492345898412168
Latency: 0.08628798089921474
Latency: 0.08889795211143792
Latency: 0.0904475161805749
Latency: 0.08798977616243064
Latency: 0.08958460297435522
Latency: 0.09095322689972818
Latency: 0.09789514495059848
Latency: 0.09224180900491774
Latency: 0.09498489112593234
Latency: 0.08359279087744653
Latency: 0.08508836198598146
Latency: 0.09213755605742335
Latency: 0.08702775905840099
Latency: 0.09169445396400988
Latency: 0.08895506989210844
Latency: 0.08097387687303126
Latency: 0.08238628506660461
Latency: 0.09325740509666502
Latency: 0.09226393001154065
Latency: 0.08696667198091745
Latency: 0.08835775102488697
Latency: 0.08975074905902147
Latency: 0.08939105900935829
Latency: 0.08435715199448168
Latency: 0.08578137098811567
Latency: 0.08392114192247391
Latency: 0.09422479989007115
Latency: 0.08986058691516519
Latency: 0.08868490206077695
Latency: 0.08686915412545204
Latency: 0.0857181940227747
Latency: 0.08016260201111436
Latency: 0.09062115289270878
Latency: 0.08812592993490398
Latency: 0.08219127007760108
Latency: 0.0828188348095864
Latency: 0.08675681799650192
Latency: 0.09163535293191671
Latency: 0.08993997890502214
Latency: 0.08694235002622008
Latency: 0.08823559898883104
Latency: 0.08424048684537411
Latency: 0.0867780561093241
Latency: 0.09175767400301993
Latency: 0.08732688589952886
Latency: 0.08915126882493496
Latency: 0.08269384503364563
Latency: 0.08410010882653296
Latency: 0.08722390397451818
Latency: 0.09077382902614772
Latency: 0.09103029198013246
Latency: 0.08739027194678783
Latency: 0.09091347502544522
Latency: 0.09334353101439774
Latency: 0.09010051400400698
Latency: 0.09465124597772956
Latency: 0.09603870403952897
Latency: 0.08690243307501078
Latency: 0.08423252101056278
Latency: 0.08562967600300908
Latency: 0.1269705039449036
Latency: 0.12395457597449422
Latency: 0.13084605103358626
Latency: 0.1219620699994266
Latency: 0.12235246086493134
Latency: 0.12401039991527796
Latency: 0.12571441195905209
Latency: 0.1272119670175016
Latency: 0.1297181691043079
Latency: 0.1334918539505452
Latency: 0.12777083204127848
Latency: 0.12112865201197565
Latency: 0.12265633582137525
Latency: 0.08745789295062423
Latency: 0.08528335485607386
Latency: 0.09004129306413233
Latency: 0.08912075497210026
Latency: 0.08537720004096627
Latency: 0.08623048313893378
Latency: 0.08398694382049143
Latency: 0.08538209297694266
Latency: 0.0859958881046623
Latency: 0.08724269992671907
Latency: 0.0913153497967869
Latency: 0.09233695408329368
Latency: 0.09550198400393128
Latency: 0.0943598470184952
Latency: 0.08083830494433641
Latency: 0.08493368304334581
Latency: 0.09304814203642309
Latency: 0.09067590604536235
Latency: 0.08971004094928503
Latency: 0.0900981449522078
Latency: 0.09156294097192585
Latency: 0.09080100199207664
Latency: 0.08115081605501473
Latency: 0.08654375979676843
Latency: 0.09366598702035844
Latency: 0.09113801619969308
Latency: 0.0890643559396267
Latency: 0.09347096690908074
Latency: 0.09270002599805593
Latency: 0.0884786481037736
Latency: 0.08546545007266104
Latency: 0.08821131801232696
Latency: 0.09114592801779509
Latency: 0.09020525706000626
Latency: 0.0930823739618063
Latency: 0.09928539604879916
Latency: 0.08989956905134022
Latency: 0.09128339099697769
Latency: 0.08790485095232725
Latency: 0.08923482103273273
Latency: 0.09268032712861896
Latency: 0.09760433179326355
Latency: 0.09961554082110524
Latency: 0.10488948202691972
