Latency: 0.9343507830053568
Latency: 0.8677105710376054
Latency: 0.8127266939263791
Latency: 0.8324442768935114
Latency: 0.8324624788947403
Latency: 0.8393186838366091
Latency: 0.9056833640206605
Latency: 0.8299014309886843
Latency: 0.8184073660522699
Latency: 0.8111514921765774
Latency: 0.8306554590817541
Latency: 0.8292969120666385
Latency: 0.9345521149225533
Latency: 0.855137123959139
Latency: 0.893099128967151
Latency: 0.8938248490449041
Latency: 0.9621327719651163
Latency: 0.8771880979184061
Latency: 0.8881461170967668
Latency: 0.8378144670277834
Latency: 0.831549207912758
Latency: 0.8168971228878945
Latency: 0.8175653640646487
Latency: 0.8391476990655065
Latency: 0.8137942180037498
Latency: 0.8363816251512617
Latency: 0.8363151769153774
Latency: 0.8318142089992762
