Latency: 0.9329069880768657
Latency: 0.8332182869780809
Latency: 0.8254025559872389
Latency: 0.8241578580345958
Latency: 0.8189431100618094
Latency: 0.8344065949786454
Latency: 0.8210849419701844
Latency: 0.8363481259439141
Latency: 0.8280860790982842
Latency: 0.8395410152152181
Latency: 0.8259498029947281
Latency: 0.8173316610045731
Latency: 0.8284165170043707
Latency: 0.8251728829927742
Latency: 0.8411102478858083
Latency: 0.8240910130552948
Latency: 0.8201094409450889
Latency: 0.826832982013002
Latency: 0.8264456160832196
Latency: 0.8233823888003826
