Latency: 0.9197708151768893
Latency: 0.9251919488888234
Latency: 0.926276994869113
Latency: 0.9304351580794901
Latency: 0.9343528829049319
Latency: 0.9327238611876965
Latency: 0.9416391791310161
Latency: 0.9450038601644337
Latency: 0.8129113828763366
Latency: 0.8233380699530244
Latency: 0.8212430831044912
Latency: 0.8072563030291349
Latency: 0.8371991079766303
Latency: 0.8352692439220846
Latency: 0.8377339190337807
Latency: 0.8301459150388837
Latency: 0.8219544771127403
Latency: 0.822603345150128
Latency: 0.8308369498699903
Latency: 0.8277406070847064
Latency: 0.8167727480176836
Latency: 0.8251206870190799
Latency: 0.8250003880821168
Latency: 0.8336791470646858
Latency: 0.8192068489734083
Latency: 0.837634907104075
Latency: 0.8315158279146999
Latency: 0.8304415601305664
Latency: 0.8315588440746069
Latency: 0.8341031109448522
Latency: 0.8480526909697801
Latency: 0.8310138420201838
Latency: 0.836296206805855
Latency: 0.8285924289375544
Latency: 0.8353261791635305
Latency: 0.8391125320922583
Latency: 0.8239952349103987
Latency: 0.8146930867806077
Latency: 0.8303786071483046
Latency: 0.8411370241083205
Latency: 0.8371816021390259
Latency: 0.8248833799734712
Latency: 0.824052297975868
Latency: 0.8337771219667047
Latency: 0.8216995231341571
Latency: 0.8306041830219328
Latency: 0.8255008370615542
Latency: 0.8207751479931176
Latency: 0.8327001549769193
Latency: 0.8315563860815018
Latency: 0.8380922330543399
Latency: 0.8211339369881898
Latency: 0.8303789510391653
Latency: 0.8209980980027467
Latency: 0.8253660269547254
Latency: 0.8265656179282814
Latency: 0.8219161699526012
Latency: 0.82716931309551
Latency: 0.8237225799821317
Latency: 0.8224150270689279
Latency: 0.8292986350134015
Latency: 0.8283334779553115
Latency: 0.8240237021818757
Latency: 0.8309988330584019
Latency: 0.8279277810361236
Latency: 0.8288643099367619
Latency: 0.8331437420565635
Latency: 0.8245095198508352
Latency: 0.8282617661170661
Latency: 0.8341712639667094
Latency: 0.8378342611249536
Latency: 0.8337066799867898
Latency: 0.8331508769188076
Latency: 0.8257624809630215
Latency: 0.8347250279039145
Latency: 0.8291362971067429
Latency: 0.8414590668398887
Latency: 0.8401007140055299
Latency: 0.8362769768573344
Latency: 0.8163750488311052
Latency: 0.8097449170891196
Latency: 0.816847993992269
Latency: 0.8140011171344668
Latency: 0.8294265810400248
Latency: 0.8268203949555755
Latency: 0.8189947260543704
Latency: 0.8346243458800018
Latency: 0.8255629888735712
Latency: 0.8205406931228936
Latency: 0.82303372095339
Latency: 0.8272562839556485
Latency: 0.8387168210465461
Latency: 0.8301670500077307
Latency: 0.8358245550189167
Latency: 0.812067124992609
Latency: 0.8386759678833187
Latency: 0.8415400378871709
Latency: 0.8308136828709394
Latency: 0.8161737630143762
Latency: 0.8368080819491297
Latency: 0.8134761739056557
Latency: 0.83467434393242
Latency: 0.8334213211201131
Latency: 0.8422786220908165
Latency: 0.8405957948416471
Latency: 0.8301922120153904
Latency: 0.8346500750631094
Latency: 0.8419063901528716
Latency: 0.827371730003506
Latency: 0.8322584049310535
Latency: 0.8424090479966253
Latency: 0.826845376053825
Latency: 0.8139451139140874
Latency: 0.8215459662023932
Latency: 0.8375687589868903
Latency: 0.830978981917724
Latency: 0.8302268320694566
Latency: 0.8413055229466408
Latency: 0.8264627649914473
Latency: 0.819957235828042
Latency: 0.8262177500873804
Latency: 0.8197227239143103
Latency: 0.821965450188145
Latency: 0.8204621381592005
Latency: 0.8328667890746146
Latency: 0.8195532220415771
Latency: 0.8278231529984623
Latency: 0.8269022079184651
Latency: 0.8212828449904919
Latency: 0.8336127488873899
Latency: 0.8286458409857005
Latency: 0.8326285819057375
Latency: 0.831289759837091
Latency: 0.8333706629928201
Latency: 0.8270362089388072
Latency: 0.8411043328233063
Latency: 0.8243076549842954
Latency: 0.8200142630375922
Latency: 0.8253713520243764
Latency: 0.8314932370558381
Latency: 0.8468683110550046
Latency: 0.8309917070437223
Latency: 0.8309483691118658
Latency: 0.8470129310153425
Latency: 0.8213473791256547
Latency: 0.8314641700126231
Latency: 0.8212579130195081
Latency: 0.8122630368452519
Latency: 0.8382173129357398
Latency: 0.8417143640108407
Latency: 0.8315841930452734
Latency: 0.8492040550336242
Latency: 0.8253411881159991
Latency: 0.8388785859569907
Latency: 0.8199715348891914
Latency: 0.8350166718009859
Latency: 0.8272921522147954
Latency: 0.8308816060889512
Latency: 0.8324853591620922
Latency: 0.8341697088908404
