Latency: 0.9401848630513996
Latency: 0.83872051211074
Latency: 0.8451080510858446
Latency: 0.8281273411121219
Latency: 0.8361199309583753
Latency: 0.8400261870119721
Latency: 0.8457137919031084
Latency: 0.8379437969997525
Latency: 0.8327904629986733
Latency: 0.8303894801065326
Latency: 0.8424556071404368
Latency: 0.8238853320945054
Latency: 0.8230211308691651
Latency: 0.836491844849661
Latency: 0.8409712400753051
Latency: 0.8334572480525821
Latency: 0.8466975369956344
Latency: 0.8404929260723293
Latency: 0.8173277748282999
Latency: 0.8256038930267096
Latency: 0.8450764999724925
Latency: 0.8352727959863842
Latency: 0.852501082001254
Latency: 0.835285915993154
Latency: 0.8313434890005738
Latency: 0.8380843999329954
Latency: 0.8293482000008225
Latency: 0.8281870509963483
Latency: 0.8414377579465508
