Latency: 0.9392043938860297
Latency: 0.8361818860284984
Latency: 0.8213859309908003
Latency: 0.8367829769849777
Latency: 0.8369248991366476
Latency: 0.8233870440162718
Latency: 0.8250546348281205
Latency: 0.8275287779979408
Latency: 0.8322179780807346
Latency: 0.8345412979833782
Latency: 0.8492686010431498
Latency: 0.8707400129642338
Latency: 0.8528452580794692
Latency: 0.845972778974101
Latency: 0.8287708000279963
Latency: 0.8415049051400274
Latency: 0.8420418479945511
Latency: 0.8379160789772868
Latency: 0.833101297961548
Latency: 0.8431300839874893
Latency: 0.8352954520378262
Latency: 0.8298766959924251
Latency: 0.8466677288524806
Latency: 0.8447230670135468
Latency: 0.8427786699030548
Latency: 0.832131563918665
Latency: 0.828495834954083
Latency: 0.8493931950069964
Latency: 0.8348212339915335
