Latency: 0.0198798980563879
Latency: 0.023248601937666535
Latency: 0.023212224012240767
Latency: 0.02503111003898084
Latency: 0.01828480721451342
Latency: 0.020287140039727092
Latency: 0.02210947102867067
Latency: 0.024753174046054482
Latency: 0.020116378786042333
Latency: 0.023034221027046442
Latency: 0.023630086099728942
Latency: 0.022970610996708274
Latency: 0.019379167119041085
Latency: 0.02083036699332297
Latency: 0.023021881002932787
Latency: 0.020714392885565758
Latency: 0.021747177932411432
Latency: 0.022658761125057936
Latency: 0.024605151964351535
Latency: 0.024945442099124193
Latency: 0.017006041947752237
Latency: 0.02109625213779509
Latency: 0.023627362912520766
Latency: 0.02022526296786964
Latency: 0.02167575480416417
Latency: 0.021450544940307736
Latency: 0.02016344084404409
Latency: 0.020906981080770493
Latency: 0.021597916027531028
Latency: 0.023604085901752114
Latency: 0.022649476071819663
Latency: 0.021132782101631165
Latency: 0.022164133843034506
Latency: 0.021733047207817435
Latency: 0.020550627959892154
Latency: 0.023208366008475423
Latency: 0.019139025127515197
Latency: 0.02091250498779118
Latency: 0.020568510983139277
Latency: 0.018003429984673858
Latency: 0.021581048145890236
Latency: 0.022756085032597184
Latency: 0.020744076929986477
Latency: 0.02218221896328032
Latency: 0.021037471015006304
Latency: 0.023818418849259615
Latency: 0.02112654922530055
Latency: 0.020068610087037086
Latency: 0.021965214051306248
Latency: 0.021736563881859183
Latency: 0.021665932843461633
Latency: 0.023240535985678434
Latency: 0.02236668299883604
Latency: 0.020413303980603814
Latency: 0.022066618781536818
Latency: 0.02262833109125495
Latency: 0.021711272187530994
Latency: 0.019969413056969643
Latency: 0.02235676907002926
Latency: 0.022867223946377635
Latency: 0.02150592184625566
Latency: 0.02115939510986209
Latency: 0.021423015045002103
Latency: 0.023776325164362788
Latency: 0.02043731906451285
Latency: 0.021177521906793118
Latency: 0.02117619407363236
Latency: 0.022695089923217893
Latency: 0.019992243964225054
Latency: 0.022377335000783205
Latency: 0.021057935198768973
Latency: 0.021558240056037903
Latency: 0.02238211198709905
Latency: 0.024394007166847587
Latency: 0.022087946999818087
Latency: 0.020345085998997092
Latency: 0.02140305796638131
Latency: 0.01963876816444099
Latency: 0.021893994882702827
Latency: 0.023164628073573112
Latency: 0.02044222503900528
Latency: 0.02231272985227406
Latency: 0.019867195980623364
Latency: 0.02130613918416202
Latency: 0.022176100872457027
Latency: 0.018234260147437453
Latency: 0.020147403003647923
Latency: 0.02311289799399674
Latency: 0.02231122087687254
Latency: 0.020021664910018444
Latency: 0.019311432959511876
Latency: 0.021391812013462186
Latency: 0.022847458021715283
Latency: 0.020799949998036027
Latency: 0.022832127986475825
Latency: 0.023140877950936556
Latency: 0.020081283058971167
Latency: 0.021259061060845852
Latency: 0.021198238944634795
Latency: 0.020577422808855772
Latency: 0.018737027887254953
Latency: 0.021742556942626834
Latency: 0.021946960128843784
Latency: 0.021795267006382346
Latency: 0.022761066909879446
Latency: 0.021717529045417905
Latency: 0.020879579009488225
Latency: 0.022307806881144643
Latency: 0.022129355231299996
Latency: 0.021493666106835008
Latency: 0.02060852199792862
Latency: 0.022866503102704883
Latency: 0.02617174992337823
Latency: 0.022129605058580637
Latency: 0.02301899087615311
Latency: 0.024557532975450158
Latency: 0.04531130497343838
Latency: 0.04461379488930106
Latency: 0.04474256816320121
Latency: 0.045030576875433326
Latency: 0.022427526069805026
Latency: 0.025687985820695758
Latency: 0.026269536931067705
Latency: 0.02829348505474627
Latency: 0.022702113026753068
Latency: 0.025490137981250882
Latency: 0.02631480200216174
Latency: 0.02676687599159777
Latency: 0.02199727692641318
Latency: 0.026257626013830304
Latency: 0.02824455499649048
Latency: 0.022123111877590418
Latency: 0.02271300507709384
Latency: 0.022686574142426252
Latency: 0.024182528955861926
Latency: 0.02620437601581216
Latency: 0.02482946589589119
Latency: 0.02438322897069156
Latency: 0.024611614178866148
Latency: 0.027492850087583065
Latency: 0.025114926043897867
Latency: 0.02365700784139335
Latency: 0.02385825291275978
Latency: 0.02434622310101986
Latency: 0.01933257794007659
Latency: 0.022112372796982527
Latency: 0.023685480002313852
Latency: 0.021560894092544913
Latency: 0.023436177987605333
Latency: 0.02217436721548438
Latency: 0.022364174015820026
Latency: 0.023908482864499092
Latency: 0.02078334311954677
Latency: 0.024268605979159474
Latency: 0.02395485993474722
Latency: 0.024329051142558455
Latency: 0.020420975983142853
Latency: 0.022064507007598877
Latency: 0.02540605911053717
Latency: 0.02487145713530481
Latency: 0.0356506840325892
Latency: 0.03292223298922181
Latency: 0.03349382197484374
Latency: 0.029360024025663733
Latency: 0.021300595020875335
Latency: 0.02149803191423416
Latency: 0.02340193511918187
Latency: 0.023541938979178667
Latency: 0.021968950051814318
Latency: 0.02415472804568708
Latency: 0.024215803015977144
Latency: 0.026252110954374075
Latency: 0.019424502039328218
Latency: 0.020903373137116432
Latency: 0.022156473016366363
Latency: 0.023464767960831523
Latency: 0.020614269888028502
Latency: 0.022899051196873188
Latency: 0.031637071864679456
Latency: 0.032377413008362055
Latency: 0.024388503981754184
Latency: 0.023888069903478026
Latency: 0.024877117946743965
Latency: 0.026498262071982026
Latency: 0.01854195911437273
Latency: 0.021407827967777848
Latency: 0.024987185839563608
Latency: 0.02239464712329209
Latency: 0.020099348854273558
Latency: 0.02339849597774446
Latency: 0.02246797806583345
Latency: 0.021706087049096823
Latency: 0.021652274997904897
Latency: 0.024232233874499798
Latency: 0.025296409148722887
Latency: 0.02330051502212882
Latency: 0.02586846682243049
Latency: 0.028598944889381528
Latency: 0.027850475860759616
Latency: 0.025691847084090114
Latency: 0.025649880059063435
Latency: 0.030903063947334886
Latency: 0.03098506690002978
Latency: 0.026558689074590802
Latency: 0.02649865299463272
Latency: 0.029142627958208323
Latency: 0.029499384807422757
Latency: 0.0239932918921113
Latency: 0.028300308855250478
Latency: 0.026753994869068265
Latency: 0.028251109877601266
Latency: 0.027560994029045105
Latency: 0.025881706038489938
Latency: 0.025686399079859257
Latency: 0.027994250180199742
Latency: 0.029204617952927947
Latency: 0.026278155855834484
Latency: 0.02788460487499833
Latency: 0.02733210497535765
Latency: 0.02710807998664677
Latency: 0.0257193217985332
Latency: 0.027103492990136147
Latency: 0.027870286023244262
Latency: 0.028211543103680015
Latency: 0.024027175037190318
Latency: 0.025842790957540274
Latency: 0.02833703299984336
Latency: 0.030768367927521467
Latency: 0.042353116907179356
Latency: 0.04132652701810002
Latency: 0.042720922036096454
Latency: 0.044255360029637814
Latency: 0.027892628917470574
Latency: 0.025854076957330108
Latency: 0.02640730096027255
Latency: 0.02810970088467002
Latency: 0.024790598079562187
Latency: 0.026544160908088088
Latency: 0.027725209947675467
Latency: 0.029207611922174692
Latency: 0.02390275802463293
Latency: 0.02539751585572958
Latency: 0.02810621913522482
Latency: 0.030527964932844043
Latency: 0.027116466080769897
Latency: 0.028607022017240524
Latency: 0.02832066989503801
Latency: 0.02928347303532064
Latency: 0.02606797986663878
Latency: 0.026595558039844036
Latency: 0.027239653980359435
Latency: 0.026824494125321507
Latency: 0.02534996811300516
Latency: 0.026666719932109118
Latency: 0.02708765584975481
Latency: 0.02819474320858717
Latency: 0.02442753710784018
Latency: 0.02620459394529462
Latency: 0.027091645868495107
Latency: 0.028692933963611722
Latency: 0.0258686610031873
Latency: 0.026943506905809045
Latency: 0.027848584111779928
Latency: 0.029295305954292417
Latency: 0.025238222209736705
Latency: 0.027619874104857445
Latency: 0.02710484294220805
Latency: 0.028431516140699387
Latency: 0.02728035906329751
Latency: 0.02686498803086579
Latency: 0.02644150797277689
Latency: 0.02776687708683312
Latency: 0.02580836694687605
Latency: 0.027261268813163042
Latency: 0.029119286919012666
Latency: 0.028874248964712024
Latency: 0.02468228409998119
Latency: 0.026161391055211425
Latency: 0.02820248086936772
Latency: 0.029449354857206345
Latency: 0.027388460002839565
Latency: 0.029662871966138482
Latency: 0.02942929114215076
Latency: 0.029657768085598946
Latency: 0.02407223009504378
Latency: 0.02576550398953259
Latency: 0.026894567999988794
Latency: 0.02659397106617689
Latency: 0.024824772030115128
Latency: 0.0270591180305928
Latency: 0.029006258118897676
Latency: 0.02919978299178183
Latency: 0.024385933997109532
Latency: 0.026317966170608997
Latency: 0.02743246383033693
Latency: 0.028752898098900914
Latency: 0.0277108671143651
Latency: 0.027849193895235658
Latency: 0.028049165848642588
Latency: 0.027779286028817296
Latency: 0.025814199121668935
Latency: 0.0272617950104177
Latency: 0.02808012696914375
Latency: 0.028925307793542743
Latency: 0.023926936089992523
Latency: 0.025286097079515457
Latency: 0.02596792485564947
Latency: 0.0296583310700953
Latency: 0.023307804949581623
Latency: 0.025490367086604238
Latency: 0.027968847891315818
Latency: 0.02947182091884315
Latency: 0.025324732065200806
Latency: 0.025653813034296036
Latency: 0.027914365055039525
Latency: 0.02872419310733676
Latency: 0.024405132979154587
Latency: 0.02662672894075513
Latency: 0.028407977893948555
Latency: 0.030239040963351727
Latency: 0.025499463081359863
Latency: 0.024990221951156855
Latency: 0.028566493885591626
Latency: 0.029904453782364726
Latency: 0.04225118109025061
Latency: 0.04487362992949784
Latency: 0.048098823986947536
Latency: 0.046887473901733756
Latency: 0.023163019912317395
Latency: 0.025710113113746047
Latency: 0.028039114084094763
Latency: 0.030251394957304
Latency: 0.024938093032687902
Latency: 0.028521314030513167
Latency: 0.030390804167836905
Latency: 0.02929768292233348
Latency: 0.02630681195296347
Latency: 0.026493737008422613
Latency: 0.028164579067379236
Latency: 0.030614333925768733
Latency: 0.025023374939337373
Latency: 0.026119610061869025
Latency: 0.029849987011402845
Latency: 0.029735659016296268
Latency: 0.02470343094319105
Latency: 0.029053020989522338
Latency: 0.02845580200664699
Latency: 0.029218999901786447
Latency: 0.026421541115269065
Latency: 0.026703089009970427
Latency: 0.028316968120634556
Latency: 0.02918836218304932
Latency: 0.02822070592083037
Latency: 0.025404231157153845
Latency: 0.02864631707780063
Latency: 0.029727970948442817
Latency: 0.02759423991665244
Latency: 0.027213770197704434
Latency: 0.029233915032818913
Latency: 0.029544646153226495
Latency: 0.024476452032104135
Latency: 0.027018321910873055
Latency: 0.0252927930559963
Latency: 0.02832627296447754
Latency: 0.02414059406146407
Latency: 0.030204029055312276
Latency: 0.025331089040264487
Latency: 0.030892273178324103
Latency: 0.02480095298960805
Latency: 0.028558974154293537
Latency: 0.026877304073423147
Latency: 0.02794951107352972
Latency: 0.024675175081938505
Latency: 0.028492651879787445
Latency: 0.02441714401356876
Latency: 0.027539635077118874
Latency: 0.028325592167675495
Latency: 0.030758725944906473
Latency: 0.02606003894470632
Latency: 0.027611597906798124
Latency: 0.026759105967357755
Latency: 0.026090229162946343
Latency: 0.026331610046327114
Latency: 0.026177313877269626
Latency: 0.027487657964229584
Latency: 0.03068695613183081
Latency: 0.027675396064296365
Latency: 0.027496881783008575
Latency: 0.02713502896949649
Latency: 0.026875386014580727
Latency: 0.02648019907064736
Latency: 0.029008992947638035
Latency: 0.027717106975615025
Latency: 0.029324438190087676
Latency: 0.028206546092405915
Latency: 0.029198066098615527
Latency: 0.02687647007405758
Latency: 0.02851938409730792
Latency: 0.025940717896446586
Latency: 0.028261226136237383
Latency: 0.02846284513361752
Latency: 0.029154916992411017
Latency: 0.026244359090924263
Latency: 0.027781896060332656
Latency: 0.027774947928264737
Latency: 0.02707813889719546
Latency: 0.02844206802546978
Latency: 0.02736907498911023
Latency: 0.02649794495664537
Latency: 0.029809619998559356
Latency: 0.030363371828570962
Latency: 0.028744952054694295
Latency: 0.02952432492747903
Latency: 0.029901813017204404
Latency: 0.025520341005176306
Latency: 0.028111247112974524
Latency: 0.027130886912345886
Latency: 0.028449404053390026
Latency: 0.029261410003528
Latency: 0.028050974011421204
Latency: 0.04547147615812719
Latency: 0.04748251591809094
Latency: 0.04443433415144682
Latency: 0.028163293143734336
Latency: 0.02602491178549826
Latency: 0.02753749187104404
Latency: 0.027579623041674495
Latency: 0.026394528103992343
Latency: 0.02645428804680705
Latency: 0.02788785588927567
Latency: 0.02922883816063404
Latency: 0.027577008120715618
Latency: 0.026320216013118625
Latency: 0.028305533109232783
Latency: 0.025774575071409345
Latency: 0.02610769704915583
Latency: 0.02689532795920968
Latency: 0.028098026057705283
Latency: 0.02742042113095522
Latency: 0.026871609967201948
Latency: 0.02605460095219314
Latency: 0.02752494695596397
Latency: 0.026010284898802638
Latency: 0.025741328950971365
Latency: 0.026233470998704433
Latency: 0.02774627390317619
Latency: 0.02743903291411698
Latency: 0.03030670783482492
Latency: 0.025485551916062832
Latency: 0.02887556701898575
Latency: 0.027149271918460727
Latency: 0.028129119891673326
Latency: 0.027223011944442987
Latency: 0.02869804296642542
Latency: 0.030569971073418856
Latency: 0.02753684506751597
Latency: 0.027883939910680056
Latency: 0.02858872595243156
Latency: 0.02604412892833352
Latency: 0.028203642927110195
Latency: 0.02874730806797743
Latency: 0.029558666050434113
Latency: 0.028272991999983788
Latency: 0.026138957822695374
Latency: 0.02702996600419283
Latency: 0.02652744110673666
Latency: 0.029062852961942554
Latency: 0.025405700085684657
Latency: 0.025086682057008147
Latency: 0.0274209079798311
Latency: 0.027735016075894237
Latency: 0.026798709062859416
Latency: 0.029096266021952033
Latency: 0.028789351927116513
Latency: 0.028732171980664134
Latency: 0.02875272906385362
Latency: 0.02418023394420743
Latency: 0.026879964163526893
Latency: 0.027517421869561076
Latency: 0.026348751038312912
Latency: 0.026213492965325713
Latency: 0.02683594496920705
Latency: 0.030303958104923368
Latency: 0.027067531133070588
Latency: 0.02767605008557439
Latency: 0.029220744967460632
Latency: 0.028029391076415777
Latency: 0.028690693899989128
Latency: 0.026068493956699967
Latency: 0.028025526087731123
Latency: 0.027936589904129505
Latency: 0.02813008800148964
Latency: 0.024530331837013364
Latency: 0.028428092831745744
Latency: 0.028309091925621033
Latency: 0.028632299974560738
Latency: 0.02520715701393783
Latency: 0.029407838126644492
Latency: 0.029602979077026248
Latency: 0.029819297837093472
Latency: 0.025139805860817432
Latency: 0.027282634051516652
Latency: 0.027777592884376645
Latency: 0.0286582768894732
Latency: 0.024598001036792994
Latency: 0.027212179033085704
Latency: 0.026581980986520648
Latency: 0.026059440104290843
Latency: 0.026394400047138333
Latency: 0.027194110909476876
Latency: 0.028158748988062143
Latency: 0.025248870020732284
Latency: 0.025205395882949233
Latency: 0.02702464093454182
Latency: 0.0257161648478359
Latency: 0.025880340952426195
Latency: 0.04737649601884186
Latency: 0.044338822131976485
Latency: 0.04682593792676926
Latency: 0.02518203714862466
Latency: 0.026620313059538603
Latency: 0.026421570917591453
Latency: 0.028294448973610997
Latency: 0.02545655402354896
Latency: 0.0268650169018656
Latency: 0.02869859803467989
Latency: 0.029433768009766936
Latency: 0.027089037001132965
Latency: 0.027326622046530247
Latency: 0.026987553108483553
Latency: 0.029017137130722404
Latency: 0.026069851126521826
Latency: 0.025893928948789835
Latency: 0.02637126506306231
Latency: 0.03151177219115198
Latency: 0.027121613966301084
Latency: 0.026273341849446297
Latency: 0.026078091003000736
Latency: 0.029748060973361135
Latency: 0.025294810999184847
Latency: 0.02956796297803521
Latency: 0.02754590311087668
Latency: 0.027492108987644315
Latency: 0.028135824017226696
Latency: 0.02845203597098589
Latency: 0.025173183996230364
Latency: 0.025656383950263262
Latency: 0.024597495095804334
Latency: 0.028819689992815256
Latency: 0.024284756975248456
Latency: 0.028033311013132334
Latency: 0.0260119098238647
Latency: 0.025802233954891562
Latency: 0.026000740006566048
Latency: 0.028668888146057725
Latency: 0.02304168976843357
Latency: 0.026903145015239716
Latency: 0.02627883991226554
Latency: 0.027540659066289663
Latency: 0.02453213813714683
Latency: 0.031761088175699115
Latency: 0.028104585828259587
Latency: 0.02925881091505289
Latency: 0.025259857065975666
Latency: 0.024395867018029094
Latency: 0.02784895710647106
Latency: 0.026388644007965922
Latency: 0.028354084119200706
Latency: 0.025937902042642236
Latency: 0.025719217024743557
Latency: 0.025798466987907887
Latency: 0.03014044091105461
Latency: 0.02710475097410381
Latency: 0.025923263048753142
Latency: 0.024648120859637856
Latency: 0.030164166819304228
Latency: 0.027104930020868778
Latency: 0.02738236403092742
Latency: 0.02385542099364102
Latency: 0.029995888005942106
Latency: 0.02438011602498591
Latency: 0.025280156871303916
Latency: 0.026569031178951263
Latency: 0.027518065180629492
Latency: 0.026459985878318548
Latency: 0.027624534908682108
Latency: 0.024583554826676846
Latency: 0.02731529506854713
Latency: 0.024678491055965424
Latency: 0.027887295000255108
Latency: 0.024568632943555713
Latency: 0.02846994111314416
Latency: 0.025127127999439836
Latency: 0.025872640078887343
Latency: 0.025339770130813122
Latency: 0.029296663124114275
Latency: 0.02584641403518617
Latency: 0.026959802955389023
Latency: 0.026076208101585507
Latency: 0.028229126008227468
Latency: 0.025054986122995615
Latency: 0.027569997822865844
Latency: 0.027293495135381818
Latency: 0.02984462701715529
Latency: 0.02663090988062322
Latency: 0.030357250943779945
Latency: 0.02652899594977498
Latency: 0.025369100039824843
Latency: 0.026089433813467622
Latency: 0.028622587909922004
Latency: 0.02806081809103489
Latency: 0.025205254089087248
Latency: 0.02687591896392405
Latency: 0.028042436111718416
Latency: 0.04831391293555498
Latency: 0.02470412291586399
Latency: 0.024770549964159727
Latency: 0.026582225924357772
Latency: 0.02827794407494366
Latency: 0.023763687117025256
Latency: 0.026007329113781452
Latency: 0.027947741094976664
Latency: 0.030777529114857316
Latency: 0.024927597027271986
Latency: 0.02684556390158832
Latency: 0.02887455211021006
Latency: 0.027845298871397972
Latency: 0.02730913204140961
Latency: 0.02685394394211471
Latency: 0.027881409972906113
Latency: 0.028196787927299738
Latency: 0.02538006496615708
Latency: 0.026559437857940793
Latency: 0.028405901975929737
Latency: 0.025891076074913144
Latency: 0.025110722985118628
Latency: 0.02399855898693204
Latency: 0.025269228033721447
Latency: 0.02681325189769268
Latency: 0.026349215069785714
Latency: 0.024489837931469083
Latency: 0.026592257898300886
Latency: 0.027495610993355513
Latency: 0.02594850887544453
Latency: 0.024779777973890305
Latency: 0.0268183839507401
Latency: 0.02701686997897923
Latency: 0.02598877903074026
Latency: 0.024601306999102235
Latency: 0.026064620120450854
Latency: 0.028012796072289348
Latency: 0.025153996190056205
Latency: 0.02497616084292531
Latency: 0.02669402491301298
Latency: 0.028584348037838936
Latency: 0.026161183137446642
Latency: 0.024669608799740672
Latency: 0.027521706884726882
Latency: 0.02770542586222291
Latency: 0.025344887981191278
Latency: 0.023610811913385987
Latency: 0.025058743078261614
Latency: 0.029750246787443757
Latency: 0.02511284896172583
Latency: 0.02756481501273811
Latency: 0.03027045982889831
Latency: 0.029042651876807213
Latency: 0.02381009585224092
Latency: 0.025222885888069868
Latency: 0.027566365897655487
Latency: 0.030148839112371206
Latency: 0.025188545929268003
Latency: 0.028351441025733948
Latency: 0.030844383174553514
Latency: 0.028893406968563795
Latency: 0.03039076505228877
Latency: 0.027573166880756617
Latency: 0.02781730890274048
Latency: 0.027624016860499978
Latency: 0.023592818062752485
Latency: 0.027382916072383523
Latency: 0.030660211108624935
Latency: 0.028790685115382075
Latency: 0.02751291007734835
Latency: 0.02626285096630454
Latency: 0.027947046095505357
Latency: 0.02683331281878054
Latency: 0.025188591796904802
Latency: 0.02635540603660047
Latency: 0.0279273958876729
Latency: 0.030301088001579046
Latency: 0.027215621201321483
Latency: 0.02656796993687749
Latency: 0.027872425969690084
Latency: 0.02873420901596546
Latency: 0.02487451513297856
Latency: 0.025350088020786643
Latency: 0.026703371899202466
Latency: 0.03147264802828431
Latency: 0.025488283950835466
Latency: 0.027428812813013792
Latency: 0.028716079192236066
Latency: 0.026656687958166003
Latency: 0.02696187887340784
Latency: 0.028725174954161048
Latency: 0.027638857951387763
Latency: 0.02789427014067769
Latency: 0.028894138056784868
Latency: 0.02800711104646325
Latency: 0.047220369102433324
Latency: 0.025555596919730306
Latency: 0.02732442389242351
Latency: 0.02788694784976542
Latency: 0.028591274050995708
Latency: 0.026545201893895864
Latency: 0.030442875111475587
Latency: 0.030311236158013344
Latency: 0.030860404949635267
Latency: 0.02517295000143349
Latency: 0.026815237011760473
Latency: 0.028225616086274385
Latency: 0.027531069004908204
Latency: 0.02595579600892961
Latency: 0.02400031895376742
Latency: 0.026364109944552183
Latency: 0.031117259990423918
Latency: 0.02692169905640185
Latency: 0.026569989044219255
Latency: 0.02589989500120282
Latency: 0.02989847492426634
Latency: 0.025604368885979056
Latency: 0.027035882929340005
Latency: 0.028767912881448865
Latency: 0.030677916947752237
Latency: 0.03225790802389383
Latency: 0.036770660895854235
Latency: 0.03874944895505905
Latency: 0.027125780005007982
Latency: 0.02332070004194975
Latency: 0.02551707997918129
Latency: 0.027348530013114214
Latency: 0.0265759089961648
Latency: 0.028108750004321337
Latency: 0.027238415088504553
Latency: 0.02880621189251542
Latency: 0.029415474040433764
Latency: 0.026719701010733843
Latency: 0.02888662414625287
Latency: 0.027152065886184573
Latency: 0.026983491145074368
Latency: 0.02629591803997755
Latency: 0.02924165898002684
Latency: 0.029189951019361615
Latency: 0.025076991878449917
Latency: 0.027583694085478783
Latency: 0.02485957508906722
Latency: 0.026656720088794827
Latency: 0.02614957792684436
Latency: 0.025600681081414223
Latency: 0.02743326500058174
Latency: 0.02862117998301983
Latency: 0.029554898850619793
Latency: 0.02669702679850161
Latency: 0.02608750807121396
Latency: 0.028058820171281695
Latency: 0.02874668501317501
Latency: 0.02399400994181633
Latency: 0.02630083216354251
Latency: 0.028040967183187604
Latency: 0.029199166921898723
Latency: 0.028125641169026494
Latency: 0.027552929939702153
Latency: 0.02775708702392876
Latency: 0.028798612067475915
Latency: 0.02461303398013115
Latency: 0.02590750390663743
Latency: 0.027477168012410402
Latency: 0.028602162841707468
Latency: 0.025185120990499854
Latency: 0.02755864802747965
Latency: 0.02916167420335114
Latency: 0.029189784079790115
Latency: 0.027120607905089855
Latency: 0.027213602093979716
Latency: 0.027473940048366785
Latency: 0.028440732043236494
Latency: 0.02770162094384432
Latency: 0.026815423043444753
Latency: 0.02836459595710039
Latency: 0.029266894795000553
Latency: 0.02618745807558298
Latency: 0.026339057134464383
Latency: 0.028649412095546722
Latency: 0.028711298014968634
Latency: 0.027200686978176236
Latency: 0.026926850201562047
Latency: 0.028307083994150162
Latency: 0.02959107607603073
Latency: 0.02718253992497921
Latency: 0.024836380034685135
Latency: 0.02817660616710782
Latency: 0.028152935905382037
Latency: 0.02608065214008093
Latency: 0.027433417970314622
Latency: 0.028529328061267734
Latency: 0.04919286188669503
Latency: 0.025864497059956193
Latency: 0.02731100213713944
Latency: 0.029488482046872377
Latency: 0.030138507951050997
Latency: 0.026649263920262456
Latency: 0.028685487108305097
Latency: 0.02956316899508238
Latency: 0.02948212786577642
Latency: 0.026208322029560804
Latency: 0.027592043858021498
Latency: 0.02903063502162695
Latency: 0.026455307845026255
Latency: 0.026317265117540956
Latency: 0.027419185964390635
Latency: 0.029365576105192304
Latency: 0.03049713815562427
Latency: 0.027261954033747315
Latency: 0.027462849160656333
Latency: 0.028444414027035236
Latency: 0.028038302203640342
Latency: 0.02586882491596043
Latency: 0.027728752000257373
Latency: 0.02917331806384027
Latency: 0.027661703061312437
Latency: 0.029416084988042712
Latency: 0.030763391172513366
Latency: 0.02996284607797861
Latency: 0.02709299116395414
Latency: 0.026035413146018982
Latency: 0.02868014480918646
Latency: 0.026241972111165524
Latency: 0.02986881206743419
Latency: 0.029029286932200193
Latency: 0.026669742073863745
Latency: 0.028974831104278564
Latency: 0.02580123208463192
Latency: 0.028230248019099236
Latency: 0.02581458119675517
Latency: 0.03087716712616384
Latency: 0.027539472794160247
Latency: 0.024342570919543505
Latency: 0.02637424413114786
Latency: 0.03189133410342038
Latency: 0.02509395102970302
Latency: 0.027113168966025114
Latency: 0.030189755838364363
Latency: 0.027743773069232702
Latency: 0.027108230162411928
Latency: 0.027936041122302413
Latency: 0.029328896896913648
Latency: 0.030507320072501898
Latency: 0.02867079502902925
Latency: 0.029604674084112048
Latency: 0.025365398032590747
Latency: 0.02843648800626397
Latency: 0.029212918831035495
Latency: 0.028018669923767447
Latency: 0.025553670013323426
Latency: 0.027748859953135252
Latency: 0.030930843902751803
Latency: 0.026121558854356408
Latency: 0.02770862402394414
Latency: 0.026350870030000806
Latency: 0.029478724114596844
Latency: 0.02728165895678103
Latency: 0.02410295489244163
Latency: 0.027527899015694857
Latency: 0.02887420286424458
Latency: 0.029021523892879486
Latency: 0.023613075027242303
Latency: 0.028924976009875536
Latency: 0.030574838863685727
Latency: 0.027717320015653968
Latency: 0.030516525963321328
Latency: 0.02892624819651246
Latency: 0.030425847973674536
Latency: 0.030071322107687593
Latency: 0.02821014611981809
Latency: 0.028908858075737953
Latency: 0.031089689815416932
Latency: 0.027948372066020966
Latency: 0.024629823863506317
Latency: 0.02917711203917861
Latency: 0.02951289201155305
Latency: 0.028186383889988065
Latency: 0.024260652950033545
Latency: 0.028284329921007156
Latency: 0.030555406818166375
Latency: 0.02673554210923612
Latency: 0.027286565862596035
Latency: 0.02620125701650977
Latency: 0.029814831912517548
Latency: 0.024014875991269946
Latency: 0.02562806010246277
Latency: 0.047976361121982336
Latency: 0.049288376001641154
Latency: 0.04824268305674195
Latency: 0.02654285402968526
Latency: 0.02573390305042267
Latency: 0.027076944010332227
Latency: 0.028103827964514494
Latency: 0.025921307038515806
Latency: 0.02707469998858869
Latency: 0.028698163107037544
Latency: 0.029419583966955543
Latency: 0.027810169151052833
Latency: 0.027876893058419228
Latency: 0.028673744993284345
Latency: 0.02899631019681692
Latency: 0.027043484151363373
Latency: 0.02708557015284896
Latency: 0.029612851096317172
Latency: 0.026940348092466593
Latency: 0.027763220015913248
Latency: 0.029186893021687865
Latency: 0.025739707984030247
Latency: 0.02684972295537591
Latency: 0.026566667947918177
Latency: 0.028513033874332905
Latency: 0.027067153016105294
Latency: 0.02865787106566131
Latency: 0.027508771046996117
Latency: 0.028427780140191317
Latency: 0.027995964977890253
Latency: 0.025620232103392482
Latency: 0.029883751878514886
Latency: 0.027609874960035086
Latency: 0.02467415784485638
Latency: 0.026615999871864915
Latency: 0.027948352973908186
Latency: 0.028103860095143318
Latency: 0.028309475863352418
Latency: 0.022930340142920613
Latency: 0.02666516602039337
Latency: 0.028657016111537814
Latency: 0.029462131904438138
Latency: 0.02831463818438351
Latency: 0.030245219124481082
Latency: 0.03030146798118949
Latency: 0.028108342085033655
Latency: 0.025880804052576423
Latency: 0.02794322418048978
Latency: 0.03103833505883813
Latency: 0.024857708951458335
Latency: 0.025825646007433534
Latency: 0.03027978097088635
Latency: 0.0322884120978415
Latency: 0.026205661008134484
Latency: 0.027646012837067246
Latency: 0.03005767986178398
Latency: 0.03030961798503995
Latency: 0.026879720855504274
Latency: 0.02428623102605343
Latency: 0.027958422899246216
Latency: 0.029948437120765448
Latency: 0.02828820887953043
Latency: 0.025711334077641368
Latency: 0.028026412008330226
Latency: 0.030314744217321277
Latency: 0.026582247111946344
Latency: 0.022708588978275657
Latency: 0.028433820931240916
Latency: 0.029855732107535005
Latency: 0.02798043400980532
Latency: 0.027044167974963784
Latency: 0.028156772954389453
Latency: 0.030363091034814715
Latency: 0.027129778172820807
Latency: 0.027522771153599024
Latency: 0.030139751033857465
Latency: 0.030506348004564643
Latency: 0.026475849095731974
Latency: 0.030607959954068065
Latency: 0.030737063847482204
Latency: 0.03028868604451418
Latency: 0.025453076930716634
Latency: 0.02729721716605127
Latency: 0.028100408148020506
Latency: 0.03218883881345391
Latency: 0.026251842034980655
Latency: 0.028943179873749614
Latency: 0.030395654030144215
Latency: 0.025934926932677627
Latency: 0.026953831082209945
Latency: 0.02538436301983893
Latency: 0.027424313127994537
Latency: 0.02637454215437174
Latency: 0.026339409174397588
Latency: 0.02875668602064252
Latency: 0.027739462908357382
Latency: 0.031160169979557395
Latency: 0.028645055135712028
Latency: 0.04605432506650686
Latency: 0.04998913104645908
Latency: 0.02624626411125064
Latency: 0.0267160979565233
Latency: 0.026204133173450828
Latency: 0.02962349494919181
Latency: 0.026117878034710884
Latency: 0.026909359032288194
Latency: 0.026299447985365987
Latency: 0.028233146062120795
Latency: 0.028443107148632407
Latency: 0.026030628941953182
Latency: 0.02432232815772295
Latency: 0.028159831883385777
Latency: 0.02470869105309248
Latency: 0.026025566970929503
Latency: 0.02717403112910688
Latency: 0.030413269065320492
Latency: 0.0275650629773736
Latency: 0.02659278200007975
Latency: 0.028988278936594725
Latency: 0.02826387993991375
Latency: 0.026743631111457944
Latency: 0.027271813014522195
Latency: 0.025514248060062528
Latency: 0.02772011188790202
Latency: 0.028982409043237567
Latency: 0.028820148902013898
Latency: 0.026098518166691065
Latency: 0.025644670939072967
Latency: 0.027864597039297223
Latency: 0.02576191211119294
Latency: 0.027312956983223557
Latency: 0.030542132910341024
Latency: 0.025966048007830977
Latency: 0.027343621011823416
Latency: 0.02751683909446001
Latency: 0.026790632167831063
Latency: 0.028117786161601543
Latency: 0.02785443398170173
Latency: 0.027291048085317016
Latency: 0.029704804066568613
Latency: 0.028593346942216158
Latency: 0.0282661160454154
Latency: 0.02741997712291777
Latency: 0.028833372052758932
Latency: 0.028145162854343653
Latency: 0.028140299022197723
Latency: 0.028642827877774835
Latency: 0.030130923027172685
Latency: 0.028908436186611652
Latency: 0.02819085493683815
Latency: 0.027014614082872868
Latency: 0.028392278822138906
Latency: 0.02790050907060504
Latency: 0.0270595729816705
Latency: 0.027258623857051134
Latency: 0.028623158112168312
Latency: 0.028002246981486678
Latency: 0.028235234087333083
Latency: 0.027725904947146773
Latency: 0.030978026101365685
Latency: 0.0293216269928962
Latency: 0.027281970949843526
Latency: 0.02565311104990542
Latency: 0.028066163882613182
Latency: 0.02508481894619763
Latency: 0.026568164816126227
Latency: 0.02787303109653294
Latency: 0.02692141616716981
Latency: 0.02716987207531929
Latency: 0.027037637075409293
Latency: 0.02631525509059429
Latency: 0.029156062053516507
Latency: 0.029493432957679033
Latency: 0.026028317864984274
Latency: 0.026405927957966924
Latency: 0.030216232175007463
Latency: 0.027253343956544995
Latency: 0.027935477904975414
Latency: 0.024898667819797993
Latency: 0.028111678082495928
Latency: 0.02613385906443
Latency: 0.027261518873274326
Latency: 0.029044852824881673
Latency: 0.028234451077878475
Latency: 0.02665678388439119
Latency: 0.02900439710356295
Latency: 0.02708557597361505
Latency: 0.027575174113735557
Latency: 0.02799007808789611
Latency: 0.025253338040784
Latency: 0.029341324931010604
Latency: 0.027543390868231654
Latency: 0.028067379957064986
Latency: 0.05071343085728586
Latency: 0.04529371508397162
Latency: 0.04483925201930106
Latency: 0.02769725094549358
Latency: 0.0266189849935472
Latency: 0.025747166015207767
Latency: 0.02638491103425622
Latency: 0.029390560928732157
Latency: 0.026654963148757815
Latency: 0.02457403508014977
Latency: 0.029047452146187425
Latency: 0.028860030928626657
Latency: 0.02654704311862588
Latency: 0.025373968994244933
Latency: 0.028534779092296958
Latency: 0.02881626901216805
Latency: 0.02738753380253911
Latency: 0.025391504867002368
Latency: 0.028501355089247227
Latency: 0.027832926949486136
Latency: 0.027636463986709714
Latency: 0.02720811404287815
Latency: 0.02733405609615147
Latency: 0.031001925002783537
Latency: 0.0252403998747468
Latency: 0.025673724012449384
Latency: 0.029838101007044315
Latency: 0.02318149502389133
Latency: 0.028166048927232623
Latency: 0.029042846988886595
Latency: 0.028615121031180024
Latency: 0.02712911879643798
Latency: 0.027914413018152118
Latency: 0.026646306971088052
Latency: 0.029817902017384768
Latency: 0.025858397129923105
Latency: 0.029174641938880086
Latency: 0.027752045076340437
Latency: 0.025050812866538763
Latency: 0.026467988034710288
Latency: 0.024583610938861966
Latency: 0.027047406882047653
Latency: 0.028124685864895582
Latency: 0.0321216129232198
Latency: 0.026395111810415983
Latency: 0.02624170295894146
Latency: 0.024962395895272493
Latency: 0.026765658985823393
Latency: 0.02390980697236955
Latency: 0.02622181992046535
Latency: 0.026136514963582158
Latency: 0.027157709002494812
Latency: 0.025583124021068215
Latency: 0.025531701976433396
Latency: 0.02748934691771865
Latency: 0.026276464108377695
Latency: 0.025563855888321996
Latency: 0.02524881879799068
Latency: 0.026490596123039722
Latency: 0.025774380890652537
Latency: 0.03014368610456586
Latency: 0.027793159009888768
Latency: 0.024629238061606884
Latency: 0.0257945260964334
Latency: 0.026294911047443748
Latency: 0.02572794700972736
Latency: 0.026601705001667142
Latency: 0.02974012796767056
Latency: 0.027844280004501343
Latency: 0.028883517952635884
Latency: 0.027585980016738176
Latency: 0.026132697938010097
Latency: 0.03151024994440377
Latency: 0.02610488492064178
Latency: 0.026321084005758166
Latency: 0.02446689479984343
Latency: 0.028348240070044994
Latency: 0.02956502395682037
Latency: 0.028191274031996727
Latency: 0.028237983118742704
Latency: 0.027374810073524714
Latency: 0.028237505815923214
Latency: 0.027651262003928423
Latency: 0.026447879849001765
Latency: 0.027468256885185838
Latency: 0.02947364398278296
Latency: 0.02913257502950728
Latency: 0.02941970806568861
Latency: 0.0251150110270828
Latency: 0.029551200103014708
Latency: 0.0264600848313421
Latency: 0.028503587935119867
Latency: 0.02631678618490696
Latency: 0.026519906939938664
Latency: 0.027677314123138785
Latency: 0.04859192296862602
Latency: 0.04910724493674934
Latency: 0.048627827083691955
Latency: 0.025014856131747365
Latency: 0.027423892868682742
Latency: 0.02465549809858203
Latency: 0.028799829073250294
Latency: 0.024161139968782663
Latency: 0.02598168607801199
Latency: 0.02597874915227294
Latency: 0.030444963136687875
Latency: 0.025364304892718792
Latency: 0.026461421977728605
Latency: 0.025743653997778893
Latency: 0.029402473010122776
Latency: 0.023820973001420498
Latency: 0.029343448113650084
Latency: 0.025364148896187544
Latency: 0.03126115491613746
Latency: 0.02654939191415906
Latency: 0.028039820957928896
Latency: 0.026681233197450638
Latency: 0.024922901997342706
Latency: 0.02621081587858498
Latency: 0.028175404062494636
Latency: 0.026951270177960396
Latency: 0.027276973007246852
Latency: 0.02780462009832263
Latency: 0.029573878040537238
Latency: 0.02613571984693408
Latency: 0.02958993799984455
Latency: 0.025606500916182995
Latency: 0.02878112904727459
Latency: 0.026960805989801884
Latency: 0.027903748909011483
Latency: 0.027725768042728305
Latency: 0.027712433133274317
Latency: 0.026997161796316504
Latency: 0.028303129132837057
Latency: 0.024858012096956372
Latency: 0.027402723906561732
Latency: 0.02526789205148816
Latency: 0.028299359837546945
Latency: 0.027351039927452803
Latency: 0.02784425299614668
Latency: 0.023573626996949315
Latency: 0.025206324877217412
Latency: 0.024131924845278263
Latency: 0.029441877966746688
Latency: 0.024362033931538463
Latency: 0.026576620992273092
Latency: 0.025717310141772032
Latency: 0.03012767992913723
Latency: 0.025422370992600918
Latency: 0.030212078941985965
Latency: 0.02565461304038763
Latency: 0.0297823091968894
Latency: 0.025294468039646745
Latency: 0.027833376778289676
Latency: 0.02885726699605584
Latency: 0.030331655172631145
Latency: 0.028809281066060066
Latency: 0.02876336988992989
Latency: 0.027864048024639487
Latency: 0.026948757003992796
Latency: 0.028055401984602213
Latency: 0.029883712995797396
Latency: 0.025916783837601542
Latency: 0.02725236606784165
Latency: 0.027198025956749916
Latency: 0.030248650815337896
Latency: 0.025076703866943717
Latency: 0.02604556898586452
Latency: 0.026274661999195814
Latency: 0.027886840049177408
Latency: 0.030755886109545827
Latency: 0.023573586950078607
Latency: 0.025193996028974652
Latency: 0.029540243092924356
Latency: 0.026812293799594045
Latency: 0.02825186005793512
Latency: 0.025802646996453404
Latency: 0.02825092081911862
Latency: 0.028735741041600704
Latency: 0.024986132979393005
Latency: 0.02514293882995844
Latency: 0.028527025133371353
Latency: 0.028537763049826026
Latency: 0.028915522154420614
Latency: 0.029942905995994806
Latency: 0.028439710848033428
Latency: 0.023551295045763254
Latency: 0.028178915847092867
Latency: 0.029508909909054637
Latency: 0.027302405098453164
Latency: 0.0454271009657532
Latency: 0.05049776588566601
Latency: 0.05040456401184201
Latency: 0.0488427709788084
Latency: 0.023444836027920246
Latency: 0.028012445895001292
Latency: 0.029974794946610928
Latency: 0.02689607092179358
Latency: 0.02790930005721748
Latency: 0.02805269998498261
Latency: 0.029492423869669437
Latency: 0.029578828951343894
Latency: 0.029924454167485237
Latency: 0.028415072010830045
Latency: 0.028328416869044304
Latency: 0.027195211965590715
Latency: 0.0257102120667696
Latency: 0.03379158698953688
Latency: 0.03559877607040107
Latency: 0.03275220515206456
Latency: 0.026292423950508237
Latency: 0.03303504688665271
Latency: 0.031203366117551923
Latency: 0.027433724142611027
Latency: 0.03239897405728698
Latency: 0.028338339878246188
Latency: 0.029984126798808575
Latency: 0.030717592919245362
Latency: 0.024572901194915175
Latency: 0.025706029031425714
Latency: 0.027513190172612667
Latency: 0.029499919153749943
Latency: 0.02769356407225132
Latency: 0.02610615291632712
Latency: 0.028196881990879774
Latency: 0.029152736999094486
Latency: 0.026193388970568776
Latency: 0.027583733899518847
Latency: 0.029133670032024384
Latency: 0.0287683610804379
Latency: 0.025840359972789884
Latency: 0.025709879118949175
Latency: 0.029999261954799294
Latency: 0.028789127944037318
Latency: 0.0255629220046103
Latency: 0.0252828411757946
Latency: 0.029965100111439824
Latency: 0.031402521999552846
Latency: 0.024223263142630458
Latency: 0.027792098931968212
Latency: 0.029686740832403302
Latency: 0.028499298030510545
Latency: 0.02570055890828371
Latency: 0.025229040998965502
Latency: 0.028988819103688
Latency: 0.031085274182260036
Latency: 0.02448746096342802
Latency: 0.025862110080197453
Latency: 0.029585304902866483
Latency: 0.030013906070962548
Latency: 0.025288360891863704
Latency: 0.02779162605293095
Latency: 0.030538625083863735
Latency: 0.030972700100392103
Latency: 0.02195814298465848
Latency: 0.0247406919952482
Latency: 0.027296273969113827
Latency: 0.02933318796567619
Latency: 0.02442514104768634
Latency: 0.02579977991990745
Latency: 0.030644605169072747
Latency: 0.031215439084917307
Latency: 0.02180215809494257
Latency: 0.02352202497422695
Latency: 0.02736828289926052
Latency: 0.029407229973003268
Latency: 0.024655692977830768
Latency: 0.026170702185481787
Latency: 0.028079118812456727
Latency: 0.029734489042311907
Latency: 0.023793895030394197
Latency: 0.02658572094514966
Latency: 0.03070627385750413
Latency: 0.030990906059741974
Latency: 0.02303618285804987
Latency: 0.02549876389093697
Latency: 0.028086964040994644
Latency: 0.029682951979339123
Latency: 0.026270403992384672
Latency: 0.026177912019193172
Latency: 0.028955670073628426
Latency: 0.02774639311246574
Latency: 0.025236455025151372
Latency: 0.027304025134071708
Latency: 0.02864769217558205
Latency: 0.028845239896327257
Latency: 0.04799331701360643
Latency: 0.049530325923115015
Latency: 0.05072069400921464
Latency: 0.0504738069139421
Latency: 0.02648181188851595
Latency: 0.024736474035307765
Latency: 0.029511054046452045
Latency: 0.028992149978876114
Latency: 0.02402526093646884
Latency: 0.02594065386801958
Latency: 0.028380549978464842
Latency: 0.030216182116419077
Latency: 0.022626644931733608
Latency: 0.02626314596273005
Latency: 0.028831519884988666
Latency: 0.029371456941589713
Latency: 0.02610813407227397
Latency: 0.028946475125849247
Latency: 0.030569226015359163
Latency: 0.0286044180393219
Latency: 0.02441642712801695
Latency: 0.026479273103177547
Latency: 0.02638164605014026
Latency: 0.028149861842393875
Latency: 0.02527466486208141
Latency: 0.027489678002893925
Latency: 0.027804451063275337
Latency: 0.02920778887346387
Latency: 0.025119285099208355
Latency: 0.02859754697419703
Latency: 0.027770164888352156
Latency: 0.02985139610245824
Latency: 0.02550873695872724
Latency: 0.02687897509895265
Latency: 0.028128040954470634
Latency: 0.028676630929112434
Latency: 0.027720604091882706
Latency: 0.026394007029011846
Latency: 0.028269513975828886
Latency: 0.02853102097287774
Latency: 0.026836813893169165
Latency: 0.026306888088583946
Latency: 0.027688187081366777
Latency: 0.029174191877245903
Latency: 0.026887204963713884
Latency: 0.02923623495735228
Latency: 0.029131829040125012
Latency: 0.029536084970459342
Latency: 0.02661219402216375
Latency: 0.02563931094482541
Latency: 0.027533677173778415
Latency: 0.028845475986599922
Latency: 0.025309727992862463
Latency: 0.024727778043597937
Latency: 0.02738399221561849
Latency: 0.029746880056336522
Latency: 0.028102651005610824
Latency: 0.02561088791117072
Latency: 0.027850480983033776
Latency: 0.028128240955993533
Latency: 0.02794467913918197
Latency: 0.025374002987518907
Latency: 0.027676644967868924
Latency: 0.027080968022346497
Latency: 0.02561537898145616
Latency: 0.025596794905140996
Latency: 0.02841132110916078
Latency: 0.028425987111404538
Latency: 0.02732964395545423
Latency: 0.02510024793446064
Latency: 0.029707479057833552
Latency: 0.03068514191545546
Latency: 0.02463909308426082
Latency: 0.026646231999620795
Latency: 0.028149076970294118
Latency: 0.03011921513825655
Latency: 0.026105194818228483
Latency: 0.028743611881509423
Latency: 0.028666352154687047
Latency: 0.026609621942043304
Latency: 0.02641455107368529
Latency: 0.02795768901705742
Latency: 0.02856333600357175
Latency: 0.026629838859662414
Latency: 0.02708434802480042
Latency: 0.02865491504780948
Latency: 0.02618855983018875
Latency: 0.02600721106864512
Latency: 0.027223555836826563
Latency: 0.029787343926727772
Latency: 0.02981595299206674
Latency: 0.027662907959893346
Latency: 0.025059065083041787
Latency: 0.02632287796586752
Latency: 0.026773470919579268
Latency: 0.027945818146690726
Latency: 0.0258700679987669
Latency: 0.04874312109313905
Latency: 0.04829245409928262
Latency: 0.04993066005408764
Latency: 0.023597024846822023
Latency: 0.02633274393156171
Latency: 0.02373212995007634
Latency: 0.025920727057382464
Latency: 0.02709894091822207
Latency: 0.026537853991612792
Latency: 0.025368144037202
Latency: 0.02735400595702231
Latency: 0.02556203491985798
Latency: 0.02758337208069861
Latency: 0.024379098089411855
Latency: 0.026176106883212924
Latency: 0.02660518605262041
Latency: 0.028761551016941667
Latency: 0.0246208100579679
Latency: 0.027242818847298622
Latency: 0.02510344493202865
Latency: 0.028850693022832274
Latency: 0.025365771958604455
Latency: 0.025849496945738792
Latency: 0.025823645992204547
Latency: 0.027411940973252058
Latency: 0.02514074998907745
Latency: 0.02631702902726829
Latency: 0.026995104970410466
Latency: 0.025324051966890693
Latency: 0.025860260939225554
Latency: 0.028714394895359874
Latency: 0.025670581962913275
Latency: 0.026707665994763374
Latency: 0.026733750011771917
Latency: 0.02988359401933849
Latency: 0.025960764847695827
Latency: 0.024584379978477955
Latency: 0.02739585004746914
Latency: 0.03032227698713541
Latency: 0.0251529139932245
Latency: 0.023920411942526698
Latency: 0.028002576902508736
Latency: 0.029592438833788037
Latency: 0.027365381130948663
Latency: 0.026730408193543553
Latency: 0.03052099095657468
Latency: 0.03087054705247283
Latency: 0.025061196880415082
Latency: 0.025863904040306807
Latency: 0.027399323182180524
Latency: 0.02878858195617795
Latency: 0.023979353019967675
Latency: 0.029203644022345543
Latency: 0.027454455150291324
Latency: 0.031452366849407554
Latency: 0.03097919700667262
Latency: 0.026371079962700605
Latency: 0.026332268957048655
Latency: 0.02645706688053906
Latency: 0.029149129986763
Latency: 0.027080103987827897
Latency: 0.025567471981048584
Latency: 0.026900285854935646
Latency: 0.02902876096777618
Latency: 0.025455333990976214
Latency: 0.024232651107013226
Latency: 0.02773301606066525
Latency: 0.027334630955010653
Latency: 0.028982832096517086
Latency: 0.027716650860384107
Latency: 0.027391436975449324
Latency: 0.029312979895621538
Latency: 0.02484442014247179
Latency: 0.027998930076137185
Latency: 0.02892946801148355
Latency: 0.026269880821928382
Latency: 0.02519514807499945
Latency: 0.029357054037973285
Latency: 0.028769980184733868
Latency: 0.027523328084498644
Latency: 0.023982400074601173
Latency: 0.025053384946659207
Latency: 0.026835168013349175
Latency: 0.027745672967284918
Latency: 0.023879628861323
Latency: 0.028226301074028015
Latency: 0.030229971976950765
Latency: 0.028491341043263674
Latency: 0.0230206239502877
Latency: 0.027104350039735436
Latency: 0.02911677910014987
Latency: 0.025810919934883714
Latency: 0.0270799919962883
Latency: 0.027062005130574107
Latency: 0.02840522490441799
Latency: 0.0258203218691051
Latency: 0.04830983001738787
Latency: 0.04920530994422734
Latency: 0.05178890284150839
Latency: 0.026894587092101574
Latency: 0.025088754948228598
Latency: 0.026515797013416886
Latency: 0.027692351024597883
Latency: 0.02532385988160968
Latency: 0.024778302991762757
Latency: 0.026973620988428593
Latency: 0.025169263128191233
Latency: 0.025633365847170353
Latency: 0.024151885183528066
Latency: 0.027197282994166017
Latency: 0.027724119136109948
Latency: 0.027420005993917584
Latency: 0.027566163102164865
Latency: 0.029836877016350627
Latency: 0.025569058023393154
Latency: 0.028513226890936494
Latency: 0.028435584157705307
Latency: 0.0287424570415169
Latency: 0.02732869004830718
Latency: 0.026983483927324414
Latency: 0.028361478820443153
Latency: 0.028060436015948653
Latency: 0.028156273998320103
Latency: 0.027329068165272474
Latency: 0.024568982189521194
Latency: 0.027058749925345182
Latency: 0.028153190854936838
Latency: 0.027968307957053185
Latency: 0.025449464097619057
Latency: 0.02858170191757381
Latency: 0.030506439972668886
Latency: 0.030209169955924153
Latency: 0.02905077300965786
Latency: 0.02666250616312027
Latency: 0.027990537928417325
Latency: 0.027066586073487997
Latency: 0.02598491497337818
Latency: 0.026171269128099084
Latency: 0.02823305013589561
Latency: 0.028290132991969585
Latency: 0.027212614193558693
Latency: 0.0299716938752681
Latency: 0.029738283017650247
Latency: 0.02578354300931096
Latency: 0.029753545997664332
Latency: 0.02758457511663437
Latency: 0.02725616400130093
Latency: 0.02778130117803812
Latency: 0.026336448965594172
Latency: 0.02661184617318213
Latency: 0.028064430924132466
Latency: 0.025177541887387633
Latency: 0.024863751139491796
Latency: 0.028462628833949566
Latency: 0.02692094794474542
Latency: 0.02442201809026301
Latency: 0.027255591936409473
Latency: 0.02742207609117031
Latency: 0.029456967022269964
Latency: 0.028763388050720096
Latency: 0.02745525515638292
Latency: 0.027721279999241233
Latency: 0.027337736915796995
Latency: 0.02746247104369104
Latency: 0.026425651041790843
Latency: 0.028622732032090425
Latency: 0.030988282058387995
Latency: 0.023390186950564384
Latency: 0.025512502994388342
Latency: 0.027441919082775712
Latency: 0.024574594106525183
Latency: 0.027730253990739584
Latency: 0.02800328703597188
Latency: 0.027888586977496743
Latency: 0.028191894060000777
Latency: 0.02905034483410418
Latency: 0.027411580085754395
Latency: 0.026447799056768417
Latency: 0.02505755820311606
Latency: 0.024993430823087692
Latency: 0.028078543953597546
Latency: 0.02594971307553351
Latency: 0.027000584872439504
Latency: 0.027338493149727583
Latency: 0.024723693961277604
Latency: 0.02771486504934728
Latency: 0.026941555086523294
Latency: 0.024418808054178953
Latency: 0.028054246911779046
Latency: 0.026530791074037552
Latency: 0.027674356941133738
Latency: 0.04703677399083972
Latency: 0.04623711993917823
Latency: 0.04945141286589205
Latency: 0.052466785069555044
Latency: 0.02453656797297299
Latency: 0.02511732396669686
Latency: 0.026762610068544745
Latency: 0.029587953817099333
Latency: 0.024778982158750296
Latency: 0.02493625902570784
Latency: 0.030311015201732516
Latency: 0.029791531851515174
Latency: 0.027258349815383554
Latency: 0.023353789001703262
Latency: 0.027868597069755197
Latency: 0.02959335595369339
Latency: 0.027800810057669878
Latency: 0.026125916047021747
Latency: 0.02515229396522045
Latency: 0.02817752817645669
Latency: 0.02838917914777994
Latency: 0.02670807810500264
Latency: 0.027565628057345748
Latency: 0.02884365012869239
Latency: 0.02693528588861227
Latency: 0.026760388165712357
Latency: 0.029387627029791474
Latency: 0.029567885911092162
Latency: 0.025927877984941006
Latency: 0.02427959581837058
Latency: 0.02572360192425549
Latency: 0.030084770871326327
Latency: 0.027521583018824458
Latency: 0.025196794187650084
Latency: 0.029277907917276025
Latency: 0.03043139399960637
Latency: 0.027700984152033925
Latency: 0.02435402711853385
Latency: 0.02916114591062069
Latency: 0.030487617943435907
Latency: 0.026892295107245445
Latency: 0.024990061996504664
Latency: 0.02768746903166175
Latency: 0.02983854105696082
Latency: 0.02681392291560769
Latency: 0.0248979979660362
Latency: 0.029826511861756444
Latency: 0.025051870848983526
Latency: 0.028799779014661908
Latency: 0.0240412091370672
Latency: 0.028070367872714996
Latency: 0.02599656512029469
Latency: 0.029030372854322195
Latency: 0.028479008935391903
Latency: 0.029315870022401214
Latency: 0.02765002497471869
Latency: 0.026489567942917347
Latency: 0.027406151872128248
Latency: 0.02921712794341147
Latency: 0.02703131502494216
Latency: 0.030212532030418515
Latency: 0.03071111300960183
Latency: 0.030476258136332035
Latency: 0.02826448203995824
Latency: 0.029880015878006816
Latency: 0.028052343986928463
Latency: 0.02954870997928083
Latency: 0.02784376102499664
Latency: 0.028093721019104123
Latency: 0.027763125021010637
Latency: 0.02530996804125607
Latency: 0.025422513019293547
Latency: 0.028264671098440886
Latency: 0.028272951021790504
Latency: 0.02462247502990067
Latency: 0.025556582026183605
Latency: 0.029655142920091748
Latency: 0.02983615710400045
Latency: 0.027379239909350872
Latency: 0.027929506031796336
Latency: 0.03258340014144778
Latency: 0.02906723995693028
Latency: 0.027119112899526954
Latency: 0.027259231079369783
Latency: 0.02782828500494361
Latency: 0.028302507009357214
Latency: 0.029194900998845696
Latency: 0.02657102607190609
Latency: 0.03178680082783103
Latency: 0.026255575940012932
Latency: 0.024815951008349657
Latency: 0.028334483038634062
Latency: 0.028565058950334787
Latency: 0.02647017501294613
Latency: 0.050134137040004134
Latency: 0.05439261416904628
Latency: 0.049884798005223274
Latency: 0.0492852758616209
Latency: 0.02906156494282186
Latency: 0.027487650979310274
Latency: 0.02884941198863089
Latency: 0.026096545858308673
Latency: 0.024625236866995692
Latency: 0.030619264114648104
Latency: 0.030785548966377974
Latency: 0.0262234378606081
Latency: 0.02727277483791113
Latency: 0.026740242028608918
Latency: 0.028786255978047848
Latency: 0.02993457019329071
Latency: 0.023960183141753078
Latency: 0.03074759105220437
Latency: 0.029575926018878818
Latency: 0.029538179049268365
Latency: 0.025806174846366048
Latency: 0.029258243972435594
Latency: 0.028094816952943802
Latency: 0.025453305104747415
Latency: 0.025956088909879327
Latency: 0.028927620965987444
Latency: 0.027421385049819946
Latency: 0.03088361513800919
Latency: 0.025006077019497752
Latency: 0.030641694087535143
Latency: 0.025770495180040598
Latency: 0.02749705803580582
Latency: 0.025559030007570982
Latency: 0.028262487845495343
Latency: 0.02621759893372655
Latency: 0.026755644008517265
Latency: 0.03151219594292343
Latency: 0.029632268007844687
Latency: 0.026844426058232784
Latency: 0.02837347285822034
Latency: 0.029822668991982937
Latency: 0.028748569078743458
Latency: 0.025734479073435068
Latency: 0.027717947959899902
Latency: 0.02929415600374341
Latency: 0.027485855156555772
Latency: 0.02741566114127636
Latency: 0.029307727003470063
Latency: 0.027280275942757726
Latency: 0.028757903026416898
Latency: 0.028223406989127398
Latency: 0.028891502879559994
Latency: 0.02751291892491281
Latency: 0.025967665016651154
Latency: 0.02774329506792128
Latency: 0.029618544038385153
Latency: 0.0259113279171288
Latency: 0.026587581960484385
Latency: 0.027616696897894144
Latency: 0.02858473197557032
Latency: 0.03198869316838682
Latency: 0.026046807877719402
Latency: 0.027839981950819492
Latency: 0.030249664094299078
Latency: 0.02764629083685577
Latency: 0.02770761214196682
Latency: 0.028016981901600957
Latency: 0.028564898064360023
Latency: 0.029027780052274466
Latency: 0.025116135831922293
Latency: 0.02688642288558185
Latency: 0.030216712970286608
Latency: 0.030524382134899497
Latency: 0.02536280802451074
Latency: 0.028201899025589228
Latency: 0.030766386073082685
Latency: 0.030064505990594625
Latency: 0.02793663600459695
Latency: 0.028125148033723235
Latency: 0.02665908494964242
Latency: 0.028833376010879874
Latency: 0.027475595008581877
Latency: 0.028812353033572435
Latency: 0.028509499970823526
Latency: 0.028404172975569963
Latency: 0.025614500977098942
Latency: 0.02686817804351449
Latency: 0.02971203695051372
Latency: 0.028860105900093913
Latency: 0.028318268014118075
Latency: 0.028066560858860612
Latency: 0.029889050871133804
Latency: 0.030634672148153186
Latency: 0.025963953929021955
Latency: 0.0274023599922657
Latency: 0.030972237000241876
Latency: 0.026142275892198086
Latency: 0.05160799203440547
Latency: 0.05441686697304249
Latency: 0.054584491066634655
Latency: 0.027017791057005525
Latency: 0.024650549981743097
Latency: 0.026586554013192654
Latency: 0.02878636308014393
Latency: 0.027349184034392238
Latency: 0.026500966167077422
Latency: 0.029068981064483523
Latency: 0.031758787110447884
Latency: 0.033791990019381046
Latency: 0.03358304803259671
Latency: 0.034887060057371855
Latency: 0.037296028109267354
Latency: 0.0260253450833261
Latency: 0.027386556146666408
Latency: 0.02828603098168969
Latency: 0.027834502048790455
Latency: 0.025871617952361703
Latency: 0.026229029055684805
Latency: 0.028910095104947686
Latency: 0.028081157943233848
Latency: 0.030446635093539953
Latency: 0.03214898984879255
Latency: 0.03396095288917422
Latency: 0.03676739800721407
Latency: 0.029078926192596555
Latency: 0.028516223188489676
Latency: 0.02950418391264975
Latency: 0.03187450394034386
Latency: 0.029182370053604245
Latency: 0.02554240799508989
Latency: 0.026697339955717325
Latency: 0.030227049021050334
Latency: 0.02644407213665545
Latency: 0.02588038588874042
Latency: 0.027766073122620583
Latency: 0.03038640017621219
Latency: 0.025925597175955772
Latency: 0.02886737510561943
Latency: 0.02731641218997538
Latency: 0.026769126998260617
Latency: 0.02669715601950884
Latency: 0.027697780868038535
Latency: 0.028753317892551422
Latency: 0.029655111953616142
Latency: 0.031615725019946694
Latency: 0.024795993929728866
Latency: 0.02561246301047504
Latency: 0.03037067293189466
Latency: 0.029237115988507867
Latency: 0.026640682946890593
Latency: 0.02903623110614717
Latency: 0.031608239049091935
Latency: 0.026820130879059434
Latency: 0.02656097407452762
Latency: 0.02707964787259698
Latency: 0.03035592380911112
Latency: 0.02646691189147532
Latency: 0.02765491884201765
Latency: 0.031052940990775824
Latency: 0.029445880092680454
Latency: 0.027355370111763477
Latency: 0.028110270854085684
Latency: 0.02964905509725213
Latency: 0.02813118719495833
Latency: 0.027001990005373955
Latency: 0.02864112495444715
Latency: 0.028053089044988155
Latency: 0.02785625495016575
Latency: 0.03136302693746984
Latency: 0.0283319391310215
Latency: 0.027055100072175264
Latency: 0.029493452981114388
Latency: 0.02809920790605247
Latency: 0.025605515111237764
Latency: 0.026612815912812948
Latency: 0.02866876102052629
Latency: 0.027887970907613635
Latency: 0.026129835983738303
Latency: 0.027630537981167436
Latency: 0.030529863899573684
Latency: 0.026454093167558312
Latency: 0.0249782248865813
Latency: 0.02678967686370015
Latency: 0.028830536175519228
Latency: 0.027026340132579207
Latency: 0.029281959170475602
Latency: 0.029542995849624276
Latency: 0.0293727139942348
Latency: 0.02716804901137948
Latency: 0.028419779846444726
Latency: 0.028808837989345193
Latency: 0.029790168860927224
Latency: 0.026604269165545702
Latency: 0.052872671047225595
Latency: 0.05234930384904146
Latency: 0.05149416904896498
Latency: 0.02596781891770661
Latency: 0.027333522913977504
Latency: 0.03020136500708759
Latency: 0.026378146838396788
Latency: 0.024995840154588223
Latency: 0.030174334067851305
Latency: 0.03012817190028727
Latency: 0.02721266890875995
Latency: 0.0238113219384104
Latency: 0.025711643043905497
Latency: 0.029404046945273876
Latency: 0.025103155057877302
Latency: 0.026158716063946486
Latency: 0.02778420108370483
Latency: 0.03036465705372393
Latency: 0.02892848802730441
Latency: 0.028097397880628705
Latency: 0.027458486845716834
Latency: 0.030431240098550916
Latency: 0.02350161410868168
Latency: 0.026387762976810336
Latency: 0.03028746391646564
Latency: 0.027827423065900803
Latency: 0.026525322813540697
Latency: 0.027492063120007515
Latency: 0.029146935790777206
Latency: 0.02499709790572524
Latency: 0.02896734094247222
Latency: 0.026664764154702425
Latency: 0.02783627388998866
Latency: 0.02665376989170909
Latency: 0.02628387208096683
Latency: 0.028489276068285108
Latency: 0.03021994116716087
Latency: 0.02644373499788344
Latency: 0.027308042161166668
Latency: 0.025202797958627343
Latency: 0.026831263909116387
Latency: 0.028369312174618244
Latency: 0.026057740906253457
Latency: 0.026723052142187953
Latency: 0.02785865101031959
Latency: 0.027138093020766973
Latency: 0.02736001810990274
Latency: 0.02502176887355745
Latency: 0.026516067795455456
Latency: 0.028045986080542207
Latency: 0.025765694910660386
Latency: 0.0261864778585732
Latency: 0.027801323914900422
Latency: 0.029236884089186788
Latency: 0.02717857318930328
Latency: 0.023819091031327844
Latency: 0.026819521095603704
Latency: 0.02755782101303339
Latency: 0.027033883845433593
Latency: 0.029011534992605448
Latency: 0.030330972047522664
Latency: 0.026782004162669182
Latency: 0.028988991864025593
Latency: 0.02848197682760656
Latency: 0.02983169094659388
Latency: 0.02742821490392089
Latency: 0.02522559300996363
Latency: 0.026999060064554214
Latency: 0.02788480301387608
Latency: 0.029638390988111496
Latency: 0.02742424583993852
Latency: 0.025873818900436163
Latency: 0.02948429388925433
Latency: 0.02756467484869063
Latency: 0.026409456972032785
Latency: 0.024606601800769567
Latency: 0.02898514294065535
Latency: 0.026663313154131174
Latency: 0.0251036430709064
Latency: 0.025406123837456107
Latency: 0.02752749901264906
Latency: 0.025195210939273238
Latency: 0.027642328990623355
Latency: 0.026799403131008148
Latency: 0.024805329041555524
Latency: 0.025321354856714606
Latency: 0.02653394895605743
Latency: 0.02940823882818222
Latency: 0.02727806312032044
Latency: 0.025311941979452968
Latency: 0.027395399985834956
Latency: 0.027011926053091884
Latency: 0.029535834910348058
Latency: 0.025413115043193102
Latency: 0.028164268005639315
Latency: 0.054628717014566064
Latency: 0.04917891509830952
Latency: 0.05157207418233156
Latency: 0.053508026991039515
Latency: 0.026430625934153795
Latency: 0.02603563410229981
Latency: 0.027655178913846612
Latency: 0.028356467140838504
Latency: 0.030455223051831126
Latency: 0.025919573148712516
Latency: 0.026968030026182532
Latency: 0.029298424953594804
Latency: 0.027858616085723042
Latency: 0.025072199059650302
Latency: 0.027790531050413847
Latency: 0.02853435487486422
Latency: 0.027001866837963462
Latency: 0.026697454042732716
Latency: 0.027611255878582597
Latency: 0.02940769004635513
Latency: 0.026987911900505424
Latency: 0.02471368294209242
Latency: 0.025671256007626653
Latency: 0.027158689917996526
Latency: 0.030421009054407477
Latency: 0.024944982025772333
Latency: 0.027018773835152388
Latency: 0.030467025004327297
Latency: 0.026798531878739595
Latency: 0.02648637187667191
Latency: 0.027803554898127913
Latency: 0.028666671831160784
Latency: 0.026076908921822906
Latency: 0.025718022137880325
Latency: 0.02867568703368306
Latency: 0.0299665208440274
Latency: 0.029531873064115644
Latency: 0.025940648978576064
Latency: 0.02714068000204861
Latency: 0.030603552935644984
Latency: 0.025521184084936976
Latency: 0.024225926958024502
Latency: 0.02760899905115366
Latency: 0.02876344695687294
Latency: 0.02620578813366592
Latency: 0.028619452146813273
Latency: 0.031490940134972334
Latency: 0.028687851037830114
Latency: 0.02460879203863442
Latency: 0.025724115082994103
Latency: 0.02954334206879139
Latency: 0.025699991965666413
Latency: 0.024833447067067027
Latency: 0.026809811126440763
Latency: 0.027002662885934114
Latency: 0.02776477113366127
Latency: 0.027269087033346295
Latency: 0.027498638024553657
Latency: 0.028026819927617908
Latency: 0.026178539963439107
Latency: 0.028503927867859602
Latency: 0.03048343607224524
Latency: 0.026659430004656315
Latency: 0.028074605157598853
Latency: 0.028015653137117624
Latency: 0.028222222113981843
Latency: 0.024710028897970915
Latency: 0.028090775944292545
Latency: 0.027424358064308763
Latency: 0.02828506799414754
Latency: 0.02810870110988617
Latency: 0.028141678078100085
Latency: 0.03031839383766055
Latency: 0.024518547113984823
Latency: 0.02560523501597345
Latency: 0.029178260127082467
Latency: 0.026624933118000627
Latency: 0.024499572115018964
Latency: 0.02580926683731377
Latency: 0.027798535069450736
Latency: 0.02725120703689754
Latency: 0.02646645694039762
Latency: 0.02724053105339408
Latency: 0.028977533103898168
Latency: 0.02577441791072488
Latency: 0.025425186147913337
Latency: 0.028833660995587707
Latency: 0.028552469797432423
Latency: 0.028378335060551763
Latency: 0.025997424963861704
Latency: 0.029451149981468916
Latency: 0.02960330480709672
Latency: 0.025271730963140726
Latency: 0.026748497039079666
Latency: 0.027451291913166642
Latency: 0.02809544000774622
Latency: 0.024467735085636377
Latency: 0.026448068907484412
Latency: 0.052864304976537824
Latency: 0.054262820864096284
Latency: 0.024264184990897775
Latency: 0.025824425043538213
Latency: 0.027262213872745633
Latency: 0.02928765001706779
Latency: 0.027364554814994335
Latency: 0.028579515172168612
Latency: 0.027903719805181026
Latency: 0.02944068517535925
Latency: 0.025379664031788707
Latency: 0.026226146845147014
Latency: 0.028189924079924822
Latency: 0.02673258096911013
Latency: 0.027211801847442985
Latency: 0.028560803970322013
Latency: 0.026823778869584203
Latency: 0.027475245064124465
Latency: 0.025588775984942913
Latency: 0.029543061973527074
Latency: 0.028407295932993293
Latency: 0.026464648079127073
Latency: 0.02872167993336916
Latency: 0.027792782988399267
Latency: 0.02660481887869537
Latency: 0.02887802803888917
Latency: 0.02805391699075699
Latency: 0.02753205900080502
Latency: 0.027776899049058557
Latency: 0.02732605393975973
Latency: 0.02814632491208613
Latency: 0.027662551030516624
Latency: 0.025111235911026597
Latency: 0.02650616504251957
Latency: 0.02751995692960918
Latency: 0.025557613000273705
Latency: 0.02663615602068603
Latency: 0.026991636026650667
Latency: 0.02670515701174736
Latency: 0.026628878200426698
Latency: 0.02361857402138412
Latency: 0.025182578014209867
Latency: 0.031203876016661525
Latency: 0.02698757778853178
Latency: 0.027677703881636262
Latency: 0.02945675700902939
Latency: 0.028131606988608837
Latency: 0.026583290891721845
Latency: 0.02812655922025442
Latency: 0.029299132991582155
Latency: 0.027625046903267503
Latency: 0.02656305185519159
Latency: 0.027186587918549776
Latency: 0.03038861509412527
Latency: 0.026283076964318752
Latency: 0.02536689303815365
Latency: 0.026895095827057958
Latency: 0.028546656016260386
Latency: 0.025985577143728733
Latency: 0.02434322889894247
Latency: 0.0260639158077538
Latency: 0.029375922866165638
Latency: 0.02643203712068498
Latency: 0.026533433003351092
Latency: 0.02742697997018695
Latency: 0.027173310983926058
Latency: 0.024237901903688908
Latency: 0.024907520972192287
Latency: 0.02765754796564579
Latency: 0.027736484073102474
Latency: 0.024876256939023733
Latency: 0.025926231173798442
Latency: 0.027251940919086337
Latency: 0.028430313104763627
Latency: 0.029483790043741465
Latency: 0.026561108184978366
Latency: 0.02917372202500701
Latency: 0.027334850979968905
Latency: 0.02424063882790506
Latency: 0.02560734492726624
Latency: 0.027598803164437413
Latency: 0.029313185950741172
Latency: 0.029452258022502065
Latency: 0.027187247993424535
Latency: 0.02829779707826674
Latency: 0.0286614999640733
Latency: 0.026569388806819916
Latency: 0.027997871860861778
Latency: 0.02633649413473904
Latency: 0.029706239001825452
Latency: 0.027512282133102417
Latency: 0.02703332109376788
Latency: 0.02666071499697864
Latency: 0.028487313073128462
Latency: 0.026910544838756323
Latency: 0.027044788002967834
Latency: 0.05268908501602709
Latency: 0.05474901502020657
Latency: 0.05180843407288194
Latency: 0.025818730937317014
Latency: 0.026470416923984885
Latency: 0.02669487497769296
Latency: 0.02530084503814578
Latency: 0.028292424976825714
Latency: 0.028641039971262217
Latency: 0.028861413011327386
Latency: 0.026921493001282215
Latency: 0.025805223966017365
Latency: 0.026850828900933266
Latency: 0.028850612929090858
Latency: 0.025303503032773733
Latency: 0.025581114925444126
Latency: 0.0308851629961282
Latency: 0.02843722002580762
Latency: 0.02907424606382847
Latency: 0.02761030406691134
Latency: 0.026491348864510655
Latency: 0.027947935974225402
Latency: 0.027803688077256083
Latency: 0.025450967950746417
Latency: 0.026640240103006363
Latency: 0.027761294972151518
Latency: 0.02969799702987075
Latency: 0.025176955852657557
Latency: 0.029010531958192587
Latency: 0.027547924080863595
Latency: 0.02850227290764451
Latency: 0.02363790711387992
Latency: 0.02652359800413251
Latency: 0.029177972115576267
Latency: 0.029212693916633725
Latency: 0.029130760114639997
Latency: 0.02561609703116119
Latency: 0.028305429965257645
Latency: 0.02858945820480585
Latency: 0.026618160074576735
Latency: 0.02705024811439216
Latency: 0.024394869804382324
Latency: 0.026034012902528048
Latency: 0.029248571954667568
Latency: 0.025109916925430298
Latency: 0.03022432397119701
Latency: 0.027719604084268212
Latency: 0.02916160481981933
Latency: 0.02520787692628801
Latency: 0.027768173022195697
Latency: 0.02908447990193963
Latency: 0.02505475515499711
Latency: 0.027907114941626787
Latency: 0.028066411847248673
Latency: 0.02871479094028473
Latency: 0.025663187028840184
Latency: 0.027317686937749386
Latency: 0.02599643310531974
Latency: 0.02905719797126949
Latency: 0.02361034695059061
Latency: 0.0257657659240067
Latency: 0.026692189974710345
Latency: 0.02804390504024923
Latency: 0.028499614913016558
Latency: 0.02389519102871418
Latency: 0.025801077019423246
Latency: 0.026754073100164533
Latency: 0.029115190962329507
Latency: 0.026410124031826854
Latency: 0.02747742598876357
Latency: 0.02655019098892808
Latency: 0.029493413865566254
Latency: 0.02666466706432402
Latency: 0.026935884030535817
Latency: 0.02875923993997276
Latency: 0.028571905102580786
Latency: 0.025296793086454272
Latency: 0.029511816101148725
Latency: 0.026941195130348206
Latency: 0.03097343584522605
Latency: 0.023281972855329514
Latency: 0.027442845050245523
Latency: 0.02862389199435711
Latency: 0.028506840113550425
Latency: 0.023158767027780414
Latency: 0.024079554015770555
Latency: 0.028995183994993567
Latency: 0.030389348044991493
Latency: 0.027329007163643837
Latency: 0.024242357816547155
Latency: 0.02819269895553589
Latency: 0.027670014882460237
Latency: 0.02673377003520727
Latency: 0.026247252942994237
Latency: 0.029505582060664892
Latency: 0.032561167841777205
Latency: 0.02720491006039083
Latency: 0.0479931200388819
Latency: 0.051701742922887206
Latency: 0.053484329022467136
Latency: 0.05091423215344548
Latency: 0.022861121920868754
Latency: 0.025251168990507722
Latency: 0.026852573035284877
Latency: 0.025422221049666405
Latency: 0.024365422083064914
Latency: 0.02843583608046174
Latency: 0.02899030689150095
Latency: 0.02502797287888825
Latency: 0.023521983064711094
Latency: 0.028090063948184252
Latency: 0.0296322179492563
Latency: 0.02564501785673201
Latency: 0.026160375215113163
Latency: 0.026591035071760416
Latency: 0.028241424122825265
Latency: 0.02882835897617042
Latency: 0.022572803078219295
Latency: 0.027012676000595093
Latency: 0.030379301868379116
Latency: 0.025298842927441
Latency: 0.02637139311991632
Latency: 0.02816499606706202
Latency: 0.02932749316096306
Latency: 0.0283599600661546
Latency: 0.023761474061757326
Latency: 0.026947912061586976
Latency: 0.028046001913025975
Latency: 0.027123518055304885
Latency: 0.022839897079393268
Latency: 0.030647712061181664
Latency: 0.024715492967516184
Latency: 0.03075213683769107
Latency: 0.023819570895284414
Latency: 0.02587918797507882
Latency: 0.026239582104608417
Latency: 0.026444036047905684
Latency: 0.02616439200937748
Latency: 0.02849166397936642
Latency: 0.023800471099093556
Latency: 0.02647079899907112
Latency: 0.027907236944884062
Latency: 0.028961791191250086
Latency: 0.029256889130920172
Latency: 0.02587137697264552
Latency: 0.023794026812538505
Latency: 0.02489782706834376
Latency: 0.025929918978363276
Latency: 0.025580210145562887
Latency: 0.027908788062632084
Latency: 0.03090842184610665
Latency: 0.02731332601979375
Latency: 0.02723382506519556
Latency: 0.028470974881201982
Latency: 0.027366315945982933
Latency: 0.028464218834415078
Latency: 0.025701615028083324
Latency: 0.025941866217181087
Latency: 0.029717125929892063
Latency: 0.0278384608682245
Latency: 0.028477542102336884
Latency: 0.02844995097257197
Latency: 0.028493375051766634
Latency: 0.026654907036572695
Latency: 0.027384212939068675
Latency: 0.02546398900449276
Latency: 0.0266215440351516
Latency: 0.027229770086705685
Latency: 0.026910206070169806
Latency: 0.025885974057018757
Latency: 0.027995194075629115
Latency: 0.024809899041429162
Latency: 0.025706018088385463
Latency: 0.024787273025140166
Latency: 0.02619415009394288
Latency: 0.02678077295422554
Latency: 0.026893867878243327
Latency: 0.025969655951485038
Latency: 0.02793648513033986
Latency: 0.02491010702215135
Latency: 0.02596350503154099
Latency: 0.026256732875481248
Latency: 0.025996221927925944
Latency: 0.027614816091954708
Latency: 0.03026309609413147
Latency: 0.025796026922762394
Latency: 0.029654056066647172
Latency: 0.026037273928523064
Latency: 0.02778676082380116
Latency: 0.025109227979555726
Latency: 0.028584070969372988
Latency: 0.030221326043829322
Latency: 0.06347510707564652
Latency: 0.05994024616666138
Latency: 0.06229253904893994
Latency: 0.05791963613592088
