Latency: 0.920494994847104
Latency: 0.9620184560772032
Latency: 0.9612499079667032
Latency: 0.9722579622175545
Latency: 0.9789057620801032
Latency: 0.9783147880807519
Latency: 0.9871076678391546
Latency: 0.987197234062478
Latency: 0.9763923001009971
Latency: 0.9880299989599735
Latency: 0.9902485359925777
Latency: 0.9883098918944597
Latency: 0.9922634901013225
Latency: 0.9913622250314802
Latency: 0.9870412638410926
Latency: 0.9942938149906695
Latency: 1.0074094729498029
Latency: 1.0049911469686776
Latency: 1.0033965520560741
Latency: 1.0080271170008928
Latency: 1.0138320710975677
Latency: 1.0150703410618007
Latency: 1.0120964588131756
Latency: 1.0121000409126282
Latency: 1.0138939819298685
Latency: 1.0205050318036228
Latency: 1.023528234101832
Latency: 1.0203215749934316
Latency: 1.0253026571590453
Latency: 1.025552666047588
Latency: 1.0256345660891384
Latency: 1.037265527062118
Latency: 1.0401619640178978
Latency: 1.0430951009038836
Latency: 1.0387451220303774
Latency: 1.033610131824389
Latency: 1.0329076158814132
Latency: 1.0483318860642612
Latency: 1.0426394750829786
Latency: 1.0465422559063882
Latency: 1.0569947720505297
Latency: 1.0609543800819665
Latency: 1.0453692278824747
Latency: 1.0488565738778561
Latency: 1.0617511440068483
Latency: 1.0587359678465873
Latency: 1.055710578104481
Latency: 1.054485535947606
Latency: 1.0692978389561176
Latency: 1.0603491980582476
Latency: 1.0700859231874347
Latency: 1.081642264034599
Latency: 1.0822323118336499
Latency: 1.0724853710271418
Latency: 1.0837653269991279
Latency: 1.0884647290222347
Latency: 1.0858538071624935
Latency: 1.0959771701600403
Latency: 1.0838318390306085
Latency: 1.0843342489097267
Latency: 1.0909998659044504
Latency: 1.1012542801909149
Latency: 1.093128902837634
Latency: 1.10609236988239
Latency: 0.8270237799733877
Latency: 0.834411655087024
Latency: 0.8217494529671967
Latency: 0.8342681769281626
Latency: 0.8289885900449008
Latency: 0.851626236923039
Latency: 0.8385522139724344
Latency: 0.8335359240882099
Latency: 0.844324525911361
Latency: 0.8514507198706269
Latency: 0.8484799310099334
Latency: 0.8462088028900325
Latency: 0.8481232009362429
Latency: 0.8528399169445038
Latency: 0.8517366540618241
Latency: 0.8458119879942387
Latency: 0.8542525309603661
Latency: 0.8585604990366846
Latency: 0.8485792318824679
Latency: 0.8511663391254842
Latency: 0.8554958838503808
Latency: 0.8562464828137308
Latency: 0.8450504739303142
Latency: 0.8565382051747292
Latency: 0.8423187169246376
Latency: 0.8287183770444244
Latency: 0.8494551109615713
Latency: 0.8593817541841418
Latency: 0.8479960458353162
Latency: 0.8370335320942104
Latency: 0.8466422848869115
Latency: 0.841611630981788
Latency: 0.8356656550895423
Latency: 0.8557830560021102
Latency: 0.8711556198541075
Latency: 0.8478902580682188
Latency: 0.8507302610669285
Latency: 0.8577982380520552
Latency: 0.8439467579592019
Latency: 0.8464623049367219
Latency: 0.8316317920107394
Latency: 0.8485159990377724
Latency: 0.8442683559842408
Latency: 0.8619546070694923
Latency: 0.8640183580573648
Latency: 0.848895583068952
Latency: 0.849995716009289
Latency: 0.8479880129452795
Latency: 0.855905330972746
Latency: 0.8463232880458236
Latency: 0.8453043070621789
Latency: 0.8430217641871423
Latency: 0.8384913930203766
Latency: 0.8403064811136574
Latency: 0.84001035685651
Latency: 0.856965865008533
Latency: 0.8485145168378949
Latency: 0.8463278708513826
Latency: 0.8424505258444697
Latency: 0.8416293771006167
Latency: 0.8448899039067328
Latency: 0.8475551689043641
Latency: 0.8407831189688295
Latency: 0.8496971479617059
Latency: 0.8329314859583974
Latency: 0.8155583499465138
Latency: 0.8171615330502391
Latency: 0.8298400691710413
Latency: 0.8102176629472524
Latency: 0.8372422440443188
Latency: 0.8232075739651918
Latency: 0.8163425230886787
Latency: 0.8364737541414797
Latency: 0.8271204028278589
Latency: 0.8033057961147279
Latency: 0.8131148959510028
Latency: 0.8276211537886411
Latency: 0.8267021330539137
Latency: 0.8268877090886235
Latency: 0.8272102221380919
Latency: 0.8134482458699495
Latency: 0.8247693791054189
Latency: 0.8340589040890336
Latency: 0.8148127659223974
Latency: 0.8356659810524434
Latency: 0.8104867509100586
Latency: 0.8209678961429745
Latency: 0.8333222961518914
Latency: 0.825113199884072
Latency: 0.8378027048893273
Latency: 0.8296952189411968
Latency: 0.8238283330574632
Latency: 0.8296297949273139
Latency: 0.8139584760647267
Latency: 0.8140720140654594
Latency: 0.8162907250225544
Latency: 0.8188063218258321
Latency: 0.8433824221137911
Latency: 0.8089028710965067
Latency: 0.8272600418422371
Latency: 0.8274654520209879
Latency: 0.8388156478758901
Latency: 0.8365181430708617
Latency: 0.8255962319672108
Latency: 0.8217949180398136
Latency: 0.8256184819620103
Latency: 0.8307668410707265
Latency: 0.8294456789735705
Latency: 0.8289946930017322
Latency: 0.8195139849558473
Latency: 0.8284184779040515
Latency: 0.8309760091360658
Latency: 0.8305431210901588
Latency: 0.8178653919603676
Latency: 0.8340388331562281
Latency: 0.8305455648805946
Latency: 0.8313648039475083
Latency: 0.822940442012623
Latency: 0.8249823178630322
Latency: 0.8414243049919605
Latency: 0.8415562370792031
Latency: 0.8329432909376919
Latency: 0.8241650331765413
Latency: 0.8198952930979431
Latency: 0.8306563619989902
Latency: 0.8335599999409169
Latency: 0.8261072358582169
Latency: 0.8350189321208745
Latency: 0.8531548772007227
Latency: 0.8586961010005325
Latency: 0.8604441429488361
Latency: 0.8518695400562137
Latency: 0.8784156800247729
Latency: 0.8646765190642327
Latency: 0.8462375048547983
Latency: 0.8601798790041357
Latency: 0.8671166030690074
Latency: 0.872024510987103
Latency: 0.8670585870277137
Latency: 0.8692649269942194
Latency: 0.8739953490439802
Latency: 0.8661132759880275
Latency: 0.8570668329484761
Latency: 0.8712714030407369
Latency: 0.8668475849553943
Latency: 0.8685467028990388
Latency: 0.8433311250992119
Latency: 0.8600840251892805
Latency: 0.845135873183608
Latency: 0.8643010270316154
Latency: 0.872745298082009
Latency: 0.8766275609377772
Latency: 0.8727396230679005
Latency: 0.8578486919868737
Latency: 0.8685447778552771
Latency: 0.8660560590215027
Latency: 0.8533767650369555
Latency: 0.873321559978649
Latency: 0.8686312229838222
Latency: 0.8740528200287372
Latency: 0.8788404150400311
Latency: 0.8645985620096326
Latency: 0.8558488499838859
Latency: 0.8726882040500641
Latency: 0.8604149310849607
Latency: 0.8675102631095797
Latency: 0.860585690010339
Latency: 0.858411026885733
Latency: 0.8453447080682963
Latency: 0.8701155709568411
Latency: 0.8789102560840547
Latency: 0.8623677068389952
Latency: 0.843605455942452
Latency: 0.8371198789682239
Latency: 0.8466729698702693
Latency: 0.8780148238874972
Latency: 0.8846286840271205
Latency: 0.846759086009115
Latency: 0.8712514580693096
Latency: 0.8760180028621107
Latency: 0.8545000241138041
Latency: 0.8564128510188311
Latency: 0.8708167669828981
Latency: 0.8417793589178473
Latency: 0.8650380878243595
Latency: 0.8615618851035833
Latency: 0.8720252739731222
Latency: 0.8898819810710847
Latency: 0.8538173530250788
Latency: 0.8805608819238842
Latency: 0.8690904350951314
Latency: 0.8674248398747295
Latency: 0.8137230859138072
Latency: 0.8488685530610383
Latency: 0.835321590071544
Latency: 0.8504770610015839
Latency: 0.8356356341391802
Latency: 0.8693651109933853
Latency: 0.8467974269296974
Latency: 0.8530027458909899
Latency: 0.8879020200110972
Latency: 0.8516269470565021
Latency: 0.8563480558805168
Latency: 0.8661080128513277
Latency: 0.8609936479479074
Latency: 0.8650068701244891
Latency: 0.8519594988320023
Latency: 0.8490838799625635
Latency: 0.8567140859086066
Latency: 0.8847700380720198
Latency: 0.8768801600672305
Latency: 0.8616446799132973
Latency: 0.8634379780851305
Latency: 0.8726771881338209
Latency: 0.8655253869947046
Latency: 0.8715613700915128
Latency: 0.8520511738024652
Latency: 0.8880617078393698
Latency: 0.8580929138697684
Latency: 0.855648729018867
Latency: 0.8537849190179259
Latency: 0.8575765590649098
Latency: 0.8760197381488979
Latency: 0.8617520299740136
Latency: 0.8724446869455278
Latency: 0.8524976128246635
Latency: 0.86406813794747
Latency: 0.8855639018584043
Latency: 0.8638051908928901
Latency: 0.8613011739216745
Latency: 0.861169793875888
Latency: 0.8630584448110312
Latency: 0.8525135810486972
Latency: 0.8507747880648822
Latency: 0.8691338661592454
Latency: 0.8561394908465445
Latency: 0.8624201340135187
Latency: 0.86019192985259
Latency: 0.8598060121294111
Latency: 0.8583199710119516
Latency: 0.8623214659746736
Latency: 0.8537031142041087
Latency: 0.8669183240272105
Latency: 0.8466725070029497
Latency: 0.856942072045058
Latency: 0.8520963829942048
Latency: 0.8531791840214282
Latency: 0.8639756920747459
Latency: 0.8586483101826161
Latency: 0.8716414920054376
Latency: 0.8707062990870327
Latency: 0.8584554921835661
Latency: 0.8764471041504294
Latency: 0.8630116700660437
Latency: 0.8829295509494841
Latency: 0.8673668878618628
Latency: 0.8085519359447062
Latency: 0.8234631109517068
Latency: 0.8217688801232725
Latency: 0.8211279448587447
Latency: 0.8165007301140577
Latency: 0.8260905630886555
Latency: 0.8261769309174269
Latency: 0.8247199789620936
Latency: 0.8206677299458534
Latency: 0.8181139081716537
Latency: 0.8309183898381889
Latency: 0.8133015520870686
Latency: 0.8308710239361972
Latency: 0.8131916471756995
Latency: 0.8377909520640969
Latency: 0.8314576849807054
Latency: 0.8138626450672746
Latency: 0.824299582047388
Latency: 0.8169358880259097
Latency: 0.8260878711007535
Latency: 0.8298123460263014
Latency: 0.8165042628534138
Latency: 0.8224923920352012
Latency: 0.8333275180775672
Latency: 0.8258061320520937
Latency: 0.8215524251572788
Latency: 0.8305859309621155
Latency: 0.8384508299641311
Latency: 0.828526666155085
Latency: 0.8226315849460661
Latency: 0.8312958739697933
Latency: 0.8117074158508331
Latency: 0.822812310885638
Latency: 0.8194893139880151
Latency: 0.8322069181594998
Latency: 0.8203684550244361
Latency: 0.8262246609665453
Latency: 0.8247862900607288
Latency: 0.829966465011239
Latency: 0.8246202380396426
Latency: 0.8184428429231048
Latency: 0.8150292900390923
Latency: 0.8307067658752203
Latency: 0.8148305241484195
Latency: 0.826020001899451
Latency: 0.8407416008412838
Latency: 0.828133111121133
Latency: 0.8296918980777264
Latency: 0.8311000519897789
Latency: 0.8205916609149426
Latency: 0.8234182551968843
Latency: 0.8340884048957378
Latency: 0.8328305489849299
Latency: 0.8255205419845879
Latency: 0.8211199571378529
Latency: 0.8322586501017213
Latency: 0.8237516989465803
Latency: 0.8363268550019711
Latency: 0.8303941518533975
Latency: 0.8290720270015299
Latency: 0.8372854909393936
Latency: 0.8193446937948465
Latency: 0.81529895006679
Latency: 0.8199976289179176
Latency: 0.8333732669707388
Latency: 0.8136637089774013
Latency: 0.8512172519695014
Latency: 0.8876809109933674
Latency: 0.8553939000703394
Latency: 0.8897880129516125
Latency: 0.8804140142165124
Latency: 0.8862717030569911
Latency: 0.8884931791108102
Latency: 0.9059424849692732
Latency: 0.8884140038862824
Latency: 0.8908366090618074
Latency: 0.8954833571333438
Latency: 0.9074741241056472
Latency: 0.9122993759810925
Latency: 0.8873941020574421
Latency: 0.8932242579758167
Latency: 0.9024464080575854
Latency: 0.8960212308447808
Latency: 0.9170326648745686
Latency: 0.8844674478750676
Latency: 0.9148394949734211
Latency: 0.8921768560539931
Latency: 0.9365554249379784
Latency: 0.904208161868155
Latency: 0.8871657121926546
Latency: 0.8939572242088616
Latency: 0.9182860059663653
Latency: 0.9019685399252921
Latency: 0.9154857939574867
Latency: 0.9026200659573078
Latency: 0.8848415468819439
Latency: 0.9024448308628052
Latency: 0.9288193471729755
Latency: 0.9074304029345512
Latency: 0.8983900148887187
Latency: 0.907594348769635
Latency: 0.8852244410663843
Latency: 0.9072445367928594
Latency: 0.9131952109746635
Latency: 0.9075692200567573
Latency: 0.9183229708578438
Latency: 0.8919152531307191
Latency: 0.9133557660970837
Latency: 0.8850876460783184
Latency: 0.8918223460204899
Latency: 0.9045416440349072
Latency: 0.9010789238382131
Latency: 0.902664405060932
Latency: 0.9023650079034269
Latency: 0.9033038290217519
Latency: 0.8827698000241071
Latency: 0.9103356678970158
Latency: 0.900289166951552
Latency: 0.9041648958809674
Latency: 0.8855302790179849
Latency: 0.9097878790926188
Latency: 0.9203758051153272
Latency: 0.9236640869639814
Latency: 0.930831024190411
Latency: 0.9349034221377224
Latency: 0.9311995441094041
Latency: 0.936973748030141
Latency: 0.9325680430047214
Latency: 0.8228760501369834
Latency: 0.8330194570589811
Latency: 0.8048006289172918
Latency: 0.8186238079797477
Latency: 0.8101638951338828
Latency: 0.8210029480978847
Latency: 0.8314868279267102
Latency: 0.833325341809541
Latency: 0.8340811720117927
Latency: 0.8388736939523369
Latency: 0.8411591988988221
Latency: 0.838563981000334
Latency: 0.850444951094687
Latency: 0.8283999399282038
Latency: 0.832944753812626
Latency: 0.8506222241558135
Latency: 0.8339189500547945
Latency: 0.8443939960561693
Latency: 0.8263644031248987
Latency: 0.824246923904866
Latency: 0.8238418230321258
Latency: 0.8265151509549469
Latency: 0.8610417358577251
Latency: 0.83291175798513
Latency: 0.8604095650371164
Latency: 0.8388488960918039
Latency: 0.8118453559000045
Latency: 0.8475397098809481
Latency: 0.8352888750378042
Latency: 0.8527278529945761
Latency: 0.8411306170746684
Latency: 0.8344112599734217
Latency: 0.8518606049474329
Latency: 0.8456273039337248
Latency: 0.846405325923115
Latency: 0.835915775038302
Latency: 0.8460087641142309
Latency: 0.8445141820702702
Latency: 0.868231349857524
Latency: 0.844020979013294
Latency: 0.8516503300052136
Latency: 0.8473575790412724
Latency: 0.8481530079152435
Latency: 0.8336068179924041
Latency: 0.8359384150244296
Latency: 0.8457246548496187
Latency: 0.8386039710603654
Latency: 0.8455130141228437
Latency: 0.8461614588741213
Latency: 0.8521710019558668
Latency: 0.8471216070465744
Latency: 0.8478862391784787
Latency: 0.836876654997468
Latency: 0.83988719410263
Latency: 0.8393504361156374
Latency: 0.8420556948985904
Latency: 0.8551375630777329
Latency: 0.8440105218905956
Latency: 0.8358328389003873
Latency: 0.8253511749207973
Latency: 0.8451910649891943
Latency: 0.8293570207897574
Latency: 0.8316805998329073
Latency: 0.8486758871003985
Latency: 0.812840606784448
Latency: 0.8323985601309687
Latency: 0.8163972510956228
Latency: 0.8059275869745761
Latency: 0.8136202141176909
Latency: 0.8055629150476307
Latency: 0.8199334761593491
Latency: 0.817793550202623
Latency: 0.8118580088485032
Latency: 0.8341647079214454
Latency: 0.805384639184922
Latency: 0.8079609819687903
Latency: 0.8309203018434346
Latency: 0.8257616488263011
Latency: 0.8235467521008104
Latency: 0.8294621959794313
Latency: 0.8248119940981269
Latency: 0.8066266330424696
Latency: 0.8176517239771783
Latency: 0.8304284159094095
Latency: 0.8203709388617426
Latency: 0.8359850118868053
Latency: 0.8381417661439627
Latency: 0.8337323828600347
Latency: 0.8244854789227247
Latency: 0.8379458759445697
Latency: 0.8218767889775336
Latency: 0.8443407469894737
Latency: 0.8334497781470418
Latency: 0.8268965780735016
Latency: 0.8266513240523636
Latency: 0.8375295880250633
Latency: 0.8114737218711525
Latency: 0.8367954150307924
Latency: 0.8350112889893353
Latency: 0.8425443028099835
Latency: 0.8341961479745805
Latency: 0.8376567210070789
Latency: 0.8265278909821063
Latency: 0.8350378158502281
Latency: 0.8181160870008171
Latency: 0.8404433210380375
Latency: 0.8342256559990346
Latency: 0.8392255350481719
Latency: 0.8294583829119802
Latency: 0.8338856080081314
Latency: 0.8366274400614202
Latency: 0.8307680869475007
Latency: 0.8431771551258862
Latency: 0.8281570039689541
Latency: 0.842537994030863
Latency: 0.8260620620567352
Latency: 0.8273356391582638
Latency: 0.8285921369679272
Latency: 0.8395064761862159
Latency: 0.8315336781088263
Latency: 0.8218936319462955
Latency: 0.8433576950337738
Latency: 0.8297831090167165
Latency: 0.8249913840554655
Latency: 0.8312929631210864
Latency: 0.828239006921649
Latency: 0.8405129050370306
Latency: 0.8285073768347502
Latency: 0.8266991120763123
Latency: 0.8168897358700633
Latency: 0.8298600299749523
Latency: 0.8267565479036421
Latency: 0.8171574489679188
Latency: 0.8099625529721379
Latency: 0.8218227401375771
Latency: 0.81460942607373
Latency: 0.8107560549397022
Latency: 0.8185770870186388
Latency: 0.8578586268704385
Latency: 0.8624794140923768
Latency: 0.8652735149953514
Latency: 0.863345833029598
Latency: 0.8648794658947736
Latency: 0.8658177349716425
Latency: 0.8754875950980932
Latency: 0.859383940929547
Latency: 0.8453039219602942
Latency: 0.8539784909226
Latency: 0.8600058539304882
Latency: 0.850093596149236
Latency: 0.8547082210425287
Latency: 0.8663067440502346
Latency: 0.8778725201264024
Latency: 0.8739953879266977
Latency: 0.8617501920089126
Latency: 0.8535692889709026
Latency: 0.8612922911997885
Latency: 0.8519558280240744
Latency: 0.8586829910054803
Latency: 0.8661321511026472
Latency: 0.8586085161659867
Latency: 0.8599656531587243
Latency: 0.8496515399310738
Latency: 0.8785311719402671
Latency: 0.8429470350965858
Latency: 0.8782545619178563
Latency: 0.864548496901989
Latency: 0.8650463079102337
Latency: 0.8524092400912195
Latency: 0.8515764800831676
Latency: 0.8625635269563645
Latency: 0.8540101319085807
Latency: 0.864174964139238
Latency: 0.8553758799098432
Latency: 0.8597572001162916
Latency: 0.8694824941921979
Latency: 0.8752634839620441
Latency: 0.8532421339768916
Latency: 0.8610947648994625
Latency: 0.8558765279594809
Latency: 0.8528114010114223
Latency: 0.8580586579628289
Latency: 0.8547673220746219
Latency: 0.8729231390170753
Latency: 0.8469267750624567
Latency: 0.8960901559330523
Latency: 0.8690748082008213
Latency: 0.8971845998894423
Latency: 0.8869607269298285
Latency: 0.9053406550083309
Latency: 0.8740418809466064
Latency: 0.8829618061427027
Latency: 0.8393861879594624
Latency: 0.8074864239897579
Latency: 0.8129113849718124
Latency: 0.8256765978876501
Latency: 0.8098781120497733
Latency: 0.8280138778500259
Latency: 0.8291953129228204
Latency: 0.8227413601707667
Latency: 0.8279057510662824
Latency: 0.8344200770370662
Latency: 0.8045280841179192
Latency: 0.8227096069604158
Latency: 0.8232482781168073
Latency: 0.8264996770303696
Latency: 0.8306017599534243
Latency: 0.8346781749278307
Latency: 0.8244260051287711
Latency: 0.8268064029980451
Latency: 0.820096145151183
Latency: 0.8299388710875064
Latency: 0.8245285809971392
Latency: 0.8289019949734211
Latency: 0.818940743105486
Latency: 0.8256093049421906
Latency: 0.8013221730943769
Latency: 0.8200897651258856
Latency: 0.8284430091734976
Latency: 0.828846697928384
Latency: 0.8258920409716666
Latency: 0.8286013768520206
Latency: 0.8049307819455862
Latency: 0.8212864480447024
Latency: 0.8348124430049211
Latency: 0.8262622379697859
Latency: 0.8251387001946568
Latency: 0.8203804979566485
Latency: 0.8363435759674758
Latency: 0.8310445740353316
Latency: 0.8467859071679413
Latency: 0.8344823450315744
Latency: 0.837732793064788
Latency: 0.8391887000761926
Latency: 0.8500742649193853
Latency: 0.8430311980191618
Latency: 0.843939347891137
Latency: 0.8587535880506039
Latency: 0.8246761469636112
Latency: 0.8564364919438958
Latency: 0.8579883328638971
Latency: 0.8526486367918551
Latency: 0.8685901372227818
Latency: 0.8643995139282197
Latency: 0.8611910671461374
Latency: 0.8716513498220593
Latency: 0.8777360701933503
Latency: 0.8435179807711393
Latency: 0.8120524811092764
Latency: 0.872729002032429
Latency: 0.8249863469973207
Latency: 0.8209175509400666
Latency: 0.8231131338980049
Latency: 0.8317761761136353
Latency: 0.8427255800925195
Latency: 0.8663155899848789
Latency: 0.8145943039562553
Latency: 0.8127075710799545
Latency: 0.8208645619452
Latency: 0.8252666899934411
Latency: 0.8147113199811429
Latency: 0.8253175260033458
Latency: 0.8207406420260668
Latency: 0.8240020899102092
Latency: 0.8072159870062023
Latency: 0.8376818019896746
Latency: 0.8193021640181541
Latency: 0.8196275541558862
Latency: 0.8315436560660601
Latency: 0.8415242659393698
Latency: 0.8377475419547409
Latency: 0.8150056388694793
Latency: 0.8228004958946258
Latency: 0.8211126860696822
Latency: 0.8230787189677358
Latency: 0.8166614060755819
Latency: 0.8364990039262921
Latency: 0.8233555068727583
Latency: 0.8149075219407678
Latency: 0.8306256530340761
Latency: 0.8284606540109962
Latency: 0.8241285788826644
Latency: 0.8312683689873666
Latency: 0.8109076980035752
Latency: 0.8218172669876367
Latency: 0.8381466469727457
Latency: 0.8351751768495888
Latency: 0.8348611029796302
Latency: 0.8310848220717162
Latency: 0.8159695868380368
Latency: 0.832881913986057
Latency: 0.8213314609602094
Latency: 0.8342937470879406
Latency: 0.8274347039405257
Latency: 0.8335374430753291
Latency: 0.8284134219866246
Latency: 0.8238354090135545
Latency: 0.8303317769896239
Latency: 0.8186803080607206
Latency: 0.8402397169265896
Latency: 0.8199105449020863
Latency: 0.8230049321427941
Latency: 0.84781932993792
Latency: 0.8280170829966664
Latency: 0.8243181738071144
Latency: 0.8243074510246515
Latency: 0.8268375971820205
Latency: 0.8259720371570438
Latency: 0.8312870140653104
Latency: 0.8205257500521839
Latency: 0.8252108888700604
Latency: 0.8330923721659929
Latency: 0.832664679037407
Latency: 0.8131671310402453
Latency: 0.8251771170180291
Latency: 0.829142406117171
Latency: 0.8382388248573989
Latency: 0.8257936188019812
Latency: 0.8202577019110322
Latency: 0.8424070558976382
Latency: 0.8313423530198634
Latency: 0.8033368769101799
Latency: 0.8527590218000114
Latency: 0.8593447948805988
Latency: 0.8353894969914109
Latency: 0.8582692979834974
Latency: 0.8267459960188717
Latency: 0.8451056450139731
Latency: 0.8498591599054635
Latency: 0.8241792840417475
Latency: 0.8412144789472222
Latency: 0.8255624200683087
Latency: 0.8296289620921016
Latency: 0.8637733268551528
Latency: 0.8516225081402808
Latency: 0.843735130969435
Latency: 0.8412642378825694
Latency: 0.8413731739856303
Latency: 0.8345594729762524
Latency: 0.8308600180316716
Latency: 0.8285655309446156
Latency: 0.8418771650176495
Latency: 0.8549013019073755
Latency: 0.8472373390104622
Latency: 0.8646867298521101
Latency: 0.8718386460095644
Latency: 0.8681004028767347
Latency: 0.8764000230003148
Latency: 0.8745920660439879
Latency: 0.8518350450322032
Latency: 0.8683647150173783
Latency: 0.8842097690794617
Latency: 0.8903875639662147
Latency: 0.879913569195196
Latency: 0.9052158759441227
Latency: 0.836210377048701
Latency: 0.855033912928775
Latency: 0.889766403939575
Latency: 0.8948155581019819
Latency: 0.9002586789429188
Latency: 0.8986959578469396
Latency: 0.8348073249217123
Latency: 0.843857177067548
Latency: 0.8459866060875356
Latency: 0.8499375239480287
Latency: 0.854135466972366
Latency: 0.8395127360709012
Latency: 0.8560308068990707
Latency: 0.8648083820007741
Latency: 0.9070022359956056
Latency: 0.8395385139156133
Latency: 0.8470786160323769
Latency: 0.8601684330496937
Latency: 0.8729419449809939
Latency: 0.8619738221168518
Latency: 0.8603501769248396
Latency: 0.8658191519789398
Latency: 0.8859048651065677
Latency: 0.8691857350058854
Latency: 0.8645449581090361
Latency: 0.8927235282026231
Latency: 0.904117071069777
Latency: 0.9115268141031265
Latency: 0.8629069030284882
Latency: 0.8145179210696369
Latency: 0.8212159420363605
Latency: 0.8118560670409352
Latency: 0.8060611612163484
Latency: 0.8188659311272204
Latency: 0.8192036950495094
Latency: 0.832437721081078
Latency: 0.8189444998279214
Latency: 0.8146171818953007
Latency: 0.8225595138501376
Latency: 0.847075104014948
Latency: 0.8338226950727403
Latency: 0.8413713760674
Latency: 0.8197990520857275
Latency: 0.836313643027097
Latency: 0.8284785579890013
Latency: 0.8444673349149525
Latency: 0.8158182469196618
Latency: 0.8676164208445698
Latency: 0.838192034047097
Latency: 0.8550949560012668
Latency: 0.8638174249790609
Latency: 0.815319461049512
Latency: 0.8350380810443312
Latency: 0.8618177671451122
Latency: 0.8130897788796574
Latency: 0.8317794690374285
Latency: 0.8076991159468889
Latency: 0.8352155678439885
Latency: 0.8154609319753945
Latency: 0.8152656101156026
Latency: 0.8193982460070401
Latency: 0.8085931448731571
Latency: 0.8183436992112547
Latency: 0.8212825870141387
Latency: 0.8161695320159197
Latency: 0.7949579330161214
Latency: 0.8308611388783902
Latency: 0.8195515761617571
Latency: 0.824434450827539
Latency: 0.8380837228614837
Latency: 0.8533822169993073
Latency: 0.8536116681061685
Latency: 0.8626785289961845
Latency: 0.8295427521225065
Latency: 0.8430432428140193
Latency: 0.8520511488895863
Latency: 0.8444262142293155
Latency: 0.843164558056742
Latency: 0.8619110640138388
Latency: 0.8414515720214695
Latency: 0.8482480780221522
Latency: 0.8554770681075752
Latency: 0.8487861640751362
Latency: 0.8667284660041332
Latency: 0.8330570389516652
Latency: 0.8209870490245521
Latency: 0.8644451799336821
Latency: 0.8163277511484921
Latency: 0.8258827168028802
Latency: 0.8268846340943128
Latency: 0.8338254070840776
Latency: 0.822378208162263
Latency: 0.8170182970352471
Latency: 0.8180148091632873
Latency: 0.8307431309949607
Latency: 0.8171890219673514
Latency: 0.8142552359495312
Latency: 0.8126787948422134
Latency: 0.8346561070065945
Latency: 0.8122110040858388
Latency: 0.8196983300149441
Latency: 0.8277429710142314
Latency: 0.8232439479324967
Latency: 0.8127307700924575
Latency: 0.8194057368673384
Latency: 0.8222357800696045
Latency: 0.8243761020712554
Latency: 0.8190775469411165
Latency: 0.8127484761644155
Latency: 0.8212448130361736
Latency: 0.8292268922086805
Latency: 0.8117222448345274
Latency: 0.8205781939905137
Latency: 0.8171333461068571
Latency: 0.8190064979717135
Latency: 0.8392888819798827
Latency: 0.8157788061071187
Latency: 0.8281223790254444
Latency: 0.8216534701641649
Latency: 0.8267842149361968
Latency: 0.8358586968388408
Latency: 0.8321802588179708
Latency: 0.8216937801335007
Latency: 0.8276673888321966
Latency: 0.8099319508764893
Latency: 0.8210219580214471
Latency: 0.82664336101152
Latency: 0.8014839838724583
Latency: 0.8084027259610593
Latency: 0.8240113649517298
Latency: 0.8261112140025944
Latency: 0.8114530311431736
Latency: 0.8171759850811213
Latency: 0.8114196490496397
Latency: 0.8262125430628657
Latency: 0.8247228129766881
Latency: 0.8315584971569479
Latency: 0.8306521191261709
Latency: 0.8198186869267374
Latency: 0.8234176877886057
Latency: 0.827101323986426
Latency: 0.8137169380206615
Latency: 0.8269881680607796
Latency: 0.8209756889846176
Latency: 0.8309072700794786
Latency: 0.8394908481277525
Latency: 0.8292066240683198
Latency: 0.823932824190706
Latency: 0.8289870189037174
Latency: 0.8412797909695655
Latency: 0.8312358509283513
Latency: 0.8135503330267966
Latency: 0.8266011329833418
Latency: 0.8170807037968189
Latency: 0.8386948509141803
Latency: 0.8220571230631322
Latency: 0.8257826359476894
Latency: 0.8292663369793445
Latency: 0.8281856297980994
Latency: 0.8318913809489459
Latency: 0.8287038600537926
Latency: 0.8163811340928078
Latency: 0.8306276181247085
Latency: 0.8193415380083025
Latency: 0.8322436839807779
Latency: 0.8628374189138412
Latency: 0.8773008389398456
Latency: 0.857144843088463
Latency: 0.8550107490736991
Latency: 0.8575359659735113
Latency: 0.8465751758776605
Latency: 0.841355721000582
Latency: 0.8342152421828359
Latency: 0.8962263939902186
Latency: 0.8397818028461188
Latency: 0.8905689769890159
Latency: 0.8514033530373126
Latency: 0.8365759330336004
Latency: 0.8717682068236172
Latency: 0.8399751621764153
Latency: 0.8564493879675865
Latency: 0.8644674860406667
Latency: 0.8510864567942917
Latency: 0.8415564519818872
Latency: 0.8642444310244173
Latency: 0.8555691910441965
Latency: 0.8391468818299472
Latency: 0.8539807111956179
Latency: 0.8451005341485143
Latency: 0.8533308398909867
Latency: 0.8515893979929388
Latency: 0.8421777600888163
Latency: 0.8500385140068829
Latency: 0.8446313051972538
Latency: 0.8729533990845084
Latency: 0.8798776599578559
Latency: 0.8673736702185124
Latency: 0.8684684298932552
Latency: 0.8666233459953219
Latency: 0.890572443138808
Latency: 0.8565705509390682
Latency: 0.8365558830555528
Latency: 0.8904415778815746
Latency: 0.8814986660145223
Latency: 0.8712135539390147
Latency: 0.8502083388157189
Latency: 0.8872124380432069
Latency: 0.8543784248176962
Latency: 0.8994144939351827
Latency: 0.8413291771430522
Latency: 0.84235760406591
Latency: 0.8693602029234171
Latency: 0.8824325029272586
Latency: 0.8784051169641316
Latency: 0.864124754909426
Latency: 0.8593943079467863
Latency: 0.8534056260250509
Latency: 0.8842281829565763
Latency: 0.8937298071105033
Latency: 0.8796938890591264
Latency: 0.8943872849922627
Latency: 0.8122771552298218
Latency: 0.8184719779528677
Latency: 0.835981449810788
Latency: 0.8301376709714532
Latency: 0.8271893069613725
Latency: 0.8387266050558537
Latency: 0.8288294649682939
Latency: 0.84096560603939
Latency: 0.8209658290725201
Latency: 0.8144008880481124
Latency: 0.8103269380517304
Latency: 0.8285586331039667
Latency: 0.8191763909999281
Latency: 0.8330675638280809
Latency: 0.8255995239596814
Latency: 0.8252383552026004
Latency: 0.8441157760098577
Latency: 0.8528625278268009
Latency: 0.8435327159240842
Latency: 0.8426615579519421
Latency: 0.8438737529795617
Latency: 0.8422851089853793
Latency: 0.8300462551414967
Latency: 0.8308128099888563
Latency: 0.8410493219271302
Latency: 0.8306775088422
Latency: 0.8472390389069915
Latency: 0.8435392659157515
Latency: 0.8445315109565854
Latency: 0.8652027579955757
Latency: 0.8790997189935297
Latency: 0.8651872249320149
Latency: 0.8564696959219873
Latency: 0.8773549150209874
Latency: 0.8738810929935426
Latency: 0.882878134958446
Latency: 0.8832716101314873
Latency: 0.8500780980102718
Latency: 0.8365217600949109
Latency: 0.8361153609585017
Latency: 0.8516226098872721
Latency: 0.8289050720632076
Latency: 0.8279865719377995
Latency: 0.8280043751001358
Latency: 0.8617491889744997
Latency: 0.8438626229763031
Latency: 0.8284960908349603
Latency: 0.8485587059985846
Latency: 0.862357459962368
Latency: 0.8412004911806434
Latency: 0.8405898238997906
Latency: 0.8341754558496177
Latency: 0.8502996158786118
Latency: 0.8524227610323578
Latency: 0.8460752898827195
Latency: 0.8316767199430615
Latency: 0.8506717081181705
Latency: 0.8816415760666132
Latency: 0.8909671509172767
Latency: 0.8459543660283089
Latency: 0.8740198540035635
Latency: 0.8407443270552903
Latency: 0.8431121790781617
Latency: 0.8321587119717151
Latency: 0.8376063460018486
Latency: 0.8539970971178263
Latency: 0.8124575680121779
Latency: 0.8179724919609725
Latency: 0.8258930060546845
Latency: 0.8270539699587971
Latency: 0.8198839239776134
Latency: 0.8422506120987236
Latency: 0.8475718090776354
Latency: 0.8543302009347826
Latency: 0.8480415800586343
Latency: 0.8399815401062369
Latency: 0.8609960270114243
Latency: 0.8438590499572456
Latency: 0.8630959677975625
Latency: 0.8453241710085422
Latency: 0.8500116080977023
Latency: 0.8639164280612022
Latency: 0.8426848747767508
Latency: 0.8646724398713559
Latency: 0.8477915129624307
Latency: 0.8605453020427376
Latency: 0.8450806359760463
Latency: 0.850891494890675
Latency: 0.8553673517890275
Latency: 0.8542486960068345
Latency: 0.8471609349362552
Latency: 0.8450877130962908
Latency: 0.8503532791510224
Latency: 0.818034844007343
Latency: 0.8235696188639849
Latency: 0.8433976359665394
Latency: 0.8487314418889582
Latency: 0.8421308968681842
Latency: 0.8605258860625327
Latency: 0.8443465929012746
Latency: 0.852344558108598
Latency: 0.8515509020071477
Latency: 0.8604231709614396
Latency: 0.8493429750669748
Latency: 0.8522515350487083
Latency: 0.8444320070557296
Latency: 0.8671921980567276
Latency: 0.8404399640858173
Latency: 0.8381617099512368
Latency: 0.8736877839546651
Latency: 0.8457347718067467
Latency: 0.8554585550446063
Latency: 0.863096612971276
Latency: 0.8694724999368191
Latency: 0.8472797949798405
Latency: 0.8837607949972153
Latency: 0.8390646001789719
Latency: 0.8703314480371773
Latency: 0.8547562509775162
Latency: 0.8856126698665321
Latency: 0.8733036839403212
Latency: 0.8399517829529941
Latency: 0.852949860971421
Latency: 0.8525173789821565
Latency: 0.8552118411753327
Latency: 0.8567509700078517
Latency: 0.8622350411023945
Latency: 0.8623109280597419
Latency: 0.8725942689925432
Latency: 0.9165107319131494
Latency: 0.9116313878912479
Latency: 0.8864603477995843
Latency: 0.8961015529930592
Latency: 0.9191672450397164
Latency: 0.9052966609597206
Latency: 0.8422645370010287
Latency: 0.8364196270704269
Latency: 0.8278885530307889
Latency: 0.8438052339479327
Latency: 0.8306819288991392
Latency: 0.8443675711750984
Latency: 0.8184289818163961
Latency: 0.8312260420061648
Latency: 0.837306542089209
Latency: 0.8432831659447402
Latency: 0.8439620989374816
Latency: 0.8545449979137629
Latency: 0.8476917510852218
Latency: 0.8747874849941581
Latency: 0.8774239409249276
Latency: 0.8571494480129331
Latency: 0.849317085929215
Latency: 0.8663422288373113
Latency: 0.8542373238597065
Latency: 0.8469514269381762
Latency: 0.8579402971081436
Latency: 0.8527390910312533
Latency: 0.8706539738923311
Latency: 0.8731615280266851
Latency: 0.910451133036986
Latency: 0.8961420070845634
Latency: 0.8915190708357841
Latency: 0.9032859299331903
Latency: 0.9143895730376244
Latency: 0.9169880000408739
Latency: 0.8988584119360894
Latency: 0.913089991081506
Latency: 0.9115694970823824
Latency: 0.9130756810773164
Latency: 0.9180724062025547
Latency: 0.920803101034835
Latency: 0.9094439779873937
Latency: 0.907756393076852
Latency: 0.9096670439466834
Latency: 0.9066058599855751
Latency: 0.9403595279436558
Latency: 0.9277169199194759
Latency: 0.9064102610573173
Latency: 0.9257361451163888
Latency: 0.9056766091380268
Latency: 0.9229322739411145
Latency: 0.9067570499610156
Latency: 0.9302497941534966
Latency: 0.9177633428480476
Latency: 0.9335527231451124
Latency: 0.878467746078968
Latency: 0.8946864099707454
Latency: 0.8875537200365216
Latency: 0.875957990065217
Latency: 0.9045837158337235
Latency: 0.9045678039547056
Latency: 0.9036323439795524
Latency: 0.8213254080619663
Latency: 0.8110814038664103
Latency: 0.8171950757969171
Latency: 0.7964084630366415
Latency: 0.8199891070835292
Latency: 0.8085076899733394
Latency: 0.8311529420316219
Latency: 0.8238655440509319
Latency: 0.823439238127321
Latency: 0.8223660918883979
Latency: 0.8464031731709838
Latency: 0.823032780084759
Latency: 0.840838880976662
Latency: 0.8402678358834237
Latency: 0.8255748050287366
Latency: 0.8328356530983001
Latency: 0.8305741241201758
Latency: 0.8364807381294668
Latency: 0.8185829319991171
Latency: 0.8231950979679823
Latency: 0.8182961391285062
Latency: 0.8365242930594832
Latency: 0.8245743110310286
Latency: 0.8322183089330792
Latency: 0.8202718738466501
Latency: 0.8297432779800147
Latency: 0.8403565371409059
Latency: 0.7984782820567489
Latency: 0.8357412128243595
Latency: 0.8268508641049266
Latency: 0.8206218569539487
Latency: 0.806252698181197
Latency: 0.8196732699871063
Latency: 0.8327724360860884
Latency: 0.8338353841099888
Latency: 0.8295637029223144
Latency: 0.8152640489861369
Latency: 0.8143469360657036
Latency: 0.8324364861473441
Latency: 0.8371194589417428
Latency: 0.8113047489896417
Latency: 0.8141580801457167
Latency: 0.8311070820782334
Latency: 0.8227480198256671
Latency: 0.8178441559430212
Latency: 0.8115368920844048
Latency: 0.8238844000734389
Latency: 0.8372652849648148
Latency: 0.8303222190588713
Latency: 0.825715193990618
Latency: 0.8344222800806165
Latency: 0.8403480991255492
Latency: 0.8246391019783914
Latency: 0.825844710925594
Latency: 0.8337715591769665
Latency: 0.823446799069643
Latency: 0.8456797029357404
Latency: 0.8211890340317041
Latency: 0.8185661169700325
Latency: 0.8309989660046995
Latency: 0.8197475450579077
