Latency: 0.9178734940942377
Latency: 0.822284959955141
Latency: 0.8415924238506705
Latency: 0.8273443451616913
Latency: 0.8322542810346931
Latency: 0.8371706940233707
Latency: 0.8436040258966386
Latency: 0.8148893630132079
Latency: 0.8365789609961212
Latency: 0.828240105882287
Latency: 0.8283988749608397
Latency: 0.8409923948347569
Latency: 0.8329001162201166
Latency: 0.8280139369890094
Latency: 0.828336178092286
Latency: 0.8319095550104976
Latency: 0.834682835964486
Latency: 0.8259718059562147
Latency: 0.8222229059319943
Latency: 0.8395810970105231
Latency: 0.8209806049708277
Latency: 0.8335088610183448
Latency: 0.8246422610245645
Latency: 0.853165321983397
Latency: 0.8194380989298224
Latency: 0.8355965539813042
Latency: 0.8285837029106915
Latency: 0.8253470209892839
Latency: 0.833200422115624
