Latency: 0.9278351860120893
Latency: 0.8365324640180916
Latency: 0.8392107479739934
Latency: 0.8309872250538319
Latency: 0.8384800660423934
Latency: 0.8319577269721776
Latency: 0.8444139899220318
Latency: 0.8535032959189266
Latency: 0.8439607340842485
Latency: 0.8516356130130589
Latency: 0.8352366499602795
Latency: 0.8425373958889395
Latency: 0.8391008160542697
Latency: 0.8487229060847312
Latency: 0.8366275448352098
Latency: 0.8381035039201379
Latency: 0.8573556230403483
Latency: 0.8340797119308263
Latency: 0.8522538980469108
Latency: 0.8365909331478179
Latency: 0.8259729770943522
Latency: 0.8371656280942261
Latency: 0.8509602390695363
Latency: 0.8374300629366189
Latency: 0.8435527409892529
Latency: 0.8467255050782114
Latency: 0.8214899180456996
Latency: 0.8327010320499539
Latency: 0.8436739391181618
