Latency: 0.5751275760121644
Latency: 0.5743467139545828
Latency: 0.5745390960946679
Latency: 0.5746346048545092
Latency: 0.576115382835269
Latency: 0.5776393951382488
Latency: 0.579046169994399
Latency: 0.5804970290046185
Latency: 0.581954485969618
Latency: 0.5833230840507895
Latency: 0.5848110609222203
Latency: 0.586273540975526
Latency: 0.5876870828215033
Latency: 0.589113594032824
Latency: 0.5906999770086259
Latency: 0.5922473089303821
Latency: 0.5937309758737683
Latency: 0.5951935900375247
Latency: 0.5966526018455625
Latency: 0.5981122481171042
Latency: 0.599573384039104
Latency: 0.6010114708915353
Latency: 0.6024165120907128
Latency: 0.603863911004737
Latency: 0.6053264611400664
Latency: 0.6067522009834647
Latency: 0.6081411968916655
Latency: 0.609750441974029
Latency: 0.6112024670001119
Latency: 0.6127686589024961
Latency: 0.6143246910069138
Latency: 0.6158251040615141
Latency: 0.6172760659828782
Latency: 0.618779812939465
Latency: 0.6202722410671413
Latency: 0.6216195370070636
Latency: 0.6230903249233961
Latency: 0.624535241862759
Latency: 0.6260873100254685
Latency: 0.6275284450966865
Latency: 0.6313744250219315
Latency: 0.632856615819037
Latency: 0.6342972940765321
Latency: 0.6357287529390305
Latency: 0.6371865579858422
Latency: 0.6386502508539706
Latency: 0.6408905880525708
Latency: 0.6424076019320637
Latency: 0.6438642391003668
Latency: 0.6453373660333455
Latency: 0.6467870729975402
Latency: 0.6482481008861214
Latency: 0.6530182850547135
Latency: 0.6545014490839094
Latency: 0.6560149809811264
Latency: 0.657656337833032
Latency: 0.6591602768748999
Latency: 0.6607552000787109
Latency: 0.6622112260665745
Latency: 0.6636467799544334
Latency: 0.6650946841109544
Latency: 0.6665904100518674
Latency: 0.6680332380346954
Latency: 0.6695024250075221
Latency: 0.6710141031071544
Latency: 0.6724735270254314
Latency: 0.6739294508006424
Latency: 0.6753984850365669
Latency: 0.6769306301139295
Latency: 0.6784010289702564
Latency: 0.6798725340049714
Latency: 0.6815216979011893
Latency: 0.6828897600062191
Latency: 0.684360075974837
Latency: 0.6858126779552549
Latency: 0.6872948310337961
Latency: 0.6887289790902287
Latency: 0.6902501150034368
Latency: 0.6916798839811236
Latency: 0.6932431349996477
Latency: 0.6947027330752462
Latency: 0.6961184709798545
Latency: 0.6975962149444968
Latency: 0.6990816430188715
Latency: 0.7005717470310628
Latency: 0.7016143149230629
Latency: 0.7031231781002134
Latency: 0.7045064349658787
Latency: 0.7059385690372437
Latency: 0.7074208909180015
Latency: 0.7090131759177893
Latency: 0.7107256769668311
Latency: 0.7123237350024283
Latency: 0.7137627259362489
Latency: 0.7152270129881799
Latency: 0.716737057082355
Latency: 0.7246758958790451
Latency: 0.7264004298485816
Latency: 0.7282055160030723
Latency: 0.7296918530482799
Latency: 0.7311902248766273
Latency: 0.7327419640496373
Latency: 0.7342481887899339
Latency: 0.7357307909987867
Latency: 0.7372416709549725
Latency: 0.7392524420283735
Latency: 0.7511847240384668
Latency: 0.7510229831095785
Latency: 0.7519043118227273
Latency: 0.752799459034577
Latency: 0.7513280548155308
Latency: 0.7528129119891673
Latency: 0.7543006620835513
Latency: 0.7558656260371208
Latency: 0.7573289528954774
Latency: 0.758998631965369
Latency: 0.7607320658862591
Latency: 0.7639199539553374
Latency: 0.7665964020416141
Latency: 0.7683252030983567
Latency: 0.7698882198892534
Latency: 0.7715542109217495
Latency: 0.7730880230665207
Latency: 0.7745516928844154
Latency: 0.7760939951986074
Latency: 0.7777974759228528
Latency: 0.7793535978998989
Latency: 0.7808673889376223
Latency: 0.5813022491056472
Latency: 0.582678803941235
Latency: 0.5840065700467676
Latency: 0.5847192769870162
Latency: 0.5896036750636995
Latency: 0.5909071450587362
Latency: 0.5898182289674878
Latency: 0.5911705300677568
Latency: 0.6052518920041621
Latency: 0.606739599024877
Latency: 0.6081091030500829
Latency: 0.6163292611017823
Latency: 0.6174997300840914
Latency: 0.6187012200243771
Latency: 0.6199647500179708
Latency: 0.6211416148580611
Latency: 0.6223938178736717
Latency: 0.6210513787809759
Latency: 0.6223741548601538
Latency: 0.6237401808612049
Latency: 0.625120755052194
Latency: 0.6264499691314995
Latency: 0.6278318918775767
Latency: 0.6294562180992216
Latency: 0.6308033338282257
Latency: 0.62969631399028
Latency: 0.6310592950321734
Latency: 0.6325221669394523
Latency: 0.6338921708520502
Latency: 0.6353056679945439
Latency: 0.6366601239424199
Latency: 0.6380231899674982
Latency: 0.6394324339926243
Latency: 0.6408195849508047
Latency: 0.6399817711208016
Latency: 0.6413370580412447
Latency: 0.6426648350898176
Latency: 0.6440834410022944
Latency: 0.6455534028355032
Latency: 0.6470687789842486
Latency: 0.6428151659201831
Latency: 0.6441594990901649
Latency: 0.6503780228085816
Latency: 0.6517097430769354
Latency: 0.6532171459402889
Latency: 0.6513491559308022
Latency: 0.6527741958852857
Latency: 0.6619623240549117
Latency: 0.6633782980497926
Latency: 0.6649027918465436
Latency: 0.6664018749725074
Latency: 0.6678587710484862
Latency: 0.6692585709970444
Latency: 0.6706876871176064
Latency: 0.6721412141341716
Latency: 0.6700039431452751
Latency: 0.6713981730863452
Latency: 0.6728068708907813
Latency: 0.6742094771470875
Latency: 0.6755867879837751
Latency: 0.6769919299986213
Latency: 0.6785052679479122
Latency: 0.6799068639520556
Latency: 0.6813124099280685
Latency: 0.682892755838111
Latency: 0.6843437608331442
Latency: 0.6857500690966845
Latency: 0.6871553719975054
Latency: 0.6885639410465956
Latency: 0.6899792661424726
Latency: 0.6913735740818083
Latency: 0.6927833650261164
Latency: 0.6942446851171553
Latency: 0.6956671120133251
Latency: 0.697107425192371
Latency: 0.6984954010695219
Latency: 0.699961215024814
Latency: 0.7013554209843278
Latency: 0.7027423898689449
Latency: 0.7243709610775113
Latency: 0.7258549118414521
Latency: 0.7272729009855539
Latency: 0.7286425549536943
Latency: 0.7301220099907368
Latency: 0.7314771709498018
Latency: 0.732911986997351
Latency: 0.7342630790080875
Latency: 0.735626582056284
Latency: 0.7168575229588896
Latency: 0.7179682538844645
Latency: 0.7190971479285508
Latency: 0.7203223458491266
Latency: 0.7216440020129085
Latency: 0.7229855109471828
Latency: 0.7323899960611016
Latency: 0.7338493620045483
Latency: 0.7439861400052905
Latency: 0.7453913129866123
Latency: 0.7467347839847207
Latency: 0.7480915400665253
Latency: 0.7495642809662968
Latency: 0.7508966659661382
Latency: 0.7520876158960164
Latency: 0.7532785639632493
Latency: 0.7580332800280303
Latency: 0.7687490459065884
Latency: 0.7458686679601669
Latency: 0.7451988919638097
Latency: 0.7447224049828947
Latency: 0.7459331240970641
Latency: 0.7472005740273744
Latency: 0.748464616946876
Latency: 0.7496648230589926
Latency: 0.7509528989903629
Latency: 0.7522460059262812
Latency: 0.7534854770638049
Latency: 0.7547478969208896
Latency: 0.7560698089655489
Latency: 0.757369726896286
Latency: 0.7586625451222062
Latency: 0.7600251629482955
Latency: 0.7592664239928126
Latency: 0.7606935710646212
Latency: 0.7619327311404049
Latency: 0.7632082139607519
Latency: 0.768465535948053
Latency: 0.7697999530937523
Latency: 0.7722130969632417
Latency: 0.5737890331074595
Latency: 0.5750671119894832
Latency: 0.5764914350584149
Latency: 0.5778719410300255
Latency: 0.5793229879345745
Latency: 0.5742395150009543
Latency: 0.5887728459201753
Latency: 0.5881015709601343
Latency: 0.5889338648412377
Latency: 0.5476443520747125
Latency: 0.6020197100006044
Latency: 0.6034796780440956
Latency: 0.5715752651449293
Latency: 0.5725436578504741
Latency: 0.5736669539473951
Latency: 0.575100899906829
Latency: 0.5694024020340294
Latency: 0.5706341981422156
Latency: 0.5720123290084302
Latency: 0.5730525818653405
Latency: 0.574473044835031
Latency: 0.5755438399501145
Latency: 0.5769481051247567
Latency: 0.5786912739276886
Latency: 0.5797655479982495
Latency: 0.5811452448833734
Latency: 0.5937725258991122
Latency: 0.5945291030220687
Latency: 0.5960083350073546
Latency: 0.5974216531030834
Latency: 0.5988352510612458
Latency: 0.614019667962566
Latency: 0.6122016999870539
Latency: 0.6136271120049059
Latency: 0.6150672119110823
Latency: 0.6164509519003332
Latency: 0.6179206639062613
Latency: 0.619335972936824
Latency: 0.6206741388887167
Latency: 0.6220317599363625
Latency: 0.6179740589577705
Latency: 0.6193737250287086
Latency: 0.627106413943693
Latency: 0.6428875911515206
Latency: 0.6437483760528266
Latency: 0.6452275440096855
Latency: 0.6466783049982041
Latency: 0.6386537509970367
Latency: 0.6400747580919415
Latency: 0.6415790780447423
Latency: 0.6430398910306394
Latency: 0.6445052549242973
Latency: 0.6459086649119854
Latency: 0.6473540619481355
Latency: 0.6487886470276862
Latency: 0.650202871998772
Latency: 0.651651794090867
Latency: 0.6530970011372119
Latency: 0.654531799023971
Latency: 0.6559253169689327
Latency: 0.6573363789357245
Latency: 0.6587803959846497
Latency: 0.6601997290272266
Latency: 0.6616227959748358
Latency: 0.6632851220201701
Latency: 0.6647731019183993
Latency: 0.6661904628854245
Latency: 0.67862319201231
Latency: 0.679957645945251
Latency: 0.6814002469182014
Latency: 0.6827784311026335
Latency: 0.6841957019641995
Latency: 0.6665201568976045
Latency: 0.697656231932342
Latency: 0.6992117969784886
Latency: 0.7006177259609103
Latency: 0.7020413142163306
Latency: 0.7034463561140001
Latency: 0.7049691309221089
Latency: 0.7063972831238061
Latency: 0.7078329571522772
Latency: 0.709262927994132
Latency: 0.7106833900325
Latency: 0.7121415589936078
Latency: 0.7135532170068473
Latency: 0.7149874048773199
Latency: 0.7164240130223334
Latency: 0.7177550520282239
Latency: 0.7194373109377921
Latency: 0.7208506900351495
Latency: 0.7223040519747883
Latency: 0.7238295979332179
Latency: 0.7252009289804846
Latency: 0.7266380661167204
Latency: 0.7280343100428581
Latency: 0.7294358848594129
Latency: 0.730850872118026
Latency: 0.7312155601102859
Latency: 0.7325425089802593
Latency: 0.7338826998602599
Latency: 0.7439194521866739
Latency: 0.7436862939503044
Latency: 0.7447048400063068
Latency: 0.7462095529772341
Latency: 0.7477259361185133
Latency: 0.7193813968915492
Latency: 0.7189839039929211
Latency: 0.7203432482201606
Latency: 0.7200772420037538
Latency: 0.7197193428874016
Latency: 0.7192930381279439
Latency: 0.7190651390701532
Latency: 0.7201619490515441
Latency: 0.7216863699723035
Latency: 0.7227613590657711
Latency: 0.7242245590314269
Latency: 0.7312852628529072
Latency: 0.7327687251381576
Latency: 0.7335288189351559
Latency: 0.7349757219199091
Latency: 0.7363699909765273
Latency: 0.7377515379339457
Latency: 0.7391545991413295
Latency: 0.7406146589200944
Latency: 0.7411490078084171
Latency: 0.7425005789846182
Latency: 0.7438677130267024
Latency: 0.7290704380720854
Latency: 0.5925807908643037
Latency: 0.5970092241186649
Latency: 0.5983954970724881
Latency: 0.5992579259909689
Latency: 0.6006631760392338
Latency: 0.6020777090452611
Latency: 0.6590638109482825
Latency: 0.6595751401036978
Latency: 0.6588534519542009
Latency: 0.6316008961293846
Latency: 0.6330349161289632
Latency: 0.63378971000202
Latency: 0.6497786699328572
Latency: 0.6510823739226907
Latency: 0.6526198389474303
Latency: 0.65400231606327
Latency: 0.655533849960193
Latency: 0.6570170160848647
Latency: 0.6584223990794271
Latency: 0.6522455380763859
Latency: 0.6535315569490194
Latency: 0.6545276390388608
Latency: 0.6708922071848065
Latency: 0.6717302990145981
Latency: 0.6734010898508132
Latency: 0.67524588201195
Latency: 0.6849549780599773
Latency: 0.6864046310074627
Latency: 0.6878361098933965
Latency: 0.6892817819025367
Latency: 0.690721259219572
Latency: 0.6900286560412496
Latency: 0.6914359799120575
Latency: 0.6928631050977856
Latency: 0.694317810004577
Latency: 0.6957364359404892
Latency: 0.6971700380090624
Latency: 0.6986300381831825
Latency: 0.7000484769232571
Latency: 0.7015007021836936
Latency: 0.7029390709940344
Latency: 0.7043936781119555
Latency: 0.7057914359029382
Latency: 0.6691627348773181
Latency: 0.6787232907954603
Latency: 0.6801404359284788
Latency: 0.6815244720783085
Latency: 0.6673489219974726
Latency: 0.6682767239399254
Latency: 0.6696568289771676
Latency: 0.6711829320993274
Latency: 0.6721388068981469
Latency: 0.6735822767950594
Latency: 0.6750048499088734
Latency: 0.6764530420769006
Latency: 0.6779065881855786
Latency: 0.6793362949974835
Latency: 0.6807481169234961
Latency: 0.6821230850182474
Latency: 0.6826679559890181
Latency: 0.6840813891030848
Latency: 0.6854809541255236
Latency: 0.6826210881117731
Latency: 0.6843134420923889
Latency: 0.6858071510214359
Latency: 0.687191910110414
Latency: 0.6886029809247702
Latency: 0.6890181109774858
Latency: 0.6904380789492279
Latency: 0.6917296010069549
Latency: 0.6931312191300094
Latency: 0.6945252839941531
Latency: 0.6949870171956718
Latency: 0.6963732198346406
Latency: 0.6977426598314196
Latency: 0.6980605821590871
Latency: 0.699400678044185
Latency: 0.7008154271170497
Latency: 0.7022144908551127
Latency: 0.7038125928957015
Latency: 0.7052402859553695
Latency: 0.7153055090457201
Latency: 0.7167098249774426
Latency: 0.718137098941952
Latency: 0.7195276541169733
Latency: 0.7209141659550369
Latency: 0.7222952689044178
Latency: 0.7237304539885372
Latency: 0.7220667919609696
Latency: 0.7235481129027903
Latency: 0.7288272099103779
Latency: 0.7302144069690257
Latency: 0.7316712990868837
Latency: 0.733078233897686
Latency: 0.7345005490351468
Latency: 0.735898062819615
Latency: 0.7373039361555129
Latency: 0.7386752699967474
Latency: 0.7467053770087659
Latency: 0.7481369418092072
Latency: 0.738204930908978
Latency: 0.7395460701081902
Latency: 0.7409779799636453
Latency: 0.7424518289044499
Latency: 0.7437192318029702
Latency: 0.7283995938487351
Latency: 0.7295384199824184
Latency: 0.7307710880413651
Latency: 0.7319835550151765
Latency: 0.7334001939743757
Latency: 0.734941815957427
Latency: 0.7504278649576008
Latency: 0.7498548510484397
Latency: 0.7554250159300864
Latency: 0.755172282923013
Latency: 0.7549258759245276
Latency: 0.6555240801535547
Latency: 0.6568647990934551
Latency: 0.6581883151084185
Latency: 0.6594575538765639
Latency: 0.6609047609381378
Latency: 0.661982683930546
Latency: 0.6775632239878178
Latency: 0.6771575750317425
Latency: 0.6770551539957523
Latency: 0.6849522611591965
Latency: 0.6860185798723251
Latency: 0.7303789749275893
Latency: 0.6797437821514904
Latency: 0.6807009978219867
Latency: 0.6820295699872077
Latency: 0.6834708489477634
Latency: 0.6849060480017215
Latency: 0.6863588879350573
Latency: 0.6575614269822836
Latency: 0.6585601200349629
Latency: 0.6600236871745437
Latency: 0.5932404738850892
Latency: 0.5941745298914611
Latency: 0.595563231036067
Latency: 0.5969436860177666
Latency: 0.5983736149501055
Latency: 0.5992972061503679
Latency: 0.6007134830579162
Latency: 0.6154566172044724
Latency: 0.6168890099506825
Latency: 0.6183777439873666
Latency: 0.6451733650173992
Latency: 0.6466197872068733
Latency: 0.6631323401816189
Latency: 0.6692852829582989
Latency: 0.6708230699878186
Latency: 0.6722397429402918
Latency: 0.6737270900048316
Latency: 0.6584932031109929
Latency: 0.6594875659793615
Latency: 0.6609051460400224
Latency: 0.6623537389095873
Latency: 0.6637931501027197
Latency: 0.6644296601880342
Latency: 0.6658905921503901
Latency: 0.6667184578254819
Latency: 0.6681178170256317
Latency: 0.6697636120952666
Latency: 0.6712015150114894
Latency: 0.6726355489809066
Latency: 0.6736854049377143
Latency: 0.6750428618397564
Latency: 0.6764486010652035
Latency: 0.6778384950011969
Latency: 0.6792520270682871
Latency: 0.6806966389995068
Latency: 0.6855313100386411
Latency: 0.6878955678548664
Latency: 0.6893046030309051
Latency: 0.6778912879526615
Latency: 0.6792740321252495
Latency: 0.680571970064193
Latency: 0.6819961038418114
Latency: 0.6834391159936786
Latency: 0.6843419799115509
Latency: 0.6857743898872286
Latency: 0.6872610731516033
Latency: 0.688529116101563
Latency: 0.6899552780669183
Latency: 0.6913521329406649
Latency: 0.6928200209513307
Latency: 0.6933569270186126
Latency: 0.6947124488651752
Latency: 0.6961065561044961
Latency: 0.697557277046144
Latency: 0.6989234939683229
Latency: 0.7003781471867114
Latency: 0.7008576011285186
Latency: 0.7022483360487968
Latency: 0.7036360120400786
Latency: 0.705042946850881
Latency: 0.7064639590680599
Latency: 0.7078790219966322
Latency: 0.7092447588220239
Latency: 0.7091978089883924
Latency: 0.7105667870491743
Latency: 0.7119839850347489
Latency: 0.7133685091976076
Latency: 0.7117724639829248
Latency: 0.7130862860940397
Latency: 0.7145291010383517
Latency: 0.7158893949817866
Latency: 0.7173079350031912
Latency: 0.7103215509559959
Latency: 0.711703258799389
Latency: 0.7131264780182391
Latency: 0.7066378081217408
Latency: 0.7080371079500765
Latency: 0.7094104159623384
Latency: 0.7295386979822069
Latency: 0.7309438558295369
Latency: 0.7323407200165093
Latency: 0.7310924818739295
Latency: 0.7324692120309919
Latency: 0.7338795179966837
Latency: 0.7435902340803295
Latency: 0.7450162309687585
Latency: 0.7463992182165384
Latency: 0.7478144292254001
Latency: 0.7492330940440297
Latency: 0.7507362510077655
Latency: 0.7521291198208928
Latency: 0.7535505669657141
Latency: 0.8030793559737504
Latency: 0.8046657701488584
Latency: 0.806137555046007
Latency: 0.807466512080282
Latency: 0.8088651360012591
Latency: 0.8102152498904616
Latency: 0.8115861499682069
Latency: 0.8129400489851832
Latency: 0.8143201619386673
Latency: 0.8157080279197544
Latency: 0.7544704959727824
Latency: 0.7557799108326435
Latency: 0.7493980280123651
Latency: 0.7505629081279039
Latency: 0.7519018929451704
Latency: 0.759866839973256
Latency: 0.7612934380304068
Latency: 0.7625763940159231
Latency: 0.7707401909865439
Latency: 0.772166060982272
Latency: 0.7732130780350417
Latency: 0.7341472350526601
Latency: 0.7354366169311106
Latency: 0.7368636790197343
Latency: 0.7499647820368409
Latency: 0.7499913740903139
Latency: 0.7029862708877772
Latency: 0.6817822540178895
Latency: 0.68329115700908
Latency: 0.6847783010452986
Latency: 0.6861891890875995
Latency: 0.6872579290065914
Latency: 0.6886831959709525
Latency: 0.649408713914454
Latency: 0.6507962569594383
Latency: 0.6522174139972776
Latency: 0.6534531030338258
Latency: 0.6548960511572659
Latency: 0.6563167909625918
Latency: 0.6577929079066962
Latency: 0.658848969032988
Latency: 0.6602475359104574
Latency: 0.6616610230412334
Latency: 0.6064287638291717
Latency: 0.5773035062011331
Latency: 0.5786370229907334
Latency: 0.579192210920155
Latency: 0.5802496601827443
Latency: 0.6368547461461276
Latency: 0.6254714659880847
Latency: 0.6268970400560647
Latency: 0.6283816930372268
Latency: 0.6313824660610408
Latency: 0.6321564021054655
Latency: 0.6334554648492485
Latency: 0.6348201220389456
Latency: 0.6361958130728453
Latency: 0.6363728072028607
Latency: 0.6377618631813675
Latency: 0.6391470311209559
Latency: 0.6347438502125442
Latency: 0.6361172059550881
Latency: 0.6374945910647511
Latency: 0.6388486491050571
Latency: 0.640256020007655
Latency: 0.6416757830884308
Latency: 0.6430943850427866
Latency: 0.6443848109338433
Latency: 0.6461521640885621
Latency: 0.6578054088167846
Latency: 0.6592107811011374
Latency: 0.6592560498975217
Latency: 0.66064742510207
Latency: 0.6620211289264262
Latency: 0.6692542908713222
Latency: 0.6706630981061608
Latency: 0.6721036238595843
Latency: 0.6729661619756371
Latency: 0.6743025870528072
Latency: 0.6758029831107706
Latency: 0.6772340280003846
Latency: 0.6779468921013176
Latency: 0.67938660713844
Latency: 0.6807680861093104
Latency: 0.6821964150294662
Latency: 0.6820169440470636
Latency: 0.6834116829559207
Latency: 0.6848498180042952
Latency: 0.6862457599490881
Latency: 0.6877569910138845
Latency: 0.6874149069190025
Latency: 0.6887815271038562
Latency: 0.6901493940968066
Latency: 0.6915555819869041
Latency: 0.6928928310517222
Latency: 0.7043077880516648
Latency: 0.7044913738500327
Latency: 0.7059018220752478
Latency: 0.7073141899891198
Latency: 0.7087277169339359
Latency: 0.7101349318400025
Latency: 0.7115364300552756
Latency: 0.7129598089959472
Latency: 0.7144017911050469
Latency: 0.7170046288520098
Latency: 0.7184885460883379
Latency: 0.7199031577911228
Latency: 0.7213279928546399
Latency: 0.7227489419747144
Latency: 0.7241827240213752
Latency: 0.7256405400112271
Latency: 0.7270874709356576
Latency: 0.7284909440204501
Latency: 0.7298930960241705
Latency: 0.7313691689632833
Latency: 0.7327857429627329
Latency: 0.7341965329833329
Latency: 0.7356360659468919
Latency: 0.7370296299923211
Latency: 0.738424118142575
Latency: 0.7397328170482069
Latency: 0.7411271668970585
Latency: 0.742504270048812
Latency: 0.7439983959775418
Latency: 0.7543899351730943
Latency: 0.7541761519387364
Latency: 0.7549653600435704
Latency: 0.7564303630497307
Latency: 0.7503931550309062
Latency: 0.7518390689510852
Latency: 0.753219131147489
Latency: 0.7547082749661058
Latency: 0.7561831120401621
Latency: 0.7576099028810859
Latency: 0.7590605849400163
Latency: 0.7604682398959994
Latency: 0.7618827971164137
Latency: 0.7633321010507643
Latency: 0.7647373690269887
Latency: 0.7662053999956697
Latency: 0.7676299179438502
Latency: 0.7681294991634786
Latency: 0.7695665769279003
Latency: 0.770929992897436
Latency: 0.772326682927087
Latency: 0.7737787079531699
Latency: 0.7542362939566374
Latency: 0.7677962919697165
Latency: 0.7691227961331606
Latency: 0.7705441960133612
Latency: 0.7718359448481351
Latency: 0.7732246189843863
Latency: 0.7387192251626402
Latency: 0.7430261729750782
Latency: 0.6830154007766396
Latency: 0.5399623960256577
Latency: 0.541609053965658
Latency: 0.5430117310024798
Latency: 0.6237864070571959
Latency: 0.625322428997606
Latency: 0.6265654568560421
Latency: 0.6241751310881227
Latency: 0.6253381459973752
Latency: 0.6234267200343311
Latency: 0.6247525450307876
Latency: 0.625632249051705
Latency: 0.6269722350407392
Latency: 0.6283288979902864
Latency: 0.6296773699577898
Latency: 0.6308211260475218
Latency: 0.6322055149357766
Latency: 0.6264058158267289
Latency: 0.6277603879570961
Latency: 0.6291627169121057
Latency: 0.6305685020051897
Latency: 0.6316858439240605
Latency: 0.5954446739051491
Latency: 0.596638300921768
Latency: 0.598007783992216
Latency: 0.599173636874184
Latency: 0.6005238920915872
Latency: 0.6214435021393001
Latency: 0.6230735129211098
Latency: 0.6245255370158702
Latency: 0.6259696460328996
Latency: 0.6274100719019771
Latency: 0.6437815681565553
Latency: 0.6446599159389734
Latency: 0.6448779499623924
Latency: 0.6462931470014155
Latency: 0.6476976328995079
Latency: 0.6491326170507818
Latency: 0.6505661311093718
Latency: 0.6516584909986705
Latency: 0.6530555959325284
Latency: 0.6607579509727657
Latency: 0.6622095808852464
Latency: 0.6636237089987844
Latency: 0.6651484940666705
Latency: 0.6660078621935099
Latency: 0.6673662180546671
Latency: 0.6687739889603108
Latency: 0.6684834000188857
Latency: 0.6699064369313419
Latency: 0.671316227177158
Latency: 0.6727916069794446
Latency: 0.6742347690742463
Latency: 0.6756868551019579
Latency: 0.6771644908003509
Latency: 0.678588381037116
Latency: 0.6798867748584598
Latency: 0.681338946102187
Latency: 0.6827203170396388
Latency: 0.6840938890818506
Latency: 0.6855554590001702
Latency: 0.6869477129075676
Latency: 0.6884037149138749
Latency: 0.689805526053533
Latency: 0.6912164730019867
Latency: 0.6926705129444599
Latency: 0.6940812319517136
Latency: 0.6954958089627326
Latency: 0.6968600351829082
Latency: 0.697168363025412
Latency: 0.6985791870392859
Latency: 0.7000065359752625
Latency: 0.701565152965486
Latency: 0.7029664351139218
Latency: 0.7043553430121392
Latency: 0.7057726851198822
Latency: 0.7071980920154601
Latency: 0.7075655311346054
Latency: 0.6996569980401546
Latency: 0.7010554829612374
Latency: 0.702418114989996
Latency: 0.7003428009338677
Latency: 0.7017909348942339
Latency: 0.7032278410624713
Latency: 0.7046518549323082
Latency: 0.7060914330650121
Latency: 0.7074966579675674
Latency: 0.7088882077950984
Latency: 0.7166970390826464
Latency: 0.7281805400270969
Latency: 0.7296565040014684
Latency: 0.7310840929858387
Latency: 0.7324946790467948
Latency: 0.7339065091218799
Latency: 0.7353506148792803
Latency: 0.7368245800025761
Latency: 0.7382331341505051
Latency: 0.7478633159771562
Latency: 0.7305530598387122
Latency: 0.7317373820114881
Latency: 0.733182461000979
Latency: 0.7346500349231064
Latency: 0.7357495129108429
Latency: 0.7372088830452412
Latency: 0.7386085919570178
Latency: 0.7400456538889557
Latency: 0.7411877599079162
Latency: 0.7425686549395323
Latency: 0.7507488329429179
Latency: 0.7522706910967827
Latency: 0.7537553070578724
Latency: 0.7546585088130087
Latency: 0.7560931087937206
Latency: 0.7574404110200703
Latency: 0.7587950858287513
Latency: 0.7601869779173285
Latency: 0.7620385868940502
Latency: 0.7627174251247197
Latency: 0.7641232768073678
Latency: 0.7655474748462439
Latency: 0.766946820076555
Latency: 0.7801298501435667
Latency: 0.7798622869886458
Latency: 0.7783019461203367
Latency: 0.7781128010246903
Latency: 0.7796126119792461
Latency: 0.7129351031035185
Latency: 0.7126220399513841
Latency: 0.7122691900003701
Latency: 0.636258881771937
Latency: 0.6374668350908905
Latency: 0.6388894249685109
Latency: 0.6259989489335567
Latency: 0.6271701250225306
Latency: 0.6070057221222669
Latency: 0.6084352091420442
Latency: 0.6101541619282216
Latency: 0.6115626799874008
Latency: 0.6129939740058035
Latency: 0.6140798318665475
Latency: 0.6154735158197582
Latency: 0.6464281289372593
Latency: 0.627317480975762
Latency: 0.6283464159350842
Latency: 0.6297357010189444
Latency: 0.6311501529999077
Latency: 0.6325068469159305
Latency: 0.6339490031823516
Latency: 0.6352936648763716
Latency: 0.6366566938813776
Latency: 0.6476622130721807
Latency: 0.6490487370174378
Latency: 0.651528615038842
Latency: 0.652897055959329
Latency: 0.6542359332088381
Latency: 0.6412993741687387
Latency: 0.6424208621028811
Latency: 0.6438091159798205
Latency: 0.6451725519727916
Latency: 0.646585970884189
Latency: 0.6473708869889379
Latency: 0.648709052009508
Latency: 0.6501751800533384
Latency: 0.6515705769415945
Latency: 0.6529772409703583
Latency: 0.6544141529593617
Latency: 0.6674139490351081
Latency: 0.6666478710249066
Latency: 0.6681859050877392
Latency: 0.665160606848076
Latency: 0.666511399904266
Latency: 0.667776299174875
Latency: 0.6691773489583284
Latency: 0.670838524820283
Latency: 0.6716619441285729
Latency: 0.6730719739571214
Latency: 0.670311942929402
Latency: 0.6711098421365023
Latency: 0.6725021540187299
Latency: 0.6738839261233807
Latency: 0.6752844289876521
Latency: 0.6767070449423045
Latency: 0.6781243740115315
Latency: 0.679475077893585
Latency: 0.6808817740529776
Latency: 0.6823024949990213
Latency: 0.6837132000364363
Latency: 0.6851368830539286
Latency: 0.6865094301756471
Latency: 0.6879103258252144
Latency: 0.6895001609809697
Latency: 0.6909788199700415
Latency: 0.6923965979367495
Latency: 0.6937837689183652
Latency: 0.6952053750865161
Latency: 0.6965993151534349
Latency: 0.6979879699647427
Latency: 0.6993827649857849
Latency: 0.7007792131043971
Latency: 0.702165360795334
Latency: 0.7035701749846339
Latency: 0.7049535468686372
Latency: 0.7063368980307132
Latency: 0.7077265731059015
Latency: 0.6995509688276798
Latency: 0.7010508729144931
Latency: 0.7024309008847922
Latency: 0.7038173070177436
Latency: 0.7051923489198089
Latency: 0.7065821450669318
Latency: 0.7079676899593323
Latency: 0.7093612099997699
Latency: 0.7107506932225078
Latency: 0.7121167499572039
Latency: 0.713521501980722
Latency: 0.7148984959349036
Latency: 0.7162968849297613
Latency: 0.7165597130078822
Latency: 0.7305981919635087
Latency: 0.7319493910763413
Latency: 0.733403752092272
Latency: 0.7347793560475111
Latency: 0.7361570331268013
Latency: 0.7366047059185803
Latency: 0.7590521730016917
Latency: 0.7352637199219316
Latency: 0.7278982370626181
Latency: 0.7270932118408382
Latency: 0.7267901909071952
Latency: 0.7270528650842607
Latency: 0.7282314200419933
Latency: 0.7296177931129932
Latency: 0.7308176038786769
Latency: 0.7320953160524368
Latency: 0.7389735719189048
Latency: 0.7403317450080067
Latency: 0.7417039261199534
Latency: 0.7430317550897598
Latency: 0.7436500431504101
Latency: 0.744959054980427
Latency: 0.7463309790473431
Latency: 0.7477352309506387
Latency: 0.7491434318944812
Latency: 0.7496835729107261
Latency: 0.75103525002487
Latency: 0.7524169839452952
Latency: 0.7538040198851377
Latency: 0.755189951043576
Latency: 0.7565862038172781
Latency: 0.7371763498522341
Latency: 0.738538411911577
Latency: 0.7399569097906351
Latency: 0.7412439871113747
Latency: 0.7426118981093168
Latency: 0.69714360893704
Latency: 0.7110984160099179
Latency: 0.710744186071679
Latency: 0.5390457450412214
Latency: 0.5402963049709797
Latency: 0.5416847169399261
Latency: 0.6113231389317662
Latency: 0.6125050210393965
Latency: 0.6139118990395218
Latency: 0.6150745619088411
Latency: 0.6164611950516701
Latency: 0.6178479669615626
Latency: 0.6191649129614234
Latency: 0.6206534879747778
Latency: 0.6215734428260475
Latency: 0.6229541299398988
Latency: 0.624339833157137
Latency: 0.6257476550526917
Latency: 0.6271873428486288
Latency: 0.6276416790205985
Latency: 0.6290484748315066
Latency: 0.6306082101073116
Latency: 0.6423472368624061
Latency: 0.6437374809756875
Latency: 0.6432976429350674
Latency: 0.6447499431669712
Latency: 0.6461320740636438
Latency: 0.6713610230945051
Latency: 0.6727266202215105
Latency: 0.6229254459030926
Latency: 0.6241301200352609
Latency: 0.6246598321013153
Latency: 0.6260222040582448
Latency: 0.6328165750019252
Latency: 0.6339902731124312
Latency: 0.6349908739794046
Latency: 0.6363906129263341
Latency: 0.6268430948257446
Latency: 0.6282030900474638
Latency: 0.6296124099753797
Latency: 0.6266551408916712
Latency: 0.6280353809706867
Latency: 0.6293998779729009
Latency: 0.6308371240738779
Latency: 0.632222677115351
Latency: 0.6335859908722341
Latency: 0.6349753050599247
Latency: 0.6452500359155238
Latency: 0.6619700270239264
Latency: 0.6633239651564509
Latency: 0.6646934309974313
Latency: 0.6614411158952862
Latency: 0.6628576191142201
Latency: 0.664296279894188
Latency: 0.6598137728869915
Latency: 0.6610727969091386
Latency: 0.6625336629804224
Latency: 0.6639126299414784
Latency: 0.6653419840149581
Latency: 0.6666993589606136
Latency: 0.6681173550896347
Latency: 0.6695696089882404
Latency: 0.6709227201063186
Latency: 0.6723577659577131
Latency: 0.6737495069392025
Latency: 0.6751780682243407
Latency: 0.6766099741216749
Latency: 0.6780143058858812
Latency: 0.6796851418912411
Latency: 0.6811773129738867
Latency: 0.6825477120000869
Latency: 0.6839637460652739
Latency: 0.6853956379927695
Latency: 0.6867793700657785
Latency: 0.6881789299659431
Latency: 0.6895732320845127
Latency: 0.6909903041087091
Latency: 0.6924167620018125
Latency: 0.6938042668625712
Latency: 0.695000572130084
Latency: 0.7185796848498285
Latency: 0.7200089788530022
Latency: 0.7213573078624904
Latency: 0.7227806618902832
Latency: 0.7243539199698716
Latency: 0.7257777191698551
Latency: 0.7271755300462246
Latency: 0.7285649189725518
Latency: 0.7299501320812851
Latency: 0.7313583998475224
Latency: 0.7327881460078061
Latency: 0.7341882030013949
Latency: 0.7626102860085666
Latency: 0.7451170620042831
Latency: 0.7449100180529058
Latency: 0.7446800079196692
Latency: 0.7444420128595084
Latency: 0.744202631060034
Latency: 0.7302894028834999
Latency: 0.731502601178363
Latency: 0.7320584170520306
Latency: 0.7334351530298591
Latency: 0.7334507608320564
Latency: 0.7348230481147766
Latency: 0.7362297759391367
Latency: 0.7427073139697313
Latency: 0.744039619108662
Latency: 0.7453944920562208
Latency: 0.7432956208940595
Latency: 0.7443908851128072
Latency: 0.7457538929302245
Latency: 0.747024652082473
Latency: 0.7484076421242207
Latency: 0.7497919660527259
Latency: 0.7510014749132097
Latency: 0.7524058751296252
Latency: 0.754059704951942
Latency: 0.7554728020913899
Latency: 0.7564352878835052
Latency: 0.7578417528420687
Latency: 0.7592080510221422
Latency: 0.7605877940077335
Latency: 0.7613861369900405
Latency: 0.7556236949749291
Latency: 0.756961875827983
Latency: 0.7581453020684421
Latency: 0.7596157731022686
Latency: 0.7610581449698657
Latency: 0.7085476310458034
Latency: 0.7205685330554843
Latency: 0.7203880560118705
Latency: 0.6523726978339255
Latency: 0.6958809341304004
Latency: 0.6922497591003776
Latency: 0.6081269490532577
Latency: 0.6088331730570644
Latency: 0.6102308970876038
Latency: 0.6116077920887619
Latency: 0.6126943749841303
Latency: 0.6140992960426956
Latency: 0.6154609380755574
Latency: 0.6168748261407018
Latency: 0.6182222601491958
Latency: 0.6196435249876231
Latency: 0.6200689899269491
Latency: 0.6214782129973173
Latency: 0.639593951171264
Latency: 0.6410451252013445
Latency: 0.6424070629291236
Latency: 0.6437786859460175
Latency: 0.642231629928574
Latency: 0.6435925390105695
Latency: 0.6516087120398879
Latency: 0.6530127499718219
Latency: 0.6545145050622523
Latency: 0.650501417927444
Latency: 0.6746197349857539
Latency: 0.6131065669469535
Latency: 0.6145963810849935
Latency: 0.6160347100812942
Latency: 0.6174550959840417
Latency: 0.6180838691070676
Latency: 0.619491885881871
Latency: 0.6208979480434209
Latency: 0.6282685229089111
Latency: 0.6293079981114715
Latency: 0.6306365060154349
Latency: 0.6320255959872156
Latency: 0.6314709580037743
Latency: 0.632870608009398
Latency: 0.634251429932192
Latency: 0.6356349440757185
Latency: 0.6462915469892323
Latency: 0.6477093151770532
Latency: 0.6490505610127002
Latency: 0.6653587119653821
Latency: 0.666599852964282
Latency: 0.667723627993837
Latency: 0.6689773709513247
Latency: 0.6627854609396309
Latency: 0.6640607558656484
Latency: 0.6673370178323239
Latency: 0.6687721631024033
Latency: 0.6701141020748764
Latency: 0.6715220750775188
Latency: 0.6729128928855062
Latency: 0.6743028450291604
Latency: 0.6757148539181799
Latency: 0.6771148981060833
Latency: 0.678807423915714
Latency: 0.6802806418854743
Latency: 0.6817069901153445
Latency: 0.6830999858211726
Latency: 0.6844836010131985
Latency: 0.6858955908101052
Latency: 0.687255720840767
Latency: 0.6886256199795753
Latency: 0.6900035731960088
Latency: 0.69145133998245
Latency: 0.6928766260389239
Latency: 0.6942810220643878
Latency: 0.6956932579632849
Latency: 0.6971710091456771
Latency: 0.6985355510842055
Latency: 0.6999175800010562
Latency: 0.701327312970534
Latency: 0.7026445639785379
Latency: 0.7040914499666542
Latency: 0.7056269890163094
Latency: 0.7243909270036966
Latency: 0.7242070978973061
Latency: 0.7238959057722241
Latency: 0.7236899908166379
Latency: 0.7235556140076369
Latency: 0.7245459840632975
Latency: 0.7259470771532506
Latency: 0.7273928050417453
Latency: 0.728823150973767
Latency: 0.7302482251543552
Latency: 0.7316291779279709
Latency: 0.720698855118826
Latency: 0.722002126974985
Latency: 0.7231985710095614
Latency: 0.7211597810965031
Latency: 0.7282497088890523
Latency: 0.7296557680238038
Latency: 0.7169878669083118
Latency: 0.7179343700408936
Latency: 0.7193096908740699
Latency: 0.7206706688739359
Latency: 0.7220613551326096
Latency: 0.7234420559834689
Latency: 0.7244736480060965
Latency: 0.7258758109528571
Latency: 0.727260990999639
Latency: 0.7286277180537581
Latency: 0.73001007293351
Latency: 0.7314161399845034
Latency: 0.729937318013981
Latency: 0.7313034080434591
Latency: 0.7327129340264946
Latency: 0.734132207930088
Latency: 0.7355625980999321
Latency: 0.7369702169671655
Latency: 0.7376010199077427
Latency: 0.7393975269515067
Latency: 0.7408723200205714
Latency: 0.7422396061010659
Latency: 0.7436216580681503
Latency: 0.7450104069430381
Latency: 0.7463831559289247
Latency: 0.7478265131358057
Latency: 0.7612333430442959
Latency: 0.7611478820908815
Latency: 0.7578125928994268
Latency: 0.7577810869552195
Latency: 0.7425938369706273
Latency: 0.6287992889992893
Latency: 0.648496069945395
Latency: 0.6500910029280931
Latency: 0.6574413380585611
Latency: 0.6587303869891912
Latency: 0.6763914900366217
Latency: 0.7134756601881236
Latency: 0.7148229579906911
Latency: 0.6532566309906542
Latency: 0.6545283650048077
Latency: 0.6558932939078659
Latency: 0.65726671484299
Latency: 0.6586594940163195
Latency: 0.6600580129306763
Latency: 0.6614624210633337
Latency: 0.6628463149536401
Latency: 0.6642468799836934
Latency: 0.6642518199514598
Latency: 0.6656471930909902
Latency: 0.6670479390304536
Latency: 0.6683944209944457
Latency: 0.6698372198734432
Latency: 0.6712428939063102
Latency: 0.6565931788645685
Latency: 0.6579144559800625
Latency: 0.6700234450399876
Latency: 0.6993386091198772
Latency: 0.6886971341446042
Latency: 0.6261323019862175
Latency: 0.6270518980454654
Latency: 0.6404870101250708
Latency: 0.6415477020200342
Latency: 0.6598853580653667
Latency: 0.661213707877323
Latency: 0.6622325130738318
Latency: 0.663652922026813
Latency: 0.6650356240570545
Latency: 0.6659365640953183
Latency: 0.6673262598924339
Latency: 0.6687479049433023
Latency: 0.670139396796003
Latency: 0.6728355339728296
Latency: 0.6742291401606053
Latency: 0.6735067239496857
Latency: 0.674862575950101
Latency: 0.6762642331887037
Latency: 0.661717691924423
Latency: 0.6631004880182445
Latency: 0.6642413430381566
Latency: 0.6755662709474564
Latency: 0.6784192398190498
Latency: 0.6798279590439051
Latency: 0.6897765460889786
Latency: 0.6911473320797086
Latency: 0.692618363071233
Latency: 0.6940288699697703
Latency: 0.6954586859792471
Latency: 0.6968906680122018
Latency: 0.6983619048260152
Latency: 0.6989135190378875
Latency: 0.7002976869698614
Latency: 0.7017024420201778
Latency: 0.7031296689528972
Latency: 0.7045139570254833
Latency: 0.7059310700278729
Latency: 0.7073126258328557
Latency: 0.7087067700922489
Latency: 0.7089616369921714
Latency: 0.7103628201875836
Latency: 0.7117499399464577
Latency: 0.7131594710517675
Latency: 0.7145956428721547
Latency: 0.7163971839472651
Latency: 0.7178363800048828
Latency: 0.7192882050294429
Latency: 0.720716408919543
Latency: 0.720692350063473
Latency: 0.7220600519794971
Latency: 0.7234634831547737
Latency: 0.7248650891706347
Latency: 0.7033535081427544
Latency: 0.7044863561168313
Latency: 0.7058149459771812
Latency: 0.7072421370539814
Latency: 0.7086346538271755
Latency: 0.7232238131109625
Latency: 0.7227482788730413
Latency: 0.7225029228720814
Latency: 0.7222673811484128
Latency: 0.7224729319568723
Latency: 0.7240182210225612
Latency: 0.7310110228136182
Latency: 0.7323792839888483
Latency: 0.7337489449419081
Latency: 0.7352264851797372
Latency: 0.7288144510239363
Latency: 0.7302242510486394
Latency: 0.7285547980573028
Latency: 0.7299390670377761
Latency: 0.7313296748325229
Latency: 0.7327376599423587
Latency: 0.7339406320825219
Latency: 0.7353747049346566
Latency: 0.7367698419839144
Latency: 0.738179077859968
Latency: 0.7394583828281611
Latency: 0.7408720408566296
Latency: 0.7422304779756814
Latency: 0.743646478978917
Latency: 0.744753684150055
Latency: 0.7464740499854088
Latency: 0.747879995033145
Latency: 0.7492724331095815
Latency: 0.7506738610100001
Latency: 0.7511815140023828
Latency: 0.7525573531165719
Latency: 0.7539301379583776
Latency: 0.7618567149620503
Latency: 0.7632472917903215
Latency: 0.7646707859821618
Latency: 0.7644319501705468
Latency: 0.7657780200242996
Latency: 0.7739726020954549
Latency: 0.7627506849821657
Latency: 0.7636289859656245
Latency: 0.7650268289726228
Latency: 0.6928797960281372
Latency: 0.6750882929190993
Latency: 0.648714565904811
Latency: 0.7103101119864732
Latency: 0.6546939231920987
Latency: 0.6011688630096614
Latency: 0.6771435029804707
Latency: 0.6889538948889822
Latency: 0.6323772848118097
Latency: 0.6336854591500014
Latency: 0.6344180121086538
Latency: 0.6357792830094695
Latency: 0.6371661010198295
Latency: 0.6385401228908449
Latency: 0.6399507010355592
Latency: 0.6413239249959588
Latency: 0.6422437219880521
Latency: 0.6436220048926771
Latency: 0.6450225932057947
Latency: 0.6464354218915105
Latency: 0.6478316739667207
Latency: 0.6492512780241668
Latency: 0.6506475291680545
Latency: 0.6521008068230003
Latency: 0.6534672209527344
Latency: 0.6672667430248111
Latency: 0.6681519511621445
Latency: 0.6609524390660226
Latency: 0.6319836638867855
Latency: 0.6333237590733916
Latency: 0.634498449973762
Latency: 0.6551536219194531
Latency: 0.6494418981019408
Latency: 0.6507222661748528
Latency: 0.6397630129940808
Latency: 0.6406756460200995
Latency: 0.6420791330747306
Latency: 0.6435208609327674
Latency: 0.6449152149725705
Latency: 0.6454643439501524
Latency: 0.646842832909897
Latency: 0.6482356830965728
Latency: 0.6495699030347168
Latency: 0.6510899579152465
Latency: 0.6524786751251668
Latency: 0.6538802799768746
Latency: 0.6552887880243361
Latency: 0.6566479711327702
Latency: 0.6721388390287757
Latency: 0.6735010349657387
Latency: 0.67486368608661
Latency: 0.6799869278911501
Latency: 0.6813907029572874
Latency: 0.6828644098713994
Latency: 0.6805940489284694
Latency: 0.6815975198987871
Latency: 0.6830632640048862
Latency: 0.6844661419745535
Latency: 0.6858992010820657
Latency: 0.6870834219735116
Latency: 0.688466533087194
Latency: 0.6898847417905927
Latency: 0.6913107249420136
Latency: 0.6927494672127068
Latency: 0.6941355580929667
Latency: 0.6949647560250014
Latency: 0.696349031990394
Latency: 0.6977953189052641
Latency: 0.6991952818352729
Latency: 0.7009630689863116
Latency: 0.7024031241890043
Latency: 0.6969499841798097
Latency: 0.6983155289199203
Latency: 0.6996880501974374
Latency: 0.7011134249623865
Latency: 0.7025102530606091
Latency: 0.7039387789554894
Latency: 0.7053455398418009
Latency: 0.7067514141090214
Latency: 0.708166274940595
Latency: 0.7095943910535425
Latency: 0.7243656080681831
Latency: 0.7241398368496448
Latency: 0.7243117529433221
Latency: 0.7852470681536943
Latency: 0.7865683371201158
Latency: 0.7879905779846013
Latency: 0.7891420929227024
Latency: 0.7905204310081899
Latency: 0.791930265026167
Latency: 0.7935568380635232
Latency: 0.79499138193205
Latency: 0.7963875022251159
Latency: 0.7221809590701014
Latency: 0.723409682046622
Latency: 0.7244502671528608
Latency: 0.7257997179403901
Latency: 0.727175832958892
Latency: 0.7282814120408148
Latency: 0.7296533030457795
Latency: 0.7310007028281689
Latency: 0.7323933159932494
Latency: 0.7332393620163202
Latency: 0.734602932119742
Latency: 0.7360080070793629
Latency: 0.7373420700896531
Latency: 0.7387309439945966
Latency: 0.7393477689474821
Latency: 0.7406674919184297
Latency: 0.7420502700842917
Latency: 0.7433865268249065
Latency: 0.7447496249806136
Latency: 0.7461961000226438
Latency: 0.7465348041150719
Latency: 0.7479041640181094
Latency: 0.749289867002517
Latency: 0.7506374318618327
Latency: 0.7520304860081524
Latency: 0.753839384065941
Latency: 0.7545127251651138
Latency: 0.7558866459876299
Latency: 0.7654430249240249
Latency: 0.766963291214779
Latency: 0.7683703389484435
Latency: 0.7654057980980724
Latency: 0.7667807978577912
Latency: 0.7682428699918091
Latency: 0.7697263420559466
Latency: 0.7227178330067545
Latency: 0.7225934020243585
Latency: 0.722214728128165
Latency: 0.6580621930770576
Latency: 0.6129147268366069
Latency: 0.6141966360155493
Latency: 0.6019939929246902
Latency: 0.6795557681471109
Latency: 0.62141477689147
Latency: 0.6348742719274014
Latency: 0.6401557358913124
Latency: 0.6415808289311826
Latency: 0.6429381179623306
Latency: 0.6442619268782437
Latency: 0.6456453709397465
Latency: 0.6468182338867337
Latency: 0.6482086719479412
Latency: 0.6496161629911512
Latency: 0.6576638200785965
Latency: 0.6590973217971623
Latency: 0.6608249868731946
Latency: 0.6731916649732739
Latency: 0.6745527009479702
Latency: 0.6760466168634593
Latency: 0.6774956530425698
Latency: 0.6191593878902495
Latency: 0.6204002220183611
Latency: 0.6217600200325251
Latency: 0.5649078879505396
Latency: 0.566011433955282
Latency: 0.5670070271007717
Latency: 0.661813479848206
Latency: 0.650071311974898
Latency: 0.6514007311780006
Latency: 0.6525211010593921
Latency: 0.6524318030569702
Latency: 0.6528605918865651
Latency: 0.6542506590485573
Latency: 0.6556959869340062
Latency: 0.6570629850029945
Latency: 0.658488170010969
Latency: 0.6714246240444481
Latency: 0.6727581128943712
Latency: 0.6741478939075023
Latency: 0.6717224060557783
Latency: 0.67314333608374
Latency: 0.6745434580370784
Latency: 0.6759132789447904
Latency: 0.6768739388789982
Latency: 0.6915216990746558
Latency: 0.69295449485071
Latency: 0.6874440999235958
Latency: 0.6888017789460719
Latency: 0.6901922239921987
Latency: 0.6915629929862916
Latency: 0.6929743799846619
Latency: 0.6944153329823166
Latency: 0.6958156570326537
Latency: 0.6972484169527888
Latency: 0.6986491379793733
Latency: 0.7000812250189483
Latency: 0.7014523779507726
Latency: 0.6903932520654052
Latency: 0.6917733529116958
Latency: 0.6931595839560032
Latency: 0.6942327129654586
Latency: 0.6956649711355567
Latency: 0.6966054178774357
Latency: 0.6983320959843695
Latency: 0.6992497278843075
Latency: 0.7006607048679143
Latency: 0.7020925909746438
Latency: 0.7143280520103872
Latency: 0.7141888469923288
Latency: 0.7157154970336705
Latency: 0.7171840888913721
Latency: 0.7178548029623926
Latency: 0.7244173749350011
Latency: 0.7258494081906974
Latency: 0.7272551669739187
Latency: 0.7287730441894382
Latency: 0.7268247029278427
Latency: 0.728246774058789
Latency: 0.7296370479743928
Latency: 0.7310411310754716
Latency: 0.7324657700955868
Latency: 0.7338774749077857
Latency: 0.7353189850691706
Latency: 0.7366201260592788
Latency: 0.7381128859706223
Latency: 0.739499397110194
Latency: 0.7409398190211505
Latency: 0.7423581040930003
Latency: 0.7280589679721743
Latency: 0.730051166145131
Latency: 0.7314746659249067
Latency: 0.7328706448897719
Latency: 0.7342730818782002
Latency: 0.7357029269915074
Latency: 0.736945586046204
Latency: 0.7383951081428677
Latency: 0.7398189271334559
Latency: 0.7412721619475633
Latency: 0.7426119879819453
Latency: 0.7440732431132346
Latency: 0.7452421099878848
Latency: 0.7466713530011475
Latency: 0.7481273710727692
Latency: 0.7495253330562264
Latency: 0.7509259390644729
Latency: 0.7523562959395349
Latency: 0.7530566360801458
Latency: 0.7617053310386837
Latency: 0.761722665047273
Latency: 0.7631576729472727
Latency: 0.7645554400514811
Latency: 0.7660373549442738
Latency: 0.7674703248776495
Latency: 0.7775558200664818
Latency: 0.778973805019632
Latency: 0.777812008978799
Latency: 0.7381392740644515
Latency: 0.7395408141892403
Latency: 0.740874907001853
Latency: 0.7423849641345441
Latency: 0.7438238349277526
Latency: 0.7450497420504689
Latency: 0.7464575169142336
Latency: 0.7243778121192008
Latency: 0.7240951359272003
Latency: 0.7238900600932539
Latency: 0.6660870851483196
Latency: 0.6863756619859487
Latency: 0.6675007229205221
Latency: 0.6688637151382864
Latency: 0.6938038999214768
Latency: 0.6950361470226198
Latency: 0.6429661640431732
Latency: 0.6920624561607838
Latency: 0.6934228281024843
Latency: 0.6948473951779306
Latency: 0.6962351188994944
Latency: 0.6973391850478947
Latency: 0.6987162150908262
Latency: 0.700098484987393
Latency: 0.7014911358710378
Latency: 0.7029701329302043
Latency: 0.7184926939662546
Latency: 0.7198645779863
Latency: 0.6624237059149891
Latency: 0.6634425348602235
Latency: 0.6646363630425185
Latency: 0.6660379010718316
Latency: 0.6648752850014716
Latency: 0.6662269569933414
Latency: 0.6676170937716961
Latency: 0.6690214478876442
Latency: 0.6704022560734302
Latency: 0.6718230349943042
Latency: 0.6653368689585477
Latency: 0.6667354481760412
Latency: 0.6680889530107379
Latency: 0.6691022808663547
Latency: 0.6704637210350484
Latency: 0.6719001780729741
Latency: 0.6732607008889318
Latency: 0.6746410641353577
Latency: 0.6744696281384677
Latency: 0.6704639310482889
Latency: 0.6650140269193798
Latency: 0.6660853468347341
Latency: 0.6672212120611221
Latency: 0.6686023408547044
Latency: 0.6700183388311416
Latency: 0.6714389740955085
Latency: 0.6728453959804028
Latency: 0.674245580798015
Latency: 0.6747526929248124
Latency: 0.6761137880384922
Latency: 0.6774796589743346
Latency: 0.6789183830842376
Latency: 0.6803496610373259
Latency: 0.6810478360857815
Latency: 0.68264867994003
Latency: 0.6840535551309586
Latency: 0.6854530959390104
Latency: 0.6868464769795537
Latency: 0.6882819631136954
Latency: 0.6897089460399002
Latency: 0.7017188079189509
Latency: 0.7031874877866358
Latency: 0.7045784769579768
Latency: 0.7032757720444351
Latency: 0.7046652508433908
Latency: 0.7060902889352292
Latency: 0.716208912897855
Latency: 0.7176194118801504
Latency: 0.7190304710529745
Latency: 0.7205652508419007
Latency: 0.7219692268408835
Latency: 0.7147444561123848
Latency: 0.7160837368573993
Latency: 0.7170036248862743
Latency: 0.7183861089870334
Latency: 0.7198006070684642
Latency: 0.715237241005525
Latency: 0.7166311210021377
Latency: 0.7180495280772448
Latency: 0.7192430680152029
Latency: 0.7206854380201548
Latency: 0.72209931188263
Latency: 0.7235054750926793
Latency: 0.7249160117935389
Latency: 0.7263801831286401
Latency: 0.7281332639977336
Latency: 0.7295690961182117
Latency: 0.7304577839095145
Latency: 0.7318132380023599
Latency: 0.7332392849493772
Latency: 0.7346752998419106
Latency: 0.7443756891880184
Latency: 0.7444915110245347
Latency: 0.7459574141539633
Latency: 0.7473456219304353
Latency: 0.7491439420264214
Latency: 0.7505920969415456
Latency: 0.7520654660183936
Latency: 0.7534655451308936
Latency: 0.7519114799797535
Latency: 0.7533052100334316
Latency: 0.7546755771618336
Latency: 0.7561138700693846
Latency: 0.7575462341774255
Latency: 0.7571101451758295
Latency: 0.7644786390010267
Latency: 0.7658740340266377
Latency: 0.7673143681604415
Latency: 0.7687372099608183
Latency: 0.770157904131338
Latency: 0.7716080469544977
Latency: 0.7676359880715609
Latency: 0.7690040508750826
Latency: 0.7703912819270045
Latency: 0.7717952800448984
Latency: 0.7732184680644423
Latency: 0.7746504570823163
Latency: 0.750403102952987
Latency: 0.7514923000708222
Latency: 0.7528336839750409
Latency: 0.762356593972072
Latency: 0.7622903098817915
Latency: 0.7638215678744018
Latency: 0.773263341980055
Latency: 0.7746598420199007
Latency: 0.7761812389362603
Latency: 0.777607664000243
Latency: 0.7528308019973338
Latency: 0.7525084319058806
Latency: 0.752138014882803
Latency: 0.7084896999876946
Latency: 0.5963372241239995
Latency: 0.6029291599988937
Latency: 0.6438459490891546
Latency: 0.6982477831188589
Latency: 0.7009742399677634
Latency: 0.7022631198633462
Latency: 0.676665814826265
Latency: 0.6778716598637402
Latency: 0.6792009798809886
Latency: 0.6805920260958374
Latency: 0.681838063057512
Latency: 0.6832244778051972
Latency: 0.6846141859423369
Latency: 0.6859949759673327
Latency: 0.6874009401071817
Latency: 0.6574036348611116
Latency: 0.6587631280999631
Latency: 0.6308523588813841
Latency: 0.6319016539491713
Latency: 0.6332501380238682
Latency: 0.6346713008824736
Latency: 0.6356845409609377
Latency: 0.6370697449892759
Latency: 0.6528237839229405
Latency: 0.6541893719695508
Latency: 0.6544158940669149
Latency: 0.6557504420634359
Latency: 0.6461616321466863
Latency: 0.6475156429223716
Latency: 0.6489182109944522
Latency: 0.6394813489168882
Latency: 0.6408802371006459
Latency: 0.6422270918264985
Latency: 0.643706768983975
Latency: 0.6451069298200309
Latency: 0.661901012994349
Latency: 0.6632731389254332
Latency: 0.6646050498820841
Latency: 0.6660159628372639
Latency: 0.6657321921084076
Latency: 0.6671468270942569
Latency: 0.6669855129439384
Latency: 0.6642673390451819
Latency: 0.6656507588922977
Latency: 0.667084523010999
Latency: 0.6775010470300913
Latency: 0.6788498121313751
Latency: 0.6802222190890461
Latency: 0.6820527270901948
Latency: 0.6868621720932424
Latency: 0.6882775719277561
Latency: 0.6897990191355348
Latency: 0.6911994710098952
Latency: 0.6981113781221211
Latency: 0.6995356748811901
Latency: 0.7009377870708704
Latency: 0.7024042159318924
Latency: 0.703788610175252
Latency: 0.7051676940172911
Latency: 0.706582484068349
Latency: 0.708006686065346
Latency: 0.7092062011361122
Latency: 0.7105894009582698
Latency: 0.6965930140577257
Latency: 0.6979959709569812
Latency: 0.6997087481431663
Latency: 0.7011327720247209
Latency: 0.7025531339459121
Latency: 0.7039025400299579
Latency: 0.7053196490742266
Latency: 0.7067219649907202
Latency: 0.7081462570931762
Latency: 0.7095400539692491
Latency: 0.7109687679912895
Latency: 0.7123758809175342
Latency: 0.7137717441655695
Latency: 0.715207169065252
Latency: 0.7165998499840498
Latency: 0.7180071410257369
Latency: 0.7194169929716736
Latency: 0.7208454050123692
Latency: 0.7242111780215055
Latency: 0.7256534548942
Latency: 0.7271175000350922
Latency: 0.7285166459623724
Latency: 0.7299449979327619
Latency: 0.7383816968649626
Latency: 0.7397755819838494
Latency: 0.7401922310236841
Latency: 0.7414960379246622
Latency: 0.7429491030052304
Latency: 0.7443567358423024
Latency: 0.7459110589697957
Latency: 0.7548595450352877
Latency: 0.7563435891643167
Latency: 0.757771483855322
Latency: 0.7591696681920439
Latency: 0.7606023519765586
Latency: 0.7619740650989115
Latency: 0.7635078448802233
Latency: 0.7649530728813261
Latency: 0.7663925339002162
Latency: 0.7525859489105642
Latency: 0.7539538030978292
Latency: 0.7554008588194847
Latency: 0.7568168388679624
Latency: 0.7581679108552635
Latency: 0.7595623629167676
Latency: 0.7610412491485476
Latency: 0.7624981361441314
Latency: 0.7639458761550486
Latency: 0.7801273961085826
Latency: 0.7798461529891938
Latency: 0.7800489631481469
Latency: 0.7872168039903045
Latency: 0.7869806380476803
Latency: 0.787385645788163
Latency: 0.7629504620563239
Latency: 0.7642810309771448
Latency: 0.7657280580606312
Latency: 0.7814907878637314
Latency: 0.7855859650298953
Latency: 0.7853528119158
Latency: 0.8239534790627658
Latency: 0.7063622588757426
Latency: 0.7061353139579296
Latency: 0.7059468189254403
Latency: 0.6136609341483563
Latency: 0.6226099350024015
Latency: 0.6198629119899124
Latency: 0.7078037417959422
Latency: 0.6377910969313234
Latency: 0.6501999038737267
Latency: 0.6517074201256037
Latency: 0.6202549329027534
Latency: 0.6213075418490916
Latency: 0.6226661480031908
Latency: 0.6241107161622494
Latency: 0.6250923010520637
Latency: 0.6265032980591059
Latency: 0.6279550499748439
Latency: 0.6294071881566197
Latency: 0.62949139601551
Latency: 0.630897443043068
Latency: 0.6323215430602431
Latency: 0.6337556610815227
Latency: 0.6351893111132085
Latency: 0.6355355388950557
Latency: 0.6389952569734305
Latency: 0.6513148890808225
Latency: 0.6528566549532115
Latency: 0.6689724300522357
Latency: 0.6703755611088127
Latency: 0.6718882289715111
Latency: 0.6733199451118708
Latency: 0.6630464689806104
Latency: 0.6641255440190434
Latency: 0.6655324790626764
Latency: 0.6666032099165022
Latency: 0.6680355488788337
Latency: 0.6694625401869416
Latency: 0.6701120361685753
Latency: 0.6715139809530228
Latency: 0.6729157830122858
Latency: 0.67438237904571
Latency: 0.6757875920739025
Latency: 0.677196190925315
Latency: 0.6776557099074125
Latency: 0.6790978480130434
Latency: 0.6805334039963782
Latency: 0.6822664928622544
Latency: 0.6837148019112647
Latency: 0.6851665880531073
Latency: 0.713895799126476
Latency: 0.7152563550043851
Latency: 0.7167719951830804
Latency: 0.7182109078858048
Latency: 0.7069716129917651
Latency: 0.7083307979628444
Latency: 0.7093789128120989
Latency: 0.710817804094404
Latency: 0.7116628629155457
Latency: 0.7130964221432805
Latency: 0.7145302530843765
Latency: 0.7154377861879766
Latency: 0.7168816900812089
Latency: 0.7253468830604106
Latency: 0.7267521820031106
Latency: 0.7361450160387903
Latency: 0.737597222905606
Latency: 0.7391291579697281
Latency: 0.740564692998305
Latency: 0.7420016028918326
Latency: 0.7424623209517449
Latency: 0.74383106501773
Latency: 0.7452514390461147
Latency: 0.7466912511736155
Latency: 0.7481557140126824
Latency: 0.7495904639363289
Latency: 0.7502237488515675
Latency: 0.7516037710011005
Latency: 0.753019955009222
Latency: 0.7544092370662838
Latency: 0.7558477101847529
Latency: 0.7572487508878112
Latency: 0.7586740269325674
Latency: 0.7596251200884581
Latency: 0.7611587001010776
Latency: 0.7625141008757055
Latency: 0.7639259910210967
Latency: 0.7653684930410236
Latency: 0.7668275849428028
Latency: 0.7682920680381358
Latency: 0.7696837219409645
Latency: 0.7699065690394491
Latency: 0.7713158179540187
Latency: 0.7727445960044861
Latency: 0.7741617450956255
Latency: 0.7755302349105477
Latency: 0.7769921189174056
Latency: 0.7784468429163098
Latency: 0.7603862958494574
Latency: 0.7616819138638675
Latency: 0.7648943259846419
Latency: 0.7634782011155039
Latency: 0.7744596949778497
Latency: 0.7742151429411024
Latency: 0.7739831740036607
Latency: 0.7743996239732951
Latency: 0.7758738959673792
Latency: 0.776690182974562
Latency: 0.7780978051014245
Latency: 0.7795596329960972
Latency: 0.7881937969941646
Latency: 0.7898439031559974
Latency: 0.7914137730840594
Latency: 0.7927742030005902
Latency: 0.7942068839911371
Latency: 0.7956375440116972
Latency: 0.7970748019870371
Latency: 0.80214265990071
Latency: 0.803615951910615
Latency: 0.774452751968056
Latency: 0.7757487001363188
Latency: 0.777191552799195
Latency: 0.7930529490113258
Latency: 0.7937192749232054
Latency: 0.796916029183194
Latency: 0.780357067938894
Latency: 0.7324237290304154
Latency: 0.7473729520570487
Latency: 0.7923810100182891
Latency: 0.6417522700503469
Latency: 0.6430779749061912
Latency: 0.6444849430117756
Latency: 0.637450970010832
Latency: 0.565687568159774
Latency: 0.5670641399919987
Latency: 0.7245850709732622
Latency: 0.691692414926365
Latency: 0.7134034959599376
Latency: 0.7147031710483134
Latency: 0.6413674862124026
Latency: 0.6100604739040136
Latency: 0.6115784179419279
Latency: 0.596347434213385
Latency: 0.5977533850818872
Latency: 0.5991841868963093
Latency: 0.6531355669721961
Latency: 0.6543202579487115
Latency: 0.6557874078862369
Latency: 0.6572520269546658
Latency: 0.658716892125085
Latency: 0.6598729081451893
Latency: 0.6612613729666919
Latency: 0.6627340780105442
Latency: 0.6646137710195035
Latency: 0.6660852220375091
Latency: 0.6671501910313964
Latency: 0.6836568231228739
Latency: 0.6850593839772046
Latency: 0.6865788439754397
Latency: 0.6668795440346003
Latency: 0.6683067411649972
Latency: 0.6698297848924994
Latency: 0.6704327720217407
Latency: 0.6718361829407513
Latency: 0.6732617609668523
Latency: 0.6746861231513321
Latency: 0.6750921411439776
Latency: 0.6740553330164403
Latency: 0.6755132130347192
Latency: 0.6769496379420161
Latency: 0.6783671879675239
Latency: 0.6798192670103163
Latency: 0.6812459740322083
Latency: 0.6941729169338942
Latency: 0.695599545026198
Latency: 0.6970253689214587
Latency: 0.7029263928998262
Latency: 0.7043871521018445
Latency: 0.7083423011936247
Latency: 0.7097623751033098
Latency: 0.7109860870987177
Latency: 0.7124820200260729
Latency: 0.7139173389878124
Latency: 0.7153322929516435
Latency: 0.7167556500062346
Latency: 0.7180400949437171
Latency: 0.7269205329939723
Latency: 0.7283356129191816
Latency: 0.7298242528922856
Latency: 0.7312012768816203
Latency: 0.7326555110048503
Latency: 0.7268286689650267
Latency: 0.7313558501191437
Latency: 0.7191956390161067
Latency: 0.7201840579509735
Latency: 0.7215202709194273
Latency: 0.7230156140867621
Latency: 0.7244632649235427
Latency: 0.7259104601107538
Latency: 0.7273035200778395
Latency: 0.7287346320226789
Latency: 0.7296461139339954
Latency: 0.7310662448871881
Latency: 0.7324912559706718
Latency: 0.73391302395612
Latency: 0.735354945063591
Latency: 0.736817381111905
Latency: 0.7386969400104135
Latency: 0.7401844540145248
Latency: 0.74107680702582
Latency: 0.7424326681066304
Latency: 0.7439341668505222
Latency: 0.7453715510200709
Latency: 0.7468025719281286
Latency: 0.7482566519174725
Latency: 0.7497235981281847
Latency: 0.7511519340332597
Latency: 0.7516650380566716
Latency: 0.7530665311496705
Latency: 0.7545124439056963
Latency: 0.7559013429563493
Latency: 0.7572534789796919
Latency: 0.7587232678197324
Latency: 0.7602702549193054
Latency: 0.761767216026783
Latency: 0.7632051890250295
Latency: 0.7646570468787104
Latency: 0.7660838100127876
Latency: 0.7675679160747677
Latency: 0.7689515599049628
Latency: 0.7633691509254277
Latency: 0.7647696170024574
Latency: 0.7782003348693252
Latency: 0.7780002939980477
Latency: 0.7777672100346535
Latency: 0.7767642100807279
Latency: 0.7783175299409777
Latency: 0.779797145863995
Latency: 0.7908581339288503
Latency: 0.7923081379849464
Latency: 0.7938387601170689
Latency: 0.795304270926863
Latency: 0.7967590999323875
Latency: 0.7982553620822728
Latency: 0.79971908708103
Latency: 0.7944518078584224
Latency: 0.7946138209663332
Latency: 0.7960421468596905
Latency: 0.7974575068801641
Latency: 0.7988643520511687
Latency: 0.7733878041617572
Latency: 0.7798343810718507
Latency: 0.7786736518610269
Latency: 0.7777660901192576
Latency: 0.7841141680255532
Latency: 0.7685385791119188
Latency: 0.7178886430338025
Latency: 0.7354814780410379
Latency: 0.737014233134687
Latency: 0.7383225478697568
Latency: 0.717436543898657
Latency: 0.7175701681990176
Latency: 0.7189281948376447
Latency: 0.7348186860326678
Latency: 0.712123709032312
Latency: 0.6495179098565131
Latency: 0.6509679351001978
Latency: 0.6521548759192228
Latency: 0.6535860470030457
Latency: 0.655019603902474
Latency: 0.6564559319522232
Latency: 0.6576617080718279
Latency: 0.659137271810323
Latency: 0.6648077210411429
Latency: 0.6477350208442658
Latency: 0.6653536891099066
Latency: 0.6668010470457375
Latency: 0.6677184200379997
Latency: 0.669155664043501
Latency: 0.6705584418959916
Latency: 0.6719962900970131
Latency: 0.6726892048027366
Latency: 0.6741332479286939
Latency: 0.687763910042122
Latency: 0.6892191441729665
Latency: 0.6808981520589441
Latency: 0.6735083740204573
Latency: 0.6744632199406624
Latency: 0.6759320851415396
Latency: 0.6773997070267797
Latency: 0.6780573448631912
Latency: 0.6795242261141539
Latency: 0.6809370601549745
Latency: 0.6824314121622592
Latency: 0.6837385559920222
Latency: 0.6844269309658557
Latency: 0.6858218722045422
Latency: 0.6872554311994463
Latency: 0.6878788811154664
Latency: 0.7315876360516995
Latency: 0.7009775009937584
Latency: 0.7148520620539784
Latency: 0.7159935729578137
Latency: 0.7097133970819414
Latency: 0.7153611960820854
Latency: 0.7168826491106302
Latency: 0.7137446370907128
Latency: 0.715113045880571
Latency: 0.7164261578582227
Latency: 0.7178608619142324
Latency: 0.7189929250162095
Latency: 0.7203826638869941
Latency: 0.7218465220648795
Latency: 0.722604954848066
Latency: 0.7151811798103154
Latency: 0.7165960019920021
Latency: 0.7180612490046769
Latency: 0.7193376659415662
Latency: 0.7207738030701876
Latency: 0.7232418770436198
Latency: 0.7247335100546479
Latency: 0.720944546861574
Latency: 0.7224022129084915
Latency: 0.7238236849661916
Latency: 0.7252506909426302
Latency: 0.7266716100275517
Latency: 0.7281138030812144
Latency: 0.7295506668742746
Latency: 0.7310150892008096
Latency: 0.732429773081094
Latency: 0.7338387910276651
Latency: 0.74172472092323
Latency: 0.7431794330477715
Latency: 0.7446453841403127
Latency: 0.7461065871175379
Latency: 0.74798589409329
Latency: 0.7571508320979774
Latency: 0.7585911478381604
Latency: 0.7472376108635217
Latency: 0.7481288730632514
Latency: 0.7495241439901292
Latency: 0.7509628250263631
Latency: 0.752396424068138
Latency: 0.7538552349433303
Latency: 0.7552942968904972
Latency: 0.7564101899042726
Latency: 0.7578254071995616
Latency: 0.7592571259010583
Latency: 0.7606687860097736
Latency: 0.7621276159770787
Latency: 0.7635331831406802
Latency: 0.7650135189760476
Latency: 0.7668869779445231
Latency: 0.7682971218600869
Latency: 0.7693375300150365
Latency: 0.7707205871120095
Latency: 0.7721623699180782
Latency: 0.7734709589276463
Latency: 0.7749280410353094
Latency: 0.7721644218545407
Latency: 0.7723097701091319
Latency: 0.7737393581774086
Latency: 0.7751605119556189
Latency: 0.7764681621920317
Latency: 0.7778763209935278
Latency: 0.7792757919523865
Latency: 0.7748712808825076
Latency: 0.7886252230964601
Latency: 0.7882720881607383
Latency: 0.7878310740925372
Latency: 0.7875961980316788
Latency: 0.7885642370674759
Latency: 0.7901230400893837
Latency: 0.791625261073932
Latency: 0.8002862019930035
Latency: 0.8017746249679476
Latency: 0.8032264809589833
Latency: 0.8045404679141939
Latency: 0.8059652291703969
Latency: 0.7147753110621125
Latency: 0.7282294060569257
Latency: 0.7281924448907375
Latency: 0.7222430619876832
Latency: 0.6944218899589032
Latency: 0.728233631933108
Latency: 0.6864487240090966
Latency: 0.6878390668425709
Latency: 0.7153105151373893
Latency: 0.7166665531694889
Latency: 0.7095741620287299
Latency: 0.7106965200509876
Latency: 0.7213460640050471
Latency: 0.7063735779374838
Latency: 0.6252441699616611
Latency: 0.6265548910014331
Latency: 0.6277477280236781
Latency: 0.6291663139127195
Latency: 0.6305372449569404
Latency: 0.6319449520669878
Latency: 0.6328108271118253
Latency: 0.6342041878961027
Latency: 0.6356076889205724
Latency: 0.6370433080010116
Latency: 0.6378492240328342
Latency: 0.6392452330328524
Latency: 0.6406827010214329
Latency: 0.6420886770356447
Latency: 0.6434931939002126
Latency: 0.6567007279954851
Latency: 0.6573441170621663
Latency: 0.6587954110000283
Latency: 0.6711395799648017
Latency: 0.6724999968428165
Latency: 0.6739720129407942
Latency: 0.659688726067543
Latency: 0.660971991950646
Latency: 0.6622922660317272
Latency: 0.6636668459977955
Latency: 0.6648898620624095
Latency: 0.6662914869375527
Latency: 0.6676915809512138
Latency: 0.6686879761982709
Latency: 0.6701203170232475
Latency: 0.6715510240755975
Latency: 0.6730039170943201
Latency: 0.6743936939164996
Latency: 0.6929904769640416
Latency: 0.6935359670314938
Latency: 0.6950350478291512
Latency: 0.6991869281046093
Latency: 0.7005733579862863
Latency: 0.701987060951069
Latency: 0.6988563449122012
Latency: 0.7002368979156017
Latency: 0.7012331620790064
Latency: 0.7026914549060166
Latency: 0.7040853220969439
Latency: 0.7055027298629284
Latency: 0.7068627059925348
Latency: 0.708248398033902
Latency: 0.7088607051409781
Latency: 0.7102599330246449
Latency: 0.7116702189669013
Latency: 0.7130685418378562
Latency: 0.7144919289276004
Latency: 0.7069053701125085
Latency: 0.7074309531599283
Latency: 0.7091784339863807
Latency: 0.7106294448021799
Latency: 0.7120682529639453
Latency: 0.7134482110850513
Latency: 0.7148364060558379
Latency: 0.7162561919540167
Latency: 0.7176591090392321
Latency: 0.7190645090304315
Latency: 0.7204912779852748
Latency: 0.7282018808182329
Latency: 0.729398000985384
Latency: 0.7308432920835912
Latency: 0.7383992269169539
Latency: 0.7398685112129897
Latency: 0.7434988680761307
Latency: 0.7325335859786719
Latency: 0.733908104011789
Latency: 0.73341149603948
Latency: 0.7347857700660825
Latency: 0.7362077350262552
Latency: 0.7375975481700152
Latency: 0.7390130278654397
Latency: 0.7404537459369749
Latency: 0.7417546100914478
Latency: 0.7432562210597098
Latency: 0.7446943258401006
Latency: 0.7461077410262078
Latency: 0.7475713328458369
Latency: 0.7489685080945492
Latency: 0.7503755029756576
Latency: 0.7518170380499214
Latency: 0.7532509230077267
Latency: 0.7546900808811188
Latency: 0.7582847948651761
Latency: 0.759770895820111
Latency: 0.7611777619458735
Latency: 0.7625838741660118
Latency: 0.7639858280308545
Latency: 0.7654110910370946
Latency: 0.7667998201213777
Latency: 0.7678071439731866
Latency: 0.7691849018447101
Latency: 0.7705235960893333
Latency: 0.7719579318072647
Latency: 0.7733309410978109
Latency: 0.7748206050600857
Latency: 0.7761848871596158
Latency: 0.777540490962565
Latency: 0.7789752809330821
Latency: 0.8098594809416682
Latency: 0.8112449601758271
Latency: 0.8629095149226487
Latency: 0.8626388041302562
Latency: 0.8624867361504585
Latency: 0.862462252844125
Latency: 0.7806129860691726
Latency: 0.7817877070046961
Latency: 0.7830481238197535
Latency: 0.7844172308687121
Latency: 0.7857921309769154
Latency: 0.7988231270574033
Latency: 0.7763687041588128
Latency: 0.7809738081414253
Latency: 0.7815339679364115
Latency: 0.7550752218812704
Latency: 0.6228479500859976
Latency: 0.6241442209575325
Latency: 0.7137025380507112
Latency: 0.6855454170145094
Latency: 0.6869097910821438
Latency: 0.6861363840289414
Latency: 0.6873412830755115
Latency: 0.7117741880938411
Latency: 0.5214871210046113
Latency: 0.5222809340339154
Latency: 0.5607560749631375
Latency: 0.562159467022866
Latency: 0.5635588211007416
Latency: 0.5644256521482021
Latency: 0.5658714231103659
Latency: 0.5672720409929752
Latency: 0.5686489110812545
Latency: 0.5762740108184516
Latency: 0.5776666780002415
Latency: 0.5785392508842051
Latency: 0.5799424939323217
Latency: 0.581422969000414
Latency: 0.5828280958812684
Latency: 0.5820384020917118
Latency: 0.651049850974232
Latency: 0.6525050529744476
Latency: 0.6538940388709307
Latency: 0.6408617009874433
Latency: 0.657867319881916
Latency: 0.6591307271737605
Latency: 0.6605700319632888
Latency: 0.6616714808624238
Latency: 0.6630118920002133
Latency: 0.6644044020213187
Latency: 0.6651653170119971
Latency: 0.6665450509171933
Latency: 0.6679201300721616
Latency: 0.6692992029711604
Latency: 0.6706980299204588
Latency: 0.6720835389569402
Latency: 0.6727350789587945
Latency: 0.674088453873992
Latency: 0.6682023021858186
Latency: 0.669564968906343
Latency: 0.670968250837177
Latency: 0.66685144091025
Latency: 0.6682093571871519
Latency: 0.6802492858842015
Latency: 0.6814617069903761
Latency: 0.6828895581420511
Latency: 0.6843163140583783
Latency: 0.6949860078748316
Latency: 0.6965307109057903
Latency: 0.6979709409642965
Latency: 0.6993202781304717
Latency: 0.6997027979232371
Latency: 0.7009987169876695
Latency: 0.6945536348503083
Latency: 0.6959414801094681
Latency: 0.6972998979035765
Latency: 0.698716273996979
Latency: 0.7001036677975208
Latency: 0.7014687049668282
Latency: 0.7028496020939201
Latency: 0.7042401011567563
Latency: 0.7056939019821584
Latency: 0.7071444729808718
Latency: 0.7085456920322031
Latency: 0.709992652060464
Latency: 0.7114419077988714
Latency: 0.7128498798701912
Latency: 0.7142737437970936
Latency: 0.7154141589999199
Latency: 0.7168407239951193
Latency: 0.7186285650823265
Latency: 0.7201184860896319
Latency: 0.7215488879010081
Latency: 0.7079600018914789
Latency: 0.7092775809578598
Latency: 0.7106790270190686
Latency: 0.7120735819917172
Latency: 0.7134653651155531
Latency: 0.7148768431507051
Latency: 0.716286001028493
Latency: 0.7177214720286429
Latency: 0.7191221581306309
Latency: 0.7205288149416447
Latency: 0.7219517778139561
Latency: 0.7233429821208119
Latency: 0.72481678891927
Latency: 0.7262384430505335
Latency: 0.7276385801378638
Latency: 0.7290171070490032
Latency: 0.7328654110897332
Latency: 0.7342944541014731
Latency: 0.7356675129849464
Latency: 0.7442719179671258
Latency: 0.7457213769666851
Latency: 0.747159224934876
Latency: 0.7486006580293179
Latency: 0.7499931710772216
Latency: 0.7514392179436982
Latency: 0.761764258146286
Latency: 0.763158701127395
Latency: 0.7646752798464149
Latency: 0.7659929189831018
Latency: 0.7675196980126202
Latency: 0.7689488681498915
Latency: 0.7703771011438221
Latency: 0.7718065159860998
Latency: 0.7731497469358146
Latency: 0.7746555090416223
Latency: 0.7760628361720592
Latency: 0.7774660799186677
Latency: 0.7788438550196588
Latency: 0.7802844608668238
Latency: 0.7817045580595732
Latency: 0.7831258119549602
Latency: 0.7652690839022398
Latency: 0.7666351080406457
Latency: 0.7897874130867422
Latency: 0.7897098639514297
Latency: 0.7908625730779022
Latency: 0.7717790580354631
Latency: 0.7730025169439614
Latency: 0.7387889618985355
Latency: 0.7606616669800133
Latency: 0.7811901210807264
Latency: 0.5850902670063078
Latency: 0.6469254889525473
Latency: 0.6483523901551962
Latency: 0.6634192289784551
Latency: 0.66480180202052
Latency: 0.666278962045908
Latency: 0.68790103495121
Latency: 0.6836404169443995
Latency: 0.6080309329554439
Latency: 0.6094059769529849
Latency: 0.6106590391136706
Latency: 0.6739212991669774
Latency: 0.6751818258780986
Latency: 0.6168567179702222
Latency: 0.618211111985147
Latency: 0.6193120698444545
Latency: 0.6207244719844311
Latency: 0.6221292258705944
Latency: 0.6235198611393571
Latency: 0.6249371701851487
Latency: 0.6263723790179938
Latency: 0.6418074329849333
Latency: 0.6432401658967137
Latency: 0.6446912810206413
Latency: 0.6537807548884302
Latency: 0.654667602153495
Latency: 0.6466997349634767
Latency: 0.6481377340387553
Latency: 0.6475216909311712
Latency: 0.6488861739635468
Latency: 0.6499179489910603
Latency: 0.6512766189407557
Latency: 0.6530437178444117
Latency: 0.6534429439343512
Latency: 0.6548126838169992
Latency: 0.6562042681034654
Latency: 0.6576177780516446
Latency: 0.6585473900195211
Latency: 0.6609521498903632
Latency: 0.6623654621653259
Latency: 0.6638404151890427
Latency: 0.6616215738467872
Latency: 0.6747955149039626
Latency: 0.6762157978955656
Latency: 0.6776432481128722
Latency: 0.6790698829572648
Latency: 0.6804749721195549
Latency: 0.6924128718674183
Latency: 0.6937960861250758
Latency: 0.6953033609315753
Latency: 0.6967310789041221
Latency: 0.6853342780377716
Latency: 0.6866884960327297
Latency: 0.6880663360934705
Latency: 0.6894792290404439
Latency: 0.6908746790140867
Latency: 0.6926893750205636
Latency: 0.6941649010404944
Latency: 0.6955655720084906
Latency: 0.6969669519457966
Latency: 0.6983926589600742
Latency: 0.6998506248928607
Latency: 0.7012658428866416
Latency: 0.7027083588764071
Latency: 0.7041157730855048
Latency: 0.7055935959797353
Latency: 0.706969620892778
Latency: 0.7083929278887808
Latency: 0.7098457831889391
Latency: 0.7112852360587567
Latency: 0.712706376099959
Latency: 0.7141425339505076
Latency: 0.7155717250425369
Latency: 0.717133317142725
Latency: 0.7185916430316865
Latency: 0.7200030130334198
Latency: 0.7214352448936552
Latency: 0.7228642608970404
Latency: 0.7242758050560951
Latency: 0.7257351989392191
Latency: 0.7271411048714072
Latency: 0.7286077488679439
Latency: 0.7299811108969152
Latency: 0.7314495681785047
Latency: 0.7328259190544486
Latency: 0.7342764239292592
Latency: 0.7356795938685536
Latency: 0.7371376911178231
Latency: 0.7460073831025511
Latency: 0.7474143970757723
Latency: 0.7488281598780304
Latency: 0.7502703240606934
Latency: 0.7517115490045398
Latency: 0.7530944510363042
Latency: 0.7544835181906819
Latency: 0.7558818149846047
Latency: 0.7636395778972656
Latency: 0.7650615719612688
Latency: 0.7665180959738791
Latency: 0.7678828239440918
Latency: 0.7692591280210763
Latency: 0.7707540730480105
Latency: 0.7553341190796345
Latency: 0.7566401378717273
Latency: 0.7580242860130966
Latency: 0.7594552491791546
Latency: 0.7608814069535583
Latency: 0.7622514530085027
Latency: 0.7637328540440649
Latency: 0.7651654549408704
Latency: 0.7665620611514896
Latency: 0.7679467319976538
Latency: 0.7715623110998422
Latency: 0.7729729108978063
Latency: 0.7744133458472788
Latency: 0.7757722940295935
Latency: 0.7971070271451026
Latency: 0.7969076870940626
Latency: 0.7967008780688047
Latency: 0.7976351899560541
Latency: 0.7745973619166762
Latency: 0.7769854450598359
Latency: 0.7783686940092593
Latency: 0.779768489068374
Latency: 0.7811361488420516
Latency: 0.8124778890050948
Latency: 0.7832879589404911
Latency: 0.7152485798578709
Latency: 0.6783948431257159
Latency: 0.6810040238779038
Latency: 0.6823472559917718
Latency: 0.6901325238868594
Latency: 0.6915572229772806
Latency: 0.6928947139531374
Latency: 0.6201559689361602
Latency: 0.6026883379090577
Latency: 0.6249634828418493
Latency: 0.626202111132443
Latency: 0.627279793145135
Latency: 0.6287020770832896
Latency: 0.6295335509348661
Latency: 0.6309346118941903
Latency: 0.6323425329755992
Latency: 0.6326876161620021
Latency: 0.6340476588811725
Latency: 0.6354573450516909
Latency: 0.63687495701015
Latency: 0.6373955048620701
Latency: 0.6387951499782503
Latency: 0.6322230019140989
Latency: 0.6337287439964712
Latency: 0.6351616920437664
Latency: 0.6197898099198937
Latency: 0.6211574780754745
Latency: 0.62230708100833
Latency: 0.6236928792204708
Latency: 0.6396990530192852
Latency: 0.641100422013551
Latency: 0.6425030129030347
Latency: 0.6579627748578787
Latency: 0.6593483299948275
Latency: 0.6608380691614002
Latency: 0.6622137590311468
Latency: 0.663621491054073
Latency: 0.6647266419604421
Latency: 0.6660805211868137
Latency: 0.6674970421008766
Latency: 0.6780275458004326
Latency: 0.6791223520413041
Latency: 0.6805194050539285
Latency: 0.674206426134333
Latency: 0.6756108168046921
Latency: 0.6770270140841603
Latency: 0.6917979319114238
Latency: 0.6931961551308632
Latency: 0.6916620291303843
Latency: 0.6930340989492834
Latency: 0.6944466307759285
Latency: 0.6958454370032996
Latency: 0.6972148260101676
Latency: 0.6982932998798788
Latency: 0.6996972670312971
Latency: 0.7011343131307513
Latency: 0.7025247989222407
Latency: 0.7039550349581987
Latency: 0.7054170919582248
Latency: 0.7068021970335394
Latency: 0.708242486929521
Latency: 0.7096884751226753
Latency: 0.7111216289922595
Latency: 0.7125470910687
Latency: 0.713945260969922
Latency: 0.7156934388913214
Latency: 0.7171804690733552
Latency: 0.7185822729952633
Latency: 0.7199863328132778
Latency: 0.7214469739701599
Latency: 0.722885477123782
Latency: 0.724360043881461
Latency: 0.7258257649373263
Latency: 0.7272140181157738
Latency: 0.7286418089643121
Latency: 0.7300872670020908
Latency: 0.7314986479468644
Latency: 0.7329075280576944
Latency: 0.7343432209454477
Latency: 0.7357763689942658
Latency: 0.7372454549185932
Latency: 0.7388083590194583
Latency: 0.7402595940511674
Latency: 0.741730340057984
Latency: 0.743129984010011
Latency: 0.7445946889929473
Latency: 0.7460119649767876
Latency: 0.747450283030048
Latency: 0.7488757679238915
Latency: 0.7501817462034523
Latency: 0.7588659070897847
Latency: 0.7602538599167019
Latency: 0.7616449499037117
Latency: 0.7630407530814409
Latency: 0.7644205510150641
Latency: 0.7658205039333552
Latency: 0.7672216719947755
Latency: 0.7585405160207301
Latency: 0.7598640518262982
Latency: 0.7611467498354614
Latency: 0.762645207112655
Latency: 0.7640098510310054
Latency: 0.7653768940363079
Latency: 0.7668463208246976
Latency: 0.7682695689145476
Latency: 0.7697065600659698
Latency: 0.7711567699443549
Latency: 0.772568172076717
Latency: 0.7739927081856877
Latency: 0.7753965461160988
Latency: 0.7768074199557304
Latency: 0.7782022950705141
Latency: 0.7800655721221119
Latency: 0.7815028638578951
Latency: 0.782942591002211
Latency: 0.7843939638696611
Latency: 0.7858368461020291
Latency: 0.7726925059687346
Latency: 0.7872486701235175
Latency: 0.7884115630295128
Latency: 0.788136393064633
Latency: 0.7977476839441806
Latency: 0.797233227873221
Latency: 0.7985672890208662
Latency: 0.8000000170432031
Latency: 0.8008653349243104
Latency: 0.7047715350054204
Latency: 0.6699427899438888
Latency: 0.6308038830757141
Latency: 0.5614583930000663
Latency: 0.5627938059624285
Latency: 0.5641938569024205
Latency: 0.6734803370200098
Latency: 0.6766558231320232
Latency: 0.6780011849477887
Latency: 0.6793155309278518
Latency: 0.7143281479366124
Latency: 0.5780038780067116
Latency: 0.5792551708873361
Latency: 0.5803788679186255
Latency: 0.5817378640640527
Latency: 0.5981109589338303
Latency: 0.5995188648812473
Latency: 0.6010077721439302
Latency: 0.6313953758217394
Latency: 0.6327854942064732
Latency: 0.6341939168050885
Latency: 0.6346729041542858
Latency: 0.6360402188729495
Latency: 0.6374444840475917
Latency: 0.6388363549485803
Latency: 0.6392425710801035
Latency: 0.640640313969925
Latency: 0.664924758952111
Latency: 0.6663437150418758
Latency: 0.6677579907700419
Latency: 0.6683175130747259
Latency: 0.6697663099039346
Latency: 0.6711648372001946
Latency: 0.6725859548896551
Latency: 0.66425098804757
Latency: 0.6653972738422453
Latency: 0.6668307820800692
Latency: 0.6682086819782853
Latency: 0.669647027971223
Latency: 0.671069789910689
Latency: 0.6722789390478283
Latency: 0.6736399701330811
Latency: 0.6745936858933419
Latency: 0.6759999438654631
Latency: 0.6774034979753196
Latency: 0.6901755060534924
Latency: 0.6915760179981589
Latency: 0.6929873209446669
Latency: 0.6821380369365215
Latency: 0.6810028438922018
Latency: 0.6821159021928906
Latency: 0.6834667669609189
Latency: 0.6848870301619172
Latency: 0.6862191399559379
Latency: 0.687692625913769
Latency: 0.6891056569293141
Latency: 0.6905669020488858
Latency: 0.6919645199086517
Latency: 0.6934500499628484
Latency: 0.6948231859132648
Latency: 0.6962355140130967
Latency: 0.6976557690650225
Latency: 0.6990991479251534
Latency: 0.7005697651766241
Latency: 0.7019983800128102
Latency: 0.7032515881583095
Latency: 0.7046864649746567
Latency: 0.7061239178292453
Latency: 0.7078874111175537
Latency: 0.7093540269415826
Latency: 0.7108044698834419
Latency: 0.7122182019520551
Latency: 0.713650536024943
Latency: 0.7150682301726192
Latency: 0.7421639349777251
Latency: 0.74355552601628
Latency: 0.7369371310342103
Latency: 0.7381875338032842
Latency: 0.7392139758449048
Latency: 0.7401130050420761
Latency: 0.7266853179316968
Latency: 0.7281312299892306
Latency: 0.7296926118433475
Latency: 0.7311686710454524
Latency: 0.732649601995945
Latency: 0.7340587929356843
Latency: 0.7337041960563511
Latency: 0.7350538359023631
Latency: 0.7364770928397775
Latency: 0.7378992438316345
Latency: 0.739297891035676
Latency: 0.7407436778303236
Latency: 0.7513200808316469
Latency: 0.7346056189853698
Latency: 0.736020680051297
Latency: 0.7374291040468961
Latency: 0.7388662120793015
Latency: 0.7403005489613861
Latency: 0.7417155331932008
Latency: 0.7431502169929445
Latency: 0.7447574441321194
Latency: 0.7461627069860697
Latency: 0.7475760849192739
Latency: 0.7490514139644802
Latency: 0.7504668100737035
Latency: 0.7519175962079316
Latency: 0.753295135917142
Latency: 0.7547953859902918
Latency: 0.7562336549162865
Latency: 0.7913833521306515
Latency: 0.7928345720283687
Latency: 0.7942328439094126
Latency: 0.795655082911253
Latency: 0.7966347851324826
Latency: 0.7781973900273442
Latency: 0.8049507308751345
Latency: 0.7904271262232214
Latency: 0.7916740640066564
Latency: 0.7930638999678195
Latency: 0.7944667020346969
Latency: 0.7958926351275295
Latency: 0.7972965019289404
Latency: 0.8002929158974439
Latency: 0.7796680030878633
Latency: 0.7797331218607724
Latency: 0.7811382270883769
Latency: 0.7826011599972844
Latency: 0.7950207910034806
Latency: 0.759229821851477
Latency: 0.7588087681215256
Latency: 0.7142361979931593
Latency: 0.6810459950938821
Latency: 0.6839130879379809
Latency: 0.6850898221600801
Latency: 0.6667726801242679
Latency: 0.6681685629300773
Latency: 0.6695540039800107
Latency: 0.6845058100298047
Latency: 0.6804144689813256
Latency: 0.6660078829154372
Latency: 0.66723957285285
Latency: 0.6876569010782987
Latency: 0.6880832710303366
Latency: 0.6456608520820737
Latency: 0.6470474519301206
Latency: 0.6484893248416483
Latency: 0.629253356019035
Latency: 0.6300246599130332
Latency: 0.6314291490707546
Latency: 0.6323080428410321
Latency: 0.6336733810603619
Latency: 0.635070180054754
Latency: 0.6364502429496497
Latency: 0.6372636470478028
Latency: 0.6386967529542744
Latency: 0.629030124982819
Latency: 0.6304377939086407
Latency: 0.6318301449064165
Latency: 0.6332774150650948
Latency: 0.6281637880019844
Latency: 0.6295385288540274
Latency: 0.630953375948593
Latency: 0.6323688579723239
Latency: 0.6267409441061318
Latency: 0.6281370748765767
Latency: 0.6293063410557806
Latency: 0.6307100309059024
Latency: 0.6532252591568977
Latency: 0.6545638658571988
Latency: 0.670873868977651
Latency: 0.6722850161604583
Latency: 0.6736722998321056
Latency: 0.6751577749382704
Latency: 0.6762966029345989
Latency: 0.6776649039238691
Latency: 0.6790887489914894
Latency: 0.677520333789289
Latency: 0.6789221181534231
Latency: 0.6749312940519303
Latency: 0.6887822288554162
Latency: 0.6901545261498541
Latency: 0.6915023808833212
Latency: 0.6928621379192919
Latency: 0.6942353749182075
Latency: 0.6956141300033778
Latency: 0.6969755108002573
Latency: 0.6984061091206968
Latency: 0.699484899872914
Latency: 0.7008617778774351
Latency: 0.7022205679677427
Latency: 0.7036454640328884
Latency: 0.7050387922208756
Latency: 0.7064172581303865
Latency: 0.7078228970058262
Latency: 0.709224120946601
Latency: 0.7108531109988689
Latency: 0.7123793698847294
Latency: 0.7137814320158213
Latency: 0.7153348559513688
Latency: 0.7167502830270678
Latency: 0.7182442951016128
Latency: 0.7196906928438693
Latency: 0.7211307308170944
Latency: 0.7225886299274862
Latency: 0.7240170710720122
Latency: 0.7254620890598744
