Latency: 0.9289999071042985
Latency: 0.9296232911292464
Latency: 0.8222057269886136
Latency: 0.8350051508750767
Latency: 0.817682284861803
Latency: 0.8319730539806187
Latency: 0.8224113418255001
Latency: 0.8374637940432876
Latency: 0.8303462481126189
Latency: 0.826422143029049
Latency: 0.8223980630282313
Latency: 0.8280115339439362
Latency: 0.8323345989920199
Latency: 0.8267291050869972
Latency: 0.8194225660990924
Latency: 0.830130274174735
Latency: 0.8288295771926641
Latency: 0.8233859050087631
Latency: 0.8302657899912447
Latency: 0.8285716860555112
Latency: 0.8130335342139006
Latency: 0.8300471650436521
Latency: 0.8179843579418957
Latency: 0.8275185499805957
Latency: 0.8207158390432596
Latency: 0.820583543041721
Latency: 0.8277461580000818
Latency: 0.8278690129518509
Latency: 0.8245431690011173
Latency: 0.8205501739867032
Latency: 0.8454084938857704
Latency: 0.8422164609655738
Latency: 0.825666441116482
Latency: 0.8369324791710824
Latency: 0.8381247150246054
Latency: 0.8268219199962914
Latency: 0.8256724660750479
Latency: 0.8297479120083153
Latency: 0.8224960409570485
Latency: 0.8176669559907168
