Latency: 0.9296320821158588
Latency: 0.8182999840937555
Latency: 0.830581848975271
Latency: 0.8295412939041853
Latency: 0.8195918828714639
Latency: 0.836374751990661
Latency: 0.831403436139226
Latency: 0.8297042329795659
Latency: 0.825660243164748
Latency: 0.8439775891602039
Latency: 0.8337479669135064
Latency: 0.8230005369987339
Latency: 0.8207303390372545
Latency: 0.8393109920434654
Latency: 0.8352504791691899
Latency: 0.839710202999413
Latency: 0.8264950080774724
Latency: 0.8199038549792022
Latency: 0.8360528331249952
Latency: 0.8295700349844992
Latency: 0.8222569138742983
Latency: 0.8317565850447863
Latency: 0.8318524020723999
Latency: 0.8387484499253333
Latency: 0.8194694069679826
Latency: 0.8347875170875341
Latency: 0.8299361090175807
Latency: 0.8329624189063907
Latency: 0.8384625709149987
