Latency: 0.3105604008305818
Latency: 0.35158889298327267
Latency: 0.3288542099762708
Latency: 0.385296514024958
Latency: 0.3206053900066763
Latency: 0.33853635005652905
Latency: 0.2442234270274639
Latency: 0.32473954604938626
Latency: 0.2864487220067531
Latency: 0.3328055639285594
Latency: 0.3349163429811597
Latency: 0.36023990507237613
Latency: 0.3004133920185268
Latency: 0.35543827596120536
Latency: 0.28849609987810254
Latency: 0.28997259913012385
Latency: 0.2757084190379828
Latency: 0.2726485070306808
Latency: 0.31001854315400124
Latency: 0.3108475701883435
Latency: 0.34480960899963975
Latency: 0.2997225420549512
Latency: 0.3603570500854403
Latency: 0.32697436306625605
Latency: 0.3965562139637768
Latency: 0.33432793198153377
Latency: 0.3851145189255476
Latency: 0.3174083321355283
Latency: 0.3061264380812645
Latency: 0.3336771298199892
Latency: 0.31413543596863747
Latency: 0.3657768869306892
Latency: 0.3478630359750241
Latency: 0.36783198011107743
Latency: 0.33480944600887597
Latency: 0.37871321802958846
Latency: 0.3165587519761175
Latency: 0.34950922103598714
Latency: 0.2760681710205972
Latency: 0.3174410730134696
Latency: 0.29092329321429133
Latency: 0.3634845989290625
Latency: 0.3093492230400443
Latency: 0.36363396514207125
Latency: 0.33897062111645937
Latency: 0.35957099799998105
Latency: 0.291707850061357
Latency: 0.015887143090367317
Latency: 0.008601723005995154
Latency: 0.007885524071753025
Latency: 0.007616628892719746
Latency: 0.007500729989260435
Latency: 0.007418783148750663
Latency: 0.007510271156206727
Latency: 0.007375381886959076
Latency: 0.007234632037580013
Latency: 0.00866951304487884
Latency: 0.009941590018570423
Latency: 0.007365400902926922
Latency: 0.007733777863904834
Latency: 0.007400545058771968
Latency: 0.0073926858603954315
Latency: 0.009315605042502284
Latency: 0.00833230116404593
Latency: 0.007473338162526488
Latency: 0.007255204021930695
Latency: 0.007161042187362909
Latency: 0.007153579033911228
Latency: 0.007085110992193222
Latency: 0.010770292021334171
Latency: 0.06754060997627676
Latency: 0.008502570912241936
Latency: 0.007602014811709523
Latency: 0.007453347090631723
Latency: 0.008262120187282562
Latency: 0.013481037924066186
Latency: 0.010961791034787893
Latency: 0.012020729016512632
Latency: 0.007620956050232053
Latency: 0.007307568099349737
Latency: 0.008771845139563084
Latency: 0.007349827094003558
Latency: 0.007309915963560343
Latency: 0.0072408029809594154
Latency: 0.00731243914924562
Latency: 0.007221434963867068
Latency: 0.007373512955382466
Latency: 0.0072795189917087555
Latency: 0.0072399640921503305
Latency: 0.007289252011105418
Latency: 0.007345614954829216
Latency: 0.007536538876593113
Latency: 0.008167266147211194
Latency: 0.007333716843277216
Latency: 0.007310535060241818
Latency: 0.007304331054911017
Latency: 0.007377311820164323
Latency: 0.007268169894814491
Latency: 0.0072472060564905405
Latency: 0.0073635338339954615
Latency: 0.0075426059775054455
Latency: 0.007293933071196079
Latency: 0.007330727996304631
Latency: 0.008326583076268435
Latency: 0.007287800079211593
Latency: 0.007447734009474516
Latency: 0.007321233162656426
Latency: 0.007404207019135356
Latency: 0.0073182249907404184
Latency: 0.0073220799677073956
Latency: 0.007242932915687561
Latency: 0.007173932157456875
Latency: 0.0072177310939878225
Latency: 0.007163406116887927
Latency: 0.007166472962126136
Latency: 0.008219755021855235
Latency: 0.00726527301594615
Latency: 0.00712709897197783
Latency: 0.007197465049102902
Latency: 0.007402043091133237
Latency: 0.007335764123126864
Latency: 0.0072847940027713776
Latency: 0.007290706969797611
Latency: 0.007466886891052127
Latency: 0.007334750145673752
Latency: 0.008480265038087964
Latency: 0.007279330864548683
Latency: 0.007191092940047383
Latency: 0.007321272976696491
Latency: 0.007355725858360529
Latency: 0.007417096057906747
Latency: 0.007329161046072841
Latency: 0.007427607895806432
Latency: 0.0072672548703849316
Latency: 0.007202384062111378
Latency: 0.00727266795001924
Latency: 0.0073638479225337505
Latency: 0.00826439494267106
Latency: 0.007417832966893911
Latency: 0.007579504977911711
Latency: 0.007259040139615536
Latency: 0.007228588918223977
Latency: 0.0072914299089461565
Latency: 0.0072728609666228294
Latency: 0.00730951689183712
Latency: 0.007455944083631039
Latency: 0.007912700064480305
Latency: 0.007706914097070694
Latency: 0.008600929053500295
Latency: 0.007452963851392269
Latency: 0.0072092339396476746
Latency: 0.007315717171877623
Latency: 0.0072743871714919806
Latency: 0.0074255738873034716
Latency: 0.007280853111296892
Latency: 0.007336752954870462
Latency: 0.007230557966977358
Latency: 0.007248271023854613
Latency: 0.007248574867844582
Latency: 0.007325227838009596
Latency: 0.008367053931578994
Latency: 0.0073102498427033424
Latency: 0.0073351021856069565
Latency: 0.007218938088044524
Latency: 0.007289479952305555
Latency: 0.007271168055012822
Latency: 0.007257688092067838
Latency: 0.0071828728541731834
Latency: 0.00720737618394196
Latency: 0.007244498003274202
Latency: 0.0071032410487532616
Latency: 0.008492531022056937
Latency: 0.008170136017724872
Latency: 0.00759420613758266
Latency: 0.008000700967386365
Latency: 0.007374698994681239
Latency: 0.007406095042824745
Latency: 0.007404262898489833
Latency: 0.007443847833201289
Latency: 0.007369160884991288
Latency: 0.00746766384691
Latency: 0.007339828880503774
Latency: 0.007339416071772575
Latency: 0.008280988084152341
Latency: 0.0073457988910377026
Latency: 0.0075050238519907
Latency: 0.007237124955281615
Latency: 0.007384938886389136
Latency: 0.007362920790910721
Latency: 0.007374152075499296
Latency: 0.0073401229456067085
Latency: 0.007220384897664189
Latency: 0.007220020983368158
Latency: 0.0073715089820325375
Latency: 0.008490895852446556
Latency: 0.007331517990678549
Latency: 0.007380408002063632
Latency: 0.007375356974080205
Latency: 0.007524646818637848
Latency: 0.00743015599437058
Latency: 0.007295241812244058
Latency: 0.007300704950466752
Latency: 0.007283833809196949
Latency: 0.0074689039029181
Latency: 0.007356847869232297
Latency: 0.007347699953243136
Latency: 0.008297448046505451
Latency: 0.007091685896739364
Latency: 0.007184688001871109
Latency: 0.007151795085519552
Latency: 0.007295680930837989
Latency: 0.0073628530371934175
Latency: 0.007311229826882482
Latency: 0.0072960760444402695
Latency: 0.007246905006468296
Latency: 0.007280835881829262
Latency: 0.007298168959096074
Latency: 0.007325056940317154
Latency: 0.007886551087722182
Latency: 0.007719988934695721
Latency: 0.007299895863980055
Latency: 0.007320362143218517
Latency: 0.007513060932978988
Latency: 0.007421686081215739
Latency: 0.007435118081048131
Latency: 0.007356196874752641
Latency: 0.007308540167286992
Latency: 0.007338582072407007
Latency: 0.007297398056834936
Latency: 0.008285699179396033
Latency: 0.007338505936786532
Latency: 0.007327936822548509
Latency: 0.007311871042475104
Latency: 0.007421828107908368
Latency: 0.0071314910892397165
Latency: 0.0073349319864064455
Latency: 0.007182929897680879
Latency: 0.007109032012522221
Latency: 0.007275669137015939
Latency: 0.007357327034696937
Latency: 0.008388082031160593
Latency: 0.007206682814285159
Latency: 0.007257770048454404
Latency: 0.007193862926214933
Latency: 0.0072605181485414505
Latency: 0.0072840740904212
Latency: 0.0073877498507499695
Latency: 0.007259581005200744
Latency: 0.0072966020088642836
Latency: 0.007191970944404602
Latency: 0.007295609917491674
Latency: 0.007495835889130831
Latency: 0.008194265887141228
Latency: 0.007406699005514383
Latency: 0.007396765984594822
Latency: 0.007501533022150397
Latency: 0.007383408956229687
Latency: 0.00739608402363956
Latency: 0.0073397839441895485
Latency: 0.007181230001151562
Latency: 0.0072544359136372805
Latency: 0.007187163922935724
Latency: 0.007198658073320985
Latency: 0.007369676139205694
Latency: 0.008464894955977798
Latency: 0.0073758920188993216
Latency: 0.007328466046601534
Latency: 0.007512438111007214
Latency: 0.007262232014909387
Latency: 0.0073484869208186865
Latency: 0.007392448140308261
Latency: 0.0073461649008095264
Latency: 0.0072595488745719194
Latency: 0.007290592882782221
Latency: 0.007214654004201293
Latency: 0.008667900925502181
Latency: 0.007428682874888182
Latency: 0.007388307945802808
Latency: 0.007293610135093331
Latency: 0.007289414061233401
Latency: 0.007240814855322242
Latency: 0.007260605925694108
Latency: 0.00726394890807569
Latency: 0.0073956991545856
Latency: 0.007227380992844701
Latency: 0.007241693092510104
Latency: 0.007331538945436478
Latency: 0.008270002901554108
Latency: 0.007088158978149295
Latency: 0.007175853010267019
Latency: 0.007303329883143306
Latency: 0.007813451113179326
Latency: 0.007824171101674438
Latency: 0.007421347079798579
Latency: 0.007356339134275913
Latency: 0.007344872923567891
Latency: 0.007457123138010502
Latency: 0.0075919791124761105
Latency: 0.0073705678805708885
Latency: 0.008524455828592181
Latency: 0.007187240989878774
Latency: 0.007100476184859872
Latency: 0.007174254860728979
Latency: 0.007257640128955245
Latency: 0.007192680845037103
Latency: 0.007218920858576894
Latency: 0.007345087826251984
Latency: 0.007362497039139271
Latency: 0.007305868901312351
Latency: 0.007258246885612607
Latency: 0.007214896148070693
Latency: 0.008308262098580599
Latency: 0.007313390029594302
Latency: 0.007280494086444378
Latency: 0.007315607974305749
Latency: 0.007427030010148883
Latency: 0.007285189814865589
Latency: 0.007361830910667777
Latency: 0.007353303954005241
Latency: 0.007373282918706536
Latency: 0.007424528943374753
Latency: 0.00734921800903976
Latency: 0.0072299770545214415
Latency: 0.008512836880981922
Latency: 0.030406193807721138
Latency: 0.007475846912711859
Latency: 0.007307266118004918
Latency: 0.007140432018786669
Latency: 0.007134709041565657
Latency: 0.007167479023337364
Latency: 0.00716294813901186
Latency: 0.007385343080386519
Latency: 0.007296891883015633
Latency: 0.008254559012129903
Latency: 0.007271152921020985
Latency: 0.007323724217712879
Latency: 0.007251868024468422
Latency: 0.0073381708934903145
Latency: 0.007231778930872679
Latency: 0.007226700894534588
Latency: 0.007229490904137492
Latency: 0.007263513980433345
Latency: 0.007382536074146628
Latency: 0.007286251988261938
Latency: 0.007328120060265064
Latency: 0.008668369147926569
Latency: 0.007230371003970504
Latency: 0.007255268050357699
Latency: 0.0072961230762302876
Latency: 0.007242039078846574
Latency: 0.007161397952586412
Latency: 0.007156644016504288
Latency: 0.007127623073756695
Latency: 0.007244528038427234
Latency: 0.007120976923033595
Latency: 0.007262435974553227
Latency: 0.008247913094237447
Latency: 0.007117812056094408
Latency: 0.007111115148290992
Latency: 0.007164963986724615
Latency: 0.007346574915573001
Latency: 0.007522108033299446
Latency: 0.007575416937470436
Latency: 0.007335382979363203
Latency: 0.007303995080292225
Latency: 0.007333192974328995
Latency: 0.007341366959735751
Latency: 0.007353740045800805
Latency: 0.008440650068223476
Latency: 0.007357782917097211
Latency: 0.007182764122262597
Latency: 0.007371743908151984
Latency: 0.007217033999040723
Latency: 0.007216011174023151
Latency: 0.00729425810277462
Latency: 0.007088282844051719
Latency: 0.007261557038873434
Latency: 0.0071953649166971445
Latency: 0.007233136100694537
Latency: 0.008597064996138215
Latency: 0.007277545053511858
Latency: 0.00726259988732636
Latency: 0.007423264905810356
Latency: 0.0076871709898114204
Latency: 0.007637490052729845
Latency: 0.00754651497118175
Latency: 0.007587034022435546
Latency: 0.007478897925466299
Latency: 0.007707363925874233
Latency: 0.0076281409710645676
Latency: 0.008999967947602272
Latency: 0.007321898825466633
Latency: 0.0073432959616184235
Latency: 0.0073717860504984856
Latency: 0.007276241201907396
Latency: 0.007481341017410159
Latency: 0.007399852154776454
Latency: 0.007432457059621811
Latency: 0.007402080111205578
Latency: 0.00738414516672492
Latency: 0.007403771160170436
Latency: 0.008434286108240485
Latency: 0.007162028923630714
Latency: 0.007401762995868921
Latency: 0.007369031198322773
Latency: 0.007234703982248902
Latency: 0.007315709954127669
Latency: 0.00722528388723731
Latency: 0.007232666946947575
Latency: 0.007302835118025541
Latency: 0.007214510114863515
Latency: 0.007426371099427342
Latency: 0.007338276831433177
Latency: 0.008357652928680182
Latency: 0.007233364041894674
Latency: 0.007288391003385186
Latency: 0.007186780916526914
Latency: 0.00725146709010005
Latency: 0.007237724028527737
Latency: 0.007331126136705279
Latency: 0.007374877110123634
Latency: 0.007307543884962797
Latency: 0.007291651098057628
Latency: 0.0073476911056786776
Latency: 0.008191360160708427
Latency: 0.007352523040026426
Latency: 0.007218556012958288
Latency: 0.007361166877672076
Latency: 0.00716548296622932
Latency: 0.0072396849282085896
Latency: 0.0071796090342104435
Latency: 0.007230310933664441
Latency: 0.00727461208589375
Latency: 0.007290364010259509
Latency: 0.007679272908717394
Latency: 0.007651240797713399
Latency: 0.008597061969339848
Latency: 0.007367027224972844
Latency: 0.007169233867898583
Latency: 0.007273935014382005
Latency: 0.007240368984639645
Latency: 0.007252992130815983
Latency: 0.007368043065071106
Latency: 0.0075300890021026134
Latency: 0.007209921022877097
Latency: 0.0072600990533828735
Latency: 0.007351608015596867
Latency: 0.007397003006190062
Latency: 0.00843967217952013
Latency: 0.007347827078774571
Latency: 0.007345958147197962
Latency: 0.007472327910363674
Latency: 0.007368667982518673
Latency: 0.007208040915429592
Latency: 0.007328544044867158
Latency: 0.007254656869918108
Latency: 0.007420211099088192
Latency: 0.007293150993064046
Latency: 0.00868706707842648
Latency: 0.007265787106007338
Latency: 0.007359080947935581
Latency: 0.007284754887223244
Latency: 0.00722681381739676
Latency: 0.007397468201816082
Latency: 0.007130879908800125
Latency: 0.007167604984715581
Latency: 0.0071843399200588465
Latency: 0.007136343978345394
Latency: 0.007230174029245973
Latency: 0.007296781986951828
Latency: 0.008387757930904627
Latency: 0.0072823259979486465
Latency: 0.007279885001480579
Latency: 0.007217029109597206
Latency: 0.0073279719799757
Latency: 0.007470923010259867
Latency: 0.007161448011174798
Latency: 0.007145276991650462
Latency: 0.007173448801040649
Latency: 0.007165055023506284
Latency: 0.007088627899065614
Latency: 0.007290627807378769
Latency: 0.008205407066270709
Latency: 0.007251228904351592
Latency: 0.007268548011779785
Latency: 0.007290201960131526
Latency: 0.007408452918753028
Latency: 0.007341679185628891
Latency: 0.0072853220626711845
Latency: 0.0072236640844494104
Latency: 0.007244738982990384
Latency: 0.007410530000925064
Latency: 0.007297825999557972
Latency: 0.007328334031626582
Latency: 0.008493347093462944
Latency: 0.007360612042248249
Latency: 0.007182297063991427
Latency: 0.007262979866936803
Latency: 0.007540408056229353
Latency: 0.007140689995139837
Latency: 0.007257424062117934
Latency: 0.007270768983289599
Latency: 0.007289612898603082
Latency: 0.007802047999575734
Latency: 0.0073118750005960464
Latency: 0.0083970099221915
Latency: 0.007258469006046653
Latency: 0.008025601040571928
Latency: 0.0076032530050724745
Latency: 0.007505411980673671
Latency: 0.007494904100894928
Latency: 0.007360202027484775
Latency: 0.007441944908350706
Latency: 0.00743330386467278
Latency: 0.007437308086082339
Latency: 0.007332785986363888
Latency: 0.0073240872006863356
Latency: 0.00828734110109508
Latency: 0.0071787789929658175
Latency: 0.0072718949522823095
Latency: 0.007350988918915391
Latency: 0.00726420315913856
Latency: 0.00726565788500011
Latency: 0.007242816034704447
Latency: 0.007216874044388533
Latency: 0.0072919761296361685
Latency: 0.007298697950318456
Latency: 0.0074239871464669704
Latency: 0.007254960015416145
Latency: 0.008225854020565748
Latency: 0.007174631115049124
Latency: 0.007179389009252191
Latency: 0.007252730894833803
Latency: 0.007146816002205014
Latency: 0.007249072892591357
Latency: 0.007273247931152582
Latency: 0.00739142601378262
Latency: 0.007334346184507012
Latency: 0.007372627034783363
Latency: 0.0074401129968464375
Latency: 0.007203567074611783
Latency: 0.008212041109800339
Latency: 0.007136248052120209
Latency: 0.0072332629933953285
Latency: 0.007288451073691249
Latency: 0.007180504966527224
Latency: 0.007234255084767938
Latency: 0.00721584795974195
Latency: 0.007080164039507508
Latency: 0.007046167040243745
Latency: 0.007276871940121055
Latency: 0.0072880759835243225
Latency: 0.007332616951316595
Latency: 0.008348079165443778
Latency: 0.007434305036440492
Latency: 0.007463529007509351
Latency: 0.00728785595856607
Latency: 0.007291004061698914
Latency: 0.007219725055620074
Latency: 0.007302271900698543
Latency: 0.007265578024089336
Latency: 0.007339222123846412
Latency: 0.007215078920125961
Latency: 0.007412318140268326
Latency: 0.0073527260683476925
Latency: 0.008504295954480767
Latency: 0.030615807976573706
Latency: 0.00761460093781352
Latency: 0.007228859001770616
Latency: 0.007182305911555886
Latency: 0.00723379896953702
Latency: 0.00737327104434371
Latency: 0.0071894831489771605
Latency: 0.007161511108279228
Latency: 0.007151710102334619
Latency: 0.007948871003463864
Latency: 0.007380508119240403
Latency: 0.007639382965862751
Latency: 0.007851930102333426
Latency: 0.007573304930701852
Latency: 0.00742030399851501
Latency: 0.00752071407623589
Latency: 0.007340406067669392
Latency: 0.007400606060400605
Latency: 0.007220311090350151
Latency: 0.007245255867019296
Latency: 0.007251956034451723
Latency: 0.008410398149862885
Latency: 0.0072615179233253
Latency: 0.00721935392357409
Latency: 0.007355713983997703
Latency: 0.00734608992934227
Latency: 0.007257003104314208
Latency: 0.007309009088203311
Latency: 0.007198327919468284
Latency: 0.007177536142989993
Latency: 0.00728061213158071
Latency: 0.007340342970564961
Latency: 0.00848505087196827
Latency: 0.007287465967237949
Latency: 0.007235313067212701
Latency: 0.007329136831685901
Latency: 0.007198896957561374
Latency: 0.0073451639618724585
Latency: 0.007075385190546513
Latency: 0.007180588087067008
Latency: 0.007198656909167767
Latency: 0.007298598065972328
Latency: 0.0073015468660742044
Latency: 0.007308639120310545
Latency: 0.008186224149540067
Latency: 0.007307667983695865
Latency: 0.007248566951602697
Latency: 0.007287939079105854
Latency: 0.007363910088315606
Latency: 0.007242597872391343
Latency: 0.007241512881591916
Latency: 0.007268660934641957
Latency: 0.0073581181932240725
Latency: 0.007409015903249383
Latency: 0.0073694190941751
Latency: 0.008667567977681756
Latency: 0.007189689902588725
Latency: 0.0072055961936712265
Latency: 0.007336266804486513
Latency: 0.007152756210416555
Latency: 0.007202632026746869
Latency: 0.007295459974557161
Latency: 0.007230814080685377
Latency: 0.007188379066064954
Latency: 0.0072283451445400715
Latency: 0.007325749844312668
Latency: 0.008387563051655889
Latency: 0.0073107711505144835
Latency: 0.007381373085081577
Latency: 0.0074419688899070024
Latency: 0.00735401501879096
Latency: 0.007325262995436788
Latency: 0.007269492140039802
Latency: 0.007330348016694188
Latency: 0.007302535930648446
Latency: 0.0072389030829072
Latency: 0.007210001116618514
Latency: 0.008491967106238008
Latency: 0.007382148178294301
Latency: 0.007393226958811283
Latency: 0.0073362188413739204
Latency: 0.007341541815549135
Latency: 0.007266314001753926
Latency: 0.0072043659165501595
Latency: 0.007508839946240187
Latency: 0.007977786008268595
Latency: 0.007616451010107994
Latency: 0.0074888369999825954
Latency: 0.008850769139826298
Latency: 0.0073742137756198645
Latency: 0.007352214073762298
Latency: 0.007427309872582555
Latency: 0.007053271867334843
Latency: 0.007295234128832817
Latency: 0.007177907042205334
Latency: 0.007270721020177007
Latency: 0.007312990026548505
Latency: 0.007338228868320584
Latency: 0.0072615318931639194
Latency: 0.00851800898090005
Latency: 0.007229795912280679
Latency: 0.007546199951320887
Latency: 0.007469381904229522
Latency: 0.007192867109552026
Latency: 0.007222749060019851
Latency: 0.007225050125271082
Latency: 0.007194521836936474
Latency: 0.0071908109821379185
Latency: 0.007210799027234316
Latency: 0.007302471902221441
Latency: 0.008763359859585762
Latency: 0.007614398142322898
Latency: 0.007341568823903799
Latency: 0.007266385015100241
Latency: 0.007445817813277245
Latency: 0.007268585031852126
Latency: 0.0073846380691975355
Latency: 0.007471721153706312
Latency: 0.007368516875430942
Latency: 0.007426836062222719
Latency: 0.007407268043607473
Latency: 0.008609281154349446
Latency: 0.007348028942942619
Latency: 0.007382233161479235
Latency: 0.007329012965783477
Latency: 0.007376672001555562
Latency: 0.0072590799536556005
Latency: 0.007205911912024021
Latency: 0.007317275973036885
Latency: 0.007269176887348294
Latency: 0.0073455809615552425
Latency: 0.007251174887642264
Latency: 0.008606232004240155
Latency: 0.007401295937597752
Latency: 0.007269131951034069
Latency: 0.007331039058044553
Latency: 0.007537349127233028
Latency: 0.007325123995542526
Latency: 0.007413356099277735
Latency: 0.0073716240003705025
Latency: 0.0074440971948206425
Latency: 0.007478343090042472
Latency: 0.00740770110860467
Latency: 0.008621725020930171
Latency: 0.0073286970146000385
Latency: 0.007254266878589988
Latency: 0.007303692866116762
Latency: 0.007224843837320805
Latency: 0.0071441850159317255
Latency: 0.007293526083230972
Latency: 0.007183595094829798
Latency: 0.007157579995691776
Latency: 0.0071719561237841845
Latency: 0.007304590893909335
Latency: 0.00845099682919681
Latency: 0.007257475983351469
Latency: 0.008233494125306606
Latency: 0.007352814078330994
Latency: 0.007542667910456657
Latency: 0.007487403927370906
Latency: 0.007340751821175218
Latency: 0.007579036056995392
Latency: 0.0073093699757009745
Latency: 0.007278434932231903
Latency: 0.007385015953332186
Latency: 0.007467526942491531
Latency: 0.008466231869533658
Latency: 0.007314907154068351
Latency: 0.007236256031319499
Latency: 0.007241306826472282
Latency: 0.007246477995067835
Latency: 0.007215534104034305
Latency: 0.0072290790267288685
Latency: 0.0073665049858391285
Latency: 0.007346769794821739
Latency: 0.007475505117326975
Latency: 0.007596506970003247
Latency: 0.008506812853738666
Latency: 0.007394551998004317
Latency: 0.007409252226352692
Latency: 0.007364162942394614
Latency: 0.007547368993982673
Latency: 0.007268712157383561
Latency: 0.0073576210997998714
Latency: 0.007327252067625523
Latency: 0.007161303889006376
Latency: 0.007211609045043588
Latency: 0.007297948934137821
Latency: 0.007356309099122882
Latency: 0.008438830962404609
Latency: 0.007368949009105563
Latency: 0.007245871005579829
Latency: 0.007284334860742092
Latency: 0.007287082960829139
Latency: 0.007357791997492313
Latency: 0.007341204909607768
Latency: 0.007335664937272668
Latency: 0.007538254838436842
Latency: 0.007402946008369327
Latency: 0.00734726688824594
Latency: 0.008606638060882688
Latency: 0.0075098618399351835
Latency: 0.007411777973175049
Latency: 0.007292251801118255
Latency: 0.007309788838028908
Latency: 0.007348211947828531
Latency: 0.0073029769118875265
Latency: 0.007259755861014128
Latency: 0.007212640019133687
Latency: 0.007198850158601999
Latency: 0.007139130029827356
Latency: 0.007299707969650626
Latency: 0.008323140908032656
Latency: 0.0072089908644557
Latency: 0.007259902078658342
Latency: 0.007290598936378956
Latency: 0.007285065017640591
Latency: 0.007341698976233602
Latency: 0.00727371103130281
Latency: 0.0072072630282491446
Latency: 0.007545212982222438
Latency: 0.01569063006900251
Latency: 0.007725508883595467
Latency: 0.009423943934962153
Latency: 0.007295083021745086
Latency: 0.007555877789855003
Latency: 0.007392594823613763
Latency: 0.007445647148415446
Latency: 0.008387825917452574
Latency: 0.007427063072100282
Latency: 0.007231729105114937
Latency: 0.007286646170541644
Latency: 0.007430977886542678
Latency: 0.007438567001372576
Latency: 0.007430721074342728
Latency: 0.008607399882748723
Latency: 0.007354132132604718
Latency: 0.007263690000399947
Latency: 0.007165032206103206
Latency: 0.007273213937878609
Latency: 0.0073118009604513645
Latency: 0.007291682995855808
Latency: 0.007327561965212226
Latency: 0.007344814948737621
Latency: 0.0073039180133491755
Latency: 0.007497906917706132
Latency: 0.007316923933103681
Latency: 0.008389898808673024
Latency: 0.03165814187377691
Latency: 0.007422965951263905
Latency: 0.007360059069469571
Latency: 0.007269395049661398
Latency: 0.007448340067639947
Latency: 0.007210817886516452
Latency: 0.007237437879666686
Latency: 0.007243617903441191
Latency: 0.0072919579688459635
Latency: 0.008000926114618778
Latency: 0.007288445020094514
Latency: 0.007300824858248234
Latency: 0.007304792990908027
Latency: 0.007485450943931937
Latency: 0.0073126209899783134
Latency: 0.007302341982722282
Latency: 0.0072213769890367985
Latency: 0.007158689899370074
Latency: 0.007204517954960465
Latency: 0.0071754001546651125
Latency: 0.007183076115325093
Latency: 0.008195463102310896
Latency: 0.007271697046235204
Latency: 0.007308491971343756
Latency: 0.007248644018545747
Latency: 0.007390847895294428
Latency: 0.007238559890538454
Latency: 0.00721446517854929
Latency: 0.0073346460703760386
Latency: 0.0073694149032235146
Latency: 0.007372352061793208
Latency: 0.007265734951943159
Latency: 0.00836466089822352
Latency: 0.0072003500536084175
Latency: 0.007269824855029583
Latency: 0.0073657159227877855
Latency: 0.007165506947785616
Latency: 0.0072740488685667515
Latency: 0.007203774992376566
Latency: 0.007201638072729111
Latency: 0.0072372290305793285
Latency: 0.007288133027032018
Latency: 0.0072339249309152365
Latency: 0.007206770125776529
Latency: 0.008162623038515449
Latency: 0.007498578168451786
Latency: 0.007270534057170153
Latency: 0.007279044017195702
Latency: 0.007214098935946822
Latency: 0.00762751093134284
Latency: 0.007937983144074678
Latency: 0.007327164988964796
Latency: 0.007355927024036646
Latency: 0.007362708915024996
Latency: 0.00745181692764163
Latency: 0.008605457143858075
Latency: 0.0073438838589936495
Latency: 0.007274335017427802
Latency: 0.007344173034653068
Latency: 0.007253424962982535
Latency: 0.007399159017950296
Latency: 0.0075700609013438225
Latency: 0.007375908084213734
Latency: 0.0072273260448127985
Latency: 0.007181592984125018
Latency: 0.0073549021035432816
Latency: 0.007348493905737996
Latency: 0.008327551884576678
Latency: 0.00731230597011745
Latency: 0.007276945048943162
Latency: 0.007237190846353769
Latency: 0.007386073935776949
Latency: 0.007285394007340074
Latency: 0.007268703076988459
Latency: 0.007265354972332716
Latency: 0.007336511975154281
Latency: 0.007298870012164116
Latency: 0.007389680948108435
Latency: 0.008411790942773223
Latency: 0.007363190175965428
Latency: 0.007330775959417224
Latency: 0.007299097022041678
Latency: 0.007376434048637748
Latency: 0.007314797956496477
Latency: 0.007236198987811804
Latency: 0.007208048831671476
Latency: 0.007191124139353633
Latency: 0.007334715919569135
Latency: 0.007051954045891762
Latency: 0.008509760955348611
Latency: 0.007352278800681233
Latency: 0.007189660100266337
Latency: 0.007198589155450463
Latency: 0.00733640999533236
Latency: 0.007127206074073911
Latency: 0.0072420050855726
Latency: 0.007227341877296567
Latency: 0.007170696975663304
Latency: 0.00727250799536705
Latency: 0.007277867058292031
Latency: 0.00736622791737318
Latency: 0.008406453998759389
Latency: 0.007319492986425757
Latency: 0.00740913487970829
Latency: 0.007201271131634712
Latency: 0.007443543989211321
Latency: 0.0070214769802987576
Latency: 0.007341413991525769
Latency: 0.007304824888706207
Latency: 0.007461867993697524
Latency: 0.007419110042974353
Latency: 0.007389792008325458
Latency: 0.008514580084010959
Latency: 0.007266267901286483
Latency: 0.007311267079785466
Latency: 0.007453323109075427
Latency: 0.007265751017257571
Latency: 0.007400053786113858
Latency: 0.007099121110513806
Latency: 0.007178248837590218
Latency: 0.007288977969437838
Latency: 0.00715799699537456
Latency: 0.0077170750591903925
Latency: 0.008762462995946407
Latency: 0.007371525978669524
Latency: 0.007473211036995053
Latency: 0.007347990991547704
Latency: 0.007170680211856961
Latency: 0.0072899931110441685
Latency: 0.0073744989931583405
Latency: 0.007350364932790399
Latency: 0.0071857881266623735
Latency: 0.007186840055510402
Latency: 0.0074172900058329105
Latency: 0.007451712852343917
Latency: 0.00834629312157631
Latency: 0.007261358899995685
Latency: 0.007190498057752848
Latency: 0.007325778948143125
Latency: 0.007317802868783474
Latency: 0.007256615906953812
Latency: 0.007494481047615409
Latency: 0.007418381050229073
Latency: 0.007345238933339715
Latency: 0.007230486022308469
Latency: 0.007418066030368209
Latency: 0.008433406008407474
Latency: 0.007371983956545591
Latency: 0.007346900179982185
Latency: 0.0073341671377420425
Latency: 0.0072457578498870134
Latency: 0.007172035053372383
Latency: 0.0073033710941672325
Latency: 0.007289922097697854
Latency: 0.0073038439732044935
Latency: 0.007317173993214965
Latency: 0.007247246103361249
Latency: 0.007356218062341213
Latency: 0.008283063070848584
Latency: 0.007299219956621528
Latency: 0.007316226838156581
Latency: 0.0073906718753278255
Latency: 0.007311260094866157
Latency: 0.007138445973396301
Latency: 0.007352012908086181
Latency: 0.007121730130165815
Latency: 0.00722410180605948
Latency: 0.007222468964755535
Latency: 0.0072472000028938055
Latency: 0.008533074986189604
Latency: 0.007356247864663601
Latency: 0.007258810102939606
Latency: 0.007309631910175085
Latency: 0.007539918879047036
Latency: 0.007254645926877856
Latency: 0.007293103029951453
Latency: 0.0073821148835122585
Latency: 0.007318499963730574
Latency: 0.007247298024594784
Latency: 0.007369787897914648
Latency: 0.008648942923173308
Latency: 0.007388107944279909
Latency: 0.007304318016394973
Latency: 0.0073023701552301645
Latency: 0.0074623399414122105
Latency: 0.007329003885388374
Latency: 0.007283536018803716
Latency: 0.0073130750097334385
Latency: 0.007294113980606198
Latency: 0.00750572606921196
Latency: 0.007314692018553615
Latency: 0.008662634994834661
Latency: 0.007270066067576408
Latency: 0.007226861082017422
Latency: 0.0073457269463688135
Latency: 0.008134447038173676
Latency: 0.007732002064585686
Latency: 0.007537961006164551
Latency: 0.0075174549128860235
Latency: 0.0073933410458266735
Latency: 0.007403059164062142
Latency: 0.007343916920945048
Latency: 0.00867838179692626
Latency: 0.007380503928288817
Latency: 0.007414023857563734
Latency: 0.007707330863922834
Latency: 0.007278596982359886
Latency: 0.00718268402852118
Latency: 0.0072640900034457445
Latency: 0.00733173917979002
Latency: 0.007245416985824704
Latency: 0.007210512878373265
Latency: 0.007294907001778483
Latency: 0.00829381006769836
Latency: 0.007121474947780371
Latency: 0.0072641330771148205
Latency: 0.007178016006946564
Latency: 0.007104226853698492
Latency: 0.007163207978010178
Latency: 0.0071818779688328505
Latency: 0.007195559097453952
Latency: 0.007389991078525782
Latency: 0.007345249876379967
Latency: 0.007353415014222264
Latency: 0.007265788037329912
Latency: 0.008541971910744905
Latency: 0.007334182038903236
Latency: 0.007181064924225211
Latency: 0.007278902921825647
Latency: 0.007304952945560217
Latency: 0.0072675179690122604
Latency: 0.007391775958240032
Latency: 0.0072724230121821165
Latency: 0.007347647100687027
Latency: 0.00731478282250464
Latency: 0.007229699986055493
Latency: 0.008523991098627448
Latency: 0.007522715022787452
Latency: 0.007431143196299672
Latency: 0.00738712796010077
Latency: 0.007448670919984579
Latency: 0.007333379006013274
Latency: 0.007319997996091843
Latency: 0.007329689804464579
Latency: 0.007435878971591592
Latency: 0.0075495271012187
Latency: 0.0074047979433089495
Latency: 0.008760286960750818
Latency: 0.007188518065959215
Latency: 0.007101555122062564
Latency: 0.007106795907020569
Latency: 0.007298483047634363
Latency: 0.007313653826713562
Latency: 0.007391322869807482
Latency: 0.007440113928169012
Latency: 0.007433680817484856
Latency: 0.0074270309414714575
Latency: 0.0073734798934310675
Latency: 0.007411319995298982
Latency: 0.008213860914111137
Latency: 0.032885481137782335
Latency: 0.007594973081722856
Latency: 0.007352570071816444
Latency: 0.007359601091593504
Latency: 0.007415703032165766
Latency: 0.007740600034594536
Latency: 0.0072240340523421764
Latency: 0.0072833390440791845
Latency: 0.00725684012286365
Latency: 0.00835213903337717
Latency: 0.0074212998151779175
Latency: 0.007308603031560779
Latency: 0.0073563100304454565
Latency: 0.007226796122267842
Latency: 0.007219838909804821
Latency: 0.007231434807181358
Latency: 0.00715325609780848
Latency: 0.0071678608655929565
Latency: 0.0073499600403010845
Latency: 0.007181921042501926
Latency: 0.007276667049154639
Latency: 0.008305188035592437
Latency: 0.00727989012375474
Latency: 0.007417004089802504
Latency: 0.007339753210544586
Latency: 0.007353252032771707
Latency: 0.007240888196974993
Latency: 0.007354838075116277
Latency: 0.007222074083983898
Latency: 0.0073526480700820684
Latency: 0.007298502139747143
Latency: 0.007224776083603501
Latency: 0.008375804871320724
Latency: 0.00733939278870821
Latency: 0.00715008401311934
Latency: 0.007133289938792586
Latency: 0.007291788933798671
Latency: 0.007338352967053652
Latency: 0.007278596982359886
Latency: 0.0071707849856466055
Latency: 0.0071485929656773806
Latency: 0.00750040914863348
Latency: 0.007403155090287328
Latency: 0.007246852153912187
Latency: 0.008263371884822845
Latency: 0.007320883916690946
Latency: 0.007280475925654173
Latency: 0.007348871091380715
Latency: 0.007320017088204622
Latency: 0.007295484188944101
Latency: 0.007336043054237962
Latency: 0.007351631997153163
Latency: 0.007259190082550049
Latency: 0.00725338701158762
Latency: 0.007263883948326111
Latency: 0.007385928183794022
Latency: 0.007976162014529109
Latency: 0.0074819710571318865
Latency: 0.007255491800606251
Latency: 0.007262013852596283
Latency: 0.007378173992037773
Latency: 0.007304392056539655
Latency: 0.007324557984247804
Latency: 0.0072900180239230394
Latency: 0.007339645177125931
Latency: 0.007257309043779969
Latency: 0.007316390983760357
Latency: 0.008438794175162911
Latency: 0.007276722928509116
Latency: 0.007233533076941967
Latency: 0.007218014914542437
Latency: 0.0071457321755588055
Latency: 0.007147721014916897
Latency: 0.007238147081807256
Latency: 0.007092924090102315
Latency: 0.007113022031262517
Latency: 0.007211703807115555
Latency: 0.0072067780420184135
Latency: 0.008393320022150874
Latency: 0.00836483808234334
Latency: 0.007231181021779776
Latency: 0.007046484155580401
Latency: 0.0073509488720446825
Latency: 0.007325693033635616
Latency: 0.007283190963789821
Latency: 0.007127044955268502
Latency: 0.007296530995517969
Latency: 0.00732582900673151
Latency: 0.007373797940090299
Latency: 0.007578295189887285
Latency: 0.00743536208756268
Latency: 0.008460443001240492
Latency: 0.007298185024410486
Latency: 0.007578897988423705
Latency: 0.0073987029027193785
Latency: 0.007248628884553909
Latency: 0.007240513805299997
Latency: 0.007223054068163037
Latency: 0.007290199166163802
Latency: 0.0072775050066411495
Latency: 0.007285808911547065
Latency: 0.007220769068226218
Latency: 0.008052258053794503
Latency: 0.007322748890146613
Latency: 0.007337563205510378
Latency: 0.007478025043383241
Latency: 0.007568193133920431
Latency: 0.007520169951021671
Latency: 0.007442007074132562
Latency: 0.007448916090652347
Latency: 0.007464107824489474
Latency: 0.007443528855219483
Latency: 0.007282523903995752
Latency: 0.00735876290127635
Latency: 0.008399714948609471
Latency: 0.007254027994349599
Latency: 0.007126005133613944
Latency: 0.007264934945851564
Latency: 0.0073129108641296625
Latency: 0.0073589731473475695
Latency: 0.007220097118988633
Latency: 0.007416660897433758
Latency: 0.007348485989496112
Latency: 0.0072228750213980675
Latency: 0.00755513901822269
Latency: 0.008446560008451343
Latency: 0.0074202208779752254
Latency: 0.007327727973461151
Latency: 0.0073476750403642654
Latency: 0.007306962041184306
Latency: 0.007350685074925423
Latency: 0.007307095918804407
Latency: 0.007362182950600982
Latency: 0.007414204068481922
Latency: 0.007172533078119159
Latency: 0.007240897975862026
Latency: 0.007246402092278004
Latency: 0.008454185910522938
Latency: 0.007335552014410496
Latency: 0.0073323920369148254
Latency: 0.007301077013835311
Latency: 0.007177089806646109
Latency: 0.007264093030244112
Latency: 0.007231740979477763
Latency: 0.007358331000432372
Latency: 0.007324056001380086
Latency: 0.007353715831413865
Latency: 0.00733339786529541
Latency: 0.007386279990896583
Latency: 0.007262553088366985
Latency: 0.007590634981170297
Latency: 0.008075057063251734
Latency: 0.007597503950819373
Latency: 0.00772279710508883
Latency: 0.007469865959137678
Latency: 0.007321011042222381
Latency: 0.007303914986550808
Latency: 0.007408498087897897
Latency: 0.007178527070209384
Latency: 0.0071244260761886835
Latency: 0.008644977118819952
Latency: 0.007378730922937393
Latency: 0.007139231078326702
Latency: 0.0073207400273531675
Latency: 0.007187003968283534
Latency: 0.0072974939830601215
Latency: 0.00755393598228693
Latency: 0.007487177848815918
Latency: 0.0073342090472579
Latency: 0.007598645053803921
Latency: 0.007361392956227064
Latency: 0.007416688837110996
Latency: 0.008400694001466036
Latency: 0.007314634043723345
Latency: 0.007320110918954015
Latency: 0.007373317144811153
Latency: 0.007197321159765124
Latency: 0.0070781889371573925
Latency: 0.007347546052187681
Latency: 0.007316664094105363
Latency: 0.0073305158875882626
Latency: 0.007287683896720409
Latency: 0.007394399028271437
Latency: 0.00859665498137474
Latency: 0.007258758880198002
Latency: 0.007476629922166467
Latency: 0.0071643858682364225
Latency: 0.007251824019476771
Latency: 0.007239681901410222
Latency: 0.0073280599899590015
Latency: 0.007291269954293966
Latency: 0.007111156824976206
Latency: 0.007127138087525964
Latency: 0.007222410989925265
Latency: 0.007214694982394576
Latency: 0.008330235024914145
Latency: 0.0072937768418341875
Latency: 0.007306104060262442
Latency: 0.0072521010879427195
Latency: 0.007299433927983046
Latency: 0.007345336955040693
Latency: 0.00750973098911345
Latency: 0.007897746982052922
Latency: 0.007469522999599576
