Latency: 0.9288928359746933
Latency: 0.8287650879938155
Latency: 0.8221710368525237
Latency: 0.8235223749652505
Latency: 0.8678736770525575
Latency: 0.827169835800305
Latency: 0.8193661370314658
Latency: 0.8131279270164669
Latency: 0.8269254069309682
Latency: 0.8230422420892864
Latency: 0.8360954010859132
Latency: 0.8355189110152423
Latency: 0.8388282861560583
Latency: 0.8176615091506392
Latency: 0.8610137049108744
Latency: 0.8216589100193232
Latency: 0.8211168230045587
Latency: 0.8379879319109023
Latency: 0.8144654668867588
Latency: 0.8394229179248214
Latency: 0.8410456639248878
Latency: 0.8435860408935696
Latency: 0.8412618599832058
Latency: 0.8315704930573702
Latency: 0.8323072320781648
Latency: 0.8385583648923784
Latency: 0.8249555509537458
Latency: 0.8310803328640759
Latency: 0.8325172788463533
