Latency: 0.9472982890438288
Latency: 0.8306648267898709
Latency: 0.8447078820317984
Latency: 0.868766623083502
Latency: 0.832322911825031
Latency: 0.8609827351756394
Latency: 0.843643742846325
Latency: 0.8341391938738525
Latency: 0.8209981960244477
Latency: 0.832369060954079
Latency: 0.8162907580845058
Latency: 0.8380022440105677
Latency: 0.8169074531178921
Latency: 0.8250404440332204
Latency: 0.8430911100003868
Latency: 0.8426886950619519
Latency: 0.850657484959811
Latency: 0.8880785999353975
Latency: 0.8159232570324093
Latency: 0.8419386509340256
Latency: 0.8407582000363618
Latency: 0.8327610711567104
Latency: 0.8387282751500607
Latency: 0.8517825601156801
Latency: 0.8281371479388326
Latency: 0.8316288779024035
Latency: 0.8313379371538758
Latency: 0.8279760130681098
