Latency: 0.9440387219656259
Latency: 0.8176837260834873
Latency: 0.8239716710522771
Latency: 0.8224118249490857
Latency: 0.8227028171531856
Latency: 0.8282858619932085
Latency: 0.8224967101123184
Latency: 0.8258887238334864
Latency: 0.8243147449102253
Latency: 0.832520643947646
Latency: 0.8376437500119209
Latency: 0.8338159818667918
Latency: 0.8294034560676664
Latency: 0.8351306689437479
Latency: 0.8389391337987036
Latency: 0.8248076520394534
Latency: 0.8267051188740879
Latency: 0.8433550749905407
Latency: 0.8166871150024235
Latency: 0.8350553549826145
Latency: 0.8173886020667851
Latency: 0.8251184180844575
Latency: 0.8420874828007072
Latency: 0.8278949949890375
Latency: 0.8184767938219011
Latency: 0.8237460169475526
Latency: 0.8267082590609789
Latency: 0.8320297908503562
Latency: 0.833700010785833
