Latency: 1.3523720330558717
Latency: 1.3979725979734212
Latency: 1.507439912064001
Latency: 1.3397451690398157
Latency: 1.458509045187384
Latency: 1.3298463302198797
Latency: 1.470823559910059
Latency: 1.4242851729504764
Latency: 1.4081084160134196
Latency: 1.373043233063072
Latency: 1.2932709730230272
Latency: 1.0750626549124718
Latency: 0.8352287570014596
Latency: 0.8445826871320605
Latency: 0.8335515130311251
Latency: 0.8265414189081639
Latency: 0.8301455511245877
Latency: 0.8336737030185759
Latency: 0.8462741088587791
Latency: 0.8314150220248848
Latency: 0.8433125838637352
