Latency: 0.9131038391496986
Latency: 0.9075194241013378
Latency: 0.9211681350134313
Latency: 0.9231689821463078
Latency: 0.9262268480379134
Latency: 0.9294281059410423
Latency: 0.9346967991441488
Latency: 0.9360165710095316
Latency: 0.9395468088332564
Latency: 0.942650930956006
Latency: 0.939217580948025
Latency: 0.9398722199257463
Latency: 0.9420209580566734
Latency: 0.9429826200939715
Latency: 0.9813628511037678
Latency: 0.9835582841187716
Latency: 0.9794879448600113
Latency: 0.9803668579552323
Latency: 0.9811815831344575
Latency: 0.9851749551016837
Latency: 0.9906075079925358
Latency: 0.9840046430472285
Latency: 0.9887355249375105
Latency: 0.9915806159842759
Latency: 0.9868361561093479
Latency: 0.9901126290205866
Latency: 0.9866701671853662
Latency: 0.9867136550601572
Latency: 0.987052540993318
Latency: 0.9928690600208938
Latency: 0.9938902049325407
Latency: 0.9971546430606395
Latency: 0.8202870921231806
Latency: 0.8188512842170894
Latency: 0.8066264509689063
Latency: 0.8311747219413519
Latency: 0.8056015360634774
Latency: 0.8216864420101047
Latency: 0.8250229249242693
Latency: 0.8145583909936249
Latency: 0.8144010419491678
Latency: 0.8158600530587137
Latency: 0.8222433610353619
Latency: 0.8272711769677699
Latency: 0.8309057501610368
Latency: 0.8331164070405066
Latency: 0.8181493510492146
Latency: 0.8154413949232548
Latency: 0.8169991262257099
Latency: 0.8055679660756141
Latency: 0.8209921228699386
Latency: 0.8204562610480934
Latency: 0.8314546889159828
Latency: 0.8232089560478926
Latency: 0.8169058370403945
Latency: 0.8313606339506805
Latency: 0.8384808469563723
Latency: 0.8285238409880549
Latency: 0.8256167229264975
Latency: 0.8328083399683237
Latency: 0.8302100279834121
Latency: 0.8252206919714808
Latency: 0.8307451228611171
Latency: 0.8269717239309102
Latency: 0.8252241089940071
Latency: 0.8075070509221405
Latency: 0.8282573220785707
Latency: 0.8284909459762275
Latency: 0.8292879678774625
Latency: 0.8211767820175737
Latency: 0.8325186551082879
Latency: 0.8332078971434385
Latency: 0.8291743530426174
Latency: 0.812362388940528
Latency: 0.8370815520174801
Latency: 0.8502833698876202
Latency: 0.8241521117743105
Latency: 0.8363721598871052
Latency: 0.8243993739597499
Latency: 0.820956498850137
Latency: 0.8216071370989084
Latency: 0.8162732829805464
Latency: 0.8117418549954891
Latency: 0.834066168172285
Latency: 0.8158448559697717
Latency: 0.8387991280760616
Latency: 0.8324261789675802
Latency: 0.8345851909834892
Latency: 0.833755336003378
Latency: 0.8229866528417915
Latency: 0.8300520449411124
Latency: 0.8358350398484617
Latency: 0.8263829220086336
Latency: 0.8280014200136065
Latency: 0.8352752840146422
Latency: 0.8410808651242405
Latency: 0.8209425539243966
Latency: 0.8220535200089216
Latency: 0.8166399940382689
Latency: 0.8223455369006842
Latency: 0.8292525811120868
Latency: 0.8313740310259163
Latency: 0.8284786879085004
Latency: 0.8387885219417512
Latency: 0.834883086849004
Latency: 0.8427715559955686
Latency: 0.8360071419738233
Latency: 0.8296766311395913
Latency: 0.840648028999567
Latency: 0.8222633709665388
Latency: 0.8254937811288983
Latency: 0.8350450759753585
Latency: 0.827981173992157
Latency: 0.8165494510903955
Latency: 0.8371423790231347
Latency: 0.830611937912181
Latency: 0.8243209070060402
Latency: 0.839671806897968
Latency: 0.8233221918344498
Latency: 0.8295688859652728
Latency: 0.8291153989266604
Latency: 0.8256912820506841
Latency: 0.8267496190965176
Latency: 0.8355939388275146
Latency: 0.8345500840805471
Latency: 0.8274288191460073
Latency: 0.8317351590376347
Latency: 0.8335172291845083
Latency: 0.8260639389045537
Latency: 0.8299234930891544
Latency: 0.8145005919504911
Latency: 0.8140215198509395
Latency: 0.8106440529227257
Latency: 0.8272650979924947
Latency: 0.8127424470148981
Latency: 0.8268824489787221
Latency: 0.8137598771136254
Latency: 0.8188798381015658
Latency: 0.8255484139081091
Latency: 0.8280312160495669
Latency: 0.8328458729665726
Latency: 0.8272500419989228
Latency: 0.8382696697954088
Latency: 0.8301334548741579
Latency: 0.8306683970149606
Latency: 0.8346704090945423
Latency: 0.8296366662252694
Latency: 0.8242477278690785
Latency: 0.8269612600561231
Latency: 0.8265158860012889
Latency: 0.8274805231485516
Latency: 0.83169673406519
Latency: 0.8296306708361953
Latency: 0.8373543308116496
Latency: 0.8479782470967621
Latency: 0.8371789040975273
Latency: 0.8381024228874594
Latency: 0.8361431949306279
Latency: 0.8455232528503984
Latency: 0.8369667099323124
Latency: 0.8343705548904836
Latency: 0.8514206260442734
Latency: 0.8192642510402948
Latency: 0.8225084380246699
Latency: 0.8414320410229266
Latency: 0.8574114080984145
Latency: 0.8348278847988695
Latency: 0.8289454078767449
Latency: 0.8433977889362723
Latency: 0.830441459082067
Latency: 0.8279512659646571
Latency: 0.8216459159739316
Latency: 0.825202563079074
Latency: 0.8352498079184443
Latency: 0.8389007719233632
Latency: 0.8340058350004256
Latency: 0.8481285311281681
Latency: 0.8445748330559582
Latency: 0.8421880998648703
Latency: 0.8407789820339531
Latency: 0.8346660740207881
Latency: 0.8387122298590839
Latency: 0.8415305758826435
Latency: 0.8331130428705364
Latency: 0.8358360650017858
Latency: 0.8365142608527094
Latency: 0.8400278179906309
Latency: 0.8416327580343932
Latency: 0.8445191329810768
Latency: 0.8473019720986485
Latency: 0.8420534729957581
Latency: 0.8460507779382169
Latency: 0.8240688911173493
Latency: 0.8152162660844624
Latency: 0.8201824591960758
Latency: 0.8302521780133247
Latency: 0.8298159050755203
Latency: 0.8314413079060614
Latency: 0.8224510918371379
Latency: 0.8170172697864473
Latency: 0.8279267090838403
Latency: 0.8203175149392337
Latency: 0.8277932771015912
Latency: 0.8266832721419632
Latency: 0.8319668020121753
Latency: 0.8522160758730024
Latency: 0.8115727389231324
Latency: 0.8573497089091688
Latency: 0.8284329599700868
Latency: 0.8250011149793863
Latency: 0.8147246958687901
Latency: 0.8317638209555298
Latency: 0.8219153590034693
Latency: 0.8144100790377706
Latency: 0.8258036889601499
Latency: 0.8151442031376064
Latency: 0.8231065219733864
Latency: 0.8242148740682751
Latency: 0.829868733882904
Latency: 0.8286153159569949
Latency: 0.8262782620731741
Latency: 0.8378550070337951
Latency: 0.8362313969992101
Latency: 0.8363288049586117
Latency: 0.802833367837593
Latency: 0.8226229769643396
Latency: 0.8307441778015345
Latency: 0.8292024680413306
Latency: 0.8320890560280532
Latency: 0.8243866779375821
Latency: 0.8128814580850303
Latency: 0.8080370989628136
Latency: 0.8111372948624194
Latency: 0.8249026630073786
Latency: 0.8209482049569488
Latency: 0.8264538862276822
Latency: 0.8208325710147619
Latency: 0.8253282881341875
Latency: 0.8133318971376866
Latency: 0.8258404298685491
Latency: 0.8198777211364359
Latency: 0.8383538271300495
Latency: 0.8233349318616092
Latency: 0.8326901660766453
Latency: 0.8355374140664935
Latency: 0.8326562980655581
Latency: 0.8266189019195735
Latency: 0.8186582420021296
Latency: 0.853187229949981
Latency: 0.8250739800278097
Latency: 0.8368338239379227
Latency: 0.8345789019949734
Latency: 0.831240793922916
Latency: 0.8363182339817286
Latency: 0.8323532179929316
Latency: 0.8220156331080943
Latency: 0.8313626658637077
Latency: 0.8276065720710903
Latency: 0.83754294202663
Latency: 0.8226092180702835
Latency: 0.8478459320031106
Latency: 0.8302570830564946
Latency: 0.8333259960636497
Latency: 0.8330967319197953
Latency: 0.8167868631426245
Latency: 0.8118229939136654
Latency: 0.8091419499833137
Latency: 0.8409843298140913
Latency: 0.8265889429021627
Latency: 0.8103975190315396
Latency: 0.8198703681118786
Latency: 0.8230926701799035
Latency: 0.8172068120911717
Latency: 0.8363249751273543
Latency: 0.8209769709501415
Latency: 0.82817656500265
Latency: 0.8305520620197058
Latency: 0.8217793619260192
Latency: 0.8222854861523956
Latency: 0.8273796499706805
Latency: 0.8292344971559942
Latency: 0.8349281190894544
Latency: 0.8337048529647291
Latency: 0.8349369040224701
Latency: 0.8357180270832032
Latency: 0.8347687539644539
Latency: 0.835655357921496
Latency: 0.8401651908643544
Latency: 0.8111183419823647
Latency: 0.8266169810667634
Latency: 0.8308321190997958
Latency: 0.8278146970551461
Latency: 0.8252295369748026
Latency: 0.8347606849856675
Latency: 0.8258406328968704
Latency: 0.828125701053068
Latency: 0.8276430750265718
Latency: 0.8310221259016544
Latency: 0.8525179740972817
Latency: 0.8299614088609815
Latency: 0.8335144759621471
Latency: 0.8299851941410452
Latency: 0.8340146541595459
Latency: 0.8275767730083317
Latency: 0.8324344258289784
Latency: 0.8209523160476238
Latency: 0.8213302330113947
Latency: 0.8199330798815936
Latency: 0.8185361679643393
Latency: 0.8341031060554087
Latency: 0.8265789009165019
Latency: 0.8308329568244517
Latency: 0.8487104400992393
Latency: 0.8267308250069618
Latency: 0.826381151098758
Latency: 0.8360270808916539
Latency: 0.8382901060394943
Latency: 0.8341673989780247
Latency: 0.8415405519772321
Latency: 0.8347931599710137
Latency: 0.8305861710105091
Latency: 0.8389699531253427
Latency: 0.8102824359666556
Latency: 0.8133233750704676
Latency: 0.8184754229150712
Latency: 0.8216227840166539
Latency: 0.8220633477903903
Latency: 0.8270384159404784
Latency: 0.8273433370050043
Latency: 0.8272158331237733
Latency: 0.8281490809749812
Latency: 0.8312281589023769
Latency: 0.8374019858893007
Latency: 0.8157206869218498
Latency: 0.8291407991200686
Latency: 0.8294300530105829
Latency: 0.8253180240280926
Latency: 0.8379264981485903
Latency: 0.8202426179777831
Latency: 0.8405004739761353
Latency: 0.8312155362218618
Latency: 0.8230386960785836
Latency: 0.8093371528666466
Latency: 0.838156322017312
Latency: 0.8343364270403981
Latency: 0.8210331541486084
Latency: 0.823073536157608
Latency: 0.82080934708938
Latency: 0.8229742490220815
Latency: 0.8287726091220975
Latency: 0.8250914339441806
Latency: 0.8372442710679024
Latency: 0.8183149758260697
Latency: 0.8179984479211271
Latency: 0.8309415150433779
Latency: 0.834461831022054
Latency: 0.8195945250336081
Latency: 0.8270586689468473
Latency: 0.8411811098922044
Latency: 0.830238071968779
Latency: 0.8270243902225047
Latency: 0.8418211790267378
Latency: 0.8209401040803641
Latency: 0.8494755891151726
Latency: 0.842145374044776
Latency: 0.8499049940146506
Latency: 0.8272479840088636
Latency: 0.8400239169131964
Latency: 0.839565786998719
Latency: 0.8386327340267599
Latency: 0.8202284139115363
Latency: 0.8437000350095332
Latency: 0.815695070894435
Latency: 0.8322282240260392
Latency: 0.8377452499698848
Latency: 0.8389289700426161
Latency: 0.8448787450324744
Latency: 0.8587943031452596
Latency: 0.8521452487912029
Latency: 0.840472016017884
Latency: 0.8538753839675337
Latency: 0.8429562891833484
Latency: 0.845461605116725
Latency: 0.8557054970879108
Latency: 0.8320699669420719
Latency: 0.812637171940878
Latency: 0.8235811730846763
Latency: 0.8258438089396805
Latency: 0.838434292934835
Latency: 0.8357077189721167
Latency: 0.8410112070851028
Latency: 0.862262035952881
Latency: 0.8389889399986714
Latency: 0.8630438460968435
Latency: 0.8612442901358008
Latency: 0.8352992369327694
Latency: 0.8868031289894134
Latency: 0.8230748830828816
Latency: 0.8464856059290469
Latency: 0.8813576679676771
Latency: 0.8873645740095526
Latency: 0.8177464827895164
Latency: 0.8725357758812606
Latency: 0.8156045549549162
Latency: 0.8260317931417376
Latency: 0.8236704261507839
Latency: 0.8267878198530525
Latency: 0.8396077081561089
Latency: 0.8515162048861384
Latency: 0.8391168450471014
Latency: 0.867324654944241
Latency: 0.8723937801551074
Latency: 0.8731748699210584
Latency: 0.879200184950605
Latency: 0.8772476110607386
Latency: 0.8807181040756404
Latency: 0.8134987659286708
Latency: 0.8319371370598674
Latency: 0.8189407559111714
Latency: 0.8217712310142815
Latency: 0.827159465989098
Latency: 0.8254174180328846
Latency: 0.8185119719710201
Latency: 0.8162491740658879
Latency: 0.8125954689458013
Latency: 0.8409232350531965
Latency: 0.8186024050228298
Latency: 0.8228040761314332
Latency: 0.8265040700789541
Latency: 0.8398015631828457
Latency: 0.8198880809359252
Latency: 0.8308836959768087
Latency: 0.8315378141123801
Latency: 0.8289198610000312
Latency: 0.831141514936462
Latency: 0.8302326921839267
Latency: 0.8369340761564672
Latency: 0.8292820220813155
Latency: 0.830192178953439
Latency: 0.8305852760095149
Latency: 0.8371755830012262
Latency: 0.8295593780931085
Latency: 0.8042517388239503
Latency: 0.8174740120302886
Latency: 0.8185942028649151
Latency: 0.8294118149206042
Latency: 0.833734581945464
Latency: 0.8309563100337982
Latency: 0.8213000199757516
Latency: 0.8225828129798174
Latency: 0.8233407509978861
Latency: 0.8168625328689814
Latency: 0.8295089770108461
Latency: 0.8146507849451154
Latency: 0.8322812479455024
Latency: 0.8233015148434788
Latency: 0.827339752111584
Latency: 0.828919991152361
Latency: 0.8084448319859803
Latency: 0.8148331621196121
Latency: 0.8114288582000881
Latency: 0.8395049511455
Latency: 0.8114712480455637
Latency: 0.8207159140147269
Latency: 0.819580544019118
Latency: 0.8240722520276904
Latency: 0.8318504840135574
Latency: 0.8245126928668469
Latency: 0.8299818790983409
Latency: 0.8360164840705693
Latency: 0.8202803861349821
Latency: 0.8196223950944841
Latency: 0.8322314629331231
Latency: 0.8391372959595174
Latency: 0.8381806628312916
Latency: 0.8196311870124191
Latency: 0.8319529730360955
Latency: 0.8141001120675355
Latency: 0.8108981801196933
Latency: 0.8207460429985076
Latency: 0.8328346009366214
Latency: 0.8288218239322305
Latency: 0.8132834830321372
Latency: 0.8398158450145274
Latency: 0.8336140888277441
Latency: 0.8301112789195031
Latency: 0.8150024879723787
Latency: 0.8272878839634359
Latency: 0.8315674269106239
Latency: 0.8333570440299809
Latency: 0.8294452440459281
Latency: 0.8339166070800275
Latency: 0.8337327230256051
Latency: 0.8268496750388294
Latency: 0.8433068159502
Latency: 0.8358477321453393
Latency: 0.8294088698457927
Latency: 0.8331748119089752
Latency: 0.8417832760605961
Latency: 0.8319593069609255
Latency: 0.8218783240299672
Latency: 0.8353689310606569
Latency: 0.8248725638259202
Latency: 0.8273286400362849
Latency: 0.8206842090003192
Latency: 0.830055515980348
Latency: 0.8326663440093398
Latency: 0.8318854621611536
Latency: 0.8346277540549636
Latency: 0.8407372180372477
Latency: 0.8399679998401552
Latency: 0.8396750991232693
Latency: 0.8274143631570041
Latency: 0.8197137790266424
Latency: 0.8340721509885043
Latency: 0.832594744162634
Latency: 0.823913156054914
Latency: 0.8108076399657875
Latency: 0.8387205800972879
Latency: 0.8418727440293878
Latency: 0.8239838851150125
Latency: 0.8207029930781573
Latency: 0.8212731629610062
Latency: 0.8289282938931137
Latency: 0.8236502090003341
Latency: 0.8277652780525386
Latency: 0.8396788160316646
Latency: 0.8314182360190898
Latency: 0.8302392940968275
Latency: 0.8401546271052212
Latency: 0.8361711581237614
Latency: 0.8306821680162102
Latency: 0.8497468798886985
Latency: 0.8282550908625126
Latency: 0.8125488648656756
Latency: 0.8240863168612123
Latency: 0.8183004520833492
Latency: 0.82605369691737
Latency: 0.831435777945444
Latency: 0.8271629239898175
Latency: 0.8271924208384007
Latency: 0.8274989931378514
Latency: 0.8295092219486833
Latency: 0.8318227820564061
Latency: 0.8382196221500635
Latency: 0.8553748819977045
Latency: 0.8539693539496511
Latency: 0.8429078850895166
Latency: 0.8303245680872351
Latency: 0.8441255260258913
Latency: 0.8348069379571825
Latency: 0.8296169959940016
Latency: 0.8242529700510204
Latency: 0.8220818440895528
Latency: 0.8272773190401495
Latency: 0.8259668180253357
Latency: 0.8300315928645432
Latency: 0.8290673450101167
Latency: 0.8296836640220135
Latency: 0.8520397120155394
Latency: 0.8367989300750196
Latency: 0.8354498480912298
Latency: 0.8388144909404218
Latency: 0.8383600260131061
Latency: 0.8410213310271502
Latency: 0.8349906040821224
Latency: 0.8157849430572242
Latency: 0.819502831902355
Latency: 0.8363081919960678
Latency: 0.8340210139285773
Latency: 0.8168208859860897
Latency: 0.8293240701314062
Latency: 0.845709792803973
Latency: 0.8491754948627204
Latency: 0.840799761004746
Latency: 0.8467550200875849
Latency: 0.8172081839293242
Latency: 0.8284824618604034
Latency: 0.8281168651301414
Latency: 0.8266393500380218
Latency: 0.8372980288695544
Latency: 0.824368572095409
Latency: 0.81026217690669
Latency: 0.8361805931199342
Latency: 0.8280956079252064
Latency: 0.8263098448514938
Latency: 0.8378492330666631
Latency: 0.8367859800346196
Latency: 0.8359105980489403
Latency: 0.8355607171542943
Latency: 0.8445064648985863
Latency: 0.8289324389770627
Latency: 0.8314961129799485
Latency: 0.8423409680835903
Latency: 0.8543651320505887
Latency: 0.8530098099727184
Latency: 0.829010175075382
Latency: 0.8410151859279722
Latency: 0.8358054929412901
Latency: 0.8410772541537881
Latency: 0.8326177098788321
Latency: 0.820884684799239
Latency: 0.836079778149724
Latency: 0.8256967810448259
Latency: 0.8278928610961884
Latency: 0.8339778720401227
Latency: 0.840481854043901
Latency: 0.8392506600357592
Latency: 0.8334836999420077
Latency: 0.8167159778531641
Latency: 0.8325296519324183
Latency: 0.8218715470284224
Latency: 0.8153956378810108
Latency: 0.8155041160061955
Latency: 0.8203473621979356
Latency: 0.8174744108691812
Latency: 0.8251038370653987
Latency: 0.8324895710684359
Latency: 0.8305390120949596
Latency: 0.832616409054026
Latency: 0.834985232912004
Latency: 0.8419902510941029
Latency: 0.8407349679619074
Latency: 0.8378162907902151
Latency: 0.838658404070884
Latency: 0.8493136570323259
Latency: 0.8666776700410992
Latency: 0.8429691928904504
Latency: 0.8472128252033144
Latency: 0.8425844020675868
Latency: 0.876337963854894
Latency: 0.8745145120192319
Latency: 0.8280803300440311
Latency: 0.8172978709917516
Latency: 0.8574444099795073
Latency: 0.8462042310275137
Latency: 0.8550214800052345
Latency: 0.8471091319806874
Latency: 0.8513357019983232
Latency: 0.8448387980461121
