Latency: 0.048419993137940764
Latency: 0.047134432941675186
Latency: 0.04579817992635071
Latency: 0.0704557909630239
Latency: 0.04822969087399542
Latency: 0.04691468388773501
Latency: 0.04622764396481216
Latency: 0.04516024189069867
Latency: 0.04614364495500922
Latency: 0.047292124945670366
Latency: 0.0446407669223845
Latency: 0.04676069086417556
Latency: 0.029311991995200515
Latency: 0.0432545670773834
Latency: 0.04046191484667361
Latency: 0.04069985682144761
Latency: 0.04243607213720679
Latency: 0.06903706002049148
Latency: 0.047035173047333956
Latency: 0.049308622954413295
Latency: 0.04687371104955673
Latency: 0.04733124282211065
Latency: 0.0463336450047791
Latency: 0.04486793396063149
Latency: 0.046453222865238786
Latency: 0.04284980590455234
Latency: 0.04714787006378174
Latency: 0.047913444926962256
Latency: 0.04917000886052847
Latency: 0.04682541498914361
Latency: 0.07563004805706441
Latency: 0.042746542021632195
Latency: 0.04514793190173805
Latency: 0.04781502787955105
Latency: 0.04591338895261288
Latency: 0.04945828393101692
Latency: 0.04915388813242316
Latency: 0.048152051866054535
Latency: 0.04619036288931966
Latency: 0.05164513294585049
Latency: 0.049394224071875215
Latency: 0.047133942134678364
Latency: 0.04453709302470088
Latency: 0.06935982313007116
Latency: 0.04334888979792595
Latency: 0.04680352099239826
Latency: 0.04467090987600386
Latency: 0.04541789600625634
Latency: 0.04390366515144706
Latency: 0.04962629498913884
Latency: 0.04928071005269885
Latency: 0.04987754696048796
Latency: 0.049966897116973996
Latency: 0.0473450249992311
Latency: 0.046582398004829884
Latency: 0.04925319692119956
Latency: 0.07214615400880575
Latency: 0.047566331923007965
Latency: 0.042198192095384
Latency: 0.04753660107962787
Latency: 0.045206697890535
Latency: 0.04605173598974943
Latency: 0.04634422808885574
Latency: 0.044609400909394026
Latency: 0.04184987908229232
Latency: 0.04455754905939102
Latency: 0.0471196339931339
Latency: 0.04970115493051708
Latency: 0.04355051997117698
Latency: 0.04565774300135672
Latency: 0.07539027812890708
Latency: 0.04834601283073425
Latency: 0.04849399789236486
Latency: 0.04779023607261479
Latency: 0.04974372312426567
Latency: 0.048212077002972364
Latency: 0.04940637410618365
Latency: 0.04840479604899883
Latency: 0.04628214309923351
Latency: 0.0490306259598583
Latency: 0.04550297814421356
Latency: 0.04520330880768597
Latency: 0.045185819966718554
Latency: 0.07309827115386724
Latency: 0.04417633404955268
Latency: 0.04525313200429082
Latency: 0.049578983103856444
Latency: 0.049382940866053104
Latency: 0.050260430900380015
Latency: 0.05102543416433036
Latency: 0.046604222152382135
Latency: 0.04660438094288111
Latency: 0.052059713983908296
Latency: 0.045008808141574264
Latency: 0.041582293109968305
Latency: 0.04149342398159206
Latency: 0.04552371799945831
Latency: 0.0738601628690958
Latency: 0.04440432111732662
Latency: 0.046708811074495316
Latency: 0.04474414698779583
Latency: 0.04681940493173897
Latency: 0.0499387769959867
Latency: 0.04596558399498463
Latency: 0.048379427986219525
Latency: 0.04398799501359463
Latency: 0.04645337606780231
Latency: 0.05059167090803385
Latency: 0.050878077978268266
Latency: 0.048324173083528876
Latency: 0.05004847701638937
Latency: 0.07060864591039717
Latency: 0.04800149821676314
Latency: 0.0430290789809078
Latency: 0.048127589048817754
Latency: 0.04720042389817536
Latency: 0.04853089200332761
Latency: 0.04547705710865557
Latency: 0.04632046795450151
Latency: 0.048937362153083086
Latency: 0.045510909985750914
Latency: 0.04721718793734908
Latency: 0.047063134144991636
Latency: 0.042411580914631486
Latency: 0.06987593416124582
Latency: 0.04810281819663942
Latency: 0.048015361186116934
Latency: 0.04693541000597179
Latency: 0.04303394793532789
Latency: 0.04723598202690482
Latency: 0.046294917818158865
Latency: 0.04543694294989109
Latency: 0.04140355018898845
Latency: 0.045136294793337584
Latency: 0.04277709987945855
Latency: 0.04302134201861918
Latency: 0.045526688219979405
Latency: 0.04766127513721585
Latency: 0.04586329706944525
Latency: 0.04462116397917271
Latency: 0.044788460014387965
Latency: 0.0459361809771508
Latency: 0.04746088199317455
Latency: 0.04500210494734347
Latency: 0.04722354793921113
Latency: 0.051168655045330524
Latency: 0.04623721702955663
Latency: 0.04773781984113157
Latency: 0.04642634722404182
Latency: 0.04677261714823544
Latency: 0.045428714947775006
Latency: 0.07342880102805793
Latency: 0.045042745070531964
Latency: 0.047000867081806064
Latency: 0.045304667903110385
Latency: 0.04266398795880377
Latency: 0.04934233194217086
Latency: 0.04950613691471517
Latency: 0.04917370295152068
Latency: 0.04811699804849923
Latency: 0.04931958997622132
Latency: 0.04812869103625417
Latency: 0.04265443002805114
Latency: 0.045188135001808405
Latency: 0.0461951419711113
Latency: 0.07759736198931932
Latency: 0.04407043685205281
Latency: 0.04844528599642217
Latency: 0.047066046157851815
Latency: 0.047979939030483365
Latency: 0.044709959998726845
Latency: 0.04559078090824187
Latency: 0.05214848299510777
Latency: 0.05002727103419602
Latency: 0.04570952709764242
Latency: 0.045299791963770986
Latency: 0.04237073310650885
Latency: 0.04486499004997313
Latency: 0.07903686794452369
Latency: 0.047557426150888205
Latency: 0.04553210409358144
Latency: 0.043887753039598465
Latency: 0.04566251509822905
Latency: 0.04339336394332349
Latency: 0.044510372914373875
Latency: 0.04589920584112406
Latency: 0.04874872509390116
Latency: 0.04696928686462343
Latency: 0.046801059041172266
Latency: 0.04692403809167445
Latency: 0.04522015107795596
Latency: 0.07670781807973981
Latency: 0.04072138201445341
Latency: 0.049867070047184825
Latency: 0.05088747316040099
Latency: 0.05004976596683264
Latency: 0.04947632900439203
Latency: 0.04921643598936498
Latency: 0.04995535220950842
Latency: 0.0492914121132344
Latency: 0.04927221918478608
Latency: 0.050415398087352514
Latency: 0.046534786000847816
Latency: 0.04593208502046764
Latency: 0.04915388883091509
Latency: 0.08274454507045448
Latency: 0.04906387091614306
Latency: 0.04696391592733562
Latency: 0.04916141601279378
Latency: 0.053331095026806
Latency: 0.050133107928559184
Latency: 0.050408123061060905
Latency: 0.04227485996671021
Latency: 0.0452255611307919
Latency: 0.04174899496138096
Latency: 0.04242109810002148
Latency: 0.04650417901575565
Latency: 0.045059370109811425
Latency: 0.077037014067173
Latency: 0.044389745220541954
Latency: 0.043085236102342606
Latency: 0.046460908837616444
Latency: 0.04964111000299454
Latency: 0.04643226298503578
Latency: 0.04605692299082875
Latency: 0.06065349490381777
Latency: 0.043279202189296484
Latency: 0.04718887712806463
Latency: 0.046351175056770444
Latency: 0.04623136017471552
Latency: 0.04720332287251949
Latency: 0.046472453977912664
Latency: 0.04898189986124635
Latency: 0.04800437996163964
Latency: 0.04955021687783301
Latency: 0.04903896083123982
Latency: 0.04797428101301193
Latency: 0.048513112124055624
Latency: 0.04753195494413376
Latency: 0.04711595200933516
Latency: 0.04455075296573341
Latency: 0.042667056201025844
Latency: 0.046578850131481886
Latency: 0.04784499993547797
Latency: 0.04829999408684671
Latency: 0.04574408079497516
Latency: 0.04597317520529032
Latency: 0.04699296597391367
Latency: 0.051191736944019794
Latency: 0.04646361991763115
Latency: 0.04719985299743712
Latency: 0.05044819391332567
Latency: 0.05194675992242992
Latency: 0.05203112191520631
Latency: 0.049820560961961746
Latency: 0.04464923311024904
Latency: 0.04717035801149905
Latency: 0.04894323297776282
Latency: 0.08102615782991052
Latency: 0.04990883800201118
Latency: 0.05003186804242432
Latency: 0.050274043111130595
Latency: 0.05074617709033191
Latency: 0.04879039200022817
Latency: 0.05205357004888356
Latency: 0.05166903603821993
Latency: 0.05077808885835111
Latency: 0.04844135604798794
Latency: 0.04814620316028595
Latency: 0.04903100593946874
Latency: 0.050824305042624474
Latency: 0.07606337801553309
Latency: 0.04808339010924101
Latency: 0.043370981933549047
Latency: 0.0446301179472357
Latency: 0.04507527989335358
Latency: 0.04406165890395641
Latency: 0.0460443920455873
Latency: 0.044890482211485505
Latency: 0.046900409972295165
Latency: 0.048700263956561685
Latency: 0.04475076589733362
Latency: 0.04655189299955964
Latency: 0.04879395803436637
Latency: 0.048378027975559235
Latency: 0.04525737906806171
Latency: 0.04601751081645489
Latency: 0.04789998196065426
Latency: 0.04843814601190388
Latency: 0.046104362001642585
Latency: 0.04623937816359103
Latency: 0.04733201605267823
Latency: 0.04961663903668523
Latency: 0.04576923116110265
Latency: 0.04782956396229565
Latency: 0.04935813811607659
Latency: 0.04838372580707073
Latency: 0.04713453212752938
Latency: 0.08115095016546547
Latency: 0.06434927601367235
Latency: 0.05032671382650733
Latency: 0.04980409797281027
Latency: 0.05060078087262809
Latency: 0.05295809987001121
Latency: 0.04722344712354243
Latency: 0.04845913895405829
Latency: 0.05042446497827768
Latency: 0.049416217021644115
Latency: 0.04431592999026179
Latency: 0.04735107603482902
Latency: 0.046730261063203216
Latency: 0.08247919101268053
Latency: 0.04637273610569537
Latency: 0.04477694700472057
Latency: 0.04568945593200624
Latency: 0.046478385804221034
Latency: 0.04411626094952226
Latency: 0.04610375687479973
Latency: 0.04493549792096019
Latency: 0.04717139806598425
Latency: 0.044938175939023495
Latency: 0.04501083609648049
Latency: 0.009573051938787103
Latency: 0.007443439215421677
Latency: 0.009861828060820699
Latency: 0.008380308048799634
Latency: 0.007643562043085694
Latency: 0.008573186118155718
Latency: 0.007565292064100504
Latency: 0.0075770828407257795
Latency: 0.007738822838291526
Latency: 0.007751417811959982
Latency: 0.007654909044504166
Latency: 0.007352843880653381
Latency: 0.009518583072349429
Latency: 0.007870652014389634
Latency: 0.007375690154731274
Latency: 0.00740434811450541
Latency: 0.007526112021878362
Latency: 0.00923647079616785
Latency: 0.008102833991870284
Latency: 0.007708795135840774
Latency: 0.007415212923660874
Latency: 0.007330101914703846
Latency: 0.007104099029675126
Latency: 0.007380286930128932
Latency: 0.009084850084036589
Latency: 0.04154535010457039
Latency: 0.007880957098677754
Latency: 0.007585236104205251
Latency: 0.007358965929597616
Latency: 0.007321493932977319
Latency: 0.008218568051233888
Latency: 0.008074117125943303
Latency: 0.007707253098487854
Latency: 0.008029279997572303
Latency: 0.008130613947287202
Latency: 0.014587457990273833
Latency: 0.013972493819892406
Latency: 0.008625716203823686
Latency: 0.007715301122516394
Latency: 0.0074899098835885525
Latency: 0.007378973998129368
Latency: 0.007363812066614628
Latency: 0.007292152848094702
Latency: 0.0074464629869908094
Latency: 0.0073461770080029964
Latency: 0.007280142977833748
Latency: 0.008424562867730856
Latency: 0.00723723997361958
Latency: 0.007297979202121496
Latency: 0.0075277118012309074
Latency: 0.007379807997494936
Latency: 0.007257468998432159
Latency: 0.007345320889726281
Latency: 0.007349478080868721
Latency: 0.007378344889730215
Latency: 0.007505909074097872
Latency: 0.007355592213571072
Latency: 0.008399612968787551
Latency: 0.00737167289480567
Latency: 0.007298080017790198
Latency: 0.007206006906926632
Latency: 0.00735847488977015
Latency: 0.007358497940003872
Latency: 0.007291433168575168
Latency: 0.007306169951334596
Latency: 0.007242674008011818
Latency: 0.007274155970662832
Latency: 0.0072749159298837185
Latency: 0.008450211957097054
Latency: 0.00722195697017014
Latency: 0.007345779100432992
Latency: 0.007389640901237726
Latency: 0.0072488689329475164
Latency: 0.007352271117269993
Latency: 0.007308244006708264
Latency: 0.0072717210277915
Latency: 0.007341739954426885
Latency: 0.007242009975016117
Latency: 0.007376756984740496
Latency: 0.007304352009668946
Latency: 0.00823542894795537
Latency: 0.007201995002105832
Latency: 0.007160007953643799
Latency: 0.007344876183196902
Latency: 0.007223044987767935
Latency: 0.007250121096149087
Latency: 0.007221888052299619
Latency: 0.0072792209684848785
Latency: 0.007239402970299125
Latency: 0.0073632788844406605
Latency: 0.007469387026503682
Latency: 0.00845138798467815
Latency: 0.007103258976712823
Latency: 0.007298380136489868
Latency: 0.007341324118897319
Latency: 0.007386045064777136
Latency: 0.007505020126700401
Latency: 0.007254092022776604
Latency: 0.0073460310231894255
Latency: 0.0072870259173214436
Latency: 0.007217931095510721
Latency: 0.007335328962653875
Latency: 0.008599169086664915
Latency: 0.0071875599678605795
Latency: 0.007441970985382795
Latency: 0.007888511987403035
Latency: 0.007836970966309309
Latency: 0.007500771898776293
Latency: 0.0072129841428250074
Latency: 0.007358855102211237
Latency: 0.0072050439193844795
Latency: 0.007333411136642098
Latency: 0.007367451209574938
Latency: 0.007349299965426326
Latency: 0.008675816003233194
Latency: 0.0073292870074510574
Latency: 0.007264781976118684
Latency: 0.007349865045398474
Latency: 0.007319122087210417
Latency: 0.007340642856433988
Latency: 0.00728875701315701
Latency: 0.007177634164690971
Latency: 0.007417648797854781
Latency: 0.007434161147102714
Latency: 0.007398756919428706
Latency: 0.008372038137167692
Latency: 0.007328766165301204
Latency: 0.007272397167980671
Latency: 0.007247899891808629
Latency: 0.007207192946225405
Latency: 0.007237365003675222
Latency: 0.007404794916510582
Latency: 0.007873151917010546
Latency: 0.007316448958590627
Latency: 0.007420423906296492
Latency: 0.007303820922970772
Latency: 0.007618108065798879
Latency: 0.008711816975846887
Latency: 0.007544402964413166
Latency: 0.007229733979329467
Latency: 0.007306328043341637
Latency: 0.007324417121708393
Latency: 0.007259168894961476
Latency: 0.007163971895352006
Latency: 0.0073477469850331545
Latency: 0.0071788569912314415
Latency: 0.007349194958806038
Latency: 0.007385178003460169
Latency: 0.008352685021236539
Latency: 0.007269385969266295
Latency: 0.007330777822062373
Latency: 0.007372953929007053
Latency: 0.007342312950640917
Latency: 0.00738464598543942
Latency: 0.007486823946237564
Latency: 0.007386485114693642
Latency: 0.007209473056718707
Latency: 0.007438375847414136
Latency: 0.007325895130634308
Latency: 0.007318077841773629
Latency: 0.008299029897898436
Latency: 0.007247213972732425
Latency: 0.0073813090566545725
Latency: 0.007476706989109516
Latency: 0.007255694130435586
Latency: 0.007320323958992958
Latency: 0.007350794970989227
Latency: 0.007249400019645691
Latency: 0.007349113002419472
Latency: 0.007368090096861124
Latency: 0.007551115937530994
Latency: 0.00868924893438816
Latency: 0.007227754918858409
Latency: 0.007150092162191868
Latency: 0.00745776598341763
Latency: 0.007117063971236348
Latency: 0.007106914184987545
Latency: 0.007355161011219025
Latency: 0.007930433144792914
Latency: 0.007414030842483044
Latency: 0.007450436940416694
Latency: 0.007366985082626343
Latency: 0.00863545318134129
Latency: 0.007210562005639076
Latency: 0.007294588023796678
Latency: 0.00730800093151629
Latency: 0.0075136818923056126
Latency: 0.007231744006276131
Latency: 0.007253821939229965
Latency: 0.0072410020511597395
Latency: 0.007515483070164919
Latency: 0.007297775940969586
Latency: 0.007491393946111202
Latency: 0.008697203826159239
Latency: 0.007208260940387845
Latency: 0.007387452060356736
Latency: 0.007350155850872397
Latency: 0.007244613021612167
Latency: 0.007312210975214839
Latency: 0.007207961054518819
Latency: 0.007317885058000684
Latency: 0.007403420051559806
Latency: 0.0075900740921497345
Latency: 0.007487094961106777
Latency: 0.008888839045539498
Latency: 0.007312744855880737
Latency: 0.007416421081870794
Latency: 0.007259964942932129
Latency: 0.00748020620085299
Latency: 0.007414757972583175
Latency: 0.00722447014413774
Latency: 0.00741063617169857
Latency: 0.007379960967227817
Latency: 0.007289871107786894
Latency: 0.0073925170581787825
Latency: 0.007374193985015154
Latency: 0.008514284156262875
Latency: 0.007439517881721258
Latency: 0.007443991024047136
Latency: 0.007337080081924796
Latency: 0.0073457700200378895
Latency: 0.007302481913939118
Latency: 0.007215640973299742
Latency: 0.007188801886513829
Latency: 0.007334941998124123
Latency: 0.0072772440034896135
Latency: 0.007369990926235914
Latency: 0.008426413871347904
Latency: 0.0073170168325304985
Latency: 0.00733728613704443
Latency: 0.007310111075639725
Latency: 0.0073306981939822435
Latency: 0.007270407164469361
Latency: 0.007242474006488919
Latency: 0.007358029019087553
Latency: 0.007418833905830979
Latency: 0.00739960209466517
Latency: 0.007310438901185989
Latency: 0.007317807991057634
Latency: 0.008404036983847618
Latency: 0.007145558949559927
Latency: 0.0071633749175816774
Latency: 0.007245511980727315
Latency: 0.007197424070909619
Latency: 0.007206114009022713
Latency: 0.007152549922466278
Latency: 0.007258550031110644
Latency: 0.007310271030291915
Latency: 0.0072679000440984964
Latency: 0.007366152014583349
Latency: 0.008831962011754513
Latency: 0.02826815005391836
Latency: 0.007767786039039493
Latency: 0.007338642841205001
Latency: 0.007138103013858199
Latency: 0.007193939993157983
Latency: 0.0071681891568005085
Latency: 0.007318702060729265
Latency: 0.007196024991571903
Latency: 0.007260109065100551
Latency: 0.007322858087718487
Latency: 0.007236989215016365
Latency: 0.007398196030408144
Latency: 0.007334041874855757
Latency: 0.007244703127071261
Latency: 0.007333268877118826
Latency: 0.0074563161469995975
Latency: 0.007195477839559317
Latency: 0.007312258007004857
Latency: 0.007400240981951356
Latency: 0.007393898908048868
Latency: 0.007268300047144294
Latency: 0.008482564939185977
Latency: 0.007339318981394172
Latency: 0.007358853006735444
Latency: 0.007396104047074914
Latency: 0.0072492382023483515
Latency: 0.007201881147921085
Latency: 0.007284655934199691
Latency: 0.007270884932950139
Latency: 0.0074606959242373705
Latency: 0.007345846854150295
Latency: 0.007508761947974563
Latency: 0.008486019214615226
Latency: 0.007215227000415325
Latency: 0.007288194028660655
Latency: 0.007256711833178997
Latency: 0.007395730121061206
Latency: 0.007302263053134084
Latency: 0.007302846061065793
Latency: 0.007337779039517045
Latency: 0.00724817207083106
Latency: 0.007166408002376556
Latency: 0.007213564123958349
Latency: 0.008561058901250362
Latency: 0.007293549133464694
Latency: 0.007206029025837779
Latency: 0.007330521009862423
Latency: 0.007554096169769764
Latency: 0.007238544058054686
Latency: 0.007378929993137717
Latency: 0.007391041144728661
Latency: 0.007334731053560972
Latency: 0.007245674962177873
Latency: 0.007303779944777489
Latency: 0.00838513090275228
Latency: 0.00749059091322124
Latency: 0.007360347080975771
Latency: 0.007433830993250012
Latency: 0.007423375034704804
Latency: 0.007214222103357315
Latency: 0.007281749043613672
Latency: 0.007221922045573592
Latency: 0.007174520054832101
Latency: 0.007442692061886191
Latency: 0.007362012984231114
Latency: 0.008505770936608315
Latency: 0.007308162981644273
Latency: 0.007235450902953744
Latency: 0.00720957899466157
Latency: 0.007434814935550094
Latency: 0.008080442901700735
Latency: 0.007491126889362931
Latency: 0.007437028223648667
Latency: 0.007380432914942503
Latency: 0.007252341136336327
Latency: 0.007276669843122363
Latency: 0.00882381689734757
Latency: 0.007336356909945607
Latency: 0.0073166040237993
Latency: 0.007385301869362593
Latency: 0.007356941932812333
Latency: 0.007273541996255517
Latency: 0.00740469410084188
Latency: 0.007313868962228298
Latency: 0.007360678864642978
Latency: 0.007418311899527907
Latency: 0.007370061008259654
Latency: 0.008614236023277044
Latency: 0.007355642970651388
Latency: 0.007534370990470052
Latency: 0.007400505943223834
Latency: 0.007254699012264609
Latency: 0.0072530400939285755
Latency: 0.00725864595733583
Latency: 0.007213669130578637
Latency: 0.007426774129271507
Latency: 0.007419057888910174
Latency: 0.007420123089104891
Latency: 0.008368814829736948
Latency: 0.007242825115099549
Latency: 0.0072035829070955515
Latency: 0.007236334029585123
Latency: 0.007306777173653245
Latency: 0.007331723114475608
Latency: 0.007389638107270002
Latency: 0.007412321167066693
Latency: 0.0073216441087424755
Latency: 0.007346947910264134
Latency: 0.007407024968415499
Latency: 0.008414010982960463
Latency: 0.007252302952110767
Latency: 0.007629164028912783
Latency: 0.0073885449673980474
Latency: 0.007431744132190943
Latency: 0.007355686044320464
Latency: 0.007199387066066265
Latency: 0.007197272032499313
Latency: 0.0072151049971580505
Latency: 0.0072246340569108725
Latency: 0.007279634941369295
Latency: 0.007243510102853179
Latency: 0.008295911131426692
Latency: 0.007204543799161911
Latency: 0.007250925991684198
Latency: 0.007302863989025354
Latency: 0.007321655983105302
Latency: 0.007192536955699325
Latency: 0.007475334918126464
Latency: 0.0072865718975663185
Latency: 0.007368373917415738
Latency: 0.007298443000763655
Latency: 0.007268709130585194
Latency: 0.007251169998198748
Latency: 0.008253216044977307
Latency: 0.007381577044725418
Latency: 0.007274680072441697
Latency: 0.007390195038169622
Latency: 0.007255577947944403
Latency: 0.007269785972312093
Latency: 0.0072753350250422955
Latency: 0.0072736130096018314
Latency: 0.007418662076815963
Latency: 0.00741802784614265
Latency: 0.008275246946141124
Latency: 0.009268088033422828
Latency: 0.0077534138690680265
Latency: 0.007518712896853685
Latency: 0.007184211863204837
Latency: 0.0073386128060519695
Latency: 0.007265340071171522
Latency: 0.007311919005587697
Latency: 0.007429319899529219
Latency: 0.007346014026552439
Latency: 0.007264849962666631
Latency: 0.0073070109356194735
Latency: 0.008573540020734072
Latency: 0.007245074026286602
Latency: 0.007276688935235143
Latency: 0.007305846083909273
Latency: 0.007472994038835168
Latency: 0.007226597052067518
Latency: 0.007401501992717385
Latency: 0.007387378951534629
Latency: 0.007242616964504123
Latency: 0.007212935946881771
Latency: 0.007223960943520069
Latency: 0.00840764818713069
Latency: 0.007404295029118657
Latency: 0.0074064701329916716
Latency: 0.007377636153250933
Latency: 0.007370468927547336
Latency: 0.007503023138269782
Latency: 0.007425110787153244
Latency: 0.00743014900945127
Latency: 0.007330969907343388
Latency: 0.007417662069201469
Latency: 0.007344414014369249
Latency: 0.008568849181756377
Latency: 0.0073046088218688965
Latency: 0.007294673938304186
Latency: 0.007359681883826852
Latency: 0.0073044439777731895
Latency: 0.007383675081655383
Latency: 0.007517628138884902
Latency: 0.007435763953253627
Latency: 0.007407716941088438
Latency: 0.007328449049964547
Latency: 0.007294053211808205
Latency: 0.007237602956593037
Latency: 0.008272177074104548
Latency: 0.007334316149353981
Latency: 0.007527728797867894
Latency: 0.007213910110294819
Latency: 0.007519913837313652
Latency: 0.007451563840731978
Latency: 0.007348933024331927
Latency: 0.007341315969824791
Latency: 0.007264731917530298
Latency: 0.0073312800377607346
Latency: 0.007384357042610645
Latency: 0.008527253987267613
Latency: 0.007221376057714224
Latency: 0.007207914954051375
Latency: 0.007403112947940826
Latency: 0.0073874108493328094
Latency: 0.0073999769520014524
Latency: 0.00738916895352304
Latency: 0.007415773114189506
Latency: 0.007197932107374072
Latency: 0.0071158381178975105
Latency: 0.007344460114836693
Latency: 0.0073438279796391726
Latency: 0.008471884997561574
Latency: 0.007362497039139271
Latency: 0.007454519160091877
Latency: 0.007855404866859317
Latency: 0.0074194190092384815
Latency: 0.007507658796384931
Latency: 0.0074089220724999905
Latency: 0.007424728944897652
Latency: 0.007293879985809326
Latency: 0.007313688984140754
Latency: 0.0074418599251657724
Latency: 0.009030392859131098
Latency: 0.007021552184596658
Latency: 0.007377114146947861
Latency: 0.007260031998157501
Latency: 0.007249667076393962
Latency: 0.007387327961623669
Latency: 0.007350991014391184
Latency: 0.007294269045814872
Latency: 0.007345327874645591
Latency: 0.007325612939894199
Latency: 0.007300876080989838
Latency: 0.007205996895208955
Latency: 0.008558002999052405
Latency: 0.02841445291414857
Latency: 0.007410991936922073
Latency: 0.007480795960873365
Latency: 0.007461401866748929
Latency: 0.007246906170621514
Latency: 0.007453660015016794
Latency: 0.0072958150412887335
Latency: 0.007280781865119934
Latency: 0.007309559965506196
Latency: 0.008031757082790136
Latency: 0.007362599950283766
Latency: 0.007400108966976404
Latency: 0.0073865498416125774
Latency: 0.007333819987252355
Latency: 0.007239616010338068
Latency: 0.007167559815570712
Latency: 0.007258006138727069
Latency: 0.0073781730607151985
Latency: 0.007321204990148544
Latency: 0.007371640065684915
Latency: 0.00727456621825695
Latency: 0.008341250941157341
Latency: 0.007299930090084672
Latency: 0.007163788890466094
Latency: 0.007315717171877623
Latency: 0.007280872901901603
Latency: 0.0072373379953205585
Latency: 0.007289419881999493
Latency: 0.007276034913957119
Latency: 0.007250955095514655
Latency: 0.007213769946247339
Latency: 0.007349325809627771
Latency: 0.008433226961642504
Latency: 0.007346577942371368
Latency: 0.007231024093925953
Latency: 0.007413883926346898
Latency: 0.0073674870654940605
Latency: 0.007328246021643281
Latency: 0.007336798124015331
Latency: 0.007355040870606899
Latency: 0.007276961114257574
Latency: 0.007375640096142888
Latency: 0.007125666830688715
Latency: 0.008507464081048965
Latency: 0.007413283921778202
Latency: 0.007304051890969276
Latency: 0.007263523992151022
Latency: 0.007338948082178831
Latency: 0.00735821295529604
Latency: 0.007584428880363703
Latency: 0.007339098025113344
Latency: 0.007478754036128521
Latency: 0.007272762944921851
Latency: 0.007276464020833373
Latency: 0.00744804204441607
Latency: 0.008550476981326938
Latency: 0.007325646933168173
Latency: 0.007118073990568519
Latency: 0.007229136070236564
Latency: 0.007308022119104862
Latency: 0.007262730039656162
Latency: 0.007309648906812072
Latency: 0.007342556957155466
Latency: 0.007356299087405205
Latency: 0.007407280849292874
Latency: 0.007439122069627047
Latency: 0.00830381503328681
Latency: 0.0074427148792892694
Latency: 0.007420998066663742
Latency: 0.007376513909548521
Latency: 0.007265361957252026
Latency: 0.007311156019568443
Latency: 0.007247682195156813
Latency: 0.007618064992129803
Latency: 0.007426352007314563
Latency: 0.007392326835542917
Latency: 0.007275336189195514
Latency: 0.00742998905479908
Latency: 0.008436267031356692
Latency: 0.007250867085531354
Latency: 0.007217742968350649
Latency: 0.007223848020657897
Latency: 0.007210081908851862
Latency: 0.00756607879884541
Latency: 0.007394992047920823
Latency: 0.00728694093413651
Latency: 0.007581510115414858
Latency: 0.007312644040212035
Latency: 0.0072971610352396965
Latency: 0.008659746032208204
Latency: 0.007136337924748659
Latency: 0.007443201029673219
Latency: 0.00743458210490644
Latency: 0.007365270052105188
Latency: 0.0073903510347008705
Latency: 0.007241348968818784
Latency: 0.0072123471181839705
Latency: 0.007175023900344968
Latency: 0.007312308996915817
Latency: 0.007396787172183394
Latency: 0.007420347072184086
Latency: 0.008579800138249993
Latency: 0.0072243851609528065
Latency: 0.007385827135294676
Latency: 0.007205059053376317
Latency: 0.007279546931385994
Latency: 0.007311690133064985
Latency: 0.007283654063940048
Latency: 0.007301448844373226
Latency: 0.007330206921324134
Latency: 0.007303653052076697
Latency: 0.007367939921095967
Latency: 0.00744419707916677
Latency: 0.00855840602889657
Latency: 0.007335986942052841
Latency: 0.0074896798469126225
Latency: 0.007310355082154274
Latency: 0.007288773776963353
Latency: 0.0072143899742513895
Latency: 0.0073780701495707035
Latency: 0.007279897108674049
Latency: 0.007447023876011372
Latency: 0.008034133119508624
Latency: 0.007700975984334946
Latency: 0.008652165997773409
Latency: 0.007521454012021422
Latency: 0.007291730958968401
Latency: 0.00729797687381506
Latency: 0.007191209122538567
Latency: 0.00730245397426188
Latency: 0.007350170984864235
Latency: 0.00745686492882669
Latency: 0.007333252811804414
Latency: 0.00734502705745399
Latency: 0.0074672449845820665
Latency: 0.007402421208098531
Latency: 0.008463575970381498
Latency: 0.007373963017016649
Latency: 0.007348672021180391
Latency: 0.007374366978183389
Latency: 0.007377919973805547
Latency: 0.007238948019221425
Latency: 0.007286681095138192
Latency: 0.00739022484049201
Latency: 0.007509283954277635
Latency: 0.0074329839553684
Latency: 0.00896650506183505
Latency: 0.013673096895217896
Latency: 0.007492793025448918
Latency: 0.007377160945907235
Latency: 0.007320681121200323
Latency: 0.007390171056613326
Latency: 0.007180218817666173
Latency: 0.0074766529724001884
Latency: 0.0074487971141934395
Latency: 0.007401825860142708
Latency: 0.007503825938329101
Latency: 0.007322557037696242
Latency: 0.008656797930598259
Latency: 0.0072413599118590355
Latency: 0.007142448099330068
Latency: 0.007313088048249483
Latency: 0.007281390950083733
Latency: 0.007404773961752653
Latency: 0.007353519089519978
Latency: 0.007326991995796561
Latency: 0.007307761115953326
Latency: 0.007323525846004486
Latency: 0.0074679499957710505
Latency: 0.007392196916043758
Latency: 0.008369938004761934
Latency: 0.007359284209087491
Latency: 0.007315644063055515
Latency: 0.007337084040045738
Latency: 0.007657815935090184
Latency: 0.007425945019349456
Latency: 0.00739985890686512
Latency: 0.007365545956417918
Latency: 0.007092484040185809
Latency: 0.007417322136461735
Latency: 0.007204033201560378
Latency: 0.008532539941370487
Latency: 0.007169296033680439
Latency: 0.00729917292483151
Latency: 0.007247010013088584
Latency: 0.007312594214454293
Latency: 0.007220193976536393
Latency: 0.0071589958388358355
Latency: 0.007249287096783519
Latency: 0.007274879841133952
Latency: 0.007265717955306172
Latency: 0.007301699137315154
Latency: 0.007276623044162989
Latency: 0.008402765030041337
Latency: 0.00783084612339735
Latency: 0.0077221267856657505
Latency: 0.007520470069721341
Latency: 0.0073251789435744286
Latency: 0.0072846729308366776
Latency: 0.007314085960388184
Latency: 0.007341391872614622
Latency: 0.007426184834912419
Latency: 0.007342593977227807
Latency: 0.007285929983481765
Latency: 0.007126460084691644
Latency: 0.008494731038808823
Latency: 0.0073396689258515835
Latency: 0.007354561937972903
Latency: 0.007332218112424016
Latency: 0.007460808148607612
Latency: 0.007299917051568627
Latency: 0.007390710990875959
Latency: 0.007354971021413803
Latency: 0.007412728853523731
Latency: 0.007375970017164946
Latency: 0.00748654711060226
Latency: 0.007258976809680462
Latency: 0.008322440087795258
Latency: 0.007318821968510747
Latency: 0.007539551006630063
Latency: 0.0073821458499878645
Latency: 0.007319450145587325
Latency: 0.00731783383525908
Latency: 0.007376222871243954
Latency: 0.007244858890771866
Latency: 0.007400215836241841
Latency: 0.007446720963343978
Latency: 0.007397199049592018
Latency: 0.007284102030098438
Latency: 0.008352961158379912
Latency: 0.007289020111784339
Latency: 0.0073800019454211
Latency: 0.007394725922495127
Latency: 0.007306504063308239
Latency: 0.007421571994200349
Latency: 0.007356747053563595
Latency: 0.007396714063361287
Latency: 0.007289130939170718
Latency: 0.007205507019534707
Latency: 0.007181996013969183
Latency: 0.007292153080925345
Latency: 0.008340961998328567
Latency: 0.00745367887429893
Latency: 0.007568676024675369
Latency: 0.0073211409617215395
Latency: 0.007299425080418587
Latency: 0.007291540037840605
Latency: 0.007268616929650307
Latency: 0.007359046954661608
Latency: 0.0073323899414390326
Latency: 0.0074000488966703415
Latency: 0.007411736994981766
Latency: 0.007352960063144565
Latency: 0.00849514501169324
Latency: 0.007223087130114436
Latency: 0.007382872048765421
Latency: 0.00733325001783669
Latency: 0.007285543950274587
Latency: 0.0073266958352178335
Latency: 0.007411483908072114
Latency: 0.007452285848557949
Latency: 0.007418265100568533
Latency: 0.007314658025279641
Latency: 0.0074361939914524555
Latency: 0.007349028950557113
Latency: 0.00824892707169056
Latency: 0.03086927579715848
Latency: 0.007802806096151471
Latency: 0.007313010981306434
Latency: 0.0072146509774029255
Latency: 0.007268399000167847
Latency: 0.007298195967450738
Latency: 0.007356584072113037
Latency: 0.007256386801600456
Latency: 0.0072594990488141775
Latency: 0.007435353007167578
Latency: 0.00851052301004529
Latency: 0.007287241984158754
Latency: 0.0072393640875816345
Latency: 0.007391410879790783
Latency: 0.007176294922828674
Latency: 0.007188543910160661
Latency: 0.007124308962374926
Latency: 0.007284552091732621
Latency: 0.007285295985639095
Latency: 0.007443117909133434
Latency: 0.007314002141356468
Latency: 0.008607143070548773
Latency: 0.0073648018296808004
Latency: 0.007146321935579181
Latency: 0.007249525049701333
Latency: 0.007454371079802513
Latency: 0.007210782961919904
Latency: 0.007312531117349863
Latency: 0.0074154960457235575
Latency: 0.007138104876503348
Latency: 0.0073364549316465855
Latency: 0.007405970012769103
Latency: 0.008367584086954594
Latency: 0.007245550863444805
Latency: 0.007242698920890689
Latency: 0.007230754941701889
Latency: 0.007333968998864293
Latency: 0.007381579838693142
Latency: 0.0073226511012762785
Latency: 0.007319800090044737
Latency: 0.007333881221711636
Latency: 0.007635235087946057
Latency: 0.0074004498310387135
Latency: 0.008411016082391143
Latency: 0.007402494084089994
Latency: 0.00733754807151854
Latency: 0.007274124072864652
Latency: 0.007301806937903166
Latency: 0.007280971854925156
Latency: 0.007322960067540407
Latency: 0.007393041858449578
Latency: 0.007305741077288985
Latency: 0.007329002022743225
Latency: 0.00739290495403111
Latency: 0.007349245948716998
Latency: 0.00903240591287613
Latency: 0.007336679846048355
Latency: 0.007403322029858828
Latency: 0.007311230059713125
Latency: 0.007721022004261613
Latency: 0.007299591088667512
Latency: 0.007394369225949049
Latency: 0.0073795469943434
Latency: 0.007407285971567035
Latency: 0.0074211598839610815
Latency: 0.007355045061558485
Latency: 0.008265587035566568
Latency: 0.007343823090195656
Latency: 0.007283656857907772
Latency: 0.0072207211051136255
Latency: 0.007411072961986065
Latency: 0.007867251988500357
Latency: 0.007217885926365852
Latency: 0.007355784066021442
Latency: 0.007328870007768273
Latency: 0.007382101146504283
Latency: 0.007434785831719637
Latency: 0.0074152229353785515
Latency: 0.0084874271415174
Latency: 0.007387554971501231
Latency: 0.007477594073861837
Latency: 0.007254273863509297
Latency: 0.00720370514318347
Latency: 0.007063308032229543
Latency: 0.007086292142048478
Latency: 0.0071883839555084705
Latency: 0.007297083968296647
Latency: 0.007267211098223925
Latency: 0.0073671359568834305
Latency: 0.008516147965565324
Latency: 0.007300869096070528
Latency: 0.007320814998820424
Latency: 0.007283567916601896
Latency: 0.007296191994100809
Latency: 0.007320974953472614
Latency: 0.007301890989765525
Latency: 0.007290169829502702
Latency: 0.007426622789353132
Latency: 0.007368829101324081
Latency: 0.007326486986130476
Latency: 0.007482670014724135
Latency: 0.008478113915771246
Latency: 0.007161346031352878
Latency: 0.007180833024904132
Latency: 0.007338505005463958
Latency: 0.007411361904814839
Latency: 0.0073754140175879
Latency: 0.007298924960196018
Latency: 0.007407500175759196
Latency: 0.007359752198681235
Latency: 0.007443065056577325
Latency: 0.008719812845811248
Latency: 0.007221458945423365
Latency: 0.007389845093712211
Latency: 0.007342451950535178
Latency: 0.007177955005317926
Latency: 0.0074057020246982574
Latency: 0.00726092210970819
Latency: 0.007176507031545043
Latency: 0.00729822413995862
Latency: 0.007315556984394789
Latency: 0.007416084175929427
Latency: 0.007378151873126626
Latency: 0.008467207895591855
Latency: 0.007307502906769514
Latency: 0.007315038004890084
Latency: 0.007440302986651659
Latency: 0.007316092029213905
Latency: 0.007390700047835708
Latency: 0.007380639901384711
Latency: 0.007425608113408089
Latency: 0.00719792116433382
Latency: 0.007292794995009899
Latency: 0.007304280996322632
Latency: 0.008649467956274748
Latency: 0.007470529060810804
Latency: 0.007361386902630329
Latency: 0.007464297814294696
Latency: 0.0074285659939050674
Latency: 0.0073762028478085995
Latency: 0.007318458054214716
Latency: 0.007410178892314434
Latency: 0.007390674203634262
Latency: 0.00796470302157104
Latency: 0.007605178048834205
Latency: 0.008966169087216258
Latency: 0.007329140091314912
Latency: 0.007386825978755951
Latency: 0.007412603124976158
Latency: 0.007338793016970158
Latency: 0.007094139000400901
Latency: 0.007183674955740571
Latency: 0.007393345003947616
Latency: 0.007372847991064191
Latency: 0.007323158904910088
Latency: 0.00731156999245286
Latency: 0.008530528051778674
Latency: 0.007312436122447252
Latency: 0.007378903217613697
Latency: 0.007281997008249164
Latency: 0.007246309891343117
Latency: 0.0072686150670051575
Latency: 0.007448389893397689
Latency: 0.007240738021209836
Latency: 0.007349190069362521
Latency: 0.00745097198523581
Latency: 0.007527822162955999
Latency: 0.00882757711224258
Latency: 0.0074067038949579
Latency: 0.007622218923643231
Latency: 0.007299427874386311
Latency: 0.00733928382396698
Latency: 0.007314044050872326
Latency: 0.007260367041453719
Latency: 0.007266942877322435
Latency: 0.007255711127072573
Latency: 0.007261376129463315
Latency: 0.007458993932232261
Latency: 0.007273019989952445
Latency: 0.008283432107418776
Latency: 0.007584506878629327
Latency: 0.007223902037367225
Latency: 0.007223448948934674
Latency: 0.007443235022947192
Latency: 0.007347862934693694
Latency: 0.007488218834623694
Latency: 0.007400972070172429
Latency: 0.007499727886170149
Latency: 0.007339159958064556
Latency: 0.007437027990818024
Latency: 0.008598641026765108
Latency: 0.007503394968807697
Latency: 0.007505561923608184
Latency: 0.007425544084981084
Latency: 0.0074599371291697025
Latency: 0.00725370179861784
Latency: 0.007219742983579636
Latency: 0.007289720932021737
Latency: 0.007295964984223247
Latency: 0.007311773952096701
Latency: 0.007383310003206134
Latency: 0.008711241884157062
Latency: 0.007309084990993142
Latency: 0.007365335011854768
Latency: 0.007493611890822649
Latency: 0.007303766906261444
Latency: 0.007132126018404961
Latency: 0.007111856946721673
Latency: 0.007363772019743919
Latency: 0.007247876143082976
Latency: 0.007319191936403513
Latency: 0.007391207152977586
Latency: 0.008503626100718975
Latency: 0.007417478132992983
Latency: 0.007340630982071161
Latency: 0.007474567042663693
Latency: 0.007922466844320297
Latency: 0.0074499070178717375
Latency: 0.00735078495927155
Latency: 0.007452588062733412
Latency: 0.007363233016803861
Latency: 0.007253315066918731
Latency: 0.007353749126195908
Latency: 0.008661972125992179
Latency: 0.007370480801910162
Latency: 0.0073749718721956015
Latency: 0.00739806704223156
Latency: 0.00749240699224174
Latency: 0.007199151907116175
Latency: 0.007390036014840007
Latency: 0.007283749990165234
Latency: 0.00735004898160696
Latency: 0.007237536134198308
Latency: 0.007534983102232218
Latency: 0.008609347976744175
Latency: 0.007295449962839484
Latency: 0.007265209220349789
Latency: 0.007234203862026334
Latency: 0.007398519199341536
Latency: 0.007350489031523466
Latency: 0.007257609162479639
Latency: 0.007409148151054978
Latency: 0.0073520110454410315
Latency: 0.007302443031221628
Latency: 0.007216474041342735
Latency: 0.00860950700007379
Latency: 0.0313843940384686
Latency: 0.007454029051586986
Latency: 0.007519771810621023
Latency: 0.0074100440833717585
Latency: 0.007309488952159882
Latency: 0.007245145970955491
Latency: 0.007263296050950885
Latency: 0.0072587288450449705
Latency: 0.007399065187200904
Latency: 0.008426643908023834
Latency: 0.007204220863059163
Latency: 0.007267053006216884
Latency: 0.007343963952735066
Latency: 0.007249591173604131
Latency: 0.0072712660767138
Latency: 0.007197706960141659
Latency: 0.007200485095381737
Latency: 0.007239122875034809
Latency: 0.0072818000335246325
Latency: 0.007356630172580481
Latency: 0.007335206959396601
Latency: 0.008334263926371932
Latency: 0.0072652839589864016
Latency: 0.007435452193021774
Latency: 0.00733830314129591
Latency: 0.007231580093502998
Latency: 0.007277895929291844
Latency: 0.007359687937423587
Latency: 0.007324806181713939
Latency: 0.007363032083958387
Latency: 0.007399872876703739
Latency: 0.007298177108168602
Latency: 0.008364762179553509
Latency: 0.007216317113488913
Latency: 0.007130826823413372
Latency: 0.0071926850359886885
Latency: 0.007236076984554529
Latency: 0.007209204137325287
Latency: 0.007322737015783787
Latency: 0.0074575229082256556
Latency: 0.007678308989852667
Latency: 0.007484354078769684
Latency: 0.007461654022336006
Latency: 0.00727555388584733
Latency: 0.008430939866229892
Latency: 0.007246827008202672
Latency: 0.007251196773722768
Latency: 0.007202785927802324
Latency: 0.007343291072174907
Latency: 0.0072781250346452
Latency: 0.007284278050065041
Latency: 0.00736071914434433
Latency: 0.007734432118013501
Latency: 0.007426711032167077
Latency: 0.0074797437991946936
Latency: 0.008501858217641711
Latency: 0.007342073135077953
Latency: 0.007311995141208172
Latency: 0.0072461869567632675
Latency: 0.0074671178590506315
Latency: 0.0072502209804952145
Latency: 0.00718957488425076
Latency: 0.007285133004188538
Latency: 0.0073075490072369576
Latency: 0.008682433981448412
Latency: 0.015074109891429543
Latency: 0.009829729096964002
Latency: 0.007732599973678589
Latency: 0.0073768668808043
Latency: 0.007573822978883982
Latency: 0.007239579921588302
Latency: 0.007349687861278653
Latency: 0.007340390933677554
Latency: 0.007377788191661239
Latency: 0.007395182037726045
Latency: 0.00730500603094697
Latency: 0.007296041119843721
Latency: 0.00853602192364633
Latency: 0.007386093959212303
Latency: 0.007321234093979001
Latency: 0.007434828905388713
Latency: 0.007275570882484317
Latency: 0.007123619085177779
Latency: 0.007547065149992704
Latency: 0.007308020023629069
Latency: 0.007424795068800449
Latency: 0.007427292875945568
Latency: 0.007510084193199873
Latency: 0.008456178940832615
Latency: 0.007422595983371139
Latency: 0.007221784209832549
Latency: 0.007358042988926172
Latency: 0.0074853559490293264
Latency: 0.007295881863683462
Latency: 0.007265500025823712
Latency: 0.007315183989703655
Latency: 0.0073703809175640345
Latency: 0.007207572925835848
Latency: 0.00724827591329813
Latency: 0.008698467165231705
Latency: 0.007241422077640891
Latency: 0.007359141018241644
Latency: 0.007424395065754652
Latency: 0.007395138964056969
Latency: 0.007209214149042964
Latency: 0.007411235943436623
Latency: 0.0073761530220508575
Latency: 0.007296249037608504
Latency: 0.007329316111281514
Latency: 0.007282646140083671
Latency: 0.008586768992245197
Latency: 0.00788858812302351
Latency: 0.007373223081231117
Latency: 0.007379321148619056
Latency: 0.007430535973981023
Latency: 0.007713781902566552
Latency: 0.007121797185391188
Latency: 0.007323233876377344
Latency: 0.007515136850997806
Latency: 0.007255509961396456
Latency: 0.0072468919679522514
Latency: 0.008733868831768632
Latency: 0.007287001004442573
Latency: 0.007339901989325881
Latency: 0.007434731116518378
Latency: 0.007362497039139271
Latency: 0.007271375972777605
Latency: 0.00737371202558279
Latency: 0.007475636899471283
Latency: 0.007196276914328337
Latency: 0.007285853149369359
Latency: 0.007527276873588562
Latency: 0.008332069963216782
Latency: 0.007324975915253162
Latency: 0.0074442189652472734
Latency: 0.007379577029496431
Latency: 0.007576224859803915
Latency: 0.007543295854702592
Latency: 0.007393752923235297
Latency: 0.0075357831083238125
Latency: 0.007614325964823365
Latency: 0.007306875195354223
Latency: 0.007350621046498418
Latency: 0.00855053891427815
Latency: 0.007372980937361717
Latency: 0.0072949910536408424
Latency: 0.0072980159893631935
Latency: 0.012791754910722375
Latency: 0.0075799638871103525
Latency: 0.007493359036743641
Latency: 0.00720213889144361
Latency: 0.00737964897416532
Latency: 0.007461910136044025
Latency: 0.0073913398664444685
Latency: 0.00896530388854444
Latency: 0.007332481909543276
Latency: 0.007257618010044098
Latency: 0.007436699001118541
Latency: 0.00729050487279892
Latency: 0.007376906927675009
Latency: 0.007252460112795234
Latency: 0.007334352936595678
Latency: 0.007330375025048852
Latency: 0.007488636067137122
Latency: 0.0073954330291599035
Latency: 0.008676523109897971
Latency: 0.007346865953877568
Latency: 0.007364264922216535
Latency: 0.007357346126809716
Latency: 0.007373343920335174
Latency: 0.007467614021152258
Latency: 0.007390822982415557
Latency: 0.007322276011109352
Latency: 0.007354853907600045
Latency: 0.007289363071322441
Latency: 0.007345401914790273
Latency: 0.008514352142810822
Latency: 0.007227766094729304
Latency: 0.007226957008242607
Latency: 0.007435831939801574
Latency: 0.007408373989164829
Latency: 0.007417859975248575
Latency: 0.007814810145646334
Latency: 0.007509090006351471
Latency: 0.007513565011322498
Latency: 0.007338315015658736
Latency: 0.007234395015984774
Latency: 0.008683789987117052
Latency: 0.007077043876051903
Latency: 0.007208717055618763
Latency: 0.007249983958899975
Latency: 0.007314644055441022
Latency: 0.00749689806252718
Latency: 0.007340259850025177
Latency: 0.0073762559331953526
Latency: 0.007464586058631539
Latency: 0.007419046945869923
Latency: 0.0072320750914514065
Latency: 0.007355117937549949
Latency: 0.008659844985231757
Latency: 0.0073693611193448305
Latency: 0.007308951113373041
Latency: 0.007334521971642971
Latency: 0.007417210843414068
Latency: 0.00735720619559288
Latency: 0.007370867999270558
Latency: 0.007351231062784791
Latency: 0.0073994609992951155
Latency: 0.007225071080029011
Latency: 0.0073568790685385466
Latency: 0.008512220112606883
Latency: 0.007516904966905713
Latency: 0.007397865178063512
Latency: 0.0074054941069334745
Latency: 0.007471875986084342
Latency: 0.0073116791900247335
Latency: 0.007318784017115831
Latency: 0.007301208795979619
Latency: 0.007350750965997577
Latency: 0.007505520014092326
Latency: 0.00733464490622282
Latency: 0.008660830091685057
Latency: 0.0072828070260584354
Latency: 0.007282637991011143
Latency: 0.007416954031214118
Latency: 0.0073274008464068174
Latency: 0.007284329971298575
Latency: 0.0073991750832647085
Latency: 0.0073873428627848625
Latency: 0.007438637083396316
Latency: 0.007524820975959301
Latency: 0.007581838872283697
Latency: 0.0073926260229200125
Latency: 0.009453319013118744
Latency: 0.007484879111871123
