Latency: 0.934918724000454
Latency: 0.9410172370262444
Latency: 0.9489955639000982
Latency: 0.9466316308826208
Latency: 0.9465460497885942
Latency: 0.9533149641938508
Latency: 0.9533635650295764
Latency: 0.9537503889296204
Latency: 0.9633014439605176
Latency: 0.9658458710182458
Latency: 0.9665637449361384
Latency: 0.9664038559421897
Latency: 0.9670615091454238
Latency: 0.9720548409968615
Latency: 0.9751474848017097
Latency: 0.9778802460059524
Latency: 0.8447803389281034
Latency: 0.83926807413809
Latency: 0.8389947561081499
Latency: 0.8369894539937377
Latency: 0.8472090940922499
Latency: 0.8441226531285793
Latency: 0.8316132558975369
Latency: 0.8523721629753709
Latency: 0.8456658129580319
Latency: 0.8326834959443659
Latency: 0.824051268864423
Latency: 0.8420801290776581
Latency: 0.8390456619672477
Latency: 0.8420324900653213
Latency: 0.8384189840871841
Latency: 0.861919597024098
Latency: 0.8461376100312918
Latency: 0.8469841831829399
Latency: 0.8338216980919242
Latency: 0.8340242730919272
Latency: 0.8453052118420601
Latency: 0.8358588139526546
Latency: 0.8496020520105958
Latency: 0.8437541860621423
Latency: 0.8442917780485004
Latency: 0.8474025058094412
Latency: 0.8470301278866827
Latency: 0.8474382860586047
Latency: 0.8507529799826443
Latency: 0.8496134087909013
Latency: 0.8666760169435292
Latency: 0.8638626588508487
Latency: 0.8341943800915033
Latency: 0.8413536360021681
Latency: 0.8601787118241191
Latency: 0.8407217699568719
Latency: 0.8537589490879327
Latency: 0.8336998680606484
Latency: 0.8638128349557519
Latency: 0.8554155200254172
Latency: 0.8485406290274113
Latency: 0.8530707519967109
Latency: 0.8618727060966194
Latency: 0.854627582943067
Latency: 0.8572484310716391
Latency: 0.8583652649540454
Latency: 0.8607797250151634
Latency: 0.8830349119380116
Latency: 0.8322675139643252
Latency: 0.8273448150139302
Latency: 0.8423348539508879
Latency: 0.8606125849764794
Latency: 0.8554702450055629
Latency: 0.8710509859956801
Latency: 0.8456883691251278
Latency: 0.8693458901252598
Latency: 0.8582548229023814
Latency: 0.8456645919941366
Latency: 0.8524029890540987
Latency: 0.8515484591480345
Latency: 0.8542109539266676
Latency: 0.8639561750460416
Latency: 0.8494935999624431
Latency: 0.8612730270251632
Latency: 0.8375446000136435
Latency: 0.8498632428236306
Latency: 0.8356566841248423
Latency: 0.8433022620156407
Latency: 0.8372575049288571
Latency: 0.8265129530336708
Latency: 0.8222262219060212
Latency: 0.8346300579141825
Latency: 0.8367255600169301
Latency: 0.8343265249859542
Latency: 0.8422473280224949
Latency: 0.8360296611208469
Latency: 0.8302422820124775
Latency: 0.8478898159228265
Latency: 0.8364158621989191
Latency: 0.8411468588747084
Latency: 0.8326132039073855
Latency: 0.8402497710194439
Latency: 0.83524448890239
Latency: 0.8269813540391624
Latency: 0.840579975862056
Latency: 0.8570811171084642
Latency: 0.8531697739381343
Latency: 0.8632920610252768
Latency: 0.8646851978264749
Latency: 0.867229645838961
Latency: 0.8742303519975394
Latency: 0.8679928600322455
Latency: 0.8651626238133758
Latency: 0.8686345790047199
Latency: 0.8722087850328535
Latency: 0.8734093641396612
Latency: 0.8353367201052606
Latency: 0.818347797030583
Latency: 0.8248987388797104
Latency: 0.8346787979826331
Latency: 0.8401768999174237
Latency: 0.8294716069940478
Latency: 0.8402771318797022
Latency: 0.8371831150725484
Latency: 0.8380980889778584
Latency: 0.8410479880403727
Latency: 0.8534176570829004
Latency: 0.841279034037143
Latency: 0.8440650538541377
Latency: 0.8471206380054355
Latency: 0.8433839320205152
Latency: 0.846002709120512
Latency: 0.8301821849308908
Latency: 0.8347222870215774
Latency: 0.8522311570122838
Latency: 0.8444610871374607
Latency: 0.8399119197856635
Latency: 0.8487767889164388
Latency: 0.8357764380052686
Latency: 0.822765032062307
Latency: 0.8391600251197815
Latency: 0.8292455119080842
Latency: 0.8468638129997998
Latency: 0.8353420069906861
Latency: 0.8255637011025101
Latency: 0.8346259039826691
Latency: 0.8469269499182701
Latency: 0.8412644360214472
Latency: 0.8261522499378771
Latency: 0.8172139360103756
Latency: 0.8404425920452923
Latency: 0.8478513211011887
Latency: 0.8403072580695152
Latency: 0.8341475329361856
Latency: 0.8235625931993127
Latency: 0.8336913560051471
Latency: 0.8407249599695206
Latency: 0.8288189370650798
Latency: 0.8446611110121012
Latency: 0.8541122230235487
Latency: 0.8297819218132645
Latency: 0.836757694138214
Latency: 0.8394333280157298
Latency: 0.8383741118013859
Latency: 0.8196712429635227
Latency: 0.8285173559561372
Latency: 0.8503584200516343
Latency: 0.8306558509357274
Latency: 0.8185107279568911
Latency: 0.8514939020387828
Latency: 0.8338234610855579
Latency: 0.8279298390261829
Latency: 0.8207476779352874
Latency: 0.8455623369663954
Latency: 0.8331264210864902
Latency: 0.8243954901117831
Latency: 0.8394401529803872
Latency: 0.8323944080621004
Latency: 0.8324238178320229
Latency: 0.8284434250090271
Latency: 0.8339087490458041
Latency: 0.8365204338915646
Latency: 0.8454203228466213
Latency: 0.8324210988357663
Latency: 0.8488649579230696
Latency: 0.8241667540278286
Latency: 0.8487474070861936
Latency: 0.830489041050896
Latency: 0.8465275790076703
Latency: 0.8481813459657133
Latency: 0.8476487691514194
Latency: 0.8462085579521954
Latency: 0.838480917038396
Latency: 0.845952559961006
Latency: 0.84788036509417
Latency: 0.8670724800322205
Latency: 0.8488962568808347
Latency: 0.8657291219569743
Latency: 0.8503985900897533
Latency: 0.8189163899514824
Latency: 0.8491036689374596
Latency: 0.8455932221841067
Latency: 0.8675000369548798
Latency: 0.8473991418723017
Latency: 0.8464407478459179
Latency: 0.840380199952051
Latency: 0.8578218529000878
Latency: 0.850007229950279
Latency: 0.8496412739623338
Latency: 0.85070711793378
Latency: 0.8520360989496112
Latency: 0.8654435849748552
Latency: 0.8288901150226593
Latency: 0.8320776771288365
Latency: 0.837930531008169
Latency: 0.8389923127833754
Latency: 0.8369812138844281
Latency: 0.8496282179839909
Latency: 0.8444885390345007
Latency: 0.8524126049596816
Latency: 0.8496827490162104
Latency: 0.8608513660728931
Latency: 0.8548320340923965
Latency: 0.8715776060707867
Latency: 0.8662411461118609
Latency: 0.8651056040544063
Latency: 0.8626368509139866
Latency: 0.8692306829616427
Latency: 0.8347190760541707
Latency: 0.8296832460910082
Latency: 0.8281373768113554
Latency: 0.8325871529523283
Latency: 0.826789268059656
Latency: 0.8383267179597169
Latency: 0.8358610919676721
Latency: 0.833170932950452
Latency: 0.8526425869204104
Latency: 0.8418079528491944
Latency: 0.8454969290178269
Latency: 0.8422245220281184
Latency: 0.8447192958556116
Latency: 0.8475671361666173
Latency: 0.8426145161502063
Latency: 0.8525405121035874
Latency: 0.8396131459157914
Latency: 0.8433857879135758
Latency: 0.8204839238896966
Latency: 0.8330459769349545
Latency: 0.8232750569004565
Latency: 0.8399049718864262
Latency: 0.8304824118968099
Latency: 0.843358273152262
Latency: 0.82909952593036
Latency: 0.8235904991161078
Latency: 0.8528137339744717
Latency: 0.8282302119769156
Latency: 0.8574200100265443
Latency: 0.8363286431413144
Latency: 0.8578767590224743
Latency: 0.8440103060565889
Latency: 0.8363731829449534
Latency: 0.8410376659594476
Latency: 0.8347220320720226
Latency: 0.8212051189038903
Latency: 0.8214313918724656
Latency: 0.8399376890156418
Latency: 0.8260913351550698
Latency: 0.8438393489923328
Latency: 0.846390648977831
Latency: 0.8475789811927825
Latency: 0.8251039830502123
Latency: 0.827210103161633
Latency: 0.8420241519343108
Latency: 0.8362189701292664
Latency: 0.8348574959672987
Latency: 0.8432393809780478
Latency: 0.8462196411564946
Latency: 0.845784034114331
Latency: 0.8361149129923433
Latency: 0.8452879299875349
Latency: 0.8477807799354196
Latency: 0.8404951370321214
Latency: 0.8435909659601748
Latency: 0.8384810460265726
Latency: 0.8389502498321235
Latency: 0.8535510918591172
Latency: 0.8499021911993623
Latency: 0.8545440479647368
Latency: 0.8565466271247715
Latency: 0.8522899879608303
Latency: 0.8507682951167226
Latency: 0.8493495208676904
Latency: 0.8467457788065076
Latency: 0.8342296849004924
Latency: 0.829929486149922
Latency: 0.8160807259846479
Latency: 0.8270929141435772
Latency: 0.8468369289766997
Latency: 0.8284970880486071
Latency: 0.838662679772824
Latency: 0.8271840901579708
Latency: 0.8460764510091394
Latency: 0.8414420550689101
Latency: 0.8462822821456939
Latency: 0.8394526480697095
Latency: 0.8382283230312169
Latency: 0.8484055490698665
Latency: 0.84070412395522
Latency: 0.841720033204183
Latency: 0.8436983858700842
Latency: 0.8613470250274986
Latency: 0.8500548989977688
Latency: 0.8569412708748132
Latency: 0.8370340841356665
Latency: 0.8351077591069043
Latency: 0.8380322030279785
Latency: 0.844522716011852
Latency: 0.835893461946398
Latency: 0.847058555809781
Latency: 0.840288621140644
Latency: 0.8483324309345335
Latency: 0.8458647869993001
Latency: 0.8395299690309912
Latency: 0.8506372619885951
