Latency: 0.2497955639846623
Latency: 0.24328367109410465
Latency: 0.2961824059020728
Latency: 0.2451475220732391
Latency: 0.23104309593327343
Latency: 0.2366819989401847
Latency: 0.2397934610489756
Latency: 0.2948289851192385
Latency: 0.2244516049977392
Latency: 0.22977349092252553
Latency: 0.3109247691463679
Latency: 0.2604389078915119
Latency: 0.305497317109257
Latency: 0.25246531097218394
Latency: 0.25957446405664086
Latency: 0.2531886848155409
Latency: 0.22081661806441844
Latency: 0.31713536381721497
Latency: 0.27419906482100487
Latency: 0.24122489197179675
Latency: 0.24973222194239497
Latency: 0.25114273908548057
Latency: 0.32786348299123347
Latency: 0.23581466893665493
Latency: 0.2562413630075753
Latency: 0.25976965692825615
Latency: 0.2551724319346249
Latency: 0.3020119259599596
Latency: 0.2460940619930625
Latency: 0.336080719018355
Latency: 0.24028581310994923
Latency: 0.27140699489973485
Latency: 0.2548008030280471
Latency: 0.26014678506180644
Latency: 0.31673594284802675
Latency: 0.2684581989888102
Latency: 0.22259842790663242
Latency: 0.24491198803298175
Latency: 0.2639444440137595
Latency: 0.30554848606698215
Latency: 0.2464448760729283
Latency: 0.3196304098237306
Latency: 0.24802180496044457
Latency: 0.2614724589511752
Latency: 0.32703058584593236
Latency: 0.25730865891091526
Latency: 0.31843707081861794
Latency: 0.26983172609470785
Latency: 0.2610839419066906
Latency: 0.2516893669962883
Latency: 0.24490637192502618
Latency: 0.332276051864028
Latency: 0.2533373381011188
Latency: 0.2655300269834697
Latency: 0.25084518105722964
Latency: 0.26201856997795403
Latency: 0.2975151180289686
Latency: 0.015058021992444992
Latency: 0.004474906018003821
Latency: 0.004154351074248552
Latency: 0.004627165151759982
Latency: 0.00519855204038322
Latency: 0.004027595976367593
Latency: 0.004566360032185912
Latency: 0.004115069983527064
Latency: 0.004086500033736229
Latency: 0.0068232540506869555
Latency: 0.004973855102434754
Latency: 0.004225016105920076
Latency: 0.0044257130939513445
Latency: 0.004184664925560355
Latency: 0.003977229120209813
Latency: 0.0044619019608944654
Latency: 0.0039033780340105295
Latency: 0.003855645889416337
Latency: 0.004125942941755056
Latency: 0.003794735064730048
Latency: 0.0038060490041971207
Latency: 0.004066145978868008
Latency: 0.0038280291482806206
Latency: 0.003797546960413456
Latency: 0.004070022841915488
Latency: 0.0037886411882936954
Latency: 0.003772745141759515
Latency: 0.004016312072053552
Latency: 0.0038016990292817354
Latency: 0.003759461920708418
Latency: 0.004019574960693717
Latency: 0.003914814908057451
Latency: 0.0037431928794831038
Latency: 0.0039986069314181805
Latency: 0.0037965148221701384
Latency: 0.006001569097861648
Latency: 0.004725332139059901
Latency: 0.004316766047850251
Latency: 0.0039037747774273157
Latency: 0.0041265839245170355
Latency: 0.0038248999044299126
Latency: 0.0037799328565597534
Latency: 0.004060635808855295
Latency: 0.0037970070261508226
Latency: 0.00379241188056767
Latency: 0.006890002870932221
Latency: 0.004262412898242474
Latency: 0.004017780069261789
Latency: 0.004160272190347314
Latency: 0.003883570898324251
Latency: 0.003783005988225341
Latency: 0.004031788092106581
Latency: 0.0038208691403269768
Latency: 0.003916349960491061
Latency: 0.004148827167227864
Latency: 0.004282953916117549
Latency: 0.004010789794847369
Latency: 0.004217295907437801
Latency: 0.004257427994161844
Latency: 0.005365671822801232
Latency: 0.004491372965276241
Latency: 0.004083974054083228
Latency: 0.004109187051653862
Latency: 0.004644567845389247
Latency: 0.007466113893315196
Latency: 0.010174941970035434
Latency: 0.005915305111557245
Latency: 0.005050353007391095
Latency: 0.005165020003914833
Latency: 0.0052029769867658615
Latency: 0.004657334880903363
Latency: 0.004576463019475341
Latency: 0.00494808703660965
Latency: 0.004669518209993839
Latency: 0.004611019976437092
Latency: 0.003956963075324893
Latency: 0.004044963978230953
Latency: 0.0038438797928392887
Latency: 0.004257041960954666
Latency: 0.004533709026873112
Latency: 0.0039061501156538725
Latency: 0.005298992153257132
Latency: 0.0038667768239974976
Latency: 0.0038357169833034277
Latency: 0.004104024963453412
Latency: 0.0038666841574013233
Latency: 0.003830868052318692
Latency: 0.004153527785092592
Latency: 0.003879148978739977
Latency: 0.003859015880152583
Latency: 0.004268337041139603
Latency: 0.003966951975598931
Latency: 0.004021193133667111
Latency: 0.004347973968833685
Latency: 0.003893542103469372
Latency: 0.004102059872820973
Latency: 0.004266354022547603
Latency: 0.0038832658901810646
Latency: 0.003873770125210285
Latency: 0.004160360898822546
Latency: 0.0038266009651124477
Latency: 0.0038144029676914215
Latency: 0.0041788979433476925
Latency: 0.003857075935229659
Latency: 0.003813758958131075
Latency: 0.0041466879192739725
Latency: 0.0038528069853782654
Latency: 0.003834374016150832
Latency: 0.00422082282602787
Latency: 0.003859137184917927
Latency: 0.003850532928481698
Latency: 0.004327561939135194
Latency: 0.0038586868904531
Latency: 0.0038460860960185528
Latency: 0.004147771978750825
Latency: 0.0038233811501413584
Latency: 0.0037951080594211817
Latency: 0.004990726010873914
Latency: 0.0038662771694362164
Latency: 0.003819630015641451
Latency: 0.00410906202159822
Latency: 0.003848941996693611
Latency: 0.003801103914156556
Latency: 0.004135398892685771
Latency: 0.0038706259801983833
Latency: 0.00381857599131763
Latency: 0.004138508811593056
Latency: 0.003965939860790968
Latency: 0.00381762208417058
Latency: 0.004130468005314469
Latency: 0.003875081893056631
Latency: 0.003818859811872244
Latency: 0.0041166371665894985
Latency: 0.003835855983197689
Latency: 0.003811358008533716
Latency: 0.004146935883909464
Latency: 0.003858105046674609
Latency: 0.003808306995779276
Latency: 0.004136485978960991
Latency: 0.0038540721870958805
Latency: 0.003819204866886139
Latency: 0.004128701984882355
Latency: 0.0038510169833898544
Latency: 0.003940657014027238
Latency: 0.004134022863581777
Latency: 0.003846114967018366
Latency: 0.003819934092462063
Latency: 0.0041197799146175385
Latency: 0.003873164067044854
Latency: 0.0038503198884427547
Latency: 0.004113176139071584
Latency: 0.003840517019852996
Latency: 0.003818729892373085
Latency: 0.0047631601337343454
Latency: 0.0038424700032919645
Latency: 0.0038081977982074022
Latency: 0.004105577943846583
Latency: 0.0038326650392264128
Latency: 0.0038172060158103704
Latency: 0.004231775179505348
Latency: 0.003846242092549801
Latency: 0.003783669089898467
Latency: 0.004121699137613177
Latency: 0.003836709074676037
Latency: 0.003808257170021534
Latency: 0.0041024768725037575
Latency: 0.003836260875687003
Latency: 0.0038150979671627283
Latency: 0.004107038024812937
Latency: 0.0038264840841293335
Latency: 0.0038099701050668955
Latency: 0.004113186849281192
Latency: 0.003836008021607995
Latency: 0.003801046870648861
Latency: 0.004124169936403632
Latency: 0.004001443041488528
Latency: 0.003829797962680459
Latency: 0.004119049990549684
Latency: 0.0038557781372219324
Latency: 0.0037890940438956022
Latency: 0.004125823033973575
Latency: 0.003857836127281189
Latency: 0.0038150239270180464
Latency: 0.004134545102715492
Latency: 0.003828774904832244
Latency: 0.0038515180349349976
Latency: 0.004199792863801122
Latency: 0.0038420790806412697
Latency: 0.0038229329511523247
Latency: 0.004772492917254567
Latency: 0.003860606113448739
Latency: 0.0039536620024591684
Latency: 0.004092284012585878
Latency: 0.0038426979444921017
Latency: 0.0038077288772910833
Latency: 0.0041330920066684484
Latency: 0.0038551681209355593
Latency: 0.0038368639070540667
Latency: 0.004103921120986342
Latency: 0.0038291269447654486
Latency: 0.0037989288102835417
Latency: 0.004148948006331921
Latency: 0.003832370974123478
Latency: 0.0038259897846728563
Latency: 0.004112983122467995
Latency: 0.0038247450720518827
Latency: 0.003806056221947074
Latency: 0.004303822992369533
Latency: 0.0038209808990359306
Latency: 0.003844314021989703
Latency: 0.004116295138373971
Latency: 0.0038401298224925995
Latency: 0.0037805880419909954
Latency: 0.004132575122639537
Latency: 0.003857809817418456
Latency: 0.003817083081230521
Latency: 0.004133577924221754
Latency: 0.0038418190088123083
Latency: 0.0038185089360922575
Latency: 0.004143294179812074
Latency: 0.003872897010296583
Latency: 0.0038389351684600115
Latency: 0.004098448203876615
Latency: 0.003988882061094046
Latency: 0.00381229305639863
Latency: 0.004766714992001653
Latency: 0.0038167748134583235
Latency: 0.0038146618753671646
Latency: 0.004092399962246418
Latency: 0.0038352538831532
Latency: 0.003784752916544676
Latency: 0.004105300875380635
Latency: 0.0038315998390316963
Latency: 0.003790974849835038
Latency: 0.004112079972401261
Latency: 0.003866195911541581
Latency: 0.0038158309180289507
Latency: 0.00410174997523427
Latency: 0.0038413770962506533
Latency: 0.003943810937926173
Latency: 0.0041151579935103655
Latency: 0.003862819168716669
Latency: 0.003810797119513154
Latency: 0.004390903981402516
Latency: 0.0038697251584380865
Latency: 0.0038257138803601265
Latency: 0.004172052955254912
Latency: 0.0038370159454643726
Latency: 0.0037935979198664427
Latency: 0.004163381876423955
Latency: 0.004034309880807996
Latency: 0.003847432089969516
Latency: 0.004160122014582157
Latency: 0.0038739789742976427
Latency: 0.0038556340150535107
Latency: 0.00432062498293817
Latency: 0.003856220981106162
Latency: 0.0038198709953576326
Latency: 0.004188907099887729
Latency: 0.0038669819477945566
Latency: 0.003825046122074127
Latency: 0.0048621229361742735
Latency: 0.0038227890618145466
Latency: 0.0038145531434565783
Latency: 0.004043858032673597
Latency: 0.0037520930636674166
Latency: 0.003737787948921323
Latency: 0.00402143900282681
Latency: 0.003766292007640004
Latency: 0.0037392538506537676
Latency: 0.004042540909722447
Latency: 0.0038798979949206114
Latency: 0.0037288570310920477
Latency: 0.00403234688565135
Latency: 0.003825840074568987
Latency: 0.0037464441265910864
Latency: 0.004028663970530033
Latency: 0.003775813151150942
Latency: 0.0037505750078707933
Latency: 0.004048291826620698
Latency: 0.003765603993088007
Latency: 0.0037382510490715504
Latency: 0.004039316903799772
Latency: 0.0037684969138354063
Latency: 0.0037236888892948627
Latency: 0.004035488935187459
Latency: 0.003779900958761573
Latency: 0.0038844000082463026
Latency: 0.00422447407618165
Latency: 0.003803362138569355
Latency: 0.003745674854144454
Latency: 0.004096832126379013
Latency: 0.003856227034702897
Latency: 0.0037491971161216497
Latency: 0.0040795321110636
Latency: 0.003809781977906823
Latency: 0.003750019008293748
Latency: 0.004930597031489015
Latency: 0.003777934005483985
Latency: 0.0037410249933600426
Latency: 0.00404057907871902
Latency: 0.0037515070289373398
Latency: 0.003712235949933529
Latency: 0.0041474520694464445
Latency: 0.003754679812118411
Latency: 0.003741305088624358
Latency: 0.004039981169626117
Latency: 0.0038033879827708006
Latency: 0.0037456729914993048
Latency: 0.004055685829371214
Latency: 0.003763775108382106
Latency: 0.003748802002519369
Latency: 0.0040534918662160635
Latency: 0.003759699175134301
Latency: 0.0037316118832677603
Latency: 0.004025512142106891
Latency: 0.003770492970943451
Latency: 0.0037438608705997467
Latency: 0.004068410024046898
Latency: 0.003913720138370991
Latency: 0.0037649290170520544
Latency: 0.004049943061545491
Latency: 0.0037754778750240803
Latency: 0.0037435879930853844
Latency: 0.0040433930698782206
Latency: 0.0037656009662896395
Latency: 0.0037471309769898653
Latency: 0.0040536250453442335
Latency: 0.003760647028684616
Latency: 0.00373424612917006
Latency: 0.004061457933858037
Latency: 0.003778494894504547
Latency: 0.003755121026188135
Latency: 0.00474388082511723
Latency: 0.0037559049669653177
Latency: 0.0038626750465482473
Latency: 0.004038617014884949
Latency: 0.003781175008043647
Latency: 0.0037254379130899906
Latency: 0.004046315094456077
Latency: 0.0037522409111261368
Latency: 0.0037434289697557688
Latency: 0.00403699791058898
Latency: 0.0037639529909938574
Latency: 0.0037390340585261583
Latency: 0.0040304691065102816
Latency: 0.0037779309786856174
Latency: 0.0037420750595629215
Latency: 0.004039861029013991
Latency: 0.0037566199898719788
Latency: 0.003735360922291875
Latency: 0.004172977060079575
Latency: 0.0037619760259985924
Latency: 0.0037301599513739347
Latency: 0.004046940943226218
Latency: 0.003766806097701192
Latency: 0.003725633956491947
Latency: 0.004015305079519749
Latency: 0.0037674750201404095
Latency: 0.003752663964405656
Latency: 0.00403049006126821
Latency: 0.0037460611201822758
Latency: 0.003739330917596817
Latency: 0.004044982139021158
Latency: 0.0037891899701207876
Latency: 0.0037382578011602163
Latency: 0.004049830138683319
Latency: 0.003892144886776805
Latency: 0.003733190940693021
Latency: 0.004650234943255782
Latency: 0.00392110412940383
Latency: 0.0037440110463649035
Latency: 0.0040431038942188025
Latency: 0.00375682907178998
Latency: 0.0037482830230146646
Latency: 0.004023208981379867
Latency: 0.003759584855288267
Latency: 0.0037185850087553263
Latency: 0.004033569945022464
Latency: 0.00377085292711854
Latency: 0.0037200930528342724
Latency: 0.0040363899897783995
Latency: 0.0037596451584249735
Latency: 0.003880362957715988
Latency: 0.00402426696382463
Latency: 0.003783030202612281
Latency: 0.003739437088370323
Latency: 0.004046126967296004
Latency: 0.0037883578334003687
Latency: 0.0037507719825953245
Latency: 0.004034087061882019
Latency: 0.0037739260587841272
Latency: 0.0037418410647660494
Latency: 0.004020009888336062
Latency: 0.003756484016776085
Latency: 0.0037412031088024378
Latency: 0.0040560089983046055
Latency: 0.0037772601936012506
Latency: 0.0037224788684397936
Latency: 0.004175513982772827
Latency: 0.00377334700897336
Latency: 0.003739152103662491
Latency: 0.004053206881508231
Latency: 0.003782514948397875
Latency: 0.0037482059560716152
Latency: 0.0046676890924572945
Latency: 0.0037667208816856146
Latency: 0.0037393299862742424
Latency: 0.004012288060039282
Latency: 0.003751794109120965
Latency: 0.0037236427888274193
Latency: 0.004031457006931305
Latency: 0.003748968942090869
Latency: 0.0037369090132415295
Latency: 0.004027766175568104
Latency: 0.0038786439690738916
Latency: 0.0037193570751696825
Latency: 0.004023526096716523
Latency: 0.0037526548840105534
Latency: 0.0037418249994516373
Latency: 0.004021761938929558
Latency: 0.003758545033633709
Latency: 0.003730348078534007
Latency: 0.004045193083584309
Latency: 0.0037485971115529537
Latency: 0.0037197310011833906
Latency: 0.004059124970808625
Latency: 0.003758343867957592
Latency: 0.0037450389936566353
Latency: 0.004042909014970064
Latency: 0.003771680174395442
Latency: 0.003875969210639596
Latency: 0.004046851070597768
Latency: 0.0037650237791240215
Latency: 0.0037311320193111897
Latency: 0.0040405490435659885
Latency: 0.0037680980749428272
Latency: 0.0037460688035935163
Latency: 0.004048860166221857
Latency: 0.003757831873372197
Latency: 0.003740290179848671
Latency: 0.004684615880250931
Latency: 0.0037654500920325518
Latency: 0.003750557079911232
Latency: 0.0040226830169558525
Latency: 0.0037518651224672794
Latency: 0.004678211873397231
Latency: 0.004286737181246281
Latency: 0.0037883019540458918
Latency: 0.003742277156561613
Latency: 0.00416005402803421
Latency: 0.0038905811961740255
Latency: 0.0038335821591317654
Latency: 0.004145781043916941
Latency: 0.003768789116293192
Latency: 0.0037525261286646128
Latency: 0.004077906021848321
Latency: 0.0037844169419258833
Latency: 0.0037600239738821983
Latency: 0.004133054055273533
Latency: 0.003805069951340556
Latency: 0.003764350898563862
Latency: 0.004074902040883899
Latency: 0.0038879509083926678
Latency: 0.0037546639796346426
Latency: 0.004102182108908892
Latency: 0.0037633429747074842
Latency: 0.003739709034562111
Latency: 0.004057480953633785
Latency: 0.0037724170833826065
Latency: 0.003733792109414935
Latency: 0.004063640022650361
Latency: 0.003763929009437561
Latency: 0.0037253571208566427
Latency: 0.004064244916662574
Latency: 0.0037644219119101763
Latency: 0.0037522141356021166
Latency: 0.0047266739420592785
Latency: 0.00376405892893672
Latency: 0.0038356948643922806
Latency: 0.004023092100396752
Latency: 0.0037736031226813793
Latency: 0.003734892001375556
Latency: 0.00404357397928834
Latency: 0.0037505580112338066
Latency: 0.0037563981022685766
Latency: 0.004036137834191322
Latency: 0.003791936207562685
Latency: 0.0037423509638756514
Latency: 0.004036172991618514
Latency: 0.003751239040866494
Latency: 0.0037269131280481815
Latency: 0.004032200900837779
Latency: 0.003743787994608283
Latency: 0.003741005901247263
Latency: 0.0041722499299794436
Latency: 0.0037816090043634176
Latency: 0.0037272810004651546
Latency: 0.0040378267876803875
Latency: 0.0037587028928101063
Latency: 0.0037353551015257835
Latency: 0.004010485950857401
Latency: 0.0037672920152544975
Latency: 0.00374924810603261
Latency: 0.004036717815324664
Latency: 0.003756613004952669
Latency: 0.003733595134690404
Latency: 0.00404968298971653
Latency: 0.0037546679377555847
Latency: 0.0037700438406318426
Latency: 0.004032680997624993
Latency: 0.003925908822566271
Latency: 0.0037529910914599895
Latency: 0.004605816211551428
Latency: 0.003730163909494877
Latency: 0.0037266481667757034
Latency: 0.003981467802077532
Latency: 0.0037678240332752466
Latency: 0.0037239359226077795
Latency: 0.003990729805082083
Latency: 0.0039563949685543776
Latency: 0.00376000814139843
Latency: 0.003846650943160057
Latency: 0.0037414960097521544
Latency: 0.00372552708722651
Latency: 0.003859062911942601
Latency: 0.00379739492200315
Latency: 0.0038898310158401728
Latency: 0.0038607469759881496
Latency: 0.0037563040386885405
Latency: 0.003778815967962146
Latency: 0.004067965084686875
Latency: 0.0037451721727848053
Latency: 0.003737544873729348
Latency: 0.004057983169332147
Latency: 0.003758067963644862
Latency: 0.003727235132828355
Latency: 0.004090477013960481
Latency: 0.00377630814909935
Latency: 0.003751033917069435
Latency: 0.004052526084706187
Latency: 0.0037429709918797016
Latency: 0.0037568339612334967
Latency: 0.004176697926595807
Latency: 0.0037358258850872517
Latency: 0.0037507591769099236
Latency: 0.004068240988999605
Latency: 0.0037389828357845545
Latency: 0.003732583951205015
Latency: 0.0038677218835800886
Latency: 0.0037458750884979963
Latency: 0.0040159758646041155
Latency: 0.0037492180708795786
Latency: 0.003732109908014536
Latency: 0.004017489962279797
Latency: 0.003753902157768607
Latency: 0.003732210025191307
Latency: 0.004025839967653155
Latency: 0.003785578068345785
Latency: 0.003873489797115326
Latency: 0.004030330805107951
Latency: 0.003763999091461301
Latency: 0.0037398647982627153
Latency: 0.004042651038616896
Latency: 0.0037500441540032625
Latency: 0.0037117628380656242
Latency: 0.004026815993711352
Latency: 0.003777549136430025
Latency: 0.003738424042239785
Latency: 0.004043658031150699
Latency: 0.0037524839863181114
Latency: 0.003723043017089367
Latency: 0.0040343019645661116
Latency: 0.003769759787246585
Latency: 0.0037324039731174707
Latency: 0.004168165847659111
Latency: 0.0037725979927927256
Latency: 0.003730006981641054
Latency: 0.004043856170028448
Latency: 0.0037475249264389277
Latency: 0.003714798018336296
Latency: 0.004067476838827133
Latency: 0.00377616286277771
Latency: 0.0037433700636029243
Latency: 0.004597770050168037
Latency: 0.003748849965631962
Latency: 0.003722440917044878
Latency: 0.003950383048504591
Latency: 0.003753413911908865
Latency: 0.0037402610760182142
Latency: 0.003973538987338543
Latency: 0.0038746909704059362
Latency: 0.00372113985940814
Latency: 0.003971330123022199
Latency: 0.0037558209151029587
Latency: 0.0037317329552024603
Latency: 0.004019515123218298
Latency: 0.003787179011851549
Latency: 0.0037366938777267933
Latency: 0.003977616084739566
Latency: 0.003745259018614888
Latency: 0.003716039005666971
Latency: 0.0040131742134690285
Latency: 0.0037710750475525856
Latency: 0.003728698007762432
Latency: 0.003997304942458868
Latency: 0.0037633441388607025
Latency: 0.0038844728842377663
Latency: 0.004007040057331324
Latency: 0.0037501859478652477
Latency: 0.0037296749651432037
Latency: 0.003985401010140777
Latency: 0.003772648051381111
Latency: 0.003739460138604045
Latency: 0.004001109162345529
Latency: 0.0037439519073814154
Latency: 0.003726488910615444
Latency: 0.00398998917080462
Latency: 0.0037694498896598816
Latency: 0.0037531231064349413
Latency: 0.004516553832218051
Latency: 0.003742682049050927
Latency: 0.0037354170344769955
Latency: 0.059325780952349305
Latency: 0.00414844905026257
Latency: 0.003882175777107477
Latency: 0.003984549082815647
Latency: 0.0037663099355995655
Latency: 0.0037424261681735516
Latency: 0.004025318892672658
Latency: 0.003704058937728405
Latency: 0.003725999966263771
Latency: 0.003850520821288228
Latency: 0.003714371006935835
Latency: 0.003990595927461982
Latency: 0.0037121190689504147
Latency: 0.0037152678705751896
Latency: 0.003804869018495083
Latency: 0.0037024940829724073
Latency: 0.0041317089926451445
Latency: 0.003735566046088934
Latency: 0.003723718924447894
Latency: 0.003857698990032077
Latency: 0.0037246381398290396
Latency: 0.004010087810456753
Latency: 0.0037088480312377214
Latency: 0.0037253950722515583
Latency: 0.003869706066325307
Latency: 0.003730297088623047
Latency: 0.00398847390897572
Latency: 0.0037251890171319246
Latency: 0.0037464830093085766
Latency: 0.0038475780747830868
Latency: 0.003703359980136156
Latency: 0.0039710241835564375
Latency: 0.0038826121017336845
Latency: 0.003713214071467519
Latency: 0.004002463072538376
Latency: 0.003741741878911853
Latency: 0.003703658003360033
Latency: 0.004013360012322664
Latency: 0.003743282984942198
Latency: 0.0037286740262061357
Latency: 0.004004312912002206
Latency: 0.0037647869903594255
Latency: 0.0037234800402075052
Latency: 0.004021149128675461
Latency: 0.00375801301561296
Latency: 0.0037531231064349413
Latency: 0.003992851125076413
Latency: 0.003951156046241522
Latency: 0.0038821359630674124
Latency: 0.0039960339199751616
Latency: 0.0037902879994362593
Latency: 0.0037037860602140427
Latency: 0.003989720018580556
Latency: 0.0037544129882007837
Latency: 0.003714201971888542
Latency: 0.003996005980297923
Latency: 0.003758437931537628
Latency: 0.0037149449344724417
Latency: 0.004044236848130822
Latency: 0.00376762798987329
Latency: 0.003728566924110055
Latency: 0.0040305310394614935
Latency: 0.0037470629904419184
Latency: 0.0037404680624604225
Latency: 0.004553656093776226
Latency: 0.0037373891100287437
Latency: 0.0037192958407104015
Latency: 0.003959462977945805
Latency: 0.0037363150622695684
Latency: 0.003729328978806734
Latency: 0.003969419049099088
Latency: 0.0037266709841787815
Latency: 0.0037221519742161036
Latency: 0.003983519040048122
Latency: 0.0037608779966831207
Latency: 0.0037282889243215322
Latency: 0.003967833938077092
Latency: 0.0037806411273777485
Latency: 0.0037327290046960115
Latency: 0.00397237204015255
Latency: 0.0039049400947988033
Latency: 0.003739737905561924
Latency: 0.003976734820753336
Latency: 0.003747746115550399
Latency: 0.003718427149578929
Latency: 0.004001806955784559
Latency: 0.003753477009013295
Latency: 0.0037127791438251734
Latency: 0.003958645975217223
Latency: 0.003755975980311632
Latency: 0.003740520216524601
Latency: 0.0039668940007686615
Latency: 0.0037531789857894182
Latency: 0.0037315189838409424
Latency: 0.003970635123550892
Latency: 0.0037541768979281187
Latency: 0.0038786830846220255
Latency: 0.003969538025557995
Latency: 0.0037619778886437416
Latency: 0.0037266421131789684
Latency: 0.00438477098941803
Latency: 0.0037135041784495115
Latency: 0.0037200411316007376
Latency: 0.004041854990646243
Latency: 0.0037410471122711897
Latency: 0.003753084922209382
Latency: 0.004009651020169258
Latency: 0.003726994851604104
Latency: 0.0037283559795469046
Latency: 0.004018997075036168
Latency: 0.003742183092981577
Latency: 0.003762664971873164
Latency: 0.004215270048007369
Latency: 0.0037408669013530016
Latency: 0.0037255319766700268
Latency: 0.004041117150336504
Latency: 0.0037772580981254578
Latency: 0.003740029875189066
Latency: 0.0040116270538419485
Latency: 0.0037703230045735836
Latency: 0.003782897023484111
Latency: 0.004016177961602807
Latency: 0.003767525078728795
Latency: 0.003756218124181032
Latency: 0.0040410959627479315
Latency: 0.0037204320542514324
Latency: 0.003733573015779257
Latency: 0.004032535944133997
Latency: 0.0038765568751841784
Latency: 0.003729604883119464
Latency: 0.004026028793305159
Latency: 0.003716690931469202
Latency: 0.003723538015037775
Latency: 0.004002371104434133
Latency: 0.003722319146618247
Latency: 0.0037252989131957293
Latency: 0.0038596419617533684
Latency: 0.003732881974428892
Latency: 0.004024374997243285
Latency: 0.0037268500309437513
Latency: 0.003720914013683796
Latency: 0.004010832868516445
Latency: 0.003732427954673767
Latency: 0.0037415381520986557
Latency: 0.004143733065575361
Latency: 0.0037713770288974047
Latency: 0.003722839057445526
Latency: 0.003983855014666915
Latency: 0.003753656055778265
Latency: 0.0037180569488555193
Latency: 0.004000288899987936
Latency: 0.0037611520383507013
Latency: 0.0037240409292280674
Latency: 0.004003869136795402
Latency: 0.0037320181727409363
Latency: 0.0037252670153975487
Latency: 0.004012854071334004
Latency: 0.0037474040873348713
Latency: 0.0037336840759962797
Latency: 0.003998650936409831
Latency: 0.0038877190090715885
Latency: 0.003708002856001258
Latency: 0.003999158972874284
Latency: 0.003746930044144392
Latency: 0.0037153158336877823
Latency: 0.004032578086480498
Latency: 0.003746303031221032
Latency: 0.003726365976035595
Latency: 0.0040219498332589865
Latency: 0.0037344968877732754
Latency: 0.003716179868206382
Latency: 0.004244406940415502
Latency: 0.003752067219465971
Latency: 0.0037122140638530254
Latency: 0.003865887178108096
Latency: 0.0037039441522210836
Latency: 0.0038421968929469585
Latency: 0.004004249116405845
Latency: 0.0037074850406497717
Latency: 0.0037059250753372908
Latency: 0.00400675879791379
Latency: 0.00371928489767015
Latency: 0.0037204530090093613
Latency: 0.004023420158773661
Latency: 0.0037149449344724417
Latency: 0.00370864593423903
Latency: 0.004013306926935911
Latency: 0.003712970996275544
Latency: 0.0037175219040364027
Latency: 0.004051515832543373
Latency: 0.0037452508695423603
Latency: 0.0037229929585009813
Latency: 0.004146716091781855
Latency: 0.003745076945051551
Latency: 0.003754617879167199
Latency: 0.0040320230182260275
Latency: 0.003742458065971732
Latency: 0.0037238129880279303
Latency: 0.004008961841464043
Latency: 0.003724066074937582
Latency: 0.0037003271281719208
Latency: 0.004001538967713714
Latency: 0.003732884069904685
Latency: 0.003723348956555128
Latency: 0.004026719136163592
Latency: 0.0037449588999152184
Latency: 0.0037326219025999308
Latency: 0.0038383479695767164
Latency: 0.0038353188429027796
Latency: 0.004018200095742941
Latency: 0.0037230178713798523
Latency: 0.0037053830455988646
Latency: 0.003981221001595259
Latency: 0.003743859939277172
Latency: 0.0037348379846662283
Latency: 0.0040097779128700495
Latency: 0.003748210147023201
Latency: 0.003709979820996523
Latency: 0.004003969952464104
Latency: 0.0037349360063672066
Latency: 0.00371220288798213
Latency: 0.004015499027445912
Latency: 0.0037398531567305326
Latency: 0.0037337560206651688
Latency: 0.004163325997069478
Latency: 0.0037295129150152206
Latency: 0.003731862874701619
Latency: 0.004022556124255061
Latency: 0.0037901559844613075
Latency: 0.0037163859233260155
Latency: 0.004010701086372137
Latency: 0.003846201114356518
Latency: 0.003795888042077422
Latency: 0.004021862056106329
Latency: 0.003738724160939455
Latency: 0.0037134080193936825
Latency: 0.004025246016681194
Latency: 0.0037611431907862425
Latency: 0.0037392019294202328
Latency: 0.0040087460074573755
Latency: 0.003877924056723714
Latency: 0.0037357129622250795
Latency: 0.0042799171060323715
Latency: 0.0037358729168772697
Latency: 0.003705727169290185
Latency: 0.0038225739262998104
Latency: 0.0037378708366304636
Latency: 0.0037070808466523886
Latency: 0.003968545002862811
Latency: 0.00373802799731493
Latency: 0.0037116960156708956
Latency: 0.003986760973930359
Latency: 0.0036934390664100647
Latency: 0.0037246891297399998
Latency: 0.004007923882454634
Latency: 0.0037224949337542057
Latency: 0.003843706101179123
Latency: 0.004016580991446972
Latency: 0.003729325020685792
Latency: 0.003707587020471692
Latency: 0.004021218977868557
Latency: 0.003741926047950983
Latency: 0.003739817999303341
Latency: 0.004007942043244839
Latency: 0.0037429328076541424
Latency: 0.003723280970007181
Latency: 0.004011703887954354
Latency: 0.003953144885599613
Latency: 0.003758006962016225
Latency: 0.004002206027507782
Latency: 0.003706557909026742
Latency: 0.003721588058397174
Latency: 0.00415491103194654
Latency: 0.0037134080193936825
Latency: 0.003727284027263522
Latency: 0.004013562109321356
Latency: 0.0037491540424525738
Latency: 0.00373157300055027
Latency: 0.0038590009789913893
Latency: 0.0037072328850626945
Latency: 0.003994330996647477
Latency: 0.0037219510413706303
Latency: 0.0037183850072324276
Latency: 0.003991706995293498
Latency: 0.003754890989512205
Latency: 0.003722360823303461
Latency: 0.004010454984381795
Latency: 0.003748625051230192
Latency: 0.0038638131227344275
Latency: 0.003997974097728729
Latency: 0.0037342628929764032
Latency: 0.003704061033204198
Latency: 0.00399394310079515
Latency: 0.0037468040827661753
Latency: 0.0037312740460038185
Latency: 0.003995361039415002
Latency: 0.003737922990694642
Latency: 0.0037266418803483248
Latency: 0.0039956069085747
Latency: 0.0037521019112318754
Latency: 0.003717568935826421
Latency: 0.004007409093901515
Latency: 0.0037586449179798365
Latency: 0.00370915699750185
Latency: 0.004162046127021313
Latency: 0.003738578874617815
Latency: 0.003699410008266568
Latency: 0.00401028897613287
Latency: 0.0037310458719730377
Latency: 0.003712683916091919
Latency: 0.004012587014585733
Latency: 0.0037495458964258432
Latency: 0.003725642804056406
Latency: 0.004237364046275616
Latency: 0.0037310239858925343
Latency: 0.0037280600517988205
Latency: 0.0038471471052616835
Latency: 0.0038071710150688887
Latency: 0.003776427125558257
Latency: 0.004008408868685365
Latency: 0.0038875630125403404
Latency: 0.0037408170755952597
Latency: 0.00400311010889709
Latency: 0.0037245959974825382
Latency: 0.003724384121596813
Latency: 0.004030579002574086
Latency: 0.003740440122783184
Latency: 0.0037450739182531834
Latency: 0.004019236192107201
Latency: 0.0037260381504893303
Latency: 0.0037516190204769373
Latency: 0.004065010929480195
Latency: 0.0037504821084439754
Latency: 0.003740553976967931
Latency: 0.0040021720342338085
Latency: 0.0037325939629226923
Latency: 0.0038714539259672165
Latency: 0.0040768468752503395
Latency: 0.0037267429288476706
Latency: 0.0037551100831478834
Latency: 0.004048953065648675
Latency: 0.0037528739776462317
Latency: 0.003739694133400917
Latency: 0.004042712040245533
Latency: 0.003725720103830099
Latency: 0.0037410471122711897
Latency: 0.004032006952911615
Latency: 0.0037442271132022142
Latency: 0.0037399199791252613
Latency: 0.0038586941082030535
Latency: 0.00373078603297472
Latency: 0.003997397841885686
Latency: 0.003890177933499217
Latency: 0.0037161619402468204
Latency: 0.003998554078862071
Latency: 0.0037284069694578648
Latency: 0.0037016149144619703
Latency: 0.004013861063867807
Latency: 0.0037388319615274668
Latency: 0.0037331790663301945
Latency: 0.00401119003072381
Latency: 0.003751348005607724
Latency: 0.003712447825819254
Latency: 0.004017469938844442
Latency: 0.003751968964934349
Latency: 0.0037295480724424124
Latency: 0.003996637184172869
Latency: 0.003743496024981141
Latency: 0.0038352380506694317
Latency: 0.004016321152448654
Latency: 0.0037466688081622124
Latency: 0.003702108981087804
Latency: 0.004014950944110751
Latency: 0.003760542953386903
Latency: 0.0037361839786171913
Latency: 0.004032718949019909
Latency: 0.0037479738239198923
Latency: 0.003724997863173485
Latency: 0.004022232023999095
Latency: 0.0037480629980564117
Latency: 0.003736063838005066
Latency: 0.004035101970657706
Latency: 0.003751954063773155
Latency: 0.0037349211052060127
Latency: 0.004378713900223374
Latency: 0.003745754947885871
Latency: 0.0037200020160526037
Latency: 0.003815306117758155
Latency: 0.0037371281068772078
Latency: 0.0037164639215916395
Latency: 0.004008347867056727
Latency: 0.0037403148598968983
Latency: 0.0037030410021543503
Latency: 0.004011949989944696
Latency: 0.0037166120018810034
Latency: 0.0037123810034245253
Latency: 0.004030392970889807
Latency: 0.0037093949504196644
Latency: 0.00370345008559525
Latency: 0.004010841948911548
Latency: 0.0038613469805568457
Latency: 0.003744859015569091
Latency: 0.004033832810819149
Latency: 0.0037339620757848024
Latency: 0.0037084089126437902
Latency: 0.004026611102744937
Latency: 0.0037320908159017563
Latency: 0.0037452520336955786
Latency: 0.004016855964437127
Latency: 0.0037309909239411354
Latency: 0.0037272998597472906
Latency: 0.004035396967083216
Latency: 0.003737315069884062
Latency: 0.0037719300016760826
Latency: 0.004058969905599952
Latency: 0.00372926308773458
Latency: 0.003872751025483012
Latency: 0.004008081974461675
Latency: 0.0037259520031511784
Latency: 0.0037395579274743795
Latency: 0.0038642501458525658
Latency: 0.0037118420004844666
Latency: 0.003978965105488896
Latency: 0.003734382102265954
Latency: 0.0037060051690787077
Latency: 0.004019113024696708
Latency: 0.0037663071416318417
Latency: 0.0037350449711084366
Latency: 0.004027188057079911
Latency: 0.0037425290793180466
Latency: 0.00372868194244802
Latency: 0.004021341912448406
Latency: 0.0038656729739159346
Latency: 0.0037232981994748116
Latency: 0.004005052847787738
Latency: 0.003738790052011609
Latency: 0.003724859096109867
Latency: 0.0040096440352499485
Latency: 0.0037499789614230394
Latency: 0.003703265218064189
Latency: 0.0040083690546453
Latency: 0.003754905192181468
Latency: 0.0037225738633424044
Latency: 0.004007121082395315
Latency: 0.003746157046407461
Latency: 0.003703602822497487
Latency: 0.004001610912382603
Latency: 0.0037667599972337484
Latency: 0.003873199922963977
Latency: 0.004011131823062897
Latency: 0.004286997951567173
Latency: 0.003736607963219285
Latency: 0.00403230101801455
Latency: 0.003743461100384593
Latency: 0.003715735860168934
Latency: 0.004261762136593461
Latency: 0.0037414601538330317
Latency: 0.0037164720706641674
Latency: 0.0037990889977663755
Latency: 0.0037408259231597185
Latency: 0.00372232380323112
Latency: 0.003990502096712589
Latency: 0.0037576560862362385
Latency: 0.003708676900714636
Latency: 0.004155157133936882
Latency: 0.0037456401623785496
Latency: 0.0037291860207915306
Latency: 0.003988191019743681
Latency: 0.0037314039655029774
Latency: 0.003718524007126689
Latency: 0.004059103084728122
Latency: 0.00374283897690475
Latency: 0.0037127239629626274
Latency: 0.004028889816254377
Latency: 0.003712837118655443
Latency: 0.0036956029944121838
Latency: 0.0040334530640393496
Latency: 0.0037311739288270473
Latency: 0.003723450005054474
Latency: 0.004021862987428904
Latency: 0.003876653965562582
Latency: 0.003727411152794957
Latency: 0.0040095949079841375
Latency: 0.0037408520001918077
Latency: 0.0037366829346865416
Latency: 0.004044501110911369
Latency: 0.003725769929587841
Latency: 0.003933626925572753
Latency: 0.0040785460732877254
Latency: 0.003755978075787425
Latency: 0.003743031993508339
Latency: 0.003838264150545001
Latency: 0.0037359348498284817
Latency: 0.0039988860953599215
Latency: 0.0037349502090364695
Latency: 0.0037065930664539337
Latency: 0.004151792963966727
Latency: 0.0037536309100687504
Latency: 0.0037201049271970987
Latency: 0.004021457163617015
Latency: 0.003732905024662614
Latency: 0.003705522045493126
Latency: 0.004022269044071436
Latency: 0.0037645690608769655
Latency: 0.003731570905074477
Latency: 0.004010426113381982
Latency: 0.0037369371857494116
Latency: 0.0037423039320856333
Latency: 0.0040273398626595736
Latency: 0.003752113087102771
Latency: 0.0037260549142956734
Latency: 0.004001760156825185
Latency: 0.0038881029468029737
Latency: 0.0037245750427246094
Latency: 0.00402633217163384
Latency: 0.0037789589259773493
Latency: 0.0037458359729498625
Latency: 0.004031370161101222
Latency: 0.0037437891587615013
Latency: 0.00372763117775321
Latency: 0.00970054604113102
Latency: 0.0038546212017536163
Latency: 0.0037232600152492523
Latency: 0.00402711913920939
Latency: 0.0037441691383719444
Latency: 0.0037124778609722853
Latency: 0.0042447170708328485
Latency: 0.0037476380821317434
Latency: 0.0038603809662163258
Latency: 0.0038148658350110054
Latency: 0.0037349420599639416
Latency: 0.003711709985509515
Latency: 0.004018160980194807
Latency: 0.003755049081519246
Latency: 0.0037278439849615097
Latency: 0.004058791091665626
Latency: 0.0037108189426362514
Latency: 0.0037115789018571377
Latency: 0.004018559819087386
Latency: 0.0037357457913458347
Latency: 0.0037349839694797993
Latency: 0.004055615980178118
Latency: 0.0037451409734785557
Latency: 0.0037266029976308346
Latency: 0.004135717172175646
Latency: 0.003734791185706854
Latency: 0.003742078086361289
Latency: 0.004036777187138796
Latency: 0.003720385953783989
Latency: 0.0037569960113614798
Latency: 0.004042014945298433
Latency: 0.0037944598589092493
Latency: 0.0037532709538936615
Latency: 0.004091256996616721
Latency: 0.003735749050974846
Latency: 0.003714430844411254
Latency: 0.004030480980873108
Latency: 0.0037331078201532364
Latency: 0.0037273659836500883
Latency: 0.00405106320977211
Latency: 0.003899349132552743
Latency: 0.003731823991984129
Latency: 0.0038869630079716444
Latency: 0.003718530060723424
Latency: 0.004002763191238046
Latency: 0.0037441260647028685
Latency: 0.0038785769138485193
Latency: 0.004009692929685116
Latency: 0.003740377025678754
Latency: 0.0037200739607214928
Latency: 0.004028141964226961
Latency: 0.0037355269305408
Latency: 0.003722779918462038
Latency: 0.004000657936558127
Latency: 0.00375478807836771
Latency: 0.0037603708915412426
Latency: 0.004145875107496977
Latency: 0.0037586530670523643
Latency: 0.0037151279393583536
Latency: 0.004032657016068697
Latency: 0.0037609401624649763
Latency: 0.0037385369651019573
Latency: 0.004011622862890363
Latency: 0.003756005084142089
Latency: 0.003728392068296671
Latency: 0.004013092024251819
Latency: 0.0037542900536209345
Latency: 0.0037316209636628628
Latency: 0.004011461976915598
Latency: 0.0037500218022614717
Latency: 0.0037443640176206827
Latency: 0.004025614121928811
Latency: 0.003884271951392293
Latency: 0.0037448499351739883
Latency: 0.004048502072691917
Latency: 0.00375749496743083
Latency: 0.003745916998013854
Latency: 0.0042810149025171995
Latency: 0.0037417819257825613
Latency: 0.003695088904350996
Latency: 0.0038297250866889954
Latency: 0.0037560348864644766
Latency: 0.003702322021126747
Latency: 0.004003526177257299
Latency: 0.0037681059911847115
Latency: 0.0037272260524332523
Latency: 0.004015974933281541
Latency: 0.003748083021491766
Latency: 0.0038854950107634068
Latency: 0.0040245139971375465
Latency: 0.0037097600288689137
Latency: 0.003726623021066189
Latency: 0.004038835875689983
Latency: 0.0037327681202441454
Latency: 0.003729705000296235
Latency: 0.004023282090201974
Latency: 0.003747594077140093
Latency: 0.00371719803661108
Latency: 0.004025658126920462
Latency: 0.003738285042345524
Latency: 0.0037597299087792635
Latency: 0.004016723949462175
Latency: 0.003732013050466776
Latency: 0.0037480138707906008
Latency: 0.004165940918028355
Latency: 0.0037509819958359003
Latency: 0.0037283110432326794
Latency: 0.004043495981022716
Latency: 0.0037426541093736887
Latency: 0.0037380121648311615
Latency: 0.004024449968710542
Latency: 0.0037454499397426844
Latency: 0.0037226350978016853
Latency: 0.003972108010202646
Latency: 0.0037420408334583044
Latency: 0.00400479300878942
Latency: 0.0037498169112950563
Latency: 0.003716910956427455
Latency: 0.003998158033937216
Latency: 0.0037367548793554306
Latency: 0.0038774299900978804
Latency: 0.0040297729428857565
Latency: 0.0037306910380721092
Latency: 0.003705292008817196
Latency: 0.004037556936964393
Latency: 0.0037696438375860453
Latency: 0.003725428134202957
Latency: 0.004024372203275561
Latency: 0.0037480220198631287
Latency: 0.0037300519179552794
Latency: 0.004003908950835466
Latency: 0.0037582330405712128
Latency: 0.003722236957401037
Latency: 0.0040099050384014845
Latency: 0.0037189549766480923
Latency: 0.0037218600045889616
Latency: 0.004157390911132097
Latency: 0.0037382228765636683
Latency: 0.003722480032593012
Latency: 0.004021687898784876
Latency: 0.0037487440276890993
Latency: 0.003721844172105193
Latency: 0.004056295845657587
Latency: 0.0037425761111080647
Latency: 0.003723839996382594
Latency: 0.004028287949040532
Latency: 0.003742994973435998
Latency: 0.0037457048892974854
Latency: 0.004293343052268028
Latency: 0.0037487961817532778
Latency: 0.0037235040217638016
Latency: 0.0038157030940055847
Latency: 0.003868591971695423
Latency: 0.00371754402294755
Latency: 0.003997220890596509
Latency: 0.003736016107723117
Latency: 0.003692416939884424
Latency: 0.0040005038026720285
Latency: 0.0037306600715965033
Latency: 0.0037596661131829023
Latency: 0.004019289975985885
Latency: 0.0037189850118011236
Latency: 0.0037253021728247404
Latency: 0.0040185279212892056
Latency: 0.003740393090993166
Latency: 0.003721635090187192
Latency: 0.004016095073893666
Latency: 0.003732613055035472
Latency: 0.003838218981400132
Latency: 0.004017272032797337
Latency: 0.0037732210475951433
Latency: 0.0037492350675165653
Latency: 0.00402897410094738
Latency: 0.003731984179466963
Latency: 0.0037136769387871027
Latency: 0.004026408074423671
Latency: 0.0037405560724437237
Latency: 0.003732586046680808
Latency: 0.0040382519364356995
Latency: 0.003717383136972785
Latency: 0.003734602825716138
Latency: 0.004048879025503993
Latency: 0.0037296349182724953
Latency: 0.0037286148872226477
Latency: 0.003985244082286954
Latency: 0.003711300902068615
Latency: 0.004020324908196926
Latency: 0.003736702026799321
Latency: 0.0037178839556872845
Latency: 0.004027357092127204
Latency: 0.0038451040163636208
Latency: 0.0037196509074419737
Latency: 0.0040095339063555
Latency: 0.003757958998903632
Latency: 0.0037310789339244366
Latency: 0.004011926939710975
Latency: 0.0037367797922343016
Latency: 0.0037231820169836283
Latency: 0.004019771935418248
Latency: 0.0037547398824244738
Latency: 0.0038542149122804403
Latency: 0.004027029033750296
Latency: 0.0037375139072537422
Latency: 0.00371426809579134
Latency: 0.004016774008050561
Latency: 0.003754592966288328
Latency: 0.0037405758630484343
Latency: 0.004008078016340733
Latency: 0.0037496709264814854
Latency: 0.0037281890399754047
Latency: 0.004033722216263413
Latency: 0.00373944197781384
Latency: 0.0037027038633823395
Latency: 0.00402678782120347
Latency: 0.0037624260876327753
Latency: 0.0037244302220642567
Latency: 0.0041760229505598545
Latency: 0.0037539578042924404
Latency: 0.0037255941424518824
Latency: 0.004310136195272207
Latency: 0.003742652013897896
Latency: 0.0037169791758060455
Latency: 0.003835897194221616
Latency: 0.0037631189916282892
Latency: 0.0037047727964818478
Latency: 0.004018433159217238
Latency: 0.003729816060513258
Latency: 0.0036976058036088943
Latency: 0.004008041927590966
Latency: 0.003718735184520483
Latency: 0.00372976902872324
Latency: 0.0040022989269346
Latency: 0.003876195987686515
Latency: 0.0037431051023304462
Latency: 0.004058671882376075
Latency: 0.0037438198924064636
Latency: 0.0037345360033214092
Latency: 0.004030579002574086
Latency: 0.0037217270582914352
Latency: 0.003735861973837018
Latency: 0.004008731106296182
Latency: 0.0037156790494918823
Latency: 0.0037304291035979986
Latency: 0.004054864170029759
Latency: 0.0037283990532159805
Latency: 0.0037027690559625626
Latency: 0.00406502210535109
Latency: 0.00376772484742105
Latency: 0.0038579150568693876
Latency: 0.004042932065203786
Latency: 0.0037280439864844084
Latency: 0.003768435912206769
Latency: 0.004071373026818037
Latency: 0.003720618085935712
Latency: 0.003723690053448081
Latency: 0.0038506449200212955
Latency: 0.003740075044333935
Latency: 0.0040037299040704966
Latency: 0.0037544011138379574
Latency: 0.003716882085427642
Latency: 0.004018335836008191
Latency: 0.0037340049166232347
Latency: 0.0037098010070621967
Latency: 0.004094183910638094
Latency: 0.0038983391132205725
Latency: 0.008656011195853353
Latency: 0.004233039915561676
Latency: 0.0038178141694515944
Latency: 0.0037630849983543158
Latency: 0.004067417001351714
Latency: 0.003764060093089938
Latency: 0.003716161008924246
Latency: 0.003896476933732629
Latency: 0.003765878966078162
Latency: 0.003737455001100898
Latency: 0.004039604915305972
Latency: 0.003769586095586419
Latency: 0.0037461919710040092
Latency: 0.004015601007267833
Latency: 0.003756928024813533
Latency: 0.003894809866324067
Latency: 0.004049555864185095
Latency: 0.0037686398718506098
Latency: 0.0037384589668363333
Latency: 0.004045186098664999
Latency: 0.0037502250634133816
Latency: 0.0037478471640497446
Latency: 0.004050729097798467
Latency: 0.0037493871059268713
Latency: 0.0037442680913954973
Latency: 0.004418492084369063
Latency: 0.003747666021808982
Latency: 0.0037062771152704954
Latency: 0.003830122994259
Latency: 0.003734807949513197
Latency: 0.003724378999322653
Latency: 0.0041899168863892555
Latency: 0.003756097052246332
Latency: 0.0037292649503797293
Latency: 0.004008607938885689
Latency: 0.00373089499771595
Latency: 0.0037296658847481012
Latency: 0.004167283186689019
Latency: 0.0037607999984174967
Latency: 0.0037318901158869267
Latency: 0.004029921954497695
Latency: 0.0037415989208966494
Latency: 0.003744786139577627
Latency: 0.004047485999763012
Latency: 0.00372766493819654
Latency: 0.003730722004547715
Latency: 0.00403177784755826
Latency: 0.0038711801171302795
Latency: 0.0037191889714449644
Latency: 0.004024654161185026
Latency: 0.0037279739044606686
Latency: 0.0037149470299482346
Latency: 0.004029121017083526
Latency: 0.0037426159251481295
Latency: 0.0037582749500870705
Latency: 0.004044491099193692
Latency: 0.003720903070643544
Latency: 0.003718965919688344
Latency: 0.004038122948259115
Latency: 0.0037335290107876062
Latency: 0.003716580104082823
Latency: 0.0038520561065524817
Latency: 0.003725034184753895
Latency: 0.004151612985879183
Latency: 0.0037332598585635424
Latency: 0.003727156901732087
Latency: 0.004010323900729418
Latency: 0.003737169783562422
Latency: 0.0037392410449683666
Latency: 0.00402172701433301
Latency: 0.0037624030373990536
Latency: 0.003719345899298787
Latency: 0.004008467076346278
Latency: 0.003745711874216795
Latency: 0.003732566023245454
Latency: 0.004018843872472644
Latency: 0.0037819710560142994
Latency: 0.0037331460043787956
Latency: 0.004011603072285652
Latency: 0.0038874619640409946
Latency: 0.003753574099391699
Latency: 0.004003067966550589
Latency: 0.0037522539496421814
Latency: 0.003737779101356864
Latency: 0.004004674963653088
Latency: 0.003743306966498494
Latency: 0.0037257529329508543
Latency: 0.0040296989027410746
Latency: 0.003763682208955288
Latency: 0.0037429819349199533
Latency: 0.004075431963428855
Latency: 0.003757018130272627
Latency: 0.003748512826859951
Latency: 0.004048630828037858
Latency: 0.0038861811626702547
Latency: 0.0039044618606567383
Latency: 0.00430737785063684
Latency: 0.0037322049029171467
Latency: 0.0037255440838634968
Latency: 0.0038290908560156822
Latency: 0.003777608973905444
Latency: 0.003721974091604352
Latency: 0.0040137420874089
Latency: 0.0037551538553088903
Latency: 0.0037201689556241035
Latency: 0.004017628030851483
Latency: 0.003724855836480856
Latency: 0.0037211610469967127
Latency: 0.004036575090140104
Latency: 0.003755770856514573
Latency: 0.0037303389981389046
Latency: 0.004208195023238659
Latency: 0.003716984996572137
Latency: 0.003724816022440791
Latency: 0.004058617865666747
Latency: 0.003723692148923874
Latency: 0.0037220329977571964
Latency: 0.004031813936308026
Latency: 0.003727442119270563
Latency: 0.0037205659318715334
Latency: 0.004019411979243159
Latency: 0.00373679306358099
Latency: 0.0037303969729691744
Latency: 0.004073420073837042
Latency: 0.0037227801512926817
Latency: 0.0037201358936727047
Latency: 0.004020340973511338
Latency: 0.0038715191185474396
Latency: 0.003734482917934656
Latency: 0.004026939859613776
Latency: 0.0037124319933354855
Latency: 0.003709280863404274
Latency: 0.0038470879662781954
Latency: 0.0037358810659497976
Latency: 0.004011887824162841
Latency: 0.003741957014426589
Latency: 0.003716847160831094
Latency: 0.0040190857835114
Latency: 0.0038264989852905273
Latency: 0.0037470669485628605
Latency: 0.004038457991555333
Latency: 0.0037539280019700527
Latency: 0.0037431700620800257
Latency: 0.004170585889369249
Latency: 0.003762252861633897
Latency: 0.0037313199136406183
Latency: 0.004022632027044892
Latency: 0.003768372116610408
Latency: 0.003744355170056224
Latency: 0.004039496183395386
Latency: 0.0037490560207515955
Latency: 0.0037454089615494013
Latency: 0.0040090561378747225
Latency: 0.0037489200476557016
Latency: 0.0037348789628595114
Latency: 0.004023949149996042
Latency: 0.003790522925555706
Latency: 0.003742355154827237
Latency: 0.004059935919940472
Latency: 0.0038641460705548525
Latency: 0.003730340162292123
Latency: 0.004033941077068448
Latency: 0.003890985157340765
Latency: 0.0037948680110275745
Latency: 0.004044307861477137
Latency: 0.003781568957492709
Latency: 0.0037138720508664846
Latency: 0.004310599062591791
Latency: 0.003740818938240409
Latency: 0.0037301359698176384
Latency: 0.0038489708676934242
Latency: 0.0037787260953336954
Latency: 0.0037207570858299732
Latency: 0.004012109013274312
Latency: 0.0037536860909312963
Latency: 0.003866001032292843
Latency: 0.003993873950093985
Latency: 0.003720480017364025
Latency: 0.0037460369057953358
Latency: 0.003987661097198725
Latency: 0.0037370731588453054
Latency: 0.003717321204021573
Latency: 0.0040433930698782206
Latency: 0.0037164101377129555
Latency: 0.0038013539742678404
Latency: 0.004114215029403567
Latency: 0.003738800995051861
Latency: 0.0037342000287026167
Latency: 0.004032366909086704
Latency: 0.0037395749241113663
Latency: 0.0037120759952813387
Latency: 0.00422560004517436
Latency: 0.0038200351409614086
Latency: 0.0037631590384989977
Latency: 0.004031788092106581
Latency: 0.0037463319022208452
Latency: 0.0037548779509961605
Latency: 0.004044657805934548
Latency: 0.0037282980047166348
Latency: 0.0037243091501295567
Latency: 0.004038769053295255
Latency: 0.003730683121830225
Latency: 0.003779641119763255
Latency: 0.003850087057799101
Latency: 0.0037326000165194273
Latency: 0.004046367947012186
Latency: 0.0037577850744128227
Latency: 0.0038643190637230873
Latency: 0.0040151679422706366
Latency: 0.0037747668102383614
Latency: 0.0037660510279238224
Latency: 0.004014669917523861
Latency: 0.0037539759650826454
Latency: 0.0037417260464280844
Latency: 0.004044432891532779
Latency: 0.0037635639309883118
Latency: 0.0037576411850750446
Latency: 0.0040669061709195375
Latency: 0.0037573499139398336
Latency: 0.003737263148650527
Latency: 0.004040363943204284
Latency: 0.0037597990594804287
Latency: 0.0037305119913071394
Latency: 0.004152477951720357
Latency: 0.0037573869340121746
Latency: 0.003726464929059148
Latency: 0.00400749989785254
Latency: 0.003766477108001709
Latency: 0.0037279061507433653
Latency: 0.0040297438390553
Latency: 0.0037443169858306646
Latency: 0.003722907043993473
Latency: 0.004045363049954176
Latency: 0.0037681430112570524
Latency: 0.0037406531628221273
Latency: 0.004017610102891922
Latency: 0.0037571440916508436
Latency: 0.003728945041075349
Latency: 0.004338904982432723
Latency: 0.0038851459976285696
Latency: 0.003723117057234049
Latency: 0.0038545301649719477
Latency: 0.003746235044673085
Latency: 0.0037186038680374622
Latency: 0.004009658005088568
Latency: 0.0037445249035954475
Latency: 0.003735463134944439
Latency: 0.004042364889755845
Latency: 0.0037226940039545298
Latency: 0.0037320188712328672
Latency: 0.004014448961243033
Latency: 0.0037325199227780104
Latency: 0.0037230909802019596
Latency: 0.003990333992987871
Latency: 0.0037267659790813923
Latency: 0.003881602082401514
Latency: 0.004050815012305975
Latency: 0.003733063116669655
Latency: 0.0037182390224188566
Latency: 0.00402635196223855
Latency: 0.003724281908944249
Latency: 0.0037367339245975018
Latency: 0.004046147922053933
Latency: 0.0037668508011847734
Latency: 0.003739516017958522
Latency: 0.004023717017844319
Latency: 0.0037250069435685873
Latency: 0.0037256579380482435
Latency: 0.004002634901553392
Latency: 0.0037253510672599077
Latency: 0.003710969118401408
Latency: 0.0041495750192552805
Latency: 0.003728952957317233
Latency: 0.003733954858034849
Latency: 0.0038292459212243557
Latency: 0.0037368859630078077
Latency: 0.0040047550573945045
Latency: 0.0037379059940576553
Latency: 0.0037176439072936773
Latency: 0.004001944093033671
Latency: 0.0037581638898700476
Latency: 0.0037375250831246376
Latency: 0.0040305680595338345
Latency: 0.0037532399874180555
Latency: 0.0037330500781536102
Latency: 0.004015736049041152
Latency: 0.0037544399965554476
Latency: 0.0038687351625412703
Latency: 0.004029317060485482
Latency: 0.003740436863154173
Latency: 0.0037794949021190405
Latency: 0.0040281780529767275
Latency: 0.003742594039067626
Latency: 0.003720017848536372
Latency: 0.004016902064904571
Latency: 0.0037632400635629892
Latency: 0.003723670030012727
Latency: 0.003989974968135357
Latency: 0.003762737149372697
Latency: 0.003729332936927676
Latency: 0.004009071970358491
Latency: 0.0037612919695675373
Latency: 0.003752320073544979
Latency: 0.004172550980001688
Latency: 0.00374352908693254
Latency: 0.0037438059225678444
Latency: 0.004161424934864044
Latency: 0.0037766790483146906
Latency: 0.0037656379863619804
Latency: 0.004314590012654662
Latency: 0.0037407430354505777
Latency: 0.003712313948199153
Latency: 0.003854108043015003
Latency: 0.0037598039489239454
Latency: 0.0037195859476923943
Latency: 0.004006940172985196
Latency: 0.0037290959153324366
Latency: 0.0037259000819176435
Latency: 0.004031921038404107
Latency: 0.0038742099422961473
Latency: 0.0037307790480554104
Latency: 0.004022093024104834
Latency: 0.0037290919572114944
Latency: 0.0037139009218662977
Latency: 0.004049363080412149
Latency: 0.003743452951312065
Latency: 0.0037212350871413946
Latency: 0.004052281845360994
Latency: 0.00372989010065794
Latency: 0.0037256230134516954
Latency: 0.004037115955725312
Latency: 0.0037338740658015013
Latency: 0.00371075002476573
Latency: 0.0040288809686899185
Latency: 0.0037401809822767973
Latency: 0.003859075019136071
Latency: 0.004058680962771177
Latency: 0.0037254050839692354
Latency: 0.003737483872100711
Latency: 0.00404683593660593
Latency: 0.0037339581176638603
Latency: 0.0037427200004458427
Latency: 0.004044797969982028
Latency: 0.0037319769617170095
Latency: 0.0037284190766513348
Latency: 0.003857108997181058
Latency: 0.0037070310208946466
Latency: 0.039327184902504086
Latency: 0.004605765920132399
Latency: 0.0040157209150493145
Latency: 0.0037682729307562113
Latency: 0.0038946231361478567
Latency: 0.0038671609945595264
Latency: 0.0037295890506356955
Latency: 0.00401516817510128
Latency: 0.003723022062331438
Latency: 0.0037232530303299427
Latency: 0.00385457300581038
Latency: 0.0037415940314531326
Latency: 0.004077557940036058
Latency: 0.0037312142085283995
Latency: 0.003722019959241152
Latency: 0.0038381649646908045
Latency: 0.003743787994608283
Latency: 0.004026349168270826
Latency: 0.0037436080165207386
Latency: 0.0037358899135142565
Latency: 0.004001873079687357
Latency: 0.0037254050839692354
Latency: 0.004015920916572213
Latency: 0.0037215210031718016
Latency: 0.003713672049343586
Latency: 0.0038672119844704866
Latency: 0.0037728080060333014
Latency: 0.004037576029077172
Latency: 0.0037115849554538727
Latency: 0.0037294658832252026
Latency: 0.003865753998979926
Latency: 0.0037217941135168076
Latency: 0.003996790153905749
Latency: 0.0037643020041286945
Latency: 0.0039171159733086824
Latency: 0.0038687330670654774
Latency: 0.0038924729451537132
Latency: 0.0037174588069319725
Latency: 0.003993364982306957
Latency: 0.0037506369408220053
Latency: 0.003727917093783617
Latency: 0.00400516320951283
Latency: 0.003752885852009058
Latency: 0.003721843007951975
Latency: 0.0040001519955694675
Latency: 0.003763532964512706
Latency: 0.0037302940618246794
Latency: 0.004026913084089756
Latency: 0.0037378501147031784
Latency: 0.003719642059877515
Latency: 0.004031475866213441
Latency: 0.003751463955268264
Latency: 0.0038659691344946623
Latency: 0.004003118956461549
Latency: 0.003753070952370763
Latency: 0.003725870978087187
Latency: 0.003910521045327187
Latency: 0.0037539000622928143
Latency: 0.003729994874447584
Latency: 0.004020727006718516
Latency: 0.0037756359670311213
Latency: 0.0037486848887056112
Latency: 0.00402604416012764
Latency: 0.003755910089239478
Latency: 0.0037330910563468933
Latency: 0.0045109831262379885
Latency: 0.003736004000529647
Latency: 0.0037374577950686216
Latency: 0.004094863077625632
Latency: 0.0037678200751543045
Latency: 0.0037828010972589254
Latency: 0.0040148659609258175
Latency: 0.00376436416991055
Latency: 0.0037618670612573624
Latency: 0.003978535067290068
Latency: 0.0037427169736474752
Latency: 0.003725552000105381
Latency: 0.003978614928200841
Latency: 0.0037951399572193623
Latency: 0.0037228530272841454
Latency: 0.00396828493103385
Latency: 0.0037411879748106003
Latency: 0.0037782490253448486
Latency: 0.00397752202115953
Latency: 0.003895021043717861
Latency: 0.003758855862542987
Latency: 0.00399590702727437
Latency: 0.003742898115888238
Latency: 0.003749484894797206
Latency: 0.003957943059504032
Latency: 0.003744164016097784
Latency: 0.003738211002200842
Latency: 0.003983273869380355
Latency: 0.0037460620515048504
Latency: 0.0037356510292738676
Latency: 0.003988713026046753
Latency: 0.0037516129668802023
Latency: 0.0037372871302068233
Latency: 0.004000783199444413
Latency: 0.0037464338820427656
Latency: 0.0038759701419621706
Latency: 0.004634123994037509
Latency: 0.0037173908203840256
Latency: 0.0037234488409012556
Latency: 0.003910757834091783
Latency: 0.003748259972780943
Latency: 0.0037258050870150328
Latency: 0.004010298987850547
Latency: 0.00371482502669096
Latency: 0.0037532770074903965
Latency: 0.004050773102790117
Latency: 0.0037464809138327837
Latency: 0.003703580005094409
Latency: 0.0040341210551559925
Latency: 0.0037465097848325968
Latency: 0.0037223161198198795
Latency: 0.004177174996584654
Latency: 0.0037294228095561266
Latency: 0.0037313480861485004
Latency: 0.004017750965431333
Latency: 0.003723086090758443
Latency: 0.003712467849254608
Latency: 0.004026193870231509
Latency: 0.0037095029838383198
Latency: 0.003706535091623664
Latency: 0.0040159320924431086
Latency: 0.003717837855219841
Latency: 0.003716863924637437
Latency: 0.00403265212662518
Latency: 0.003731864970177412
Latency: 0.0037218378856778145
Latency: 0.004015638027340174
Latency: 0.0038651919458061457
Latency: 0.003768739989027381
Latency: 0.004026958951726556
Latency: 0.0037371860817074776
Latency: 0.0037417279090732336
Latency: 0.0038531918544322252
Latency: 0.0037275070790201426
Latency: 0.00397853902541101
Latency: 0.00374442501924932
Latency: 0.0037121528293937445
Latency: 0.004012931836768985
Latency: 0.003732310840860009
Latency: 0.0037156417965888977
Latency: 0.004018724896013737
Latency: 0.003763723885640502
Latency: 0.0037215519696474075
Latency: 0.004129328997805715
Latency: 0.003761722007766366
Latency: 0.003723509144037962
Latency: 0.004013923928141594
Latency: 0.003729395102709532
Latency: 0.0037202690728008747
Latency: 0.004002803936600685
Latency: 0.0037546909879893064
Latency: 0.0037364859599620104
Latency: 0.004011474084109068
Latency: 0.0037490578833967447
Latency: 0.003716320963576436
Latency: 0.004025441128760576
Latency: 0.0037556628230959177
Latency: 0.0037316149100661278
Latency: 0.004011908080428839
Latency: 0.003890981199219823
Latency: 0.0037131698336452246
Latency: 0.004030740819871426
Latency: 0.003773411037400365
Latency: 0.0037190059665590525
Latency: 0.004016177030280232
Latency: 0.0037610039580613375
Latency: 0.0037185668479651213
Latency: 0.004318861989304423
Latency: 0.003751167794689536
Latency: 0.0037276020739227533
Latency: 0.0038099680095911026
Latency: 0.0037378149572759867
Latency: 0.003717957064509392
Latency: 0.004005534807220101
Latency: 0.0037262241821736097
Latency: 0.003854961832985282
Latency: 0.004031619988381863
Latency: 0.0037575820460915565
Latency: 0.003707599127665162
Latency: 0.003989329095929861
Latency: 0.0037381071597337723
Latency: 0.0037260998506098986
Latency: 0.004028285155072808
Latency: 0.0037371350917965174
Latency: 0.003726055845618248
Latency: 0.003999823937192559
Latency: 0.003735644044354558
Latency: 0.0037299850955605507
Latency: 0.004025428090244532
Latency: 0.0037156869657337666
Latency: 0.0037208220455795527
Latency: 0.004155149916186929
Latency: 0.003713154001161456
Latency: 0.0036957229021936655
Latency: 0.004013047786429524
Latency: 0.0037357911933213472
Latency: 0.0037200339138507843
Latency: 0.003992001060396433
Latency: 0.0037340561393648386
Latency: 0.0037326249293982983
Latency: 0.003998827189207077
Latency: 0.0037214169278740883
Latency: 0.003721955930814147
Latency: 0.0038343609776347876
Latency: 0.0037189219146966934
Latency: 0.004005291033536196
Latency: 0.0037576891481876373
Latency: 0.0038658638950437307
Latency: 0.004015315091237426
Latency: 0.0037388179916888475
Latency: 0.0037288989406079054
Latency: 0.003998195054009557
Latency: 0.0037664100527763367
Latency: 0.003722903085872531
Latency: 0.004007953917607665
Latency: 0.0037252120673656464
Latency: 0.0037120559718459845
Latency: 0.004016513004899025
Latency: 0.0037477819714695215
Latency: 0.003714913036674261
Latency: 0.00399410305544734
Latency: 0.0037461610045284033
Latency: 0.003717155894264579
Latency: 0.004131105961278081
Latency: 0.0037467789370566607
Latency: 0.0037382179871201515
Latency: 0.004027728922665119
Latency: 0.0037509759422391653
Latency: 0.0037476657889783382
Latency: 0.004021078115329146
Latency: 0.003761687083169818
Latency: 0.0037195959594100714
Latency: 0.004033171804621816
Latency: 0.003765398869290948
Latency: 0.003731388133019209
Latency: 0.004024961031973362
Latency: 0.0037361669819802046
Latency: 0.003733387216925621
Latency: 0.0043019449803978205
Latency: 0.0039051580242812634
Latency: 0.003706719959154725
Latency: 0.0038180090487003326
Latency: 0.0037415840197354555
Latency: 0.003725991118699312
Latency: 0.004032524069771171
Latency: 0.0037365120369940996
Latency: 0.003738208906725049
Latency: 0.0040285231079906225
Latency: 0.003727489151060581
Latency: 0.0037251769099384546
Latency: 0.004246723838150501
Latency: 0.00375778297893703
Latency: 0.00374050997197628
Latency: 0.004032887984067202
Latency: 0.0037302919663488865
Latency: 0.0038324729539453983
Latency: 0.004039822844788432
Latency: 0.0037353690713644028
Latency: 0.0037087348755449057
Latency: 0.004018351202830672
Latency: 0.0037271599285304546
Latency: 0.0037406838964670897
Latency: 0.004016119055449963
Latency: 0.0037243401166051626
Latency: 0.0037261820398271084
Latency: 0.004038608865812421
Latency: 0.0037129719275981188
Latency: 0.00373622914776206
Latency: 0.004017294151708484
Latency: 0.003719208063557744
Latency: 0.003710746066644788
Latency: 0.004157678922638297
Latency: 0.0037433879915624857
Latency: 0.003731742035597563
Latency: 0.0038844700902700424
Latency: 0.0037262430414557457
Latency: 0.003990477882325649
Latency: 0.003719574073329568
Latency: 0.003727142931893468
Latency: 0.004013493889942765
Latency: 0.003749256953597069
Latency: 0.0037269149906933308
Latency: 0.003993983147665858
Latency: 0.0037428950890898705
Latency: 0.003722528927028179
Latency: 0.004012709017843008
Latency: 0.0038375379517674446
Latency: 0.0038958268705755472
Latency: 0.004042807966470718
Latency: 0.0037743807770311832
Latency: 0.0037334521766752005
Latency: 0.004027336835861206
Latency: 0.003750561038032174
Latency: 0.0038945649284869432
Latency: 0.004075472010299563
Latency: 0.0037387358024716377
Latency: 0.0037156210746616125
Latency: 0.004050638061016798
Latency: 0.0037651730235666037
Latency: 0.0037397081032395363
Latency: 0.004043960012495518
Latency: 0.0037578449118882418
Latency: 0.003735045902431011
Latency: 0.00419368501752615
Latency: 0.003750840900465846
Latency: 0.003737980965524912
Latency: 0.0040693809278309345
Latency: 0.003727845847606659
Latency: 0.003726887982338667
Latency: 0.004428036976605654
Latency: 0.0037465901114046574
Latency: 0.0037129230331629515
Latency: 0.003843778045848012
Latency: 0.0037427551578730345
Latency: 0.003731523873284459
Latency: 0.004015187965705991
Latency: 0.003744689980521798
Latency: 0.0037218627985566854
Latency: 0.004044287139549851
Latency: 0.0038477671332657337
Latency: 0.0037588251288980246
Latency: 0.004031947115436196
Latency: 0.0037350659258663654
Latency: 0.003734912956133485
Latency: 0.004007386043667793
Latency: 0.0038683400489389896
Latency: 0.003764681052416563
Latency: 0.004031382035464048
Latency: 0.0037622018717229366
Latency: 0.0037380410358309746
Latency: 0.004016543971374631
Latency: 0.0037260570097714663
Latency: 0.0037515258882194757
Latency: 0.004027615068480372
Latency: 0.0037296980153769255
Latency: 0.0038327760994434357
Latency: 0.004058989929035306
Latency: 0.0037336349487304688
Latency: 0.0037234448827803135
Latency: 0.004037786973640323
Latency: 0.003726704977452755
Latency: 0.003725972957909107
Latency: 0.004007445182651281
Latency: 0.0037283420097082853
Latency: 0.0037368210032582283
Latency: 0.003840235061943531
Latency: 0.003730545984581113
Latency: 0.004006506875157356
Latency: 0.003752772929146886
Latency: 0.003716992912814021
Latency: 0.004013326950371265
Latency: 0.003918802132830024
Latency: 0.0037219501100480556
Latency: 0.00401073694229126
Latency: 0.003733790945261717
Latency: 0.0037204150576144457
Latency: 0.004011254059150815
Latency: 0.0037493850104510784
Latency: 0.0037281629629433155
Latency: 0.004015135113149881
Latency: 0.003751202020794153
Latency: 0.003748397110030055
Latency: 0.004002115922048688
Latency: 0.0037554039154201746
Latency: 0.003736132988706231
Latency: 0.00399965513497591
Latency: 0.0037340191192924976
Latency: 0.00386033789254725
Latency: 0.0040278020314872265
Latency: 0.003776402212679386
Latency: 0.0037404310423880816
Latency: 0.004022304201498628
Latency: 0.003738767933100462
Latency: 0.0037275650538504124
Latency: 0.004059774102643132
Latency: 0.003763216082006693
Latency: 0.0037170229479670525
Latency: 0.004022934939712286
Latency: 0.003741669934242964
Latency: 0.003728579031303525
Latency: 0.0043111699633300304
Latency: 0.00373898190446198
Latency: 0.0036958418786525726
Latency: 0.003986249910667539
Latency: 0.003735580015927553
Latency: 0.0037202490493655205
Latency: 0.0040043131448328495
Latency: 0.0037552439607679844
Latency: 0.0037223368417471647
Latency: 0.0040133788716048
Latency: 0.0037436080165207386
Latency: 0.003728751093149185
Latency: 0.004019486950710416
Latency: 0.003729837015271187
Latency: 0.0037408440839499235
Latency: 0.00403026700951159
Latency: 0.003731743898242712
Latency: 0.0037033569533377886
Latency: 0.004025690956041217
Latency: 0.00407594908028841
Latency: 0.0037506641820073128
Latency: 0.004051917931064963
Latency: 0.003747057169675827
Latency: 0.003729064017534256
Latency: 0.0040188070852309465
Latency: 0.003744735149666667
Latency: 0.0037289350293576717
Latency: 0.004034145036712289
Latency: 0.003733923891559243
Latency: 0.003740651998668909
Latency: 0.004043012158945203
Latency: 0.003714971011504531
Latency: 0.003734898054972291
Latency: 0.004021425964310765
Latency: 0.0037427949719130993
Latency: 0.0038867229595780373
Latency: 0.0038719740696251392
Latency: 0.003720200853422284
Latency: 0.003996395040303469
Latency: 0.0037476378493010998
Latency: 0.0037347478792071342
Latency: 0.0039930499624460936
Latency: 0.0037640491500496864
Latency: 0.0037209680303931236
Latency: 0.004003782058134675
Latency: 0.0037514788564294577
Latency: 0.0037252968177199364
Latency: 0.004018236882984638
Latency: 0.0037560139317065477
Latency: 0.0037420138251036406
Latency: 0.0040178250055760145
Latency: 0.003873532172292471
Latency: 0.0037228090222924948
Latency: 0.004021671833470464
Latency: 0.003757450031116605
Latency: 0.0037131980061531067
Latency: 0.004013037076219916
Latency: 0.0037687409203499556
Latency: 0.003716978942975402
Latency: 0.0040053268894553185
Latency: 0.0037693169433623552
Latency: 0.0037255599163472652
Latency: 0.004014116013422608
Latency: 0.0037702759727835655
Latency: 0.003738387953490019
Latency: 0.004023728892207146
Latency: 0.003749870928004384
Latency: 0.003858173033222556
Latency: 0.004022564040496945
Latency: 0.003771360032260418
Latency: 0.0037318000104278326
Latency: 0.0042939139530062675
Latency: 0.003730182070285082
Latency: 0.003692575031891465
Latency: 0.0038063658867031336
Latency: 0.0037168320268392563
Latency: 0.003716772887855768
Latency: 0.004098226083442569
Latency: 0.0041217810939997435
Latency: 0.0037718310486525297
Latency: 0.004065724089741707
Latency: 0.0037420508451759815
Latency: 0.003736441023647785
Latency: 0.004197437083348632
Latency: 0.0037816129624843597
Latency: 0.003749456023797393
Latency: 0.004036572994664311
Latency: 0.003725663060322404
Latency: 0.003729775780811906
Latency: 0.004061718005686998
Latency: 0.003736081998795271
Latency: 0.0037484201602637768
Latency: 0.004078696947544813
Latency: 0.003806319087743759
Latency: 0.003966771066188812
Latency: 0.0040819651912897825
Latency: 0.003741950960829854
Latency: 0.004085425985977054
Latency: 0.004440780961886048
Latency: 0.003960527013987303
Latency: 0.00384741579182446
