Latency: 0.027907542884349823
Latency: 0.02185819484293461
Latency: 0.028007277054712176
Latency: 0.026245602872222662
Latency: 0.02665582811459899
Latency: 0.025123147992417216
Latency: 0.02681024093180895
Latency: 0.02532883081585169
Latency: 0.04208180494606495
Latency: 0.028401084942743182
Latency: 0.026819078950211406
Latency: 0.024139611050486565
Latency: 0.028351627057418227
Latency: 0.027229792904108763
Latency: 0.026648457860574126
Latency: 0.02525813109241426
Latency: 0.02498414716683328
Latency: 0.029543279204517603
Latency: 0.027296296088024974
Latency: 0.02415677485987544
Latency: 0.025816221022978425
Latency: 0.026595233008265495
Latency: 0.026782443979755044
Latency: 0.025999038945883512
Latency: 0.027041122084483504
Latency: 0.02700908505357802
Latency: 0.024630898144096136
Latency: 0.02282241894863546
Latency: 0.02849597600288689
Latency: 0.027204946847632527
Latency: 0.0261658551171422
Latency: 0.025631237076595426
Latency: 0.026831486960873008
Latency: 0.025546964956447482
Latency: 0.026870097033679485
Latency: 0.026723268907517195
Latency: 0.02559335995465517
Latency: 0.026679161936044693
Latency: 0.025584246031939983
Latency: 0.027314228005707264
Latency: 0.028186495881527662
Latency: 0.027254722081124783
Latency: 0.026853298069909215
Latency: 0.0272154388949275
Latency: 0.028208281844854355
Latency: 0.02550316695123911
Latency: 0.027103373082354665
Latency: 0.02477927110157907
Latency: 0.027164804050698876
Latency: 0.026050424901768565
Latency: 0.028348747175186872
Latency: 0.026595733826979995
Latency: 0.027190179098397493
Latency: 0.025588628137484193
Latency: 0.025805477984249592
Latency: 0.02790164202451706
Latency: 0.026099490001797676
Latency: 0.04415426286868751
Latency: 0.025883720023557544
Latency: 0.02645596698857844
Latency: 0.02479394618421793
Latency: 0.025444308994337916
Latency: 0.02439429610967636
Latency: 0.026911982102319598
Latency: 0.026627513114362955
Latency: 0.026190093019977212
Latency: 0.024642270989716053
Latency: 0.025239607086405158
Latency: 0.030534300953149796
Latency: 0.030214741127565503
Latency: 0.03010407998226583
Latency: 0.02827241295017302
Latency: 0.030986350029706955
Latency: 0.028958870097994804
Latency: 0.026148183969780803
Latency: 0.02629524003714323
Latency: 0.0269541391171515
Latency: 0.028550360118970275
Latency: 0.02646826906129718
Latency: 0.029671838972717524
Latency: 0.02581716701388359
Latency: 0.047080858843401074
Latency: 0.025952138006687164
Latency: 0.027064135996624827
Latency: 0.025235443841665983
Latency: 0.026284832041710615
Latency: 0.02567745395936072
Latency: 0.027279415167868137
Latency: 0.028275696095079184
Latency: 0.02812016010284424
Latency: 0.027263269061222672
Latency: 0.027901150984689593
Latency: 0.02731975493952632
Latency: 0.02564823511056602
Latency: 0.030448991106823087
Latency: 0.027359100989997387
Latency: 0.027738591888919473
Latency: 0.02837306004948914
Latency: 0.026924417819827795
Latency: 0.026599000906571746
Latency: 0.0285482092294842
Latency: 0.028864891966804862
Latency: 0.029186673928052187
Latency: 0.030544470064342022
Latency: 0.02777097513899207
Latency: 0.02409301418811083
Latency: 0.04717627097852528
Latency: 0.028006406966596842
Latency: 0.02567782299593091
Latency: 0.025916212936863303
Latency: 0.028201540000736713
Latency: 0.026811218122020364
Latency: 0.029900265159085393
Latency: 0.02537332591600716
Latency: 0.028013420989736915
Latency: 0.02645692997612059
Latency: 0.027749587083235383
Latency: 0.024641548981890082
Latency: 0.027151653077453375
Latency: 0.024361287942156196
Latency: 0.026906174840405583
Latency: 0.026151105063036084
Latency: 0.024409295059740543
Latency: 0.02540969313122332
Latency: 0.02518828003667295
Latency: 0.026301422156393528
Latency: 0.02704980899579823
Latency: 0.029908415162935853
Latency: 0.02548886719159782
Latency: 0.02746837306767702
Latency: 0.04426198196597397
Latency: 0.025801965035498142
Latency: 0.024579521967098117
Latency: 0.02743984921835363
Latency: 0.029010752914473414
Latency: 0.027541639050468802
Latency: 0.028064727084711194
Latency: 0.03523711604066193
Latency: 0.025385292014107108
Latency: 0.025985704036429524
Latency: 0.027244503144174814
Latency: 0.028194886166602373
Latency: 0.02648397907614708
Latency: 0.02841174299828708
Latency: 0.027008058968931437
Latency: 0.02512303600087762
Latency: 0.028142680879682302
Latency: 0.024816014105454087
Latency: 0.024321099976077676
Latency: 0.026673160027712584
Latency: 0.02923853788524866
Latency: 0.027230828069150448
Latency: 0.027302052127197385
Latency: 0.024418968940153718
Latency: 0.025292003992944956
Latency: 0.04256573598831892
Latency: 0.025200302014127374
Latency: 0.02590169501490891
Latency: 0.028776001185178757
Latency: 0.02622161409817636
Latency: 0.027696841163560748
Latency: 0.025208420120179653
Latency: 0.026689121033996344
Latency: 0.027780285105109215
Latency: 0.03094906988553703
Latency: 0.028463111026212573
Latency: 0.03080008807592094
Latency: 0.027561452938243747
Latency: 0.029180743033066392
Latency: 0.026911959052085876
Latency: 0.028784763999283314
Latency: 0.02493885299190879
Latency: 0.026161039946600795
Latency: 0.02566204988397658
Latency: 0.026077999034896493
Latency: 0.025102520128712058
Latency: 0.026403005933389068
Latency: 0.02738907001912594
Latency: 0.028177529107779264
Latency: 0.031876054825261235
Latency: 0.04699946497566998
Latency: 0.030049064895138144
Latency: 0.029869474936276674
Latency: 0.028444516006857157
Latency: 0.024493593024089932
Latency: 0.0273108531255275
Latency: 0.02884514513425529
Latency: 0.02812168188393116
Latency: 0.03095315210521221
Latency: 0.02576741692610085
Latency: 0.02962044789455831
Latency: 0.02540192799642682
Latency: 0.02333303401246667
Latency: 0.024729006923735142
Latency: 0.022864287020638585
Latency: 0.02607870800420642
Latency: 0.024602029006928205
Latency: 0.0291911568492651
Latency: 0.024486153153702617
Latency: 0.028033907990902662
Latency: 0.025272279977798462
Latency: 0.025585027877241373
Latency: 0.02442208305001259
Latency: 0.024773835903033614
Latency: 0.038230078062042594
Latency: 0.028532898984849453
Latency: 0.029240856179967523
Latency: 0.024468835908919573
Latency: 0.0246155031491071
Latency: 0.025750236120074987
Latency: 0.026811382034793496
Latency: 0.027954875025898218
Latency: 0.02427907707169652
Latency: 0.0269909230992198
Latency: 0.02518602297641337
Latency: 0.026546756038442254
Latency: 0.025426225969567895
Latency: 0.026435118867084384
Latency: 0.025304279988631606
Latency: 0.025360087165609002
Latency: 0.025655417004600167
Latency: 0.026049946900457144
Latency: 0.02406039205379784
Latency: 0.0253130909986794
Latency: 0.027661862084642053
Latency: 0.026898925891146064
Latency: 0.02684375992976129
Latency: 0.0250417641364038
Latency: 0.02956628706306219
Latency: 0.025455439928919077
Latency: 0.02887726202607155
Latency: 0.025778179988265038
Latency: 0.02430841699242592
Latency: 0.02741701598279178
Latency: 0.023393004899844527
Latency: 0.028472580946981907
Latency: 0.026296562049537897
Latency: 0.0261558061465621
Latency: 0.025002832990139723
Latency: 0.02532095485366881
Latency: 0.029822162119671702
Latency: 0.026286541018635035
Latency: 0.02850474719889462
Latency: 0.02747249510139227
Latency: 0.024946772027760744
Latency: 0.0265759970061481
Latency: 0.026886656880378723
Latency: 0.02632693201303482
Latency: 0.026627543848007917
Latency: 0.027370645897462964
Latency: 0.025618104031309485
Latency: 0.028777593979611993
Latency: 0.027659035054966807
Latency: 0.050388043047860265
Latency: 0.02902792184613645
Latency: 0.03083184198476374
Latency: 0.027248345082625747
Latency: 0.025166583014652133
Latency: 0.02461717207916081
Latency: 0.02491158596239984
Latency: 0.028709022095426917
Latency: 0.027213703142479062
Latency: 0.03009126102551818
Latency: 0.027498203795403242
Latency: 0.028958630980923772
Latency: 0.02761320793069899
Latency: 0.02770883310586214
Latency: 0.027272718958556652
Latency: 0.023004371905699372
Latency: 0.02948867599479854
Latency: 0.02617629710584879
Latency: 0.027909992961212993
Latency: 0.026302871061488986
Latency: 0.027970858849585056
Latency: 0.028237577062100172
Latency: 0.027229886036366224
Latency: 0.030207317089661956
Latency: 0.026106270030140877
Latency: 0.04917955189011991
Latency: 0.02739039110019803
Latency: 0.027056078892201185
Latency: 0.02533531002700329
Latency: 0.02419150504283607
Latency: 0.028305228101089597
Latency: 0.03192367195151746
Latency: 0.028982672141864896
Latency: 0.025683213025331497
Latency: 0.027873939834535122
Latency: 0.024462003959342837
Latency: 0.028194938087835908
Latency: 0.025540092960000038
Latency: 0.0264562398660928
Latency: 0.026837019016966224
Latency: 0.0266944479662925
Latency: 0.027162318117916584
Latency: 0.027105815010145307
Latency: 0.02663945988751948
Latency: 0.027070472948253155
Latency: 0.02642122213728726
Latency: 0.02454890706576407
Latency: 0.025917054852470756
Latency: 0.026710373116657138
Latency: 0.025564280105754733
Latency: 0.04988209600560367
Latency: 0.02738672192208469
Latency: 0.027829959988594055
Latency: 0.024224546970799565
Latency: 0.026471156859770417
Latency: 0.022363936994224787
Latency: 0.026939013972878456
Latency: 0.027393376920372248
Latency: 0.02380606415681541
Latency: 0.026661637937650084
Latency: 0.022753339959308505
Latency: 0.027011188911274076
Latency: 0.025576934218406677
Latency: 0.026157295098528266
Latency: 0.025377014884725213
Latency: 0.026736697182059288
Latency: 0.024336918024346232
Latency: 0.02588293608278036
Latency: 0.0264804030302912
Latency: 0.022887944942340255
Latency: 0.027284731855615973
Latency: 0.026069561019539833
Latency: 0.027378414990380406
Latency: 0.0282009479124099
Latency: 0.02689054189249873
Latency: 0.05202691396698356
Latency: 0.028986420948058367
Latency: 0.029782237950712442
Latency: 0.029015972977504134
Latency: 0.03033629315905273
Latency: 0.028513741912320256
Latency: 0.030468021985143423
Latency: 0.029963226057589054
Latency: 0.02893758798018098
Latency: 0.02594989212229848
Latency: 0.022074869135394692
Latency: 0.023174911038950086
Latency: 0.027756387135013938
Latency: 0.026691732928156853
Latency: 0.027303621172904968
Latency: 0.027167310938239098
Latency: 0.02633783803321421
Latency: 0.026321473065763712
Latency: 0.02685109293088317
Latency: 0.027780736098065972
Latency: 0.028585413936525583
Latency: 0.0276371908839792
Latency: 0.025992205133661628
Latency: 0.02606360916979611
Latency: 0.027448584092780948
Latency: 0.023215543944388628
Latency: 0.027069329982623458
Latency: 0.024113385006785393
Latency: 0.025642602937296033
Latency: 0.02775323996320367
Latency: 0.027284987038001418
Latency: 0.027844069991260767
Latency: 0.026807157788425684
Latency: 0.02480585896410048
Latency: 0.025212485110387206
Latency: 0.022456333972513676
Latency: 0.027620677836239338
Latency: 0.02640433795750141
Latency: 0.028555039083585143
Latency: 0.027326674899086356
Latency: 0.027455391827970743
Latency: 0.027129413094371557
Latency: 0.025448691099882126
Latency: 0.023443342186510563
Latency: 0.025667384965345263
Latency: 0.027434417977929115
Latency: 0.02781488187611103
Latency: 0.028407937847077847
Latency: 0.027676400961354375
Latency: 0.04982361616566777
Latency: 0.029389772098511457
Latency: 0.025682855863124132
Latency: 0.024509561015293002
Latency: 0.026661304058507085
Latency: 0.02663904707878828
Latency: 0.02555373078212142
Latency: 0.029521375196054578
Latency: 0.02928769518621266
Latency: 0.03134473296813667
Latency: 0.026850521098822355
Latency: 0.028640442993491888
Latency: 0.028423218987882137
Latency: 0.030096144881099463
Latency: 0.02866393211297691
Latency: 0.02536042802967131
Latency: 0.027600769884884357
Latency: 0.025040743174031377
Latency: 0.02571610687300563
Latency: 0.024537438061088324
Latency: 0.025877291103824973
Latency: 0.02488064393401146
Latency: 0.026491977972909808
Latency: 0.02276766416616738
Latency: 0.026692449813708663
Latency: 0.05005701002664864
Latency: 0.027743387036025524
Latency: 0.02861248003318906
Latency: 0.02531087608076632
Latency: 0.028106687823310494
Latency: 0.027879181085154414
Latency: 0.025088115129619837
Latency: 0.030016503063961864
Latency: 0.025813017040491104
Latency: 0.028247405076399446
Latency: 0.027083910070359707
Latency: 0.02985874004662037
Latency: 0.02810628293082118
Latency: 0.02449263888411224
Latency: 0.027759931981563568
Latency: 0.025877825915813446
Latency: 0.02587115904316306
Latency: 0.02555376198142767
Latency: 0.027352348901331425
Latency: 0.027941181091591716
Latency: 0.02753576193936169
Latency: 0.025184812024235725
Latency: 0.027130695059895515
Latency: 0.02679386199451983
Latency: 0.02772662090137601
Latency: 0.05240498809143901
Latency: 0.028044292936101556
Latency: 0.0378683190792799
Latency: 0.026828145841136575
Latency: 0.02931077592074871
Latency: 0.027920737862586975
Latency: 0.03455337882041931
Latency: 0.027127721114084125
Latency: 0.02990431385114789
Latency: 0.02809127396903932
Latency: 0.026133904000744224
Latency: 0.025539205875247717
Latency: 0.027199039002880454
Latency: 0.02980354893952608
Latency: 0.027007797034457326
Latency: 0.030977687099948525
Latency: 0.024499105056747794
Latency: 0.025669433875009418
Latency: 0.0279427629429847
Latency: 0.0298390481621027
Latency: 0.027713814051821828
Latency: 0.02807303494773805
Latency: 0.028029796900227666
Latency: 0.026472467929124832
Latency: 0.05132481595501304
Latency: 0.02715886803343892
Latency: 0.0274377828463912
Latency: 0.028144599869847298
Latency: 0.02939944388344884
Latency: 0.027141137048602104
Latency: 0.026964806951582432
Latency: 0.02575923386029899
Latency: 0.024623807054013014
Latency: 0.02492473879829049
Latency: 0.028032480040565133
Latency: 0.027330840937793255
Latency: 0.0265428579878062
Latency: 0.028166498988866806
Latency: 0.025461321929469705
Latency: 0.027467428939417005
Latency: 0.02741481806151569
Latency: 0.02712958212941885
Latency: 0.02733105607330799
Latency: 0.02752213506028056
Latency: 0.02830113284289837
Latency: 0.028754201950505376
Latency: 0.027223298093304038
Latency: 0.024171042954549193
Latency: 0.024828934110701084
Latency: 0.026176468934863806
Latency: 0.024326346814632416
Latency: 0.02661421918310225
Latency: 0.024788923794403672
Latency: 0.025431327056139708
Latency: 0.02905693417415023
Latency: 0.026907908963039517
Latency: 0.025539472000673413
Latency: 0.027954216115176678
Latency: 0.028059611096978188
Latency: 0.029002432012930512
Latency: 0.027940078172832727
Latency: 0.027314616832882166
Latency: 0.028928272193297744
Latency: 0.023595176870003343
Latency: 0.025084156077355146
Latency: 0.02530373097397387
Latency: 0.026903617894276977
Latency: 0.027168169151991606
Latency: 0.02840045397169888
Latency: 0.02847441006451845
Latency: 0.028135751141235232
Latency: 0.02844515792094171
Latency: 0.028807631926611066
Latency: 0.05479154409840703
Latency: 0.02771314699202776
Latency: 0.02753159706480801
Latency: 0.027630557073280215
Latency: 0.02759376191534102
Latency: 0.027170540066435933
Latency: 0.02644301299005747
Latency: 0.0263760129455477
Latency: 0.028273310977965593
Latency: 0.027342722984030843
Latency: 0.029818759998306632
Latency: 0.027263947995379567
Latency: 0.026608612155541778
Latency: 0.029348799027502537
Latency: 0.02599778608419001
Latency: 0.027514078887179494
Latency: 0.027680072002112865
Latency: 0.029277116991579533
Latency: 0.024800878949463367
Latency: 0.029441810911521316
Latency: 0.026618945877999067
Latency: 0.026903935009613633
Latency: 0.025647226022556424
Latency: 0.0242591449059546
Latency: 0.04932605288922787
Latency: 0.028179795015603304
Latency: 0.030482973903417587
Latency: 0.02862573484890163
Latency: 0.02647306094877422
Latency: 0.025919046951457858
Latency: 0.027420408092439175
Latency: 0.02496425388380885
Latency: 0.027470692992210388
Latency: 0.026751016033813357
Latency: 0.027336911065503955
Latency: 0.026020092191174626
Latency: 0.02570077101700008
Latency: 0.03110248106531799
Latency: 0.02775869006291032
Latency: 0.0264703962020576
Latency: 0.028794641140848398
Latency: 0.02769120200537145
Latency: 0.02544260793365538
Latency: 0.029179733945056796
Latency: 0.02700669690966606
Latency: 0.02877382398582995
Latency: 0.02896395488642156
Latency: 0.02658288786187768
Latency: 0.02665808191522956
Latency: 0.027885353891178966
Latency: 0.026281330967321992
Latency: 0.025887137046083808
Latency: 0.028165461029857397
Latency: 0.026012280955910683
Latency: 0.026118239853531122
Latency: 0.027396410005167127
Latency: 0.025170347886160016
Latency: 0.0290184470359236
Latency: 0.02574573806487024
Latency: 0.025271353777498007
Latency: 0.025476223090663552
Latency: 0.02435752283781767
Latency: 0.0248188900295645
Latency: 0.026812500087544322
Latency: 0.028047466883435845
Latency: 0.026943854987621307
Latency: 0.025443908059969544
Latency: 0.024407886900007725
Latency: 0.025185419945046306
Latency: 0.02462990488857031
Latency: 0.026827151887118816
Latency: 0.02507658815011382
Latency: 0.0340321350377053
Latency: 0.026016972959041595
Latency: 0.008194708032533526
Latency: 0.00923367403447628
Latency: 0.008676809957250953
Latency: 0.007694052066653967
Latency: 0.009365907870233059
Latency: 0.007521420018747449
Latency: 0.007722588023170829
Latency: 0.007641637930646539
Latency: 0.007831617025658488
Latency: 0.008119313977658749
Latency: 0.0073668090626597404
Latency: 0.007444939110428095
Latency: 0.0074221850372850895
Latency: 0.007234191056340933
Latency: 0.00731259398162365
Latency: 0.007324116071686149
Latency: 0.008356812177225947
Latency: 0.007151879137381911
Latency: 0.009550536051392555
Latency: 0.008829050930216908
Latency: 0.007413498824462295
Latency: 0.0072685780469328165
Latency: 0.009031692054122686
Latency: 0.007398187881335616
Latency: 0.0075028929859399796
Latency: 0.007401696871966124
Latency: 0.007425498915836215
Latency: 0.007475314196199179
Latency: 0.013193361926823854
Latency: 0.008030443917959929
Latency: 0.007543383864685893
Latency: 0.00781657313928008
Latency: 0.008221023017540574
Latency: 0.017913082148879766
Latency: 0.012780337827280164
Latency: 0.008994894102215767
Latency: 0.007463817950338125
Latency: 0.007332837907597423
Latency: 0.007509961957111955
Latency: 0.008970279013738036
Latency: 0.007528663147240877
Latency: 0.007401562994346023
Latency: 0.007352312095463276
Latency: 0.007307983934879303
Latency: 0.007333172019571066
Latency: 0.007268254179507494
Latency: 0.007278718985617161
Latency: 0.007232813164591789
Latency: 0.0072942771948874
Latency: 0.007200893014669418
Latency: 0.007308328989893198
Latency: 0.008216130081564188
Latency: 0.007217071950435638
Latency: 0.0079134670086205
Latency: 0.00751166814006865
Latency: 0.007565860170871019
Latency: 0.007766112918034196
Latency: 0.007545781088992953
Latency: 0.007504096021875739
Latency: 0.007402905961498618
Latency: 0.0074908079113811255
Latency: 0.007606751983985305
Latency: 0.008950871182605624
Latency: 0.007294678129255772
Latency: 0.007457866799086332
Latency: 0.007416991982609034
Latency: 0.007638577139005065
Latency: 0.007421934045851231
Latency: 0.007424005772918463
Latency: 0.007401671027764678
Latency: 0.007483792025595903
Latency: 0.007506760070100427
Latency: 0.007549165049567819
Latency: 0.007453564088791609
Latency: 0.008684691973030567
Latency: 0.007367784855887294
Latency: 0.007295145886018872
Latency: 0.007201424101367593
Latency: 0.007448733085766435
Latency: 0.007410876918584108
Latency: 0.007470241980627179
Latency: 0.0075282680336385965
Latency: 0.007515734061598778
Latency: 0.007510624825954437
Latency: 0.007544604828581214
Latency: 0.007578100077807903
Latency: 0.008659238927066326
Latency: 0.007384546101093292
Latency: 0.007724007125943899
Latency: 0.007585552986711264
Latency: 0.007316333940252662
Latency: 0.007241939892992377
Latency: 0.007271656999364495
Latency: 0.007159500848501921
Latency: 0.007262123050168157
Latency: 0.007252915995195508
Latency: 0.007266618078574538
Latency: 0.00833803997375071
Latency: 0.00732281687669456
Latency: 0.0072974939830601215
Latency: 0.007265154039487243
Latency: 0.007047765888273716
Latency: 0.007436176063492894
Latency: 0.007576228119432926
Latency: 0.007587054977193475
Latency: 0.007435347186401486
Latency: 0.007510101888328791
Latency: 0.007383683929219842
Latency: 0.00728094601072371
Latency: 0.008444484090432525
Latency: 0.007327571976929903
Latency: 0.007372154155746102
Latency: 0.007204287918284535
Latency: 0.007168081123381853
Latency: 0.007036819122731686
Latency: 0.0071925572119653225
Latency: 0.007287435932084918
Latency: 0.007281830068677664
Latency: 0.007253292948007584
Latency: 0.007249830989167094
Latency: 0.008419217076152563
Latency: 0.007313390029594302
Latency: 0.007350900210440159
Latency: 0.0073054160457104445
Latency: 0.007226891117170453
Latency: 0.007264998042955995
Latency: 0.007293429924175143
Latency: 0.007422249065712094
Latency: 0.007384435040876269
Latency: 0.007351096021011472
Latency: 0.007284766063094139
Latency: 0.007358910050243139
Latency: 0.008519078139215708
Latency: 0.007220020052045584
Latency: 0.007182620000094175
Latency: 0.007409366779029369
Latency: 0.007523910840973258
Latency: 0.007547450019046664
Latency: 0.0073210562113672495
Latency: 0.0077026779763400555
Latency: 0.007370488019660115
Latency: 0.007348896935582161
Latency: 0.007262712810188532
Latency: 0.008572715101763606
Latency: 0.007302721031010151
Latency: 0.00727325608022511
Latency: 0.007395097054541111
Latency: 0.007291965186595917
Latency: 0.0071946969255805016
Latency: 0.007228338858112693
Latency: 0.007172801066190004
Latency: 0.007199734915047884
Latency: 0.007405576994642615
Latency: 0.007198960054665804
Latency: 0.008496396942064166
Latency: 0.007242216030135751
Latency: 0.0072498980443924665
Latency: 0.007357127033174038
Latency: 0.007325279992073774
Latency: 0.007275423035025597
Latency: 0.007392327068373561
Latency: 0.007130949990823865
Latency: 0.007272989023476839
Latency: 0.007250308059155941
Latency: 0.00720844604074955
Latency: 0.008432281902059913
Latency: 0.007363833021372557
Latency: 0.007354662055149674
Latency: 0.007544413907453418
Latency: 0.007290284847840667
Latency: 0.007295649033039808
Latency: 0.007292698137462139
Latency: 0.007327595027163625
Latency: 0.007288497872650623
Latency: 0.0074245510622859
Latency: 0.007933523040264845
Latency: 0.008705916116014123
Latency: 0.0073271410074085
Latency: 0.007311227964237332
Latency: 0.007159400964155793
Latency: 0.007197734899818897
Latency: 0.00719710998237133
Latency: 0.007214743876829743
Latency: 0.007229401031509042
Latency: 0.007402616087347269
Latency: 0.0072536831721663475
Latency: 0.007235551020130515
Latency: 0.007292803842574358
Latency: 0.008168867090716958
Latency: 0.0073117350693792105
Latency: 0.007246489869430661
Latency: 0.00745912198908627
Latency: 0.00729678594507277
Latency: 0.0072083931881934404
Latency: 0.007374050095677376
Latency: 0.007234260905534029
Latency: 0.0073508459609001875
Latency: 0.007241606013849378
Latency: 0.007259670877829194
Latency: 0.008410112001001835
Latency: 0.007374264067038894
Latency: 0.007254136959090829
Latency: 0.007428404176607728
Latency: 0.007471011020243168
Latency: 0.007265388034284115
Latency: 0.007308637956157327
Latency: 0.007282610051333904
Latency: 0.007378130918368697
Latency: 0.007391353836283088
Latency: 0.007290665991604328
Latency: 0.007331988075748086
Latency: 0.008315237937495112
Latency: 0.0072611800860613585
Latency: 0.00721325003542006
Latency: 0.007432863116264343
Latency: 0.007251278031617403
Latency: 0.007565286010503769
Latency: 0.0072352029383182526
Latency: 0.007376314140856266
Latency: 0.0071728399489074945
Latency: 0.00722826411947608
Latency: 0.0073166838847100735
Latency: 0.008556175045669079
Latency: 0.007348116021603346
Latency: 0.007265799213200808
Latency: 0.0072383161168545485
Latency: 0.0073287149425596
Latency: 0.0074101099744439125
Latency: 0.00733606587164104
Latency: 0.0072934990748763084
Latency: 0.007353634107857943
Latency: 0.007387753808870912
Latency: 0.007438700878992677
Latency: 0.008430629037320614
Latency: 0.028481998946517706
Latency: 0.0076054350938647985
Latency: 0.007553447969257832
Latency: 0.007325769867748022
Latency: 0.007120148045942187
Latency: 0.007219797000288963
Latency: 0.00720758899115026
Latency: 0.007254848955199122
Latency: 0.007216617930680513
Latency: 0.008104695938527584
Latency: 0.007300450932234526
Latency: 0.007559473859146237
Latency: 0.007878366159275174
Latency: 0.0073819831013679504
Latency: 0.00753073999658227
Latency: 0.007373441010713577
Latency: 0.007253875024616718
Latency: 0.0072466968558728695
Latency: 0.007266556844115257
Latency: 0.007308956002816558
Latency: 0.007329743122681975
Latency: 0.008424397092312574
Latency: 0.007404626812785864
Latency: 0.007517908932641149
Latency: 0.0072978518437594175
Latency: 0.007272684946656227
Latency: 0.007235863944515586
Latency: 0.007190008880570531
Latency: 0.007227236870676279
Latency: 0.007214042125269771
Latency: 0.007463656133040786
Latency: 0.007324904901906848
Latency: 0.008330265991389751
Latency: 0.007133208913728595
Latency: 0.007118466077372432
Latency: 0.007304209982976317
Latency: 0.0072796589229255915
Latency: 0.007286994950845838
Latency: 0.007325327023863792
Latency: 0.00724389310926199
Latency: 0.007257490884512663
Latency: 0.007160298991948366
Latency: 0.007370848907157779
Latency: 0.007308480096980929
Latency: 0.008189267944544554
Latency: 0.007296936120837927
Latency: 0.0074828071519732475
Latency: 0.007363632088527083
Latency: 0.0073309659492224455
Latency: 0.007332829060032964
Latency: 0.007244527107104659
Latency: 0.007336347131058574
Latency: 0.007294622948393226
Latency: 0.0072588250041007996
Latency: 0.0072292969562113285
Latency: 0.008384736021980643
Latency: 0.007354120025411248
Latency: 0.007197035942226648
Latency: 0.007310864981263876
Latency: 0.007276017917320132
Latency: 0.007291543064638972
Latency: 0.007424507988616824
Latency: 0.0073989080265164375
Latency: 0.007265850203111768
Latency: 0.007220131112262607
Latency: 0.007425157120451331
Latency: 0.00727974995970726
Latency: 0.00823135394603014
Latency: 0.0073706042021512985
Latency: 0.007330372929573059
Latency: 0.007470238022506237
Latency: 0.007108472054824233
Latency: 0.007235710974782705
Latency: 0.007065308978781104
Latency: 0.007416606182232499
Latency: 0.007355784066021442
Latency: 0.007251484086737037
Latency: 0.0073217779863625765
Latency: 0.008877152809873223
Latency: 0.007449056021869183
Latency: 0.007380815921351314
Latency: 0.007533408934250474
Latency: 0.0072372909635305405
Latency: 0.007179316133260727
Latency: 0.007618095027282834
Latency: 0.007614186964929104
Latency: 0.007250756956636906
Latency: 0.0072615728713572025
Latency: 0.00733788195066154
Latency: 0.008653480093926191
Latency: 0.007280655903741717
Latency: 0.007286394946277142
Latency: 0.007368745049461722
Latency: 0.007450400851666927
Latency: 0.007398821180686355
Latency: 0.0072558780666440725
Latency: 0.007304440019652247
Latency: 0.007223747204989195
Latency: 0.007234249962493777
Latency: 0.008604614064097404
Latency: 0.007514346856623888
Latency: 0.007398446090519428
Latency: 0.0072944508865475655
Latency: 0.007217227015644312
Latency: 0.007319305092096329
Latency: 0.007237091893330216
Latency: 0.007248145993798971
Latency: 0.007358433911576867
Latency: 0.0073624891228973866
Latency: 0.007368470076471567
Latency: 0.007464186986908317
Latency: 0.008327516028657556
Latency: 0.007253626827150583
Latency: 0.007253297138959169
Latency: 0.007218319224193692
Latency: 0.007414905121549964
Latency: 0.007224097149446607
Latency: 0.007284639868885279
Latency: 0.007264705142006278
Latency: 0.007451571989804506
Latency: 0.007385479984804988
Latency: 0.00739681301638484
Latency: 0.008414309937506914
Latency: 0.007332358974963427
Latency: 0.0073005089070647955
Latency: 0.007321503944694996
Latency: 0.00744561105966568
Latency: 0.00703833089210093
Latency: 0.0071979069616645575
Latency: 0.007232594070956111
Latency: 0.007288648979738355
Latency: 0.00735818687826395
Latency: 0.007396169006824493
Latency: 0.008422177052125335
Latency: 0.007317960960790515
Latency: 0.00742365000769496
Latency: 0.00727160694077611
Latency: 0.007404992124065757
Latency: 0.007295764051377773
Latency: 0.007205225061625242
Latency: 0.007305557141080499
Latency: 0.007298849057406187
Latency: 0.0074514520820230246
Latency: 0.007339010946452618
Latency: 0.00869329203851521
Latency: 0.007189628900960088
Latency: 0.007231367053464055
Latency: 0.007262158906087279
Latency: 0.00720816501416266
Latency: 0.0071901080664247274
Latency: 0.0073803679551929235
Latency: 0.007209542905911803
Latency: 0.007191070122644305
Latency: 0.007212613010779023
Latency: 0.007300991099327803
Latency: 0.008399890037253499
Latency: 0.007316918112337589
Latency: 0.007859492907300591
Latency: 0.007517348043620586
Latency: 0.007515433942899108
Latency: 0.007145992014557123
Latency: 0.007319224998354912
Latency: 0.00724091287702322
Latency: 0.007314683869481087
Latency: 0.007321920013055205
Latency: 0.007157756946980953
Latency: 0.008681613020598888
Latency: 0.007346407976001501
Latency: 0.007280271966010332
Latency: 0.007290518842637539
Latency: 0.007486511021852493
Latency: 0.007385310018435121
Latency: 0.007214739918708801
Latency: 0.007352055981755257
Latency: 0.007422321941703558
Latency: 0.007446927018463612
Latency: 0.007187315030023456
Latency: 0.0085459949914366
Latency: 0.007384996861219406
Latency: 0.007516110083088279
Latency: 0.00740617816336453
Latency: 0.007227128138765693
Latency: 0.007162444991990924
Latency: 0.007319971919059753
Latency: 0.007247791159898043
Latency: 0.007286380976438522
Latency: 0.007383557036519051
Latency: 0.007314746035262942
Latency: 0.008545040152966976
Latency: 0.007215103833004832
Latency: 0.007523695006966591
Latency: 0.007340105017647147
Latency: 0.007357607129961252
Latency: 0.0072137219831347466
Latency: 0.007184468908235431
Latency: 0.007480174070224166
Latency: 0.007580860983580351
Latency: 0.007399989990517497
Latency: 0.007309219101443887
Latency: 0.008906855946406722
Latency: 0.007263453910127282
Latency: 0.007257745834067464
Latency: 0.007451600860804319
Latency: 0.00747436610981822
Latency: 0.0075064911507070065
Latency: 0.007563715102151036
Latency: 0.007930444087833166
Latency: 0.007534601958468556
Latency: 0.007592211943119764
Latency: 0.00858819205313921
Latency: 0.009086814010515809
Latency: 0.007432552985846996
Latency: 0.007384846918284893
Latency: 0.007436035200953484
Latency: 0.007391171995550394
Latency: 0.007218725048005581
Latency: 0.007280939957126975
Latency: 0.007277061929926276
Latency: 0.007315243827179074
Latency: 0.007394507993012667
Latency: 0.00777643290348351
Latency: 0.008651057025417686
Latency: 0.027606641175225377
Latency: 0.007539188954979181
Latency: 0.007498204940930009
Latency: 0.007231089984998107
Latency: 0.007457039086148143
Latency: 0.007846330059692264
Latency: 0.007545439060777426
Latency: 0.007377075031399727
Latency: 0.007388447877019644
Latency: 0.008081637090072036
Latency: 0.007412714883685112
Latency: 0.007378752110525966
Latency: 0.0073372789192944765
Latency: 0.007306409999728203
Latency: 0.007183596957474947
Latency: 0.007246512919664383
Latency: 0.0073551940731704235
Latency: 0.007135327206924558
Latency: 0.007248156005516648
Latency: 0.007501058047637343
Latency: 0.0073754978366196156
Latency: 0.0084717629943043
Latency: 0.007387730060145259
Latency: 0.007316082017496228
Latency: 0.007292073918506503
Latency: 0.007200660882517695
Latency: 0.007241386920213699
Latency: 0.00721602002158761
Latency: 0.007338305003941059
Latency: 0.007328514009714127
Latency: 0.007286346983164549
Latency: 0.007311814930289984
Latency: 0.008535546949133277
Latency: 0.0071138120256364346
Latency: 0.007132934872061014
Latency: 0.00715797021985054
Latency: 0.007180243963375688
Latency: 0.007243959000334144
Latency: 0.007233899086713791
Latency: 0.007279271958395839
Latency: 0.007371264975517988
Latency: 0.007278545992448926
Latency: 0.007253414019942284
Latency: 0.007327232044190168
Latency: 0.008320562075823545
Latency: 0.007235100958496332
Latency: 0.007289891829714179
Latency: 0.007314475020393729
Latency: 0.007535755867138505
Latency: 0.0072749098762869835
Latency: 0.007329156855121255
Latency: 0.007341627962887287
Latency: 0.007369434926658869
Latency: 0.007303624879568815
Latency: 0.0072061228565871716
Latency: 0.008487195009365678
Latency: 0.007348221959546208
Latency: 0.007334700087085366
Latency: 0.007568516070023179
Latency: 0.007251370931044221
Latency: 0.007123196963220835
Latency: 0.007397127104923129
Latency: 0.007407933007925749
Latency: 0.007241234881803393
Latency: 0.0074930451810359955
Latency: 0.00729265296831727
Latency: 0.008511544903740287
Latency: 0.00720245810225606
Latency: 0.007225720910355449
Latency: 0.007236058125272393
Latency: 0.007360955001786351
Latency: 0.007355663925409317
Latency: 0.007389055797830224
Latency: 0.007221861043944955
Latency: 0.007159000961109996
Latency: 0.007202700013294816
Latency: 0.007232628995552659
Latency: 0.00880562816746533
Latency: 0.008312385063618422
Latency: 0.007437893887981772
Latency: 0.00758689409121871
Latency: 0.007379982154816389
Latency: 0.007094978122040629
Latency: 0.00722112599760294
Latency: 0.007226808927953243
Latency: 0.007210579002276063
Latency: 0.00740286591462791
Latency: 0.007349567953497171
Latency: 0.008433104958385229
Latency: 0.007311118999496102
Latency: 0.007389395963400602
Latency: 0.0073050460778176785
Latency: 0.007480129832401872
Latency: 0.007272629998624325
Latency: 0.007110669976100326
Latency: 0.0073165749199688435
Latency: 0.007280894089490175
Latency: 0.007273323135450482
Latency: 0.007319709984585643
Latency: 0.008564404910430312
Latency: 0.007805747911334038
Latency: 0.007220167899504304
Latency: 0.007293842965736985
Latency: 0.007191138109192252
Latency: 0.007203432032838464
Latency: 0.007405217969790101
Latency: 0.007289431057870388
Latency: 0.007429457968100905
Latency: 0.007281102007254958
Latency: 0.00724013103172183
Latency: 0.008426603162661195
Latency: 0.007163604022935033
Latency: 0.007258716970682144
Latency: 0.007224206114187837
Latency: 0.007277892902493477
Latency: 0.0074181160889565945
Latency: 0.007192924153059721
Latency: 0.007550007896497846
Latency: 0.007438075030222535
Latency: 0.007336499867960811
Latency: 0.007287957007065415
Latency: 0.008608706062659621
Latency: 0.007267393171787262
Latency: 0.00722473906353116
Latency: 0.007307084975764155
Latency: 0.007205257890745997
Latency: 0.00723809702321887
Latency: 0.007113022962585092
Latency: 0.008449528831988573
Latency: 0.00767408381216228
Latency: 0.007087405072525144
Latency: 0.0072642420418560505
Latency: 0.008812207030132413
Latency: 0.007311980007216334
Latency: 0.007238611113280058
Latency: 0.007307945052161813
Latency: 0.007247458212077618
Latency: 0.007269490975886583
Latency: 0.007228402886539698
Latency: 0.007197519997134805
Latency: 0.0072299030143767595
Latency: 0.007468651048839092
Latency: 0.007462772075086832
Latency: 0.0085356580093503
Latency: 0.00733827892690897
Latency: 0.007165372837334871
Latency: 0.007235923083499074
Latency: 0.007361928001046181
Latency: 0.007316928822547197
Latency: 0.007179949199780822
Latency: 0.008258267072960734
Latency: 0.007305865874513984
Latency: 0.007181515917181969
Latency: 0.007288176100701094
Latency: 0.007208793191239238
Latency: 0.008524402044713497
Latency: 0.007283760001882911
Latency: 0.0072733641136437654
Latency: 0.007374401902779937
Latency: 0.007300444878637791
Latency: 0.007297944976016879
Latency: 0.007347666192799807
Latency: 0.007351244101300836
Latency: 0.007342648925259709
Latency: 0.007335311966016889
Latency: 0.007239671889692545
Latency: 0.008407396962866187
Latency: 0.007180009037256241
Latency: 0.0072897691279649734
Latency: 0.00732624507509172
Latency: 0.0074346649926155806
Latency: 0.007313035894185305
Latency: 0.0073527011554688215
Latency: 0.0073758268263190985
Latency: 0.007389700971543789
Latency: 0.013323277002200484
Latency: 0.007579470053315163
Latency: 0.007303302874788642
Latency: 0.008280772948637605
Latency: 0.007206805981695652
Latency: 0.0074138150084763765
Latency: 0.0074770578648895025
Latency: 0.007299995981156826
Latency: 0.007332012057304382
Latency: 0.007299697957932949
Latency: 0.007323496043682098
Latency: 0.007266415981575847
Latency: 0.0073152289260178804
Latency: 0.00877311802469194
Latency: 0.00711986911483109
Latency: 0.007277499185875058
Latency: 0.007344587938860059
Latency: 0.007270680041983724
Latency: 0.0072979910764843225
Latency: 0.007129652891308069
Latency: 0.007084721000865102
Latency: 0.007302953861653805
Latency: 0.007245335029438138
Latency: 0.007315533002838492
Latency: 0.007238851860165596
Latency: 0.008373611839488149
Latency: 0.007281450787559152
Latency: 0.007306481013074517
Latency: 0.007258546072989702
Latency: 0.007355696056038141
Latency: 0.007167652947828174
Latency: 0.007311400957405567
Latency: 0.007367315934970975
Latency: 0.007544864900410175
Latency: 0.007296082796528935
Latency: 0.007358860922977328
Latency: 0.008501749951392412
Latency: 0.007380255032330751
Latency: 0.007405673852190375
Latency: 0.007332632085308433
Latency: 0.007562635000795126
Latency: 0.0075077570509165525
Latency: 0.007631151005625725
Latency: 0.0074087041430175304
Latency: 0.007480408996343613
Latency: 0.007398026064038277
Latency: 0.0074164539109915495
Latency: 0.010199226904660463
Latency: 0.007417183136567473
Latency: 0.007485973881557584
Latency: 0.007395819062367082
Latency: 0.007389602018520236
Latency: 0.0073363278061151505
Latency: 0.007390506099909544
Latency: 0.007442017085850239
Latency: 0.007442577043548226
Latency: 0.0073422458954155445
Latency: 0.007374031003564596
Latency: 0.008524724980816245
Latency: 0.028977720998227596
Latency: 0.007475618971511722
Latency: 0.007394038839265704
Latency: 0.007397572044283152
Latency: 0.007319218013435602
Latency: 0.007416992913931608
Latency: 0.007603615988045931
Latency: 0.007243141066282988
Latency: 0.0073140638414770365
Latency: 0.00836700713261962
Latency: 0.007162605877965689
Latency: 0.007276848889887333
Latency: 0.007188037969172001
Latency: 0.007169337011873722
Latency: 0.007248010952025652
Latency: 0.007273213006556034
Latency: 0.007319072028622031
Latency: 0.007367432815954089
Latency: 0.007103943033143878
Latency: 0.007350201020017266
Latency: 0.0071300610434263945
Latency: 0.008226090809330344
Latency: 0.007505051791667938
Latency: 0.007369630970060825
Latency: 0.007224715081974864
Latency: 0.007364735938608646
Latency: 0.007223041960969567
Latency: 0.007163236849009991
Latency: 0.007309613982215524
Latency: 0.00738726812414825
Latency: 0.007379080168902874
Latency: 0.007413082057610154
Latency: 0.008530417922884226
Latency: 0.007344998186454177
Latency: 0.007186895003542304
Latency: 0.007132336031645536
Latency: 0.007223205175250769
Latency: 0.007204638095572591
Latency: 0.007340725045651197
Latency: 0.007148821139708161
Latency: 0.007403656141832471
Latency: 0.007293664151802659
Latency: 0.0072861178778111935
Latency: 0.007448738906532526
Latency: 0.008297957014292479
Latency: 0.007290184963494539
Latency: 0.007204136811196804
Latency: 0.007233115145936608
Latency: 0.007414218038320541
Latency: 0.007384655997157097
Latency: 0.0073331010062247515
Latency: 0.007338993018493056
Latency: 0.007342560915276408
Latency: 0.007263053208589554
Latency: 0.00751971616409719
Latency: 0.008519145892933011
Latency: 0.007360015995800495
Latency: 0.007391517981886864
Latency: 0.008448634063825011
Latency: 0.00730153382755816
Latency: 0.007263240870088339
Latency: 0.007223784923553467
Latency: 0.007384883938357234
Latency: 0.007458187872543931
Latency: 0.007330314023420215
Latency: 0.007252801908180118
Latency: 0.008512241998687387
Latency: 0.007323993137106299
Latency: 0.007156194886192679
Latency: 0.00729402108117938
Latency: 0.007384284865111113
Latency: 0.007337705930694938
Latency: 0.007258563069626689
Latency: 0.007336698938161135
Latency: 0.007375732995569706
Latency: 0.007271460024639964
Latency: 0.0072676329873502254
Latency: 0.008518618065863848
Latency: 0.007171293953433633
Latency: 0.007286520907655358
Latency: 0.007214481942355633
Latency: 0.007271825801581144
Latency: 0.007324891164898872
Latency: 0.007250141119584441
Latency: 0.00709749897941947
Latency: 0.007210549898445606
Latency: 0.007345785852521658
Latency: 0.007255821023136377
Latency: 0.007356201997026801
Latency: 0.008450072957202792
Latency: 0.007097320863977075
Latency: 0.007278410019353032
Latency: 0.0071814460679888725
Latency: 0.00729424599558115
Latency: 0.007326694903895259
Latency: 0.007184936897829175
Latency: 0.007295958930626512
Latency: 0.007231294875964522
Latency: 0.007373906904831529
Latency: 0.0073858690448105335
Latency: 0.007359298877418041
Latency: 0.008465487975627184
Latency: 0.007380234077572823
Latency: 0.007184978807345033
Latency: 0.0073082230519503355
Latency: 0.007175414124503732
Latency: 0.0072377449832856655
Latency: 0.007284238934516907
Latency: 0.007114602951332927
Latency: 0.007281729020178318
Latency: 0.007318048970773816
Latency: 0.007344417041167617
Latency: 0.008512679021805525
Latency: 0.007268239976838231
Latency: 0.007234546123072505
Latency: 0.007306223968043923
Latency: 0.007475523976609111
Latency: 0.0073410929180681705
Latency: 0.007456162944436073
Latency: 0.007475707912817597
Latency: 0.0071797671262174845
Latency: 0.007265710970386863
Latency: 0.007450818084180355
Latency: 0.008757045958191156
Latency: 0.00723832193762064
Latency: 0.007299825083464384
Latency: 0.007372773950919509
Latency: 0.0071955660823732615
Latency: 0.007138082990422845
Latency: 0.007344441954046488
Latency: 0.007383343065157533
Latency: 0.00869836495257914
Latency: 0.007475951919332147
Latency: 0.0071456278674304485
Latency: 0.008788760984316468
Latency: 0.007255910895764828
Latency: 0.007269850932061672
Latency: 0.007256038952618837
Latency: 0.0074607208371162415
Latency: 0.00735097099095583
Latency: 0.007316665956750512
Latency: 0.007364307995885611
Latency: 0.007327370811253786
Latency: 0.007122764131054282
Latency: 0.007333365036174655
Latency: 0.008533353917300701
Latency: 0.007353467168286443
Latency: 0.0073799449019134045
Latency: 0.007345845922827721
Latency: 0.00726282992400229
Latency: 0.007421309128403664
Latency: 0.007309850072488189
Latency: 0.007349502993747592
Latency: 0.0072440579533576965
Latency: 0.007240599952638149
Latency: 0.0073427059687674046
Latency: 0.008604233153164387
Latency: 0.007165798917412758
Latency: 0.007313166977837682
Latency: 0.00730173708871007
Latency: 0.007401455892249942
Latency: 0.007253570016473532
Latency: 0.007184233050793409
Latency: 0.0072355440352112055
Latency: 0.007389645092189312
Latency: 0.007395921042189002
Latency: 0.007554518058896065
Latency: 0.008616863051429391
Latency: 0.007352069020271301
Latency: 0.007355326088145375
Latency: 0.007324094185605645
Latency: 0.007216774160042405
Latency: 0.007289750035852194
Latency: 0.007233764044940472
Latency: 0.007343644043430686
Latency: 0.007370215840637684
Latency: 0.007240504026412964
Latency: 0.007263529812917113
Latency: 0.008435709169134498
Latency: 0.00726621993817389
Latency: 0.007379948860034347
Latency: 0.007285041036084294
Latency: 0.007518969010561705
Latency: 0.00733411218971014
Latency: 0.007256101816892624
Latency: 0.007383050164207816
Latency: 0.007375219138339162
Latency: 0.007285580970346928
Latency: 0.0072004301473498344
Latency: 0.008564433082938194
Latency: 0.007534652948379517
Latency: 0.0074067311361432076
Latency: 0.007462227949872613
Latency: 0.007316362112760544
Latency: 0.0071951390709728
Latency: 0.007312034023925662
Latency: 0.007337430026382208
Latency: 0.007290737936273217
Latency: 0.007444960065186024
Latency: 0.00728610809892416
Latency: 0.007300004130229354
Latency: 0.007282651960849762
Latency: 0.0073956509586423635
Latency: 0.007473956095054746
Latency: 0.012882693903520703
Latency: 0.00793176400475204
Latency: 0.007444123970344663
Latency: 0.007270044879987836
Latency: 0.007307243999093771
Latency: 0.0073067620396614075
Latency: 0.00725660496391356
Latency: 0.00874616694636643
Latency: 0.007308391155675054
Latency: 0.007228421047329903
Latency: 0.007498975144699216
Latency: 0.007287011947482824
Latency: 0.007328555919229984
Latency: 0.007335655158385634
Latency: 0.007354340981692076
Latency: 0.007307630963623524
Latency: 0.007187837036326528
Latency: 0.007398271933197975
Latency: 0.00854477402754128
Latency: 0.007355905137956142
Latency: 0.007391860010102391
Latency: 0.007385310018435121
Latency: 0.007198680890724063
Latency: 0.00722624990157783
Latency: 0.007426806027069688
Latency: 0.007277303142473102
Latency: 0.0074255201034247875
Latency: 0.007237445097416639
Latency: 0.0073896360117942095
Latency: 0.007302175974473357
Latency: 0.008530213963240385
Latency: 0.007416949840262532
Latency: 0.007290042005479336
Latency: 0.007255934178829193
Latency: 0.0072312611155211926
Latency: 0.007322330959141254
Latency: 0.007311074063181877
Latency: 0.007273404160514474
Latency: 0.0077505349181592464
Latency: 0.007460684981197119
Latency: 0.007340783951804042
Latency: 0.008594143902882934
Latency: 0.029779138043522835
Latency: 0.007441491121426225
Latency: 0.007331587141379714
Latency: 0.007176073035225272
Latency: 0.007294920040294528
Latency: 0.007159985136240721
Latency: 0.007333667948842049
Latency: 0.007319911848753691
Latency: 0.0072583649307489395
Latency: 0.00829373300075531
Latency: 0.007225345121696591
Latency: 0.007212923839688301
Latency: 0.0072735820431262255
Latency: 0.007296425988897681
Latency: 0.007255748845636845
Latency: 0.0071477429009974
Latency: 0.007266639964655042
Latency: 0.0071195028722286224
Latency: 0.007237802026793361
Latency: 0.007278997916728258
Latency: 0.007226340007036924
Latency: 0.008301994996145368
Latency: 0.007308159954845905
Latency: 0.007436543004587293
Latency: 0.007216945989057422
Latency: 0.00729518779553473
Latency: 0.007163842907175422
Latency: 0.00807020883075893
Latency: 0.007258926052600145
Latency: 0.007265713065862656
Latency: 0.0072378471959382296
Latency: 0.007343339966610074
Latency: 0.008686035871505737
Latency: 0.007405983982607722
Latency: 0.007243823958560824
Latency: 0.007266981061547995
Latency: 0.007308322004973888
Latency: 0.007321144919842482
Latency: 0.007210477022454143
Latency: 0.0073103951290249825
Latency: 0.007266755914315581
Latency: 0.00730365002527833
Latency: 0.0074105600360780954
Latency: 0.00735299801453948
Latency: 0.008500765077769756
Latency: 0.007362730102613568
Latency: 0.007179373176768422
Latency: 0.007171933073550463
Latency: 0.007336501032114029
Latency: 0.00723618408665061
Latency: 0.007123180897906423
Latency: 0.007225862937048078
Latency: 0.007226654095575213
Latency: 0.007266615983098745
Latency: 0.007375451968982816
Latency: 0.008438057964667678
Latency: 0.007268899120390415
Latency: 0.007225007982924581
Latency: 0.007383042015135288
Latency: 0.007229720009490848
Latency: 0.007438271073624492
Latency: 0.007321225944906473
Latency: 0.007402626099064946
Latency: 0.007294150069355965
Latency: 0.0074947369284927845
Latency: 0.007294483948498964
Latency: 0.008512222906574607
Latency: 0.007404612144455314
Latency: 0.007277528056874871
Latency: 0.007340544136241078
Latency: 0.007285818923264742
Latency: 0.007172114914283156
Latency: 0.007301816018298268
Latency: 0.0073563531041145325
Latency: 0.007218922954052687
Latency: 0.0072873050812631845
Latency: 0.007284071063622832
Latency: 0.008394842967391014
Latency: 0.007156451931223273
Latency: 0.007217413978651166
Latency: 0.007403112016618252
Latency: 0.007366422098129988
Latency: 0.007219166960567236
Latency: 0.007278593024238944
Latency: 0.007181514985859394
Latency: 0.007224766071885824
Latency: 0.007229451788589358
Latency: 0.008523312862962484
Latency: 0.007230701157823205
Latency: 0.007406207965686917
Latency: 0.0072193939704447985
Latency: 0.00722821312956512
Latency: 0.007323188008740544
Latency: 0.007392175029963255
Latency: 0.00733415107242763
Latency: 0.007734315004199743
Latency: 0.007694137981161475
Latency: 0.007484460016712546
Latency: 0.00734729110263288
Latency: 0.008834136882796884
Latency: 0.00800668797455728
Latency: 0.007409363053739071
Latency: 0.007292176131159067
Latency: 0.007388203172013164
Latency: 0.007371609099209309
Latency: 0.007128705037757754
Latency: 0.007345706922933459
Latency: 0.0073949049692600965
Latency: 0.007343281991779804
Latency: 0.00740006216801703
Latency: 0.008439817931503057
Latency: 0.007349031046032906
Latency: 0.007370473816990852
Latency: 0.007342645898461342
Latency: 0.007326758000999689
Latency: 0.007605238817632198
Latency: 0.0072667901404201984
Latency: 0.007334893103688955
Latency: 0.007429959950968623
Latency: 0.007156687090173364
Latency: 0.00734713114798069
Latency: 0.008614079095423222
Latency: 0.007375315064564347
Latency: 0.007254343945533037
Latency: 0.007356442976742983
Latency: 0.007365897065028548
Latency: 0.007451409008353949
Latency: 0.007389078848063946
Latency: 0.0075052641332149506
Latency: 0.0074268479365855455
Latency: 0.007304599974304438
Latency: 0.007396552013233304
Latency: 0.007129310863092542
Latency: 0.008409954840317369
Latency: 0.007357852999120951
Latency: 0.0072723389603197575
Latency: 0.007186948088929057
Latency: 0.007307425141334534
Latency: 0.007316843140870333
Latency: 0.007338491966947913
Latency: 0.00724925915710628
Latency: 0.007199296960607171
Latency: 0.007419354049488902
Latency: 0.007400600938126445
Latency: 0.008796724956482649
Latency: 0.007254394935443997
Latency: 0.007194948149845004
Latency: 0.007287804968655109
Latency: 0.0071601830422878265
Latency: 0.007312315981835127
Latency: 0.007146121002733707
Latency: 0.007130298996344209
Latency: 0.007166798925027251
Latency: 0.007225468056276441
Latency: 0.007327649975195527
Latency: 0.007398454938083887
Latency: 0.008325432892888784
Latency: 0.00719749485142529
Latency: 0.007357096066698432
Latency: 0.00730777601711452
Latency: 0.007445171941071749
Latency: 0.0073921410366892815
Latency: 0.007300782948732376
Latency: 0.007339064963161945
Latency: 0.007436696905642748
Latency: 0.007372607011348009
Latency: 0.007302314043045044
Latency: 0.008479474810883403
Latency: 0.007467610063031316
Latency: 0.0073673659935593605
Latency: 0.00731039303354919
Latency: 0.007348718121647835
Latency: 0.007798018865287304
Latency: 0.007327846018597484
Latency: 0.007432678947225213
Latency: 0.007431443082168698
Latency: 0.007350495085120201
Latency: 0.0072343319188803434
Latency: 0.007275798125192523
Latency: 0.008445915067568421
Latency: 0.007314902963116765
Latency: 0.00735148205421865
Latency: 0.00742901093326509
Latency: 0.007476477883756161
Latency: 0.007332080043852329
Latency: 0.007335996022447944
Latency: 0.007321233861148357
Latency: 0.0074843610636889935
Latency: 0.007414001040160656
Latency: 0.007432732032611966
Latency: 0.008752627996727824
Latency: 0.007170533062890172
Latency: 0.007264257874339819
Latency: 0.007215326884761453
Latency: 0.007399211870506406
Latency: 0.007306091021746397
Latency: 0.007305955979973078
Latency: 0.007313758134841919
Latency: 0.007207798073068261
Latency: 0.0072859181091189384
Latency: 0.007318322081118822
Latency: 0.007426730124279857
Latency: 0.00835485802963376
Latency: 0.007338077994063497
Latency: 0.007313732989132404
Latency: 0.007318411022424698
Latency: 0.007379503920674324
Latency: 0.007248248904943466
Latency: 0.007528702961280942
Latency: 0.007330775959417224
Latency: 0.007483543129637837
Latency: 0.007424392970278859
Latency: 0.007331819972023368
Latency: 0.008596410974860191
Latency: 0.007244439097121358
Latency: 0.007282619131729007
Latency: 0.007242439081892371
Latency: 0.007264049025252461
Latency: 0.007254444062709808
Latency: 0.007278017001226544
Latency: 0.007320328848436475
Latency: 0.0071743030566722155
Latency: 0.007306868908926845
Latency: 0.007373203989118338
Latency: 0.0075162851717323065
Latency: 0.008377458900213242
Latency: 0.0073611619882285595
Latency: 0.00733346096239984
Latency: 0.007240035105496645
Latency: 0.007392618805170059
Latency: 0.007302195066586137
Latency: 0.0073852320201694965
Latency: 0.007397962035611272
Latency: 0.007393643027171493
Latency: 0.00739476690068841
Latency: 0.007283074082806706
Latency: 0.008538129040971398
Latency: 0.0072960141114890575
Latency: 0.0072854680474847555
Latency: 0.0071684569120407104
Latency: 0.007441454799845815
Latency: 0.007306795101612806
Latency: 0.007321521174162626
Latency: 0.0071745680179446936
Latency: 0.007110378937795758
Latency: 0.007825233042240143
Latency: 0.007253732997924089
Latency: 0.007467401912435889
Latency: 0.008528439095243812
Latency: 0.007318403106182814
Latency: 0.007306467974558473
Latency: 0.007333846064284444
Latency: 0.007267357083037496
Latency: 0.0071955230087041855
Latency: 0.007224810076877475
Latency: 0.007315837079659104
Latency: 0.007445731898769736
Latency: 0.007432322017848492
Latency: 0.007330992026254535
Latency: 0.008470549015328288
Latency: 0.04107743711210787
Latency: 0.00791857810690999
Latency: 0.007496813079342246
Latency: 0.007406369084492326
Latency: 0.0074115770403295755
Latency: 0.007314861984923482
Latency: 0.0071982769295573235
Latency: 0.007288715103641152
Latency: 0.007392016937956214
Latency: 0.007274707080796361
Latency: 0.0072672630194574594
Latency: 0.007372646825388074
Latency: 0.007459403946995735
Latency: 0.007140515139326453
Latency: 0.0072617740370333195
Latency: 0.007159427041187882
Latency: 0.007146796910092235
Latency: 0.007152917794883251
Latency: 0.007144510047510266
Latency: 0.007285644067451358
Latency: 0.007362158969044685
Latency: 0.008308999007567763
Latency: 0.007313016103580594
Latency: 0.007248628884553909
Latency: 0.007223377004265785
Latency: 0.007382964948192239
Latency: 0.007294106995686889
Latency: 0.007294279057532549
Latency: 0.00744026992470026
Latency: 0.014425117056816816
Latency: 0.007679075002670288
Latency: 0.007413594052195549
Latency: 0.010307950899004936
Latency: 0.007526661967858672
