Latency: 1.0790335298515856
Latency: 0.9505126380827278
Latency: 0.8912985259667039
Latency: 0.860737961018458
Latency: 0.8412557560950518
Latency: 0.8318663560785353
Latency: 0.88973502907902
Latency: 0.8552102430257946
Latency: 0.8966543520800769
Latency: 0.8860424479935318
Latency: 0.9260917911306024
Latency: 0.8768296770285815
Latency: 0.8977089070249349
Latency: 0.9070984439458698
Latency: 0.9266985929571092
Latency: 0.9159215739928186
Latency: 0.8840982511173934
Latency: 0.8440653411671519
Latency: 0.8325947199482471
Latency: 0.8561876371968538
Latency: 0.83479431620799
Latency: 0.838148235110566
Latency: 0.8510642170440406
Latency: 0.8355907727964222
Latency: 0.8410858239512891
Latency: 0.8219231148250401
Latency: 0.8434960630256683
