Latency: 0.9235410520341247
Latency: 0.9289252711459994
Latency: 0.9306574850343168
Latency: 0.9319574909750372
Latency: 0.8330203320365399
Latency: 0.8377585641574115
Latency: 0.8469477740582079
Latency: 0.8473889399319887
Latency: 0.8365995830390602
Latency: 0.8406678179744631
Latency: 0.851594554958865
Latency: 0.8409315708559006
Latency: 0.8297263879794627
Latency: 0.8227001100312918
Latency: 0.8235650230199099
Latency: 0.8342982311733067
Latency: 0.8349306639283895
Latency: 0.8463243399746716
Latency: 0.8452568319626153
Latency: 0.8278864349704236
Latency: 0.8529135300777853
Latency: 0.8469230779446661
Latency: 0.861196261132136
Latency: 0.8687277969438583
Latency: 0.8415823529940099
Latency: 0.8473697339650244
Latency: 0.8447197668720037
Latency: 0.8458687569946051
Latency: 0.8395253280177712
Latency: 0.8580682408064604
Latency: 0.8507257020100951
Latency: 0.844737539999187
Latency: 0.8395694911014289
Latency: 0.8487464049831033
Latency: 0.8590037380345166
Latency: 0.8525676920544356
Latency: 0.8437798318918794
Latency: 0.8367887688800693
Latency: 0.8454937150236219
Latency: 0.8430515890941024
Latency: 0.8273465060628951
Latency: 0.8407539709005505
Latency: 0.8354609820526093
Latency: 0.8348413771018386
Latency: 0.8283194440882653
Latency: 0.8408136491198093
Latency: 0.8404203760437667
Latency: 0.8285706739407033
Latency: 0.8375674090348184
Latency: 0.8467348320409656
Latency: 0.8349146849941462
Latency: 0.8447100021876395
Latency: 0.8343719867989421
Latency: 0.8397746561095119
Latency: 0.8457989869639277
Latency: 0.8463703440502286
Latency: 0.8487248809542507
Latency: 0.8429492202121764
Latency: 0.81733926711604
Latency: 0.8304651870857924
Latency: 0.8441429319791496
Latency: 0.8406340361107141
Latency: 0.8325742678716779
Latency: 0.8413657799828798
Latency: 0.8400578941218555
Latency: 0.8394264150410891
Latency: 0.8516661531757563
Latency: 0.8538390849716961
Latency: 0.8338535479269922
Latency: 0.8533401431050152
Latency: 0.8348732269369066
Latency: 0.8322096401825547
Latency: 0.8360574508551508
Latency: 0.8452200731262565
Latency: 0.8419806479942054
Latency: 0.8546269508078694
Latency: 0.8420470249839127
Latency: 0.8496185061521828
Latency: 0.8681285758502781
Latency: 0.8568400491494685
