Latency: 1.0663225899916142
Latency: 1.0861401360016316
Latency: 1.0846587920095772
Latency: 1.080592759884894
Latency: 1.061940878862515
Latency: 1.087061810074374
Latency: 1.0747305501718074
Latency: 1.100884759798646
Latency: 1.0857677010353655
Latency: 1.0822608231101185
Latency: 1.086584772914648
Latency: 1.103795605013147
Latency: 1.1244205909315497
Latency: 1.1046465788967907
Latency: 1.1026866571046412
Latency: 1.1101563789416105
Latency: 1.1234479809645563
Latency: 1.1221695519052446
Latency: 1.1381464069709182
Latency: 1.1305085169151425
Latency: 1.1352356439456344
Latency: 1.1151079158298671
Latency: 1.126627653138712
Latency: 1.139061053050682
Latency: 1.1648972181137651
Latency: 1.1463644469622523
Latency: 1.1392373230773956
Latency: 1.1666995149571449
Latency: 1.1540568370837718
Latency: 1.150805772980675
Latency: 1.1669658720493317
Latency: 1.1467997720465064
Latency: 1.1613655779510736
Latency: 1.1695872081909329
Latency: 1.1759221479296684
Latency: 1.1724362450186163
Latency: 1.1869598380289972
Latency: 1.1751852359157056
Latency: 1.1815016700420529
Latency: 1.1887476539704949
Latency: 1.1899771690368652
Latency: 1.2158120679669082
Latency: 1.1932597779668868
Latency: 1.2177342840004712
Latency: 1.2149819650221616
Latency: 1.1928254428785294
Latency: 1.2080230650026351
Latency: 1.2239963770844042
Latency: 1.2234238509554416
Latency: 1.2098834258504212
Latency: 1.1998934869188815
Latency: 1.2363383928313851
Latency: 1.238977795932442
Latency: 1.2386014380026609
Latency: 1.2103372050914913
Latency: 1.2370809479616582
Latency: 1.2177046861033887
Latency: 1.2371804411523044
Latency: 1.2441213461570442
Latency: 1.2319582409691066
Latency: 1.234522215090692
Latency: 1.2339150679763407
Latency: 1.2440608269535005
Latency: 1.2718849580269307
Latency: 1.2554793329909444
Latency: 1.2393579608760774
Latency: 1.2553662350401282
Latency: 1.2629188019782305
Latency: 1.26974804000929
Latency: 1.2692733129952103
Latency: 1.2790181539021432
Latency: 1.2892637019976974
Latency: 1.2750315889716148
Latency: 1.2637470969930291
Latency: 1.2846313619520515
Latency: 1.2796330070123076
Latency: 1.2910215789452195
Latency: 1.2730439431034029
Latency: 1.2754358099773526
Latency: 1.2701847408898175
Latency: 1.3040794169064611
Latency: 1.3010887431446463
Latency: 1.296498361043632
Latency: 1.294238658156246
Latency: 1.309217126108706
Latency: 1.2889812819194049
Latency: 1.3012920131441206
Latency: 1.3006716480012983
Latency: 1.2946255230344832
Latency: 1.2970759980380535
Latency: 1.3272548019886017
Latency: 1.3308464749716222
Latency: 1.3120022099465132
Latency: 1.3334538689814508
Latency: 1.3019518239889294
Latency: 1.3243809030391276
Latency: 1.313217867165804
Latency: 1.3151140580885112
Latency: 1.3200132728088647
Latency: 1.3459619339555502
Latency: 1.3483864329755306
Latency: 1.3441232559271157
Latency: 1.3372584618628025
Latency: 1.322976497001946
Latency: 1.3404601700603962
Latency: 1.3377810639794916
Latency: 1.3547124050091952
Latency: 1.3550799689255655
Latency: 1.350893786875531
Latency: 1.3575599191244692
Latency: 1.342785628978163
Latency: 1.3623403399251401
Latency: 1.37822587788105
Latency: 1.3473252430558205
Latency: 1.3631527540273964
Latency: 1.3649159739725292
Latency: 1.3607812200207263
Latency: 1.3684884048998356
Latency: 1.3884098189882934
Latency: 1.3851740011014044
Latency: 1.3928688960149884
Latency: 1.3985501879360527
Latency: 1.3954458360094577
Latency: 1.3682077750563622
Latency: 1.3745633088983595
Latency: 1.4013984620105475
Latency: 1.3772896048612893
Latency: 1.4077102208975703
Latency: 0.8568909310270101
Latency: 0.855315346037969
Latency: 0.8497717468999326
Latency: 0.8517849179916084
Latency: 0.8610249469056726
Latency: 0.872587732039392
Latency: 0.8684223159216344
Latency: 0.8718038799706846
Latency: 0.8841177260037512
Latency: 0.8760787269566208
Latency: 0.8798711330164224
Latency: 0.8858387831132859
Latency: 0.8889975300990045
Latency: 0.8864251228515059
Latency: 0.8808173940051347
Latency: 0.8838376549538225
Latency: 0.8950999090448022
Latency: 0.9084719948004931
Latency: 0.9023627790156752
Latency: 0.8991738751064986
Latency: 0.9062451359350234
Latency: 0.9086018321104348
Latency: 0.9377986250910908
Latency: 0.9432516698725522
Latency: 0.9432396399788558
Latency: 0.9371356940828264
Latency: 0.947981929872185
Latency: 0.947312633972615
Latency: 0.951703606871888
Latency: 0.949077783850953
Latency: 0.9580558168236166
Latency: 0.9547277130186558
Latency: 0.9717811499722302
Latency: 0.9716397109441459
Latency: 0.9790811520069838
Latency: 0.9462477210909128
Latency: 0.984225096879527
Latency: 0.9505528151057661
Latency: 0.9599770549684763
Latency: 0.9546919199638069
Latency: 0.9650531068909913
Latency: 0.965000935131684
Latency: 0.964930746005848
Latency: 0.9712856139522046
Latency: 0.9689495731145144
Latency: 0.9700003019534051
Latency: 0.9730520981829613
Latency: 0.9728728348854929
Latency: 0.9808627599850297
Latency: 0.9834880728740245
Latency: 0.9753913551103324
Latency: 0.9830316759180278
Latency: 0.9827070299070328
Latency: 0.9901177689898759
Latency: 0.9679944210220128
Latency: 0.966409555869177
Latency: 0.99568677903153
Latency: 0.9826960831414908
Latency: 0.9796612479258329
Latency: 0.976149391150102
Latency: 0.9802036480978131
Latency: 0.9707126249559224
Latency: 0.9917297880165279
Latency: 1.0182785301003605
Latency: 0.9892649760004133
Latency: 0.9708083809819072
Latency: 0.9796541100367904
Latency: 0.9765911239665002
Latency: 0.9776868550106883
Latency: 0.988946630153805
Latency: 0.9843298951163888
Latency: 0.991938027087599
Latency: 0.9953860908281058
Latency: 0.984012687113136
Latency: 0.983322616899386
Latency: 0.9966344109270722
Latency: 0.9895061578135937
Latency: 0.9916415391489863
Latency: 0.9857420411426574
Latency: 0.9897690368816257
Latency: 1.0081105299759656
Latency: 0.996382124023512
Latency: 0.9942902838811278
Latency: 1.0117609740700573
Latency: 1.0007851880509406
Latency: 1.00062390207313
Latency: 1.007766337832436
Latency: 1.0094946699682623
Latency: 1.0067105980124325
Latency: 1.0096516741905361
Latency: 1.0099304129835218
Latency: 1.0165275509934872
Latency: 1.0111895769368857
Latency: 1.023024155991152
Latency: 1.0040048430673778
Latency: 1.0119625080842525
Latency: 0.9810830031055957
Latency: 1.0339693808928132
Latency: 1.03626082604751
Latency: 1.0333960340358317
Latency: 1.0097463440615684
Latency: 1.006912131095305
Latency: 1.0066038279328495
Latency: 1.03817523480393
Latency: 1.0447144540958107
Latency: 1.0072558268439025
Latency: 1.0096229610498995
Latency: 1.010754720075056
Latency: 1.0411908531095833
Latency: 1.0352324428968132
Latency: 1.039290487067774
Latency: 1.0280473181046546
Latency: 1.0454648870509118
Latency: 1.0038766579236835
Latency: 1.030550108058378
Latency: 1.0399697800166905
Latency: 1.0120804540347308
Latency: 1.0150991659611464
Latency: 1.0131657649762928
Latency: 1.0219943029806018
Latency: 1.021729583851993
Latency: 1.049293974880129
Latency: 1.0306202140636742
Latency: 1.0263672778382897
Latency: 1.0314442908857018
Latency: 1.0328364830929786
Latency: 1.0454287910833955
Latency: 1.0205669458955526
Latency: 0.8999185829889029
Latency: 0.8484232500195503
Latency: 0.84684355603531
Latency: 0.8368611179757863
Latency: 0.8627668551634997
Latency: 0.8425810651388019
Latency: 0.8711822160985321
Latency: 0.8573135491460562
Latency: 0.8448765859939158
Latency: 0.8457304949406534
Latency: 0.8531051760073751
Latency: 0.8523786792065948
Latency: 0.8547461000271142
Latency: 0.8617004500702024
Latency: 0.8664536220021546
Latency: 0.8717901259660721
Latency: 0.8602394009940326
Latency: 0.8625293718650937
Latency: 0.866161982063204
Latency: 0.8648305218666792
Latency: 0.8700703480280936
Latency: 0.865321489982307
Latency: 0.9065614598803222
Latency: 0.9112127099651843
Latency: 0.8846829270478338
Latency: 0.897179297870025
Latency: 0.9026988740079105
Latency: 0.9107642211019993
Latency: 0.9031888670288026
Latency: 0.9175712761934847
Latency: 0.9105871100910008
Latency: 0.9128551972098649
Latency: 0.9220713151153177
Latency: 0.9211417350452393
Latency: 0.9295349288731813
Latency: 0.9256809309590608
Latency: 0.923286204924807
Latency: 0.9243940738961101
Latency: 0.8966911118477583
Latency: 0.9389025960117579
Latency: 0.9077066469471902
Latency: 0.906033111969009
Latency: 0.912823717109859
Latency: 0.9045815898571163
Latency: 0.9078228869475424
Latency: 0.8993592858314514
Latency: 0.9031813719775528
Latency: 0.9562194771133363
Latency: 0.9010841359850019
Latency: 0.9137099268846214
Latency: 0.9046762648504227
Latency: 0.9178925231099129
Latency: 0.9223689010832459
Latency: 0.9309354790020734
Latency: 0.9238781819585711
Latency: 0.9273459350224584
Latency: 0.9138922120910138
Latency: 0.9243552261032164
Latency: 0.9393385169096291
Latency: 0.9287386580836028
Latency: 0.9329483369365335
Latency: 0.940425475127995
Latency: 0.9391528780106455
Latency: 0.9431089491117746
Latency: 0.924585924949497
Latency: 0.9333801509346813
Latency: 0.9278365259524435
Latency: 0.9464640100486577
Latency: 0.9292940010782331
Latency: 0.922005285974592
Latency: 0.9345359951257706
Latency: 0.9331303960643709
Latency: 0.943555663805455
Latency: 0.9557047849521041
Latency: 0.9465794011484832
Latency: 0.9464516439475119
Latency: 0.93759870599024
Latency: 0.9661477350164205
Latency: 0.9657407570630312
Latency: 0.9771139069925994
Latency: 0.9695563819259405
Latency: 0.967577689094469
Latency: 0.9570587591733783
Latency: 0.9719924330711365
Latency: 0.9561666890513152
Latency: 0.9706496039871126
Latency: 0.9829695119988173
Latency: 0.9743634010665119
Latency: 0.9687350490130484
Latency: 0.978223412996158
Latency: 0.9780707340687513
Latency: 0.9744121779222041
Latency: 0.9817391270771623
Latency: 0.9851208350155503
Latency: 0.9619850239250809
Latency: 0.9697765519376844
Latency: 0.9896179630886763
Latency: 0.9635304259136319
Latency: 0.9436251139268279
Latency: 0.9816524579655379
Latency: 0.9493057818617672
Latency: 0.9604158429428935
Latency: 0.9723507899325341
Latency: 0.9615021247882396
Latency: 0.9504229440353811
Latency: 0.9833988000173122
Latency: 0.9704278139397502
Latency: 0.9835026280488819
Latency: 0.9787843259982765
Latency: 0.9973431550897658
Latency: 0.9513100499752909
Latency: 0.9455442049074918
Latency: 0.9553324491716921
Latency: 0.9867385008838028
Latency: 0.9864046829752624
Latency: 0.9930515640880913
Latency: 0.9895157651044428
Latency: 0.9887113680597395
Latency: 0.9688031319528818
Latency: 0.9904367630369961
Latency: 0.9699552070815116
Latency: 0.9643258589785546
Latency: 0.9654093370772898
Latency: 0.9722994042094797
Latency: 0.9782676510512829
Latency: 0.9973062409553677
Latency: 1.0035561630502343
Latency: 1.0207837529014796
Latency: 0.8579952521249652
Latency: 0.862131698988378
Latency: 0.8540731300599873
Latency: 0.8576649331953377
Latency: 0.8602395779453218
Latency: 0.8458018770907074
Latency: 0.8519143001176417
Latency: 0.8523035710677505
Latency: 0.8572795758955181
Latency: 0.855692759854719
Latency: 0.8501983880996704
Latency: 0.8618026720359921
Latency: 0.8700866738799959
Latency: 0.8686705019790679
Latency: 0.8703706450760365
Latency: 0.8657842858228832
Latency: 0.8711198610253632
Latency: 0.8712421690579504
Latency: 0.8708780619781464
Latency: 0.8864436340518296
Latency: 0.8864813649561256
Latency: 0.8390163502190262
Latency: 0.8686976619064808
Latency: 0.8642906120512635
Latency: 0.8653576178476214
Latency: 0.8375617349520326
Latency: 0.8461392500903457
Latency: 0.9359300821088254
Latency: 0.906378478044644
Latency: 0.9176333541981876
Latency: 0.9158288748003542
Latency: 0.902312807040289
Latency: 0.9038675709161907
Latency: 0.9117821250110865
Latency: 0.9078221158124506
Latency: 0.8723494079895318
Latency: 0.91385731799528
Latency: 0.9181895689107478
Latency: 0.8774406278971583
Latency: 0.9180026289541274
Latency: 0.8939486108720303
Latency: 0.9020307140890509
Latency: 0.8769364261534065
Latency: 0.8770087519660592
Latency: 0.8883620959240943
Latency: 0.892582074040547
Latency: 0.8976975230034441
Latency: 0.8885320001281798
Latency: 0.9124908680096269
Latency: 0.8956157169304788
Latency: 0.8922778500709683
Latency: 0.8906161661725491
Latency: 0.9115762519650161
Latency: 0.9003809511195868
Latency: 0.910778378136456
Latency: 0.9105969739612192
Latency: 0.9145073138643056
Latency: 0.9178239330649376
Latency: 0.9227024209685624
Latency: 0.9146645599976182
Latency: 0.9223026870749891
Latency: 0.9110508910380304
Latency: 0.9139583478681743
Latency: 0.9311282970011234
Latency: 0.9127925438806415
Latency: 0.9143157110083848
Latency: 0.9350331788882613
Latency: 0.9274039608426392
Latency: 0.9336591949686408
Latency: 0.9229505429975688
Latency: 0.9276142781600356
Latency: 0.9252254930324852
Latency: 0.9304330609738827
Latency: 0.92977539380081
Latency: 0.9477234329096973
Latency: 0.9304176028817892
Latency: 0.9340060250833631
Latency: 0.9364505670964718
Latency: 0.9399399100802839
Latency: 0.932168124942109
Latency: 0.9346052319742739
Latency: 0.9385881931520998
Latency: 0.9423098270781338
Latency: 0.9431077400222421
Latency: 0.9488420740235597
Latency: 0.9393593268468976
Latency: 0.9574187779799104
Latency: 0.9252337608486414
Latency: 0.9466881060507149
Latency: 0.9558597919531167
Latency: 0.9231193440500647
Latency: 0.9213778181001544
Latency: 0.9329520449973643
Latency: 0.923454602016136
Latency: 0.9375320330727845
Latency: 0.9521501378621906
Latency: 0.9435238048899919
Latency: 0.9546420348342508
Latency: 0.9217162600252777
Latency: 0.9204942991491407
Latency: 0.9577735671773553
Latency: 0.9494183009956032
Latency: 0.9439294449985027
Latency: 0.9681680900976062
Latency: 0.9547472731210291
Latency: 0.9441000279039145
Latency: 0.940216176211834
Latency: 0.9481163751333952
Latency: 0.9478251188993454
Latency: 0.9175983159802854
Latency: 0.9174270320218056
Latency: 0.9221457950770855
Latency: 0.9927242761477828
Latency: 1.0010651340708137
Latency: 0.9810864520259202
Latency: 0.9574986018706113
Latency: 1.0065055410377681
Latency: 1.0106101790443063
Latency: 1.011032085167244
Latency: 0.9845695758704096
Latency: 1.0278037840034813
Latency: 1.0215107770636678
Latency: 1.0256963199935853
Latency: 1.0256754760630429
Latency: 1.0250950150657445
Latency: 1.0241328419651836
Latency: 1.02616475103423
Latency: 1.0329880169592798
Latency: 0.9058884310070425
Latency: 0.9065493659581989
Latency: 0.905302605824545
Latency: 0.9132876440417022
Latency: 0.9091452781576663
Latency: 0.9148791809566319
Latency: 0.9124640037771314
Latency: 0.8756170170381665
Latency: 0.8836989519186318
Latency: 0.9209445901215076
Latency: 0.8884718550834805
Latency: 0.8955286468844861
Latency: 0.8910345719195902
Latency: 0.882177990861237
Latency: 0.8854563620407134
Latency: 0.8844386099372059
Latency: 0.8892643889412284
Latency: 0.8913563729729503
Latency: 0.9031929029151797
Latency: 0.8925503550563008
Latency: 0.9001853899098933
Latency: 0.8341447229031473
Latency: 0.8325992489699274
Latency: 0.8341130760964006
Latency: 0.8441882408224046
Latency: 0.848967851838097
Latency: 0.8329926740843803
Latency: 0.8782427839469165
Latency: 0.8786791781894863
Latency: 0.8790509810205549
Latency: 0.8849659429397434
Latency: 0.8821836409624666
Latency: 0.8861023301724344
Latency: 0.8834416770841926
Latency: 0.8870679899118841
Latency: 0.8934591819997877
Latency: 0.8967055140528828
Latency: 0.8930037678219378
Latency: 0.8648771159350872
Latency: 0.8532016470562667
Latency: 0.883199559058994
Latency: 0.8699356280267239
Latency: 0.880741615081206
Latency: 0.8707635889295489
Latency: 0.8710944200865924
Latency: 0.872416655998677
Latency: 0.8777686359826475
Latency: 0.8547658631578088
Latency: 0.8749106761533767
Latency: 0.8758636789862067
Latency: 0.8715777909383178
Latency: 0.8871851700823754
Latency: 0.8635622719302773
Latency: 0.881516485940665
Latency: 0.8815288550686091
Latency: 0.889568162150681
Latency: 0.8788739200681448
Latency: 0.8686032330151647
Latency: 0.8638939100783318
Latency: 0.8927275980822742
Latency: 0.8742570420727134
Latency: 0.8831566970329732
Latency: 0.8882324821315706
Latency: 0.8798934649676085
Latency: 0.8708304311148822
Latency: 0.9079214420635253
Latency: 0.8797003908548504
Latency: 0.8742094470653683
Latency: 0.89803137187846
Latency: 0.8877526510041207
Latency: 0.8896578049752861
Latency: 0.9002244540024549
Latency: 0.8977964490186423
Latency: 0.8948382558301091
Latency: 0.8985179478768259
Latency: 0.8935484501998872
Latency: 0.8828940710518509
Latency: 0.9109318400733173
Latency: 0.880072217900306
Latency: 0.8935483410023153
Latency: 0.8997987841721624
Latency: 0.8917772120330483
Latency: 0.9026354542002082
Latency: 0.8935222579166293
Latency: 0.9040713799186051
Latency: 0.8907276981044561
Latency: 0.9140830989927053
Latency: 0.9222536818124354
Latency: 0.8983082070481032
Latency: 0.9236032168846577
Latency: 0.918938519898802
Latency: 0.9255733808968216
Latency: 0.9012603620067239
Latency: 0.9238251829519868
Latency: 0.9390252348966897
Latency: 0.9147911060135812
Latency: 0.9118381519801915
Latency: 0.9098631469532847
Latency: 0.9105839659459889
Latency: 0.9159524620044976
Latency: 0.9346639469731599
Latency: 0.9216733719222248
Latency: 0.9158988650888205
Latency: 0.9247076080646366
Latency: 0.9191318040248007
Latency: 0.8990875422023237
Latency: 0.9428367149084806
Latency: 0.894299398874864
Latency: 0.8902035430073738
Latency: 0.9037533381488174
Latency: 0.9255803220439702
Latency: 0.9475933890789747
Latency: 0.9041547190863639
Latency: 0.9039444189984351
Latency: 0.9063466708175838
Latency: 0.91080831293948
Latency: 0.9206660569179803
Latency: 0.9248978451360017
Latency: 0.9070266999769956
Latency: 0.9023565130773932
Latency: 0.9338936218991876
Latency: 0.9129307698458433
Latency: 0.9164165810216218
Latency: 0.963416863931343
Latency: 0.9719414720311761
Latency: 0.9865626129321754
Latency: 0.9759479050990194
Latency: 1.0007513081654906
Latency: 0.8676183319184929
Latency: 0.8647942240349948
Latency: 0.8630613039713353
Latency: 0.8770130039192736
Latency: 0.8691409509629011
Latency: 0.875803756993264
Latency: 0.9042895450256765
Latency: 0.9003202139865607
Latency: 0.903147105127573
Latency: 0.9030052330344915
Latency: 0.899668067926541
Latency: 0.9134566029533744
Latency: 0.9049503530841321
Latency: 0.8969032119493932
Latency: 0.9097898879554123
Latency: 0.9140357109718025
Latency: 0.9026197309140116
Latency: 0.9217343991622329
Latency: 0.9362110591027886
Latency: 0.912543109850958
Latency: 0.9297689429949969
Latency: 0.8933469410985708
Latency: 0.8926613298244774
Latency: 0.8976531450171024
Latency: 0.8755284899380058
Latency: 0.9045787588693202
Latency: 0.9158192530740052
Latency: 0.8396349030081183
Latency: 0.8468209498096257
Latency: 0.8508266350254416
Latency: 0.8513547410257161
Latency: 0.8561580919194967
Latency: 0.8581976310815662
Latency: 0.8513399069197476
Latency: 0.864554979139939
Latency: 0.870074809063226
Latency: 0.8912220948841423
Latency: 0.8799472558312118
Latency: 0.8808757709339261
Latency: 0.8908474070485681
Latency: 0.8744475268758833
Latency: 0.8866875991225243
Latency: 0.8933961049187928
Latency: 0.8942709800321609
Latency: 0.8791693490929902
Latency: 0.8837732879910618
Latency: 0.8884505180176347
Latency: 0.8874245178885758
Latency: 0.8884584170300514
Latency: 0.9031070289202034
Latency: 0.8932193091604859
Latency: 0.906933874823153
Latency: 0.8963338469620794
Latency: 0.896558924112469
Latency: 0.8908444941043854
Latency: 0.9081500500906259
Latency: 0.9109948691911995
Latency: 0.9077721480280161
Latency: 0.9119071189779788
Latency: 0.9068315650802106
Latency: 0.9076629308983684
Latency: 0.9206005821470171
Latency: 0.8980969761032611
Latency: 0.9168897641357034
Latency: 0.9265399428550154
Latency: 0.9219361450523138
Latency: 0.919611943885684
Latency: 0.8930739229544997
Latency: 0.8957856891211122
Latency: 0.9057830108795315
Latency: 0.9345597240608186
Latency: 0.9334518690593541
Latency: 0.933703243965283
Latency: 0.9402345949783921
Latency: 0.9381673310417682
Latency: 0.9435349500272423
Latency: 0.9032175368629396
Latency: 0.952928570099175
Latency: 0.9223775831051171
Latency: 0.9511587938759476
Latency: 0.9263314129784703
Latency: 0.9119392118882388
Latency: 0.9162977901287377
Latency: 0.9365570538211614
Latency: 0.9308726640883833
Latency: 0.9364054759498686
Latency: 0.9330904080998152
Latency: 0.9396480771247298
Latency: 0.9182473907712847
Latency: 0.9184800209477544
Latency: 0.93592120683752
Latency: 0.9330046670511365
Latency: 0.9333739501889795
Latency: 0.9457551122177392
Latency: 0.9194321280810982
Latency: 0.9180288969073445
Latency: 0.9126809188164771
Latency: 0.9441859270446002
Latency: 0.9204739769920707
Latency: 0.9470927850343287
Latency: 0.9324946221895516
Latency: 0.9435734211001545
Latency: 0.937571759801358
Latency: 0.9280220828950405
Latency: 0.9394990638829768
Latency: 0.9446808260399848
Latency: 0.9351966350805014
Latency: 0.9291849380824715
Latency: 0.9352015431504697
Latency: 0.9523411600384861
Latency: 0.9181033768691123
Latency: 0.8988639400340617
Latency: 0.908511650050059
Latency: 0.9501563359517604
Latency: 0.9233135541435331
Latency: 0.9328229289967567
Latency: 0.9304729010909796
Latency: 0.9397482830099761
Latency: 0.9232871478889138
Latency: 0.943790429038927
Latency: 0.9406480970792472
Latency: 0.9494455228559673
Latency: 0.9724066129419953
Latency: 0.9112245610449463
Latency: 0.9130812119692564
Latency: 0.9465371118858457
Latency: 0.9563901668880135
Latency: 0.9481148980557919
Latency: 0.9513024128973484
Latency: 0.9502079740632325
Latency: 0.949869453208521
Latency: 0.9224809349980205
Latency: 0.9625903328415006
Latency: 0.9613838042132556
Latency: 0.9145600760821253
Latency: 0.9253518630284816
Latency: 0.9158353111706674
Latency: 0.9126541379373521
Latency: 0.9745898318942636
Latency: 0.9313287539407611
Latency: 0.9362182971090078
Latency: 0.9408715988975018
Latency: 0.9301734149921685
Latency: 0.9373670320492238
Latency: 0.942874375032261
Latency: 0.9442242099903524
Latency: 0.9490142571739852
Latency: 0.9429349738638848
Latency: 0.9736383468843997
Latency: 0.8409771570004523
Latency: 0.8825964839197695
Latency: 0.8831407239194959
Latency: 0.8512120069935918
Latency: 0.8868581329006702
Latency: 0.8311692900024354
Latency: 0.8427366588730365
Latency: 0.8363061691634357
Latency: 0.8457861430943012
Latency: 0.8419870119541883
Latency: 0.8365565971471369
Latency: 0.8408663598820567
Latency: 0.8307178348768502
Latency: 0.8419109480455518
Latency: 0.846395208965987
Latency: 0.8622694599907845
Latency: 0.8692966119851917
Latency: 0.8816557130776346
Latency: 0.9233703471254557
Latency: 0.8813188709318638
Latency: 0.9311715909279883
Latency: 0.8900945670902729
Latency: 0.8836351858917624
Latency: 0.8875538939610124
Latency: 0.8949766929727048
Latency: 0.8908905209973454
Latency: 0.8879512129351497
Latency: 0.9023885671049356
Latency: 0.9045784138143063
Latency: 0.9007308778818697
Latency: 0.8861254979856312
Latency: 0.9086529151536524
Latency: 0.902481772005558
Latency: 0.9102184129878879
Latency: 0.9144127620384097
Latency: 0.9016388861928135
Latency: 0.9162123601417989
Latency: 0.9090269331354648
Latency: 0.90255196695216
Latency: 0.9229122260585427
Latency: 0.9021469419822097
Latency: 0.9166734430473298
Latency: 0.9234248078428209
Latency: 0.9114331780001521
Latency: 0.9130963028874248
Latency: 0.9185995878651738
Latency: 0.9149218609090894
Latency: 0.9214616201352328
Latency: 0.9361164560541511
Latency: 0.9041109830141068
Latency: 0.9172553468961269
Latency: 0.9060301200952381
Latency: 0.9129745990503579
Latency: 0.9111308620776981
Latency: 0.9293460801709443
Latency: 0.9179849189240485
Latency: 0.9304312099702656
Latency: 0.921380678890273
Latency: 0.9255615631118417
Latency: 0.9249826590530574
Latency: 0.9352649911306798
Latency: 0.8933993421960622
Latency: 0.9149980531074107
Latency: 0.9314073929563165
Latency: 0.9164609620347619
Latency: 0.8938905689865351
Latency: 0.9221360611263663
Latency: 0.9428567760623991
Latency: 0.9292444009333849
Latency: 0.9372276440262794
Latency: 0.9371685551013798
Latency: 0.9239616529084742
Latency: 0.9591607069596648
Latency: 0.9405113758984953
Latency: 0.9589484909083694
Latency: 0.9544806911144406
Latency: 0.9420394310727715
Latency: 0.9227938058320433
Latency: 0.9335128229577094
Latency: 0.9767237959895283
Latency: 0.966369393048808
Latency: 0.9761622049845755
Latency: 0.9403569891583174
Latency: 0.9384993040002882
Latency: 0.9787710472010076
Latency: 0.9765082970261574
Latency: 0.9407269451767206
Latency: 0.9758910541422665
Latency: 0.9508454150054604
Latency: 0.9663719611708075
Latency: 0.9847999480552971
Latency: 0.9600903759710491
Latency: 0.9451799469534308
Latency: 0.9875344249885529
Latency: 0.9527642549946904
Latency: 0.9451722227968276
Latency: 0.9600280551239848
Latency: 0.9328387570567429
Latency: 0.9447308459784836
Latency: 0.9690993081312627
Latency: 0.9402716220356524
Latency: 0.9652649548370391
Latency: 0.9004863938316703
Latency: 0.9231216569896787
Latency: 0.911334466887638
Latency: 0.9153658251743764
Latency: 0.9066420330200344
Latency: 0.9243661419022828
Latency: 0.9436421499121934
Latency: 0.9303207460325211
Latency: 0.969185097143054
Latency: 0.9326278839726001
Latency: 0.9734622710384429
Latency: 0.9776873129885644
Latency: 0.9659419201780111
Latency: 0.9816113349515945
Latency: 0.9899240578524768
Latency: 0.9567510720808059
Latency: 0.9428825979121029
Latency: 0.941613889997825
Latency: 0.8822586480528116
Latency: 0.9435296410229057
Latency: 0.9130262969993055
Latency: 0.956644956022501
Latency: 0.9509175480343401
Latency: 0.9554402891080827
Latency: 0.940890674944967
Latency: 0.88428521505557
Latency: 0.9661436779424548
Latency: 0.8793292390182614
Latency: 0.8758268940728158
Latency: 0.8824645769782364
Latency: 0.8835287138354033
Latency: 0.8976766120176762
Latency: 0.8897093939594924
Latency: 0.8945211281534284
Latency: 0.9075840699952096
Latency: 0.9021485911216587
Latency: 0.9091655369848013
Latency: 0.9139798788819462
Latency: 0.8877425859682262
Latency: 0.9227006749715656
Latency: 0.9233637929428369
Latency: 0.9666662751697004
Latency: 0.8775773998349905
Latency: 0.924507601885125
Latency: 0.8742518790531904
Latency: 0.8856435639318079
Latency: 0.8846431779675186
Latency: 0.8731594949495047
Latency: 0.9009425498079509
Latency: 0.8782896019984037
Latency: 0.9106236898805946
Latency: 0.9085300690494478
Latency: 0.9143714320380241
Latency: 0.8942773609887809
Latency: 0.9083784758113325
Latency: 0.8765824870206416
Latency: 0.8719702351372689
Latency: 0.8870977549813688
Latency: 0.8966117138043046
Latency: 0.8808691331651062
Latency: 0.9028856600634754
Latency: 0.9111585770733654
Latency: 0.8915653040166944
Latency: 0.9090462720487267
Latency: 0.8917513641063124
Latency: 0.8955642310902476
Latency: 0.9286090671084821
Latency: 0.8975132370833308
Latency: 0.9121969619300216
Latency: 0.9119956509675831
Latency: 0.9191467131022364
Latency: 0.920467030024156
Latency: 0.908098584972322
Latency: 0.9290946978144348
Latency: 0.9591654089745134
Latency: 0.90242317202501
Latency: 0.9352384749799967
Latency: 0.9479038720019162
Latency: 0.9199638438876718
Latency: 0.9077658008318394
Latency: 0.8957285140641034
Latency: 0.9017098289914429
Latency: 0.9039311050437391
Latency: 0.8964593869168311
Latency: 0.9166998818982393
Latency: 0.9176809501368552
Latency: 0.9179545210208744
Latency: 0.9138934689108282
Latency: 0.913923260057345
Latency: 0.9175339909270406
Latency: 0.9219882320612669
Latency: 0.9256673941854388
Latency: 0.934112099930644
Latency: 0.9224068680778146
Latency: 0.9255300580989569
Latency: 0.9235815238207579
Latency: 0.9343853369355202
Latency: 0.9276398089714348
Latency: 0.9293987820856273
Latency: 0.9359627598896623
Latency: 0.9339710879139602
Latency: 0.9413231899961829
Latency: 0.9403127238620073
Latency: 0.952146700117737
Latency: 0.9277922799810767
Latency: 0.9484122688882053
Latency: 0.9497513039968908
Latency: 0.9592453998047858
Latency: 0.9821447290014476
Latency: 0.943393190857023
Latency: 0.9580831369385123
Latency: 0.9829206739086658
Latency: 0.9916056420188397
Latency: 0.9666738959494978
Latency: 1.0018033611122519
Latency: 0.8911183609161526
Latency: 0.9373103328980505
Latency: 0.9095626249909401
Latency: 0.9307875148952007
Latency: 0.8876243049744517
Latency: 0.9224766620900482
Latency: 0.9256573391612619
Latency: 0.918834107927978
Latency: 0.9037678339518607
Latency: 0.9011308718472719
Latency: 0.9049504981376231
Latency: 0.9243412660434842
Latency: 0.8919918700121343
Latency: 0.9037596581038088
Latency: 0.9042647939641029
Latency: 0.8894500511232764
Latency: 0.8848536480218172
Latency: 0.965112233068794
Latency: 0.8479822070803493
Latency: 0.8631777639966458
Latency: 0.8678605181630701
Latency: 0.878643207019195
Latency: 0.8546722040046006
Latency: 0.8683737670071423
Latency: 0.8757635490037501
Latency: 0.8809003201313317
Latency: 0.8682444079313427
Latency: 0.8810517371166497
Latency: 0.8560785530135036
Latency: 0.8703139689750969
Latency: 0.8614419249352068
Latency: 0.868569616926834
Latency: 0.8719148398377001
Latency: 0.8670423170551658
Latency: 0.861633257009089
Latency: 0.8469130520243198
Latency: 0.871609487105161
Latency: 0.873010179027915
Latency: 0.8854967539664358
Latency: 0.8569467200431973
Latency: 0.8947661239653826
Latency: 0.8719213670119643
Latency: 0.912661189911887
Latency: 0.8687294297851622
Latency: 0.8716135930735618
Latency: 0.9154480500146747
Latency: 0.8639662109781057
Latency: 0.8672048409935087
Latency: 0.8706196981947869
Latency: 0.8861734759993851
Latency: 0.879322363063693
Latency: 0.8850962449796498
Latency: 0.8870733790099621
Latency: 0.845295025035739
Latency: 0.8954707568045706
Latency: 0.8409456990193576
Latency: 0.8606010628864169
Latency: 0.8665723940357566
Latency: 0.860892497934401
Latency: 0.8488484320696443
Latency: 0.8748023940715939
Latency: 0.830049840034917
Latency: 0.8519827069249004
Latency: 0.8318080399185419
Latency: 0.8300344350282103
Latency: 0.8187293419614434
Latency: 0.8236849170643836
Latency: 0.8373805631417781
Latency: 0.8345761429518461
Latency: 0.8276095809414983
Latency: 0.8312583919614553
Latency: 0.8431300460360944
Latency: 0.8388857699465007
Latency: 0.8907938681077212
Latency: 0.8954594749957323
Latency: 0.8926802931819111
Latency: 0.9024947858415544
Latency: 0.8764596569817513
Latency: 0.8873330720234662
Latency: 0.8793969680555165
Latency: 0.8983093148563057
Latency: 0.8866618908941746
Latency: 0.8978190780617297
Latency: 0.9153682470787317
Latency: 0.9013297089841217
Latency: 0.9111803299747407
Latency: 0.8859928699675947
Latency: 0.9075052319094539
Latency: 0.9092071589548141
Latency: 0.9069476830773056
Latency: 0.918495886027813
Latency: 0.9007885348983109
Latency: 0.900652684038505
Latency: 0.9026025489438325
Latency: 0.8674700108822435
Latency: 0.9071703141089529
Latency: 0.9150820500217378
Latency: 0.9132261211052537
Latency: 0.9168214991223067
Latency: 0.8665463919751346
Latency: 0.869337575044483
Latency: 0.8659880629274994
Latency: 0.8843815098516643
Latency: 0.8673536600545049
Latency: 0.8732621870003641
Latency: 0.874155871104449
Latency: 0.8727787390816957
Latency: 0.8721671889070421
Latency: 0.8805469968356192
Latency: 0.8817348051816225
Latency: 0.8898698438424617
Latency: 0.8712158650159836
Latency: 0.8886753479018807
Latency: 0.8867253609932959
Latency: 0.8966137908864766
Latency: 0.8865865839179605
Latency: 0.8828113621566445
Latency: 0.9072148441337049
Latency: 0.902413452975452
Latency: 0.8996047670952976
Latency: 0.8794797810260206
Latency: 0.8589523599948734
Latency: 0.8801259070169181
Latency: 0.8745924651157111
Latency: 0.8742931131273508
Latency: 0.8698547519743443
Latency: 0.876448119059205
Latency: 0.9125089480075985
Latency: 0.9203299828805029
Latency: 0.9233738130424172
Latency: 0.9201134908944368
Latency: 0.9365925961174071
Latency: 0.9320408240891993
Latency: 0.9374713359866291
Latency: 0.9358691889792681
Latency: 0.9415769630577415
Latency: 0.960058884928003
Latency: 0.9330994510091841
Latency: 0.9395347121171653
Latency: 0.9535493620205671
Latency: 0.9557141838595271
Latency: 0.9580668660346419
Latency: 0.9533993049990386
Latency: 0.9371740410570055
Latency: 0.9568145100492984
Latency: 0.8665242621209472
Latency: 0.8548783669248223
Latency: 0.8382170510012656
Latency: 0.8607236868701875
Latency: 0.8620722389314324
Latency: 0.8581219669431448
Latency: 0.881875071208924
Latency: 0.8745302208699286
Latency: 0.8635031129233539
Latency: 0.8509635978844017
Latency: 0.8719098230358213
Latency: 0.8713098771404475
Latency: 0.8780436581000686
Latency: 0.8622586550191045
Latency: 0.8815748398192227
Latency: 0.8900251230224967
Latency: 0.8701500589959323
Latency: 0.8840786009095609
Latency: 0.8856244769413024
Latency: 0.8820956000126898
Latency: 0.866950212046504
Latency: 0.8923226881306618
Latency: 0.8964237009640783
Latency: 0.904576214030385
Latency: 0.8980353681836277
Latency: 0.9042993769980967
Latency: 0.9021287839859724
Latency: 0.9076242470182478
Latency: 0.9145136119332165
Latency: 0.9122918450739235
Latency: 0.874074709834531
Latency: 0.913865574169904
Latency: 0.895352722145617
Latency: 0.8898784830234945
Latency: 0.9019450708292425
Latency: 0.8671579919755459
Latency: 0.8584984180051833
Latency: 0.8763968541752547
Latency: 0.8914643281605095
Latency: 0.8944164060521871
Latency: 0.8882529449183494
Latency: 0.8887828788720071
Latency: 0.8751408001407981
Latency: 0.8875874790828675
Latency: 0.8951414469629526
Latency: 0.9096403149887919
Latency: 0.8981147278100252
Latency: 0.8908031680621207
Latency: 0.8896569591015577
Latency: 0.9438131800852716
Latency: 0.9226617568638176
Latency: 0.9062491878867149
Latency: 0.9217745028436184
Latency: 0.9127903920598328
Latency: 0.9079546530265361
Latency: 0.9284849469549954
Latency: 0.8685764169786125
Latency: 0.8975834168959409
Latency: 0.9150063761044294
Latency: 0.9053956340067089
Latency: 0.9131382699124515
Latency: 0.9151089480146766
Latency: 0.8957643429748714
Latency: 0.9037992821540684
Latency: 0.9148352751508355
Latency: 0.8972844649106264
Latency: 0.9049194259569049
Latency: 0.9198048270773143
Latency: 0.9241730880457908
Latency: 0.9138824960682541
Latency: 0.9092998560518026
Latency: 0.92411022586748
Latency: 0.9386129959020764
Latency: 0.9253508490510285
Latency: 0.8960559151601046
Latency: 0.9223745688796043
Latency: 0.8818693470675498
Latency: 0.9251223190221936
Latency: 0.9173228228464723
Latency: 0.8879097180906683
Latency: 0.8871216110419482
Latency: 0.8915682341903448
Latency: 0.8879823139868677
Latency: 0.9002708201296628
Latency: 0.9093500089365989
Latency: 0.9047606270760298
Latency: 0.9015175169333816
Latency: 0.9047129650134593
Latency: 0.9046158399432898
Latency: 0.9060384060721844
Latency: 0.9128432278521359
Latency: 0.9118626911658794
Latency: 0.9229777960572392
Latency: 0.9204997010529041
Latency: 0.9161474308930337
Latency: 0.880757664795965
Latency: 0.8782518790103495
Latency: 0.9234861680306494
Latency: 0.9196933400817215
Latency: 0.909701376920566
Latency: 0.9166121610905975
Latency: 0.8899246279615909
Latency: 0.8884055349044502
Latency: 0.9016016630921513
Latency: 0.84832170791924
Latency: 0.8538049550261348
Latency: 0.8528674149420112
Latency: 0.9379346750210971
Latency: 0.9605652610771358
Latency: 0.9240099829621613
Latency: 0.9620697270147502
Latency: 0.8994238290470093
Latency: 0.890671684872359
Latency: 0.8902844940312207
Latency: 0.9127995169255883
Latency: 0.9049361320212483
Latency: 0.9035327769815922
Latency: 0.917069568997249
Latency: 0.9005510068964213
Latency: 0.9260899238288403
Latency: 0.9340026278514415
Latency: 0.9218595870770514
Latency: 0.9370076030027121
Latency: 0.9205470010638237
Latency: 0.9209480120334774
Latency: 0.9215008029714227
Latency: 0.9407518620137125
Latency: 0.9226351918186992
Latency: 0.9164949480909854
Latency: 0.8678375638555735
Latency: 0.9212103500030935
Latency: 0.9263437679037452
Latency: 0.94498888310045
Latency: 0.9438729260582477
Latency: 0.944438538979739
Latency: 0.948833768023178
Latency: 0.954333039931953
Latency: 0.955087578156963
Latency: 0.954709738958627
Latency: 0.9559882979374379
Latency: 0.9528095021378249
Latency: 0.9587849639356136
Latency: 0.9624021709896624
Latency: 0.9144678951706737
Latency: 0.9032424469478428
Latency: 0.9061193119268864
Latency: 0.9230569961946458
Latency: 0.9276821149978787
Latency: 0.8798839019145817
Latency: 0.9061860339716077
Latency: 0.8816924979910254
Latency: 0.8840096900239587
Latency: 0.8940589278936386
Latency: 0.884425160009414
Latency: 0.8877134630456567
Latency: 0.8846864199731499
Latency: 0.8976502479054034
Latency: 0.8875323461834341
Latency: 0.8966385701205581
Latency: 0.8917297900188714
Latency: 0.8864466899540275
Latency: 0.8825789489783347
Latency: 0.8853990510106087
Latency: 0.8922892450354993
Latency: 0.8933754321187735
Latency: 0.8793567379470915
Latency: 0.9027263650204986
Latency: 0.8981384050566703
Latency: 0.9488935119006783
Latency: 0.9025690711569041
Latency: 0.8940656040795147
Latency: 0.8881828999146819
Latency: 0.9191802418790758
Latency: 0.9146512011066079
Latency: 0.8914133890066296
Latency: 0.9681759879458696
Latency: 0.9152997238561511
Latency: 0.9285588727798313
Latency: 0.9226501469966024
Latency: 0.9123796969652176
Latency: 0.9140564438421279
Latency: 0.9307698800694197
Latency: 0.9111656909808517
Latency: 0.850768743082881
Latency: 0.916579440003261
Latency: 0.8542887570802122
Latency: 0.8913517638575286
Latency: 0.8702634021174163
Latency: 0.8783165919594467
Latency: 0.8622371500823647
Latency: 0.8544656899757683
Latency: 0.8661219198256731
Latency: 0.8709541780408472
Latency: 0.8945452480111271
Latency: 0.8761923690326512
Latency: 0.8985543770249933
Latency: 0.8789683631621301
Latency: 0.8748545420821756
Latency: 0.8673745261039585
Latency: 0.8733726339414716
Latency: 0.8861435819417238
Latency: 0.883282408118248
Latency: 0.9055791939608753
Latency: 0.8925687889568508
Latency: 0.9015635228715837
Latency: 0.8900378928519785
Latency: 0.901537453988567
Latency: 0.8605369618162513
Latency: 0.9048358821310103
Latency: 0.8721177999395877
Latency: 0.8673157971352339
Latency: 0.913174046901986
Latency: 0.8732391439843923
Latency: 0.8831841370556504
Latency: 0.8894311990588903
Latency: 0.8863953750114888
Latency: 0.8665056829340756
Latency: 0.8822102348785847
Latency: 0.8666829541325569
Latency: 0.8791828260291368
Latency: 0.8943145829252899
Latency: 0.8901186150033027
Latency: 0.8766394900158048
Latency: 0.8886493591126055
Latency: 0.8839869350194931
Latency: 0.8790760738775134
Latency: 0.8829493511002511
Latency: 0.885103794047609
Latency: 0.8808941510505974
Latency: 0.9213965709786862
Latency: 0.9285148079507053
Latency: 0.9362775089684874
Latency: 0.9434747521299869
Latency: 0.9443473990540951
Latency: 0.9472620880696923
Latency: 0.8908035419881344
Latency: 0.8819331049453467
Latency: 0.934941282030195
Latency: 0.9132283059880137
Latency: 0.9111975419800729
Latency: 0.8974330639466643
Latency: 0.896472985856235
Latency: 0.9513442108873278
Latency: 0.9245410470757633
Latency: 0.9432714208960533
Latency: 0.9482034670654684
Latency: 0.9190472229383886
Latency: 0.9575273189693689
Latency: 0.9131559079978615
Latency: 0.9338792888447642
Latency: 0.9249312048777938
Latency: 0.9636412290856242
Latency: 0.9605828879866749
Latency: 0.9459349259268492
Latency: 0.9313417281955481
Latency: 0.934915677877143
Latency: 0.9450361609924585
Latency: 0.853007605066523
Latency: 0.9092659838497639
Latency: 0.8781528209801763
Latency: 0.8759496170096099
Latency: 0.8501633140258491
Latency: 0.8622659489046782
Latency: 0.8665015839505941
Latency: 0.8722252808511257
Latency: 0.8816112070344388
Latency: 0.8916768771596253
Latency: 0.8813235950656235
Latency: 0.8883614270016551
Latency: 0.8870397419668734
Latency: 0.8942169321235269
Latency: 0.8949982498306781
Latency: 0.8988966818433255
Latency: 0.8630477658007294
Latency: 0.8952721459791064
Latency: 0.9096095371060073
Latency: 0.9009388939011842
Latency: 0.896013573044911
Latency: 0.9209748599678278
Latency: 0.9243593609426171
Latency: 0.9292899239808321
Latency: 0.929136082995683
Latency: 0.9322460158728063
Latency: 0.9357680920511484
Latency: 0.936781041091308
Latency: 0.9387870819773525
Latency: 0.9370394831057638
Latency: 0.9466905191075057
Latency: 0.8786698030307889
Latency: 0.8785459559876472
Latency: 0.8798186499625444
Latency: 0.8799145568627864
Latency: 0.890730116982013
Latency: 0.882951979059726
Latency: 0.90575923002325
Latency: 0.8326863890979439
Latency: 0.8385642601642758
Latency: 0.8312623309902847
Latency: 0.832227332983166
Latency: 0.8415762800723314
Latency: 0.8279711280483752
Latency: 0.9012958398088813
Latency: 0.895295255118981
Latency: 0.91008594003506
Latency: 0.9034888849128038
Latency: 0.9071975499391556
Latency: 0.9107214089017361
Latency: 0.9165459831710905
Latency: 0.9312915490008891
Latency: 0.9072750168852508
Latency: 0.9137216540984809
Latency: 0.9058861760422587
Latency: 0.92243059608154
Latency: 0.9026802440639585
Latency: 0.9205698508303612
Latency: 0.911719033960253
Latency: 0.9193158361595124
Latency: 0.9317114339210093
Latency: 0.9182834571693093
Latency: 0.9172391940373927
Latency: 0.9249293049797416
Latency: 0.9340649750083685
Latency: 0.9376503259409219
Latency: 0.9316870979964733
Latency: 0.9231181428767741
Latency: 0.9144151189830154
Latency: 0.92984844208695
Latency: 0.9348942060023546
Latency: 0.9010784749407321
Latency: 0.9122555500362068
Latency: 0.9328868498560041
Latency: 0.9458285488653928
Latency: 0.9123810168821365
Latency: 0.918855887837708
Latency: 0.9181423941627145
Latency: 0.9197117160074413
Latency: 0.9173892829567194
Latency: 0.9262266189325601
Latency: 0.9121343060396612
Latency: 0.8896025298163295
Latency: 0.9251570939086378
Latency: 0.9352742489427328
Latency: 0.918341187061742
Latency: 0.9284978199284524
Latency: 0.9336112658493221
Latency: 0.9068274628371
Latency: 0.911632084986195
Latency: 0.9136947218794376
Latency: 0.9138798529747874
Latency: 0.8929339570458978
Latency: 0.9190771349240094
Latency: 0.9207049410324544
Latency: 0.8760534401517361
Latency: 0.9040645367931575
Latency: 0.9069092581048608
Latency: 0.899655686924234
Latency: 0.8800752249080688
Latency: 0.9165824120864272
Latency: 0.9313136010896415
Latency: 0.8908644281327724
Latency: 0.898608606075868
Latency: 0.9139472180977464
Latency: 0.9187702250201255
Latency: 0.9554147671442479
Latency: 0.9270425059366971
Latency: 0.9079673748929054
Latency: 0.8929559940006584
Latency: 0.9393228590488434
Latency: 0.9330298639833927
Latency: 0.9062933428213
Latency: 0.910576174966991
Latency: 0.9409077297896147
Latency: 0.9407769108656794
Latency: 0.9376529508735985
Latency: 0.9462410719133914
Latency: 0.9282000791281462
Latency: 0.886279707076028
Latency: 0.8756005081813782
Latency: 0.9351726891472936
Latency: 0.9380780761130154
Latency: 0.9006442779209465
Latency: 0.904088526032865
Latency: 0.9469700001645833
Latency: 0.9114139401353896
Latency: 0.9718426340259612
Latency: 0.9001751120667905
Latency: 0.9276068760082126
Latency: 0.9331286649685353
Latency: 0.9367795260623097
Latency: 0.9228216630872339
Latency: 0.8914491590112448
Latency: 0.9589502059388906
Latency: 0.9602548989932984
Latency: 0.9212125779595226
Latency: 0.9231079819146544
Latency: 0.9251456768251956
Latency: 0.9637531489133835
Latency: 0.9383530830964446
Latency: 0.9451230661943555
Latency: 0.9503150300588459
Latency: 0.9369167550466955
Latency: 0.9655817351303995
Latency: 0.9447430670261383
Latency: 0.9535052690189332
Latency: 0.9441890639718622
Latency: 0.9728431438561529
Latency: 0.8584350659511983
Latency: 0.8549530708696693
Latency: 0.8596912249922752
Latency: 0.8653142319526523
Latency: 0.8613384449854493
Latency: 0.8683138720225543
Latency: 0.8693207649048418
Latency: 0.873413098976016
Latency: 0.8763984141405672
Latency: 0.8825061109382659
Latency: 0.8570386730134487
Latency: 0.8609574818983674
Latency: 0.8547878770623356
Latency: 0.8569126441143453
Latency: 0.86302196001634
Latency: 0.8869659421034157
Latency: 0.9096829339396209
Latency: 0.9243382010608912
Latency: 0.939987706951797
Latency: 0.9233924360014498
Latency: 0.9374090330675244
Latency: 0.9502029879949987
Latency: 0.9351749061606824
Latency: 0.8774251821450889
Latency: 0.8821296179667115
Latency: 0.8817748860456049
Latency: 0.8860155639704317
Latency: 0.885937866056338
Latency: 0.9063705939333886
Latency: 0.8924595140852034
Latency: 0.8994522129651159
Latency: 0.8775474089197814
Latency: 0.8907760800793767
Latency: 0.8840993300545961
Latency: 0.9061903320252895
Latency: 0.910793435992673
Latency: 0.8949984018690884
Latency: 0.8947624999564141
Latency: 0.9078937689773738
Latency: 0.9005286009050906
Latency: 0.9065668738912791
Latency: 0.8955454940441996
Latency: 0.9161633609328419
Latency: 0.9072134348098189
Latency: 0.9197236821055412
Latency: 0.9083245960064232
Latency: 0.9163210180122405
Latency: 0.9245441418606788
Latency: 0.9199936990626156
Latency: 0.9185057340655476
Latency: 0.9084325570147485
Latency: 0.9093886869959533
Latency: 0.8928365060128272
Latency: 0.8984187180176377
Latency: 0.9128494160249829
Latency: 0.9149698130786419
Latency: 0.9132924599107355
Latency: 0.9047949861269444
Latency: 0.9205401008948684
Latency: 0.9254012000747025
Latency: 0.915629331022501
Latency: 0.9319957469124347
Latency: 0.9197939040604979
Latency: 0.8988631970714778
Latency: 0.9235487929545343
Latency: 0.9238960628863424
Latency: 0.9406144148670137
Latency: 0.9209574200212955
Latency: 0.9354483850765973
Latency: 0.8938633890356869
Latency: 0.8988078460097313
Latency: 0.8965767971239984
Latency: 0.904582163086161
Latency: 0.8974715368822217
Latency: 0.9001610050909221
Latency: 0.9401565201114863
Latency: 0.9171327301301062
Latency: 0.917026671115309
Latency: 0.9720561851281673
Latency: 0.9314811560325325
Latency: 0.9337895738426596
Latency: 0.9620247911661863
Latency: 0.8817992608528584
Latency: 0.9217987591400743
Latency: 0.8844339470379055
Latency: 1.0006533439736813
Latency: 0.8476192909292877
Latency: 0.8627149669919163
Latency: 0.8612563500646502
Latency: 0.8696711619850248
Latency: 0.8724049769807607
Latency: 0.876154957106337
Latency: 0.8713390971533954
Latency: 0.8560267649590969
Latency: 0.8793368320912123
Latency: 0.8528655120171607
Latency: 0.8802244539838284
Latency: 0.8564832319971174
Latency: 0.873292539967224
Latency: 0.883404471212998
Latency: 0.8746830618474633
Latency: 0.8973586088977754
Latency: 0.8954456630162895
Latency: 0.904117563040927
Latency: 0.9027082649990916
Latency: 0.8411581660620868
Latency: 0.8621836348902434
Latency: 0.9352469949517399
Latency: 0.9141453560441732
Latency: 0.915404322789982
Latency: 0.9161023921333253
Latency: 0.8655167738907039
Latency: 0.8790954421274364
Latency: 0.8826871220953763
Latency: 0.8747599839698523
Latency: 0.8774669540580362
Latency: 0.8784528058022261
Latency: 0.8858112790621817
Latency: 0.8855598140507936
Latency: 0.8747086441144347
Latency: 0.9095278189051896
Latency: 0.8832901730202138
Latency: 0.896943885134533
Latency: 0.8980988578405231
Latency: 0.899481019936502
Latency: 0.8990655590314418
Latency: 0.8790892481338233
Latency: 0.9041601598728448
Latency: 0.8616142719984055
Latency: 0.8616782990284264
Latency: 0.8680718629620969
Latency: 0.8782629210036248
Latency: 0.8804538340773433
Latency: 0.8824341678991914
Latency: 0.8888865627814084
Latency: 0.8896417410578579
Latency: 0.887920178938657
Latency: 0.891185041051358
Latency: 0.8850337220355868
Latency: 0.8940666720736772
Latency: 0.9021929220762104
Latency: 0.9058516598306596
Latency: 0.9356046039611101
Latency: 0.8840017879847437
Latency: 0.9045033680740744
Latency: 0.8538251370191574
Latency: 0.8596757689956576
Latency: 0.8855063440278172
Latency: 0.8795706541277468
Latency: 0.8764772180002183
Latency: 0.9055264829657972
Latency: 0.8876167391426861
Latency: 0.9045962931122631
Latency: 0.8990138641092926
Latency: 0.8898120350204408
Latency: 0.8955868789926171
Latency: 0.893442559055984
Latency: 0.9102021930739284
Latency: 0.9151536170393229
Latency: 0.9000599570572376
Latency: 0.9321974420454353
Latency: 0.9275711779482663
Latency: 0.9107682278845459
Latency: 0.8983593781013042
Latency: 0.9290028722025454
Latency: 0.9336127932183444
Latency: 0.9320788651239127
Latency: 0.9179657499771565
Latency: 0.9327389660757035
Latency: 0.9259019310120493
Latency: 0.942722202045843
Latency: 0.931123091140762
Latency: 0.91332529601641
Latency: 0.906696581048891
Latency: 0.9345723879523575
Latency: 0.9199388220440596
Latency: 0.9115353559609503
Latency: 0.903154679806903
Latency: 0.9441220520529896
Latency: 0.9321444230154157
Latency: 0.909346133004874
Latency: 0.8981284769251943
Latency: 0.9110550140030682
Latency: 0.9227109348867089
Latency: 0.9001788659952581
Latency: 0.908627973170951
Latency: 0.9003392190206796
Latency: 0.9129610799718648
Latency: 0.9114555800333619
Latency: 0.9078460580203682
Latency: 0.9207571321167052
Latency: 0.9142857438419014
Latency: 0.9158132090233266
Latency: 0.9310538091231138
Latency: 0.9282413858454674
Latency: 0.9366290741600096
Latency: 0.9309686978813261
Latency: 0.9384619449265301
Latency: 0.9396646220702678
Latency: 0.9403772670775652
Latency: 0.953724057180807
Latency: 0.9497383709531277
Latency: 0.9451848049648106
Latency: 0.9578840089961886
Latency: 0.9415439069271088
Latency: 0.9085182750131935
Latency: 0.8682433147914708
Latency: 0.8716408601030707
Latency: 0.8835686270613223
Latency: 0.8701173751614988
Latency: 0.8679393010679632
Latency: 0.8635720969177783
Latency: 0.8832892179489136
Latency: 0.8762731179594994
Latency: 0.8742143029812723
Latency: 0.8734080290887505
Latency: 0.8881243199575692
Latency: 0.889562071999535
Latency: 0.8793698570225388
Latency: 0.8991537969559431
Latency: 0.8993112328462303
Latency: 0.9114229350816458
Latency: 0.9730431900825351
Latency: 0.9820855590514839
Latency: 0.9889675409067422
Latency: 0.9942336939275265
Latency: 0.9331364468671381
Latency: 0.9036955330520868
Latency: 0.9161416799761355
Latency: 0.9089588520582765
Latency: 0.9174897649791092
Latency: 0.9087800791021436
Latency: 0.9199864601250738
Latency: 0.9097752880770713
Latency: 0.9215908490587026
Latency: 0.8924792089965194
Latency: 0.8868905531708151
Latency: 0.8872885210439563
Latency: 0.8953105469699949
Latency: 0.8901569100562483
Latency: 0.8889782158657908
Latency: 0.8795726599637419
Latency: 0.8941444160882384
Latency: 0.90176368993707
Latency: 0.9055438020732254
Latency: 0.906999500002712
Latency: 0.9125538801308721
Latency: 0.8999404138885438
Latency: 0.90959243895486
Latency: 0.9136282519903034
Latency: 0.8974865009076893
Latency: 0.9072614992037416
Latency: 0.9091192970518023
Latency: 0.9082267128396779
Latency: 0.9125921030063182
Latency: 0.9267794180195779
Latency: 0.9135151838418096
Latency: 0.9069761359132826
Latency: 0.867513817967847
Latency: 0.8704294371418655
Latency: 0.8762560440227389
Latency: 0.9104655710980296
Latency: 0.9003094579093158
Latency: 0.8958318601362407
Latency: 0.8964804238639772
Latency: 0.9202813049778342
Latency: 0.8859233078546822
Latency: 0.8918857211247087
Latency: 0.9024363509379327
Latency: 0.8875417450908571
Latency: 0.9253444371279329
Latency: 0.9224830139428377
Latency: 0.8893331279978156
Latency: 0.8900137250311673
Latency: 0.899389993166551
Latency: 0.8987587748561054
Latency: 0.8990172669291496
Latency: 0.9079523868858814
Latency: 0.8634739820845425
Latency: 0.8311955109238625
Latency: 0.8392949099652469
Latency: 0.8482828310225159
Latency: 0.8593069519847631
Latency: 0.8633220379706472
Latency: 0.8553824338596314
Latency: 0.8363181850872934
Latency: 0.8437659631017596
Latency: 0.8483848460018635
Latency: 0.8629170921631157
Latency: 0.8512646609451622
Latency: 0.9113963609561324
Latency: 0.9175737509503961
Latency: 0.8984711628872901
Latency: 0.9166183120105416
Latency: 0.9039830709807575
Latency: 0.9196973298676312
Latency: 0.9150090629700571
Latency: 0.9032586300745606
Latency: 0.9060162771493196
Latency: 0.9086883540730923
Latency: 0.8572389280889183
Latency: 0.8602355539333075
Latency: 0.8565293569117785
Latency: 0.8517825051676482
Latency: 0.8565220511518419
Latency: 0.8681155198719352
Latency: 0.8523547300137579
Latency: 0.8678390139248222
Latency: 0.856945106992498
Latency: 0.8675708139780909
Latency: 0.8602984771132469
Latency: 0.8673656741157174
Latency: 0.8654703069478273
Latency: 0.8692916871514171
Latency: 0.8702804720960557
Latency: 0.8690902609378099
Latency: 0.882676187902689
Latency: 0.8649610138963908
Latency: 0.8729017490986735
Latency: 0.8746885741129518
Latency: 0.8849016421008855
Latency: 0.884918476222083
Latency: 0.8997251898981631
Latency: 0.9011121029034257
Latency: 0.8952324890997261
Latency: 0.9080137589480728
Latency: 0.8933318459894508
Latency: 0.8809951590374112
Latency: 0.8866827490273863
Latency: 0.8888839189894497
Latency: 0.9071802368853241
Latency: 0.9029473520349711
Latency: 0.9064919690135866
Latency: 0.8949347250163555
Latency: 0.8717300349380821
Latency: 0.9016027469187975
Latency: 0.9446317730471492
Latency: 0.9423635229468346
Latency: 0.9184562398586422
Latency: 0.9262203669641167
Latency: 0.9453702250029892
Latency: 0.940950526855886
Latency: 0.9369574240408838
Latency: 0.9458893518894911
Latency: 0.920797070953995
Latency: 0.8828295171260834
Latency: 0.9454957391135395
Latency: 0.9624760881997645
Latency: 0.9630097830668092
Latency: 0.9762069480493665
Latency: 0.9678940169978887
Latency: 0.8949470929801464
Latency: 0.8690406789537519
Latency: 0.8724931159522384
Latency: 0.8801110358908772
Latency: 0.8894344789441675
Latency: 0.8758348471019417
Latency: 0.8737943090964109
Latency: 0.8761649150401354
Latency: 0.8825351519044489
Latency: 0.8814092930406332
Latency: 0.8869719540234655
Latency: 0.8645838820375502
Latency: 0.8399463521782309
Latency: 0.8348041409626603
Latency: 0.8422986429650337
Latency: 0.8377417421434075
Latency: 0.8380598500370979
Latency: 0.8602333548478782
Latency: 0.8430813380982727
Latency: 0.8422117799054831
Latency: 0.8423022369388491
Latency: 0.8513163959141821
Latency: 0.8496976038441062
Latency: 0.8564365489874035
Latency: 0.858367804903537
Latency: 0.8659031479619443
Latency: 0.8513909250032157
Latency: 0.8388984671328217
Latency: 0.8557872760575265
Latency: 0.8652379510458559
Latency: 0.8942068119067699
Latency: 0.8800490081775934
Latency: 0.8941316960845143
Latency: 0.870326372794807
Latency: 0.8883981311228126
Latency: 0.8967914530076087
Latency: 0.8865391120780259
Latency: 0.906703962944448
Latency: 0.9071173630654812
Latency: 0.9068645741790533
Latency: 0.9078326760791242
Latency: 0.9083794241305441
Latency: 0.9113259648438543
Latency: 0.9177145990543067
Latency: 0.9250980711076409
Latency: 0.9242065958678722
Latency: 0.9140501387882978
Latency: 0.9060097229667008
Latency: 0.8969176460523158
Latency: 0.9040603099856526
Latency: 0.8945286509115249
Latency: 0.8980262808036059
Latency: 0.907264222856611
Latency: 0.9057864621281624
Latency: 0.921504434896633
Latency: 0.9051976189948618
Latency: 0.8710020340513438
Latency: 0.9042545391712338
Latency: 0.9117196521256119
Latency: 0.9084341549314559
Latency: 0.9150095849763602
Latency: 0.9336365868803114
Latency: 0.9194021739531308
Latency: 0.920702442061156
Latency: 0.9574088661465794
Latency: 0.9553179380018264
Latency: 0.9596854648552835
Latency: 0.9113627469632775
Latency: 0.9137980220839381
Latency: 0.9262042138725519
Latency: 0.9066679948009551
Latency: 0.8865109991747886
Latency: 0.91728257201612
Latency: 0.9193889680318534
Latency: 0.8767925340216607
Latency: 0.8704873770475388
Latency: 0.9163381480611861
Latency: 0.9309914011973888
Latency: 0.9055748099926859
Latency: 0.9329729089513421
Latency: 0.9251712639816105
Latency: 0.9564174069091678
Latency: 0.9419962549582124
Latency: 0.9335641961079091
Latency: 0.9027594260405749
Latency: 0.8948930250480771
Latency: 0.9072154720779508
Latency: 0.9385021501220763
Latency: 0.9004607640672475
Latency: 0.9043439929373562
Latency: 0.8942748769186437
Latency: 0.9114899781998247
Latency: 0.9063043759670109
Latency: 0.9122100491076708
Latency: 0.9142440101131797
Latency: 0.8815051240380853
Latency: 0.9192692099604756
Latency: 0.8683158410713077
Latency: 0.8723979070782661
Latency: 0.8580583978909999
Latency: 0.8749087289907038
Latency: 0.8840227068867534
Latency: 0.8769680371042341
Latency: 0.9369435869157314
Latency: 0.874254209920764
Latency: 0.866236416855827
Latency: 0.8726073789875954
Latency: 0.8741280611138791
Latency: 0.9372798129916191
Latency: 0.8781610308215022
Latency: 0.8864874211139977
Latency: 0.9222875048872083
Latency: 0.9007592019625008
Latency: 0.9518790340516716
Latency: 0.9079334631096572
Latency: 0.913555177859962
Latency: 0.900323383975774
Latency: 0.9082545069977641
Latency: 0.9127108149696141
Latency: 0.922591368900612
Latency: 0.9191594959702343
Latency: 0.9203236731700599
Latency: 0.922737322980538
Latency: 0.9303894659969956
Latency: 0.9277706670109183
Latency: 0.9389118878170848
Latency: 0.9218419538810849
Latency: 0.9455909500829875
Latency: 0.9384975128341466
Latency: 0.944643409922719
Latency: 0.9322834031190723
Latency: 0.9480949060525745
Latency: 0.9360631878953427
Latency: 0.9442496621049941
Latency: 0.936417052987963
Latency: 0.9565689601004124
Latency: 0.9567620239686221
Latency: 0.959128855029121
Latency: 0.9700504860375077
Latency: 0.9694409270305187
Latency: 0.8599704350344837
Latency: 0.8625221899710596
Latency: 0.8524282008875161
Latency: 0.8574141720309854
Latency: 0.8483981410972774
Latency: 0.8511269970331341
Latency: 0.8638633268419653
Latency: 0.8657298220787197
Latency: 0.8757682309951633
Latency: 0.944709095871076
Latency: 0.9451261050999165
Latency: 0.9883179909083992
Latency: 0.9875333439558744
Latency: 0.985227714991197
Latency: 0.9483799380250275
Latency: 0.9784658788703382
Latency: 0.9757257481105626
Latency: 0.9919754050206393
Latency: 0.949505940079689
Latency: 0.9443206849973649
Latency: 0.9884842289611697
Latency: 0.9604976261034608
Latency: 0.958090002881363
Latency: 0.9504270670004189
Latency: 0.9500802319962531
Latency: 0.9088964271359146
Latency: 0.9015888760332018
Latency: 0.9084165310487151
Latency: 0.8948047189041972
Latency: 0.91039840108715
Latency: 0.9387397789396346
Latency: 0.9280464970506728
Latency: 0.865571420872584
Latency: 0.9613381859380752
Latency: 0.9009916090872139
Latency: 0.9521458470262587
Latency: 0.8836917080916464
Latency: 0.892778699984774
Latency: 0.8880393479485065
Latency: 0.8885086528025568
Latency: 0.8905214460100979
Latency: 0.9025834000203758
Latency: 0.8970796309877187
Latency: 0.8973286740947515
Latency: 0.9151556380093098
Latency: 0.9191686529666185
Latency: 0.9200183029752225
Latency: 0.9583625239320099
Latency: 0.9610302539076656
Latency: 0.9458742479328066
Latency: 0.9291803669184446
Latency: 0.9303416148759425
Latency: 0.8679697199258953
Latency: 0.8843293921090662
Latency: 0.8727245719637722
Latency: 0.8905932160560042
Latency: 0.8730284189805388
Latency: 0.8970146079082042
Latency: 0.8794881119392812
Latency: 0.8984066757839173
Latency: 0.8757928279228508
Latency: 0.8991363230161369
Latency: 0.8978505118284374
Latency: 0.8784594151657075
Latency: 0.8950573720503598
Latency: 0.877822179114446
Latency: 0.8791846269741654
Latency: 0.8881156370043755
Latency: 0.9067242939490825
Latency: 0.9251676280982792
Latency: 0.9038823179434985
Latency: 0.9123367751017213
Latency: 0.9078465921338648
Latency: 0.9215443250723183
Latency: 0.9106421840842813
Latency: 0.8807229029480368
Latency: 0.8703418129589409
Latency: 0.9094169440213591
Latency: 0.914731397992
Latency: 0.8825859730131924
Latency: 0.9138973290100694
Latency: 0.927356774918735
Latency: 0.8752265591174364
Latency: 0.8887412040494382
Latency: 0.8859125769231468
Latency: 0.9286541331093758
Latency: 0.8918760931119323
Latency: 0.93109445204027
Latency: 0.9290786138735712
Latency: 0.9011058420874178
Latency: 0.9146623411215842
Latency: 0.906073551857844
Latency: 0.9039932962041348
Latency: 0.9049616248812526
Latency: 0.928323577856645
Latency: 0.9083170099183917
Latency: 0.913094534073025
Latency: 0.9450399079360068
Latency: 0.9122743760235608
Latency: 0.8910835129208863
Latency: 0.9592578429728746
Latency: 0.9330043599475175
Latency: 0.9213514528237283
Latency: 0.9237066658679396
Latency: 0.9358565211296082
Latency: 0.9290143358521163
Latency: 0.9394895730074495
Latency: 0.9424299630336463
Latency: 0.9252753891050816
Latency: 0.9648721381090581
Latency: 0.9744245219044387
Latency: 0.9652700570877641
Latency: 0.9611985560040921
Latency: 0.9298637150786817
Latency: 0.9299575861077756
Latency: 0.9901933390647173
Latency: 0.9458121510688215
Latency: 0.954065103083849
Latency: 0.962324928957969
Latency: 0.9413147200830281
Latency: 0.9186897540930659
Latency: 0.987669836031273
Latency: 0.981956796022132
Latency: 0.9259826140478253
Latency: 0.9547200570814312
Latency: 0.9612510409206152
Latency: 0.936484290054068
Latency: 0.9664305739570409
Latency: 0.9035466979257762
Latency: 0.9210929670371115
Latency: 0.9284347910434008
Latency: 0.9346840810030699
Latency: 0.9289216080214828
Latency: 0.917099840939045
Latency: 0.9098692191764712
Latency: 0.9222544301301241
Latency: 0.9444664379116148
Latency: 0.8955119089223444
Latency: 0.8618247520644218
Latency: 0.8680367399938405
Latency: 0.8708325359039009
Latency: 0.9072764618322253
Latency: 0.8729482181370258
Latency: 0.903998777968809
Latency: 0.9103792258538306
Latency: 0.9186607229057699
Latency: 0.915471751941368
Latency: 0.9146259510889649
Latency: 0.9112540648784488
Latency: 0.9186340239830315
Latency: 0.9199340490158647
Latency: 0.8954636259004474
Latency: 0.8872840688563883
Latency: 0.9291486442089081
Latency: 0.9082452841103077
Latency: 0.9357961739879102
Latency: 0.9239357400219887
Latency: 0.9276004680432379
Latency: 0.8575528578367084
Latency: 0.8884682680945843
Latency: 0.8563573248684406
Latency: 0.8729600009974092
Latency: 0.8710456870030612
Latency: 0.8891244530677795
Latency: 0.8688283709343523
Latency: 0.8774596159346402
Latency: 0.8755999978166074
Latency: 0.8874094290658832
Latency: 0.8945314369630069
Latency: 0.8907285230234265
Latency: 0.902539192000404
Latency: 0.9141765080858022
Latency: 0.9042043860536069
Latency: 0.8692882140167058
Latency: 0.8874873239547014
Latency: 0.9116955860517919
Latency: 0.8813351402059197
Latency: 0.8929916007909924
Latency: 0.8965105740353465
Latency: 0.895136492094025
Latency: 0.8943805031012744
Latency: 0.9043267820961773
Latency: 0.902763081016019
Latency: 0.8777327151037753
Latency: 0.9116882139351219
Latency: 0.9034763069357723
Latency: 0.911601813044399
Latency: 0.9138406440615654
Latency: 0.9115318928379565
Latency: 0.9019016930833459
Latency: 0.9073815539013594
Latency: 0.9079150902107358
Latency: 0.9155134491156787
Latency: 0.8951236209832132
Latency: 0.8954159140121192
Latency: 0.8998268339782953
Latency: 0.9214569500181824
Latency: 0.9160667599644512
Latency: 0.9331257960293442
Latency: 0.9113625849131495
Latency: 0.916455342900008
Latency: 0.9344179958570749
Latency: 0.935851622838527
Latency: 0.9200452680233866
Latency: 0.8982339869253337
Latency: 0.8949061469174922
Latency: 0.9342884251382202
Latency: 0.928559065097943
Latency: 0.9050897490233183
Latency: 0.9557637411635369
Latency: 0.906141361920163
Latency: 0.9333708821795881
Latency: 0.9078292241320014
Latency: 0.9136588089168072
Latency: 0.9198453349526972
Latency: 0.9123853179626167
Latency: 0.9089197830762714
Latency: 0.90710533503443
Latency: 0.9203169769607484
Latency: 0.8972479440271854
Latency: 0.9292308199219406
Latency: 0.91390535607934
Latency: 0.9085825888905674
Latency: 0.9301138091832399
Latency: 0.9115512198768556
Latency: 0.9223968319129199
Latency: 0.9373593560885638
Latency: 0.885379116050899
Latency: 0.891992504009977
Latency: 0.8811724539846182
Latency: 0.8775483260396868
Latency: 0.8880249748472124
Latency: 0.8841569779906422
Latency: 0.8916088191326708
Latency: 0.878101603128016
Latency: 0.9056357201188803
Latency: 0.9034817768260837
Latency: 0.9051485159434378
Latency: 0.9153824949171394
Latency: 0.891358874971047
Latency: 0.8906383498106152
Latency: 0.9303029030561447
Latency: 0.8850435269996524
Latency: 0.9033583858981729
Latency: 0.8912774329073727
Latency: 0.9067469169385731
Latency: 0.8787086268421263
Latency: 0.8901181509718299
Latency: 0.8764761071652174
Latency: 0.8750683609396219
Latency: 0.8862144351005554
Latency: 0.8902529738843441
Latency: 0.8966416427865624
Latency: 0.896804132964462
Latency: 0.9078203230164945
Latency: 0.8568079138640314
