Latency: 0.1313188038766384
Latency: 0.15851981891319156
Latency: 0.10805841302499175
Latency: 0.12357397796586156
Latency: 0.12226450396701694
Latency: 0.11375146708451211
Latency: 0.16930370684713125
Latency: 0.10014513088390231
Latency: 0.1211566380225122
Latency: 0.12494352785870433
Latency: 0.12458153092302382
Latency: 0.1727776899933815
Latency: 0.12116766604594886
Latency: 0.12091461103409529
Latency: 0.12563187116757035
Latency: 0.12710598902776837
Latency: 0.18834989587776363
Latency: 0.12049504811875522
Latency: 0.12181875994428992
Latency: 0.11392342601902783
Latency: 0.1224137379322201
Latency: 0.16954429005272686
Latency: 0.11552903591655195
Latency: 0.12580830790102482
Latency: 0.11785532417707145
Latency: 0.11463489918969572
Latency: 0.1725837979465723
Latency: 0.11344950692728162
Latency: 0.13887959881685674
Latency: 0.12789616407826543
Latency: 0.11864650691859424
Latency: 0.16395153384655714
Latency: 0.12276188796386123
Latency: 0.126035425812006
Latency: 0.12375408201478422
Latency: 0.1286553789395839
Latency: 0.16743050911463797
Latency: 0.12415722711011767
Latency: 0.1196997610386461
Latency: 0.12255066400393844
Latency: 0.1319416689220816
Latency: 0.17922409600578249
Latency: 0.1181896161288023
Latency: 0.12708692508749664
Latency: 0.12246361514553428
Latency: 0.11657732701860368
Latency: 0.11469255317933857
Latency: 0.1183596970513463
Latency: 0.13530312990769744
Latency: 0.1280810278840363
Latency: 0.13461087900213897
Latency: 0.1353333641309291
Latency: 0.12087911693379283
Latency: 0.12858062400482595
Latency: 0.12530569010414183
Latency: 0.18233744683675468
Latency: 0.1328212940134108
Latency: 0.13991682091727853
Latency: 0.1377939770463854
Latency: 0.12560761719942093
Latency: 0.1809711940586567
Latency: 0.13031837390735745
Latency: 0.1347175759728998
Latency: 0.1363804661668837
Latency: 0.13324422296136618
Latency: 0.18555321311578155
Latency: 0.13249185285530984
Latency: 0.12530955113470554
Latency: 0.13812797097489238
Latency: 0.11910009500570595
Latency: 0.1943491359706968
Latency: 0.13592597213573754
Latency: 0.13320042821578681
Latency: 0.11883251299150288
Latency: 0.132324012927711
Latency: 0.12693949905224144
Latency: 0.12869675504043698
Latency: 0.13979373616166413
Latency: 0.1430616530124098
Latency: 0.19471979700028896
Latency: 0.12649742513895035
Latency: 0.12929259799420834
Latency: 0.12476973189041018
Latency: 0.1339752988424152
Latency: 0.19736072001978755
Latency: 0.13121575396507978
Latency: 0.1294328139629215
Latency: 0.13849879405461252
Latency: 0.1304002010729164
Latency: 0.18492311309091747
Latency: 0.12850459897890687
Latency: 0.1268800611142069
Latency: 0.1290516189765185
Latency: 0.11913849203847349
Latency: 0.19590191589668393
Latency: 0.11428845417685807
Latency: 0.12054755492135882
Latency: 0.12591310497373343
Latency: 0.11749522294849157
Latency: 0.1863703760318458
Latency: 0.1276765090879053
Latency: 0.14332938310690224
Latency: 0.12364675314165652
Latency: 0.12611161009408534
Latency: 0.13493072683922946
Latency: 0.1339905639179051
Latency: 0.13496970501728356
Latency: 0.1389568541198969
Latency: 0.13081326009705663
Latency: 0.1886795200407505
Latency: 0.12266405788250268
Latency: 0.1296889299992472
Latency: 0.11692943493835628
Latency: 0.10781681002117693
Latency: 0.0232291619759053
Latency: 0.004736866103485227
Latency: 0.00427462812513113
Latency: 0.005029159132391214
Latency: 0.004235382890328765
Latency: 0.0041840639896690845
Latency: 0.004420418059453368
Latency: 0.004716798895969987
Latency: 0.0043090221006423235
Latency: 0.004577286075800657
Latency: 0.0042440739925950766
Latency: 0.0041068189311772585
Latency: 0.004524314077571034
Latency: 0.004166277823969722
Latency: 0.004171008942648768
Latency: 0.004518880974501371
Latency: 0.004242453956976533
Latency: 0.004160427022725344
Latency: 0.009191739140078425
Latency: 0.004819595953449607
Latency: 0.004380813101306558
Latency: 0.004767018835991621
Latency: 0.0045542719308286905
Latency: 0.004328427137807012
Latency: 0.004692636895924807
Latency: 0.0042797711212188005
Latency: 0.004244767129421234
Latency: 0.004443540005013347
Latency: 0.004274735925719142
Latency: 0.004142864840105176
Latency: 0.004474867833778262
Latency: 0.004249572055414319
Latency: 0.004148361040279269
Latency: 0.004542491864413023
Latency: 0.0041760411113500595
Latency: 0.004151395056396723
Latency: 0.004439759999513626
Latency: 0.0042531180661171675
Latency: 0.0041321690659970045
Latency: 0.004454785957932472
Latency: 0.00440000300295651
Latency: 0.005892735905945301
Latency: 0.004944385960698128
Latency: 0.00463266484439373
Latency: 0.004258397035300732
Latency: 0.004513995023444295
Latency: 0.004285827046260238
Latency: 0.004215438151732087
Latency: 0.004486517980694771
Latency: 0.006326528964564204
Latency: 0.004268138902261853
Latency: 0.004561044042930007
Latency: 0.0042912280187010765
Latency: 0.004212016938254237
Latency: 0.005715943174436688
Latency: 0.004280229797586799
Latency: 0.00436387094669044
Latency: 0.004536085994914174
Latency: 0.004280736902728677
Latency: 0.004296343075111508
Latency: 0.005312411114573479
Latency: 0.00450120703317225
Latency: 0.0045475459191948175
Latency: 0.004509303020313382
Latency: 0.004358066013082862
Latency: 0.004509838996455073
Latency: 0.004865919938310981
Latency: 0.0046999589540064335
Latency: 0.007917512906715274
Latency: 0.007538317935541272
Latency: 0.005216670921072364
Latency: 0.004800913156941533
Latency: 0.005059439921751618
Latency: 0.004609366878867149
Latency: 0.004576277919113636
Latency: 0.004715806106105447
Latency: 0.004363731015473604
Latency: 0.004321055952459574
Latency: 0.004564916016533971
Latency: 0.004294096026569605
Latency: 0.004223945084959269
Latency: 0.00458998279646039
Latency: 0.004261848051100969
Latency: 0.004207574063912034
Latency: 0.00452062301337719
Latency: 0.004209924954921007
Latency: 0.0041448448318988085
Latency: 0.004404465202242136
Latency: 0.004347183974459767
Latency: 0.00416840217076242
Latency: 0.005375684006139636
Latency: 0.004232171922922134
Latency: 0.004147673957049847
Latency: 0.07523223385214806
Latency: 0.005200630985200405
Latency: 0.0046345749869942665
Latency: 0.00456358608789742
Latency: 0.004275598097592592
Latency: 0.004051869967952371
Latency: 0.003989863907918334
Latency: 0.004359018057584763
Latency: 0.0040732258930802345
Latency: 0.004202190088108182
Latency: 0.004307836061343551
Latency: 0.004367391113191843
Latency: 0.004524210933595896
Latency: 0.004242312861606479
Latency: 0.004150209948420525
Latency: 0.004302903078496456
Latency: 0.004144759848713875
Latency: 0.004460918018594384
Latency: 0.004179288865998387
Latency: 0.004072064068168402
Latency: 0.004233671817928553
Latency: 0.0041869638953357935
Latency: 0.004482849966734648
Latency: 0.004142245044931769
Latency: 0.0039828738663345575
Latency: 0.0040767251048237085
Latency: 0.004066454013809562
Latency: 0.004581000888720155
Latency: 0.004102144856005907
Latency: 0.003964354982599616
Latency: 0.003927327925339341
Latency: 0.003813378978520632
Latency: 0.004013705067336559
Latency: 0.0038248321507126093
Latency: 0.00379825197160244
Latency: 0.004121631849557161
Latency: 0.0038496418856084347
Latency: 0.0038378809113055468
Latency: 0.004123504972085357
Latency: 0.0037596370093524456
Latency: 0.003805778920650482
Latency: 0.004042529966682196
Latency: 0.0038230991922318935
Latency: 0.0039931051433086395
Latency: 0.004144730977714062
Latency: 0.0038584310095757246
Latency: 0.003916719928383827
Latency: 0.004341647028923035
Latency: 0.004107100889086723
Latency: 0.00407853489741683
Latency: 0.0043377019464969635
Latency: 0.0038252638187259436
Latency: 0.004132709000259638
Latency: 0.004040730884298682
Latency: 0.003735831007361412
Latency: 0.003742618951946497
Latency: 0.004080608021467924
Latency: 0.0037775589153170586
Latency: 0.0037444899789988995
Latency: 0.004183175973594189
Latency: 0.0037635478656738997
Latency: 0.003737807972356677
Latency: 0.003997805994004011
Latency: 0.0037461300380527973
Latency: 0.0037287739105522633
Latency: 0.0045425789430737495
Latency: 0.0037370009813457727
Latency: 0.003750135889276862
Latency: 0.0039949261117726564
Latency: 0.003750703064724803
Latency: 0.0037281729746609926
Latency: 0.0039468498434871435
Latency: 0.00374905695207417
Latency: 0.0037467710208147764
Latency: 0.00397650501690805
Latency: 0.0038990811444818974
Latency: 0.0037412799429148436
Latency: 0.003996772924438119
Latency: 0.003761094994843006
Latency: 0.003878421150147915
Latency: 0.004015205195173621
Latency: 0.0037673620972782373
Latency: 0.003748605027794838
Latency: 0.003978244960308075
Latency: 0.0037777740508317947
Latency: 0.0037402010057121515
Latency: 0.003966643940657377
Latency: 0.0037701439578086138
Latency: 0.00374104012735188
Latency: 0.0039826191496104
Latency: 0.0037493789568543434
Latency: 0.0038843119982630014
Latency: 0.004002165049314499
Latency: 0.003755838144570589
Latency: 0.0037357108667492867
Latency: 0.003994043916463852
Latency: 0.0037761209532618523
Latency: 0.0037272979971021414
Latency: 0.003980081062763929
Latency: 0.0037447838112711906
Latency: 0.0037705569993704557
Latency: 0.004523324081674218
Latency: 0.0037456979043781757
Latency: 0.0037423891481012106
Latency: 0.003887064987793565
Latency: 0.0037127321120351553
Latency: 0.0037214418407529593
Latency: 0.004148842068389058
Latency: 0.003748555900529027
Latency: 0.00372665305621922
Latency: 0.004032450960949063
Latency: 0.0037444529589265585
Latency: 0.003724604146555066
Latency: 0.004016808932647109
Latency: 0.0037449130322784185
Latency: 0.0037394948303699493
Latency: 0.004014499951153994
Latency: 0.003743535839021206
Latency: 0.0037416070699691772
Latency: 0.00403858395293355
Latency: 0.0037260069511830807
Latency: 0.003737939056009054
Latency: 0.004046201938763261
Latency: 0.003889349987730384
Latency: 0.0037244060076773167
Latency: 0.004030483076348901
Latency: 0.0037308719474822283
Latency: 0.0037074610590934753
Latency: 0.004007135052233934
Latency: 0.0037579541094601154
Latency: 0.003769987029954791
Latency: 0.004027276067063212
Latency: 0.003715338883921504
Latency: 0.0037605890538543463
Latency: 0.004022542852908373
Latency: 0.0037356731481850147
Latency: 0.003740054089576006
Latency: 0.003849943168461323
Latency: 0.004110933048650622
Latency: 0.0042584429029375315
Latency: 0.003795343218371272
Latency: 0.003810910042375326
Latency: 0.0040377110708504915
Latency: 0.0037649511359632015
Latency: 0.003999565029516816
Latency: 0.004131117835640907
Latency: 0.0038585402071475983
Latency: 0.0038300571031868458
Latency: 0.004031816963106394
Latency: 0.0037720121908932924
Latency: 0.0037328938487917185
Latency: 0.004063733154907823
Latency: 0.00378687703050673
Latency: 0.0037861240562051535
Latency: 0.004024388967081904
Latency: 0.004133305978029966
Latency: 0.0037623171228915453
Latency: 0.004029296804219484
Latency: 0.0037585448008030653
Latency: 0.0037283580750226974
Latency: 0.004028145922347903
Latency: 0.0037514190189540386
Latency: 0.0037731199990957975
Latency: 0.004025805974379182
Latency: 0.0037696289364248514
Latency: 0.0037495428696274757
Latency: 0.004039816092699766
Latency: 0.0037672549951821566
Latency: 0.003746249945834279
Latency: 0.004039650084450841
Latency: 0.00376837607473135
Latency: 0.003887095022946596
Latency: 0.004298988962545991
Latency: 0.003760560881346464
Latency: 0.0037217189092189074
Latency: 0.003838652977719903
Latency: 0.0037449549417942762
Latency: 0.0037184329703450203
Latency: 0.004020674154162407
Latency: 0.003733827034011483
Latency: 0.0037305429577827454
Latency: 0.004044668050482869
Latency: 0.0037404950708150864
Latency: 0.003741957014426589
Latency: 0.004040600964799523
Latency: 0.003745890920981765
Latency: 0.0037617008201777935
Latency: 0.004190357867628336
Latency: 0.0037474429700523615
Latency: 0.0037362519651651382
Latency: 0.00405659805983305
Latency: 0.0037571860011667013
Latency: 0.0037257990334182978
Latency: 0.004044523928314447
Latency: 0.0037303799763321877
Latency: 0.0037339129485189915
Latency: 0.004041092935949564
Latency: 0.003744645044207573
Latency: 0.003715201048180461
Latency: 0.00403267121873796
Latency: 0.0037352510262280703
Latency: 0.003769270144402981
Latency: 0.004184068879112601
Latency: 0.0038830898702144623
Latency: 0.0037490271497517824
Latency: 0.0040063560009002686
Latency: 0.0037396280094981194
Latency: 0.0037483128253370523
Latency: 0.003868744010105729
Latency: 0.003727027913555503
Latency: 0.004022548208013177
Latency: 0.003788901958614588
Latency: 0.00375374685972929
Latency: 0.004046255024150014
Latency: 0.0037628919817507267
Latency: 0.0037424869369715452
Latency: 0.004025537054985762
Latency: 0.0037408440839499235
Latency: 0.0037348249461501837
Latency: 0.004201818024739623
Latency: 0.003753156866878271
Latency: 0.0037408710923045874
Latency: 0.004038268001750112
Latency: 0.003751331940293312
Latency: 0.0037217328790575266
Latency: 0.0040298190433532
Latency: 0.0037775798700749874
Latency: 0.003734032856300473
Latency: 0.004023800138384104
Latency: 0.003982756054028869
Latency: 0.00376791600137949
Latency: 0.004029761999845505
Latency: 0.0037685588467866182
Latency: 0.0037397691048681736
Latency: 0.004027978051453829
Latency: 0.0039017419330775738
Latency: 0.003760238876566291
Latency: 0.004032564116641879
Latency: 0.0037448820658028126
Latency: 0.0037540700286626816
Latency: 0.004047040129080415
Latency: 0.0037458741571754217
Latency: 0.0037396340630948544
Latency: 0.004357379861176014
Latency: 0.0038396301679313183
Latency: 0.0038015120662748814
Latency: 0.0039002280682325363
Latency: 0.003809301182627678
Latency: 0.0037808879278600216
Latency: 0.004029986914247274
Latency: 0.003758760867640376
Latency: 0.003870198968797922
Latency: 0.004011979093775153
Latency: 0.0037338430993258953
Latency: 0.0037526628002524376
Latency: 0.004026793176308274
Latency: 0.0037527421955019236
Latency: 0.003739495063200593
Latency: 0.004043116932734847
Latency: 0.0038194789085537195
Latency: 0.003823312930762768
Latency: 0.004083894891664386
Latency: 0.0037383469752967358
Latency: 0.0037379940040409565
Latency: 0.004040288971737027
Latency: 0.003776093013584614
Latency: 0.003757920814678073
Latency: 0.00415942189283669
Latency: 0.0037360559217631817
Latency: 0.003750121919438243
Latency: 0.004027415998280048
Latency: 0.003737671999260783
Latency: 0.0037361348513513803
Latency: 0.0040394822135567665
Latency: 0.0037236090283840895
Latency: 0.0037640489172190428
Latency: 0.004040449159219861
Latency: 0.003734828904271126
Latency: 0.0037560290656983852
Latency: 0.00387047091498971
Latency: 0.003735060105100274
Latency: 0.004012031015008688
Latency: 0.003772458992898464
Latency: 0.003897485788911581
Latency: 0.004012912046164274
Latency: 0.003739830106496811
Latency: 0.0037496581207960844
Latency: 0.0040256360080093145
Latency: 0.0037595760077238083
Latency: 0.0037299818359315395
Latency: 0.004018799867480993
Latency: 0.00374278100207448
Latency: 0.003740095067769289
Latency: 0.004031101008877158
Latency: 0.0037762990687042475
Latency: 0.0037465908098965883
Latency: 0.004024406895041466
Latency: 0.0037617001216858625
Latency: 0.0037423151079565287
Latency: 0.004164351848885417
Latency: 0.003769716015085578
Latency: 0.0037592099979519844
Latency: 0.004010434029623866
Latency: 0.0037811570800840855
Latency: 0.0037615359760820866
Latency: 0.004418194061145186
Latency: 0.003774183103814721
Latency: 0.0037660670932382345
Latency: 0.004049794981256127
Latency: 0.0037384130991995335
Latency: 0.0037319071125239134
Latency: 0.0040549240075051785
Latency: 0.0037957250606268644
Latency: 0.0037646209821105003
Latency: 0.004300144035369158
Latency: 0.0038949321024119854
Latency: 0.0037357129622250795
Latency: 0.0038365100044757128
Latency: 0.00377363502047956
Latency: 0.0037482089828699827
Latency: 0.004027731018140912
Latency: 0.0037786560133099556
Latency: 0.00374181498773396
Latency: 0.004020255990326405
Latency: 0.0037295909132808447
Latency: 0.0037541231140494347
Latency: 0.0040275470819324255
Latency: 0.0037298821844160557
Latency: 0.0037262081168591976
Latency: 0.004051146097481251
Latency: 0.003739028936251998
Latency: 0.0038674608804285526
Latency: 0.0040494720451533794
Latency: 0.0037572600413113832
Latency: 0.0037480760365724564
Latency: 0.00403442420065403
Latency: 0.00379837304353714
Latency: 0.0037319830153137445
Latency: 0.004063526168465614
Latency: 0.00374431605450809
Latency: 0.003738055005669594
Latency: 0.004020583117380738
Latency: 0.0037612831220030785
Latency: 0.0037347180768847466
Latency: 0.004038321087136865
Latency: 0.003743216162547469
Latency: 0.003739349078387022
Latency: 0.0041680969297885895
Latency: 0.0037420911248773336
Latency: 0.00375185115262866
Latency: 0.003860764903947711
Latency: 0.0037294230423867702
Latency: 0.004007388139143586
Latency: 0.0037567780818790197
Latency: 0.0037392708472907543
Latency: 0.004010447999462485
Latency: 0.003731932956725359
Latency: 0.003743259934708476
Latency: 0.004004536895081401
Latency: 0.003745278110727668
Latency: 0.003744610119611025
Latency: 0.004040134139358997
Latency: 0.0037622451782226562
Latency: 0.0038905369583517313
Latency: 0.00404865387827158
Latency: 0.0037815971300005913
Latency: 0.0037518630269914865
Latency: 0.004035677993670106
Latency: 0.0037698131054639816
Latency: 0.003745130030438304
Latency: 0.004025110974907875
Latency: 0.003774169133976102
Latency: 0.003732286160811782
Latency: 0.004054470919072628
Latency: 0.0037596169859170914
Latency: 0.0037355590611696243
Latency: 0.004047194961458445
Latency: 0.0037712971679866314
Latency: 0.003766312962397933
Latency: 0.004186057951301336
Latency: 0.003767913905903697
Latency: 0.003771323012188077
Latency: 0.004083664156496525
Latency: 0.0037364850286394358
Latency: 0.0037271601613610983
Latency: 0.004300801083445549
Latency: 0.003755953162908554
Latency: 0.003704996081069112
Latency: 0.0038611451163887978
Latency: 0.003822745056822896
Latency: 0.0037490951362997293
Latency: 0.004023094894364476
Latency: 0.0037726920563727617
Latency: 0.0037310461048036814
Latency: 0.004067145055159926
Latency: 0.003890781197696924
Latency: 0.0037535629235208035
Latency: 0.004056541016325355
Latency: 0.0037406771443784237
Latency: 0.0037657541688531637
Latency: 0.004066362977027893
Latency: 0.0037474778946489096
Latency: 0.003756921971216798
Latency: 0.004061732906848192
Latency: 0.0037405199836939573
Latency: 0.0037436489947140217
Latency: 0.004066352033987641
Latency: 0.0037431621458381414
Latency: 0.0037585459649562836
Latency: 0.004024907015264034
Latency: 0.003733400022611022
Latency: 0.003910400904715061
Latency: 0.004017452010884881
Latency: 0.003734832862392068
Latency: 0.003753694938495755
Latency: 0.004047954920679331
Latency: 0.0037297720555216074
Latency: 0.0037388380151242018
Latency: 0.004038579994812608
Latency: 0.003742896020412445
Latency: 0.0037731709890067577
Latency: 0.0038799429312348366
Latency: 0.0037195750046521425
Latency: 0.0040213000029325485
Latency: 0.003744980087503791
Latency: 0.0037475379649549723
Latency: 0.004021046916022897
Latency: 0.003919265000149608
Latency: 0.003739955835044384
Latency: 0.004019307205453515
Latency: 0.0037694049533456564
Latency: 0.003783616004511714
Latency: 0.004057029960677028
Latency: 0.003773628966882825
Latency: 0.00376465218141675
Latency: 0.004042824963107705
Latency: 0.003732974175363779
Latency: 0.003766037989407778
Latency: 0.004046529997140169
Latency: 0.003770482959225774
Latency: 0.003745699068531394
Latency: 0.004033170873299241
Latency: 0.0037676719948649406
Latency: 0.0038822439964860678
Latency: 0.004051394062116742
Latency: 0.0037717309314757586
Latency: 0.0037339760456234217
Latency: 0.004034834913909435
Latency: 0.0037581210490316153
Latency: 0.003756670979782939
Latency: 0.004050011979416013
Latency: 0.0037670480087399483
Latency: 0.00375556293874979
Latency: 0.004048961913213134
Latency: 0.0037526448722928762
Latency: 0.003970444900915027
Latency: 0.004345278022810817
Latency: 0.003755104960873723
Latency: 0.003724500071257353
Latency: 0.003974956925958395
Latency: 0.0037455849815160036
Latency: 0.0037364931777119637
Latency: 0.0040376759134233
Latency: 0.003751445095986128
Latency: 0.0037189070135354996
Latency: 0.004001700086519122
Latency: 0.0037322170101106167
Latency: 0.0037184380926191807
Latency: 0.004040971864014864
Latency: 0.0037490378599613905
Latency: 0.003737614955753088
Latency: 0.0040606779512017965
Latency: 0.0037271887995302677
Latency: 0.003764475928619504
Latency: 0.004038314800709486
Latency: 0.0038769030943512917
Latency: 0.003742310917004943
Latency: 0.0040545291267335415
Latency: 0.0037452420219779015
Latency: 0.003753991797566414
Latency: 0.004029344068840146
Latency: 0.003739486914128065
Latency: 0.003761103143915534
Latency: 0.004028584808111191
Latency: 0.0037406471092253923
Latency: 0.0037517910823225975
Latency: 0.0040152971632778645
Latency: 0.0037295359652489424
Latency: 0.0037478930316865444
Latency: 0.004044458968564868
Latency: 0.003742808010429144
Latency: 0.0038959889207035303
Latency: 0.0038803010247647762
Latency: 0.003742162836715579
Latency: 0.0040162240620702505
Latency: 0.0037569769192487
Latency: 0.0037379839923232794
Latency: 0.0040125008672475815
Latency: 0.0037548630498349667
Latency: 0.003747184993699193
Latency: 0.004029752919450402
Latency: 0.0037851519882678986
Latency: 0.003757609985768795
Latency: 0.004047235008329153
Latency: 0.0037573620211333036
Latency: 0.003729164833202958
Latency: 0.004025632981210947
Latency: 0.003907022997736931
Latency: 0.003738928120583296
Latency: 0.004034490091726184
Latency: 0.003752609947696328
Latency: 0.0037202259991317987
Latency: 0.0040417928248643875
Latency: 0.0037542148493230343
Latency: 0.0037332449574023485
Latency: 0.004039073130115867
Latency: 0.00377658405341208
Latency: 0.0037362670991569757
Latency: 0.004040800966322422
Latency: 0.003766808193176985
Latency: 0.0037426280323415995
Latency: 0.004048607079312205
Latency: 0.003773740027099848
Latency: 0.0038747629150748253
Latency: 0.004052750067785382
Latency: 0.003810361959040165
Latency: 0.0037662149406969547
Latency: 0.004344392102211714
Latency: 0.003806685796007514
Latency: 0.0037242909893393517
Latency: 0.003847918938845396
Latency: 0.0037338840775191784
Latency: 0.003731115022674203
Latency: 0.004002436064183712
Latency: 0.003780570812523365
Latency: 0.0037421181332319975
Latency: 0.004041457083076239
Latency: 0.003737068036571145
Latency: 0.0037620291113853455
Latency: 0.004175673937425017
Latency: 0.003740234998986125
Latency: 0.0037570178974419832
Latency: 0.004046938149258494
Latency: 0.003746147034689784
Latency: 0.00372083717957139
Latency: 0.004036549013108015
Latency: 0.003757945029065013
Latency: 0.003735427977517247
Latency: 0.004039839142933488
Latency: 0.003740875981748104
Latency: 0.0037288309540599585
Latency: 0.00402603205293417
Latency: 0.003737018210813403
Latency: 0.00374086806550622
Latency: 0.004030308220535517
Latency: 0.0038735230918973684
Latency: 0.0037681730464100838
Latency: 0.004044902045279741
Latency: 0.00373468897305429
Latency: 0.00375446118414402
Latency: 0.004048394970595837
Latency: 0.0037431640084832907
Latency: 0.003743506968021393
Latency: 0.003873314941301942
Latency: 0.00375309307128191
Latency: 0.004020747961476445
Latency: 0.0037427961360663176
Latency: 0.003738438943400979
Latency: 0.0040512909181416035
Latency: 0.003764750901609659
Latency: 0.0037452850956469774
Latency: 0.004161481047049165
Latency: 0.0037547238171100616
Latency: 0.003724713111296296
Latency: 0.004047378897666931
Latency: 0.0037547280080616474
Latency: 0.0037485810462385416
Latency: 0.004033141070976853
Latency: 0.0037560081109404564
Latency: 0.0037178238853812218
Latency: 0.00440835184417665
Latency: 0.0037997858598828316
Latency: 0.003765673143789172
Latency: 0.004090794129297137
Latency: 0.0038032629527151585
Latency: 0.003770069917663932
Latency: 0.00407560495659709
Latency: 0.00401136395521462
Latency: 0.0037679681554436684
Latency: 0.004079069942235947
Latency: 0.003791281022131443
Latency: 0.00377646298147738
Latency: 0.004070712020620704
Latency: 0.0037932549603283405
Latency: 0.0037941839545965195
Latency: 0.004081598948687315
Latency: 0.00376243912614882
Latency: 0.003748580114915967
Latency: 0.004412462003529072
Latency: 0.0037695399951189756
Latency: 0.003729216055944562
Latency: 0.004078196128830314
Latency: 0.0038243678864091635
Latency: 0.0038629958871752024
Latency: 0.004028350114822388
Latency: 0.0037534928414970636
Latency: 0.0037436119746416807
Latency: 0.004064711043611169
Latency: 0.0037419351283460855
Latency: 0.0037276509683579206
Latency: 0.004045367939397693
Latency: 0.0037478830199688673
Latency: 0.0037505310028791428
Latency: 0.004039583960548043
Latency: 0.003843683982267976
Latency: 0.004191046115010977
Latency: 0.004153965972363949
Latency: 0.003765862202271819
Latency: 0.003775693941861391
Latency: 0.004218622809275985
Latency: 0.0037552849389612675
Latency: 0.0037526320666074753
Latency: 0.00406666100025177
Latency: 0.003771419869735837
Latency: 0.0037666498683393
Latency: 0.004060683073475957
Latency: 0.003775151912122965
Latency: 0.003774612909182906
Latency: 0.004046522080898285
Latency: 0.0037526970263570547
Latency: 0.003748685820028186
Latency: 0.0040620442014187574
Latency: 0.003749693976715207
Latency: 0.0037698859814554453
Latency: 0.0038895460311323404
Latency: 0.003903498873114586
Latency: 0.00400984100997448
Latency: 0.003751080948859453
Latency: 0.003750836942344904
Latency: 0.004046035930514336
Latency: 0.0037594190798699856
Latency: 0.0037519671022892
Latency: 0.004041068023070693
Latency: 0.0037585811223834753
Latency: 0.003744380781427026
Latency: 0.004027256974950433
Latency: 0.0037634060718119144
Latency: 0.0037479440215975046
Latency: 0.004035352962091565
Latency: 0.0037729190662503242
Latency: 0.0037840569857507944
Latency: 0.00419193203561008
Latency: 0.003776047145947814
Latency: 0.003736110869795084
Latency: 0.004061046056449413
Latency: 0.0037603708915412426
Latency: 0.003741426160559058
Latency: 0.0040744098369032145
Latency: 0.003760627005249262
Latency: 0.003745344001799822
Latency: 0.004068565787747502
Latency: 0.0037688231095671654
Latency: 0.0037425311747938395
Latency: 0.004043188877403736
Latency: 0.0037730399053543806
Latency: 0.00372703792527318
Latency: 0.004076079931110144
Latency: 0.003906400874257088
Latency: 0.0037306291051208973
Latency: 0.004349167924374342
Latency: 0.0037755719386041164
Latency: 0.0037577638868242502
Latency: 0.003828982822597027
Latency: 0.0037671979516744614
Latency: 0.00373507896438241
Latency: 0.004243325907737017
Latency: 0.0037927632220089436
Latency: 0.0037376130931079388
Latency: 0.004036550875753164
Latency: 0.0037549969274550676
Latency: 0.003748971037566662
Latency: 0.004129891050979495
Latency: 0.0038081889506429434
Latency: 0.003951252903789282
Latency: 0.004125721054151654
Latency: 0.003837680909782648
Latency: 0.003826645901426673
Latency: 0.004112636903300881
Latency: 0.0037579131312668324
Latency: 0.0037318191025406122
Latency: 0.004022895125672221
Latency: 0.0037329872138798237
Latency: 0.0037295978982001543
Latency: 0.004053705837577581
Latency: 0.0037319890689104795
Latency: 0.0037223040126264095
Latency: 0.0040411869995296
Latency: 0.0037751980125904083
Latency: 0.0037331110797822475
Latency: 0.004189223982393742
Latency: 0.0037356249522417784
Latency: 0.0037555769085884094
Latency: 0.004050004994496703
Latency: 0.0037475288845598698
Latency: 0.0037678040098398924
Latency: 0.0038796570152044296
Latency: 0.0037647918798029423
Latency: 0.004018935840576887
Latency: 0.0037392510566860437
Latency: 0.0037282961420714855
Latency: 0.004033147124573588
Latency: 0.003745265072211623
Latency: 0.0037194399628788233
Latency: 0.004044797038659453
Latency: 0.0037719218526035547
Latency: 0.0038706730119884014
Latency: 0.004010754870250821
Latency: 0.003767989808693528
Latency: 0.0037317248061299324
Latency: 0.004035769961774349
Latency: 0.003762283129617572
Latency: 0.0037373648956418037
Latency: 0.004021788015961647
Latency: 0.0037718049716204405
Latency: 0.0037441339809447527
Latency: 0.004035891965031624
Latency: 0.0037635311018675566
Latency: 0.0037435730919241905
Latency: 0.004028434166684747
Latency: 0.0037648819852620363
Latency: 0.003719884902238846
Latency: 0.004185511963441968
Latency: 0.0037620009388774633
Latency: 0.0037459430750459433
Latency: 0.004047305090352893
Latency: 0.003762554144486785
Latency: 0.0037310400512069464
Latency: 0.004052257165312767
Latency: 0.0037694680504500866
Latency: 0.0037548427935689688
Latency: 0.0043063301127403975
Latency: 0.003741071093827486
Latency: 0.0037135931197553873
Latency: 0.0038441228680312634
Latency: 0.003735714126378298
Latency: 0.0037233249749988317
Latency: 0.0040242657996714115
Latency: 0.003897093003615737
Latency: 0.003782804124057293
Latency: 0.0040481549222022295
Latency: 0.0037262069527059793
Latency: 0.0037233049515634775
Latency: 0.004041195148602128
Latency: 0.0037338538095355034
Latency: 0.003745450871065259
Latency: 0.004051135154440999
Latency: 0.00373270595446229
Latency: 0.0037297431845217943
Latency: 0.004062683088704944
Latency: 0.0037446999922394753
Latency: 0.003740512067452073
Latency: 0.004027717048302293
Latency: 0.003735155100002885
Latency: 0.003883223980665207
Latency: 0.004074828000739217
Latency: 0.0037482809275388718
Latency: 0.0037282200064510107
Latency: 0.004037579987198114
Latency: 0.0037553978618234396
Latency: 0.0037349520716816187
Latency: 0.004062414867803454
Latency: 0.0037525680381804705
Latency: 0.0037527240347117186
Latency: 0.004018289968371391
Latency: 0.0037208781577646732
Latency: 0.003750069998204708
Latency: 0.0038640019483864307
Latency: 0.0037297080270946026
Latency: 0.004030721029266715
Latency: 0.003905841149389744
Latency: 0.0037414408288896084
Latency: 0.004030180862173438
Latency: 0.0037541331257671118
Latency: 0.003720321925356984
Latency: 0.004043456865474582
Latency: 0.003762274980545044
Latency: 0.0037438010331243277
Latency: 0.004027430899441242
Latency: 0.003756270045414567
Latency: 0.0037518630269914865
Latency: 0.004029752919450402
Latency: 0.003757714992389083
Latency: 0.00374041311442852
Latency: 0.004050576128065586
Latency: 0.003756480058655143
Latency: 0.0038604610599577427
Latency: 0.00401305197738111
Latency: 0.0037851138040423393
Latency: 0.0037393560633063316
Latency: 0.004024788038805127
Latency: 0.0037568840198218822
Latency: 0.00374313211068511
Latency: 0.004056794103235006
Latency: 0.003786996006965637
Latency: 0.0037493458949029446
Latency: 0.0040426841005682945
Latency: 0.0037917240988463163
Latency: 0.0037712049670517445
Latency: 0.004068197915330529
Latency: 0.0037532530259341
Latency: 0.0037545079831033945
Latency: 0.004431901965290308
Latency: 0.0037571839056909084
Latency: 0.00374521198682487
Latency: 0.00384495104663074
Latency: 0.003749811090528965
Latency: 0.0037319879047572613
Latency: 0.004026880022138357
Latency: 0.0037614719476550817
Latency: 0.0037360379938036203
Latency: 0.004037077073007822
Latency: 0.003939723828807473
Latency: 0.0037795959506183863
Latency: 0.004029976902529597
Latency: 0.003747018054127693
Latency: 0.003767061047255993
Latency: 0.00406066095456481
Latency: 0.003853986971080303
Latency: 0.003730461001396179
Latency: 0.004038109909743071
Latency: 0.00373900611884892
Latency: 0.0037268660962581635
Latency: 0.004049903945997357
Latency: 0.003737841034308076
Latency: 0.0037455689162015915
Latency: 0.004036228870972991
Latency: 0.003748748917132616
Latency: 0.0037387108895927668
Latency: 0.004037122940644622
Latency: 0.0037466511130332947
Latency: 0.0037618461064994335
Latency: 0.004040068946778774
Latency: 0.003754690056666732
Latency: 0.0038689200300723314
Latency: 0.004061578074470162
Latency: 0.0037558998446911573
Latency: 0.003756223013624549
Latency: 0.003873094217851758
Latency: 0.003728034207597375
Latency: 0.004018126055598259
Latency: 0.0037799838464707136
Latency: 0.003715418977662921
Latency: 0.0040064649656414986
Latency: 0.0037505479995161295
Latency: 0.0037369991187006235
Latency: 0.00404640007764101
Latency: 0.0038011891301721334
Latency: 0.0037268060259521008
Latency: 0.00404784083366394
Latency: 0.003957353997975588
Latency: 0.0037560858763754368
Latency: 0.004035723861306906
Latency: 0.003761923173442483
Latency: 0.003741967026144266
Latency: 0.004043351858854294
Latency: 0.0037715910002589226
Latency: 0.003737888066098094
Latency: 0.004048991948366165
Latency: 0.003777483943849802
Latency: 0.003775044111534953
Latency: 0.004069306887686253
Latency: 0.0037699569948017597
Latency: 0.0037448308430612087
Latency: 0.0040416300762444735
Latency: 0.003754202974960208
Latency: 0.003889356041327119
Latency: 0.004060100065544248
Latency: 0.003763665910810232
Latency: 0.0037444329354912043
Latency: 0.004028944997116923
Latency: 0.0037818739656358957
Latency: 0.0037521321792155504
Latency: 0.0043835199903696775
Latency: 0.003753175027668476
Latency: 0.00372967217117548
Latency: 0.003836828051134944
Latency: 0.003757018130272627
Latency: 0.0037507459055632353
Latency: 0.004049423849210143
Latency: 0.003755639074370265
Latency: 0.003734325058758259
Latency: 0.004208879079669714
Latency: 0.0037432401441037655
Latency: 0.003752304008230567
Latency: 0.004050129093229771
Latency: 0.003973440965637565
Latency: 0.0037707420997321606
Latency: 0.004061823943629861
Latency: 0.003735088976100087
Latency: 0.0037303909193724394
Latency: 0.004054557997733355
Latency: 0.003748450893908739
Latency: 0.003732657991349697
Latency: 0.004031026037409902
Latency: 0.0037374459207057953
Latency: 0.003735798876732588
Latency: 0.00405612587928772
Latency: 0.003894378198310733
Latency: 0.0037429649382829666
Latency: 0.004042936954647303
Latency: 0.003751032054424286
Latency: 0.003750063944607973
Latency: 0.004040858009830117
Latency: 0.003769561182707548
Latency: 0.0037577589973807335
Latency: 0.004029475850984454
Latency: 0.0037382058799266815
Latency: 0.003742703003808856
Latency: 0.003857159987092018
Latency: 0.003733813064172864
Latency: 0.004023442976176739
Latency: 0.0037452171090990305
Latency: 0.004284061025828123
Latency: 0.004175685811787844
Latency: 0.0037646598648279905
Latency: 0.003728556213900447
Latency: 0.004025880014523864
Latency: 0.0037747439928352833
Latency: 0.0037417770363390446
Latency: 0.004012583987787366
Latency: 0.003754471195861697
Latency: 0.0037380370777100325
Latency: 0.004011297132819891
Latency: 0.0037539531476795673
Latency: 0.0037316768430173397
Latency: 0.0040324709843844175
Latency: 0.003768160007894039
Latency: 0.0037428061477839947
Latency: 0.004032708937302232
Latency: 0.003913732012733817
Latency: 0.0037444850895553827
Latency: 0.00402910215780139
Latency: 0.0037539938930422068
Latency: 0.003730372991412878
Latency: 0.004058487946167588
Latency: 0.003771528834477067
Latency: 0.003764847991988063
Latency: 0.004071366041898727
Latency: 0.0037779398262500763
Latency: 0.003751060925424099
Latency: 0.00404913118109107
Latency: 0.003747322130948305
Latency: 0.003746083937585354
Latency: 0.00429114792495966
Latency: 0.003757809055969119
Latency: 0.0038812330458313227
Latency: 0.0038618880789726973
Latency: 0.003757901955395937
Latency: 0.0037574670277535915
Latency: 0.004046829184517264
Latency: 0.003762422828003764
Latency: 0.003738991916179657
Latency: 0.00404842896386981
Latency: 0.003750978969037533
Latency: 0.0037506960798054934
Latency: 0.0040054230485111475
Latency: 0.0037395500112324953
Latency: 0.003746642032638192
Latency: 0.004072806099429727
Latency: 0.0037330070044845343
Latency: 0.0037290770560503006
Latency: 0.004197182133793831
Latency: 0.003738229861482978
Latency: 0.0037362067960202694
Latency: 0.004058441147208214
Latency: 0.0037483470514416695
Latency: 0.003738916013389826
Latency: 0.004030643031001091
Latency: 0.003744359128177166
Latency: 0.0037683569826185703
Latency: 0.004021921893581748
Latency: 0.0037254709750413895
Latency: 0.003752483054995537
Latency: 0.004054554970934987
Latency: 0.003740566084161401
Latency: 0.003754938952624798
Latency: 0.004006715025752783
Latency: 0.0038699789438396692
Latency: 0.0037547920364886522
Latency: 0.0038415200542658567
Latency: 0.003724378999322653
Latency: 0.003992002923041582
Latency: 0.0037528860848397017
Latency: 0.0037161801010370255
Latency: 0.004072701092809439
Latency: 0.003744526067748666
Latency: 0.0037226020358502865
Latency: 0.004036271944642067
Latency: 0.003769742092117667
Latency: 0.003749768016859889
Latency: 0.004031379008665681
Latency: 0.0037624251563102007
Latency: 0.003729571122676134
Latency: 0.004158688010647893
Latency: 0.0037753030192106962
Latency: 0.0037271950859576464
Latency: 0.004028478171676397
Latency: 0.0037560758646577597
Latency: 0.00373280793428421
Latency: 0.004027439979836345
Latency: 0.003769712056964636
Latency: 0.0037285001017153263
Latency: 0.004033503122627735
Latency: 0.0037771849893033504
Latency: 0.00374125805683434
Latency: 0.0040183470118790865
Latency: 0.003766648005694151
Latency: 0.0037389539647847414
Latency: 0.00405641202814877
Latency: 0.003928004065528512
Latency: 0.0037612810265272856
Latency: 0.004048870876431465
Latency: 0.0037545529194176197
Latency: 0.003747813869267702
Latency: 0.004267020849511027
Latency: 0.0037601180374622345
Latency: 0.0037376610562205315
Latency: 0.003814560128375888
Latency: 0.003741957014426589
Latency: 0.00373930879868567
Latency: 0.004084978019818664
Latency: 0.003827812848612666
Latency: 0.0038077710196375847
Latency: 0.004057664889842272
Latency: 0.003722704015672207
Latency: 0.003880064934492111
Latency: 0.004073254996910691
Latency: 0.003748356131836772
Latency: 0.0037442499306052923
Latency: 0.004049256909638643
Latency: 0.003726152004674077
Latency: 0.0037762171123176813
Latency: 0.004064501961693168
Latency: 0.0037306840531527996
Latency: 0.0037207789719104767
Latency: 0.004068708047270775
Latency: 0.0037404000759124756
Latency: 0.0037585371173918247
Latency: 0.004110839916393161
Latency: 0.0038540249224752188
Latency: 0.003820301964879036
Latency: 0.004300581058487296
Latency: 0.003816559910774231
Latency: 0.00376050709746778
Latency: 0.00405437289737165
Latency: 0.003745627123862505
Latency: 0.0037600831128656864
Latency: 0.004059774102643132
Latency: 0.0037482772022485733
Latency: 0.0037620910443365574
Latency: 0.0038836318999528885
Latency: 0.003769889008253813
Latency: 0.004025087924674153
Latency: 0.003753717988729477
Latency: 0.003754827892407775
Latency: 0.00402585812844336
Latency: 0.0037469679955393076
Latency: 0.0038751910906285048
Latency: 0.004022657871246338
Latency: 0.003781405044719577
Latency: 0.003753395052626729
Latency: 0.00402301806025207
Latency: 0.0037527631502598524
Latency: 0.003745152149349451
Latency: 0.004032091004773974
Latency: 0.003773370059207082
Latency: 0.0037509521935135126
Latency: 0.004078404977917671
Latency: 0.0037978370673954487
Latency: 0.003757256083190441
Latency: 0.004031570861116052
Latency: 0.0037534141447395086
Latency: 0.0037354559171944857
Latency: 0.0041688671335577965
Latency: 0.0038598610553890467
Latency: 0.0038336259312927723
Latency: 0.0041389791294932365
Latency: 0.0038598920218646526
Latency: 0.0038307360373437405
Latency: 0.004121392033994198
Latency: 0.003844269085675478
Latency: 0.003766822861507535
Latency: 0.004025342874228954
Latency: 0.0037353700026869774
Latency: 0.0037471710238605738
Latency: 0.004395665135234594
Latency: 0.0037594910245388746
Latency: 0.0037452050019055605
Latency: 0.003864886937662959
Latency: 0.003919482929632068
Latency: 0.003729861928150058
Latency: 0.004015906946733594
Latency: 0.0037473540287464857
Latency: 0.0037486900109797716
Latency: 0.004062525928020477
Latency: 0.0037330789491534233
Latency: 0.0037426920607686043
Latency: 0.004036684054881334
Latency: 0.0037397020496428013
Latency: 0.0037650580052286386
Latency: 0.004055690951645374
Latency: 0.003723178058862686
Latency: 0.003741435008123517
Latency: 0.0040406230837106705
Latency: 0.003735458943992853
Latency: 0.0039035528898239136
Latency: 0.004081749822944403
Latency: 0.0037657630164176226
Latency: 0.003782348008826375
Latency: 0.004012787947431207
Latency: 0.003763497108593583
Latency: 0.0037543100770562887
Latency: 0.004057568032294512
Latency: 0.0037303720600903034
Latency: 0.003757903818041086
Latency: 0.00404774583876133
Latency: 0.003737456863746047
Latency: 0.003737908788025379
Latency: 0.0040145209059119225
Latency: 0.003711065975949168
Latency: 0.003748968942090869
Latency: 0.003996876999735832
Latency: 0.003733620047569275
Latency: 0.03688557795248926
Latency: 0.004589105024933815
Latency: 0.0040843188762664795
Latency: 0.003813378978520632
Latency: 0.0037587329279631376
Latency: 0.003866730025038123
Latency: 0.003757996018975973
Latency: 0.004034300101920962
Latency: 0.00376638094894588
Latency: 0.0037578651681542397
Latency: 0.003859268967062235
Latency: 0.0037510248366743326
Latency: 0.004051815019920468
Latency: 0.003758653998374939
Latency: 0.0038697640411555767
Latency: 0.003864734200760722
Latency: 0.003737769089639187
Latency: 0.004036047030240297
Latency: 0.003755049081519246
Latency: 0.003751714015379548
Latency: 0.0038460700307041407
Latency: 0.003755588084459305
Latency: 0.004057308891788125
Latency: 0.0037576230242848396
Latency: 0.0037504308857023716
Latency: 0.0038857150357216597
Latency: 0.0037776250392198563
Latency: 0.004057209938764572
Latency: 0.0037600460927933455
Latency: 0.00375589681789279
Latency: 0.004008481977507472
Latency: 0.0037345660384744406
Latency: 0.004010834963992238
Latency: 0.0037786359898746014
Latency: 0.003737232880666852
Latency: 0.003866893006488681
Latency: 0.0037606419064104557
Latency: 0.0037444490008056164
Latency: 0.004005261929705739
Latency: 0.00375777087174356
Latency: 0.003742641070857644
Latency: 0.004023553105071187
Latency: 0.003750651841983199
Latency: 0.0037451169919222593
Latency: 0.004042777931317687
Latency: 0.0037733360659331083
Latency: 0.0038678240962326527
Latency: 0.004033837933093309
Latency: 0.003772802883759141
Latency: 0.003741334890946746
Latency: 0.004031863994896412
Latency: 0.0037856819108128548
Latency: 0.0037482460029423237
Latency: 0.004018987994641066
Latency: 0.0037745891604572535
Latency: 0.0037766790483146906
Latency: 0.004029290983453393
Latency: 0.003776764962822199
Latency: 0.0037458811420947313
Latency: 0.004044118104502559
Latency: 0.003777461126446724
Latency: 0.0037481519393622875
Latency: 0.004181638127192855
Latency: 0.0037512320559471846
Latency: 0.0037571170832961798
Latency: 0.004498102935031056
Latency: 0.003762377193197608
Latency: 0.0037608989514410496
Latency: 0.003974477062001824
Latency: 0.003752176882699132
Latency: 0.003743009874597192
Latency: 0.0039630800019949675
Latency: 0.003750072093680501
Latency: 0.003735868027433753
Latency: 0.003969923127442598
Latency: 0.003760762047022581
Latency: 0.0037436229176819324
Latency: 0.0040074060671031475
Latency: 0.0038863299414515495
Latency: 0.003729181131348014
Latency: 0.0039892669301480055
Latency: 0.003771370043978095
Latency: 0.003728921990841627
Latency: 0.003993869060650468
Latency: 0.0037733239587396383
Latency: 0.0037541210185736418
Latency: 0.004002484958618879
Latency: 0.0037530469708144665
Latency: 0.003737043123692274
Latency: 0.003993225051090121
Latency: 0.003746323985978961
Latency: 0.003736539976671338
Latency: 0.0039890611078590155
Latency: 0.0037479319144040346
Latency: 0.0038808209355920553
Latency: 0.004001604160293937
Latency: 0.00376817281357944
Latency: 0.003740962827578187
Latency: 0.0039835169445723295
Latency: 0.003762827953323722
Latency: 0.0037439640145748854
Latency: 0.004653942072764039
Latency: 0.0037534248549491167
Latency: 0.0037229980807751417
Latency: 0.003912339918315411
Latency: 0.0037443190813064575
Latency: 0.0037541899364441633
Latency: 0.0040038940496742725
Latency: 0.003725385060533881
Latency: 0.0037451940588653088
Latency: 0.004169203108176589
Latency: 0.0037498229648917913
Latency: 0.0037501200567930937
Latency: 0.004014783073216677
Latency: 0.003740080865100026
Latency: 0.0037321830168366432
Latency: 0.004035953897982836
Latency: 0.0037307580932974815
Latency: 0.0037433081306517124
Latency: 0.004060785053297877
Latency: 0.0037715809885412455
Latency: 0.0037483801133930683
Latency: 0.004049655981361866
Latency: 0.0037337339017540216
Latency: 0.0037379718851298094
Latency: 0.00404293485917151
Latency: 0.003894756082445383
Latency: 0.0037493500858545303
Latency: 0.009272211929783225
Latency: 0.004276807885617018
Latency: 0.0037958850152790546
Latency: 0.003909216029569507
Latency: 0.0037676391657441854
Latency: 0.003758572041988373
Latency: 0.004065666114911437
Latency: 0.0037687490694224834
Latency: 0.0037523088976740837
Latency: 0.0038987130392342806
Latency: 0.0037651408929377794
Latency: 0.004015558864921331
Latency: 0.003753964090719819
Latency: 0.0037649699952453375
Latency: 0.004166195867583156
Latency: 0.003764708060771227
Latency: 0.0037403160240501165
Latency: 0.004036524798721075
Latency: 0.0037493330892175436
Latency: 0.0037501598708331585
Latency: 0.004048452014103532
Latency: 0.0037685660645365715
Latency: 0.0037348188925534487
Latency: 0.004041933920234442
Latency: 0.0037726019509136677
Latency: 0.003738773986697197
Latency: 0.004097066121175885
Latency: 0.0037788287736475468
Latency: 0.0037594230379909277
Latency: 0.004036576021462679
Latency: 0.003917427035048604
Latency: 0.00374271790497005
Latency: 0.00406483793631196
Latency: 0.0037736070808023214
Latency: 0.0037369809579104185
Latency: 0.004047594964504242
Latency: 0.0037770099006593227
Latency: 0.003776377998292446
Latency: 0.0040792180225253105
Latency: 0.003819763893261552
Latency: 0.0037452219985425472
Latency: 0.0040402961894869804
Latency: 0.0037635499611496925
Latency: 0.003782783867791295
Latency: 0.004419883014634252
Latency: 0.003754447912797332
Latency: 0.0038934219628572464
Latency: 0.0038363200146704912
Latency: 0.003797805868089199
Latency: 0.00373910297639668
Latency: 0.0038566719740629196
Latency: 0.003741796826943755
Latency: 0.0037287119776010513
Latency: 0.004045848967507482
Latency: 0.0037470690440386534
Latency: 0.0037382240407168865
Latency: 0.004041995853185654
Latency: 0.0037471719551831484
Latency: 0.0037374740932136774
Latency: 0.004073773045092821
Latency: 0.003751636017113924
Latency: 0.0037391982041299343
Latency: 0.004177204100415111
Latency: 0.0037318349350243807
Latency: 0.0037407400086522102
Latency: 0.004045207053422928
Latency: 0.003738543950021267
Latency: 0.0037515731528401375
Latency: 0.004045552108436823
Latency: 0.003736496903002262
Latency: 0.0037418180145323277
Latency: 0.004030406009405851
Latency: 0.003732668934389949
Latency: 0.003739180974662304
Latency: 0.004039479186758399
Latency: 0.0037699530366808176
Latency: 0.0037605110555887222
Latency: 0.004055456956848502
Latency: 0.0038734059780836105
Latency: 0.003764541819691658
Latency: 0.0038475729525089264
Latency: 0.0037537571042776108
Latency: 0.004017438972368836
Latency: 0.0037730620242655277
Latency: 0.0037570889107882977
Latency: 0.004030443960800767
Latency: 0.003753512864932418
Latency: 0.0037446049973368645
Latency: 0.0040568639524281025
Latency: 0.0037554369773715734
Latency: 0.0037352940998971462
Latency: 0.004038474056869745
Latency: 0.003781207837164402
Latency: 0.0037229859735816717
Latency: 0.0041745370253920555
Latency: 0.003772004973143339
Latency: 0.0037482818588614464
Latency: 0.004035270074382424
Latency: 0.0037976689636707306
Latency: 0.003723172005265951
Latency: 0.004027219954878092
Latency: 0.0037617317866533995
Latency: 0.003735037986189127
Latency: 0.004044695058837533
Latency: 0.0037468269001692533
Latency: 0.003726994153112173
Latency: 0.004053605021908879
Latency: 0.003765359055250883
Latency: 0.0037383080925792456
Latency: 0.004084222950041294
Latency: 0.0038862780202180147
Latency: 0.003742425935342908
Latency: 0.004062365973368287
Latency: 0.0037478150334209204
Latency: 0.0037639960646629333
Latency: 0.004310512915253639
Latency: 0.0037608370184898376
Latency: 0.003731566946953535
Latency: 0.00383896310813725
Latency: 0.0037561000790446997
Latency: 0.0037232721224427223
Latency: 0.004037100821733475
Latency: 0.0037437831051647663
Latency: 0.003734846133738756
Latency: 0.004048874136060476
Latency: 0.0037370468489825726
Latency: 0.003903212957084179
Latency: 0.004076994024217129
Latency: 0.0037202900275588036
Latency: 0.0037400040309876204
Latency: 0.004041099920868874
Latency: 0.0037415989208966494
Latency: 0.0037377839908003807
Latency: 0.004010273842141032
Latency: 0.003744628978893161
Latency: 0.0037388699129223824
Latency: 0.004057043930515647
Latency: 0.0037481628824025393
Latency: 0.003741262946277857
Latency: 0.0040498769376426935
Latency: 0.0037315180525183678
Latency: 0.00374996499158442
Latency: 0.004159700125455856
Latency: 0.0037314470391720533
Latency: 0.003741766791790724
Latency: 0.0040460750460624695
Latency: 0.0037472089752554893
Latency: 0.0037767731118947268
Latency: 0.004072624957188964
Latency: 0.0037386100739240646
Latency: 0.0037664410192519426
Latency: 0.0038850330747663975
Latency: 0.003760920837521553
Latency: 0.004034260055050254
Latency: 0.0037589140702039003
Latency: 0.0037405071780085564
Latency: 0.0040098309982568026
Latency: 0.0037409760989248753
Latency: 0.0039022609125822783
Latency: 0.0040239389054477215
Latency: 0.003768187016248703
Latency: 0.003726947121322155
Latency: 0.004039173945784569
Latency: 0.00375386793166399
Latency: 0.0039052190259099007
Latency: 0.0040827959310263395
Latency: 0.0037854211404919624
Latency: 0.003764963010326028
Latency: 0.004055588971823454
Latency: 0.003789119888097048
Latency: 0.0037485789507627487
Latency: 0.004042590968310833
Latency: 0.0037747351452708244
Latency: 0.0037354009691625834
Latency: 0.004218694055452943
Latency: 0.0037801628932356834
Latency: 0.0037512369453907013
Latency: 0.004069075919687748
Latency: 0.0037629560101777315
Latency: 0.0037386559415608644
Latency: 0.004069549962878227
Latency: 0.0037554949522018433
Latency: 0.0037501309998333454
Latency: 0.004062557127326727
Latency: 0.0037502781488001347
Latency: 0.0037253510672599077
Latency: 0.004310562973842025
Latency: 0.0037518769968301058
Latency: 0.0037283399142324924
Latency: 0.0038485939148813486
Latency: 0.0038723000325262547
Latency: 0.0037386741023510695
Latency: 0.004040100146085024
Latency: 0.003743398003280163
Latency: 0.003739542094990611
Latency: 0.004012133926153183
Latency: 0.0037292938213795424
Latency: 0.003751697950065136
Latency: 0.004046246176585555
Latency: 0.003746081842109561
Latency: 0.0037527098320424557
Latency: 0.004033033968880773
Latency: 0.00373073504306376
Latency: 0.003748153103515506
Latency: 0.004016488092020154
Latency: 0.0037352340295910835
Latency: 0.00384879601188004
Latency: 0.004061148036271334
Latency: 0.003737549064680934
Latency: 0.003728331997990608
Latency: 0.004054496996104717
Latency: 0.0037388158962130547
Latency: 0.003748054848983884
Latency: 0.004064531065523624
Latency: 0.0037476150318980217
Latency: 0.003751971060410142
Latency: 0.004048265051096678
Latency: 0.0037289271131157875
Latency: 0.0037664268165826797
Latency: 0.004042011918500066
Latency: 0.0037339041009545326
Latency: 0.003760166931897402
Latency: 0.004002587171271443
Latency: 0.0037254649214446545
Latency: 0.00401383894495666
Latency: 0.0037552909925580025
Latency: 0.003720843931660056
Latency: 0.004018964944407344
Latency: 0.003758317092433572
Latency: 0.0037238188087940216
Latency: 0.004023924935609102
Latency: 0.0037654531188309193
Latency: 0.003755951067432761
Latency: 0.004031904973089695
Latency: 0.003756023943424225
Latency: 0.003749341005459428
Latency: 0.004237515851855278
Latency: 0.0037529340479522943
Latency: 0.0038639449048787355
Latency: 0.00401896913535893
Latency: 0.003769882954657078
Latency: 0.0037398210261017084
Latency: 0.0040200750809162855
Latency: 0.003739895997568965
Latency: 0.0037261422257870436
Latency: 0.004053473938256502
Latency: 0.0037974209990352392
Latency: 0.003753321012482047
Latency: 0.004055419005453587
Latency: 0.0037979199551045895
Latency: 0.0037620048969984055
Latency: 0.00404102704487741
Latency: 0.0037649841979146004
Latency: 0.0037494641728699207
Latency: 0.004186132922768593
Latency: 0.0037599769420921803
Latency: 0.0037693779449909925
Latency: 0.004430598113685846
Latency: 0.003754196222871542
Latency: 0.003732942044734955
Latency: 0.003841583151370287
Latency: 0.0037326880265027285
Latency: 0.003754188073799014
Latency: 0.004052941920235753
Latency: 0.0037350370548665524
Latency: 0.0037463479675352573
Latency: 0.004043736029416323
Latency: 0.0037449831143021584
Latency: 0.0037568460684269667
Latency: 0.004034765064716339
Latency: 0.003888885024935007
Latency: 0.0037677979562431574
Latency: 0.004018927924335003
Latency: 0.0037274309433996677
Latency: 0.003755094949156046
Latency: 0.0040673501789569855
Latency: 0.003736837999895215
Latency: 0.003741516964510083
Latency: 0.004050438990816474
Latency: 0.0037506858352571726
Latency: 0.003760664025321603
Latency: 0.004060816019773483
Latency: 0.0037334340158849955
Latency: 0.003739565145224333
Latency: 0.004055773140862584
Latency: 0.003728589043021202
Latency: 0.0039053629152476788
Latency: 0.004129836102947593
Latency: 0.0038059400394558907
Latency: 0.0038069188594818115
Latency: 0.004141255980357528
Latency: 0.0038001989014446735
Latency: 0.0037594379391521215
Latency: 0.003874060930684209
Latency: 0.0037428601644933224
Latency: 0.004023797111585736
Latency: 0.0037569990381598473
Latency: 0.0037388859782367945
Latency: 0.004016586113721132
Latency: 0.003742236876860261
Latency: 0.0037346479948610067
Latency: 0.004034494049847126
Latency: 0.003902719123288989
Latency: 0.0037499431055039167
Latency: 0.0040170419961214066
Latency: 0.003759792074561119
Latency: 0.0037131360732018948
Latency: 0.0040300029795616865
Latency: 0.003769118105992675
Latency: 0.0038988778833299875
Latency: 0.004054338904097676
Latency: 0.0037457230500876904
Latency: 0.0037419588770717382
Latency: 0.004034379031509161
Latency: 0.0037557000759989023
Latency: 0.0037368221674114466
Latency: 0.0040383790619671345
Latency: 0.003774726064875722
Latency: 0.0038836360909044743
Latency: 0.0040491989348083735
Latency: 0.003743306966498494
Latency: 0.003732830984517932
Latency: 0.004027011105790734
Latency: 0.003753734054043889
Latency: 0.0037321699783205986
Latency: 0.004036099184304476
Latency: 0.00374624109826982
Latency: 0.0037410850636661053
Latency: 0.004259146982803941
Latency: 0.003736871061846614
Latency: 0.003713466925546527
Latency: 0.0038447759579867125
Latency: 0.003741595894098282
Latency: 0.0037713570054620504
Latency: 0.004157616989687085
Latency: 0.00374927488155663
Latency: 0.0037372829392552376
Latency: 0.004038740880787373
Latency: 0.003748699091374874
Latency: 0.0037496481090784073
Latency: 0.004031492164358497
Latency: 0.003726186929270625
Latency: 0.0037259880919009447
Latency: 0.004005850991234183
Latency: 0.0037401029840111732
Latency: 0.003749383147805929
Latency: 0.004036189056932926
Latency: 0.0037364878226071596
Latency: 0.003726955968886614
Latency: 0.004052219912409782
Latency: 0.003909804159775376
Latency: 0.003745055990293622
Latency: 0.004041765118017793
Latency: 0.003763620974496007
Latency: 0.003750066040083766
Latency: 0.004071793053299189
Latency: 0.0037328319158405066
Latency: 0.003734768833965063
Latency: 0.004036230035126209
Latency: 0.0037406079936772585
Latency: 0.003756945952773094
Latency: 0.004030084004625678
Latency: 0.0037485510110855103
Latency: 0.003751639975234866
Latency: 0.003852252848446369
Latency: 0.0037514378782361746
Latency: 0.004151995992287993
Latency: 0.003736920887604356
Latency: 0.0037248109001666307
Latency: 0.004017743980512023
Latency: 0.003748132148757577
Latency: 0.003720623906701803
Latency: 0.004056522157043219
Latency: 0.003779561957344413
Latency: 0.003749562194570899
Latency: 0.004035015124827623
Latency: 0.0037504590582102537
Latency: 0.0037374398671090603
Latency: 0.004042179090902209
Latency: 0.003752133809030056
Latency: 0.003730636090040207
Latency: 0.004029660951346159
Latency: 0.0039144589100033045
Latency: 0.0037335529923439026
Latency: 0.004063738044351339
Latency: 0.003783102845773101
Latency: 0.003735025878995657
Latency: 0.004014236154034734
Latency: 0.0037359739653766155
Latency: 0.003745652036741376
Latency: 0.004024110035970807
Latency: 0.003768302034586668
Latency: 0.0037454788107424974
Latency: 0.00401527201756835
Latency: 0.0037566740065813065
Latency: 0.0037312989588826895
Latency: 0.004021327942609787
Latency: 0.003762266132980585
Latency: 0.003883478930220008
Latency: 0.0043075550347566605
Latency: 0.003759803017601371
Latency: 0.003725646063685417
Latency: 0.003856829134747386
Latency: 0.0037612251471728086
Latency: 0.0037466739304363728
Latency: 0.004041122971102595
Latency: 0.0037456131540238857
Latency: 0.0037376279942691326
Latency: 0.0040297110099345446
Latency: 0.0037435078993439674
Latency: 0.0037305369041860104
Latency: 0.004026454873383045
Latency: 0.003734447993338108
Latency: 0.0037462639156728983
Latency: 0.004184897989034653
Latency: 0.00373695301823318
Latency: 0.0037234751507639885
Latency: 0.004047723952680826
Latency: 0.003749201074242592
Latency: 0.0037451290991157293
Latency: 0.004033233970403671
Latency: 0.0037323960568755865
Latency: 0.003719999920576811
Latency: 0.004018035950139165
Latency: 0.0037429709918797016
Latency: 0.003734671976417303
Latency: 0.004053878132253885
Latency: 0.003741414984688163
Latency: 0.0037538809701800346
Latency: 0.00405919598415494
Latency: 0.0038827150128781796
Latency: 0.0037664291448891163
Latency: 0.004046665970236063
Latency: 0.0037425269838422537
Latency: 0.0037495610304176807
Latency: 0.0038900570943951607
Latency: 0.0038062070962041616
Latency: 0.004074885044246912
Latency: 0.0037783279549330473
Latency: 0.0037642118986696005
Latency: 0.004037266131490469
Latency: 0.0037495859432965517
Latency: 0.003735672915354371
Latency: 0.004011897137388587
Latency: 0.003760152030736208
Latency: 0.0037410880904644728
Latency: 0.004194048000499606
Latency: 0.0037700640968978405
Latency: 0.0037550260312855244
Latency: 0.004039819817990065
Latency: 0.0037757749669253826
Latency: 0.0037415181286633015
Latency: 0.0040515081491321325
Latency: 0.003769876901060343
Latency: 0.0037349280901253223
Latency: 0.004062668886035681
Latency: 0.0037540739867836237
Latency: 0.003727792063727975
Latency: 0.004060080042108893
Latency: 0.003799630096182227
Latency: 0.003785019973292947
Latency: 0.004033528035506606
Latency: 0.003894441993907094
Latency: 0.003736583050340414
Latency: 0.004048418020829558
Latency: 0.0038057109341025352
Latency: 0.003762689884752035
Latency: 0.0040352498181164265
Latency: 0.0037629450671374798
Latency: 0.003762295003980398
Latency: 0.004367541056126356
Latency: 0.0037410790100693703
Latency: 0.003725365037098527
Latency: 0.003847253043204546
Latency: 0.0037336288951337337
Latency: 0.00373321701772511
Latency: 0.004034831887111068
Latency: 0.003755049081519246
Latency: 0.003885892918333411
Latency: 0.004039962077513337
Latency: 0.0037588218692690134
Latency: 0.0037670480087399483
Latency: 0.004054739139974117
Latency: 0.003760766936466098
Latency: 0.0037357350811362267
Latency: 0.004028247902169824
Latency: 0.0037253168411552906
Latency: 0.0037535240408033133
Latency: 0.004045593086630106
Latency: 0.0037495209835469723
Latency: 0.0037515508010983467
Latency: 0.00404510204680264
Latency: 0.0037605890538543463
Latency: 0.003737606108188629
Latency: 0.004163865931332111
Latency: 0.0037418650463223457
Latency: 0.0037499971222132444
Latency: 0.004051122115924954
Latency: 0.0037225449923425913
Latency: 0.003743970999494195
Latency: 0.0040452489629387856
Latency: 0.0037286579608917236
Latency: 0.0037653069011867046
Latency: 0.004043715074658394
Latency: 0.0037317948881536722
Latency: 0.003761806059628725
Latency: 0.0038643761072307825
Latency: 0.00372958998195827
Latency: 0.004006819101050496
Latency: 0.0037579031195491552
Latency: 0.0038764479104429483
Latency: 0.0040191709995269775
Latency: 0.0037486660294234753
Latency: 0.003745158901438117
Latency: 0.004021358909085393
Latency: 0.0037593289744108915
Latency: 0.0037304970901459455
Latency: 0.004031569929793477
Latency: 0.0037654750049114227
Latency: 0.003742573782801628
Latency: 0.00402425997890532
Latency: 0.0037439879961311817
Latency: 0.0037299031391739845
Latency: 0.004027706105262041
Latency: 0.003786978079006076
Latency: 0.003729499876499176
Latency: 0.004175903974100947
Latency: 0.0037551771383732557
Latency: 0.003717585001140833
Latency: 0.004027638118714094
Latency: 0.003773694857954979
Latency: 0.0037791298236697912
Latency: 0.004060009028762579
Latency: 0.003770266892388463
Latency: 0.0037270691245794296
Latency: 0.004053340991958976
Latency: 0.0037755370140075684
Latency: 0.0037618789356201887
Latency: 0.0040396570693701506
Latency: 0.0037544879596680403
Latency: 0.0037553240545094013
Latency: 0.00426108599640429
Latency: 0.0038689090870320797
Latency: 0.003745189867913723
Latency: 0.0038525648415088654
Latency: 0.0037383809685707092
Latency: 0.003716259030625224
Latency: 0.004006303148344159
Latency: 0.0037417621351778507
Latency: 0.0037293490022420883
Latency: 0.0040206038393080235
Latency: 0.0037332409992814064
Latency: 0.003729396965354681
Latency: 0.0040395320393145084
Latency: 0.003726745955646038
Latency: 0.003725813003256917
Latency: 0.004048340022563934
Latency: 0.0037480290047824383
Latency: 0.003885468002408743
Latency: 0.004020638065412641
Latency: 0.0037306330632418394
Latency: 0.0037204038817435503
Latency: 0.004038173006847501
Latency: 0.0037250821478664875
Latency: 0.0037387320771813393
Latency: 0.004043722990900278
Latency: 0.003736556973308325
Latency: 0.003737933002412319
Latency: 0.0040512289851903915
Latency: 0.0037411011289805174
Latency: 0.0037437048740684986
Latency: 0.004045698093250394
Latency: 0.0037515400908887386
Latency: 0.0037730829790234566
Latency: 0.004185553174465895
Latency: 0.0037394019309431314
Latency: 0.0037588400300592184
Latency: 0.003884730162099004
Latency: 0.00371669908054173
Latency: 0.004008481046184897
Latency: 0.003774103941395879
Latency: 0.0037412350066006184
Latency: 0.004011172102764249
Latency: 0.0037543110083788633
Latency: 0.003745495108887553
Latency: 0.004020499065518379
Latency: 0.0037609711289405823
Latency: 0.0037647930439561605
Latency: 0.004025969887152314
Latency: 0.003752490971237421
Latency: 0.0038745698984712362
Latency: 0.004023230168968439
Latency: 0.0037687390577048063
Latency: 0.0037202509120106697
Latency: 0.004029198084026575
Latency: 0.003768195165321231
Latency: 0.003731201170012355
Latency: 0.004019744927063584
Latency: 0.0037695900537073612
Latency: 0.003773573087528348
Latency: 0.004066895926371217
Latency: 0.0037457419093698263
Latency: 0.0037388629280030727
Latency: 0.004031619057059288
Latency: 0.0037627338897436857
Latency: 0.0038760302122682333
Latency: 0.004196276888251305
Latency: 0.003746130969375372
Latency: 0.0037426589988172054
Latency: 0.004045034991577268
Latency: 0.003772903000935912
Latency: 0.0037530309055000544
Latency: 0.004313320852816105
Latency: 0.0037422911264002323
Latency: 0.0037255589850246906
Latency: 0.003850206034258008
Latency: 0.0037381730508059263
Latency: 0.003740095067769289
Latency: 0.004011856857687235
Latency: 0.0037374719977378845
Latency: 0.0037254670169204473
Latency: 0.004042800981551409
Latency: 0.003936374792829156
Latency: 0.003719033906236291
Latency: 0.0040342179127037525
Latency: 0.0037305071018636227
Latency: 0.00376119208522141
Latency: 0.004021574975922704
Latency: 0.0037403011228889227
Latency: 0.0037334279622882605
Latency: 0.004075044067576528
Latency: 0.0037378340493887663
Latency: 0.0037677669897675514
Latency: 0.004048001952469349
Latency: 0.0037463619373738766
Latency: 0.003740627085790038
Latency: 0.004053003853186965
Latency: 0.0037312679924070835
Latency: 0.0038958238437771797
Latency: 0.004027507035061717
Latency: 0.0037387150805443525
Latency: 0.0037517808377742767
Latency: 0.0040498359594494104
Latency: 0.0037487009540200233
Latency: 0.0037216360215097666
Latency: 0.004015525104478002
Latency: 0.003723123110830784
Latency: 0.0037616239860653877
Latency: 0.003889793064445257
Latency: 0.0037362179718911648
Latency: 0.004018730949610472
Latency: 0.003752107033506036
Latency: 0.003750443924218416
Latency: 0.0040334309451282024
Latency: 0.003910014871507883
Latency: 0.0037294509820640087
Latency: 0.004036674974486232
Latency: 0.003763885935768485
Latency: 0.0037263818085193634
Latency: 0.004065728979185224
Latency: 0.0037531519774347544
Latency: 0.003735331119969487
Latency: 0.004031649092212319
Latency: 0.003767938120290637
Latency: 0.0037681590765714645
Latency: 0.004023238783702254
Latency: 0.003774054814130068
Latency: 0.0037379770074039698
Latency: 0.004030962940305471
Latency: 0.00376222119666636
Latency: 0.003886534832417965
Latency: 0.004038336919620633
Latency: 0.0037463530898094177
Latency: 0.0037379190325737
Latency: 0.00404616491869092
Latency: 0.003774557961151004
Latency: 0.0037523109931498766
Latency: 0.004045614041388035
Latency: 0.0037537079770118
Latency: 0.0037321688141673803
Latency: 0.004169185878708959
Latency: 0.0037816278636455536
Latency: 0.003739250125363469
Latency: 0.0043005431070923805
Latency: 0.0037756639067083597
Latency: 0.0037902239710092545
Latency: 0.004003995098173618
Latency: 0.0037734629586338997
Latency: 0.003926004050299525
Latency: 0.004103837069123983
Latency: 0.0038229660131037235
Latency: 0.003807312110438943
Latency: 0.004149278160184622
Latency: 0.0037959699984639883
Latency: 0.0038061030209064484
Latency: 0.004051984054967761
Latency: 0.00378329586237669
Latency: 0.003769179806113243
Latency: 0.004064426990225911
Latency: 0.0037334042135626078
Latency: 0.003757680067792535
Latency: 0.004038576036691666
Latency: 0.0038920051883906126
Latency: 0.0037554209120571613
Latency: 0.004066418157890439
Latency: 0.0037884479388594627
Latency: 0.003761539002880454
Latency: 0.004049053182825446
Latency: 0.0037356149405241013
Latency: 0.0037580200005322695
Latency: 0.004035610938444734
Latency: 0.0037207910791039467
Latency: 0.0037635001353919506
Latency: 0.004043002147227526
Latency: 0.003750425996258855
Latency: 0.00375851197168231
Latency: 0.004033627919852734
Latency: 0.003736149985343218
Latency: 0.003880895907059312
Latency: 0.0038636019453406334
Latency: 0.003741777967661619
Latency: 0.0040298388339579105
Latency: 0.003760162042453885
Latency: 0.0037348999176174402
Latency: 0.00402057683095336
Latency: 0.003823705017566681
Latency: 0.003806144930422306
Latency: 0.004069700138643384
Latency: 0.003826080122962594
Latency: 0.0038066208362579346
Latency: 0.004095389973372221
Latency: 0.003777080914005637
Latency: 0.0037312640342861414
Latency: 0.004043085966259241
Latency: 0.0039055899251252413
Latency: 0.0037404729519039392
Latency: 0.004027589922770858
Latency: 0.0037475198041647673
Latency: 0.003717798972502351
Latency: 0.004029958043247461
Latency: 0.003772428957745433
Latency: 0.0037393260281533003
Latency: 0.004046538844704628
Latency: 0.0037784280721098185
Latency: 0.0037376040127128363
Latency: 0.0040354011580348015
Latency: 0.0037800718564540148
Latency: 0.0037407181225717068
Latency: 0.004062991822138429
Latency: 0.0037685250863432884
Latency: 0.0038900680374354124
Latency: 0.004056775011122227
Latency: 0.0037734389770776033
Latency: 0.0037492469418793917
Latency: 0.00428775604814291
Latency: 0.0037848390638828278
Latency: 0.003759459126740694
Latency: 0.003843931946903467
Latency: 0.0037478439044207335
Latency: 0.0037256970535963774
Latency: 0.004046413116157055
Latency: 0.003739727893844247
Latency: 0.0037340838462114334
Latency: 0.004039747873321176
Latency: 0.003741238033398986
Latency: 0.0037287939339876175
Latency: 0.0041738098952919245
Latency: 0.0037361951544880867
Latency: 0.003753077005967498
Latency: 0.004042714135721326
Latency: 0.003748890943825245
Latency: 0.0037283701822161674
Latency: 0.004043431021273136
Latency: 0.0037466539070010185
Latency: 0.003739444073289633
Latency: 0.004051396856084466
Latency: 0.003747862996533513
Latency: 0.0037365970201790333
Latency: 0.004051166819408536
Latency: 0.003730375086888671
Latency: 0.003735021920874715
Latency: 0.004071204923093319
Latency: 0.0038806030061095953
Latency: 0.0037616437766700983
Latency: 0.004043471999466419
Latency: 0.0037224600091576576
Latency: 0.003771783085539937
Latency: 0.004041013075038791
Latency: 0.003730152966454625
Latency: 0.003744232002645731
Latency: 0.003894585883244872
Latency: 0.0037357660476118326
Latency: 0.004032708005979657
Latency: 0.0037380061112344265
Latency: 0.003734495025128126
Latency: 0.004041934153065085
Latency: 0.003761547151952982
Latency: 0.0037334139924496412
Latency: 0.00415592291392386
Latency: 0.0037644498515874147
Latency: 0.0037280209362506866
Latency: 0.00402878993190825
Latency: 0.003758656093850732
Latency: 0.0037395069375634193
Latency: 0.004058764083310962
Latency: 0.0037347599864006042
Latency: 0.003734012832865119
Latency: 0.0040320660918951035
Latency: 0.003768887836486101
Latency: 0.0037295168731361628
Latency: 0.004027724964544177
Latency: 0.0037431081291288137
Latency: 0.0037396298721432686
Latency: 0.004008732037618756
Latency: 0.003897487884387374
Latency: 0.0037447409704327583
Latency: 0.004051873926073313
Latency: 0.0038164369761943817
Latency: 0.0037520509213209152
Latency: 0.004049824085086584
Latency: 0.003769650124013424
Latency: 0.0037488879170268774
Latency: 0.004048287170007825
Latency: 0.0037454578559845686
Latency: 0.0037514150608330965
Latency: 0.004300280939787626
Latency: 0.0037259750533849
Latency: 0.003766686888411641
Latency: 0.003852070076391101
Latency: 0.0037524469662457705
Latency: 0.0038630440831184387
Latency: 0.0040131681598722935
Latency: 0.0037393388338387012
Latency: 0.003731139935553074
Latency: 0.004021366126835346
Latency: 0.0037388859782367945
Latency: 0.003720899811014533
Latency: 0.004041293868795037
Latency: 0.0037672859616577625
Latency: 0.003748950082808733
Latency: 0.004054863937199116
Latency: 0.003743841079995036
Latency: 0.003748292801901698
Latency: 0.004030312178656459
Latency: 0.0037310931365936995
Latency: 0.003769155126065016
Latency: 0.004191129934042692
Latency: 0.0037302428390830755
Latency: 0.0037419141735881567
Latency: 0.0040237391367554665
Latency: 0.003743699984624982
Latency: 0.003756162943318486
Latency: 0.004067721078172326
Latency: 0.0037518548779189587
Latency: 0.003746774047613144
Latency: 0.004068475915119052
Latency: 0.0037377390544861555
Latency: 0.0037490250542759895
Latency: 0.0040606309194117785
Latency: 0.003739170031622052
Latency: 0.003747053910046816
Latency: 0.0038174039218574762
Latency: 0.00388106401078403
Latency: 0.00402044178918004
Latency: 0.003763222135603428
Latency: 0.003764366963878274
Latency: 0.004044410074129701
Latency: 0.0037473610136657953
Latency: 0.003733247984200716
Latency: 0.004014998907223344
Latency: 0.0037638298235833645
Latency: 0.003733525052666664
Latency: 0.004049086943268776
Latency: 0.009367786813527346
Latency: 0.003982441034168005
Latency: 0.004122803919017315
Latency: 0.0038992648478597403
Latency: 0.00397720281034708
Latency: 0.004437317838892341
Latency: 0.003850111970677972
Latency: 0.003854934126138687
Latency: 0.004090913105756044
