Latency: 0.011268922127783298
Latency: 0.0075885269325226545
Latency: 0.007601493038237095
Latency: 0.007297690957784653
Latency: 0.007191907148808241
Latency: 0.007175025064498186
Latency: 0.007201561005786061
Latency: 0.007287203101441264
Latency: 0.00799144385382533
Latency: 0.0072469948790967464
Latency: 0.007239508908241987
Latency: 0.007261271122843027
Latency: 0.0072452949825674295
Latency: 0.007233940996229649
Latency: 0.007191372103989124
Latency: 0.007122663082554936
Latency: 0.007213322911411524
Latency: 0.007269083987921476
Latency: 0.007157799089327455
Latency: 0.008100595092400908
Latency: 0.007433503866195679
Latency: 0.007223368156701326
Latency: 0.007359219016507268
Latency: 0.00782400881871581
Latency: 0.007318431977182627
Latency: 0.007099715992808342
Latency: 0.007081836927682161
Latency: 0.007204678142443299
Latency: 0.007195620099082589
Latency: 0.007187567884102464
Latency: 0.00822198111563921
Latency: 0.0072091128677129745
Latency: 0.0074205850251019
Latency: 0.007165293907746673
Latency: 0.0072374718729406595
Latency: 0.007245209999382496
Latency: 0.007154691033065319
Latency: 0.007146848831325769
Latency: 0.007250565104186535
Latency: 0.007173789199441671
Latency: 0.007185318041592836
Latency: 0.007199640152975917
Latency: 0.008077075006440282
Latency: 0.007239660946652293
Latency: 0.0072268410585820675
Latency: 0.007321580080315471
Latency: 0.007297097938135266
Latency: 0.0073186419904232025
Latency: 0.0074216199573129416
Latency: 0.007359354989603162
Latency: 0.0072439180221408606
Latency: 0.007260466925799847
Latency: 0.007299887016415596
Latency: 0.008253807900473475
Latency: 0.007048280909657478
Latency: 0.007263544015586376
Latency: 0.007205267203971744
Latency: 0.007234765915200114
Latency: 0.007294951938092709
Latency: 0.007331213913857937
Latency: 0.00731015601195395
Latency: 0.007295965915545821
Latency: 0.007126206997781992
Latency: 0.007221283856779337
Latency: 0.007296886993572116
Latency: 0.008234868058934808
Latency: 0.007133895065635443
Latency: 0.007188437040895224
Latency: 0.007217467995360494
Latency: 0.007286868058145046
Latency: 0.0072068029548972845
Latency: 0.0073390500620007515
Latency: 0.00719107105396688
Latency: 0.007099160924553871
Latency: 0.007173409918323159
Latency: 0.007341708056628704
Latency: 0.00710710696876049
Latency: 0.007855782052502036
Latency: 0.007301109144464135
Latency: 0.007314702961593866
Latency: 0.007453774102032185
Latency: 0.007221512030810118
Latency: 0.007128145080059767
Latency: 0.007142679067328572
Latency: 0.007316906936466694
Latency: 0.007246715947985649
Latency: 0.0071991500444710255
Latency: 0.007223410997539759
Latency: 0.0073127171490341425
Latency: 0.008145062951371074
Latency: 0.007802364183589816
Latency: 0.00775944790802896
Latency: 0.007394262822344899
Latency: 0.007491057040169835
Latency: 0.007841412909328938
Latency: 0.007859661942347884
Latency: 0.007792991120368242
Latency: 0.009975771885365248
Latency: 0.008109285030514002
Latency: 0.007484861183911562
Latency: 0.007382088107988238
Latency: 0.009262888925150037
Latency: 0.009100682102143764
Latency: 0.007882796926423907
Latency: 0.007807707181200385
Latency: 0.008266366086900234
Latency: 0.0077552469447255135
Latency: 0.007482392946258187
Latency: 0.007559722987934947
Latency: 0.008657546015456319
Latency: 0.007959409849718213
Latency: 0.007942768977954984
Latency: 0.009572117123752832
Latency: 0.007737553911283612
Latency: 0.008216026006266475
Latency: 0.007897605886682868
Latency: 0.008044091984629631
Latency: 0.008259031921625137
Latency: 0.008274290943518281
Latency: 0.007628890918567777
Latency: 0.00733087002299726
Latency: 0.0072897570207715034
Latency: 0.007280343910679221
Latency: 0.007056558970361948
Latency: 0.008166151121258736
Latency: 0.014400621876120567
Latency: 0.0071122420486062765
Latency: 0.007864151149988174
Latency: 0.00780516816303134
Latency: 0.00740291690453887
Latency: 0.00893220491707325
Latency: 0.00753162894397974
Latency: 0.008204090874642134
Latency: 0.007887102197855711
Latency: 0.008388311136513948
Latency: 0.011524604866281152
Latency: 0.01426953705959022
Latency: 0.011923050042241812
Latency: 0.008400812046602368
Latency: 0.007489622104912996
Latency: 0.007649231934919953
Latency: 0.007322743069380522
Latency: 0.007288644090294838
Latency: 0.007459348067641258
Latency: 0.0075296948198229074
Latency: 0.0074808779172599316
Latency: 0.008644632063806057
Latency: 0.007464045891538262
Latency: 0.007417432963848114
Latency: 0.00740964082069695
Latency: 0.007376294117420912
Latency: 0.007283941842615604
Latency: 0.007272119168192148
Latency: 0.007412638049572706
Latency: 0.007537727011367679
Latency: 0.007660529809072614
Latency: 0.007539411075413227
Latency: 0.009054560214281082
Latency: 0.0075781140476465225
Latency: 0.00749318185262382
Latency: 0.007681712042540312
Latency: 0.0075616969261318445
Latency: 0.007472987985238433
Latency: 0.007908095140010118
Latency: 0.007485466077923775
Latency: 0.009149849880486727
Latency: 0.012120211962610483
Latency: 0.011763464892283082
Latency: 0.011825558030977845
Latency: 0.012377836043015122
Latency: 0.01201330916956067
Latency: 0.012136595090851188
Latency: 0.01294751395471394
Latency: 0.012025672011077404
Latency: 0.01198147889226675
Latency: 0.012013450032100081
Latency: 0.0109910829924047
Latency: 0.011865243082866073
Latency: 0.01297808694653213
Latency: 0.01188924303278327
Latency: 0.012020491063594818
Latency: 0.012949601979926229
Latency: 0.0117730179335922
Latency: 0.012760543962940574
Latency: 0.011778720887377858
Latency: 0.010880955029278994
Latency: 0.01221923204138875
Latency: 0.011938760057091713
Latency: 0.011857983889058232
Latency: 0.012821763986721635
Latency: 0.012251922860741615
Latency: 0.012072756886482239
Latency: 0.01211987598799169
Latency: 0.012152926065027714
Latency: 0.012245439924299717
Latency: 0.013056506868451834
Latency: 0.012011416023597121
Latency: 0.011723492061719298
Latency: 0.012062584049999714
Latency: 0.01216397201642394
Latency: 0.012047773925587535
Latency: 0.010733155068010092
Latency: 0.012104960158467293
Latency: 0.01193380099721253
Latency: 0.011941432021558285
Latency: 0.01208521006628871
Latency: 0.013733619125559926
Latency: 0.02138363802805543
Latency: 0.011994588887318969
Latency: 0.012023838004097342
Latency: 0.01218851306475699
Latency: 0.011998218949884176
Latency: 0.012586344964802265
Latency: 0.010891621001064777
Latency: 0.012013897066935897
Latency: 0.011737598106265068
Latency: 0.011994320200756192
Latency: 0.01198596297763288
Latency: 0.011954054003581405
Latency: 0.012006413890048862
Latency: 0.011825175024569035
Latency: 0.011964516947045922
Latency: 0.011987139005213976
Latency: 0.012859944952651858
Latency: 0.012012234190478921
Latency: 0.011911025969311595
Latency: 0.012340876972302794
Latency: 0.012059481116011739
Latency: 0.013270189985632896
Latency: 0.011768882162868977
Latency: 0.012039185035973787
Latency: 0.01185924606397748
Latency: 0.011838886886835098
Latency: 0.01196559495292604
Latency: 0.01298394100740552
Latency: 0.012038032058626413
Latency: 0.012167481007054448
Latency: 0.012109043076634407
Latency: 0.011737931054085493
Latency: 0.012037951033562422
Latency: 0.013024477055296302
Latency: 0.012006731005385518
Latency: 0.01204159902408719
Latency: 0.012013286119326949
Latency: 0.011891206027939916
Latency: 0.012983284192159772
Latency: 0.012041348032653332
Latency: 0.011803069850429893
Latency: 0.01279913610778749
Latency: 0.011992990039288998
Latency: 0.012265776982530951
Latency: 0.013200961984694004
Latency: 0.011840241961181164
Latency: 0.010899554006755352
Latency: 0.012338652042672038
Latency: 0.012098687933757901
Latency: 0.013071021996438503
Latency: 0.01190798613242805
Latency: 0.012238950002938509
Latency: 0.011851558927446604
Latency: 0.010947956005111337
Latency: 0.011957707116380334
Latency: 0.013059905963018537
Latency: 0.01205438282340765
Latency: 0.01209905999712646
Latency: 0.012038722168654203
Latency: 0.012126094195991755
Latency: 0.013116026995703578
Latency: 0.022758974926546216
Latency: 0.011960477102547884
Latency: 0.012014057952910662
Latency: 0.012177596101537347
Latency: 0.012811708962544799
Latency: 0.012038003886118531
Latency: 0.012133589945733547
Latency: 0.012286145007237792
Latency: 0.012042263988405466
Latency: 0.013111928012222052
Latency: 0.0120653270278126
Latency: 0.011884271865710616
Latency: 0.011945866048336029
Latency: 0.011898255906999111
Latency: 0.01229399093426764
Latency: 0.012687141075730324
Latency: 0.011660001007840037
Latency: 0.011892251903191209
Latency: 0.012010924983769655
Latency: 0.012022793060168624
Latency: 0.011981125921010971
Latency: 0.0124333871062845
Latency: 0.011090978048741817
Latency: 0.012081828201189637
Latency: 0.012152184965088964
Latency: 0.011962797958403826
Latency: 0.013027415843680501
Latency: 0.011922172969207168
Latency: 0.012090829899534583
Latency: 0.011989719932898879
Latency: 0.011741493828594685
Latency: 0.012058160034939647
Latency: 0.016193235060200095
Latency: 0.011135875945910811
Latency: 0.01212390884757042
Latency: 0.011972885113209486
Latency: 0.012056851061061025
Latency: 0.0122505200561136
Latency: 0.013174023013561964
Latency: 0.011953826062381268
Latency: 0.012166022788733244
Latency: 0.011953409062698483
Latency: 0.01202976400963962
Latency: 0.012998164165765047
Latency: 0.012044158997014165
Latency: 0.012019757181406021
Latency: 0.01212623598985374
Latency: 0.011938524898141623
Latency: 0.01196545292623341
Latency: 0.013065717881545424
Latency: 0.011938100913539529
Latency: 0.012161449063569307
Latency: 0.0118862921372056
Latency: 0.01211868692189455
Latency: 0.013412353815510869
Latency: 0.012181941885501146
Latency: 0.012096976162865758
Latency: 0.012250785948708653
Latency: 0.012145357206463814
Latency: 0.012006042990833521
Latency: 0.023699006997048855
Latency: 0.010931392898783088
Latency: 0.012853976106271148
Latency: 0.012216788018122315
Latency: 0.01206073397770524
Latency: 0.012664258014410734
Latency: 0.010905432049185038
Latency: 0.012077979976311326
Latency: 0.012039241148158908
Latency: 0.01214423798955977
Latency: 0.012207020074129105
Latency: 0.01286869216710329
Latency: 0.011977374088019133
Latency: 0.01173385581932962
Latency: 0.012103755958378315
Latency: 0.01198398694396019
Latency: 0.01318413089029491
Latency: 0.011993453139439225
Latency: 0.012082461966201663
Latency: 0.012178490869700909
Latency: 0.011971896048635244
Latency: 0.013255195925012231
Latency: 0.011853876989334822
Latency: 0.01189266494475305
Latency: 0.0120203229598701
Latency: 0.012049844954162836
Latency: 0.013218962121754885
Latency: 0.012594085885211825
Latency: 0.012019830057397485
Latency: 0.011882699094712734
Latency: 0.011992532992735505
Latency: 0.011953641893342137
Latency: 0.012192490976303816
Latency: 0.011493398109450936
Latency: 0.011016168864443898
Latency: 0.011733426013961434
Latency: 0.01179311890155077
Latency: 0.012068505864590406
Latency: 0.012014126870781183
Latency: 0.013005692046135664
Latency: 0.011871094116941094
Latency: 0.012003601063042879
Latency: 0.012060462962836027
Latency: 0.012069904012605548
Latency: 0.014033170882612467
Latency: 0.01203357707709074
Latency: 0.012067277915775776
Latency: 0.011983242118731141
Latency: 0.011976185953244567
Latency: 0.012057079933583736
Latency: 0.013230170821771026
Latency: 0.012048516888171434
Latency: 0.011923880083486438
Latency: 0.011882906081154943
Latency: 0.011939137009903789
Latency: 0.013148723868653178
Latency: 0.012216561008244753
Latency: 0.01201173197478056
Latency: 0.012391770957037807
Latency: 0.012106901966035366
Latency: 0.013386389007791877
Latency: 0.023179643088951707
Latency: 0.011966858990490437
Latency: 0.012162700993940234
Latency: 0.01209186902269721
Latency: 0.012030713027343154
Latency: 0.013012038078159094
Latency: 0.011989155085757375
Latency: 0.012021971167996526
Latency: 0.011975908884778619
Latency: 0.01196144288405776
Latency: 0.012779725017026067
Latency: 0.01208760286681354
Latency: 0.011974736116826534
Latency: 0.012130494927987456
Latency: 0.011743288952857256
Latency: 0.011974845081567764
Latency: 0.012833762913942337
Latency: 0.012055888073518872
Latency: 0.012319301022216678
Latency: 0.011975126108154655
Latency: 0.012128469999879599
Latency: 0.01329837110824883
Latency: 0.011943208985030651
Latency: 0.011842429172247648
Latency: 0.012594034895300865
Latency: 0.012309457175433636
Latency: 0.012196453055366874
Latency: 0.013326883083209395
Latency: 0.012051824014633894
Latency: 0.012268821010366082
Latency: 0.011635055067017674
Latency: 0.012156121898442507
Latency: 0.012957559898495674
Latency: 0.011862437007948756
Latency: 0.012042151996865869
Latency: 0.011836776975542307
Latency: 0.012044291011989117
Latency: 0.012069533113390207
Latency: 0.013037431985139847
Latency: 0.012074892176315188
Latency: 0.012172621209174395
Latency: 0.012050335062667727
Latency: 0.01184842106886208
Latency: 0.012880844995379448
Latency: 0.011563384206965566
Latency: 0.010803637094795704
Latency: 0.011902217986062169
Latency: 0.012082997942343354
Latency: 0.011922253062948585
Latency: 0.012996033066883683
Latency: 0.012112164869904518
Latency: 0.012140279170125723
Latency: 0.012050241930410266
Latency: 0.012047661934047937
Latency: 0.01184995286166668
Latency: 0.012201650999486446
Latency: 0.012026190990582108
Latency: 0.011997781926766038
Latency: 0.011183320078998804
Latency: 0.01199466292746365
Latency: 0.02398995589464903
Latency: 0.011116427136585116
Latency: 0.011896305019035935
Latency: 0.012009730096906424
Latency: 0.011930074077099562
Latency: 0.0129082091152668
Latency: 0.012590667000040412
Latency: 0.012098110048100352
Latency: 0.012107070069760084
Latency: 0.012130836956202984
Latency: 0.013166001997888088
Latency: 0.011905756080523133
Latency: 0.01208242285065353
Latency: 0.011981910094618797
Latency: 0.012098712148144841
Latency: 0.01327538094483316
Latency: 0.011739798123016953
Latency: 0.012155190110206604
Latency: 0.011826364090666175
Latency: 0.011840170016512275
Latency: 0.0119542449247092
Latency: 0.010760297998785973
Latency: 0.010662495158612728
Latency: 0.012144089909270406
Latency: 0.011723334901034832
Latency: 0.012087173061445355
Latency: 0.011983925942331553
Latency: 0.01293706614524126
Latency: 0.0120847939979285
Latency: 0.011833110125735402
Latency: 0.012085655936971307
Latency: 0.011947240913286805
Latency: 0.012054671999067068
Latency: 0.013327067019417882
Latency: 0.012488967040553689
Latency: 0.011218680068850517
Latency: 0.01101111201569438
Latency: 0.012450112029910088
Latency: 0.01351758698001504
Latency: 0.011909608030691743
Latency: 0.01185140386223793
Latency: 0.01238559209741652
Latency: 0.018579477909952402
Latency: 0.011990145081654191
Latency: 0.013174004852771759
Latency: 0.011994864093139768
Latency: 0.011693732114508748
Latency: 0.012331140926107764
Latency: 0.01299372804351151
Latency: 0.013953562127426267
Latency: 0.011682979995384812
Latency: 0.011880564037710428
Latency: 0.010826437966898084
Latency: 0.01205166894942522
Latency: 0.012060985900461674
Latency: 0.01177234691567719
Latency: 0.01207093894481659
Latency: 0.012245239922776818
Latency: 0.012054438004270196
Latency: 0.010820804163813591
Latency: 0.012915251078084111
Latency: 0.024361270014196634
Latency: 0.0120202770922333
Latency: 0.012076872168108821
Latency: 0.012058526976034045
Latency: 0.013127380050718784
Latency: 0.012209953973069787
Latency: 0.011937745846807957
Latency: 0.011836201883852482
Latency: 0.011854860931634903
Latency: 0.012147561879828572
Latency: 0.012933257967233658
Latency: 0.012024756986647844
Latency: 0.012095632031559944
Latency: 0.012019017012789845
Latency: 0.012217010837048292
Latency: 0.01299144304357469
Latency: 0.011965635931119323
Latency: 0.011853517964482307
Latency: 0.012060343055054545
Latency: 0.011975837871432304
Latency: 0.012099036015570164
Latency: 0.010731221176683903
Latency: 0.01204284094274044
Latency: 0.012003608979284763
Latency: 0.011798239080235362
Latency: 0.012173072900623083
Latency: 0.012927167816087604
Latency: 0.012221609940752387
Latency: 0.0124208799097687
Latency: 0.011902864091098309
Latency: 0.012055214960128069
Latency: 0.011857881909236312
Latency: 0.013004242908209562
Latency: 0.011878205928951502
Latency: 0.012016080785542727
Latency: 0.01221412792801857
Latency: 0.01373158092610538
Latency: 0.013806328875944018
Latency: 0.011924791848286986
Latency: 0.011945592006668448
Latency: 0.011670651147142053
Latency: 0.011893677990883589
Latency: 0.012034266954287887
Latency: 0.01290057203732431
Latency: 0.01214226707816124
Latency: 0.010906729847192764
Latency: 0.011987017933279276
Latency: 0.010945359943434596
Latency: 0.012046684976667166
Latency: 0.013200307032093406
Latency: 0.012087811948731542
Latency: 0.01198296993970871
Latency: 0.01202452089637518
Latency: 0.011997116031125188
Latency: 0.012993201147764921
Latency: 0.011850210838019848
Latency: 0.01194296800531447
Latency: 0.012109491974115372
Latency: 0.011870777932927012
Latency: 0.012009931961074471
Latency: 0.025578723987564445
Latency: 0.011030619964003563
Latency: 0.012166343862190843
Latency: 0.01202583801932633
Latency: 0.012034381041303277
Latency: 0.012537901988252997
Latency: 0.011835378827527165
Latency: 0.012008147779852152
Latency: 0.012050502002239227
Latency: 0.01260971394367516
Latency: 0.010924424044787884
Latency: 0.011678023962303996
Latency: 0.012174987001344562
Latency: 0.011929752072319388
Latency: 0.012007140088826418
Latency: 0.011931443819776177
Latency: 0.013089403044432402
Latency: 0.011976525885984302
Latency: 0.011965473182499409
Latency: 0.012145815184339881
Latency: 0.011785458074882627
Latency: 0.013590330025181174
Latency: 0.011757082073017955
Latency: 0.0120930140838027
Latency: 0.012218901189044118
Latency: 0.011983269127085805
Latency: 0.012117559090256691
Latency: 0.012942226137965918
Latency: 0.01204947498627007
Latency: 0.01194530795328319
Latency: 0.011947504943236709
Latency: 0.011894627008587122
Latency: 0.012172797927632928
Latency: 0.011982001829892397
Latency: 0.011969503946602345
Latency: 0.012134481919929385
Latency: 0.011829550145193934
Latency: 0.01210580114275217
Latency: 0.01291505596600473
Latency: 0.012047583935782313
Latency: 0.012284366181120276
Latency: 0.012030605925247073
Latency: 0.01208135299384594
Latency: 0.013265501009300351
Latency: 0.012109115021303296
Latency: 0.012122774962335825
Latency: 0.012065296061336994
Latency: 0.012226262828335166
Latency: 0.012055710889399052
Latency: 0.01302311196923256
Latency: 0.011907421983778477
Latency: 0.011979607865214348
Latency: 0.011946201790124178
Latency: 0.010583996074274182
Latency: 0.012065303046256304
Latency: 0.012993290089070797
Latency: 0.012176182121038437
Latency: 0.012111211894080043
Latency: 0.0120782230515033
Latency: 0.01188110001385212
Latency: 0.013173908926546574
Latency: 0.024666176177561283
Latency: 0.011979957111179829
Latency: 0.010956702986732125
Latency: 0.012259157840162516
Latency: 0.01271522301249206
Latency: 0.011906366795301437
Latency: 0.011914005037397146
Latency: 0.012096571968868375
Latency: 0.01213211310096085
Latency: 0.010680776089429855
Latency: 0.011812824988737702
Latency: 0.01209358312189579
Latency: 0.011615150142461061
Latency: 0.010666121961548924
Latency: 0.01199040887877345
Latency: 0.012938172090798616
Latency: 0.011897087097167969
Latency: 0.011973071144893765
Latency: 0.011924086138606071
Latency: 0.012150605907663703
Latency: 0.011931651970371604
Latency: 0.013069167034700513
Latency: 0.01199680706486106
Latency: 0.012142008868977427
Latency: 0.012106568086892366
Latency: 0.011894433060660958
Latency: 0.013052859110757709
Latency: 0.012194907991215587
Latency: 0.012113173957914114
Latency: 0.011991051957011223
Latency: 0.012007537065073848
Latency: 0.013348351931199431
Latency: 0.01189173012971878
Latency: 0.012031506048515439
Latency: 0.01069735479541123
Latency: 0.012417091988027096
Latency: 0.012068055104464293
Latency: 0.013066445011645555
Latency: 0.011949525913223624
Latency: 0.011883514933288097
Latency: 0.01200451492331922
Latency: 0.01189294084906578
Latency: 0.012096174992620945
Latency: 0.013279523933306336
Latency: 0.011934275040403008
Latency: 0.012128682108595967
Latency: 0.01185794617049396
Latency: 0.012078707106411457
Latency: 0.012981469044461846
Latency: 0.011004619067534804
Latency: 0.012174391187727451
Latency: 0.012215265072882175
Latency: 0.012039483990520239
Latency: 0.012260454008355737
Latency: 0.013323573861271143
Latency: 0.012084190035238862
Latency: 0.012024551164358854
Latency: 0.012089102994650602
Latency: 0.011937278788536787
Latency: 0.01305740000680089
Latency: 0.024159851018339396
Latency: 0.012161745922639966
Latency: 0.011972375214099884
Latency: 0.012160644866526127
Latency: 0.01194176496937871
Latency: 0.011631940957158804
Latency: 0.012039836961776018
Latency: 0.011877078097313643
Latency: 0.010881193913519382
Latency: 0.012154053896665573
Latency: 0.012815837049856782
Latency: 0.01208849810063839
Latency: 0.011999453883618116
Latency: 0.01205881591886282
Latency: 0.012070928933098912
Latency: 0.012198962969705462
Latency: 0.013088281964883208
Latency: 0.012048874981701374
Latency: 0.012016243999823928
Latency: 0.011872845934703946
Latency: 0.01200613216497004
Latency: 0.013152279891073704
Latency: 0.010933822020888329
Latency: 0.01207611314021051
Latency: 0.012006895849481225
Latency: 0.011844743974506855
Latency: 0.01205811696127057
Latency: 0.01304463786073029
Latency: 0.011993992142379284
Latency: 0.010758429998531938
Latency: 0.012272712076082826
Latency: 0.012220366857945919
Latency: 0.013169821118935943
Latency: 0.012047718046233058
Latency: 0.011911412002518773
Latency: 0.012102673994377255
Latency: 0.011993783991783857
Latency: 0.012078664964064956
Latency: 0.013183127157390118
Latency: 0.011954882880672812
Latency: 0.010887061012908816
Latency: 0.011828308925032616
Latency: 0.012131599942222238
Latency: 0.012852728832513094
Latency: 0.012224218109622598
Latency: 0.011968262027949095
Latency: 0.012081352062523365
Latency: 0.012282819021493196
Latency: 0.012055160012096167
Latency: 0.013181220041587949
Latency: 0.011955603025853634
Latency: 0.012179431971162558
Latency: 0.010601938934996724
Latency: 0.012123889988288283
Latency: 0.013048683991655707
Latency: 0.012005598051473498
Latency: 0.012085291091352701
Latency: 0.011843769811093807
Latency: 0.012216582894325256
Latency: 0.011934815905988216
Latency: 0.024942378979176283
Latency: 0.012413175078108907
Latency: 0.011956252856180072
Latency: 0.012254338013008237
Latency: 0.01195113593712449
Latency: 0.012768524000421166
Latency: 0.01201348495669663
Latency: 0.012051408179104328
Latency: 0.01205031806603074
Latency: 0.011968923965469003
Latency: 0.01205609180033207
Latency: 0.0128708949778229
Latency: 0.01189185818657279
Latency: 0.011801936896517873
Latency: 0.011988032842054963
Latency: 0.01180320605635643
Latency: 0.012914957944303751
Latency: 0.011739064007997513
Latency: 0.011588525958359241
Latency: 0.011927629821002483
Latency: 0.011922616977244616
Latency: 0.011910927947610617
Latency: 0.013163166120648384
Latency: 0.012125766137614846
Latency: 0.011808987008407712
Latency: 0.011965216835960746
Latency: 0.011761268135160208
Latency: 0.012111460091546178
Latency: 0.013092719949781895
Latency: 0.012042243964970112
Latency: 0.012033679988235235
Latency: 0.01209440897218883
Latency: 0.011935760965570807
Latency: 0.013146910117939115
Latency: 0.010649314150214195
Latency: 0.012114693177863955
Latency: 0.01181135792285204
Latency: 0.011910996865481138
Latency: 0.012077996041625738
Latency: 0.012955863028764725
Latency: 0.012065174989402294
Latency: 0.010799220064654946
Latency: 0.01220799912698567
Latency: 0.012213497888296843
Latency: 0.01315135695040226
Latency: 0.012078350875526667
Latency: 0.01186641794629395
Latency: 0.012148740934208035
Latency: 0.012055047089233994
Latency: 0.012054556049406528
Latency: 0.013184298994019628
Latency: 0.011920023011043668
Latency: 0.011923366924747825
Latency: 0.011826378060504794
Latency: 0.012017326895147562
Latency: 0.012778369942680001
Latency: 0.01153699797578156
Latency: 0.011694092070683837
Latency: 0.012275804998353124
Latency: 0.011995031032711267
Latency: 0.012039863038808107
Latency: 0.012878255918622017
Latency: 0.023888082010671496
Latency: 0.012391015188768506
Latency: 0.011910440865904093
Latency: 0.012070211116224527
Latency: 0.01301856292411685
Latency: 0.011731693986803293
Latency: 0.012072117999196053
Latency: 0.01181963481940329
Latency: 0.011946398066356778
Latency: 0.012109918985515833
Latency: 0.013101398013532162
Latency: 0.01202839007601142
Latency: 0.011980418814346194
Latency: 0.01216747285798192
Latency: 0.011970924912020564
Latency: 0.0120528400875628
Latency: 0.013019453035667539
Latency: 0.0119147221557796
Latency: 0.012077752966433764
Latency: 0.01206804602406919
Latency: 0.01198392896912992
Latency: 0.013422882184386253
Latency: 0.01198785612359643
Latency: 0.011635516071692109
Latency: 0.012128144036978483
Latency: 0.012316870968788862
Latency: 0.012950261123478413
Latency: 0.01422174577601254
Latency: 0.012207161169499159
Latency: 0.012318893801420927
Latency: 0.010848949896171689
Latency: 0.01214482681825757
Latency: 0.010728524066507816
Latency: 0.011410955106839538
Latency: 0.0114239901304245
Latency: 0.011403732001781464
Latency: 0.011584886116907
Latency: 0.010807181941345334
Latency: 0.012882199138402939
Latency: 0.011929416097700596
Latency: 0.011973898857831955
Latency: 0.010694643016904593
Latency: 0.011364063946530223
Latency: 0.011650754138827324
Latency: 0.012493666959926486
Latency: 0.011581235099583864
Latency: 0.011127422098070383
Latency: 0.012004099087789655
Latency: 0.012686489848420024
Latency: 0.012471623020246625
Latency: 0.013847627909854054
Latency: 0.012528863968327641
Latency: 0.012762117898091674
Latency: 0.012631405843421817
Latency: 0.012625696836039424
Latency: 0.013709885999560356
Latency: 0.012582216877490282
Latency: 0.012574514839798212
Latency: 0.012948699994012713
Latency: 0.01259738183580339
Latency: 0.012480108998715878
Latency: 0.013510416029021144
Latency: 0.02573736710473895
Latency: 0.012847117148339748
Latency: 0.012497344985604286
Latency: 0.012699628947302699
Latency: 0.012576979817822576
Latency: 0.01352013205178082
Latency: 0.012756492011249065
Latency: 0.013119145995005965
Latency: 0.012858749832957983
Latency: 0.011618159944191575
Latency: 0.013269555056467652
Latency: 0.011967482976615429
Latency: 0.012000974034890532
Latency: 0.012026020791381598
Latency: 0.011951331049203873
Latency: 0.012137037003412843
Latency: 0.013036553980782628
Latency: 0.01199149014428258
Latency: 0.01207251101732254
Latency: 0.0119650240521878
Latency: 0.012175082927569747
Latency: 0.012923654867336154
Latency: 0.011824663961306214
Latency: 0.01211384404450655
Latency: 0.011826433939859271
Latency: 0.012110935058444738
Latency: 0.011924174148589373
Latency: 0.013103904901072383
Latency: 0.01185669400729239
Latency: 0.011887854896485806
Latency: 0.011969777988269925
Latency: 0.01222005789168179
Latency: 0.013166764052584767
Latency: 0.011845225002616644
Latency: 0.011967877158895135
Latency: 0.011944206897169352
Latency: 0.011891786009073257
Latency: 0.01303449715487659
Latency: 0.012705419911071658
Latency: 0.01212688209488988
Latency: 0.012099670013412833
Latency: 0.012057126965373755
Latency: 0.012015362037345767
Latency: 0.013072679983451962
Latency: 0.012023851042613387
Latency: 0.012041903799399734
Latency: 0.01197091513313353
Latency: 0.012026497162878513
Latency: 0.011909635039046407
Latency: 0.012916526990011334
Latency: 0.012051749974489212
Latency: 0.011990398168563843
Latency: 0.01213155104778707
Latency: 0.011823842069134116
Latency: 0.013259069994091988
Latency: 0.01211071410216391
Latency: 0.011995785869657993
Latency: 0.012222953140735626
Latency: 0.01205582800321281
Latency: 0.01204356993548572
Latency: 0.027594109065830708
Latency: 0.012297750217840075
Latency: 0.011906696017831564
Latency: 0.0121741509065032
Latency: 0.011818388942629099
Latency: 0.012914418010041118
Latency: 0.011941615026444197
Latency: 0.012023578863590956
Latency: 0.012002758914604783
Latency: 0.01201398205012083
Latency: 0.012991745956242085
Latency: 0.0120220931712538
Latency: 0.011947510065510869
Latency: 0.012032653903588653
Latency: 0.011942737037315965
Latency: 0.011873936047777534
Latency: 0.012781816069036722
Latency: 0.010708545101806521
Latency: 0.012115587946027517
Latency: 0.012109892908483744
Latency: 0.012083825888112187
Latency: 0.013069662032648921
Latency: 0.011966941179707646
Latency: 0.012030057841911912
Latency: 0.01202242192812264
Latency: 0.012121153995394707
Latency: 0.01466806698590517
Latency: 0.011531369062140584
Latency: 0.012000299990177155
Latency: 0.011797672836109996
Latency: 0.011720163049176335
Latency: 0.01213308097794652
Latency: 0.013178139925003052
Latency: 0.012087377021089196
Latency: 0.01182123483158648
Latency: 0.012188053922727704
Latency: 0.011812674114480615
Latency: 0.010812590830028057
Latency: 0.011872223112732172
Latency: 0.011999604059383273
Latency: 0.010715164942666888
Latency: 0.010901686968281865
Latency: 0.012174424016848207
Latency: 0.013048554072156549
Latency: 0.012104704044759274
Latency: 0.012013074941933155
Latency: 0.012105012079700828
Latency: 0.011991788865998387
Latency: 0.012059062952175736
Latency: 0.011849716072902083
Latency: 0.01181658380664885
Latency: 0.012141765095293522
Latency: 0.011858583893626928
Latency: 0.012128260917961597
Latency: 0.01265581022016704
Latency: 0.012132040923461318
Latency: 0.011973602930083871
Latency: 0.01212940807454288
Latency: 0.012160426005721092
Latency: 0.012125778011977673
Latency: 0.027237046044319868
Latency: 0.012134085176512599
Latency: 0.01196049782447517
Latency: 0.012170454952865839
Latency: 0.011961625888943672
Latency: 0.01305754715576768
Latency: 0.012114462908357382
Latency: 0.011825831839814782
Latency: 0.011969062965363264
Latency: 0.011957829119637609
Latency: 0.013084890088066459
Latency: 0.01182493008673191
Latency: 0.012096832040697336
Latency: 0.012120605912059546
Latency: 0.011906435014680028
Latency: 0.01220006588846445
Latency: 0.013034512056037784
Latency: 0.012021460104733706
Latency: 0.011994043132290244
Latency: 0.012032318161800504
Latency: 0.011884171981364489
Latency: 0.0133361229673028
Latency: 0.011835847981274128
Latency: 0.011955139925703406
Latency: 0.01199423591606319
Latency: 0.01185119105502963
Latency: 0.011853631120175123
Latency: 0.012765853200107813
Latency: 0.012142796069383621
Latency: 0.011960768839344382
Latency: 0.012005567084997892
Latency: 0.01215894496999681
Latency: 0.012076179031282663
Latency: 0.013148084981366992
Latency: 0.012087443144991994
Latency: 0.012239516945555806
Latency: 0.012164128012955189
Latency: 0.012198260053992271
Latency: 0.013298234203830361
Latency: 0.012022724840790033
Latency: 0.012195966904982924
Latency: 0.01192591106519103
Latency: 0.012034781044349074
Latency: 0.012028317898511887
Latency: 0.01302414620295167
Latency: 0.012037575943395495
Latency: 0.01196602894924581
Latency: 0.012218985008075833
Latency: 0.011720415903255343
Latency: 0.013038058998063207
Latency: 0.012038273038342595
Latency: 0.012147302040830255
Latency: 0.010721413185819983
Latency: 0.012123814085498452
Latency: 0.010740020079538226
Latency: 0.01326094288378954
Latency: 0.012058761902153492
Latency: 0.01203032792545855
Latency: 0.012111986055970192
Latency: 0.012024326017126441
Latency: 0.013270613038912416
Latency: 0.026620191056281328
Latency: 0.012093366123735905
Latency: 0.012113436125218868
Latency: 0.01207027886994183
Latency: 0.012875888030976057
Latency: 0.011834935052320361
Latency: 0.011971652042120695
Latency: 0.011846476001664996
Latency: 0.011985593009740114
Latency: 0.011812277138233185
Latency: 0.01199402310885489
Latency: 0.011924904072657228
Latency: 0.012029282050207257
Latency: 0.012003308860585093
Latency: 0.011062345001846552
Latency: 0.013094502035528421
Latency: 0.011818517930805683
Latency: 0.012016121996566653
Latency: 0.01188133005052805
Latency: 0.012196223950013518
Latency: 0.011807602131739259
Latency: 0.013187461998313665
Latency: 0.012014457024633884
Latency: 0.011994333006441593
Latency: 0.011930074077099562
Latency: 0.011930492939427495
Latency: 0.013288957998156548
Latency: 0.01193234696984291
Latency: 0.011952525936067104
Latency: 0.012019352987408638
Latency: 0.012102880980819464
Latency: 0.011902641970664263
Latency: 0.013242246815934777
Latency: 0.012077037943527102
Latency: 0.01209921296685934
Latency: 0.01210292405448854
Latency: 0.012007103068754077
Latency: 0.013326120795682073
Latency: 0.012148190988227725
Latency: 0.011694457149133086
Latency: 0.012239885982125998
Latency: 0.012004201067611575
Latency: 0.01239859708584845
Latency: 0.013548586051911116
Latency: 0.012141937855631113
Latency: 0.012197770178318024
Latency: 0.011995838955044746
Latency: 0.012265264056622982
Latency: 0.012817834038287401
Latency: 0.01166458404622972
Latency: 0.012333723017945886
Latency: 0.01194997108541429
Latency: 0.012070312863215804
Latency: 0.01272461493499577
Latency: 0.012688921997323632
Latency: 0.012096211081370711
Latency: 0.012003781972452998
Latency: 0.012170054949820042
Latency: 0.0119362180121243
Latency: 0.01204156200401485
Latency: 0.027129572117701173
Latency: 0.012065580114722252
Latency: 0.012040090980008245
Latency: 0.012029864126816392
Latency: 0.011794294929131866
Latency: 0.01175785786472261
Latency: 0.012170823058113456
Latency: 0.012126474874094129
Latency: 0.012042443035170436
Latency: 0.012031140038743615
Latency: 0.011989650782197714
Latency: 0.011624828912317753
Latency: 0.012005297932773829
Latency: 0.011814021039754152
Latency: 0.012188470922410488
Latency: 0.01191651588305831
Latency: 0.012980252970010042
Latency: 0.011978263966739178
Latency: 0.012033751932904124
Latency: 0.012051781173795462
Latency: 0.012126134941354394
Latency: 0.01206224993802607
Latency: 0.013266164110973477
Latency: 0.012042966904118657
Latency: 0.012008714023977518
Latency: 0.012187754968181252
Latency: 0.012028062017634511
Latency: 0.01320763397961855
Latency: 0.012084063841030002
Latency: 0.011834037024527788
Latency: 0.012140867998823524
Latency: 0.011879343073815107
Latency: 0.012133204843848944
Latency: 0.013071255991235375
Latency: 0.010757535928860307
Latency: 0.012153504882007837
Latency: 0.011940557043999434
Latency: 0.010801035910844803
Latency: 0.013266476104035974
Latency: 0.01210018596611917
Latency: 0.012046308955177665
Latency: 0.012081739958375692
Latency: 0.01193554000928998
Latency: 0.0120664001442492
Latency: 0.013265263056382537
Latency: 0.011940983822569251
Latency: 0.01201644609682262
Latency: 0.012066329130902886
Latency: 0.012098686071112752
Latency: 0.013241593027487397
Latency: 0.011937555158510804
Latency: 0.011996233137324452
Latency: 0.012927914038300514
Latency: 0.011885270942002535
Latency: 0.012131478870287538
Latency: 0.013293860014528036
Latency: 0.012056527892127633
Latency: 0.011890601832419634
Latency: 0.01204310916364193
Latency: 0.013165819924324751
Latency: 0.012938660103827715
Latency: 0.02700039208866656
Latency: 0.012213618960231543
Latency: 0.012037168024107814
Latency: 0.01215617498382926
Latency: 0.011995753040537238
Latency: 0.01261291210539639
Latency: 0.011891048168763518
Latency: 0.011518556857481599
Latency: 0.011623877100646496
Latency: 0.012163893086835742
Latency: 0.013114581815898418
Latency: 0.011955575086176395
Latency: 0.011962063144892454
Latency: 0.012063927948474884
Latency: 0.01197777409106493
Latency: 0.011970261111855507
Latency: 0.012931350851431489
Latency: 0.012089011026546359
Latency: 0.010561452014371753
Latency: 0.010860959999263287
Latency: 0.012237545102834702
Latency: 0.01320896903052926
Latency: 0.012009599013254046
Latency: 0.012005936121568084
Latency: 0.012061201967298985
Latency: 0.012129036011174321
Latency: 0.012096830178052187
Latency: 0.013205238152295351
Latency: 0.01198780513368547
Latency: 0.011965041048824787
Latency: 0.01215327181853354
Latency: 0.012000607093796134
Latency: 0.013387694023549557
Latency: 0.012199957156553864
Latency: 0.011957540875300765
Latency: 0.012017985805869102
Latency: 0.011963650118559599
Latency: 0.01213327213190496
Latency: 0.013038077857345343
Latency: 0.011869675945490599
Latency: 0.012202468002215028
Latency: 0.011917989933863282
Latency: 0.012109411880373955
Latency: 0.011869689915329218
Latency: 0.013015036936849356
Latency: 0.012114230077713728
Latency: 0.012203149031847715
Latency: 0.012007718905806541
Latency: 0.012039138935506344
Latency: 0.01222049817442894
Latency: 0.012121306033805013
Latency: 0.012059574946761131
Latency: 0.012017096858471632
Latency: 0.012140298960730433
Latency: 0.012115299934521317
Latency: 0.013184303883463144
Latency: 0.012034617830067873
Latency: 0.012044793926179409
Latency: 0.012101700995117426
Latency: 0.011997719993814826
Latency: 0.013394731096923351
Latency: 0.026040470926091075
Latency: 0.012174621922895312
Latency: 0.012051749974489212
Latency: 0.011966928141191602
Latency: 0.01218521106056869
Latency: 0.012964242836460471
Latency: 0.012128714937716722
Latency: 0.012025007046759129
Latency: 0.011993643129244447
Latency: 0.010722580133005977
Latency: 0.013268301961943507
Latency: 0.012007038807496428
Latency: 0.012044507078826427
Latency: 0.01207692502066493
Latency: 0.01194459106773138
Latency: 0.012090331176295877
Latency: 0.012923521921038628
Latency: 0.011831848882138729
Latency: 0.012022570008412004
Latency: 0.011864147847518325
Latency: 0.012208373984321952
Latency: 0.012926340103149414
Latency: 0.012141552986577153
Latency: 0.011998242931440473
Latency: 0.0120385040063411
Latency: 0.011922276113182306
Latency: 0.012122974032536149
Latency: 0.013303609099239111
Latency: 0.012023162795230746
Latency: 0.012052159989252687
Latency: 0.011918030213564634
Latency: 0.010789057007059455
Latency: 0.01207483815960586
Latency: 0.012017476838082075
Latency: 0.011981054907664657
Latency: 0.011958209099248052
Latency: 0.012099945917725563
Latency: 0.012036209227517247
Latency: 0.013250752817839384
Latency: 0.010787314968183637
Latency: 0.012118451995775104
Latency: 0.011906605213880539
Latency: 0.011983786942437291
Latency: 0.013289937982335687
Latency: 0.01092972094193101
Latency: 0.011987301055341959
Latency: 0.012211113004013896
Latency: 0.01189870503731072
Latency: 0.012123398017138243
Latency: 0.013314567040652037
Latency: 0.012032282073050737
Latency: 0.012446881970390677
Latency: 0.012015697080641985
Latency: 0.012174077797681093
Latency: 0.01302451710216701
Latency: 0.011938930954784155
Latency: 0.012056387960910797
Latency: 0.011846495093777776
Latency: 0.011000643018633127
Latency: 0.01192347495816648
Latency: 0.028349627973511815
Latency: 0.012165861902758479
Latency: 0.012060374021530151
Latency: 0.01220804313197732
Latency: 0.01206620316952467
Latency: 0.011876689968630672
Latency: 0.011916005052626133
Latency: 0.012350524077191949
Latency: 0.0120976478792727
Latency: 0.012200176017358899
Latency: 0.011959380935877562
Latency: 0.012934663100168109
Latency: 0.010690446943044662
Latency: 0.011853080941364169
Latency: 0.01191271678544581
Latency: 0.011918568052351475
Latency: 0.013271514093503356
Latency: 0.012103488901630044
Latency: 0.012066470924764872
Latency: 0.012108858907595277
Latency: 0.012074340833351016
Latency: 0.01207947893999517
Latency: 0.013172677950933576
Latency: 0.012078708969056606
Latency: 0.012146526016294956
Latency: 0.012087074108421803
Latency: 0.011981651885434985
Latency: 0.013173552928492427
Latency: 0.012002906063571572
Latency: 0.011674614856019616
Latency: 0.012083535082638264
Latency: 0.011846819892525673
Latency: 0.012207356048747897
Latency: 0.013170741964131594
Latency: 0.0120301628485322
Latency: 0.011923220939934254
Latency: 0.012125900946557522
Latency: 0.018172390991821885
Latency: 0.014882361982017756
Latency: 0.012152162846177816
Latency: 0.012087847106158733
Latency: 0.012104431167244911
Latency: 0.01202915096655488
Latency: 0.012185035040602088
Latency: 0.013387674931436777
Latency: 0.011858700076118112
Latency: 0.012179382843896747
Latency: 0.011958255199715495
Latency: 0.01234804792329669
Latency: 0.013383968966081738
Latency: 0.01190259912982583
Latency: 0.012053654994815588
Latency: 0.01199979498051107
Latency: 0.012244729790836573
Latency: 0.011857850011438131
Latency: 0.01299770106561482
Latency: 0.012251024134457111
Latency: 0.011972988955676556
Latency: 0.012119757011532784
Latency: 0.0118361278437078
Latency: 0.013138300972059369
Latency: 0.02654413809068501
Latency: 0.012129345908761024
Latency: 0.01092833117581904
Latency: 0.011929407017305493
Latency: 0.013110460946336389
Latency: 0.011628254083916545
Latency: 0.011966301128268242
Latency: 0.011942329118028283
Latency: 0.012220839969813824
Latency: 0.011931410990655422
Latency: 0.01308409497141838
Latency: 0.012131595984101295
Latency: 0.011804116889834404
Latency: 0.011869802139699459
Latency: 0.01204953109845519
Latency: 0.01237080991268158
Latency: 0.012768010143190622
Latency: 0.0121047617867589
Latency: 0.012004090007394552
Latency: 0.012409463059157133
Latency: 0.012058014050126076
Latency: 0.012064737966284156
Latency: 0.013075912836939096
Latency: 0.011880123056471348
Latency: 0.012118334881961346
Latency: 0.012007453013211489
Latency: 0.012086322996765375
Latency: 0.013149671955034137
Latency: 0.011834528064355254
Latency: 0.012075849808752537
Latency: 0.011795151978731155
Latency: 0.010903055081143975
Latency: 0.01216538599692285
Latency: 0.01303302706219256
Latency: 0.012035202933475375
Latency: 0.01214933511801064
Latency: 0.012078974163159728
Latency: 0.011886853957548738
Latency: 0.013117152964696288
Latency: 0.012039161985740066
Latency: 0.01202381495386362
Latency: 0.012045934097841382
Latency: 0.012034540995955467
Latency: 0.01230619102716446
Latency: 0.012862317962571979
Latency: 0.011956669855862856
Latency: 0.011912685818970203
Latency: 0.012110508047044277
Latency: 0.012017056113108993
Latency: 0.013205709867179394
Latency: 0.011848181020468473
Latency: 0.012173439841717482
Latency: 0.012101456057280302
Latency: 0.0119449058547616
Latency: 0.012103440938517451
Latency: 0.012989915907382965
Latency: 0.012083139969035983
Latency: 0.010768712032586336
Latency: 0.012116196099668741
Latency: 0.012276485096663237
Latency: 0.011867836816236377
Latency: 0.029976294143125415
Latency: 0.012233514105901122
Latency: 0.012025032192468643
Latency: 0.012200815137475729
Latency: 0.012124009896069765
Latency: 0.011785022914409637
Latency: 0.011043397011235356
Latency: 0.01174556603655219
Latency: 0.012125329114496708
Latency: 0.012065735179930925
Latency: 0.011986261932179332
Latency: 0.012981214094907045
Latency: 0.011952430009841919
Latency: 0.012066316092386842
Latency: 0.012138983001932502
Latency: 0.012029290897771716
Latency: 0.013177852844819427
Latency: 0.012007529148831964
Latency: 0.011835522018373013
Latency: 0.01196222216822207
Latency: 0.011871751165017486
Latency: 0.01208900986239314
Latency: 0.013185482937842607
Latency: 0.012208567932248116
Latency: 0.01217639702372253
Latency: 0.01196242100559175
Latency: 0.011985651915892959
Latency: 0.013170544058084488
Latency: 0.011826230911538005
Latency: 0.012044853996485472
Latency: 0.011852921918034554
Latency: 0.01209591911174357
Latency: 0.011908719083294272
Latency: 0.013100535841658711
Latency: 0.012008816003799438
Latency: 0.01186931412667036
Latency: 0.012019980931654572
Latency: 0.012161741964519024
Latency: 0.01339339790865779
Latency: 0.011988366954028606
Latency: 0.01206702901981771
Latency: 0.012058157939463854
Latency: 0.01082067284733057
Latency: 0.012172400020062923
Latency: 0.013148864032700658
Latency: 0.012050417950376868
Latency: 0.012097409926354885
Latency: 0.012219394091516733
Latency: 0.011933926958590746
Latency: 0.018674110993742943
Latency: 0.011047752108424902
Latency: 0.010735453106462955
Latency: 0.010930259013548493
Latency: 0.010955092962831259
Latency: 0.01084574987180531
Latency: 0.011958383955061436
Latency: 0.010680349078029394
Latency: 0.010682250140234828
Latency: 0.01082344795577228
Latency: 0.010815913090482354
Latency: 0.010585217038169503
Latency: 0.0283604240976274
Latency: 0.0110254290048033
Latency: 0.010808924213051796
Latency: 0.010655920952558517
Latency: 0.01087468583136797
Latency: 0.011620773933827877
Latency: 0.01078796898946166
Latency: 0.010717787779867649
Latency: 0.010700176004320383
Latency: 0.01059805997647345
Latency: 0.010789167135953903
Latency: 0.0117450428660959
Latency: 0.010584771865978837
Latency: 0.010682730004191399
Latency: 0.010743879014626145
Latency: 0.010778563097119331
Latency: 0.010811276966705918
Latency: 0.011934814043343067
Latency: 0.010704416083171964
Latency: 0.01069975201971829
Latency: 0.010886172065511346
Latency: 0.010742967948317528
Latency: 0.010779853910207748
Latency: 0.011835420038551092
Latency: 0.010711503913626075
Latency: 0.01074304711073637
Latency: 0.010673969984054565
Latency: 0.01093796594068408
Latency: 0.011867830995470285
Latency: 0.010612086160108447
Latency: 0.010855840984731913
Latency: 0.010807068087160587
Latency: 0.011052385903894901
Latency: 0.010967965004965663
Latency: 0.011937686940655112
Latency: 0.010747242020443082
Latency: 0.010650587035343051
Latency: 0.010692297015339136
Latency: 0.010857493849471211
Latency: 0.010687976842746139
Latency: 0.011959620984271169
Latency: 0.011016417993232608
Latency: 0.010753625072538853
Latency: 0.01083501917310059
Latency: 0.010821381118148565
Latency: 0.010770321823656559
Latency: 0.01186739606782794
Latency: 0.010797781869769096
Latency: 0.01072960696183145
Latency: 0.018067148979753256
Latency: 0.010790186002850533
Latency: 0.010714560048654675
Latency: 0.01324830879457295
