Latency: 1.7264258719515055
Latency: 1.7215004889294505
Latency: 1.7060928060673177
Latency: 1.7313219790812582
Latency: 1.7164915909525007
Latency: 1.6990658671129495
Latency: 1.7352873010095209
Latency: 1.7205028079915792
Latency: 1.7111732040066272
Latency: 1.742928677937016
Latency: 1.7260831368621439
Latency: 1.7302489958237857
Latency: 1.725403961027041
Latency: 1.7424680618569255
Latency: 1.741938890889287
Latency: 1.7320621251128614
Latency: 1.712713628076017
Latency: 1.7313932741526514
Latency: 1.7682902400847524
Latency: 1.756752179004252
Latency: 1.7515107369981706
Latency: 1.7777132589835674
Latency: 1.7331798269879073
Latency: 1.7622091509401798
Latency: 1.7645494469907135
Latency: 1.7713860180228949
Latency: 1.7665607000235468
Latency: 1.7604833429213613
Latency: 1.7922967548947781
Latency: 1.74582539498806
Latency: 1.7554654921405017
Latency: 1.7528977289330214
Latency: 1.7518660679925233
Latency: 1.7924278930295259
Latency: 1.763240342028439
Latency: 1.7900892901234329
Latency: 1.788245612056926
Latency: 1.7657253569923341
Latency: 1.8010754850693047
Latency: 1.770263247890398
Latency: 1.7801799890585244
Latency: 1.781066088937223
Latency: 1.8004313330166042
Latency: 1.804563108831644
Latency: 1.7788595880847424
Latency: 1.814084748039022
Latency: 1.7675402369350195
Latency: 1.812986351083964
Latency: 1.8167558510322124
Latency: 1.8041584379971027
Latency: 1.7828874008264393
Latency: 1.8256427999585867
Latency: 1.790334776043892
Latency: 1.803971152054146
Latency: 1.8206644807942212
Latency: 1.8322972578462213
Latency: 1.8197625449392945
Latency: 1.792574576800689
Latency: 1.8392111749853939
Latency: 1.8490553030278534
Latency: 1.8153638190124184
Latency: 1.819874821929261
Latency: 1.825958251953125
Latency: 1.8262143379542977
Latency: 1.8329680720344186
Latency: 1.8142528040334582
Latency: 1.8105392039287835
Latency: 1.8177010179497302
Latency: 1.8375954520888627
Latency: 1.8590015720110387
Latency: 1.8462644380051643
Latency: 2.042263573035598
Latency: 2.0247543540317565
Latency: 2.0332348400261253
Latency: 2.0335303370375186
Latency: 2.0184313550125808
Latency: 2.0216148030012846
Latency: 2.0486952459905297
Latency: 2.046920944005251
Latency: 2.0287029962055385
Latency: 2.048790772911161
Latency: 2.065863168099895
Latency: 2.0583935549948364
Latency: 2.044888059142977
Latency: 2.0420784519519657
Latency: 2.052181453909725
Latency: 2.0455745060462505
Latency: 2.05223316187039
Latency: 2.076249319128692
Latency: 2.055081422906369
Latency: 2.038129277061671
Latency: 2.063022849848494
Latency: 2.0902928879950196
Latency: 2.060405047144741
Latency: 2.0461633731611073
Latency: 2.090610089013353
Latency: 2.0476083720568568
Latency: 2.085303377825767
Latency: 2.081723729846999
Latency: 2.088623889023438
Latency: 2.1138327838853
Latency: 2.082269548205659
Latency: 2.0991636731196195
Latency: 2.034954127157107
Latency: 2.0344337129499763
Latency: 2.0818532470148057
Latency: 2.1226182859390974
Latency: 2.0763419361319393
Latency: 2.086790657835081
Latency: 2.0990927240345627
Latency: 2.086758531164378
Latency: 2.0929940708447248
Latency: 2.097521045943722
Latency: 2.0456462469883263
Latency: 2.088126772781834
Latency: 2.122593800071627
Latency: 2.1004992418456823
Latency: 2.1345579551998526
Latency: 2.1399699219036847
Latency: 2.1145943829324096
Latency: 2.1425087810494006
Latency: 2.1229405638296157
Latency: 2.0680167078971863
Latency: 2.1142068619374186
Latency: 2.13360970816575
Latency: 2.1486549279652536
Latency: 2.1090213030111045
Latency: 2.1361699460539967
Latency: 2.1529729401227087
Latency: 2.1100531560368836
Latency: 2.1494652240071446
Latency: 2.1538958670571446
Latency: 2.0919476291164756
Latency: 2.1227920851670206
Latency: 2.1637905430980027
Latency: 2.136562175815925
Latency: 2.1044320620130748
Latency: 2.1697529470548034
Latency: 2.173617898952216
Latency: 2.151888230117038
Latency: 2.163760795025155
Latency: 2.144727881066501
Latency: 2.1801567610818893
Latency: 2.1459730491042137
Latency: 2.1549255829304457
Latency: 2.1136535350233316
Latency: 2.181117410073057
Latency: 2.15609676996246
Latency: 2.1559175490401685
Latency: 2.1810287619009614
Latency: 2.1220879808533937
Latency: 2.1299779668916017
Latency: 2.1837189169600606
Latency: 2.197162206051871
Latency: 2.2081355340778828
Latency: 2.1410963060334325
Latency: 2.198017584858462
Latency: 2.1329043419100344
Latency: 2.136622682912275
Latency: 2.1843725158832967
Latency: 2.2299092328175902
Latency: 2.152760938042775
Latency: 2.2022342290729284
Latency: 2.1514463811181486
Latency: 2.200489316135645
Latency: 2.2204906418919563
Latency: 2.213184248888865
Latency: 2.2072482388466597
Latency: 2.196053621126339
Latency: 2.155160596128553
Latency: 2.1635211720131338
Latency: 2.2448221121449023
Latency: 2.238135996973142
Latency: 2.206558382837102
Latency: 2.1778646397870034
Latency: 2.218150222906843
Latency: 2.176775990985334
Latency: 2.2221633340232074
Latency: 2.2245657390449196
Latency: 2.2025588809046894
Latency: 2.230401898967102
Latency: 2.2315295811276883
Latency: 2.287146715912968
Latency: 2.232542668003589
Latency: 2.206328817876056
Latency: 2.2428494410123676
Latency: 2.242287031840533
Latency: 2.219506257912144
Latency: 2.262396703939885
Latency: 2.2195844990201294
Latency: 2.279033767990768
Latency: 2.293701582122594
Latency: 2.283520767930895
Latency: 2.260709206108004
Latency: 2.3144339518621564
Latency: 2.276999134803191
Latency: 2.3092117649503052
Latency: 2.255783210042864
Latency: 2.258854826912284
Latency: 2.4041128400713205
Latency: 2.3777894049417228
Latency: 2.4092518899124116
Latency: 2.3681151689961553
Latency: 2.4048738051205873
Latency: 2.3658811680506915
Latency: 2.3638408510014415
Latency: 2.43865087791346
Latency: 2.4440704020671546
Latency: 2.4092919731047004
Latency: 2.392587214941159
Latency: 2.398260866990313
Latency: 2.466570999007672
Latency: 2.402648887131363
Latency: 2.4235773410182446
Latency: 2.4579968471080065
Latency: 2.415984535124153
Latency: 2.44227033900097
Latency: 2.480967557989061
Latency: 2.508409176953137
Latency: 2.458086472004652
Latency: 2.5210173530504107
Latency: 2.4519803379662335
Latency: 2.706874452996999
Latency: 2.7643033121712506
Latency: 2.755638880888
Latency: 2.7560091509949416
Latency: 2.749316703993827
Latency: 2.836463537067175
Latency: 2.775252256076783
Latency: 2.790275881998241
Latency: 2.771176892099902
Latency: 2.75693814503029
Latency: 2.7849919761065394
Latency: 2.7649752649012953
Latency: 2.761579310055822
Latency: 2.774460184155032
Latency: 2.7694129371084273
Latency: 2.7687915328424424
Latency: 2.8067066471558064
Latency: 2.8140931339003146
Latency: 2.781595438020304
Latency: 2.784981588134542
Latency: 2.793070106068626
Latency: 2.784275596961379
Latency: 2.794737922027707
Latency: 2.8260006720665842
Latency: 2.802367583848536
Latency: 2.809944328153506
Latency: 2.795576415024698
Latency: 2.8043988631106913
Latency: 2.8042576720472425
Latency: 2.809865718940273
Latency: 2.8389482421334833
Latency: 2.807491325074807
Latency: 2.8440720511134714
Latency: 2.844915885012597
Latency: 2.839772329898551
Latency: 2.892669822089374
Latency: 2.903494194848463
Latency: 2.868079676060006
Latency: 3.115967307938263
Latency: 3.1246219899039716
Latency: 3.0900924638845026
Latency: 3.112518922891468
Latency: 3.109216536162421
Latency: 3.1155733119230717
Latency: 3.1230959510430694
Latency: 3.1035221910569817
Latency: 3.127166567137465
Latency: 3.116873163031414
Latency: 3.112350865965709
Latency: 3.111551968147978
Latency: 3.1203211250249296
Latency: 3.1224844709504396
Latency: 3.1363830529153347
Latency: 3.142074665054679
Latency: 3.1399676320143044
Latency: 3.1331625839229673
Latency: 3.1332713910378516
Latency: 3.153399934992194
Latency: 3.139143244829029
Latency: 3.135596939129755
Latency: 3.149158343905583
Latency: 3.13324009696953
Latency: 3.1542112389579415
Latency: 3.134728535078466
Latency: 3.142508482094854
Latency: 3.1523954099975526
Latency: 3.134911776985973
Latency: 3.1636052450630814
Latency: 3.1409957939758897
Latency: 3.1568094240501523
Latency: 3.1485344308894128
Latency: 3.1680771401152015
Latency: 3.2219908921979368
Latency: 3.2155376779846847
Latency: 3.19963859510608
Latency: 3.231824452057481
Latency: 3.2003768070135266
Latency: 3.211680115200579
Latency: 3.2048945298884064
Latency: 3.2377576630096883
Latency: 3.2257181310560554
Latency: 3.2350859898142517
Latency: 3.2277026099618524
Latency: 3.205212642904371
Latency: 3.230095315957442
Latency: 3.2329230569303036
Latency: 3.2345920419320464
Latency: 3.2120051300153136
Latency: 3.2520247199572623
Latency: 3.24386472417973
Latency: 3.2488509779796004
Latency: 3.2405725109856576
Latency: 3.22718892688863
Latency: 3.2433914239518344
Latency: 3.2415842430200428
Latency: 3.2422181211877614
Latency: 3.2616881020367146
Latency: 3.36565629998222
Latency: 3.2611231869086623
Latency: 3.377957505173981
Latency: 3.3738228948786855
Latency: 3.3616322190500796
Latency: 3.351228123065084
Latency: 3.359667770098895
Latency: 3.3855753228999674
Latency: 3.381134627154097
Latency: 3.397904525976628
Latency: 3.3932234768290073
Latency: 3.3928562339860946
Latency: 3.4000690339598805
Latency: 3.409496277105063
Latency: 3.4109578838106245
Latency: 3.410047223092988
Latency: 3.370208885986358
Latency: 3.4082197309471667
Latency: 3.405914138071239
Latency: 3.392427058890462
Latency: 3.3818954559974372
Latency: 3.4248266690410674
Latency: 3.4281609139870852
Latency: 3.4210457778535783
Latency: 3.412054107990116
Latency: 3.4024570409674197
Latency: 3.3941104609984905
Latency: 3.401256002020091
Latency: 3.3887962959706783
Latency: 3.3969908710569143
Latency: 3.4221833869814873
Latency: 3.397775712888688
Latency: 3.4013775230851024
Latency: 3.4142101481556892
Latency: 3.4229719978757203
Latency: 3.416835702955723
Latency: 3.427113679004833
Latency: 3.4320505789946765
Latency: 3.4051791799720377
Latency: 3.4126866930164397
Latency: 3.4338468320202082
Latency: 3.4237276969943196
Latency: 3.4466450370382518
Latency: 3.4286361699923873
Latency: 3.4320210160221905
Latency: 3.434839550871402
Latency: 3.4399367570877075
Latency: 3.4641585261560977
Latency: 3.475145072909072
Latency: 3.4462815718725324
Latency: 3.429898033151403
Latency: 3.446187731809914
Latency: 3.455045144073665
Latency: 3.4726896421052516
Latency: 3.4434460441116244
Latency: 3.4581683001015335
Latency: 3.439479134976864
Latency: 3.48912793607451
Latency: 3.471896504983306
Latency: 3.468665461987257
Latency: 3.455141792073846
Latency: 3.4666012970265
Latency: 3.4706265821587294
Latency: 3.470123019069433
Latency: 3.478453705087304
Latency: 3.385233517969027
Latency: 3.4664587469305843
Latency: 3.4807785120792687
Latency: 3.4793196259997785
Latency: 3.4990291099529713
Latency: 3.4872659291140735
Latency: 3.4784081031102687
Latency: 3.4813369680196047
Latency: 3.50585035700351
Latency: 3.4795099939219654
Latency: 3.4898581400047988
Latency: 3.4070603551808745
Latency: 3.46631180588156
Latency: 3.5600848959293216
Latency: 3.4691785420291126
Latency: 3.551739576039836
Latency: 3.585605006897822
Latency: 3.474979856982827
Latency: 3.587879838887602
Latency: 3.474398005986586
Latency: 3.4833059429656714
Latency: 3.561659484868869
Latency: 3.596232750918716
Latency: 3.488865897990763
Latency: 3.595958777004853
Latency: 3.493052716134116
Latency: 3.595605588052422
Latency: 3.4991261770483106
Latency: 3.5981505289673805
Latency: 3.603660261956975
Latency: 3.6131975101307034
Latency: 3.620749396039173
Latency: 3.625933507923037
Latency: 3.6214813718106598
Latency: 3.6123315058648586
Latency: 3.5135885688941926
Latency: 3.613752098986879
Latency: 3.6305894560646266
Latency: 3.6325472749304026
Latency: 3.708645165897906
Latency: 3.712410951964557
Latency: 3.707465031184256
Latency: 3.694410506868735
Latency: 3.705085878027603
Latency: 3.7075421679764986
Latency: 3.674071572953835
Latency: 3.711361243855208
Latency: 3.7160024479962885
Latency: 3.7282964100595564
Latency: 3.7124234579969198
Latency: 3.714055997086689
Latency: 3.700023852987215
Latency: 3.714345698012039
Latency: 3.702562263002619
Latency: 3.715747253037989
Latency: 3.7161223660223186
Latency: 3.743771106004715
Latency: 3.7257548607885838
Latency: 3.7358829211443663
Latency: 3.7276142018381506
Latency: 3.7387120639905334
Latency: 3.7884333580732346
Latency: 3.778802932938561
Latency: 3.7800339788664132
Latency: 3.792612890014425
Latency: 3.776880237972364
Latency: 3.7635267430450767
Latency: 3.7486950850579888
Latency: 3.765222300076857
Latency: 3.7847516539040953
Latency: 3.756455041002482
Latency: 3.7881728489883244
Latency: 3.7963663961272687
Latency: 3.7794147131498903
Latency: 3.8023846689611673
Latency: 3.79216385493055
Latency: 3.8142678800504655
Latency: 3.8072131199296564
Latency: 3.8026945809833705
Latency: 3.812665998004377
Latency: 3.816658550873399
Latency: 3.7981976689770818
Latency: 3.805219504982233
Latency: 3.825610948028043
Latency: 3.7928757129702717
Latency: 3.822218065848574
Latency: 3.788146359845996
Latency: 3.807123498059809
Latency: 3.83313528704457
Latency: 3.7938680280931294
Latency: 3.8195587100926787
Latency: 3.821281008888036
Latency: 3.837495192885399
Latency: 3.824864429887384
Latency: 3.8311035609804094
Latency: 3.810316154966131
Latency: 3.8197122488636523
Latency: 3.82285890285857
Latency: 3.8014349630102515
Latency: 3.8102119150571525
Latency: 4.654613560065627
Latency: 4.662260281853378
Latency: 4.665693582966924
Latency: 4.657113927882165
Latency: 4.675590825965628
Latency: 4.665461763041094
Latency: 4.6707090369891375
Latency: 4.6701592188328505
Latency: 4.671177707845345
Latency: 4.6821408870164305
Latency: 4.662597689079121
Latency: 4.674113782122731
Latency: 4.688071189913899
Latency: 4.6971786031499505
Latency: 4.692936648149043
Latency: 4.679821887053549
Latency: 4.711520452052355
Latency: 4.692129202885553
Latency: 4.697204079013318
Latency: 4.71594220912084
Latency: 4.705589906079695
Latency: 4.721918390830979
Latency: 4.701212530955672
Latency: 4.728036154061556
Latency: 4.727373646805063
Latency: 4.734616300091147
Latency: 4.750273113138974
Latency: 2.4415016639977694
Latency: 2.4495188700966537
Latency: 2.454278673045337
Latency: 2.456913914065808
Latency: 2.460005148081109
Latency: 2.4641685790847987
Latency: 2.471953656990081
Latency: 2.472993378061801
Latency: 2.47547470103018
Latency: 2.475287238834426
Latency: 2.4773276690393686
Latency: 2.477799940854311
Latency: 2.4890620480291545
Latency: 2.4954094039276242
Latency: 2.493293161969632
Latency: 5.066893510054797
Latency: 2.7681824939791113
Latency: 2.806949171004817
Latency: 2.7572076809592545
Latency: 2.8896702770143747
Latency: 2.866750185145065
Latency: 2.8745806550141424
Latency: 2.8417889701668173
Latency: 2.8436972468625754
Latency: 2.872548481915146
Latency: 2.864647932117805
Latency: 2.8950926400721073
Latency: 2.8642416140064597
Latency: 2.8703341830987483
Latency: 2.8728424080181867
Latency: 2.8892361000180244
Latency: 2.875707490835339
Latency: 2.90627863118425
Latency: 2.8645527129992843
Latency: 2.922616912983358
Latency: 2.9168534001801163
Latency: 2.885720478137955
Latency: 2.9047092120163143
Latency: 2.905495156068355
Latency: 2.886965585872531
Latency: 2.905234974110499
Latency: 2.9246277648489922
Latency: 2.938936253078282
Latency: 2.9206160651519895
Latency: 2.8986702649854124
Latency: 2.904221403878182
Latency: 2.9242618149146438
Latency: 2.902768016094342
Latency: 2.9481601449660957
Latency: 2.965789149980992
Latency: 2.9105309708975255
Latency: 2.9311000830493867
Latency: 2.95060065202415
Latency: 2.9381937510333955
Latency: 2.916306457016617
Latency: 2.926514687947929
Latency: 2.941996063105762
Latency: 2.929174513090402
Latency: 2.9418216219637543
Latency: 2.9091174020431936
Latency: 2.9538790758233517
Latency: 2.980464316904545
Latency: 2.9523681660648435
Latency: 2.9605749920010567
Latency: 2.903370890999213
Latency: 2.979566039983183
Latency: 3.000317086931318
Latency: 2.9932135408744216
Latency: 2.9525388651527464
Latency: 2.8683177321217954
Latency: 2.984417566098273
Latency: 2.988712918944657
Latency: 2.9768174800556153
Latency: 2.8569323730189353
Latency: 2.878900915151462
Latency: 2.9859995800070465
Latency: 2.8760044700466096
Latency: 3.0151873908471316
Latency: 2.879756467184052
Latency: 2.883006993914023
Latency: 2.890360049903393
Latency: 3.01764067588374
Latency: 3.027653614990413
Latency: 2.881224426906556
Latency: 2.891638637986034
Latency: 2.9003663330804557
Latency: 2.9064277289435267
Latency: 2.9102058140560985
Latency: 2.943585546920076
Latency: 3.060836700955406
Latency: 3.0461806741077453
Latency: 2.6389638730324805
Latency: 2.7549424620810896
Latency: 3.0608212798833847
Latency: 3.055613972945139
Latency: 3.0594352539628744
Latency: 3.0843690319452435
Latency: 2.6741943480446935
Latency: 3.0594790000468493
Latency: 3.0796314619947225
Latency: 2.683632276020944
Latency: 3.08507346897386
Latency: 2.6857976189348847
Latency: 3.106048532994464
Latency: 3.0895086948294193
Latency: 2.6624012431129813
Latency: 2.6808924328070134
Latency: 2.6701666680164635
Latency: 2.6751088069286197
Latency: 3.106307853013277
Latency: 3.104075442068279
Latency: 3.1240932480432093
Latency: 2.6771401651203632
Latency: 2.697982905898243
Latency: 3.113844311097637
Latency: 3.123719569062814
Latency: 2.7102823911700398
Latency: 2.7016851878724992
Latency: 2.6924698578659445
Latency: 2.717929305974394
Latency: 2.7089997169096023
Latency: 2.693297273013741
Latency: 2.7155214860104024
Latency: 2.726738303899765
Latency: 2.835697733098641
Latency: 3.2658059510868043
Latency: 3.268264848040417
Latency: 3.2855381020344794
Latency: 2.8417548739816993
Latency: 2.8757392480038106
Latency: 3.289779420942068
Latency: 2.8764312909916043
Latency: 3.275267160963267
Latency: 3.2756323679350317
Latency: 3.283159305108711
Latency: 2.5764472410082817
Latency: 2.6028185631148517
Latency: 2.5905501160304993
Latency: 2.5990948050748557
Latency: 2.580763243837282
Latency: 2.248140007024631
Latency: 2.5840113959275186
Latency: 2.5808604899793863
Latency: 2.5836822241544724
Latency: 2.589679033961147
Latency: 2.582911978010088
Latency: 2.5761636930983514
Latency: 2.5839246620889753
Latency: 2.5885946550406516
Latency: 2.587720941985026
Latency: 2.216116472845897
Latency: 2.5794764950405806
Latency: 2.589168712031096
Latency: 2.5838034169282764
Latency: 2.5998698649927974
Latency: 2.2549152760766447
Latency: 2.586464168969542
Latency: 2.5966505899559706
Latency: 2.5941874189302325
Latency: 2.749376663006842
Latency: 2.2219820879399776
Latency: 2.2726677821483463
Latency: 2.628445906098932
Latency: 2.6239951220341027
Latency: 2.620333429891616
Latency: 2.27649144991301
Latency: 2.6117720392066985
Latency: 2.621662833960727
Latency: 2.6300178240053356
Latency: 2.626637708162889
Latency: 2.2445078850723803
Latency: 2.2536421050317585
Latency: 2.270937043009326
Latency: 2.6268982070032507
Latency: 2.6277852789498866
Latency: 2.6357299911323935
Latency: 2.300995283992961
Latency: 2.2525363131426275
Latency: 2.634792292956263
Latency: 2.2632124689407647
Latency: 2.2980500489939004
Latency: 2.2760686790570617
Latency: 2.6515656921546906
Latency: 2.3133179789874703
Latency: 2.28363604308106
Latency: 2.3150322469882667
Latency: 2.283605764154345
Latency: 2.270985262002796
Latency: 2.6545512231532484
Latency: 2.323299061972648
Latency: 2.325558399083093
Latency: 2.6719555559102446
Latency: 2.3086845849175006
Latency: 2.2650759799871594
Latency: 2.3366574838291854
Latency: 2.301514435792342
Latency: 2.2906285680364817
Latency: 2.6752451898064464
Latency: 2.345049669034779
Latency: 2.2854979769326746
Latency: 2.303981766104698
Latency: 2.2920735771767795
Latency: 2.2974558058194816
Latency: 2.2792559841182083
Latency: 2.2838698329869658
Latency: 2.3031669510528445
Latency: 2.2956960250157863
Latency: 2.3439463768154383
Latency: 2.297708836151287
Latency: 2.3098498720210046
Latency: 2.330859367037192
Latency: 2.3100463380105793
Latency: 2.3174612501170486
Latency: 2.330629270989448
Latency: 2.6951773159671575
Latency: 2.370652026962489
Latency: 2.3329828560817987
Latency: 2.3464986679609865
Latency: 2.3271113210357726
Latency: 2.336986545007676
Latency: 2.324856006074697
Latency: 2.3349081289488822
Latency: 2.3623758947942406
Latency: 2.3575408598408103
Latency: 2.3410820260178298
Latency: 2.3353120321407914
Latency: 2.345692904898897
Latency: 2.3492772351019084
Latency: 2.3442464619874954
Latency: 2.348669172031805
Latency: 2.359638317953795
Latency: 2.3621024168096483
Latency: 2.362965642940253
Latency: 2.347788251005113
Latency: 2.3635425290558487
Latency: 2.3720036959275603
Latency: 2.355367911979556
Latency: 2.3697005910798907
Latency: 4.054367600008845
Latency: 4.061249288963154
Latency: 4.061337230959907
Latency: 4.08862070995383
Latency: 4.068538132123649
Latency: 4.069065799936652
Latency: 4.064457210013643
Latency: 4.0758216010872275
Latency: 4.071626835968345
Latency: 4.105902879033238
Latency: 4.08309683506377
Latency: 4.084238386014476
Latency: 4.082194458926097
Latency: 4.088342105969787
Latency: 4.118208727799356
Latency: 4.119234279030934
Latency: 4.118984216824174
Latency: 4.096218711929396
Latency: 4.121418232098222
Latency: 4.093849247088656
Latency: 4.070022627944127
Latency: 4.1267588038463145
Latency: 4.10109783988446
Latency: 4.111903709825128
Latency: 4.117714419029653
Latency: 4.087029288057238
Latency: 4.090772081864998
Latency: 4.143375460058451
Latency: 4.148346203844994
Latency: 4.119597672950476
Latency: 4.116126556880772
Latency: 4.153425688156858
Latency: 4.120197433046997
Latency: 4.128938378067687
Latency: 4.130985346855596
Latency: 4.141799454111606
Latency: 4.13024663599208
Latency: 4.133632480865344
Latency: 4.1435160029213876
Latency: 4.142580498941243
Latency: 4.170042071957141
Latency: 4.11379071418196
Latency: 4.11334827193059
Latency: 4.12353557208553
Latency: 4.15431063901633
Latency: 4.120451589813456
Latency: 4.160002939868718
Latency: 4.134997943183407
Latency: 4.166107292054221
Latency: 4.18516554008238
Latency: 4.125405115075409
Latency: 4.186472214991227
Latency: 4.142740960000083
Latency: 4.166199421975762
Latency: 4.175797289004549
Latency: 4.143834367860109
Latency: 4.14355123299174
Latency: 4.165109202032909
Latency: 4.140340118901804
Latency: 4.1455988539382815
Latency: 4.150793365202844
Latency: 4.179498424055055
Latency: 4.179034916916862
Latency: 4.197671807836741
Latency: 4.159001892898232
Latency: 4.159268005052581
Latency: 4.189998270012438
Latency: 4.219674301100895
Latency: 4.201250136131421
Latency: 4.225014319876209
Latency: 4.217233896953985
Latency: 4.255820852937177
Latency: 4.236130892997608
Latency: 4.241177228977904
Latency: 4.236685186158866
Latency: 4.2647760370746255
Latency: 4.247206642059609
Latency: 4.250236595980823
Latency: 2.9535962780937552
Latency: 4.2687039310112596
Latency: 4.252261405112222
Latency: 4.256124929059297
Latency: 2.942931975936517
Latency: 4.274421056034043
Latency: 2.9488466067705303
Latency: 4.272122527938336
Latency: 4.2877932011615485
Latency: 2.9687455859966576
Latency: 2.96320469584316
Latency: 2.961743652820587
Latency: 2.9722184350248426
Latency: 4.297207565978169
Latency: 2.9766844660043716
Latency: 2.9674297869205475
Latency: 4.301667744060978
Latency: 2.981314003933221
Latency: 2.9846519380807877
Latency: 2.9731410490348935
Latency: 2.9723235280252993
Latency: 4.319087370065972
Latency: 4.313879239140078
Latency: 2.9973034400027245
Latency: 2.996612566988915
Latency: 3.00059336097911
Latency: 2.993878569919616
Latency: 3.0045834521297365
Latency: 2.9986353600397706
Latency: 3.0145324980840087
Latency: 3.0226012151688337
Latency: 3.0106842420063913
Latency: 3.012764238053933
Latency: 2.5549800579901785
Latency: 3.0329020330682397
Latency: 3.006204509874806
Latency: 3.0222892730962485
Latency: 3.0097873129416257
Latency: 2.558349699014798
Latency: 3.0266027578618377
Latency: 3.0178000640589744
Latency: 2.559960066108033
Latency: 2.576486664125696
Latency: 3.022243439918384
Latency: 3.0331146670505404
Latency: 2.5721409330144525
Latency: 3.030661502154544
Latency: 2.5844517829827964
Latency: 2.595562045928091
Latency: 3.040002874098718
Latency: 2.585205638082698
Latency: 2.591059465892613
Latency: 3.0576554550789297
Latency: 2.5752590449992567
Latency: 2.596991968108341
Latency: 2.607042026007548
Latency: 3.070226665120572
Latency: 3.0600328100845218
Latency: 2.5971586119849235
Latency: 2.6040443079546094
Latency: 3.0674910289235413
Latency: 2.613763286964968
Latency: 2.5955215638969094
Latency: 2.6214153170585632
Latency: 2.6275334479287267
Latency: 2.644256240921095
Latency: 2.61322078993544
Latency: 2.625224488088861
Latency: 2.6502441628836095
Latency: 3.080157812917605
Latency: 2.622254103887826
Latency: 2.6428312158677727
Latency: 2.639608375960961
Latency: 2.6433566210325807
Latency: 3.088540865108371
Latency: 2.635360633954406
Latency: 2.640418359078467
Latency: 2.6734571969136596
Latency: 2.636368592036888
Latency: 2.645388255128637
Latency: 2.6446523619815707
Latency: 2.672150627942756
Latency: 2.663095708936453
Latency: 2.6864308279473335
Latency: 2.6794351299759
Latency: 2.688855087151751
Latency: 2.6652926879469305
Latency: 2.66782527603209
Latency: 2.6553069001529366
Latency: 2.6797748510725796
Latency: 2.6806222638115287
Latency: 2.6931491170544177
Latency: 2.6865915041416883
Latency: 2.698581541189924
Latency: 2.6968235759995878
Latency: 2.688058708095923
Latency: 2.691909129032865
Latency: 2.6731162250507623
Latency: 2.6953075940255076
Latency: 2.675089051015675
Latency: 2.723178347107023
Latency: 2.7015852800104767
Latency: 2.676827860996127
Latency: 2.717421506997198
Latency: 2.7094620319548994
Latency: 2.71612859913148
Latency: 2.72099696402438
Latency: 2.712600697996095
Latency: 2.7138385709840804
Latency: 2.7315919469110668
Latency: 2.720859397901222
Latency: 2.7260883590206504
Latency: 2.7424885851796716
Latency: 2.6960675101727247
Latency: 2.6966547910124063
Latency: 2.7354450018610805
Latency: 2.740376855013892
Latency: 3.370206112973392
Latency: 3.866401975043118
Latency: 3.876522534992546
Latency: 3.867513227974996
Latency: 3.8701086551882327
Latency: 3.8772810611408204
Latency: 3.892500578891486
Latency: 3.889294203137979
Latency: 3.913524921052158
Latency: 3.898563320050016
Latency: 3.912407630123198
Latency: 2.813365811947733
Latency: 3.9125730069354177
Latency: 3.9028708150144666
Latency: 3.914113303879276
Latency: 3.9142876770347357
Latency: 3.9160577461589128
Latency: 2.821418706094846
Latency: 3.9250385998748243
Latency: 3.932284523965791
Latency: 3.84329395997338
Latency: 3.9349860320799053
Latency: 3.8521399428136647
Latency: 3.9402900671120733
Latency: 3.9507394761312753
Latency: 3.9529162908438593
Latency: 3.8553885219153017
Latency: 3.96027953713201
Latency: 2.8441502519417554
Latency: 3.865015134913847
Latency: 3.9705671281553805
Latency: 3.8695801510475576
Latency: 2.8367241558153182
Latency: 3.8695527410600334
Latency: 3.9619262490887195
Latency: 3.97904567909427
Latency: 3.9662132100202143
Latency: 3.9643476030323654
Latency: 3.9680912289768457
Latency: 3.986771288095042
Latency: 2.8678344839718193
Latency: 3.89664535690099
Latency: 2.8840760281309485
Latency: 3.9881106819957495
Latency: 3.9829957007896155
Latency: 3.9982507689855993
Latency: 2.890479886904359
Latency: 3.900249310070649
Latency: 2.8734266720712185
Latency: 2.8750423269812018
Latency: 3.916222367202863
Latency: 3.9962138461414725
Latency: 2.9188047419302166
Latency: 4.009242891101167
Latency: 2.890100352000445
Latency: 2.916968828998506
Latency: 2.9165284640621394
Latency: 3.9296191551256925
Latency: 3.9361036270856857
Latency: 3.929995815968141
Latency: 2.905105937970802
Latency: 3.940272046951577
Latency: 2.909695681883022
Latency: 3.9354036641307175
Latency: 2.9243426281027496
Latency: 2.9256218811497092
Latency: 3.967790314927697
Latency: 2.9424059779848903
Latency: 2.9334905289579183
Latency: 2.9335798469837755
Latency: 3.9740802468732
Latency: 2.831374608911574
Latency: 2.574117580195889
Latency: 3.024723830865696
Latency: 2.91466108802706
Latency: 2.9020012409891933
Latency: 2.912739814957604
Latency: 3.2312655008863658
Latency: 3.2271130671724677
Latency: 3.2330080301035196
Latency: 3.25887453998439
Latency: 3.239100147038698
Latency: 3.2718978109769523
Latency: 3.2426095551345497
Latency: 3.2498793450649828
Latency: 3.2445274428464472
Latency: 3.277275250060484
Latency: 3.456150562968105
Latency: 3.4590994459576905
Latency: 3.498066967120394
Latency: 3.486022006953135
Latency: 4.528652613982558
Latency: 3.493961205938831
Latency: 3.396292655961588
Latency: 3.525961037958041
Latency: 2.746739382855594
Latency: 2.7288829588796943
Latency: 2.736037119058892
Latency: 2.760931977070868
Latency: 2.759785696864128
Latency: 3.078695819946006
Latency: 3.046411521965638
Latency: 3.0468159921001643
Latency: 3.08151534688659
Latency: 3.0545531339012086
Latency: 3.060478672850877
Latency: 3.0651962771080434
Latency: 3.105261060874909
Latency: 3.110402876045555
Latency: 3.062030903995037
Latency: 3.0675030320417136
Latency: 3.1219406209420413
Latency: 3.076839866815135
Latency: 3.0712145939469337
Latency: 3.0897650939878076
Latency: 3.117686179932207
Latency: 3.1018186560831964
Latency: 3.1142411869950593
Latency: 3.0881601988803595
Latency: 3.0909294500015676
Latency: 3.126456403871998
Latency: 3.1053176280111074
Latency: 2.8724567668978125
Latency: 2.8799649889115244
Latency: 2.8739743060432374
Latency: 2.862068184884265
Latency: 3.0620313661638647
Latency: 2.874633304774761
Latency: 3.059999878052622
Latency: 3.04749917704612
Latency: 3.0626203960273415
Latency: 2.8836568819824606
Latency: 2.8856259370222688
Latency: 3.0668394041713327
Latency: 3.046861908165738
Latency: 3.047398264054209
Latency: 3.0655484159942716
Latency: 2.891276827082038
Latency: 2.8825656310655177
Latency: 2.8950708769261837
Latency: 3.060747805982828
Latency: 2.8867827670183033
Latency: 3.0848770840093493
Latency: 3.082684873836115
Latency: 3.312236709985882
Latency: 3.3303082771599293
Latency: 3.2840592241846025
Latency: 3.3005748230498284
Latency: 3.3065364230424166
Latency: 3.3162013590335846
Latency: 3.312187002040446
Latency: 3.324362866114825
Latency: 3.349890951998532
Latency: 3.367434384068474
Latency: 3.3524389050435275
Latency: 3.353193588089198
Latency: 3.368472292786464
Latency: 2.4487012249883264
Latency: 3.0679411101154983
Latency: 3.448248241096735
Latency: 2.4806615121196955
Latency: 2.4760834290646017
Latency: 2.4806091201025993
Latency: 2.5205811709165573
Latency: 3.4887156300246716
Latency: 3.47107433504425
Latency: 3.0080522790085524
Latency: 2.553788905031979
Latency: 3.1372983308974653
Latency: 3.01642306917347
Latency: 3.3433463859837502
Latency: 3.0045333160087466
Latency: 3.0090429501142353
Latency: 2.9922877938952297
Latency: 2.5599301031325012
Latency: 3.0119398729875684
Latency: 3.1591778427828103
Latency: 3.1574643200729042
Latency: 3.0215120839420706
Latency: 2.588549962034449
Latency: 3.0423404509201646
Latency: 2.633663637097925
Latency: 3.59927328908816
Latency: 2.6598958671092987
Latency: 3.2432774661574513
Latency: 3.2491485439240932
Latency: 2.6689785728231072
Latency: 3.1271162619814277
Latency: 2.671230908948928
Latency: 3.1240940738935024
Latency: 3.647515660850331
Latency: 2.6739703400526196
Latency: 2.6636492321267724
Latency: 2.679553902009502
Latency: 2.6706478158012033
Latency: 3.1083212790545076
Latency: 2.668619529111311
Latency: 3.1321689640171826
Latency: 2.682058834005147
Latency: 3.272826408036053
Latency: 3.1184865159448236
Latency: 2.6771988479886204
Latency: 2.6867101821117103
Latency: 3.1326419129036367
Latency: 3.1386565801221877
Latency: 3.294491169974208
Latency: 3.298557704081759
Latency: 2.7039280419703573
Latency: 2.9917096358258277
Latency: 3.0258515821769834
Latency: 3.030674980022013
Latency: 2.8654031238984317
Latency: 3.0351815910544246
Latency: 3.033098323037848
Latency: 3.0397723491769284
Latency: 3.034580295905471
Latency: 3.0458895270712674
Latency: 3.0459658971522003
Latency: 2.8700745101086795
Latency: 3.165307043818757
Latency: 2.9731856021098793
Latency: 2.960350267123431
Latency: 2.981102721998468
Latency: 2.9866442098282278
Latency: 2.9819014410022646
Latency: 2.998265160014853
Latency: 2.9837345748674124
Latency: 3.156260424060747
Latency: 3.1571810240857303
Latency: 2.9549387160222977
Latency: 2.999595050001517
Latency: 2.9987746740225703
Latency: 2.9898875469807535
Latency: 2.957441399106756
Latency: 3.1646108948625624
Latency: 2.9767143740318716
Latency: 2.995719688013196
Latency: 2.979236006969586
Latency: 2.9987063680309802
Latency: 3.0119530451484025
Latency: 2.981910311151296
Latency: 3.17729435604997
Latency: 3.1833664199803025
Latency: 3.000609794864431
Latency: 2.982394872000441
Latency: 2.9140649910550565
Latency: 2.987830728990957
Latency: 2.904705559834838
Latency: 3.0140215281862766
Latency: 3.0209408269729465
Latency: 3.004150765016675
Latency: 3.034884564112872
Latency: 3.010193435009569
Latency: 2.927381453104317
Latency: 3.0002247558441013
Latency: 2.925946776056662
Latency: 3.014331771992147
Latency: 3.004365250002593
Latency: 3.2192023389507085
Latency: 3.034936052048579
Latency: 3.031146649038419
Latency: 3.0202476249542087
Latency: 3.2173508431296796
Latency: 3.011304495856166
Latency: 3.0128320530056953
Latency: 2.9222547030076385
Latency: 3.0399335520341992
Latency: 3.0178796369582415
Latency: 3.0637106359936297
Latency: 3.0439320688601583
Latency: 3.0401364220306277
Latency: 2.907609601970762
Latency: 3.027236723108217
Latency: 3.0562149540055543
Latency: 3.057363199070096
Latency: 2.9601982368621975
Latency: 3.028713760897517
Latency: 3.080016831867397
Latency: 3.052423484157771
Latency: 3.0495546020101756
Latency: 3.0440585440956056
Latency: 2.9582695099525154
Latency: 3.0519454178866
Latency: 3.0242052460089326
Latency: 2.980459198122844
Latency: 2.9684190980624408
Latency: 2.964016743004322
Latency: 3.05317626404576
Latency: 2.9651347880717367
Latency: 3.0646466168109328
Latency: 3.044036910869181
Latency: 2.9826645941939205
Latency: 2.995235496899113
Latency: 2.9749952000565827
Latency: 3.006842255126685
Latency: 3.548233225941658
Latency: 2.9838154178578407
Latency: 3.081461220048368
Latency: 3.0124530030880123
Latency: 3.054468740010634
Latency: 2.956022079102695
Latency: 3.5604790030047297
Latency: 3.0039891658816487
Latency: 2.92685384885408
Latency: 2.9904342340305448
Latency: 3.7365142030175775
Latency: 3.0949832471087575
Latency: 3.022718671010807
Latency: 3.741049427073449
Latency: 2.967593351844698
Latency: 3.0129527961835265
Latency: 3.008681963896379
Latency: 3.5714940959587693
Latency: 3.0142556249629706
Latency: 3.025728213135153
Latency: 3.5842042518779635
Latency: 3.582467376952991
Latency: 2.9884113292209804
Latency: 3.0186992979142815
Latency: 3.0339502948336303
Latency: 3.5972808049991727
Latency: 3.0483835199847817
Latency: 3.7626723111607134
Latency: 3.0448795328848064
Latency: 3.6049687128979713
Latency: 3.6057311550248414
Latency: 3.0019102888181806
Latency: 2.977400298928842
Latency: 2.9862858350388706
Latency: 3.613953991094604
Latency: 2.983683538157493
Latency: 3.0489608529023826
Latency: 3.0511893189977854
Latency: 3.048734787851572
Latency: 3.6199343679472804
Latency: 3.02309414697811
Latency: 2.99453146988526
Latency: 3.0469964158255607
Latency: 3.003469887888059
Latency: 3.0323492551688105
Latency: 3.049012437928468
Latency: 3.0333942889701575
Latency: 3.058299132157117
Latency: 3.109483210835606
Latency: 3.1097668560687453
Latency: 3.115132494131103
Latency: 3.258379246108234
Latency: 3.141244966071099
Latency: 3.22601923905313
Latency: 3.220524269156158
Latency: 3.1720282852184027
Latency: 3.1670111170969903
Latency: 3.216283396817744
Latency: 3.1718141159508377
Latency: 3.1430285777896643
Latency: 3.171805138932541
Latency: 3.1763442419469357
Latency: 3.1550281578674912
Latency: 3.1925904999952763
Latency: 3.1603612629696727
Latency: 3.4004943899344653
Latency: 3.399710167897865
Latency: 3.4021856361068785
Latency: 3.4327053390443325
Latency: 3.4129720660857856
Latency: 3.4167366940528154
Latency: 3.439730860060081
Latency: 3.1212371040601283
Latency: 3.469607825856656
Latency: 3.449719090014696
Latency: 3.105864749988541
Latency: 3.129644416971132
Latency: 3.450899553950876
Latency: 3.4574946318753064
Latency: 3.4523893350269645
Latency: 3.477970060892403
Latency: 3.4470366730820388
Latency: 3.1220184289850295
Latency: 3.4824825921095908
Latency: 3.4639564000535756
Latency: 3.4593987381085753
Latency: 3.4759557971265167
Latency: 3.1531232269480824
Latency: 3.4755585168022662
Latency: 3.1516745120752603
Latency: 3.1632089531049132
Latency: 3.155814759898931
Latency: 3.159461487084627
Latency: 3.484345335047692
Latency: 3.5100584991741925
Latency: 3.5005365749821067
Latency: 3.4822229461278766
Latency: 3.4997623281087726
Latency: 3.4901505410671234
Latency: 3.5051242790650576
Latency: 3.490216803038493
Latency: 3.510974827921018
Latency: 3.5065421538893133
Latency: 3.1792059259023517
Latency: 3.182069228030741
Latency: 3.5350821500178427
Latency: 3.500380857149139
Latency: 3.5075437328778207
Latency: 3.5180887018796057
Latency: 3.516361776040867
Latency: 3.5248225410468876
Latency: 3.4986474360339344
Latency: 3.1988688348792493
Latency: 3.5215481019113213
Latency: 3.1952296409290284
Latency: 3.1859804950654507
Latency: 3.2136693010106683
Latency: 3.214177103014663
Latency: 3.5361278320197016
Latency: 3.2056567559484392
Latency: 3.5249658038374037
Latency: 3.205309784039855
Latency: 3.202030982123688
Latency: 3.5499117420986295
Latency: 3.2175457931589335
Latency: 3.5134788339491934
Latency: 3.5440971720963717
Latency: 3.2293384929653257
Latency: 3.21185935405083
Latency: 3.2236632460262626
Latency: 3.537042827811092
Latency: 3.5490323018748313
Latency: 3.538265891140327
Latency: 3.580191981047392
Latency: 3.220521467970684
Latency: 3.5651775961741805
Latency: 3.2343989280052483
Latency: 3.2404114538803697
Latency: 3.575595141854137
Latency: 3.230248919920996
Latency: 3.5513194540981203
Latency: 3.2339014520402998
Latency: 3.23657453013584
Latency: 3.6047626179642975
Latency: 3.5435144521761686
Latency: 3.565323920920491
Latency: 3.2515928680077195
Latency: 3.2616891299840063
Latency: 3.604358763899654
Latency: 3.2484923331066966
Latency: 3.5569170189555734
Latency: 3.253119064029306
Latency: 3.2582809031009674
Latency: 3.2663905529771
Latency: 3.2547059040516615
Latency: 3.56430808105506
Latency: 3.5806104871444404
Latency: 3.2805191739462316
Latency: 3.587376678129658
Latency: 3.6134987419936806
Latency: 3.5856887761037797
Latency: 3.27867791778408
Latency: 3.622018154943362
Latency: 3.5783320071641356
Latency: 3.6036868588998914
Latency: 3.580101052997634
Latency: 3.2827210831455886
Latency: 3.614459466887638
Latency: 3.605508252978325
Latency: 3.6150024358648807
Latency: 3.613819910911843
Latency: 3.314071516972035
Latency: 3.6541763870045543
Latency: 3.620645670918748
Latency: 3.6281460321042687
Latency: 3.6204484330955893
Latency: 3.5994081569369882
Latency: 3.62273415713571
Latency: 3.633825127966702
Latency: 3.6716772820800543
Latency: 3.685622442048043
Latency: 3.740778133040294
Latency: 3.7539645901415497
Latency: 3.754046007990837
Latency: 3.785810970934108
Latency: 3.8352380271535367
Latency: 3.861080334056169
Latency: 4.003716754028574
Latency: 3.868298572022468
Latency: 3.8557165120728314
Latency: 3.862899305066094
Latency: 3.8675021261442453
Latency: 3.019084165105596
Latency: 3.122111573116854
Latency: 3.114378572907299
Latency: 3.1138424610253423
Latency: 3.1084652359131724
Latency: 3.108972464920953
Latency: 3.1143926680088043
Latency: 3.1217734571546316
Latency: 3.1158213200978935
Latency: 3.130773755023256
Latency: 3.135972921969369
Latency: 3.1335714620072395
Latency: 3.1353937208186835
Latency: 3.1365003711543977
Latency: 3.133099050959572
Latency: 3.1471257398370653
Latency: 3.146196475951001
Latency: 3.1412323939148337
Latency: 3.1537379769142717
Latency: 3.144292476121336
Latency: 3.1485063519794494
Latency: 3.157597115030512
Latency: 3.152686408953741
Latency: 3.1616567459423095
Latency: 3.1601886618882418
Latency: 2.8234616650734097
Latency: 2.800460594939068
Latency: 2.8106130878441036
Latency: 2.8242224969435483
Latency: 2.835144992917776
Latency: 3.225810931995511
Latency: 3.2105771750211716
Latency: 3.2404873250052333
Latency: 3.240767618175596
Latency: 3.233679470140487
Latency: 3.205254782922566
Latency: 3.245243408018723
Latency: 3.1997537270653993
Latency: 3.2125621379818767
Latency: 3.225425774930045
Latency: 3.209555893903598
Latency: 3.2016273019835353
Latency: 3.244473116006702
Latency: 3.230460434919223
Latency: 3.190488144988194
Latency: 3.2425587840843946
Latency: 3.2530425121076405
Latency: 3.268157340819016
Latency: 3.2384471010882407
Latency: 3.263677502050996
Latency: 3.2308421230409294
Latency: 3.2739182708319277
Latency: 3.2823211210779846
Latency: 3.0972386081703007
Latency: 3.1159395119175315
Latency: 3.2588775490876287
Latency: 3.2689927408937365
Latency: 3.1243903641588986
Latency: 3.2438204451464117
Latency: 3.2817558229435235
Latency: 3.2402934280689806
Latency: 3.296915933024138
Latency: 3.2601545171346515
Latency: 3.295263865031302
Latency: 3.119537363993004
Latency: 5.8901580481324345
Latency: 3.295233238954097
Latency: 3.2665770419407636
Latency: 3.2976887088734657
Latency: 3.2643811609596014
Latency: 3.2796536220703274
Latency: 3.3117428871337324
Latency: 5.916852539870888
Latency: 3.322549768956378
Latency: 3.1415364709682763
Latency: 3.2741932938806713
Latency: 3.3276503297965974
Latency: 3.146284444956109
Latency: 3.2854164079762995
Latency: 5.922683445038274
Latency: 3.324762739939615
Latency: 5.9423687108792365
Latency: 5.9325984318275005
Latency: 3.3004125030711293
Latency: 5.932024754118174
Latency: 3.346056506037712
Latency: 5.935404856922105
Latency: 5.76523758796975
Latency: 5.9417251131962985
Latency: 5.9383469629101455
Latency: 3.1856736971531063
Latency: 5.942060113884509
Latency: 3.179988807067275
Latency: 3.195393448928371
Latency: 3.3099016128107905
Latency: 5.948187495814636
Latency: 3.342146691866219
Latency: 3.183310254011303
Latency: 3.3239402738399804
Latency: 5.9676572571042925
Latency: 6.077836081851274
Latency: 2.9322958700358868
Latency: 2.9311518378090113
Latency: 2.9361200728453696
Latency: 2.9618961999658495
Latency: 2.999710079981014
Latency: 2.949305323883891
Latency: 3.0034013071563095
Latency: 2.999963997863233
Latency: 2.9859371839556843
Latency: 3.033448704984039
Latency: 3.1254203610587865
Latency: 3.1194665930233896
Latency: 3.1411458218935877
Latency: 3.134865420171991
Latency: 3.174536773003638
Latency: 3.1643158548977226
Latency: 3.156119507038966
Latency: 3.197290991898626
Latency: 3.167487593833357
Latency: 3.2161428979597986
Latency: 3.184373376891017
Latency: 3.170587446074933
Latency: 3.1861944959964603
Latency: 3.1956356950104237
Latency: 3.2064642820041627
Latency: 3.357707805931568
Latency: 3.1850318231154233
Latency: 3.254162439145148
Latency: 3.18913222104311
Latency: 3.22319573815912
Latency: 3.2092701508663595
Latency: 3.210264530032873
Latency: 3.205156152835116
Latency: 3.201540623791516
Latency: 3.2154507858213037
Latency: 3.1238106810487807
Latency: 3.130689931102097
Latency: 3.1113211098127067
Latency: 6.286252760095522
Latency: 3.125064244028181
Latency: 3.1180083858780563
Latency: 3.132065706886351
Latency: 6.292433446040377
Latency: 3.1084524178877473
Latency: 3.1155978029128164
Latency: 3.1289702360518277
Latency: 3.115414783824235
Latency: 3.128794227959588
Latency: 6.302085591014475
Latency: 6.31018106197007
Latency: 3.124472568044439
Latency: 6.316335380077362
Latency: 3.135765607934445
Latency: 3.1396524128504097
Latency: 3.1324666619766504
Latency: 3.1454045658465475
Latency: 6.3258624211885035
Latency: 3.16458183596842
Latency: 3.1552250869572163
Latency: 3.182313711149618
Latency: 6.329159089131281
Latency: 3.186511117964983
Latency: 6.333220170112327
Latency: 3.1519179278984666
Latency: 3.196102329995483
Latency: 3.161934892879799
Latency: 3.1654736949130893
Latency: 3.176583457039669
Latency: 6.353698742110282
Latency: 3.165746564976871
Latency: 6.3549551870673895
Latency: 3.186868787975982
Latency: 3.2295793630182743
Latency: 3.1828774421010166
Latency: 3.1978152508381754
Latency: 3.1836877081077546
Latency: 3.215659270994365
Latency: 3.192472228081897
Latency: 3.1962950988672674
Latency: 3.2108275210484862
Latency: 3.214147669961676
Latency: 3.2064156560227275
Latency: 3.205944012152031
Latency: 3.215666619129479
Latency: 3.2180176109541208
Latency: 6.395069100894034
Latency: 3.2109371689148247
Latency: 3.2423347600270063
Latency: 3.2134760178159922
Latency: 3.2384412849787623
Latency: 3.09476846200414
Latency: 3.112992847105488
Latency: 3.115361235802993
Latency: 3.1309033818542957
Latency: 3.120941160945222
Latency: 3.1342911540996283
Latency: 3.063421871047467
Latency: 3.1302298221271485
Latency: 3.084789504064247
Latency: 3.1569896379951388
Latency: 3.0001007539685816
Latency: 3.294547313824296
Latency: 3.0283726330380887
Latency: 3.0288837980479
Latency: 3.0306413599755615
Latency: 3.0324032821226865
Latency: 3.0283545809797943
Latency: 3.0402404950000346
Latency: 3.3135219488758594
Latency: 3.0436942710075527
Latency: 3.021753063891083
Latency: 3.3230684380978346
Latency: 3.0457553658634424
Latency: 3.031349179102108
Latency: 3.3266652289312333
Latency: 3.027629379881546
Latency: 3.060712930979207
Latency: 3.06454183999449
Latency: 3.065478984033689
Latency: 3.0436171658802778
Latency: 3.0623262480366975
Latency: 3.0727760270237923
Latency: 3.3494674891699106
Latency: 3.07502855011262
Latency: 3.07354787690565
Latency: 3.0650447581429034
Latency: 3.0748368229251355
Latency: 3.082457375014201
Latency: 2.981091138906777
Latency: 3.084210525965318
Latency: 3.111230286071077
Latency: 3.1551086590625346
Latency: 3.0416656399611384
Latency: 3.047437348868698
Latency: 3.1601112890057266
Latency: 3.047825830988586
Latency: 3.0498014418408275
Latency: 2.951823696028441
Latency: 2.9284956010524184
Latency: 2.939116614870727
Latency: 2.9614570119883865
Latency: 2.9508820180781186
Latency: 3.0826651928946376
Latency: 2.943918196950108
Latency: 2.949360549915582
Latency: 2.9535428180824965
Latency: 2.9665301088243723
Latency: 3.323904767865315
Latency: 3.325250430032611
Latency: 2.9641670810524374
Latency: 2.9619432750623673
Latency: 2.960963298100978
Latency: 2.954512592870742
Latency: 3.101492400979623
Latency: 2.979352009948343
Latency: 2.9861786488909274
Latency: 2.9931983698625118
Latency: 2.9677126968745142
Latency: 2.9835408439394087
Latency: 2.992369469953701
Latency: 2.9962732780259103
Latency: 2.9549942049197853
Latency: 2.9697615830227733
Latency: 3.0023948040325195
Latency: 2.9915713449008763
Latency: 2.9873558678664267
Latency: 2.998819359112531
Latency: 2.9937566069420427
Latency: 3.0001174949575216
Latency: 3.000974554102868
Latency: 2.9821407028939575
Latency: 2.9932601519394666
Latency: 2.977526163915172
Latency: 3.0052145069930702
Latency: 2.9935096348635852
Latency: 2.992370093939826
Latency: 3.02687761397101
Latency: 3.0066584809683263
Latency: 3.0104525110218674
Latency: 2.9783256670925766
Latency: 3.010023260023445
Latency: 3.0146357000339776
Latency: 3.0399047459941357
Latency: 3.0278546700719744
Latency: 3.033845183905214
Latency: 3.020962290931493
Latency: 3.0296481610275805
Latency: 3.019315032986924
Latency: 3.022459409898147
Latency: 3.0359455558937043
Latency: 3.029856770997867
Latency: 3.0161169429775327
Latency: 3.0443776729516685
Latency: 3.0111850490793586
Latency: 3.0227652380708605
Latency: 3.0180287528783083
Latency: 3.0374435319099575
Latency: 3.0250173218082637
Latency: 3.0559521401301026
Latency: 3.0163135689217597
Latency: 3.053961721016094
Latency: 3.0514444049913436
Latency: 3.0482979079242796
Latency: 3.0247677857987583
Latency: 3.076768897008151
Latency: 3.054715622914955
Latency: 3.0740273920819163
Latency: 3.050264158984646
Latency: 3.043902560835704
Latency: 3.069541295990348
Latency: 3.0459765610285103
Latency: 3.0736807950306684
Latency: 3.0624001850374043
Latency: 3.098152375081554
Latency: 3.0539513239637017
Latency: 3.070891331182793
Latency: 3.0593498651869595
Latency: 3.0796639148611575
Latency: 3.0983626630622894
Latency: 3.054587841965258
Latency: 3.062498847953975
Latency: 3.067657985026017
Latency: 3.154825115110725
Latency: 3.156548928003758
Latency: 3.1731054461561143
Latency: 3.1560340609867126
Latency: 3.1866077708546072
Latency: 3.169094423064962
Latency: 3.1660572590772063
Latency: 3.1565434851218015
Latency: 3.1915118561591953
Latency: 3.2100979851093143
Latency: 3.2195672111120075
Latency: 3.23058214597404
Latency: 3.2154158030170947
Latency: 3.1828831168822944
Latency: 3.204431074904278
Latency: 3.2432162009645253
Latency: 3.1976507499348372
Latency: 3.208931911038235
Latency: 3.2111284169368446
Latency: 3.197947561973706
Latency: 3.2308819671161473
Latency: 3.2320520519278944
Latency: 3.256291158962995
Latency: 3.2072735170368105
Latency: 3.2357139030937105
Latency: 3.232104424852878
Latency: 3.2533356070052832
Latency: 3.2154641521628946
Latency: 3.214858745923266
Latency: 3.2207975909113884
Latency: 3.2452653909567744
Latency: 3.2498968988656998
Latency: 3.242818806087598
Latency: 3.2684262639377266
Latency: 3.2477282001636922
Latency: 3.234152063028887
Latency: 3.230730155017227
Latency: 3.2387121710926294
Latency: 3.26038660784252
Latency: 3.2679105510469526
Latency: 3.272712175035849
Latency: 3.271559532964602
Latency: 3.2820087550207973
Latency: 3.279176738811657
Latency: 3.2581698449794203
Latency: 3.252090683905408
Latency: 3.2735710400156677
Latency: 3.2894450910389423
Latency: 3.2769754119217396
Latency: 3.1394369630143046
Latency: 3.141441130079329
Latency: 3.289859150070697
Latency: 3.1434102980419993
Latency: 3.302493935916573
Latency: 3.2944289399310946
Latency: 3.3219455869402736
Latency: 3.291545055108145
Latency: 3.1940211278852075
Latency: 3.296453499002382
Latency: 3.1980709191411734
Latency: 3.3137122860644013
Latency: 3.2454176109749824
Latency: 3.4366245239507407
Latency: 3.4380999768618494
Latency: 3.4361072489991784
Latency: 3.2237414340488613
Latency: 3.2524493590462953
Latency: 3.3273185519501567
Latency: 3.2585195708088577
Latency: 3.4781844709068537
Latency: 3.493910149205476
Latency: 3.470543264178559
Latency: 3.4774252318311483
Latency: 3.4787202100269496
Latency: 3.489052952034399
Latency: 3.50584253994748
Latency: 3.5114680940750986
Latency: 3.4768207599408925
Latency: 3.4729754908476025
Latency: 3.485061089042574
Latency: 3.4840855598449707
Latency: 3.499998897081241
Latency: 3.4987730029970407
Latency: 3.526149129960686
Latency: 3.492680982220918
Latency: 3.497099692001939
Latency: 3.4917995310388505
Latency: 3.504731552209705
Latency: 3.5370567080099136
Latency: 3.532545614056289
Latency: 3.49667889601551
Latency: 3.5084430589340627
Latency: 3.533678803127259
Latency: 3.5176607130561024
Latency: 3.542316383915022
Latency: 3.5134075549431145
Latency: 3.523475243942812
Latency: 3.512935630977154
Latency: 3.514497797936201
Latency: 3.5192163069732487
Latency: 3.524116314947605
Latency: 3.5558188089635223
Latency: 3.5415659120772034
Latency: 3.5419743058737367
Latency: 3.5371729098260403
Latency: 3.345262521877885
Latency: 3.334958041086793
Latency: 3.713373831938952
Latency: 3.7194616289343685
Latency: 3.4248766109813005
Latency: 3.3989805788733065
Latency: 3.4101286919321865
Latency: 3.357553072972223
Latency: 3.7153207850642502
Latency: 3.7201942219398916
Latency: 3.7220243031624705
Latency: 3.391526326071471
Latency: 3.3737089498899877
Latency: 3.7241039441432804
Latency: 3.7292024709749967
Latency: 3.718695209827274
Latency: 3.7219311660155654
Latency: 3.4192992420867085
Latency: 3.432383849984035
Latency: 3.3706577939447016
Latency: 3.4287040310446173
Latency: 3.37231452902779
Latency: 3.37455120193772
Latency: 3.3850639869924635
Latency: 3.4383397770579904
Latency: 3.380358299938962
Latency: 3.3896511788479984
Latency: 3.3899167098570615
Latency: 3.396684846142307
Latency: 3.7384831418748945
Latency: 3.3975949760060757
Latency: 3.749352990882471
Latency: 3.395572283072397
Latency: 3.4010214919690043
Latency: 3.4059184461366385
Latency: 3.3755664490163326
Latency: 3.399939751951024
Latency: 3.384079548995942
Latency: 3.767054342897609
Latency: 3.7751452908851206
Latency: 3.4159819381311536
Latency: 3.4831316298805177
Latency: 3.464139590971172
Latency: 3.4214160297997296
Latency: 3.428365793079138
Latency: 3.430808466859162
Latency: 3.404155186144635
Latency: 3.433620922965929
Latency: 3.4121383861638606
Latency: 3.4303778239991516
Latency: 3.784412046894431
Latency: 3.4680707999505103
Latency: 3.486660327995196
Latency: 3.4453375299926847
Latency: 3.444705201080069
Latency: 3.8026082678698003
Latency: 3.5052845180034637
Latency: 3.45904076192528
Latency: 3.4999827910214663
Latency: 3.5075978790409863
Latency: 3.4572751270607114
Latency: 3.472112570889294
Latency: 3.4504223079420626
Latency: 3.4415077501907945
Latency: 3.4532114800531417
Latency: 3.4606145191937685
Latency: 3.8215954990591854
Latency: 3.484180259052664
Latency: 3.4613021281547844
Latency: 3.8243653120007366
Latency: 3.454502766020596
Latency: 3.8315077640581876
Latency: 3.469287183135748
Latency: 3.448110467987135
Latency: 3.467681541107595
Latency: 3.469987418036908
Latency: 3.4899720849934965
Latency: 3.4988019650336355
Latency: 3.4972019768320024
Latency: 3.5008355230093002
Latency: 4.271140982862562
Latency: 4.250462997006252
Latency: 4.263182798866183
Latency: 2.922841291176155
Latency: 2.866000385954976
Latency: 2.8756751699838787
Latency: 2.8783039988484234
Latency: 2.872674805112183
Latency: 2.8767991052009165
Latency: 2.875686211977154
Latency: 2.885486585088074
Latency: 2.983507476048544
Latency: 3.3864209740422666
Latency: 3.000452641863376
Latency: 3.0017982728313655
Latency: 4.367499120999128
Latency: 3.0084197411779314
Latency: 3.0090866319369525
Latency: 3.0133749002125114
Latency: 3.0093204600270838
Latency: 3.009604641003534
Latency: 3.019294322002679
Latency: 3.023525059921667
Latency: 3.0168016869574785
Latency: 3.021908381022513
Latency: 3.4156917149666697
Latency: 3.0926488519180566
Latency: 3.100015906151384
Latency: 3.1013524851296097
Latency: 3.4888684020843357
Latency: 3.4908354051876813
Latency: 3.10324172093533
Latency: 3.103174677817151
Latency: 3.104596226941794
Latency: 3.1673857939895242
Latency: 3.1690681180916727
Latency: 3.1425577781628817
Latency: 3.141607489902526
Latency: 3.1567705350462347
Latency: 3.153779227985069
Latency: 3.1682612679433078
Latency: 3.154865907970816
Latency: 3.1657127258367836
Latency: 3.1974451157730073
Latency: 3.159901720006019
Latency: 3.1943742530420423
Latency: 3.161647397093475
Latency: 3.204645185964182
Latency: 3.1906051610130817
Latency: 3.2026417299639434
Latency: 3.1864160320255905
Latency: 3.2174533591605723
Latency: 3.189038717886433
Latency: 3.207419150043279
Latency: 3.2152813761495054
Latency: 3.2326029860414565
Latency: 3.234273251146078
Latency: 3.2246774421073496
Latency: 3.2226185840554535
Latency: 3.1853153619449586
Latency: 3.2071259431540966
Latency: 3.2211332148872316
Latency: 3.2182657970115542
Latency: 3.2211890928447247
Latency: 3.232687892857939
Latency: 3.232728451024741
Latency: 3.2325020770076662
Latency: 3.2576117999851704
Latency: 3.2450006150174886
Latency: 3.2276137459557503
Latency: 3.24217771505937
Latency: 3.2173419101163745
Latency: 3.2607277028728276
Latency: 3.26920539396815
Latency: 3.226877056993544
Latency: 3.227303822990507
Latency: 3.2585074768867344
Latency: 3.2396921468898654
Latency: 3.2443512859754264
Latency: 3.2488005738705397
Latency: 3.2584097860381007
Latency: 3.26570642599836
Latency: 3.247108078096062
Latency: 3.2602075829636306
Latency: 3.2677206960506737
Latency: 3.2478346878197044
Latency: 3.2342428180854768
Latency: 3.2515913371462375
Latency: 3.2956429340410978
Latency: 3.2551038831006736
Latency: 3.243610731093213
Latency: 3.292307276977226
Latency: 3.2744768541306257
Latency: 3.2829134119674563
Latency: 3.2792692699003965
Latency: 3.285439864033833
Latency: 3.296420186990872
Latency: 3.2876445199362934
Latency: 3.2752515580505133
Latency: 3.442222508834675
Latency: 3.3996062511578202
Latency: 3.4531432460062206
Latency: 3.4543660511262715
Latency: 3.4168653700035065
Latency: 3.4167414049152285
Latency: 3.457133735064417
Latency: 3.4269175350200385
Latency: 3.4364826870150864
Latency: 3.4414854848291725
Latency: 3.1758043309673667
Latency: 3.1899540761951357
Latency: 3.1903807930648327
Latency: 3.5390191269107163
Latency: 3.5080371350049973
Latency: 3.5110845370218158
Latency: 3.348763587884605
Latency: 3.2161892261356115
Latency: 3.3719685981050134
Latency: 3.226559304865077
Latency: 3.532547968905419
Latency: 3.421067984076217
Latency: 3.2386860919650644
Latency: 3.257588993990794
Latency: 3.2446278259158134
Latency: 3.2371308840811253
Latency: 3.252488745143637
Latency: 3.3969662140589207
Latency: 3.3989793630316854
Latency: 3.3758474020287395
Latency: 3.254924849141389
Latency: 3.3973471019417048
Latency: 3.4019761700183153
Latency: 3.4465447259135544
Latency: 3.250979779055342
Latency: 3.2821753760799766
Latency: 3.4141762028448284
Latency: 3.2980632740072906
Latency: 3.41848214995116
Latency: 3.3066455661319196
Latency: 3.4172400259412825
Latency: 3.2789352270774543
Latency: 3.2798936690669507
Latency: 3.267387354047969
Latency: 3.2750505639705807
Latency: 3.3019160681869835
Latency: 3.2875296850688756
Latency: 3.4358711058739573
Latency: 3.2900799599010497
Latency: 3.28676092508249
Latency: 3.3008270610589534
Latency: 3.433646484045312
Latency: 3.295391923049465
Latency: 3.319702939130366
Latency: 3.29237890499644
Latency: 3.2872161681298167
Latency: 3.317265485180542
Latency: 3.3357411110773683
Latency: 3.295319889904931
Latency: 3.298601645976305
Latency: 3.3103077108971775
Latency: 3.4563448750413954
Latency: 3.3244322158861905
Latency: 3.321072369115427
Latency: 3.3233729500789195
Latency: 3.324382710037753
Latency: 3.3243324330542237
Latency: 3.367699343012646
Latency: 3.3444444879423827
Latency: 3.370744670042768
Latency: 3.3410155531018972
Latency: 3.369607046013698
Latency: 3.6305627548135817
Latency: 3.6209216758143157
Latency: 3.624683880014345
Latency: 3.630813156021759
Latency: 3.6411540450062603
Latency: 3.5758511449676007
Latency: 3.623166033066809
Latency: 3.627168629085645
Latency: 3.620054969098419
Latency: 3.6674244140740484
Latency: 3.6773982429876924
Latency: 3.685384677024558
Latency: 3.670402785995975
Latency: 3.67588625382632
Latency: 3.699013100937009
Latency: 3.6970390339847654
Latency: 3.6991297299973667
Latency: 3.6910709310323
Latency: 3.704058493953198
Latency: 3.705244075972587
Latency: 3.7044725769665092
Latency: 3.715806805063039
Latency: 3.7238523301202804
Latency: 3.722870822995901
Latency: 3.2074380370322615
Latency: 3.2180003139656037
Latency: 3.23490504687652
Latency: 3.245533196022734
Latency: 3.2390122059732676
Latency: 3.22904438409023
Latency: 3.2668747678399086
Latency: 3.269843908958137
Latency: 3.252941580954939
Latency: 3.2900318431202322
Latency: 3.254761619027704
Latency: 3.2617105417884886
Latency: 3.268835674971342
Latency: 3.263401044998318
Latency: 3.269787982106209
Latency: 3.269482169067487
Latency: 3.2698132928926498
Latency: 3.3004023500252515
Latency: 3.3000094320159405
Latency: 3.295072095002979
Latency: 3.3090927861630917
Latency: 3.296233638888225
Latency: 3.3120660420972854
Latency: 3.3139871440362185
Latency: 3.3110501850023866
Latency: 3.0109519800171256
Latency: 3.3138110069558024
Latency: 3.000768607016653
Latency: 3.014530671061948
Latency: 2.8834212569054216
Latency: 2.887669989839196
Latency: 3.0136526150163263
Latency: 2.9232411230914295
Latency: 2.9308256399817765
Latency: 3.0725571729708463
Latency: 3.0806419239379466
Latency: 3.0816596979275346
Latency: 3.068223567912355
Latency: 3.0727406728547066
Latency: 3.0788320570718497
Latency: 3.0799723758827895
Latency: 2.947769907070324
Latency: 3.0786824410315603
Latency: 3.0913072011899203
Latency: 3.091377606149763
Latency: 3.085189947159961
Latency: 2.9489886690862477
Latency: 3.1027241819538176
Latency: 2.964538217987865
Latency: 3.097186145139858
Latency: 3.0779843397904187
Latency: 3.1116203290876
Latency: 3.1107862449716777
Latency: 2.977928120875731
Latency: 2.968904536915943
Latency: 2.977518392028287
Latency: 3.1097113438881934
Latency: 3.049797357060015
Latency: 3.040360826998949
Latency: 3.062847862020135
Latency: 3.0487102058250457
Latency: 3.0773710960056633
Latency: 3.0717288060113788
Latency: 3.048311330145225
Latency: 3.052691777003929
Latency: 2.8908823549281806
Latency: 3.0759490178897977
Latency: 3.0950723718851805
Latency: 3.0973453938495368
Latency: 3.086615370819345
Latency: 3.0962246970739216
Latency: 3.097002092981711
Latency: 3.0937764539849013
Latency: 3.1090468280017376
Latency: 3.0983012299984694
Latency: 3.0972022088244557
Latency: 3.094851011876017
Latency: 3.0956400691065937
Latency: 3.11085369088687
Latency: 3.102660331875086
Latency: 3.1004667030647397
Latency: 3.098033999092877
Latency: 3.1206476418301463
Latency: 3.1051839110441506
Latency: 3.0988243569154292
Latency: 3.125168486032635
Latency: 3.0981714960653335
Latency: 2.9405136699788272
Latency: 3.133213155902922
Latency: 3.1249651110265404
Latency: 3.1054803570732474
Latency: 3.1380854269955307
Latency: 3.1399374150205404
Latency: 3.1165656959638
Latency: 3.135663968976587
Latency: 3.1379105269443244
Latency: 3.1376141109503806
Latency: 3.155033406801522
Latency: 3.1281253329943866
Latency: 3.1174866969231516
Latency: 3.1244433450046927
Latency: 3.131872375961393
Latency: 3.13369149598293
Latency: 3.1377171038184315
Latency: 3.1278853297699243
Latency: 3.1350378240458667
Latency: 3.150380990933627
Latency: 3.1290496268775314
Latency: 3.1482852410990745
Latency: 3.1593978728633374
Latency: 3.1567890369333327
Latency: 3.1686332339886576
Latency: 3.156834108987823
Latency: 3.181968681048602
Latency: 3.139567987062037
Latency: 3.183204062981531
Latency: 3.171806471887976
Latency: 3.1524135540239513
Latency: 3.179848728934303
Latency: 3.1649627529550344
Latency: 3.17841832106933
Latency: 3.156807394931093
Latency: 3.1866911149118096
Latency: 3.1710831930395216
Latency: 3.155488807009533
Latency: 3.002912580035627
Latency: 3.180024977074936
Latency: 3.1790158280637115
Latency: 3.0138591649010777
Latency: 3.0141668538562953
Latency: 3.024374485015869
Latency: 3.009301469195634
Latency: 3.017148750135675
Latency: 3.0109347850084305
Latency: 3.203570903977379
Latency: 3.019980574026704
Latency: 3.2152066780254245
Latency: 3.1905188250821084
Latency: 3.190018159803003
Latency: 3.203607701929286
Latency: 3.0354929210152477
Latency: 3.0380354619119316
Latency: 3.045591517118737
Latency: 3.0348242768086493
Latency: 3.210270202951506
Latency: 3.047054853057489
Latency: 3.0447995010763407
Latency: 3.058836734853685
Latency: 3.0503861501347274
Latency: 3.209875768981874
Latency: 3.201947937021032
Latency: 3.303241774905473
Latency: 3.172463143011555
Latency: 3.346542810089886
Latency: 3.3345381969120353
Latency: 3.223813049029559
Latency: 3.2165564720053226
Latency: 3.258511516964063
Latency: 3.266559269046411
Latency: 3.3529446611646563
Latency: 3.2215080689638853
Latency: 3.2274760969448835
Latency: 3.349123314023018
Latency: 3.2139542049262673
Latency: 3.215614750981331
Latency: 3.2649621430318803
Latency: 3.2724392600357533
Latency: 3.2716593900695443
Latency: 3.2798118800856173
Latency: 3.2284341980703175
Latency: 3.2460079970769584
Latency: 3.240796355996281
Latency: 3.243419607868418
Latency: 3.2336528070736676
Latency: 3.2343636269215494
Latency: 3.422517707105726
Latency: 3.3658643709495664
Latency: 3.387634065002203
Latency: 3.4180092758033425
Latency: 3.434047562070191
Latency: 3.458842456806451
Latency: 3.453943789936602
Latency: 3.452317134011537
Latency: 3.4669824708253145
Latency: 3.4466100609861314
Latency: 3.4643983661662787
Latency: 3.4662387610878795
Latency: 3.5042377540376037
Latency: 3.4447891029994935
Latency: 3.5106041238177568
Latency: 3.344034656882286
Latency: 3.3420394649729133
Latency: 3.296345273964107
Latency: 3.3515219220425934
Latency: 3.355132354190573
Latency: 3.3652786668390036
Latency: 3.3661395881790668
Latency: 3.3439229810610414
Latency: 3.3418109510093927
Latency: 3.366797362919897
Latency: 3.3738463788758963
Latency: 3.3622074211016297
Latency: 3.3468157609459013
Latency: 3.3602781859226525
Latency: 3.3636514840181917
Latency: 3.361026064027101
Latency: 3.3702176201622933
Latency: 3.384279615012929
Latency: 3.3739195989910513
Latency: 3.3789237590972334
Latency: 3.371928930049762
Latency: 3.3213793551549315
Latency: 3.3849404328502715
Latency: 3.388056071009487
Latency: 3.4003866252023727
Latency: 3.3556433368939906
Latency: 3.393952147103846
Latency: 3.364167826017365
Latency: 3.4067688640207052
Latency: 3.3089768660720438
Latency: 3.3458034959621727
Latency: 3.3006880208849907
Latency: 3.3091498129069805
Latency: 3.3189417470712215
Latency: 3.3454170108307153
Latency: 3.321834699017927
Latency: 3.3095404950436205
Latency: 3.3915888390038162
Latency: 3.3599465820007026
Latency: 3.40524010383524
Latency: 3.3247594989370555
Latency: 3.4091919178608805
Latency: 3.3660302329808474
Latency: 3.394582677865401
Latency: 3.3268646760843694
Latency: 3.3622397030703723
Latency: 3.371256822021678
Latency: 3.334104078821838
Latency: 3.3341459550429136
Latency: 3.3798992100637406
Latency: 3.3425146110821515
Latency: 3.3318385230377316
Latency: 3.4280128460377455
Latency: 3.386628275969997
Latency: 3.338850556872785
Latency: 3.348151728976518
Latency: 3.3540427091065794
Latency: 3.348300487967208
Latency: 3.3949632060248405
Latency: 3.383909530006349
Latency: 3.4216026891954243
Latency: 3.3894268120639026
Latency: 3.3687723730690777
Latency: 3.4583572070114315
Latency: 3.3625503829680383
Latency: 3.4153629820793867
Latency: 3.404120191000402
Latency: 3.378412841120735
Latency: 3.4182652661111206
Latency: 3.4416014519520104
Latency: 3.4463949089404196
Latency: 3.444194527808577
Latency: 3.4358709128573537
Latency: 3.4470556571613997
Latency: 3.444062020862475
Latency: 3.4475989749189466
Latency: 3.439724249066785
Latency: 3.4598558030556887
Latency: 3.8192625080700964
Latency: 3.4616365099791437
Latency: 3.4562666139099747
Latency: 3.4564962489530444
Latency: 3.4659239419270307
Latency: 3.4738279869779944
Latency: 3.9224787259008735
Latency: 3.477774742990732
Latency: 3.4872896519955248
Latency: 3.942676421953365
Latency: 3.4812533028889447
Latency: 3.4903923699166626
Latency: 3.4974925939459354
Latency: 3.8570182151161134
Latency: 3.503963374067098
Latency: 3.5038960739038885
Latency: 3.4967719160486013
Latency: 3.4992646821774542
Latency: 3.876231265021488
Latency: 3.8753485449124128
Latency: 3.524925734847784
Latency: 3.518004632787779
Latency: 3.5290560889989138
Latency: 3.5149125000461936
Latency: 3.516663037938997
Latency: 3.940190027002245
Latency: 3.5212742360308766
Latency: 3.5290148090571165
Latency: 3.5327973931562155
Latency: 3.549215346109122
Latency: 3.368558342102915
Latency: 3.4161180059891194
Latency: 3.397517377976328
Latency: 3.45106071094051
Latency: 3.4879392040893435
Latency: 3.493713765172288
Latency: 3.4503749560099095
Latency: 3.487272980157286
Latency: 3.4583989868406206
Latency: 4.325112937018275
Latency: 3.4952331939712167
Latency: 2.7743351929821074
Latency: 3.499581469921395
Latency: 4.3419231050647795
Latency: 4.3397150200326
Latency: 2.7691199260298163
Latency: 4.350802921922877
Latency: 4.351520740194246
Latency: 4.360285253962502
Latency: 2.7948777719866484
Latency: 4.36282851989381
Latency: 2.8063345798291266
Latency: 4.374153580982238
Latency: 2.8090047989971936
Latency: 4.375385785009712
Latency: 2.812826920999214
Latency: 4.394974375842139
Latency: 4.384517337195575
Latency: 2.825790385948494
Latency: 2.511442593066022
Latency: 2.549823075067252
Latency: 2.5454425690695643
Latency: 2.5535458740778267
Latency: 3.987022493965924
Latency: 3.0143757190089673
Latency: 3.0172893069684505
Latency: 3.0198235891293734
Latency: 3.0709874760359526
Latency: 3.068592323921621
Latency: 3.022329872008413
Latency: 3.04390617297031
Latency: 2.881795206107199
Latency: 2.878025643993169
Latency: 3.081130016129464
Latency: 3.104943832848221
Latency: 2.900990701979026
Latency: 3.0985670648515224
Latency: 3.0593477699439973
Latency: 2.909256248967722
Latency: 2.9014763759914786
Latency: 2.8983751060441136
Latency: 2.9077019991818815
Latency: 3.087945453124121
Latency: 2.917133070062846
Latency: 2.918963372008875
Latency: 3.135067763971165
Latency: 2.93046558694914
Latency: 2.917974082985893
Latency: 2.930545167066157
Latency: 2.9418497788719833
Latency: 2.945076976204291
Latency: 2.9432308508548886
Latency: 2.9484514410141855
Latency: 2.9426618388388306
Latency: 2.9434094741009176
