Latency: 0.2553015500307083
Latency: 0.4858092498034239
Latency: 0.506757119204849
Latency: 0.44409344904124737
Latency: 0.5051828459836543
Latency: 0.5511050091590732
Latency: 0.5795209421776235
Latency: 0.5050099780783057
Latency: 0.48556852992624044
Latency: 0.5162543309852481
Latency: 0.514297247165814
Latency: 0.6025332449935377
Latency: 0.6277396189980209
Latency: 0.6126163080334663
Latency: 0.601822251919657
Latency: 0.6155638180207461
Latency: 0.5738703690003604
Latency: 0.5737330468837172
Latency: 0.5820397441275418
Latency: 0.5058640239294618
Latency: 0.5470377700403333
Latency: 0.5128977580461651
Latency: 0.6355054839514196
Latency: 0.5748231669422239
Latency: 0.5654900460503995
Latency: 0.6117414990440011
Latency: 0.6557777209673077
Latency: 0.6404871952254325
Latency: 0.05700332694686949
Latency: 0.004584839101880789
Latency: 0.0044713488314300776
Latency: 0.006368463160470128
Latency: 0.004605409922078252
Latency: 0.004024863010272384
Latency: 0.004201480885967612
Latency: 0.004019377985969186
Latency: 0.0039512289222329855
Latency: 0.004162285011261702
Latency: 0.0038725528866052628
Latency: 0.0037853079847991467
Latency: 0.003847462125122547
Latency: 0.003926326986402273
Latency: 0.003848863998427987
Latency: 0.005921521922573447
Latency: 0.00414266693405807
Latency: 0.00391543610021472
Latency: 0.004177706083282828
Latency: 0.003916846122592688
Latency: 0.00385196297429502
Latency: 0.003867506980895996
Latency: 0.003937100991606712
Latency: 0.003829222172498703
Latency: 0.005516296019777656
Latency: 0.003937681904062629
Latency: 0.003848480060696602
Latency: 0.004104481777176261
Latency: 0.003907623002305627
Latency: 0.003893462009727955
Latency: 0.0051325419917702675
Latency: 0.0043511781841516495
Latency: 0.004651254042983055
Latency: 0.004526796983554959
Latency: 0.0040068188682198524
Latency: 0.004289071075618267
Latency: 0.004613397875800729
Latency: 0.004197590984404087
Latency: 0.007220075000077486
Latency: 0.008174829883500934
Latency: 0.004829493118450046
Latency: 0.004373387899249792
Latency: 0.004755920963361859
Latency: 0.004108353052288294
Latency: 0.003950714133679867
Latency: 0.004213256994262338
Latency: 0.003827547887340188
Latency: 0.0039724858943372965
Latency: 0.0038713160902261734
Latency: 0.003932981984689832
Latency: 0.0038421079516410828
Latency: 0.00400545890443027
Latency: 0.003875967115163803
Latency: 0.0038079312071204185
Latency: 0.004145554034039378
Latency: 0.0038395519368350506
Latency: 0.0038089901208877563
Latency: 0.004128351109102368
Latency: 0.0038134220521897078
Latency: 0.003811409929767251
Latency: 0.005047260085120797
Latency: 0.0038316629361361265
Latency: 0.003792713163420558
Latency: 0.004144831094890833
Latency: 0.0037979749031364918
Latency: 0.003784626955166459
Latency: 0.004079032223671675
Latency: 0.003804747946560383
Latency: 0.003816173877567053
Latency: 0.004105660133063793
Latency: 0.003927245968952775
Latency: 0.0038620498962700367
Latency: 0.003955465974286199
Latency: 0.003831795882433653
Latency: 0.0037899441085755825
Latency: 0.0040650630835443735
Latency: 0.0038206379394978285
Latency: 0.003857632866129279
Latency: 0.004213002044707537
Latency: 0.004139325115829706
Latency: 0.003864379832521081
Latency: 0.004007430048659444
Latency: 0.0038355619180947542
Latency: 0.0038135629147291183
Latency: 0.0041167959570884705
Latency: 0.003859496908262372
Latency: 0.003834662027657032
Latency: 0.00425675418227911
Latency: 0.003848660970106721
Latency: 0.0037837109994143248
Latency: 0.004167653154581785
Latency: 0.003871344029903412
Latency: 0.0038256989791989326
Latency: 0.004154761787503958
Latency: 0.0038443480152636766
Latency: 0.0039481299463659525
Latency: 0.005083977011963725
Latency: 0.003829522058367729
Latency: 0.003802622901275754
Latency: 0.004100820980966091
Latency: 0.003822735045105219
Latency: 0.0038117810618132353
Latency: 0.004090133821591735
Latency: 0.003849453991279006
Latency: 0.0038287430070340633
Latency: 0.003974931081756949
Latency: 0.003814097959548235
Latency: 0.003773587988689542
Latency: 0.004084807820618153
Latency: 0.003796753939241171
Latency: 0.0037816870026290417
Latency: 0.004071443108841777
Latency: 0.003811825066804886
Latency: 0.003771445946767926
Latency: 0.00406361510977149
Latency: 0.0037961332127451897
Latency: 0.0037935739383101463
Latency: 0.004079325124621391
Latency: 0.003800302045419812
Latency: 0.003822089172899723
Latency: 0.003949895966798067
Latency: 0.003812575014308095
Latency: 0.003779195947572589
Latency: 0.0041168800089508295
Latency: 0.003780622035264969
Latency: 0.0038119179662317038
Latency: 0.003956918837502599
Latency: 0.003958625951781869
Latency: 0.003827533917501569
Latency: 0.004104098072275519
Latency: 0.0038110220339149237
Latency: 0.0037941751070320606
Latency: 0.004821777110919356
Latency: 0.003786022076383233
Latency: 0.003785931970924139
Latency: 0.004065025132149458
Latency: 0.0038245460018515587
Latency: 0.0037715339567512274
Latency: 0.004057567100971937
Latency: 0.0038142360281199217
Latency: 0.0037709539756178856
Latency: 0.0040786301251500845
Latency: 0.003814915893599391
Latency: 0.003923048032447696
Latency: 0.004064600914716721
Latency: 0.003827087115496397
Latency: 0.003768916940316558
Latency: 0.004080892074853182
Latency: 0.0038198588881641626
Latency: 0.0037802760489284992
Latency: 0.004031177842989564
Latency: 0.003833792172372341
Latency: 0.003801274811848998
Latency: 0.004079779842868447
Latency: 0.0038541508838534355
Latency: 0.0038031430449336767
Latency: 0.0040823109447956085
Latency: 0.0038160618860274553
Latency: 0.003949485952034593
Latency: 0.004255832871422172
Latency: 0.0038751380052417517
Latency: 0.003818871919065714
Latency: 0.004223505966365337
Latency: 0.003945434000343084
Latency: 0.003825998865067959
Latency: 0.004092073068022728
Latency: 0.003846108913421631
Latency: 0.0039068120531737804
Latency: 0.00502823805436492
Latency: 0.003802123013883829
Latency: 0.0037726350128650665
Latency: 0.004097601864486933
Latency: 0.003798007033765316
Latency: 0.00378236616961658
Latency: 0.0039571658708155155
Latency: 0.003955653868615627
Latency: 0.0037783661391586065
Latency: 0.004098262870684266
Latency: 0.0038509941659867764
Latency: 0.0037787340115755796
Latency: 0.004084649030119181
Latency: 0.003784995060414076
Latency: 0.003775200108066201
Latency: 0.004025236936286092
Latency: 0.003864757949486375
Latency: 0.0037719469983130693
Latency: 0.003770875046029687
Latency: 0.003898780094459653
Latency: 0.003803855972364545
Latency: 0.004078153055161238
Latency: 0.0038244060706347227
Latency: 0.003920573042705655
Latency: 0.004092292161658406
Latency: 0.00380005594342947
Latency: 0.003766261041164398
Latency: 0.004105541156604886
Latency: 0.0038672159425914288
Latency: 0.0038024152163416147
Latency: 0.004081777995452285
Latency: 0.003802910912781954
Latency: 0.003796234028413892
Latency: 0.003928388003259897
Latency: 0.003807166125625372
Latency: 0.004188084043562412
Latency: 0.005753352073952556
Latency: 0.004435393027961254
Latency: 0.004714111099019647
Latency: 0.0048867028672248125
Latency: 0.00474865990690887
Latency: 0.004648264963179827
Latency: 0.0046997289173305035
Latency: 0.004681339021772146
Latency: 0.004838983062654734
Latency: 0.0047006148379296064
Latency: 0.004749741870909929
Latency: 0.004751739092171192
Latency: 0.005605021025985479
Latency: 0.006746610160917044
Latency: 0.003890065010637045
Latency: 0.003837459022179246
Latency: 0.0038805899675935507
Latency: 0.0038263939786702394
Latency: 0.0040992810390889645
Latency: 0.004019527928903699
Latency: 0.0038422830402851105
Latency: 0.004317085025832057
Latency: 0.004008895019069314
Latency: 0.003846034873276949
Latency: 0.0041740641463547945
Latency: 0.003878396935760975
Latency: 0.003823846112936735
Latency: 0.004203160060569644
Latency: 0.0038144048303365707
Latency: 0.003864420112222433
Latency: 0.004147483967244625
Latency: 0.0038572039920836687
Latency: 0.0038032399024814367
Latency: 0.00408318592235446
Latency: 0.0038633421063423157
Latency: 0.003954494837671518
Latency: 0.005043042125180364
Latency: 0.0038232251536101103
Latency: 0.0037640798836946487
Latency: 0.0957265121396631
Latency: 0.004682732047513127
Latency: 0.004119904013350606
Latency: 0.003761557163670659
Latency: 0.003752100979909301
Latency: 0.0038738111034035683
Latency: 0.0037672400940209627
Latency: 0.004067990928888321
Latency: 0.00371986604295671
Latency: 0.0037288221064954996
Latency: 0.0038580559194087982
Latency: 0.003752482822164893
Latency: 0.00415045814588666
Latency: 0.0037285429425537586
Latency: 0.0037281219847500324
Latency: 0.0038483571261167526
Latency: 0.0037285310681909323
Latency: 0.004008521093055606
Latency: 0.0037611820735037327
Latency: 0.0037369029596447945
Latency: 0.003859186079353094
Latency: 0.0037570169661194086
Latency: 0.0040270870085805655
Latency: 0.003717136802151799
Latency: 0.003714627819135785
Latency: 0.0038411009591072798
Latency: 0.003733484074473381
Latency: 0.004012896912172437
Latency: 0.0038671260699629784
Latency: 0.0037425800692290068
Latency: 0.0038356201257556677
Latency: 0.0037106277886778116
Latency: 0.003994008991867304
Latency: 0.0037877100985497236
Latency: 0.003723982023075223
Latency: 0.003883507801219821
Latency: 0.0037476960569620132
Latency: 0.0037227070424705744
Latency: 0.00396787584759295
Latency: 0.0037563941441476345
Latency: 0.0037310628686100245
Latency: 0.003992078825831413
Latency: 0.003771820105612278
Latency: 0.0037261389661580324
Latency: 0.004129104083403945
Latency: 0.0037207631394267082
Latency: 0.00370531203225255
Latency: 0.004005341092124581
Latency: 0.0037717160303145647
Latency: 0.0037473670672625303
Latency: 0.004015492973849177
Latency: 0.0037381090223789215
Latency: 0.0037148799747228622
Latency: 0.004023433895781636
Latency: 0.003749212948605418
Latency: 0.0037383469752967358
Latency: 0.004017501836642623
Latency: 0.0037644379772245884
Latency: 0.003716943087056279
Latency: 0.004051917931064963
Latency: 0.003979753004387021
Latency: 0.0038106320425868034
Latency: 0.004083957057446241
Latency: 0.003822360886260867
Latency: 0.0037949320394545794
Latency: 0.00451378314755857
Latency: 0.0037302819546312094
Latency: 0.0037144299130886793
Latency: 0.003924863878637552
Latency: 0.003747199196368456
Latency: 0.003721236949786544
Latency: 0.003947736928239465
Latency: 0.0037429449148476124
Latency: 0.0037200020160526037
Latency: 0.003937436966225505
Latency: 0.003746059024706483
Latency: 0.003863824065774679
Latency: 0.003962456015869975
Latency: 0.0037509549874812365
Latency: 0.0037242139223963022
Latency: 0.004048437811434269
Latency: 0.00376083399169147
Latency: 0.003790531074628234
Latency: 0.003963881870731711
Latency: 0.003751210169866681
Latency: 0.0037148729898035526
Latency: 0.003976443083956838
Latency: 0.003751533105969429
Latency: 0.0037117288447916508
Latency: 0.003997463034465909
Latency: 0.003774779848754406
Latency: 0.003754433011636138
Latency: 0.004173849010840058
Latency: 0.0038101470563560724
Latency: 0.003795754164457321
Latency: 0.004037452861666679
Latency: 0.003828486893326044
Latency: 0.0038081069942563772
Latency: 0.003950949991121888
Latency: 0.0037500648759305477
Latency: 0.0037391199730336666
Latency: 0.004512405022978783
Latency: 0.003721411107107997
Latency: 0.003716604085639119
Latency: 0.003846110077574849
Latency: 0.003732602810487151
Latency: 0.0037143940571695566
Latency: 0.004029804142192006
Latency: 0.0038718669675290585
Latency: 0.003722399938851595
Latency: 0.004002710804343224
Latency: 0.0037613471504300833
Latency: 0.0037480408791452646
Latency: 0.004015723941847682
Latency: 0.0037573310546576977
Latency: 0.003756592981517315
Latency: 0.00399618991650641
Latency: 0.003730724798515439
Latency: 0.0037250141613185406
Latency: 0.004021818982437253
Latency: 0.0037503940984606743
Latency: 0.0037139321211725473
Latency: 0.0040486708749085665
Latency: 0.0037299140822142363
Latency: 0.003867858089506626
Latency: 0.004003217909485102
Latency: 0.0037427290808409452
Latency: 0.0037173121236264706
Latency: 0.004038115032017231
Latency: 0.003739326959475875
Latency: 0.003745469031855464
Latency: 0.0039081398863345385
Latency: 0.0037563771475106478
Latency: 0.003749135183170438
Latency: 0.004015919053927064
Latency: 0.003738455008715391
Latency: 0.0037367939949035645
Latency: 0.0038190330378711224
Latency: 0.003719568019732833
Latency: 0.003983399830758572
Latency: 0.003918348113074899
Latency: 0.0037186190020292997
Latency: 0.003987571224570274
Latency: 0.0037479328457266092
Latency: 0.00373877608217299
Latency: 0.003999951062723994
Latency: 0.0037604491226375103
Latency: 0.0037219489458948374
Latency: 0.004008750198408961
Latency: 0.003789731068536639
Latency: 0.003729896852746606
Latency: 0.004000762943178415
Latency: 0.003752860939130187
Latency: 0.003748210147023201
Latency: 0.003995620179921389
Latency: 0.00375668378546834
Latency: 0.004003064939752221
Latency: 0.004023600835353136
Latency: 0.003777784062549472
Latency: 0.0037294409703463316
Latency: 0.004003124078735709
Latency: 0.00378037104383111
Latency: 0.003738266881555319
Latency: 0.004010107833892107
Latency: 0.0037662028335034847
Latency: 0.003746418049558997
Latency: 0.004032816970720887
Latency: 0.003774549113586545
Latency: 0.003744756104424596
Latency: 0.004042207030579448
Latency: 0.0037634719628840685
Latency: 0.0037242199759930372
Latency: 0.004382021026685834
Latency: 0.0037417439743876457
Latency: 0.003725367831066251
Latency: 0.0038191310595721006
Latency: 0.00375547306612134
Latency: 0.003729861928150058
Latency: 0.004006864037364721
Latency: 0.0037625969853252172
Latency: 0.0037230809684842825
Latency: 0.004004296148195863
Latency: 0.003722892142832279
Latency: 0.00372607191093266
Latency: 0.004016424994915724
Latency: 0.003752032993361354
Latency: 0.003740921150892973
Latency: 0.0040292569901794195
Latency: 0.003890970954671502
Latency: 0.0037262309342622757
Latency: 0.004028657218441367
Latency: 0.0037467970978468657
Latency: 0.003740913001820445
Latency: 0.004014897858723998
Latency: 0.0037317159585654736
Latency: 0.003722677007317543
Latency: 0.004028873983770609
Latency: 0.0037666219286620617
Latency: 0.003740978892892599
Latency: 0.004025924019515514
Latency: 0.003736390033736825
Latency: 0.003747439943253994
Latency: 0.004044441971927881
Latency: 0.003751329844817519
Latency: 0.003862496931105852
Latency: 0.004021981032565236
Latency: 0.003757552010938525
Latency: 0.003797680838033557
Latency: 0.003923179116100073
Latency: 0.0037528180982917547
Latency: 0.004012170946225524
Latency: 0.003763125976547599
Latency: 0.0037304300349205732
Latency: 0.0040251100435853004
Latency: 0.003779239021241665
Latency: 0.003726530121639371
Latency: 0.004013777012005448
Latency: 0.003773862961679697
Latency: 0.003756508929654956
Latency: 0.0040202459786087275
Latency: 0.00389811210334301
Latency: 0.0037703239358961582
Latency: 0.004031188087537885
Latency: 0.003823016071692109
Latency: 0.0037324910517781973
Latency: 0.004034606972709298
Latency: 0.0037720799446105957
Latency: 0.0037309559993445873
Latency: 0.004016714170575142
Latency: 0.0037575438618659973
Latency: 0.003732908982783556
Latency: 0.0039097280241549015
Latency: 0.004377776058390737
Latency: 0.003761613043025136
Latency: 0.0040276870131492615
Latency: 0.0037658328656107187
Latency: 0.0038935940247029066
Latency: 0.0040258599910885096
Latency: 0.003777592908591032
Latency: 0.003741052933037281
Latency: 0.004030243959277868
Latency: 0.0037398950662463903
Latency: 0.0037281829863786697
Latency: 0.004281476838514209
Latency: 0.0037655809428542852
Latency: 0.003716553095728159
Latency: 0.003823688020929694
Latency: 0.0037702990230172873
Latency: 0.0037382261361926794
Latency: 0.004023056011646986
Latency: 0.003760657040402293
Latency: 0.0037530921399593353
Latency: 0.0041551110334694386
Latency: 0.0037375648971647024
Latency: 0.003736720886081457
Latency: 0.0040150179993361235
Latency: 0.0037421651650220156
Latency: 0.00373264797963202
Latency: 0.004017419880256057
Latency: 0.0037512751296162605
Latency: 0.0037220409139990807
Latency: 0.004035572055727243
Latency: 0.0037544099614024162
Latency: 0.0037345432210713625
Latency: 0.004031766904518008
Latency: 0.003788019996136427
Latency: 0.003750481875613332
Latency: 0.004024729132652283
Latency: 0.00388964987359941
Latency: 0.003739061998203397
Latency: 0.00402470794506371
Latency: 0.0037356188986450434
Latency: 0.003741112072020769
Latency: 0.004035321995615959
Latency: 0.0037474229466170073
Latency: 0.0037222011014819145
Latency: 0.0040382149163633585
Latency: 0.0037356449756771326
Latency: 0.0037415949627757072
Latency: 0.0038660080172121525
Latency: 0.0037338919937610626
Latency: 0.003989538876339793
Latency: 0.003739170962944627
Latency: 0.003746062982827425
Latency: 0.0041474399622529745
Latency: 0.0037545200902968645
Latency: 0.0037431172095239162
Latency: 0.004039288964122534
Latency: 0.0037662130780518055
Latency: 0.0037354701198637486
Latency: 0.003999896114692092
Latency: 0.003765137866139412
Latency: 0.0037444639019668102
Latency: 0.004027410876005888
Latency: 0.003769436851143837
Latency: 0.003756321966648102
Latency: 0.004012241959571838
Latency: 0.0037466927897185087
Latency: 0.0037370508071035147
Latency: 0.0038962122052907944
Latency: 0.0038888067938387394
Latency: 0.0037189400754868984
Latency: 0.004020041087642312
Latency: 0.0037554220762103796
Latency: 0.0037355569656938314
Latency: 0.004022078821435571
Latency: 0.003940846072509885
Latency: 0.003758528968319297
Latency: 0.00402806606143713
Latency: 0.0037749120965600014
Latency: 0.0037316151428967714
Latency: 0.004045343957841396
Latency: 0.0037627769634127617
Latency: 0.0037462960463017225
Latency: 0.004242381080985069
Latency: 0.003758148057386279
Latency: 0.003875795053318143
Latency: 0.003847806015983224
Latency: 0.0037445509806275368
Latency: 0.003741560038179159
Latency: 0.004023171961307526
Latency: 0.0037591648288071156
Latency: 0.0037437540013343096
Latency: 0.004029050003737211
Latency: 0.003737892024219036
Latency: 0.003751324024051428
Latency: 0.004035942954942584
Latency: 0.003759122919291258
Latency: 0.0037519969046115875
Latency: 0.004048771923407912
Latency: 0.003753313096240163
Latency: 0.0037323629949241877
Latency: 0.004140102071687579
Latency: 0.0037357278633862734
Latency: 0.0037384049501270056
Latency: 0.0040117730386555195
Latency: 0.003743352135643363
Latency: 0.0037547980900853872
Latency: 0.004034616984426975
Latency: 0.003771240124478936
Latency: 0.0037454438861459494
Latency: 0.004011902958154678
Latency: 0.0037404419854283333
Latency: 0.003730196040123701
Latency: 0.004013127880170941
Latency: 0.0037470839451998472
Latency: 0.0037291799671947956
Latency: 0.004019551910459995
Latency: 0.003885257989168167
Latency: 0.0037455351557582617
Latency: 0.0038560039829462767
Latency: 0.0037196939811110497
Latency: 0.004001958062872291
Latency: 0.0037614780012518167
Latency: 0.0037250430323183537
Latency: 0.0038930438458919525
Latency: 0.003778879065066576
Latency: 0.003728568786755204
Latency: 0.0040015841368585825
Latency: 0.003784672124311328
Latency: 0.0037504921201616526
Latency: 0.004031452117487788
Latency: 0.003751619951799512
Latency: 0.003761251922696829
Latency: 0.004014438949525356
Latency: 0.0037713958881795406
Latency: 0.0037383700255304575
Latency: 0.004008052870631218
Latency: 0.0037531410343945026
Latency: 0.0037337541580200195
Latency: 0.003992805955931544
Latency: 0.0037567359395325184
Latency: 0.00372898206114769
Latency: 0.004022332839667797
Latency: 0.0037808180786669254
Latency: 0.0037396440748125315
Latency: 0.004030813928693533
Latency: 0.00376819702796638
Latency: 0.003753792028874159
Latency: 0.004040881991386414
Latency: 0.003889902029186487
Latency: 0.0037370009813457727
Latency: 0.0040430850349366665
Latency: 0.0037816560361534357
Latency: 0.003734261030331254
Latency: 0.004334612051025033
Latency: 0.003754962934181094
Latency: 0.004313228884711862
Latency: 0.003894004039466381
Latency: 0.003764257999137044
Latency: 0.0037211920134723186
Latency: 0.004054828081279993
Latency: 0.0037611338775604963
Latency: 0.0037308880127966404
Latency: 0.004037100821733475
Latency: 0.003758752951398492
Latency: 0.003892929060384631
Latency: 0.004063184838742018
Latency: 0.0037515731528401375
Latency: 0.003751486074179411
Latency: 0.004066915949806571
Latency: 0.003734929021447897
Latency: 0.003740366082638502
Latency: 0.004050630144774914
Latency: 0.0037614288739860058
Latency: 0.0037663918919861317
Latency: 0.004055395955219865
Latency: 0.0037493519484996796
Latency: 0.0037538199685513973
Latency: 0.004090955946594477
Latency: 0.0037549519911408424
Latency: 0.003744232002645731
Latency: 0.004177204100415111
Latency: 0.0037600011564791203
Latency: 0.0037647271528840065
Latency: 0.004052046919241548
Latency: 0.0037691269535571337
Latency: 0.0037553878501057625
Latency: 0.004043664084747434
Latency: 0.0037332968786358833
Latency: 0.0037396098487079144
Latency: 0.003851116169244051
Latency: 0.0037384871393442154
Latency: 0.004039563005790114
Latency: 0.003763288026675582
Latency: 0.003718897933140397
Latency: 0.0038976019714027643
Latency: 0.003832122078165412
Latency: 0.003991319797933102
Latency: 0.004098950885236263
Latency: 0.0037749239709228277
Latency: 0.003755682846531272
Latency: 0.004058175953105092
Latency: 0.0037641238886862993
Latency: 0.003728586947545409
Latency: 0.004054185003042221
Latency: 0.003781986190006137
Latency: 0.0037350899074226618
Latency: 0.004048169124871492
Latency: 0.003822227008640766
Latency: 0.003742886008694768
Latency: 0.00406188890337944
Latency: 0.003773842006921768
Latency: 0.0037458441220223904
Latency: 0.0041798611637204885
Latency: 0.003758008126169443
Latency: 0.003739516017958522
Latency: 0.004054995020851493
Latency: 0.003791102906689048
Latency: 0.003752955934032798
Latency: 0.004040268948301673
Latency: 0.003773042932152748
Latency: 0.003751402022317052
Latency: 0.004019645042717457
Latency: 0.0037622679956257343
Latency: 0.0037545550148934126
Latency: 0.004594387020915747
Latency: 0.0037808308843523264
Latency: 0.003709438955411315
Latency: 0.003821928985416889
Latency: 0.0038804111536592245
Latency: 0.0037359900306910276
Latency: 0.0038309800438582897
Latency: 0.0037481628824025393
Latency: 0.003719501895830035
Latency: 0.004018767969682813
Latency: 0.0037423879839479923
Latency: 0.0037101171910762787
Latency: 0.004032030934467912
Latency: 0.0037606079131364822
Latency: 0.003753405064344406
Latency: 0.004055795958265662
Latency: 0.003745927009731531
Latency: 0.0037496311124414206
Latency: 0.004080042941495776
Latency: 0.0037434189580380917
Latency: 0.0039005959406495094
Latency: 0.004040247993543744
Latency: 0.003754913806915283
Latency: 0.003750721924006939
Latency: 0.0040699869859963655
Latency: 0.0037290810141712427
Latency: 0.003754549892619252
Latency: 0.004075783072039485
Latency: 0.003747661132365465
Latency: 0.0037527151871472597
Latency: 0.004088694928213954
Latency: 0.0037519000470638275
Latency: 0.0037498038727790117
Latency: 0.004038138082250953
Latency: 0.0037524248473346233
Latency: 0.0037514769937843084
Latency: 0.004027110058814287
Latency: 0.003717022016644478
Latency: 0.003987152827903628
Latency: 0.003743039909750223
Latency: 0.00386175699532032
Latency: 0.0040399611461907625
Latency: 0.0038378688041120768
Latency: 0.00381143088452518
Latency: 0.004107127897441387
Latency: 0.003812839975580573
Latency: 0.003823032835498452
Latency: 0.004095238167792559
Latency: 0.0038061439990997314
Latency: 0.0037512718699872494
Latency: 0.004028817871585488
Latency: 0.003760355059057474
Latency: 0.0038603711873292923
Latency: 0.004019732819870114
Latency: 0.0037757698446512222
Latency: 0.003717858111485839
Latency: 0.004021353088319302
Latency: 0.0037727870512753725
Latency: 0.0037510038819164038
Latency: 0.004029989941045642
Latency: 0.0037484890781342983
Latency: 0.0037425290793180466
Latency: 0.004043863154947758
Latency: 0.0037698140367865562
Latency: 0.00374306901358068
Latency: 0.004027343122288585
Latency: 0.003772418014705181
Latency: 0.0037434580735862255
Latency: 0.00418141414411366
Latency: 0.0037674210034310818
Latency: 0.0037579378113150597
Latency: 0.0042940720450133085
Latency: 0.003774586133658886
Latency: 0.003766769077628851
Latency: 0.0038434378802776337
Latency: 0.0037389500066637993
Latency: 0.003712699981406331
Latency: 0.0039970900397747755
Latency: 0.0037426319904625416
Latency: 0.0037197379861027002
Latency: 0.004029295174404979
Latency: 0.0037505219224840403
Latency: 0.003738208906725049
Latency: 0.004062758991494775
Latency: 0.003880461910739541
Latency: 0.003728593932464719
Latency: 0.004022755194455385
Latency: 0.0037572819273918867
Latency: 0.003734581870958209
Latency: 0.0040214089676737785
Latency: 0.003779407124966383
Latency: 0.0037206090055406094
Latency: 0.004051774041727185
Latency: 0.0037519109901040792
Latency: 0.0037369488272815943
Latency: 0.004032851895317435
Latency: 0.003741733031347394
Latency: 0.00375287514179945
Latency: 0.004047894151881337
Latency: 0.0037496399600058794
Latency: 0.0038848158437758684
Latency: 0.004045141162350774
Latency: 0.0037575929891318083
Latency: 0.003745879977941513
Latency: 0.004026611102744937
Latency: 0.0037520420737564564
Latency: 0.0037542670033872128
Latency: 0.0038649810012429953
Latency: 0.003733231220394373
Latency: 0.004016319988295436
Latency: 0.0037512488197535276
Latency: 0.0037399919237941504
Latency: 0.003995382925495505
Latency: 0.0037685218267142773
Latency: 0.0037394659593701363
Latency: 0.004014482023194432
Latency: 0.0038984159473329782
Latency: 0.003726041177287698
Latency: 0.0040172620210796595
Latency: 0.003769525093957782
Latency: 0.0037155719473958015
Latency: 0.004019048996269703
Latency: 0.003766526933759451
Latency: 0.003740177024155855
Latency: 0.003985667834058404
Latency: 0.0037428399082273245
Latency: 0.0037443169858306646
Latency: 0.003898868104442954
Latency: 0.0037783770821988583
Latency: 0.0037237918004393578
Latency: 0.004018915118649602
Latency: 0.0037671979516744614
Latency: 0.003876043949276209
Latency: 0.004037464037537575
Latency: 0.003776563098654151
Latency: 0.0037510250695049763
Latency: 0.004070458002388477
Latency: 0.0037542548961937428
Latency: 0.0037466161884367466
Latency: 0.004021280910819769
Latency: 0.003751346142962575
Latency: 0.003738095983862877
Latency: 0.0042666420340538025
Latency: 0.0037711618933826685
Latency: 0.003742308123037219
Latency: 0.0038420900236815214
Latency: 0.003785887034609914
Latency: 0.0037780478596687317
Latency: 0.003952663857489824
Latency: 0.0037502229679375887
Latency: 0.00373904500156641
Latency: 0.003831363981589675
Latency: 0.00375112215988338
Latency: 0.003725173883140087
Latency: 0.004021333996206522
Latency: 0.003760914085432887
Latency: 0.0037277641240507364
Latency: 0.004029432078823447
Latency: 0.003756777849048376
Latency: 0.003737787948921323
Latency: 0.004027685150504112
Latency: 0.0037599350325763226
Latency: 0.003737037070095539
Latency: 0.004056671168655157
Latency: 0.003888610051944852
Latency: 0.0037497892044484615
Latency: 0.0040434300899505615
Latency: 0.0037654198240488768
Latency: 0.003742419881746173
Latency: 0.004053912125527859
Latency: 0.003733687102794647
Latency: 0.0037923038471490145
Latency: 0.004053889075294137
Latency: 0.003744689980521798
Latency: 0.0037355399690568447
Latency: 0.004059537081047893
Latency: 0.003767638932913542
Latency: 0.0037525249645113945
Latency: 0.0038397531025111675
Latency: 0.0037273410707712173
Latency: 0.004124556900933385
Latency: 0.0037671609316021204
Latency: 0.0037255140487104654
Latency: 0.004027839982882142
Latency: 0.003755028825253248
Latency: 0.00374488509260118
Latency: 0.004017153987661004
Latency: 0.0037483391351997852
Latency: 0.0037204171530902386
Latency: 0.00400727498345077
Latency: 0.003777052043005824
Latency: 0.0038074080366641283
Latency: 0.004033081000670791
Latency: 0.0037849019281566143
Latency: 0.0037535070441663265
Latency: 0.004031362012028694
Latency: 0.00391462491825223
Latency: 0.003765688044950366
Latency: 0.004022215958684683
Latency: 0.003759796032682061
Latency: 0.0037448271177709103
Latency: 0.004028624156489968
Latency: 0.003769383067265153
Latency: 0.003737493883818388
Latency: 0.004094586940482259
Latency: 0.003789045149460435
Latency: 0.0037681739777326584
Latency: 0.0040411148220300674
Latency: 0.0037604179233312607
Latency: 0.003749212948605418
Latency: 0.00404780195094645
Latency: 0.0037767670582979918
Latency: 0.003880689851939678
Latency: 0.004388453904539347
Latency: 0.003754619974642992
Latency: 0.003774415934458375
Latency: 0.0038221750874072313
Latency: 0.003754952922463417
Latency: 0.0037431640084832907
Latency: 0.004020920023322105
Latency: 0.003976319916546345
Latency: 0.0037537210155278444
Latency: 0.004015465034171939
Latency: 0.003748425981029868
Latency: 0.0037676519714295864
Latency: 0.004029065137729049
Latency: 0.0037418960127979517
Latency: 0.0037492280825972557
Latency: 0.004198415903374553
Latency: 0.0037362920120358467
Latency: 0.0037337238900363445
Latency: 0.004010162083432078
Latency: 0.0037668768782168627
Latency: 0.0037617660127580166
Latency: 0.004032565979287028
Latency: 0.0037455158308148384
Latency: 0.0037478660233318806
Latency: 0.004018610110506415
Latency: 0.0037389970384538174
Latency: 0.003730003023520112
Latency: 0.0040347520262002945
Latency: 0.0037475270219147205
Latency: 0.003754212986677885
Latency: 0.004055648110806942
Latency: 0.0038708269130438566
Latency: 0.003746905829757452
Latency: 0.004032366210594773
Latency: 0.0037405749317258596
Latency: 0.0037459610030055046
Latency: 0.0038649500347673893
Latency: 0.0037202630192041397
Latency: 0.004002127097919583
Latency: 0.0037525349762290716
Latency: 0.003737926948815584
Latency: 0.004000543849542737
Latency: 0.003767432877793908
Latency: 0.003736089915037155
Latency: 0.0040152850560843945
Latency: 0.0037659411318600178
Latency: 0.003715737024322152
Latency: 0.004149876069277525
Latency: 0.003782553132623434
Latency: 0.003737226128578186
Latency: 0.0040141569916158915
Latency: 0.0038036098703742027
Latency: 0.003743004985153675
Latency: 0.004015634069219232
Latency: 0.003741669002920389
Latency: 0.0037357748951762915
Latency: 0.0040170918218791485
Latency: 0.0037939988542348146
Latency: 0.0037522849161177874
Latency: 0.004025350091978908
Latency: 0.0037583361845463514
Latency: 0.003740896936506033
Latency: 0.004021340049803257
Latency: 0.00390846305526793
Latency: 0.0037431088276207447
Latency: 0.0040280260145664215
Latency: 0.003755047917366028
Latency: 0.00374896009452641
Latency: 0.004051255062222481
Latency: 0.0037545040249824524
Latency: 0.003733455901965499
Latency: 0.00428712391294539
Latency: 0.003759747836738825
Latency: 0.003731156000867486
Latency: 0.0038247050251811743
Latency: 0.003758378094062209
Latency: 0.0037206108681857586
Latency: 0.0040258311200886965
Latency: 0.003763152053579688
Latency: 0.003913996042683721
Latency: 0.004082651110365987
Latency: 0.003732918994501233
Latency: 0.0037202509120106697
Latency: 0.004024409921839833
Latency: 0.003758162958547473
Latency: 0.003746873000636697
Latency: 0.004036003956571221
Latency: 0.0037258388474583626
Latency: 0.0037574011366814375
Latency: 0.003892923006787896
Latency: 0.003747715847566724
Latency: 0.003728365059942007
Latency: 0.004024706082418561
Latency: 0.0037470331881195307
Latency: 0.0037391490768641233
Latency: 0.004150077002122998
Latency: 0.0037450899835675955
Latency: 0.0037322540301829576
Latency: 0.004036603029817343
Latency: 0.0037499391473829746
Latency: 0.0037270078901201487
Latency: 0.004039990017190576
Latency: 0.003749858122318983
Latency: 0.0037535710725933313
Latency: 0.004054376157000661
Latency: 0.0037576910108327866
Latency: 0.0037551329005509615
Latency: 0.003883576951920986
Latency: 0.003724660025909543
Latency: 0.003995317965745926
Latency: 0.003756304970011115
Latency: 0.00387194799259305
Latency: 0.003990875789895654
Latency: 0.0037431379314512014
Latency: 0.0037106319796293974
Latency: 0.004028793890029192
Latency: 0.0037649699952453375
Latency: 0.0037306242156773806
Latency: 0.004010869190096855
Latency: 0.003786264918744564
Latency: 0.00374036212451756
Latency: 0.004047062946483493
Latency: 0.00377363502047956
Latency: 0.0037460278254002333
Latency: 0.0040307058952748775
Latency: 0.003778809914365411
Latency: 0.0037375609390437603
Latency: 0.004146869061514735
Latency: 0.003781361971050501
Latency: 0.003732699900865555
Latency: 0.004012834979221225
Latency: 0.0037665539421141148
Latency: 0.0037481719627976418
Latency: 0.004054588032886386
Latency: 0.0037487398367375135
Latency: 0.003729902906343341
Latency: 0.004044026136398315
Latency: 0.003773909993469715
Latency: 0.0037505528889596462
Latency: 0.004025754053145647
Latency: 0.003754100063815713
Latency: 0.0037327450700104237
Latency: 0.004302209010347724
Latency: 0.0038796551525592804
Latency: 0.003724797861650586
Latency: 0.0038329539820551872
Latency: 0.003733502933755517
Latency: 0.0037219622172415257
Latency: 0.003997887950390577
Latency: 0.0037518481258302927
Latency: 0.0037182949017733335
Latency: 0.004016929073259234
Latency: 0.003730794880539179
Latency: 0.0037439458537846804
Latency: 0.0041041329968720675
Latency: 0.003747886046767235
Latency: 0.0037212769966572523
Latency: 0.004044316941872239
Latency: 0.003746208967640996
Latency: 0.003864963073283434
Latency: 0.004047842929139733
Latency: 0.0037455931305885315
Latency: 0.003738958854228258
Latency: 0.003906547091901302
Latency: 0.00376190897077322
Latency: 0.003751944052055478
Latency: 0.00404934911057353
Latency: 0.003766442881897092
Latency: 0.0037389430217444897
Latency: 0.004042599117383361
Latency: 0.0037227089051157236
Latency: 0.0037425279151648283
Latency: 0.004026839975267649
Latency: 0.003737659892067313
Latency: 0.003748890943825245
Latency: 0.004166088066995144
Latency: 0.0037361029535531998
Latency: 0.0037676410283893347
Latency: 0.0038287281058728695
Latency: 0.003758220002055168
Latency: 0.00402493798173964
Latency: 0.00377600803039968
Latency: 0.0037350740749388933
Latency: 0.004027507966384292
Latency: 0.003775490913540125
Latency: 0.0037471100222319365
Latency: 0.004039175109937787
Latency: 0.0037673439364880323
Latency: 0.003743029898032546
Latency: 0.004038400948047638
Latency: 0.004312086850404739
Latency: 0.003899435978382826
Latency: 0.00403244886547327
Latency: 0.003786024870350957
Latency: 0.0037680440582334995
Latency: 0.004032434895634651
Latency: 0.0037736380472779274
Latency: 0.003765408182516694
Latency: 0.004059567116200924
Latency: 0.003758765058591962
Latency: 0.003767103888094425
Latency: 0.004026847891509533
Latency: 0.0037599860224872828
Latency: 0.0037286169826984406
Latency: 0.004044567933306098
Latency: 0.0037758280523121357
Latency: 0.003750137984752655
Latency: 0.004176056012511253
Latency: 0.003757137106731534
Latency: 0.003735886886715889
Latency: 0.00402992102317512
Latency: 0.0038108190055936575
Latency: 0.003751019947230816
Latency: 0.004446859005838633
Latency: 0.0037638270296156406
Latency: 0.00372683210298419
Latency: 0.0038242368027567863
Latency: 0.0037493291310966015
Latency: 0.0037121071945875883
Latency: 0.004001871915534139
Latency: 0.003755945013836026
Latency: 0.0037135109305381775
Latency: 0.0040553598664700985
Latency: 0.003888168837875128
Latency: 0.0037780951242893934
Latency: 0.004034620011225343
Latency: 0.003766691079363227
Latency: 0.003976853098720312
Latency: 0.004086283966898918
Latency: 0.003739377949386835
Latency: 0.003753158962354064
Latency: 0.004058295162394643
Latency: 0.0037507980596274137
Latency: 0.003742072032764554
Latency: 0.004037674982100725
Latency: 0.003755896119400859
Latency: 0.0037262889090925455
Latency: 0.0040385599713772535
Latency: 0.0037229571025818586
Latency: 0.0038780919276177883
Latency: 0.0040690109599381685
Latency: 0.003740598913282156
Latency: 0.0037288470193743706
Latency: 0.004050632938742638
Latency: 0.0037306761369109154
Latency: 0.0037373830564320087
Latency: 0.004048144910484552
Latency: 0.0037414878606796265
Latency: 0.0037285289727151394
Latency: 0.004060033010318875
Latency: 0.0038174798246473074
Latency: 0.004077262012287974
Latency: 0.0038279348518699408
Latency: 0.0037992538418620825
Latency: 0.004101266851648688
Latency: 0.003998195054009557
Latency: 0.0037342470604926348
Latency: 0.004026226932182908
Latency: 0.0037418068386614323
Latency: 0.0037319741677492857
Latency: 0.0040234532207250595
Latency: 0.0037656640633940697
Latency: 0.003737222868949175
Latency: 0.0040441290475428104
Latency: 0.0037707050796598196
Latency: 0.0037353569641709328
Latency: 0.00401662290096283
Latency: 0.003819062141701579
Latency: 0.003819946898147464
Latency: 0.004101536935195327
Latency: 0.0038224549498409033
Latency: 0.003934209002181888
Latency: 0.0040911168325692415
Latency: 0.003848027903586626
Latency: 0.003785845823585987
Latency: 0.004048680886626244
Latency: 0.003769078990444541
Latency: 0.0037308649625629187
Latency: 0.004061991814523935
Latency: 0.0037618959322571754
Latency: 0.0037343211006373167
Latency: 0.004047715105116367
Latency: 0.0037738250102847815
Latency: 0.003748479066416621
Latency: 0.004334090976044536
Latency: 0.0037703828420490026
Latency: 0.003764837048947811
Latency: 0.003965242998674512
Latency: 0.0037566148675978184
Latency: 0.0037298169918358326
Latency: 0.004054180113598704
Latency: 0.0037516551092267036
Latency: 0.003707126947119832
Latency: 0.004033927107229829
Latency: 0.0037528809625655413
Latency: 0.0037333229556679726
Latency: 0.004053211072459817
Latency: 0.0037543110083788633
Latency: 0.0037250828463584185
Latency: 0.004175323992967606
Latency: 0.0038325549103319645
Latency: 0.003801169106736779
Latency: 0.004124061902984977
Latency: 0.004016874125227332
Latency: 0.0038375291042029858
Latency: 0.004162669880315661
Latency: 0.003818390890955925
Latency: 0.0038101118989288807
Latency: 0.004100700840353966
Latency: 0.003824876854196191
Latency: 0.003759445156902075
Latency: 0.004046052927151322
Latency: 0.0037270940374583006
Latency: 0.00372365303337574
Latency: 0.00405420595780015
Latency: 0.0037477249279618263
Latency: 0.0037416270934045315
Latency: 0.004040277097374201
Latency: 0.0037661120295524597
Latency: 0.00388894509524107
Latency: 0.00385310803540051
Latency: 0.0037517789751291275
Latency: 0.004028673050925136
Latency: 0.0037810581270605326
Latency: 0.0037319331895560026
Latency: 0.004045706940814853
Latency: 0.003746059024706483
Latency: 0.003721575951203704
Latency: 0.004039535066112876
Latency: 0.0037720580585300922
Latency: 0.0037299259565770626
Latency: 0.004027697024866939
Latency: 0.0037479090970009565
Latency: 0.0037190390285104513
Latency: 0.004013587953522801
Latency: 0.0038792279083281755
Latency: 0.0037371059879660606
Latency: 0.004033510806038976
Latency: 0.0037755609955638647
Latency: 0.003729619085788727
Latency: 0.004052820149809122
Latency: 0.0037960181944072247
Latency: 0.003744554938748479
Latency: 0.004032057942822576
Latency: 0.003774059936404228
Latency: 0.003726731054484844
Latency: 0.00403777789324522
Latency: 0.0037390959914773703
Latency: 0.003743537003174424
Latency: 0.0040406829211860895
Latency: 0.0037762729916721582
Latency: 0.0038829899858683348
Latency: 0.004034330137073994
Latency: 0.0037715830840170383
Latency: 0.0037426319904625416
Latency: 0.004332817858085036
Latency: 0.003747733077034354
Latency: 0.0037137269973754883
Latency: 0.003808902110904455
Latency: 0.003767993999645114
Latency: 0.0037412350066006184
Latency: 0.003833202878013253
Latency: 0.003769280156120658
Latency: 0.003709640121087432
Latency: 0.004026221111416817
Latency: 0.0037713029887527227
Latency: 0.0037385739851742983
Latency: 0.004166878992691636
Latency: 0.0037614479660987854
Latency: 0.00373507896438241
Latency: 0.00403157202526927
Latency: 0.0037431721575558186
Latency: 0.003736098064109683
Latency: 0.0042191550601273775
Latency: 0.0037555349990725517
Latency: 0.003738003084436059
Latency: 0.004041387001052499
Latency: 0.0037354358937591314
Latency: 0.003723412984982133
Latency: 0.004057297017425299
Latency: 0.003740997053682804
Latency: 0.0037089029792696238
Latency: 0.0040334719233214855
Latency: 0.0038915390614420176
Latency: 0.003763176966458559
Latency: 0.004044662928208709
Latency: 0.0037543107755482197
Latency: 0.0037366030737757683
Latency: 0.0040426659397780895
Latency: 0.0037305569276213646
Latency: 0.0037337110843509436
Latency: 0.0038809110410511494
Latency: 0.0037210381124168634
Latency: 0.004012653138488531
Latency: 0.0037652761675417423
Latency: 0.0037517501041293144
Latency: 0.004091941984370351
Latency: 0.003749651135876775
Latency: 0.0037204138934612274
Latency: 0.0041486239060759544
Latency: 0.003757383907213807
Latency: 0.0037328568287193775
Latency: 0.004031333839520812
Latency: 0.0037748750764876604
Latency: 0.003727565985172987
Latency: 0.004029258852824569
Latency: 0.0037851110100746155
Latency: 0.0037457370199263096
Latency: 0.004033204168081284
Latency: 0.003763654036447406
Latency: 0.0037439370062202215
Latency: 0.0040377110708504915
Latency: 0.0037574050948023796
Latency: 0.003724816022440791
Latency: 0.004017776111140847
Latency: 0.003895475994795561
Latency: 0.0037688349839299917
Latency: 0.004115052986890078
Latency: 0.0038551371544599533
Latency: 0.0037614568136632442
Latency: 0.004055490950122476
Latency: 0.0037949320394545794
Latency: 0.003755431855097413
Latency: 0.004047101829200983
Latency: 0.0037589450366795063
Latency: 0.003733796998858452
Latency: 0.004503725096583366
Latency: 0.003770075971260667
Latency: 0.0037364731542766094
Latency: 0.039945876924321055
Latency: 0.004316635895520449
Latency: 0.004008796997368336
Latency: 0.003963568015024066
Latency: 0.0037468778900802135
Latency: 0.003720920067280531
Latency: 0.0039725108072161674
Latency: 0.003739170031622052
Latency: 0.003919288050383329
Latency: 0.0038129810709506273
Latency: 0.0037485649809241295
Latency: 0.004048516042530537
Latency: 0.003752416931092739
Latency: 0.003729861928150058
Latency: 0.003858298994600773
Latency: 0.003730732947587967
Latency: 0.004037977894768119
Latency: 0.003746656933799386
Latency: 0.003873667912557721
Latency: 0.0038240731228142977
Latency: 0.003957740962505341
Latency: 0.004047346999868751
Latency: 0.0037619429640471935
Latency: 0.003728701965883374
Latency: 0.003855070099234581
Latency: 0.0037276018410921097
Latency: 0.003860201919451356
Latency: 0.003749607829377055
Latency: 0.0037511750124394894
Latency: 0.0038961030077189207
Latency: 0.0037345499731600285
Latency: 0.003975164145231247
Latency: 0.003740341169759631
Latency: 0.003724270034581423
Latency: 0.0041576100047677755
Latency: 0.003788148984313011
Latency: 0.0037372889928519726
Latency: 0.004019235959276557
Latency: 0.0037705290596932173
Latency: 0.003745168913155794
Latency: 0.004017476923763752
Latency: 0.0037571799475699663
Latency: 0.0037248071748763323
Latency: 0.004000304965302348
Latency: 0.003765515983104706
Latency: 0.0037198171485215425
Latency: 0.0040273298509418964
Latency: 0.003769233822822571
Latency: 0.003724037203937769
Latency: 0.004020186839625239
Latency: 0.0038890151772648096
Latency: 0.0037319790571928024
Latency: 0.0040156717877835035
Latency: 0.0037780499551445246
Latency: 0.003718371968716383
Latency: 0.004036086145788431
Latency: 0.0037703809794038534
Latency: 0.0037187610287219286
Latency: 0.004013747908174992
Latency: 0.003776489058509469
Latency: 0.0037375709507614374
Latency: 0.00401803501881659
Latency: 0.003779228078201413
Latency: 0.003743993816897273
Latency: 0.004504621960222721
Latency: 0.00375176384113729
Latency: 0.0038631269708275795
Latency: 0.003971179947257042
Latency: 0.0037713160272687674
Latency: 0.003741350956261158
Latency: 0.003957394976168871
Latency: 0.003743878798559308
Latency: 0.003727304982021451
Latency: 0.0038261839654296637
Latency: 0.003750581992790103
Latency: 0.003757100086659193
Latency: 0.0038456900510936975
Latency: 0.003771555842831731
Latency: 0.003735691076144576
Latency: 0.0038388539105653763
Latency: 0.0037725791335105896
Latency: 0.0037381930742412806
Latency: 0.004177317023277283
Latency: 0.003750368021428585
Latency: 0.0037217901553958654
Latency: 0.004030909156426787
Latency: 0.003747269045561552
Latency: 0.003711526980623603
Latency: 0.004051843890920281
Latency: 0.003782059997320175
Latency: 0.003753276076167822
Latency: 0.004030654206871986
Latency: 0.0037483079358935356
Latency: 0.0037421511951833963
Latency: 0.004052451113238931
Latency: 0.0037523468490689993
Latency: 0.008835204178467393
Latency: 0.004347842885181308
Latency: 0.0039840389508754015
Latency: 0.003798420075327158
Latency: 0.004848517011851072
Latency: 0.0037781752180308104
Latency: 0.003746208967640996
Latency: 0.004064165987074375
Latency: 0.003740966087207198
Latency: 0.003726158058270812
Latency: 0.004052656935527921
Latency: 0.0037584099918603897
Latency: 0.0037558709736913443
Latency: 0.004042898071929812
Latency: 0.0037618130445480347
Latency: 0.003734027035534382
Latency: 0.004037023987621069
Latency: 0.0037317508831620216
Latency: 0.0038942701648920774
Latency: 0.004043598892167211
Latency: 0.0037415260449051857
Latency: 0.003727964125573635
Latency: 0.004053400130942464
Latency: 0.0037609729915857315
Latency: 0.0037408878561109304
Latency: 0.0040703879203647375
Latency: 0.0037629948928952217
Latency: 0.003738724160939455
Latency: 0.004042987013235688
Latency: 0.0037497140001505613
Latency: 0.003736291080713272
Latency: 0.004057205049321055
Latency: 0.0037635660264641047
Latency: 0.0037321520503610373
Latency: 0.004399530123919249
Latency: 0.0038443179801106453
Latency: 0.0037775260861963034
Latency: 0.004076552810147405
Latency: 0.00379990809597075
Latency: 0.003747731912881136
Latency: 0.0038464257959276438
Latency: 0.003721168963238597
Latency: 0.0038745738565921783
Latency: 0.0037694380152970552
Latency: 0.0037293119821697474
Latency: 0.004025015980005264
Latency: 0.0037680917885154486
Latency: 0.003763316199183464
Latency: 0.004046276211738586
Latency: 0.003745588008314371
Latency: 0.003867737017571926
Latency: 0.004036156926304102
Latency: 0.0037587389815598726
Latency: 0.0037376550026237965
Latency: 0.004019818967208266
Latency: 0.003771889954805374
Latency: 0.0037347660399973392
Latency: 0.004039478953927755
Latency: 0.0037794611416757107
Latency: 0.003747618058696389
Latency: 0.0040536250453442335
Latency: 0.003790982998907566
Latency: 0.0037614889442920685
Latency: 0.004051069961860776
Latency: 0.003784501226618886
Latency: 0.0037782599683851004
Latency: 0.00418973108753562
Latency: 0.0037887440994381905
Latency: 0.0037660920061171055
Latency: 0.004062637221068144
Latency: 0.0037834998220205307
Latency: 0.003762240055948496
Latency: 0.0040473488625139
Latency: 0.003774033160880208
Latency: 0.003752581076696515
Latency: 0.0045691500417888165
Latency: 0.003738485975190997
Latency: 0.0037287920713424683
Latency: 0.0040374998934566975
Latency: 0.0037318230606615543
Latency: 0.003743882058188319
Latency: 0.004008097108453512
Latency: 0.0038935882039368153
Latency: 0.003733688034117222
Latency: 0.004027412971481681
Latency: 0.0037285578437149525
Latency: 0.0037360270507633686
Latency: 0.004060081904754043
Latency: 0.0037541731726378202
Latency: 0.0037467728834599257
Latency: 0.0040070980321615934
Latency: 0.003747406182810664
Latency: 0.003728811861947179
Latency: 0.004008897114545107
Latency: 0.0038599460385739803
Latency: 0.0037745379377156496
Latency: 0.004036888014525175
Latency: 0.003749989904463291
Latency: 0.003855587914586067
Latency: 0.004041763022542
Latency: 0.003758551087230444
Latency: 0.0037692380137741566
Latency: 0.0040612739976495504
Latency: 0.003757026046514511
Latency: 0.0037579978816211224
Latency: 0.004035706166177988
Latency: 0.003773330943658948
Latency: 0.0037412161473184824
Latency: 0.004042458022013307
Latency: 0.003742988919839263
Latency: 0.0037339769769459963
Latency: 0.003843472106382251
Latency: 0.003735441016033292
Latency: 0.0040658689104020596
Latency: 0.003967045107856393
Latency: 0.003845261177048087
Latency: 0.004112310009077191
Latency: 0.003840175922960043
Latency: 0.003811188042163849
Latency: 0.004087322857230902
Latency: 0.0037809889763593674
Latency: 0.0037399251013994217
Latency: 0.004013767000287771
Latency: 0.0037869520019739866
Latency: 0.0037336701061576605
Latency: 0.004044051980599761
Latency: 0.003771731862798333
Latency: 0.003739811945706606
Latency: 0.004024505149573088
Latency: 0.003765012137591839
Latency: 0.0038818949833512306
Latency: 0.004010668024420738
Latency: 0.0037682699039578438
Latency: 0.003743463195860386
Latency: 0.004007248906418681
Latency: 0.0037623001262545586
Latency: 0.0037362799048423767
Latency: 0.0040475730784237385
Latency: 0.003768094116821885
Latency: 0.0037259499076753855
Latency: 0.004044185858219862
Latency: 0.0037719900719821453
Latency: 0.0037475789431482553
Latency: 0.004046840826049447
Latency: 0.0037573189474642277
Latency: 0.003727633971720934
Latency: 0.004433013964444399
Latency: 0.0037701160181313753
Latency: 0.0037199389189481735
Latency: 0.003817562013864517
Latency: 0.003766407025977969
Latency: 0.0037221249658614397
Latency: 0.004028440918773413
Latency: 0.0037473419215530157
Latency: 0.0037440680898725986
Latency: 0.0040380749851465225
Latency: 0.00376853602938354
Latency: 0.003722218796610832
Latency: 0.004043277120217681
Latency: 0.003737682942301035
Latency: 0.0037333210930228233
Latency: 0.004029132192954421
Latency: 0.004020604072138667
Latency: 0.00377041008323431
Latency: 0.004032135009765625
Latency: 0.003739217994734645
Latency: 0.0037307818420231342
Latency: 0.004025564994663
Latency: 0.0037336149252951145
Latency: 0.0037433269899338484
Latency: 0.0040598048362880945
Latency: 0.0038158372044563293
Latency: 0.00378836109302938
Latency: 0.004114412935450673
Latency: 0.0038317141588777304
Latency: 0.003819960867986083
Latency: 0.0041299809236079454
Latency: 0.0037737691309303045
Latency: 0.00388709781691432
Latency: 0.004033799050375819
Latency: 0.0037547710817307234
Latency: 0.003745047142729163
Latency: 0.0038813920691609383
Latency: 0.0037249340675771236
Latency: 0.003991120029240847
Latency: 0.0037546830717474222
Latency: 0.0037363311275839806
Latency: 0.004006224917247891
Latency: 0.0037694990169256926
Latency: 0.003766020992770791
Latency: 0.004026290029287338
Latency: 0.0037552330177277327
Latency: 0.003720819018781185
Latency: 0.004014883888885379
Latency: 0.003907797858119011
Latency: 0.0037255799397826195
Latency: 0.0040386521723121405
Latency: 0.0037803908344358206
Latency: 0.003740958869457245
Latency: 0.004030229989439249
Latency: 0.003787331050261855
Latency: 0.003750008996576071
Latency: 0.004124196944758296
Latency: 0.0038501680828630924
Latency: 0.003800080856308341
Latency: 0.004116795025765896
Latency: 0.0038423798978328705
Latency: 0.0037972209975123405
Latency: 0.0041100948583334684
Latency: 0.0037576258182525635
Latency: 0.003888484090566635
Latency: 0.004060669103637338
Latency: 0.0037539880722761154
Latency: 0.0037320521660149097
Latency: 0.0040509700775146484
Latency: 0.003761135973036289
Latency: 0.003763562999665737
Latency: 0.004355694865807891
Latency: 0.0037479561287909746
Latency: 0.0037389600183814764
Latency: 0.003829074092209339
Latency: 0.003778398036956787
Latency: 0.003747359849512577
Latency: 0.004018669947981834
Latency: 0.003775891149416566
Latency: 0.0037436909042298794
Latency: 0.004170028958469629
Latency: 0.003728394163772464
Latency: 0.0037413311656564474
Latency: 0.004043733002617955
Latency: 0.00375739810988307
Latency: 0.003747696988284588
Latency: 0.004033954814076424
Latency: 0.003774863900616765
Latency: 0.00377866392955184
Latency: 0.004037295002490282
Latency: 0.003745187073945999
Latency: 0.003726643044501543
Latency: 0.0040446200873702765
Latency: 0.0037652109749615192
Latency: 0.0037500429898500443
Latency: 0.004042437067255378
Latency: 0.003882527817040682
Latency: 0.0037305918522179127
Latency: 0.00407007010653615
Latency: 0.003785640001296997
Latency: 0.003749844152480364
Latency: 0.004041258944198489
Latency: 0.0037640919908881187
Latency: 0.0037204299587756395
Latency: 0.004047383088618517
Latency: 0.0037246160209178925
Latency: 0.0037386289332062006
Latency: 0.0038509778678417206
Latency: 0.003721032990142703
Latency: 0.004013107856735587
Latency: 0.003740826155990362
Latency: 0.0037218879442662
Latency: 0.004152986919507384
Latency: 0.003775574965402484
Latency: 0.0037538979668170214
Latency: 0.004018578911200166
Latency: 0.0037823340389877558
Latency: 0.0037159351631999016
Latency: 0.004019693937152624
Latency: 0.003774303011596203
Latency: 0.003766882000491023
Latency: 0.004009185126051307
Latency: 0.003748358925804496
Latency: 0.0037280041724443436
Latency: 0.004014889942482114
Latency: 0.003757361089810729
Latency: 0.0037108450196683407
Latency: 0.004033321049064398
Latency: 0.0039186920039355755
Latency: 0.0037307189777493477
Latency: 0.004014855017885566
Latency: 0.0037772920913994312
Latency: 0.0037495680153369904
Latency: 0.00403064489364624
Latency: 0.00376502494327724
Latency: 0.003727417904883623
Latency: 0.004051171010360122
Latency: 0.003766953945159912
Latency: 0.003738736966624856
Latency: 0.0040422771126031876
Latency: 0.0037402838934212923
Latency: 0.0037196690682321787
Latency: 0.004303300986066461
Latency: 0.0037499109748750925
Latency: 0.0038707908242940903
Latency: 0.0038230980280786753
Latency: 0.00373825803399086
Latency: 0.0037291899789124727
Latency: 0.003974797902628779
Latency: 0.00376948993653059
Latency: 0.0037168858107179403
Latency: 0.004017339088022709
Latency: 0.0037462429609149694
Latency: 0.003745496040210128
Latency: 0.004035533173009753
Latency: 0.0037268688902258873
Latency: 0.0037303511053323746
Latency: 0.004060703096911311
Latency: 0.0037419258151203394
Latency: 0.0037448240909725428
Latency: 0.004292058991268277
Latency: 0.0037883741315454245
Latency: 0.003733912017196417
Latency: 0.0040371769573539495
Latency: 0.003738808911293745
Latency: 0.0037382470909506083
Latency: 0.004060508217662573
Latency: 0.003761240979656577
Latency: 0.0037412631791085005
Latency: 0.00405313796363771
Latency: 0.003750062081962824
Latency: 0.0037612169981002808
Latency: 0.004037392092868686
Latency: 0.0037404110189527273
Latency: 0.0037694349884986877
Latency: 0.004084858112037182
Latency: 0.003892865963280201
Latency: 0.0037502930499613285
Latency: 0.003864428959786892
Latency: 0.003734466154128313
Latency: 0.004020622931420803
Latency: 0.003766096895560622
Latency: 0.00372761907055974
Latency: 0.003990330034866929
Latency: 0.0037654440384358168
Latency: 0.0037211449816823006
Latency: 0.0040257039945572615
Latency: 0.0037627341225743294
Latency: 0.003779304213821888
Latency: 0.004040557891130447
Latency: 0.003737242892384529
Latency: 0.003713553072884679
Latency: 0.0041855990421026945
Latency: 0.003776197088882327
Latency: 0.0037288551684468985
Latency: 0.0040288621094077826
Latency: 0.0037684570997953415
Latency: 0.003752221120521426
Latency: 0.004028672119602561
Latency: 0.0037653539329767227
Latency: 0.0037548840045928955
Latency: 0.004020757041871548
Latency: 0.0037629969883710146
Latency: 0.0037137370090931654
Latency: 0.0040194441098719835
Latency: 0.003741634078323841
Latency: 0.0037371988873928785
Latency: 0.004045029869303107
Latency: 0.003910423023626208
Latency: 0.0037496290169656277
Latency: 0.0040399059653282166
Latency: 0.0037520090118050575
Latency: 0.003741180058568716
Latency: 0.004329852992668748
Latency: 0.003753731958568096
Latency: 0.0037275091744959354
Latency: 0.00398255605250597
Latency: 0.0037707609590142965
Latency: 0.003717313054949045
Latency: 0.0038547369185835123
Latency: 0.003777960082516074
Latency: 0.003730621887370944
Latency: 0.003846728941425681
Latency: 0.003752026939764619
Latency: 0.003879504045471549
Latency: 0.004035621881484985
Latency: 0.003760523861274123
Latency: 0.003716534934937954
Latency: 0.00406296388246119
Latency: 0.00373530900105834
Latency: 0.0037488050293177366
Latency: 0.004051581025123596
Latency: 0.0037581559736281633
Latency: 0.0037336579989641905
Latency: 0.004033677978441119
Latency: 0.0039058930706232786
Latency: 0.003747601993381977
Latency: 0.004021742148324847
Latency: 0.0037484578788280487
Latency: 0.0037396850530058146
Latency: 0.004178177798166871
Latency: 0.0037459430750459433
Latency: 0.003733549965545535
Latency: 0.004024249967187643
Latency: 0.0037380210123956203
Latency: 0.0037225501146167517
Latency: 0.004040984902530909
Latency: 0.003763976041227579
Latency: 0.0037350819911807775
Latency: 0.003846180159598589
Latency: 0.003728126874193549
Latency: 0.003992683021351695
Latency: 0.0037756108213216066
Latency: 0.0037454331759363413
Latency: 0.004006936913356185
Latency: 0.003745581954717636
Latency: 0.003858401905745268
Latency: 0.004025925183668733
Latency: 0.003757497062906623
Latency: 0.003729294054210186
Latency: 0.004027428803965449
Latency: 0.0037606849800795317
Latency: 0.003727311035618186
Latency: 0.0040224408730864525
Latency: 0.003764687106013298
Latency: 0.0037419551517814398
Latency: 0.004011642187833786
Latency: 0.0037649988662451506
Latency: 0.0037415630649775267
Latency: 0.004014693899080157
Latency: 0.003758594859391451
Latency: 0.003733784891664982
Latency: 0.004145776154473424
Latency: 0.0037769759073853493
Latency: 0.0037745109293609858
Latency: 0.004038838902488351
Latency: 0.0037548760883510113
Latency: 0.00374335004016757
Latency: 0.004032691940665245
Latency: 0.003771641058847308
Latency: 0.003723945003002882
Latency: 0.004034493118524551
Latency: 0.0037706850562244654
Latency: 0.003766838926821947
Latency: 0.004323897184804082
Latency: 0.0037814611569046974
Latency: 0.0037146478425711393
Latency: 0.0038286391645669937
Latency: 0.0039019130636006594
Latency: 0.003725884947925806
Latency: 0.00403812900185585
Latency: 0.003770648967474699
Latency: 0.003718610852956772
Latency: 0.004018500912934542
Latency: 0.0037469379603862762
Latency: 0.00374455819837749
Latency: 0.004050955176353455
Latency: 0.0037263131234794855
Latency: 0.0037017189897596836
Latency: 0.0040366321336477995
Latency: 0.003758546896278858
Latency: 0.0037487249355763197
Latency: 0.00401391601189971
Latency: 0.0037229519803076982
Latency: 0.003830889007076621
Latency: 0.004046475049108267
Latency: 0.003733620047569275
Latency: 0.0037272360641509295
Latency: 0.004022052977234125
Latency: 0.003742665983736515
Latency: 0.0037448517978191376
Latency: 0.004077901132404804
Latency: 0.003751810174435377
Latency: 0.0037424489855766296
Latency: 0.004002126166597009
Latency: 0.00373348081484437
Latency: 0.0037277480587363243
Latency: 0.0040174860041588545
Latency: 0.0037461458705365658
Latency: 0.0037293601781129837
Latency: 0.003944943891838193
Latency: 0.0037371059879660606
Latency: 0.004002552013844252
Latency: 0.0037633150350302458
Latency: 0.003725707996636629
Latency: 0.0040091159753501415
Latency: 0.003757460042834282
Latency: 0.0037536490708589554
Latency: 0.004016150021925569
Latency: 0.003798514837399125
Latency: 0.003723209025338292
Latency: 0.004017448052763939
Latency: 0.003765215864405036
Latency: 0.00371521501801908
Latency: 0.004010888980701566
Latency: 0.0037662899121642113
Latency: 0.003847111016511917
Latency: 0.0040000278968364
Latency: 0.0037510942202061415
Latency: 0.0037254851777106524
Latency: 0.004031536169350147
Latency: 0.003740952117368579
Latency: 0.003741511842235923
Latency: 0.004020351218059659
Latency: 0.0037778359837830067
Latency: 0.003753767115995288
Latency: 0.004049430834129453
Latency: 0.0037690410390496254
Latency: 0.0037412899546325207
Latency: 0.004023724934086204
Latency: 0.0037639010697603226
Latency: 0.003747125854715705
Latency: 0.004185006022453308
Latency: 0.0037791519425809383
Latency: 0.003753368044272065
Latency: 0.004324500914663076
Latency: 0.0037594460882246494
Latency: 0.0037206080742180347
Latency: 0.00382525403983891
Latency: 0.0037569249980151653
Latency: 0.0037390601355582476
Latency: 0.004035961115732789
Latency: 0.0037517789751291275
Latency: 0.0037132310681045055
Latency: 0.0040411390364170074
Latency: 0.0037244409322738647
Latency: 0.00373312016017735
Latency: 0.004056330071762204
Latency: 0.003880393924191594
Latency: 0.0037454760167747736
Latency: 0.004030399024486542
Latency: 0.0037397679407149553
Latency: 0.003752396209165454
Latency: 0.004088287008926272
Latency: 0.0037526111118495464
Latency: 0.003736172104254365
Latency: 0.004068184876814485
Latency: 0.0037545969244092703
Latency: 0.003848077030852437
Latency: 0.004063812084496021
Latency: 0.003750140080228448
Latency: 0.003771466901525855
Latency: 0.004071605857461691
Latency: 0.003798387013375759
Latency: 0.0039085689932107925
Latency: 0.004037775099277496
Latency: 0.003735346021130681
Latency: 0.0037611478473991156
Latency: 0.004071216098964214
Latency: 0.0037554979790002108
Latency: 0.0037603890523314476
Latency: 0.0038596908561885357
Latency: 0.0037593210581690073
Latency: 0.004030243027955294
Latency: 0.003805302083492279
Latency: 0.003760840045288205
Latency: 0.004098260076716542
Latency: 0.0038181599229574203
Latency: 0.003752304008230567
Latency: 0.004072332987561822
Latency: 0.003922601928934455
Latency: 0.0037397979758679867
Latency: 0.004045203095301986
Latency: 0.003770330920815468
Latency: 0.0037317920941859484
Latency: 0.004072920884937048
Latency: 0.003773906035348773
Latency: 0.0037638708017766476
Latency: 0.004057254176586866
Latency: 0.0037793118972331285
Latency: 0.0037395369727164507
Latency: 0.004025509115308523
Latency: 0.003770922077819705
Latency: 0.0037720450200140476
Latency: 0.004078414989635348
Latency: 0.003828427055850625
Latency: 0.0039051498752087355
Latency: 0.0040590891148895025
Latency: 0.0037642738316208124
Latency: 0.003741777967661619
Latency: 0.004037882899865508
Latency: 0.0037649578880518675
Latency: 0.0037452830001711845
Latency: 0.004042144166305661
Latency: 0.003794735996052623
Latency: 0.0037355381064116955
Latency: 0.004367600195109844
Latency: 0.0037611769512295723
Latency: 0.0038706259801983833
Latency: 0.003899205010384321
Latency: 0.003816816955804825
Latency: 0.0037872199900448322
Latency: 0.00402992102317512
Latency: 0.003831298090517521
Latency: 0.003770981915295124
Latency: 0.00400388496927917
Latency: 0.0037297429516911507
Latency: 0.0037289359606802464
Latency: 0.004029517062008381
Latency: 0.0037439921870827675
Latency: 0.0037697849329560995
Latency: 0.004042722983285785
Latency: 0.0037487810477614403
Latency: 0.003730802796781063
Latency: 0.004035050980746746
Latency: 0.003758316859602928
Latency: 0.003742622211575508
Latency: 0.004044004948809743
Latency: 0.0038859511259943247
Latency: 0.003745384979993105
Latency: 0.0040671019814908504
Latency: 0.003745236899703741
Latency: 0.0037480429746210575
Latency: 0.004018942127004266
Latency: 0.003746999194845557
Latency: 0.0037450999952852726
Latency: 0.0042185860220342875
Latency: 0.0037666219286620617
Latency: 0.003767881076782942
Latency: 0.004014597972854972
Latency: 0.0037375008687376976
Latency: 0.003745871130377054
Latency: 0.003862994024530053
Latency: 0.003794078016653657
Latency: 0.0042033379431813955
Latency: 0.0038104511331766844
Latency: 0.0037974000442773104
Latency: 0.004091758048161864
Latency: 0.0038311840035021305
Latency: 0.003796420991420746
Latency: 0.0040524660144001245
Latency: 0.003756090998649597
Latency: 0.0037246081046760082
Latency: 0.004010015865787864
Latency: 0.0037417560815811157
Latency: 0.0037320610135793686
Latency: 0.004024456022307277
Latency: 0.0037634389009326696
Latency: 0.0037469970993697643
Latency: 0.004014285979792476
Latency: 0.0039048909675329924
Latency: 0.003727206028997898
Latency: 0.004003357840701938
Latency: 0.0037347138859331608
Latency: 0.0037246181163936853
Latency: 0.004051152151077986
Latency: 0.003781981999054551
Latency: 0.003727125935256481
Latency: 0.004034852143377066
Latency: 0.0037493370473384857
Latency: 0.003734470112249255
Latency: 0.004038501065224409
Latency: 0.003763617016375065
Latency: 0.0037297660019248724
Latency: 0.004081553081050515
Latency: 0.00377678987570107
Latency: 0.003865145845338702
Latency: 0.004281406989321113
Latency: 0.0037423360627144575
Latency: 0.0037086918018758297
Latency: 0.003825295018032193
Latency: 0.0037610300350934267
Latency: 0.0037202059756964445
Latency: 0.004003037931397557
Latency: 0.0037654228508472443
Latency: 0.003735942067578435
Latency: 0.0040384698659181595
Latency: 0.0037404720205813646
Latency: 0.0037286749575287104
Latency: 0.004030423006042838
Latency: 0.0037379690911620855
Latency: 0.0037345460150390863
Latency: 0.004178564064204693
Latency: 0.0037386808544397354
Latency: 0.003720412030816078
Latency: 0.004036071943119168
Latency: 0.003737434046342969
Latency: 0.0037413800600916147
Latency: 0.004031450022011995
Latency: 0.0037515670992434025
Latency: 0.003726065857335925
Latency: 0.004037817008793354
Latency: 0.0037501680199056864
Latency: 0.003750927047803998
Latency: 0.004004057962447405
Latency: 0.0037260050885379314
Latency: 0.003740060841664672
Latency: 0.004034861922264099
Latency: 0.003871056018397212
Latency: 0.0037554861046373844
Latency: 0.004034852841868997
Latency: 0.003891461994498968
Latency: 0.0037677548825740814
Latency: 0.003818723140284419
Latency: 0.0037268081214278936
Latency: 0.004003155045211315
Latency: 0.003748490009456873
Latency: 0.0037114988081157207
Latency: 0.004029497038573027
Latency: 0.0037376228719949722
Latency: 0.0037227661814540625
Latency: 0.004016797058284283
Latency: 0.0037527158856391907
Latency: 0.0037162399385124445
Latency: 0.004143249010667205
Latency: 0.003776398953050375
Latency: 0.0037408110219985247
Latency: 0.00401383894495666
Latency: 0.0037844160106033087
Latency: 0.0037433269899338484
Latency: 0.004002040019258857
Latency: 0.0037624859251081944
Latency: 0.0037074589636176825
Latency: 0.004002717090770602
Latency: 0.0037630179431289434
Latency: 0.003728308016434312
Latency: 0.004012412158772349
Latency: 0.0037558660842478275
Latency: 0.003742680884897709
Latency: 0.004032746888697147
Latency: 0.003907243954017758
Latency: 0.00374050997197628
Latency: 0.004039577906951308
Latency: 0.0037689560558646917
Latency: 0.003727730130776763
Latency: 0.004034111043438315
Latency: 0.0037499270401895046
Latency: 0.0037399278953671455
Latency: 0.004291661083698273
Latency: 0.003744340967386961
Latency: 0.0037246020510792732
Latency: 0.00384064600802958
Latency: 0.0037375548854470253
Latency: 0.0037191559094935656
Latency: 0.003817739197984338
Latency: 0.0037609620485454798
Latency: 0.0038658170960843563
Latency: 0.004033569013699889
Latency: 0.003755610901862383
Latency: 0.00373516115359962
Latency: 0.004043591907247901
Latency: 0.003720005974173546
Latency: 0.003731669159606099
Latency: 0.00403474410995841
Latency: 0.0037191070150583982
Latency: 0.0037087639793753624
Latency: 0.004023349145427346
Latency: 0.0037459740415215492
Latency: 0.0037188769783824682
Latency: 0.004041787004098296
Latency: 0.0037443379405885935
Latency: 0.003728063078597188
Latency: 0.004157648887485266
Latency: 0.0037523831706494093
Latency: 0.0037280009128153324
Latency: 0.004041736014187336
Latency: 0.003739892039448023
Latency: 0.003758793929591775
Latency: 0.004033050965517759
Latency: 0.0037654999177902937
Latency: 0.003740485990419984
Latency: 0.004038281040266156
Latency: 0.0037419809959828854
Latency: 0.00374214188195765
Latency: 0.0038641970604658127
Latency: 0.0039372199680656195
Latency: 0.004016045015305281
Latency: 0.0037514169234782457
Latency: 0.0038578070234507322
Latency: 0.004067464033141732
Latency: 0.003834477858617902
Latency: 0.003734008874744177
Latency: 0.004092877032235265
Latency: 0.0042405950371176004
Latency: 0.004156763199716806
Latency: 0.004260527901351452
Latency: 0.0038529320154339075
Latency: 0.0038053221069276333
Latency: 0.004016475053504109
