Latency: 0.8991995679680258
Latency: 0.8998469731304795
Latency: 0.902008738135919
Latency: 0.9034474028740078
Latency: 0.9048450421541929
Latency: 0.9064257291611284
Latency: 0.9078954099677503
Latency: 0.9093222541268915
Latency: 0.9107952408958226
Latency: 0.9121839602012187
Latency: 0.9136532719712704
Latency: 0.9151120739988983
Latency: 0.9165448199491948
Latency: 0.9180009230040014
Latency: 0.9194505899213254
Latency: 0.9208754641003907
Latency: 0.9223087469581515
Latency: 0.9237124980427325
Latency: 0.9251723769120872
Latency: 0.9268190190196037
Latency: 0.9283274649642408
Latency: 0.9297722862102091
Latency: 0.9312489121221006
Latency: 0.9327195959631354
Latency: 0.9342007879167795
Latency: 0.935750556178391
Latency: 0.9374906711746007
Latency: 0.9393895079847425
Latency: 0.9410988071467727
Latency: 0.9426397201605141
Latency: 0.9440598760265857
Latency: 0.9456262139137834
Latency: 0.9470396430697292
Latency: 0.9486483880318701
Latency: 0.9504687290173024
Latency: 0.9519787728786469
Latency: 0.9534974789712578
Latency: 0.9550263280980289
Latency: 0.956560883903876
Latency: 0.958115867106244
Latency: 0.9597222080919892
Latency: 0.9612724089529365
Latency: 0.9628304119687527
Latency: 0.9644216948654503
Latency: 0.9660127549432218
Latency: 0.9675570270046592
Latency: 0.9692024060059339
Latency: 0.9707632451318204
Latency: 0.9724402630236
Latency: 0.9744284159969538
Latency: 0.9760024819988757
Latency: 0.9776928820647299
Latency: 0.9793185400776565
Latency: 0.9808939760550857
Latency: 0.9824459610972553
Latency: 0.9840272502042353
Latency: 0.9855902411509305
Latency: 0.9871862840373069
Latency: 0.9888773991260678
Latency: 0.9905017889104784
Latency: 0.9921041000634432
Latency: 0.9937772511038929
Latency: 0.9953877259977162
Latency: 0.9971270188689232
Latency: 0.9989860409405082
Latency: 1.0007123050745577
Latency: 1.0023583329748362
Latency: 1.0035794849973172
Latency: 1.0052342398557812
Latency: 1.0067786909639835
Latency: 1.0083835979457945
Latency: 1.009956797817722
Latency: 1.0115035390481353
Latency: 1.0130932058673352
Latency: 1.0146512209903449
Latency: 1.0162522268947214
Latency: 1.0177761150989681
Latency: 1.0192961520515382
Latency: 1.0209128288552165
Latency: 1.02236761408858
Latency: 1.0238132879603654
Latency: 1.0252810479141772
Latency: 1.0267583790700883
Latency: 1.0282935770228505
Latency: 1.0297790931072086
Latency: 1.0312349351588637
Latency: 1.032699636882171
Latency: 1.0341375758871436
Latency: 1.0355981171596795
Latency: 1.0372333549894392
Latency: 1.0111328319180757
Latency: 0.9911323469132185
Latency: 0.9926242250949144
Latency: 0.9940918909851462
Latency: 0.9955216429661959
Latency: 0.9969727981369942
Latency: 0.9984328239224851
Latency: 0.9999215251300484
Latency: 1.00137306493707
Latency: 1.0028340879362077
Latency: 1.0043099748436362
Latency: 1.0057609439827502
Latency: 1.007260083919391
Latency: 1.0143808899447322
Latency: 1.015864351997152
Latency: 1.0173442950472236
Latency: 1.0189699709881097
Latency: 1.0728114740923047
Latency: 1.0743318488821387
Latency: 1.0758217701222748
Latency: 1.0772133017890155
Latency: 1.0867979081813246
Latency: 1.0966189787723124
Latency: 1.0988921320531517
Latency: 1.1120523980353028
Latency: 1.1121655469760299
Latency: 1.1123178321868181
Latency: 1.112175143091008
Latency: 1.0623959410004318
Latency: 1.0633083409629762
Latency: 1.0648562188725919
Latency: 0.5701041659340262
Latency: 0.569360920926556
Latency: 0.5687200790271163
Latency: 0.5648353160358965
Latency: 0.5661524648312479
Latency: 0.5674017400015146
Latency: 0.5688164120074362
Latency: 0.5699657769873738
Latency: 0.6236641709692776
Latency: 0.6445554848760366
Latency: 0.6452461199369282
Latency: 0.6462516700848937
Latency: 0.6474661570973694
Latency: 0.6479725218378007
Latency: 0.6492492230609059
Latency: 0.6505487370304763
Latency: 0.6518740120809525
Latency: 0.6531959830317646
Latency: 0.6545042970683426
Latency: 0.6545883440412581
Latency: 0.6558913900516927
Latency: 0.6572711649350822
Latency: 0.65864541195333
Latency: 0.6599730639718473
Latency: 0.661349822068587
Latency: 0.6636174551676959
Latency: 0.6649067730177194
Latency: 0.666238360106945
Latency: 0.6675493498332798
Latency: 0.6689287219196558
Latency: 0.6702559317927808
Latency: 0.67165272613056
Latency: 0.672694532899186
Latency: 0.6737535879947245
Latency: 0.6749724349938333
Latency: 0.6762734111398458
Latency: 0.6775889231357723
Latency: 0.6789160368498415
Latency: 0.6802286561578512
Latency: 0.6815624821465462
Latency: 0.6829920101445168
Latency: 0.6843825120013207
Latency: 0.6857409300282598
Latency: 0.6869373128283769
Latency: 0.6880578398704529
Latency: 0.6891884310171008
Latency: 0.6901522309053689
Latency: 0.6914136849809438
Latency: 0.6927268898580223
Latency: 0.6940312760416418
Latency: 0.6953504830598831
Latency: 0.6966208580415696
Latency: 0.6979426499456167
Latency: 0.699288384988904
Latency: 0.7006333370227367
Latency: 0.7021410521119833
Latency: 0.703513456042856
Latency: 0.7048716701101512
Latency: 0.7226955599617213
Latency: 0.7242062510922551
Latency: 0.7256954819895327
Latency: 0.7270559261087328
Latency: 0.7284303288906813
Latency: 0.729830184020102
Latency: 0.731231931829825
Latency: 0.7326034910511225
Latency: 0.7339590131305158
Latency: 0.7353651160374284
Latency: 0.7367239589802921
Latency: 0.7381380100268871
Latency: 0.7395481369458139
Latency: 0.7408294568303972
Latency: 0.7668237369507551
Latency: 0.7681428419891745
Latency: 0.7694667999166995
Latency: 0.7966548008844256
Latency: 0.7946447129361331
Latency: 0.7942740910220891
Latency: 0.7939141299575567
Latency: 0.7935624341480434
Latency: 0.793413583887741
Latency: 0.7930999710224569
Latency: 0.7928706009406596
Latency: 0.7927320918533951
Latency: 0.793807937996462
Latency: 0.795190516859293
Latency: 0.796618873020634
Latency: 0.7979918119963259
Latency: 0.7993378748651594
Latency: 0.8007443910464644
Latency: 0.8150970640126616
Latency: 0.8165282390546054
Latency: 0.8179149250499904
Latency: 0.8193766430485994
Latency: 0.820832165889442
Latency: 0.8222295241430402
Latency: 0.8236174648627639
Latency: 0.8250056891702116
Latency: 0.826460650889203
Latency: 0.8277989770285785
Latency: 0.8291852178517729
Latency: 0.8305814799387008
Latency: 0.8320103050209582
Latency: 0.8333900310099125
Latency: 2.0147227609995753
Latency: 2.0167786269448698
Latency: 2.018721397034824
Latency: 0.832299823872745
Latency: 0.8338332469575107
Latency: 0.8352615870535374
Latency: 0.8366404089611024
Latency: 0.8567368818912655
Latency: 0.8581507231574506
Latency: 0.8595470450818539
Latency: 0.8610988100990653
Latency: 0.8605852560140193
Latency: 0.8619461769703776
Latency: 2.0653646050486714
Latency: 2.067687151953578
Latency: 2.0698717541527003
Latency: 2.0718924119137228
Latency: 2.0740565890446305
Latency: 2.076113899005577
Latency: 2.0781626000534743
Latency: 2.080325630027801
Latency: 2.082487737061456
Latency: 2.084569622995332
Latency: 2.0866027041338384
Latency: 2.0886886490043253
Latency: 2.0907137899193913
Latency: 2.0928178438916802
Latency: 2.0948951710015535
Latency: 2.0970261010807008
Latency: 2.099084784043953
Latency: 2.101472174981609
Latency: 2.103583925170824
Latency: 2.1056561630684882
Latency: 2.1078109219670296
Latency: 2.109835183015093
Latency: 2.1118884838651866
Latency: 2.1140591171570122
Latency: 2.1161603808868676
Latency: 2.1182490419596434
Latency: 2.1203084571752697
Latency: 2.122346361866221
Latency: 2.143438925035298
Latency: 2.145501238061115
Latency: 2.1475461299996823
Latency: 2.1495387440081686
Latency: 2.1516457668039948
Latency: 0.9327879420015961
Latency: 0.9339990399312228
Latency: 0.9353434229269624
Latency: 0.9367187770549208
Latency: 0.9380637919530272
Latency: 0.950395941035822
Latency: 0.9515314151067287
Latency: 2.1495246100239456
Latency: 2.1609925979282707
Latency: 2.1630641769152135
Latency: 2.1650422629900277
Latency: 2.167140549980104
Latency: 2.1691961931064725
Latency: 2.1712400859687477
Latency: 2.173296527005732
Latency: 2.1753919089678675
Latency: 2.177462555002421
Latency: 2.17957780091092
Latency: 2.1816861680708826
Latency: 2.1837923519778997
Latency: 2.185856953030452
Latency: 2.187913408037275
Latency: 2.1903859730809927
Latency: 2.192461543949321
Latency: 2.1945221049245447
Latency: 2.196532489033416
Latency: 2.198583558900282
Latency: 2.200635116081685
Latency: 2.2026572751346976
Latency: 2.204717071959749
Latency: 2.2068156860768795
Latency: 2.2089769281446934
Latency: 2.211026598000899
Latency: 2.213108489057049
Latency: 2.18109056702815
Latency: 2.183153060032055
Latency: 2.1852132889907807
Latency: 2.187356455018744
Latency: 2.1896732919849455
Latency: 2.1980395179707557
Latency: 2.200089293066412
Latency: 2.202146413968876
Latency: 2.2042167980689555
Latency: 2.206245772074908
Latency: 2.2083347828593105
Latency: 2.210414743050933
Latency: 2.2124723971355706
Latency: 2.214548182906583
Latency: 2.216598642989993
Latency: 2.2186738171149045
Latency: 2.220769739942625
Latency: 2.223271609051153
Latency: 2.2253057109192014
Latency: 2.227356384973973
Latency: 2.2295633738394827
Latency: 2.2316356538794935
Latency: 2.23369426606223
Latency: 2.235770545899868
Latency: 2.237840917892754
Latency: 2.2398802258539945
Latency: 2.241965563967824
Latency: 2.278362261131406
Latency: 2.2787935931701213
Latency: 2.27968621510081
Latency: 2.2800565320067108
Latency: 2.2804065600503236
Latency: 2.280753412982449
Latency: 2.2918677660636604
Latency: 2.2924025361426175
Latency: 2.2932390419300646
Latency: 2.296060750959441
Latency: 2.296430264832452
Latency: 2.296792052919045
Latency: 2.2971466751769185
Latency: 2.2974904070142657
Latency: 2.2981481100432575
Latency: 2.29859588900581
Latency: 2.300340642919764
Latency: 2.3042575910221785
Latency: 2.3063362590037286
Latency: 2.3083772310055792
Latency: 2.310461394954473
Latency: 2.3126094772014767
Latency: 2.314670563908294
Latency: 2.3167407768778503
Latency: 2.318785910960287
Latency: 2.320874407188967
Latency: 2.3343029890675098
Latency: 2.3364164622034878
Latency: 2.3384969460312277
Latency: 2.3406438941601664
Latency: 2.3136408678255975
Latency: 2.3157011510338634
Latency: 2.3177470800001174
Latency: 2.3198491749353707
Latency: 2.3219391040038317
Latency: 2.324011404067278
Latency: 2.3260702989064157
Latency: 2.328111389884725
Latency: 2.3302066850010306
Latency: 2.3494945119600743
Latency: 2.351666668895632
Latency: 2.353816468967125
Latency: 2.355916384840384
Latency: 2.3580142750870436
Latency: 2.360129071166739
Latency: 1.276649788953364
Latency: 1.2968834310304374
Latency: 1.2982273201923817
Latency: 1.299606824060902
Latency: 1.3009924390353262
Latency: 1.302403180161491
Latency: 1.3038958059623837
Latency: 1.3052763850428164
Latency: 1.2013989761471748
Latency: 1.1983658720273525
Latency: 1.1996601382270455
Latency: 1.2010359719861299
Latency: 1.2024082099087536
Latency: 1.2037352609913796
Latency: 1.205135190160945
Latency: 1.2065884119365364
Latency: 1.2079749559052289
Latency: 1.2093737591058016
Latency: 1.2108078580349684
Latency: 1.212159845046699
Latency: 1.2136361829470843
Latency: 1.2144384279381484
Latency: 1.2158279828727245
Latency: 1.2172152721323073
Latency: 1.2186481461394578
Latency: 1.2201025190297514
Latency: 1.221501535968855
Latency: 1.2229131038766354
Latency: 1.2243412788957357
Latency: 1.226107717026025
Latency: 1.2275794830638915
Latency: 1.2284076779615134
Latency: 1.2297857599332929
Latency: 1.2312159610446543
Latency: 1.232601965079084
Latency: 1.2339440528303385
Latency: 1.2353997079189867
Latency: 1.236772881820798
Latency: 1.2381715178489685
Latency: 1.239594949875027
Latency: 1.2410174049437046
Latency: 1.2423900780268013
Latency: 1.2438107300549746
Latency: 1.2452009830158204
Latency: 1.2465750218834728
Latency: 1.2479937109164894
Latency: 1.2661111138295382
Latency: 1.2675346960313618
Latency: 1.2678761398419738
Latency: 1.269305472029373
Latency: 1.2706444410141557
Latency: 1.2720032560173422
Latency: 1.2734594098292291
Latency: 1.2748245410621166
Latency: 1.276203579036519
Latency: 1.2775998231954873
Latency: 1.279004059964791
Latency: 1.28035698691383
Latency: 1.4083075358066708
Latency: 1.4096961859613657
Latency: 1.411128951003775
Latency: 1.4125755599234253
Latency: 1.4139061430469155
Latency: 1.4153875869233161
Latency: 1.4167853030376136
Latency: 1.4181884790305048
Latency: 1.4195774579420686
Latency: 1.4209676038008183
Latency: 1.4222845789045095
Latency: 1.4236657051369548
Latency: 1.425070321187377
Latency: 1.426466512028128
Latency: 1.427898372989148
Latency: 1.4293003419879824
Latency: 1.430716073140502
Latency: 1.4056673229206353
Latency: 1.365570078138262
Latency: 1.3668171239551157
Latency: 1.3634899170137942
Latency: 1.3648380900267512
Latency: 1.3664816829841584
Latency: 1.3689775231759995
Latency: 1.3705100731458515
Latency: 1.3718935439828783
Latency: 1.37331036105752
Latency: 1.3747131889685988
Latency: 1.3760906970128417
Latency: 1.3774550519883633
Latency: 1.3788408900145441
Latency: 1.380232356954366
Latency: 1.38158528204076
Latency: 1.38315495592542
Latency: 1.384533901931718
Latency: 1.3859402099624276
Latency: 1.3873484330251813
Latency: 1.3887183151673526
Latency: 1.3900906520429999
Latency: 1.391477514989674
Latency: 1.3928662529215217
Latency: 1.393639839021489
Latency: 1.3950206651352346
Latency: 1.3964242138899863
Latency: 1.4233862131368369
Latency: 1.4250267010647804
Latency: 1.4264541810844094
Latency: 1.4278735681436956
Latency: 1.4292778819799423
Latency: 1.4306574701331556
Latency: 1.4652346749790013
Latency: 1.4669063189066947
Latency: 1.4684232531581074
Latency: 1.4454599430318922
Latency: 1.4467117779422551
Latency: 1.4481138088740408
Latency: 1.4461995919700712
Latency: 1.4475610048975796
Latency: 1.4489274378865957
Latency: 1.4446858388837427
Latency: 1.446043225005269
Latency: 1.44746437901631
Latency: 1.4488056958653033
Latency: 1.4502414539456367
Latency: 1.4515971310902387
Latency: 1.4529920250643045
Latency: 1.4544321850407869
Latency: 1.4558145790360868
Latency: 1.4572183799464256
Latency: 1.476309651043266
Latency: 1.4777682679705322
Latency: 1.4792044050991535
Latency: 1.4932216359302402
Latency: 1.4947452899068594
Latency: 1.496185305994004
Latency: 1.4976193020120263
Latency: 1.499045719858259
Latency: 1.500450022984296
Latency: 1.5018673760350794
Latency: 1.5032533500343561
Latency: 1.5046725268475711
Latency: 1.5060894978232682
Latency: 1.5074930170085281
Latency: 1.5088818098884076
Latency: 1.5102675799280405
Latency: 1.5116604680661112
Latency: 1.5130667199846357
Latency: 1.5142129599116743
Latency: 1.5155800660140812
Latency: 1.5170109260361642
Latency: 1.5183973680250347
Latency: 1.5198357771150768
Latency: 1.5212233439087868
Latency: 1.5226001390255988
Latency: 1.523968230932951
Latency: 1.525349774863571
Latency: 1.526759205153212
Latency: 1.4413426900282502
Latency: 1.4425841551274061
Latency: 1.443864359986037
Latency: 1.446714062942192
Latency: 1.4481360148638487
Latency: 1.449550781166181
Latency: 1.4509423689451069
Latency: 1.4523332088720053
Latency: 1.4537004309240729
Latency: 1.4545904600527138
Latency: 1.4559962111525238
Latency: 1.4573863078840077
Latency: 1.4587572808377445
Latency: 1.4601671579293907
Latency: 1.4615645790472627
Latency: 1.4622716621961445
Latency: 1.4636718439869583
Latency: 1.465207990957424
Latency: 1.466626598034054
Latency: 1.468054555123672
Latency: 1.4694286829326302
Latency: 1.4708610081579536
Latency: 1.4722322360612452
Latency: 1.4736168829258531
Latency: 1.4750631169881672
Latency: 1.4764461070299149
Latency: 1.4778700950555503
Latency: 1.4791373708285391
Latency: 1.480500271776691
Latency: 1.4818530909251422
Latency: 1.4832223248668015
Latency: 1.484634534921497
Latency: 1.4859389928169549
Latency: 1.4858875621575862
Latency: 1.5101330080069602
Latency: 1.5105350350495428
Latency: 1.5102284459862858
Latency: 1.5100545620080084
Latency: 1.5097478348761797
Latency: 1.5095615920145065
Latency: 1.5092564441729337
Latency: 1.5090586580336094
Latency: 1.5088483330328017
Latency: 1.508795774076134
Latency: 1.4829487008973956
Latency: 1.4841789698693901
Latency: 1.4856111679691821
Latency: 1.4870868988800794
Latency: 1.499969881027937
Latency: 1.5013751278165728
Latency: 1.5028791311196983
Latency: 1.5036603489425033
Latency: 1.5051195970736444
Latency: 1.5065163639374077
Latency: 1.507903684861958
Latency: 1.5093153219204396
Latency: 1.4689089180901647
Latency: 1.4698101480025798
Latency: 1.471198993967846
Latency: 1.472601112909615
Latency: 1.47398792183958
Latency: 1.4753982489928603
Latency: 1.4767559519968927
Latency: 1.4782125388737768
Latency: 1.479602328967303
Latency: 1.4806766910478473
Latency: 1.4820726979523897
Latency: 1.483303477987647
Latency: 1.4846954569220543
Latency: 1.4861306061502546
Latency: 1.4874914339743555
Latency: 1.4888792750425637
Latency: 1.4909086439292878
Latency: 1.4923155750147998
Latency: 1.493741560028866
Latency: 1.4951731031760573
Latency: 1.4965832470916212
Latency: 1.4979551590513438
Latency: 1.4993882880080491
Latency: 1.5007547789718956
Latency: 1.5021308090072125
Latency: 1.5032129338942468
Latency: 1.5046347710303962
Latency: 1.5060281900223345
Latency: 1.5074409199878573
Latency: 1.5088099739514291
Latency: 1.510190837085247
Latency: 1.5115868779830635
Latency: 1.5130097439978272
Latency: 1.5144433481618762
Latency: 1.5158297989983112
Latency: 1.5174556421115994
Latency: 1.5189285059459507
Latency: 1.5203335229307413
Latency: 1.5553392670117319
Latency: 1.556954086991027
Latency: 1.5566605769563466
Latency: 1.556349862134084
Latency: 1.5582404399756342
Latency: 1.5579421911388636
Latency: 1.5576299692038447
Latency: 1.36664071213454
Latency: 1.3512600411195308
Latency: 1.352530892007053
Latency: 1.3539280591066927
Latency: 1.2480077578220516
Latency: 1.2493803740944713
Latency: 1.2503624658565968
Latency: 1.2519484478980303
Latency: 1.2534370969515294
Latency: 1.2548958309926093
Latency: 1.256313196849078
Latency: 1.257250885013491
Latency: 1.3763501909561455
Latency: 1.4134489640127867
Latency: 1.4151102770119905
Latency: 1.4165457179769874
Latency: 1.3073780708946288
Latency: 1.3082288331352174
Latency: 1.3254903848282993
Latency: 1.3270808360539377
Latency: 1.3284681381192058
Latency: 1.3299007271416485
Latency: 1.3313331939280033
Latency: 1.332048701820895
Latency: 1.3334746200125664
Latency: 1.3348954641260207
Latency: 1.3363322948571295
Latency: 1.337773917010054
Latency: 1.3392456739675254
Latency: 1.340658404165879
Latency: 1.3413648440036923
Latency: 1.3427397680934519
Latency: 1.3441877691075206
Latency: 1.3455968019552529
Latency: 1.3469727330375463
Latency: 1.3483581149484962
Latency: 1.3498992510139942
Latency: 1.3513339580968022
Latency: 1.3532433218788356
Latency: 1.3538493218366057
Latency: 1.3552447189576924
Latency: 1.3566514009144157
Latency: 1.358020172920078
Latency: 1.3595021469518542
Latency: 1.3609100400935858
Latency: 1.362314126919955
Latency: 1.25592052587308
Latency: 1.2571656410582364
Latency: 1.2555279049556702
Latency: 1.2569072640035301
Latency: 1.2583015621639788
Latency: 1.2597124809399247
Latency: 1.2611334042157978
Latency: 1.262515066890046
Latency: 1.2639386060182005
Latency: 1.265346430009231
Latency: 1.266787365078926
Latency: 1.2684064900968224
Latency: 1.269138109870255
Latency: 1.270554952090606
Latency: 1.271977585973218
Latency: 1.2733880889136344
Latency: 1.2748417598195374
Latency: 1.2762680689338595
Latency: 1.2775683931540698
Latency: 1.2789900018833578
Latency: 1.2804909239057451
Latency: 1.2818902318831533
Latency: 1.2833000079263002
Latency: 1.2847398831509054
Latency: 1.2861660399939865
Latency: 1.2875505988486111
Latency: 1.288956331089139
Latency: 1.2905536049511284
Latency: 1.290792603045702
Latency: 1.2921660840511322
Latency: 1.2936071821022779
Latency: 1.3451350058894604
Latency: 1.3465592651627958
Latency: 1.348069588188082
Latency: 1.3495829859748483
Latency: 1.3510135191027075
Latency: 1.352574443910271
Latency: 1.3540691300295293
Latency: 1.3555627590976655
Latency: 1.3569806250743568
Latency: 1.3566823529545218
Latency: 1.4191294310148805
Latency: 1.4206288720015436
Latency: 1.404142453102395
Latency: 1.4055934268981218
Latency: 1.4070338041055948
Latency: 1.4084966778755188
Latency: 1.409949657972902
Latency: 1.4104660090524703
Latency: 1.411917993798852
Latency: 1.4133855029940605
Latency: 1.4148322979453951
Latency: 1.4162700050510466
Latency: 1.4352993390057236
Latency: 1.436823797877878
Latency: 1.4382974330801517
Latency: 1.4365348347928375
Latency: 1.4379453940782696
Latency: 1.4394099188502878
Latency: 1.4415358109399676
Latency: 1.4430339820683002
Latency: 1.444467931985855
Latency: 1.4455159599892795
Latency: 1.4468182539567351
Latency: 1.4482601599302143
Latency: 1.4514821148477495
Latency: 1.4528884280007333
Latency: 1.4542354219593108
Latency: 1.4557290810626
Latency: 1.4571376589592546
Latency: 1.4585922991391271
Latency: 1.4600465251132846
Latency: 1.4615054838359356
Latency: 1.4629091350361705
Latency: 1.4643230740912259
Latency: 1.4657319190446287
Latency: 1.4671903080306947
Latency: 1.4686421880032867
Latency: 1.4700680118985474
Latency: 1.4715024859178811
Latency: 1.473413523985073
Latency: 1.4668238998856395
Latency: 1.468172627966851
Latency: 1.4695217420812696
Latency: 1.444209307199344
Latency: 1.4454890158958733
Latency: 1.446855132933706
Latency: 1.4482651150319725
Latency: 1.4496649261564016
Latency: 1.4506456770468503
Latency: 1.4520787098444998
Latency: 1.453511429950595
Latency: 1.4549185840878636
Latency: 1.456370527856052
Latency: 1.4573482379782945
Latency: 1.4587378001306206
Latency: 1.4601634070277214
Latency: 1.4617680420633405
Latency: 1.4632390069309622
Latency: 1.4638534910045564
Latency: 1.465226632077247
Latency: 1.46663633803837
Latency: 1.467996213119477
Latency: 1.4694894461426884
Latency: 1.4708596200216562
Latency: 1.4722838681191206
Latency: 1.4737158028874546
Latency: 1.4752011680975556
Latency: 1.4765825089998543
Latency: 1.4780371591914445
Latency: 1.4794833099003881
Latency: 1.4808528821449727
Latency: 1.4822554290294647
Latency: 1.4825302811805159
Latency: 1.483986491104588
Latency: 1.4854335871059448
Latency: 1.4868220989592373
Latency: 1.4883175210561603
Latency: 1.4897561138495803
Latency: 1.4911805449519306
Latency: 1.492581765865907
Latency: 1.493993726093322
Latency: 1.4954309000167996
Latency: 1.4968469950836152
Latency: 1.4982248931191862
Latency: 1.4996592667885125
Latency: 1.5010055990424007
Latency: 1.5024240128695965
Latency: 1.5038427209947258
Latency: 1.5052721078973264
Latency: 1.5238162381574512
Latency: 1.5223894778173417
Latency: 1.522165175061673
Latency: 1.5219546251464635
Latency: 1.523129444103688
Latency: 1.5245051169767976
Latency: 1.5260003861039877
Latency: 1.527491542045027
Latency: 1.5289660359267145
Latency: 1.5306421869900078
Latency: 1.5329977301880717
Latency: 1.534346611937508
Latency: 1.5358587000519037
Latency: 1.466287859948352
Latency: 1.4671838930808008
Latency: 1.4685331678483635
Latency: 1.4687779590021819
Latency: 1.4702568580396473
Latency: 1.4716824230272323
Latency: 1.4731351530645043
Latency: 1.4744967899750918
Latency: 1.4757016799412668
Latency: 1.4771740559954196
Latency: 1.4786022990010679
Latency: 1.4800053099170327
Latency: 1.4813921109307557
Latency: 1.4828380621038377
Latency: 1.4842828740365803
Latency: 1.4857006389647722
Latency: 1.48630066588521
Latency: 1.488328960025683
Latency: 1.4897420939523727
Latency: 1.4911663820967078
Latency: 1.4925675191916525
Latency: 1.4940405059605837
Latency: 1.4954913489054888
Latency: 1.4969022530131042
Latency: 1.498337839031592
Latency: 1.4998397359158844
Latency: 1.501316760899499
Latency: 1.5028859851881862
Latency: 1.503438503947109
Latency: 1.5048423931002617
Latency: 1.5064221560023725
Latency: 1.5078449780121446
Latency: 1.5092816050164402
Latency: 1.5106495029758662
Latency: 1.5120983950328082
Latency: 1.5135202819947153
Latency: 1.5149086669553071
Latency: 1.5633862980175763
Latency: 1.5653355561662465
Latency: 1.5650328830815852
Latency: 1.5838986639864743
Latency: 1.5835883400868624
Latency: 1.5832589000929147
Latency: 1.5655648179817945
Latency: 1.5652362168766558
Latency: 1.5667940978892148
Latency: 1.566471170866862
Latency: 1.566132192965597
Latency: 1.5658028069883585
Latency: 1.565790832042694
Latency: 1.5654742850456387
Latency: 1.5658973469398916
Latency: 1.5657025340478867
Latency: 1.5655101109296083
Latency: 1.5651900370139629
Latency: 1.565042133210227
Latency: 1.536380146164447
Latency: 1.5378172299824655
Latency: 1.5393496379256248
Latency: 1.5407723819371313
Latency: 1.541865836828947
Latency: 1.5432752610649914
Latency: 1.586595756933093
Latency: 1.5880550660658628
Latency: 1.5894911799114197
Latency: 1.6057140489574522
Latency: 1.60381576186046
Latency: 1.2838780612219125
Latency: 1.285134063102305
Latency: 1.2865393341053277
Latency: 1.2874772711656988
Latency: 1.3577539790421724
Latency: 1.3591345390304923
Latency: 1.3605409178417176
Latency: 1.361930170794949
Latency: 1.3632995719090104
Latency: 1.3647759850136936
Latency: 1.3661461111623794
Latency: 1.3676142361946404
Latency: 1.3690491609741002
Latency: 1.3701932791154832
Latency: 1.3716342761181295
Latency: 1.372997194994241
Latency: 1.374396261991933
Latency: 1.3758126280736178
Latency: 1.2755860229954123
Latency: 1.2765909500885755
Latency: 1.278173846192658
Latency: 1.2789730608928949
Latency: 1.280363559955731
Latency: 1.2811281951144338
Latency: 1.2825257368385792
Latency: 1.2839129900094122
Latency: 1.2852889790665358
Latency: 1.2858605538494885
Latency: 1.2872363820206374
Latency: 1.2886709889862686
Latency: 1.2900267948862165
Latency: 1.2900059181265533
Latency: 1.2914009229280055
Latency: 1.292842164169997
Latency: 1.294192919973284
Latency: 1.2940441509708762
Latency: 1.2935398810077459
Latency: 1.2949566659517586
Latency: 1.296357342042029
Latency: 1.297782399924472
Latency: 1.2974168320652097
Latency: 1.2987989739049226
Latency: 1.3001898941583931
Latency: 1.3015475959982723
Latency: 1.3029320649802685
Latency: 1.3043436089064926
Latency: 1.3057394619099796
Latency: 1.3071501560043544
Latency: 1.3085473419632763
Latency: 1.309960891958326
Latency: 1.3113445390481502
Latency: 1.312910848064348
Latency: 1.3567810889799148
Latency: 1.3582254080101848
Latency: 1.3596967831254005
Latency: 1.361116827931255
Latency: 1.3625714050140232
Latency: 1.3654174450784922
Latency: 1.3668674540240318
Latency: 1.3683104969095439
Latency: 1.3697078078985214
Latency: 1.393903787015006
Latency: 1.3943212360609323
Latency: 1.3957973918877542
Latency: 1.397294265916571
Latency: 1.3987368361558765
Latency: 1.3490082710050046
Latency: 1.3502542797941715
Latency: 1.3517766708973795
Latency: 1.3527905959635973
Latency: 1.354252691846341
Latency: 1.3556837989017367
Latency: 1.357110904995352
Latency: 1.3568979240953922
Latency: 1.3582621419336647
Latency: 1.4170791551005095
Latency: 1.4185387038160115
Latency: 1.420044698053971
Latency: 1.4214458600617945
Latency: 1.423276511952281
Latency: 1.4247681240085512
Latency: 1.426191380014643
Latency: 1.4252818780951202
Latency: 1.4266589391045272
Latency: 1.4281149099115282
Latency: 1.4295535350684077
Latency: 1.427779700839892
Latency: 1.4291771829593927
Latency: 1.4305706440936774
Latency: 1.431979900924489
Latency: 1.433334392029792
Latency: 1.4347560580354184
Latency: 1.4769115911331028
Latency: 1.4783562910743058
Latency: 1.4798853730317205
Latency: 1.4812846740242094
Latency: 1.4478621177840978
Latency: 1.448736421065405
Latency: 1.4501274218782783
Latency: 1.5558389688376337
Latency: 1.5571006189566106
Latency: 1.558545253938064
Latency: 1.559852525126189
Latency: 1.5608494458720088
Latency: 1.5623296860139817
Latency: 1.5638565588742495
Latency: 1.5653871761169285
Latency: 1.56689546094276
Latency: 1.566518680891022
Latency: 1.5679915570653975
Latency: 1.569455417105928
Latency: 1.5709810259286314
Latency: 1.5725095989182591
Latency: 1.5739870020188391
Latency: 1.5754927049856633
Latency: 1.5770289259962738
Latency: 1.576922619016841
Latency: 1.5783961559645832
Latency: 1.5799294179305434
Latency: 1.5814524970483035
Latency: 1.5829579050187021
Latency: 1.584446247201413
Latency: 1.5859931260347366
Latency: 1.5881757799070328
Latency: 1.5897441250272095
Latency: 1.5898335948586464
Latency: 1.591337034944445
Latency: 1.592854314018041
Latency: 1.5943640801124275
Latency: 1.5958380398806185
Latency: 1.5973656449932605
Latency: 1.5988179307896644
Latency: 1.6003392608836293
Latency: 1.6019136849790812
Latency: 1.603404199006036
Latency: 1.6034056139178574
Latency: 1.604873611824587
Latency: 1.6063590878620744
Latency: 1.6078434309456497
Latency: 1.6093386891297996
Latency: 1.6108341889921576
Latency: 1.6125569159630686
Latency: 1.6140839280560613
Latency: 1.6156015319284052
Latency: 1.6170970969833434
Latency: 1.6185886228922755
Latency: 1.6201241100206971
Latency: 1.6335178220178932
Latency: 1.6353219610173255
Latency: 1.6367755641695112
Latency: 1.638259531930089
Latency: 1.6397452580276877
Latency: 1.6412400649860501
Latency: 1.64894340489991
Latency: 1.6503846580162644
Latency: 1.6517457710579038
Latency: 1.6532563411165029
Latency: 1.65474022901617
Latency: 1.6561696729622781
Latency: 1.6576212651561946
Latency: 1.6590430848300457
Latency: 1.6605982761830091
Latency: 1.6620001380797476
Latency: 1.6634461400099099
Latency: 1.6648486640769988
Latency: 1.6661249089520425
Latency: 1.6675294721499085
Latency: 1.668959208065644
Latency: 1.6703464700840414
Latency: 1.6717550680041313
Latency: 1.6731584530789405
Latency: 1.674597254022956
Latency: 1.6759867910295725
Latency: 1.6773923838045448
Latency: 1.6786154669243842
Latency: 1.6799929970875382
Latency: 1.677203802159056
Latency: 1.678988743107766
Latency: 1.6803880359511822
Latency: 1.681781938066706
Latency: 1.6831898470409214
Latency: 1.6846105598378927
Latency: 1.6859856760129333
Latency: 1.6873328660149127
Latency: 1.6887665919493884
Latency: 1.6901201831642538
Latency: 1.6793637278024107
Latency: 1.6806473550386727
Latency: 1.681990564102307
Latency: 1.6833323121536523
Latency: 1.6847324839327484
Latency: 1.686075618956238
Latency: 1.6874264169018716
Latency: 1.6888180619571358
Latency: 1.6888407350052148
Latency: 1.690233978908509
Latency: 1.691603884100914
Latency: 1.6930473768152297
Latency: 1.6944390700664371
Latency: 1.6960200399626046
Latency: 1.6973980888724327
Latency: 1.6989567999262363
Latency: 1.700363601790741
Latency: 1.7017878100741655
Latency: 1.7032082010991871
Latency: 1.7046953178942204
Latency: 1.7060912030283362
Latency: 1.7074821279384196
Latency: 1.7088516759686172
Latency: 1.710223329020664
Latency: 1.7116163179744035
Latency: 1.7129882799927145
Latency: 1.7143309409730136
Latency: 1.7157576128374785
Latency: 1.717105682939291
Latency: 1.7184817839879543
Latency: 1.7662975650746375
Latency: 1.7694596759974957
Latency: 1.769161035073921
Latency: 1.7702546298969537
Latency: 1.769920569844544
Latency: 1.7695592751260847
Latency: 1.7692373569589108
Latency: 1.7688892278820276
Latency: 1.7691200841218233
Latency: 1.7687805900350213
Latency: 1.6369984750635922
Latency: 1.6373642932157964
Latency: 1.6395765140186995
Latency: 1.644554539816454
Latency: 1.6441620402038097
Latency: 1.6438289650250226
Latency: 1.5761037848424166
Latency: 1.5757205102127045
Latency: 1.5753601060714573
Latency: 1.5749941349495202
Latency: 1.578634950099513
Latency: 1.579298117896542
Latency: 1.5789757161401212
Latency: 1.5787401120178401
Latency: 1.5792743179481477
Latency: 1.5807709030341357
Latency: 1.5935754680540413
Latency: 1.5950603319797665
Latency: 1.5964864850975573
Latency: 1.597210424952209
Latency: 1.598686344921589
Latency: 1.6001429909374565
Latency: 1.6015550959855318
Latency: 1.603042630944401
Latency: 1.6044528188649565
Latency: 1.6051236919593066
Latency: 1.6064930490683764
Latency: 1.6080246542114764
Latency: 1.6095317900180817
Latency: 1.6110688208136708
Latency: 1.4534317760262638
Latency: 1.4546234670560807
Latency: 1.4560252579394728
Latency: 1.457403217209503
Latency: 1.253379040863365
Latency: 1.253808128181845
Latency: 1.2552419160492718
Latency: 1.2566725630313158
Latency: 1.2580727599561214
Latency: 1.2595385150052607
Latency: 1.2598559048492461
Latency: 1.2612600959837437
Latency: 1.2626815009862185
Latency: 1.2641169691924006
Latency: 1.265554168028757
Latency: 1.2669765369500965
Latency: 1.2684110710397363
Latency: 1.2698341398499906
Latency: 1.271262131864205
Latency: 1.2727290261536837
Latency: 1.272748592775315
Latency: 1.274172083940357
Latency: 1.2756246698554605
Latency: 1.2770279799588025
Latency: 1.2784454389475286
Latency: 1.2798477839678526
Latency: 1.2812750318553299
Latency: 1.2832722780294716
Latency: 1.2847243479918689
Latency: 1.2843912129756063
Latency: 1.2857446419075131
Latency: 1.28711544489488
Latency: 1.288519678870216
Latency: 1.2899399229791015
Latency: 1.2913146070204675
Latency: 1.2927124598063529
Latency: 1.2941400830168277
Latency: 1.2955411861184984
Latency: 1.2969316358212382
Latency: 1.2982942529488355
Latency: 1.2997018999885768
Latency: 1.301133334171027
Latency: 1.3025179500691593
Latency: 1.3021371560171247
Latency: 1.3035001729149371
Latency: 1.3048991179093719
Latency: 1.3064911388792098
Latency: 1.3079024110920727
Latency: 1.3092883110512048
Latency: 1.3106744450051337
Latency: 1.312075468013063
Latency: 1.313437547069043
Latency: 1.314875195035711
Latency: 1.3162348358891904
Latency: 1.3176519582048059
Latency: 1.3190409638918936
Latency: 1.3204963528551161
Latency: 1.35828639799729
Latency: 1.3596581069286913
Latency: 1.3592483520042151
Latency: 1.360626146895811
Latency: 1.3914523380808532
Latency: 1.3928094659931958
Latency: 1.3941959969233721
Latency: 1.3955989750102162
Latency: 1.3970811530016363
Latency: 1.3984510891605169
Latency: 1.3998420198913664
Latency: 1.401255140081048
Latency: 1.402704400010407
Latency: 1.4041350281331688
Latency: 1.405600372934714
Latency: 1.4070314299315214
Latency: 1.4084598710760474
Latency: 1.4099522270262241
Latency: 1.4113574521616101
Latency: 1.4127876330167055
Latency: 1.414237353950739
Latency: 1.4159271540120244
Latency: 1.4173832710366696
Latency: 1.4188383352011442
Latency: 1.420285897096619
Latency: 1.4217372161801904
Latency: 1.4231164939701557
Latency: 1.4245380291249603
Latency: 1.4259506918024272
Latency: 1.427360855974257
Latency: 1.4287877201568335
Latency: 1.4302127519622445
Latency: 1.4316472590435296
Latency: 1.4330730440560728
Latency: 1.434461111901328
Latency: 1.4243240589275956
Latency: 1.4579754348378628
Latency: 1.459468025015667
Latency: 1.4631816600449383
Latency: 1.4645859450101852
Latency: 1.4660266858991235
Latency: 1.4674490559846163
Latency: 1.4081313360948116
Latency: 1.4094362470787019
Latency: 1.4104238008148968
Latency: 1.4118720819242299
Latency: 1.4133222890086472
Latency: 1.414778653997928
Latency: 1.4162075351923704
Latency: 1.4176359300035983
Latency: 1.4190599389839917
Latency: 1.419714828953147
Latency: 1.421119773061946
Latency: 1.4225787809118629
Latency: 1.4240230040159076
Latency: 1.425461723934859
Latency: 1.4269016210455447
Latency: 1.4283588819671422
Latency: 1.456277861027047
Latency: 1.4577557849697769
Latency: 1.4591674329712987
Latency: 1.460712803993374
Latency: 1.4621689948253334
Latency: 1.4635664611123502
Latency: 1.465027682017535
Latency: 1.4664632219355553
Latency: 1.4678856281097978
Latency: 1.4693295320030302
Latency: 1.4678824138827622
Latency: 1.4655100768432021
Latency: 1.4639382038731128
Latency: 1.4653280838392675
Latency: 1.4667315580882132
Latency: 1.4681523409672081
Latency: 1.4674361359793693
Latency: 1.4688247791491449
Latency: 1.470206452999264
Latency: 1.4716109230648726
Latency: 1.472995240939781
Latency: 1.474859190871939
Latency: 1.4763088868930936
Latency: 1.4766165260225534
Latency: 1.4780174100305885
Latency: 1.4794403431005776
Latency: 1.4808651090133935
Latency: 1.4822587380185723
Latency: 1.4836400810163468
Latency: 1.4850524889770895
Latency: 1.4864845380652696
Latency: 1.4878548819106072
Latency: 1.48443513084203
Latency: 1.485808745957911
Latency: 1.4872173899784684
Latency: 1.4885934749618173
Latency: 1.4899607750121504
Latency: 1.4913636250421405
Latency: 1.4928431529551744
Latency: 1.4941028379835188
Latency: 1.4954829029738903
Latency: 1.4969705620314926
Latency: 1.4983593809884042
Latency: 1.4997888579964638
Latency: 1.5011843009851873
Latency: 1.5025769888889045
Latency: 1.5039945261087269
Latency: 1.5053950319997966
Latency: 1.5067658578045666
Latency: 1.5081354270223528
Latency: 1.5095451208762825
Latency: 1.510937747079879
Latency: 1.5123827739153057
Latency: 1.513770149089396
Latency: 1.515377693111077
Latency: 1.5168020059354603
Latency: 1.5182371099945158
Latency: 1.5196161540225148
Latency: 1.521022176137194
Latency: 1.5224384139291942
Latency: 1.5238866219297051
Latency: 1.5252917490433902
Latency: 1.526669462909922
Latency: 1.5280895200558007
Latency: 1.529511593049392
Latency: 1.5309211360290647
Latency: 1.5323417009785771
Latency: 1.533724426990375
Latency: 1.5351247061043978
Latency: 1.534627078101039
Latency: 1.5361577870789915
Latency: 1.5375212649814785
Latency: 1.5388847161084414
Latency: 1.540277451975271
Latency: 1.541650771163404
Latency: 1.5430952168535441
Latency: 1.5444921778980643
Latency: 1.5458937399089336
Latency: 1.5472846711054444
Latency: 1.5486838340293616
Latency: 1.550104966154322
Latency: 1.5648605159949511
Latency: 1.5212588999420404
Latency: 1.5227346781175584
Latency: 1.5241451931651682
Latency: 1.525441047968343
Latency: 1.5268366700038314
Latency: 1.5818968520034105
Latency: 1.5835710109677166
Latency: 1.5849986840039492
Latency: 1.5864119990728796
Latency: 1.5878263108897954
Latency: 1.5892366080079228
Latency: 1.585308297071606
Latency: 1.5448184749111533
Latency: 1.5460285390727222
Latency: 1.5473222669679672
Latency: 1.5979552138596773
Latency: 1.5994305999483913
Latency: 1.6008490470703691
Latency: 1.6024104941170663
Latency: 1.6038202219642699
Latency: 1.6054039909504354
Latency: 1.6068565358873457
Latency: 1.6080216718837619
Latency: 1.6094641177915037
Latency: 1.6185783508699387
Latency: 1.6193964309059083
Latency: 1.595548097975552
Latency: 1.5950749539770186
Latency: 1.611459210049361
Latency: 1.6131752610672265
Latency: 1.6127536571584642
Latency: 1.6124043220188469
Latency: 1.6120611059013754
Latency: 1.6132543799467385
Latency: 1.6154693870339543
Latency: 1.619361496064812
Latency: 1.6195512299891561
Latency: 1.6186702291015536
Latency: 1.618300945032388
Latency: 1.6179541868623346
Latency: 1.6175938099622726
Latency: 1.6165567038115114
Latency: 1.4617286710999906
Latency: 1.4613520258571953
Latency: 1.4609780500177294
Latency: 1.4610915819648653
Latency: 1.4606722879689187
Latency: 1.4616122520528734
Latency: 1.4630928100086749
Latency: 1.4645724350120872
Latency: 1.4660094429273158
Latency: 1.467496485915035
Latency: 1.4690036978572607
Latency: 1.4705357861239463
Latency: 1.4720863418187946
Latency: 1.4731932061258703
Latency: 2.6215556680690497
Latency: 2.623812281060964
Latency: 2.6260470608249307
Latency: 1.3979172802064568
Latency: 1.4348029559478164
Latency: 1.4359512568917125
Latency: 1.4373718758579344
Latency: 1.2499336700420827
Latency: 1.2503132871352136
Latency: 1.2517158740665764
Latency: 1.253159032901749
Latency: 1.254585679853335
Latency: 1.2560309069231153
Latency: 1.2574731060303748
Latency: 1.2589057621080428
Latency: 1.259423868963495
Latency: 1.260807157959789
Latency: 1.291508121183142
Latency: 1.2930140940006822
Latency: 1.294478585012257
Latency: 1.295890562934801
Latency: 1.3282470009289682
Latency: 1.3296598610468209
Latency: 1.3311943209264427
Latency: 1.3326462521217763
Latency: 1.3341423419769853
Latency: 1.3338962481357157
Latency: 1.3352554950397462
Latency: 1.3369118098635226
Latency: 1.33834299701266
Latency: 1.3397894250229
Latency: 1.3412133471574634
Latency: 1.3426130719017237
Latency: 1.344049392035231
Latency: 1.345441416837275
Latency: 1.346895437920466
Latency: 1.3483480140566826
Latency: 1.3498166028875858
Latency: 1.3512250648345798
Latency: 1.3526467101182789
Latency: 1.3540666080079973
Latency: 1.3934626479167491
Latency: 1.4014430320821702
Latency: 1.4009433418978006
Latency: 1.4024064450059086
Latency: 1.4038759339600801
Latency: 1.4054275038652122
Latency: 1.4068554679397494
Latency: 1.4082223770674318
Latency: 1.4096481229644269
Latency: 1.4110491240862757
Latency: 1.4124801130965352
Latency: 1.4138459980022162
Latency: 1.4157219079788774
Latency: 1.4171388489194214
Latency: 1.4185970660764724
Latency: 1.420024931896478
Latency: 1.4214820668566972
Latency: 1.422864513937384
Latency: 1.4242822031956166
Latency: 1.4201631650794297
Latency: 1.4214925889391452
Latency: 1.4228729931637645
Latency: 1.4243015612009913
Latency: 1.4071978088468313
Latency: 1.4085521190427244
Latency: 1.4099667980335653
Latency: 1.4114163178019226
Latency: 1.4128608470782638
Latency: 1.4142568570096046
Latency: 1.4158709158655256
Latency: 1.4173766169697046
Latency: 1.4188177010510117
Latency: 1.4202284961938858
Latency: 1.421666214009747
Latency: 1.4230586688499898
Latency: 1.4244551209267229
Latency: 1.425900538917631
Latency: 1.4273083759471774
Latency: 1.4287266621831805
Latency: 1.4301114429254085
Latency: 1.4315482021775097
Latency: 1.4329406248871237
Latency: 1.4343407100532204
Latency: 1.4357392939273268
Latency: 1.4371712498832494
Latency: 1.4386666929349303
Latency: 1.4402223201468587
Latency: 1.4416602258570492
Latency: 1.4431354359257966
Latency: 1.444562098942697
Latency: 1.4459595009684563
Latency: 1.4473499988671392
Latency: 1.4487852880265564
Latency: 1.466886046808213
Latency: 1.4683548610191792
Latency: 1.469138691900298
Latency: 1.4705741270445287
Latency: 1.471970837796107
Latency: 1.4733515861444175
Latency: 1.4748749039135873
Latency: 1.476279181893915
Latency: 1.4762175339274108
Latency: 1.477602605940774
Latency: 1.4790930459275842
Latency: 1.4692667359486222
Latency: 1.4707603980787098
Latency: 1.471936899004504
Latency: 1.473349988926202
Latency: 1.473933493020013
Latency: 1.4753561159595847
Latency: 1.4767881918232888
Latency: 1.4772512989584357
Latency: 1.4787176640238613
Latency: 1.480137563077733
Latency: 1.4815664840862155
Latency: 1.4820432979613543
Latency: 1.483449479099363
Latency: 1.4817715210374445
Latency: 1.4831915211398154
Latency: 1.4846035609953105
Latency: 1.4860070350114256
Latency: 1.4874424750450999
Latency: 1.488262740895152
Latency: 1.4896969709079713
Latency: 1.491739814169705
Latency: 1.4932131909299642
Latency: 1.4946510680019855
Latency: 1.4961145031265914
Latency: 1.4975538728758693
Latency: 1.4989373469725251
Latency: 1.5003368640318513
Latency: 1.5017413501627743
Latency: 1.5031394241377711
Latency: 1.504599937936291
Latency: 1.5060216791462153
Latency: 1.5074190641753376
Latency: 1.5088653571438044
Latency: 1.5102763399481773
Latency: 1.5117877530865371
Latency: 1.5132620770018548
Latency: 1.5146478998940438
Latency: 1.5160502959042788
Latency: 1.5176124940626323
Latency: 1.5191034371964633
Latency: 1.5205264030955732
Latency: 1.5219740991014987
Latency: 1.5233575608581305
Latency: 1.5248224099632353
Latency: 1.5262302830815315
Latency: 1.5276518750470132
Latency: 1.5290138120763004
Latency: 1.530505885137245
Latency: 1.5319372189696878
Latency: 1.5332913759630173
Latency: 1.5469886530190706
Latency: 1.5480425499845296
Latency: 1.5494742998853326
Latency: 1.5508370390161872
Latency: 1.5522835031151772
Latency: 1.553734031971544
Latency: 1.5551600349135697
Latency: 1.5566048210021108
Latency: 1.558207408990711
Latency: 1.5596928021404892
Latency: 1.5611541830003262
Latency: 1.5625705600250512
Latency: 1.56396588194184
Latency: 1.5654371529817581
Latency: 1.5668480400927365
Latency: 1.5682968040928245
Latency: 1.5696931048296392
Latency: 1.571092545054853
Latency: 1.572536997962743
Latency: 1.573904292890802
Latency: 1.5753530520014465
Latency: 1.5767872659489512
Latency: 1.578189441934228
Latency: 1.5803111041896045
Latency: 1.5800186889246106
Latency: 1.5813797109294683
Latency: 1.5829240740276873
Latency: 1.5843263040296733
Latency: 1.585892585804686
Latency: 1.5873489070218056
Latency: 1.5887754738796502
Latency: 1.5902357050217688
Latency: 1.5915973871015012
Latency: 1.5931518580764532
Latency: 1.594624952878803
Latency: 1.5960828519891948
Latency: 1.5975413389969617
Latency: 1.5990418489091098
Latency: 1.6004996590781957
Latency: 1.6019787439145148
Latency: 1.6034187329933047
Latency: 1.6048749019391835
Latency: 1.606308266054839
Latency: 1.607779657933861
Latency: 1.609033667948097
Latency: 1.6105491910129786
Latency: 1.6118331130128354
Latency: 1.6132755500730127
Latency: 1.6146853980608284
Latency: 1.6167013777885586
Latency: 1.6181785389780998
Latency: 1.6196127778384835
Latency: 1.62106053205207
Latency: 1.6224758960306644
Latency: 1.6238575449679047
Latency: 1.6253108829259872
Latency: 1.626684445887804
Latency: 1.6280661928467453
Latency: 1.62944429484196
Latency: 1.6309183198027313
Latency: 1.6306766071356833
Latency: 1.6451061361003667
Latency: 1.6463740880135447
Latency: 1.6477713258937001
Latency: 1.6491775740869343
Latency: 1.6505786459892988
Latency: 1.6520223149564117
Latency: 1.6533882850781083
Latency: 1.6548794929403812
Latency: 1.6366724469698966
Latency: 1.638036180054769
Latency: 1.6393779120407999
Latency: 1.6408694570418447
Latency: 1.5835378500632942
Latency: 1.584916756954044
Latency: 1.5860221120528877
Latency: 1.5869288339745253
Latency: 1.5882884550374001
Latency: 1.5891334521584213
Latency: 1.590482615865767
Latency: 1.5917588209267706
Latency: 1.5927643328905106
Latency: 1.5941388739738613
Latency: 1.5955500330310315
Latency: 1.59634790988639
Latency: 1.5977371369954199
Latency: 1.5976859298534691
Latency: 1.5991641029249877
Latency: 1.6005264539271593
Latency: 1.6018878649920225
Latency: 1.6182264350354671
Latency: 1.619728208053857
Latency: 1.6210924368351698
Latency: 1.6224744969513267
Latency: 1.6238914490677416
Latency: 1.6252442100085318
Latency: 1.6266069491393864
Latency: 1.628006838960573
Latency: 1.6293701028916985
Latency: 1.630846856161952
Latency: 1.6321686981245875
Latency: 1.372637449996546
Latency: 1.373863338958472
Latency: 1.3753029590006918
Latency: 1.4698091330938041
Latency: 1.433987425873056
Latency: 1.4351984101813287
Latency: 1.4365114839747548
Latency: 1.3471339829266071
Latency: 1.3482278378214687
Latency: 1.349562020972371
Latency: 1.3507321521174163
Latency: 1.3521609609015286
Latency: 1.353606061078608
Latency: 1.3546953781042248
Latency: 1.356074005132541
Latency: 1.357470431132242
Latency: 1.3588709658943117
Latency: 1.3603083970956504
Latency: 1.3610491310246289
Latency: 1.362447858788073
Latency: 1.3638331480324268
Latency: 1.347681760089472
Latency: 1.348982511088252
Latency: 1.3503454709425569
Latency: 1.3516934199724346
Latency: 1.3530990639701486
Latency: 1.354503319133073
Latency: 1.3555814679712057
Latency: 1.3569219668861479
Latency: 1.3582915291190147
Latency: 1.3615866389591247
Latency: 1.3630239341873676
Latency: 1.3644079288933426
Latency: 1.365734189050272
Latency: 1.3671522210352123
Latency: 1.3684836849570274
Latency: 1.3699073479510844
Latency: 1.3712883780244738
Latency: 1.3726355168037117
Latency: 1.543298400938511
Latency: 1.5446556750684977
Latency: 1.4981644789222628
Latency: 1.4774253389332443
Latency: 1.4784491350874305
Latency: 1.4793352019041777
Latency: 1.4806338250637054
Latency: 1.4811862609349191
Latency: 1.482536959927529
Latency: 1.483152325032279
Latency: 1.484542549122125
Latency: 1.4851071231532842
Latency: 1.4864840251393616
Latency: 1.4878765100147575
Latency: 1.4882873648311943
Latency: 1.4898120739962906
Latency: 1.4912310859654099
Latency: 1.492646156810224
Latency: 1.493163448991254
Latency: 1.4945218870416284
Latency: 1.506978175835684
Latency: 1.5085519871208817
Latency: 1.5099838350433856
Latency: 1.510501679033041
Latency: 1.511852958938107
Latency: 1.5131745811086148
Latency: 1.5145690240897238
Latency: 1.5159373339265585
Latency: 1.5173426261171699
Latency: 1.5187557938043028
Latency: 1.5201182749588042
Latency: 1.5220288559794426
Latency: 1.5234420301858336
Latency: 1.5248516339343041
Latency: 1.5262485970743
Latency: 1.5276601200457662
Latency: 1.5282653719186783
Latency: 1.529639481101185
Latency: 1.5309593779966235
Latency: 1.532370749861002
Latency: 1.53377630491741
Latency: 1.5351837500929832
Latency: 1.536580327898264
Latency: 1.5379905519075692
Latency: 1.5394073519855738
Latency: 1.5407894919626415
Latency: 1.5422274130396545
Latency: 1.5435706479474902
Latency: 1.5449795839376748
Latency: 1.5463813180103898
Latency: 1.5480034158099443
Latency: 1.5493911909870803
Latency: 1.5508096460253
Latency: 1.552165730157867
Latency: 1.553586394060403
Latency: 1.5776212830096483
Latency: 1.5790211718995124
Latency: 1.580369264818728
Latency: 1.5817351080477238
Latency: 1.5831368768122047
Latency: 1.5845064350869507
Latency: 1.5864056970458478
Latency: 1.5878337200265378
Latency: 1.4448675438761711
Latency: 1.4461439019069076
Latency: 1.4475179950241
Latency: 1.4489303401205689
Latency: 1.4503328721038997
Latency: 1.4517024259548634
Latency: 1.4229914089664817
Latency: 1.4243523050099611
Latency: 1.4257802658248693
Latency: 1.4271605049725622
Latency: 1.4285753010772169
Latency: 1.4294348570983857
Latency: 1.4308093909639865
Latency: 1.4322648430243134
Latency: 1.4336451950948685
Latency: 1.435062093893066
Latency: 1.4354485319927335
Latency: 1.4368270840495825
Latency: 1.438880783971399
Latency: 1.4403468049131334
Latency: 1.441739691188559
Latency: 1.4430727150756866
Latency: 1.4445180490147322
Latency: 1.4449450930114836
Latency: 1.4463468759786338
Latency: 1.4477085329126567
Latency: 1.449047717032954
Latency: 1.4504557950422168
Latency: 1.4518171669915318
Latency: 1.4532016748562455
Latency: 1.454571285052225
Latency: 1.456029294990003
Latency: 1.4574067669454962
Latency: 1.4574000318534672
Latency: 1.4587599008809775
Latency: 1.4603543260600418
Latency: 1.4618421790655702
Latency: 1.4632219339255244
Latency: 1.4646510991733521
Latency: 1.4660507179796696
Latency: 1.4674589808564633
Latency: 1.4688387350179255
Latency: 1.4703032670076936
Latency: 1.4703497071750462
Latency: 1.4699102120939642
Latency: 1.4690221268683672
Latency: 1.4704287201166153
Latency: 1.4718213740270585
Latency: 1.4732101059053093
Latency: 1.474640497006476
Latency: 1.4760291010607034
Latency: 1.4759416319429874
Latency: 1.4775001320522279
Latency: 1.4787583381403238
Latency: 1.4801597821060568
Latency: 1.4815478490199894
Latency: 1.4829592779278755
Latency: 1.4843611049000174
Latency: 1.4857985971029848
Latency: 1.4871533669065684
Latency: 1.4885605950839818
Latency: 1.4899612250737846
Latency: 1.4913768449332565
Latency: 1.4927498870529234
Latency: 1.4942179778590798
Latency: 1.4956074641086161
Latency: 1.4969696360640228
Latency: 1.5145144269336015
Latency: 1.5161777371540666
Latency: 1.5175642089452595
Latency: 1.5189763228408992
Latency: 1.5203356749843806
Latency: 1.5217386779841036
Latency: 1.5231324071064591
Latency: 1.524535991018638
Latency: 1.5259188921190798
Latency: 1.5252636910881847
Latency: 1.5249323330353945
Latency: 1.5260032238438725
Latency: 1.5273197351489216
Latency: 1.5287333289161325
Latency: 1.5301480370108038
Latency: 1.531527018873021
Latency: 1.5329189910553396
Latency: 1.5341300680302083
Latency: 1.5355215268209577
Latency: 1.5369829048868269
Latency: 1.5383504808414727
Latency: 1.5397517690435052
Latency: 1.5411325269378722
Latency: 1.5425657278392464
Latency: 1.5436851498670876
Latency: 1.545096717076376
Latency: 1.5465086160693318
Latency: 1.5479086879640818
Latency: 1.5492950438056141
Latency: 1.550726949935779
Latency: 1.5521582728251815
Latency: 1.5536078000441194
Latency: 1.5550295929424465
Latency: 1.5564404311589897
Latency: 1.5585665011312813
Latency: 1.5591410819906741
Latency: 1.5605401031207293
Latency: 1.561924622161314
Latency: 1.563304701121524
Latency: 1.5647267431486398
Latency: 1.5661105781327933
Latency: 1.5905137229710817
Latency: 1.5902300931047648
Latency: 1.5900110600050539
Latency: 1.5897628229577094
Latency: 1.5895751409698278
Latency: 1.5906826059799641
Latency: 1.567300722002983
Latency: 1.5687065520323813
Latency: 1.5700522509869188
Latency: 1.5718758590519428
Latency: 1.5732868970371783
Latency: 1.5747038528788835
Latency: 1.5761287650093436
Latency: 1.5775410730857402
Latency: 1.578932500910014
Latency: 1.5804281309247017
Latency: 1.581713672960177
Latency: 1.5829728089738637
Latency: 1.5546450291294605
Latency: 1.5543241910636425
Latency: 1.5539234899915755
Latency: 1.5521189488936216
Latency: 1.551966390805319
Latency: 1.5516131739132106
Latency: 1.5512622399255633
Latency: 1.5509176820050925
Latency: 1.5505698649212718
Latency: 1.550231478177011
Latency: 1.3725248910486698
Latency: 1.3721084489952773
Latency: 1.3717305788304657
Latency: 1.5519135389477015
Latency: 1.5516046660486609
Latency: 1.5512800819706172
Latency: 1.5513280020095408
Latency: 1.5510066549759358
Latency: 1.5511269550770521
Latency: 1.550799208926037
Latency: 1.4866520271170884
Latency: 1.4881551798898727
Latency: 1.4895151290111244
Latency: 1.4908806830644608
Latency: 1.492307638982311
Latency: 1.493760267039761
Latency: 1.4952032121364027
Latency: 1.4966061220038682
Latency: 1.415550361154601
Latency: 1.416668654885143
Latency: 1.4179917029105127
Latency: 1.4661708849016577
Latency: 1.4674905049614608
Latency: 1.4688589069992304
Latency: 1.4702669358812273
Latency: 1.330188157968223
Latency: 1.3314667691010982
Latency: 1.3345925940666348
Latency: 1.3359330319799483
Latency: 1.3368777160067111
Latency: 1.338281910866499
Latency: 1.3396788160316646
Latency: 1.3411189070902765
Latency: 1.3425104198977351
Latency: 1.3439491970930248
Latency: 1.345356211066246
Latency: 1.3467402951791883
Latency: 1.3481866710353643
Latency: 1.3496008978690952
Latency: 1.3509430929552764
Latency: 1.3523185160011053
Latency: 1.3536767158657312
Latency: 1.355048644123599
Latency: 1.3564532469026744
Latency: 1.35787621489726
Latency: 1.3592611611820757
Latency: 1.3606901671737432
Latency: 1.3620773449074477
Latency: 1.363480038009584
Latency: 1.3648621761240065
Latency: 1.3663426581770182
Latency: 1.36770835891366
Latency: 1.3691594030242413
Latency: 1.3705888628028333
Latency: 1.3720042570494115
Latency: 1.3734137509018183
Latency: 1.373738707974553
Latency: 1.4406412818934768
Latency: 1.4419781998731196
Latency: 1.375478636007756
Latency: 1.3767171259969473
Latency: 1.3780715730972588
Latency: 1.3794856800232083
Latency: 1.3809363809414208
Latency: 1.382337543880567
Latency: 1.3837168540339917
Latency: 1.385172347072512
Latency: 1.3865633879322559
Latency: 1.3880085430573672
Latency: 1.3883935599587858
Latency: 1.3898129919543862
Latency: 1.3911976639647037
Latency: 1.3931055900175124
Latency: 1.3945309240370989
Latency: 1.3959703601431102
Latency: 1.3973807259462774
Latency: 1.3987791910767555
Latency: 1.368294952902943
Latency: 1.3693046369589865
Latency: 1.3702886179089546
Latency: 1.3714137931820005
Latency: 1.3727664519101381
Latency: 1.3714744760654867
Latency: 1.3728548099752516
Latency: 1.3742547370493412
Latency: 1.3756489311344922
Latency: 1.376362278824672
Latency: 1.3777007879689336
Latency: 1.3792779729701579
Latency: 1.3806686929892749
Latency: 1.382088715909049
Latency: 1.3834975201170892
Latency: 1.3849052989389747
Latency: 1.3863063249737024
Latency: 1.386870841961354
Latency: 1.3882392139639705
Latency: 1.3896457131486386
Latency: 1.3910872009582818
Latency: 1.3924801999237388
Latency: 1.3928892931435257
Latency: 1.3942337757907808
Latency: 1.3956464189104736
Latency: 1.3970408239401877
Latency: 1.4320458469446748
Latency: 1.4318099049851298
Latency: 1.4325891721528023
Latency: 1.448937979992479
Latency: 1.4498045551590621
Latency: 1.451185615034774
Latency: 1.4525442151352763
Latency: 1.4550806120969355
Latency: 1.4565013190731406
Latency: 1.4897179070394486
Latency: 1.4909818249288946
Latency: 1.4924198538064957
Latency: 1.4937651501968503
Latency: 1.4951328600291163
Latency: 1.496482933871448
Latency: 1.4978684848174453
Latency: 1.4992570988833904
Latency: 1.5003052537795156
Latency: 1.5016744330059737
Latency: 1.5030442010611296
Latency: 1.5044445989187807
Latency: 1.5058260378427804
Latency: 1.5072027628775686
Latency: 1.508632040815428
Latency: 1.50996635411866
Latency: 1.511368258856237
Latency: 1.5127750891260803
Latency: 1.5141826288308948
Latency: 1.5155760089401156
Latency: 1.5159528660587966
Latency: 1.5173403727822006
Latency: 1.5187274171039462
Latency: 1.5201171399094164
Latency: 1.5214887741021812
Latency: 1.5228967028670013
Latency: 1.524295732844621
Latency: 1.5256779890041798
Latency: 1.5270971809513867
Latency: 1.528519514016807
Latency: 1.5299796878825873
Latency: 1.53138098702766
Latency: 1.53279574890621
Latency: 1.5342002059333026
Latency: 1.5355702929664403
Latency: 1.5370036819949746
Latency: 1.5384021741338074
Latency: 1.539898042799905
Latency: 1.5413717639166862
Latency: 1.5428069359622896
Latency: 1.544172802940011
Latency: 1.5456134520936757
Latency: 1.5470051050651819
Latency: 1.5483710051048547
Latency: 1.5497440479230136
Latency: 1.5511490541975945
Latency: 1.552551711909473
Latency: 1.5539652509614825
Latency: 1.5553737659938633
Latency: 1.5567652608733624
Latency: 1.5581738161854446
Latency: 1.5595708249602467
Latency: 1.560976498061791
Latency: 1.562515561003238
Latency: 1.5639824899844825
Latency: 1.565387737005949
Latency: 1.5667959821876138
Latency: 1.5681751121301204
Latency: 1.5695945851039141
Latency: 1.5710588609799743
Latency: 1.5724678679835051
Latency: 1.5739094901364297
Latency: 1.5752804100047797
Latency: 1.5766916710417718
Latency: 1.5780663180630654
Latency: 1.5794784598983824
Latency: 1.580872552935034
Latency: 1.5664374930784106
Latency: 1.5675575139466673
Latency: 1.5686185560189188
Latency: 1.5701620129402727
Latency: 1.570951929083094
Latency: 1.5723383431322873
Latency: 1.5733096559997648
Latency: 1.5746951238252223
Latency: 1.606735287932679
Latency: 1.6064006930682808
Latency: 1.6061531249433756
Latency: 1.60542669496499
Latency: 1.6051623390521854
Latency: 1.6048214689362794
Latency: 1.6046701208688319
Latency: 1.605905945179984
Latency: 1.603663283167407
Latency: 1.5361121180467308
Latency: 1.5362919650506228
Latency: 1.5358919259160757
Latency: 1.5356630159076303
Latency: 1.531151751987636
Latency: 1.5307744371239096
Latency: 1.530419307993725
Latency: 1.530064192134887
Latency: 1.5299206599593163
Latency: 1.5295999471563846
Latency: 1.5294115890283138
Latency: 1.5291951878461987
Latency: 1.5289707279298455
Latency: 1.5293651449028403
Latency: 1.530793956015259
Latency: 1.5323308089282364
Latency: 1.533878117799759
Latency: 1.535340087953955
Latency: 1.536385288927704
Latency: 1.5378963800612837
Latency: 1.5393290889915079
Latency: 1.553152326028794
Latency: 1.5529478220269084
Latency: 1.5541516169905663
Latency: 1.5555606801062822
Latency: 1.5569861130788922
Latency: 1.5583791411481798
Latency: 1.5597337640356272
Latency: 1.5611955870408565
Latency: 1.5625784071162343
Latency: 1.5639884290285408
Latency: 1.5654052079189569
Latency: 1.5642213190440089
Latency: 1.5655961818993092
Latency: 1.5670533298980445
Latency: 1.5684502969961613
Latency: 1.5698532899841666
Latency: 1.5712650609202683
Latency: 1.5726690508890897
Latency: 1.5740686210338026
Latency: 1.5755437170155346
Latency: 1.5769367441534996
Latency: 1.578440675046295
Latency: 1.5799685001838952
Latency: 1.5813708321657032
Latency: 1.5827559630852193
Latency: 1.5842207339592278
Latency: 1.5837498977780342
Latency: 1.5851754371542484
Latency: 1.586553815053776
Latency: 1.3919017331209034
Latency: 1.3930575589183718
Latency: 1.3942354840692133
Latency: 1.3955715019255877
Latency: 1.3965990589931607
Latency: 1.3979495998937637
Latency: 1.3989478759467602
Latency: 1.4003082970157266
Latency: 1.401684126118198
Latency: 1.4025876740925014
Latency: 1.4039548740256578
Latency: 1.4053164960350841
Latency: 1.4061210330110043
Latency: 1.4075058060698211
Latency: 1.4088207129389048
Latency: 1.4102594959549606
Latency: 1.4116325739305466
Latency: 1.4123594521079212
Latency: 1.4141782561782748
Latency: 1.4156520061660558
Latency: 1.5376314390450716
Latency: 1.539159903069958
Latency: 1.5405351901426911
Latency: 1.5418919469229877
Latency: 1.543247994966805
Latency: 1.5446973610669374
Latency: 1.5461538329254836
Latency: 1.54753576987423
Latency: 1.3221159419044852
Latency: 1.3234897411894053
Latency: 1.3248969069682062
Latency: 1.3331478999461979
Latency: 1.3334893360733986
Latency: 1.3348132411483675
Latency: 1.3361983851063997
Latency: 1.332305849995464
Latency: 1.333648950792849
Latency: 1.3349840838927776
Latency: 1.3363836500793695
Latency: 1.3377528118435293
Latency: 1.339143323013559
Latency: 1.3405333140399307
Latency: 1.3418963311705738
Latency: 1.3433079370297492
Latency: 1.343928957125172
Latency: 1.3453259139787406
Latency: 1.3467224529013038
Latency: 1.348078140988946
Latency: 1.3495325238909572
Latency: 1.3509204960428178
Latency: 1.3522878168150783
Latency: 1.3536915411241353
Latency: 1.3551254980266094
Latency: 1.356523382011801
Latency: 1.358482635114342
Latency: 1.3599228330422193
Latency: 1.3613153870683163
Latency: 1.362697476055473
Latency: 1.3640864589251578
Latency: 1.3655132709536701
Latency: 1.366878679022193
Latency: 1.3683365769684315
Latency: 1.3690256599802524
Latency: 1.3704208398703486
Latency: 1.4385750000365078
Latency: 1.4399479529820383
Latency: 1.4414175967685878
Latency: 1.453806955832988
Latency: 1.4548674270045012
Latency: 1.4556866709608585
Latency: 1.4563344861380756
Latency: 1.4577137830201536
Latency: 1.4579996229149401
Latency: 1.4593988780397922
Latency: 1.4594960659742355
Latency: 1.460858145961538
Latency: 1.4623188208788633
Latency: 1.4624066229443997
Latency: 1.4637901289388537
Latency: 1.4651962099596858
Latency: 1.46383390086703
Latency: 1.4652176541276276
Latency: 1.46662642294541
Latency: 1.468038251856342
Latency: 1.4694654610939324
Latency: 1.4695858040358871
Latency: 1.470948653994128
Latency: 1.4731729680206627
Latency: 1.4746046899817884
Latency: 1.4760400790255517
Latency: 1.4774079672060907
Latency: 1.4788675620220602
Latency: 1.480253503890708
Latency: 1.4816751750186086
Latency: 1.4831037048716098
Latency: 1.4845036950428039
Latency: 1.4859169169794768
Latency: 1.4873526871670038
Latency: 1.488784135086462
Latency: 1.4901690550614148
Latency: 1.4915849422104657
Latency: 1.4929568190127611
Latency: 1.4944193330593407
Latency: 1.4958272681105882
Latency: 1.4974468310829252
Latency: 1.4988865100312978
Latency: 1.500282404012978
Latency: 1.500924127874896
Latency: 1.5022957290057093
Latency: 1.5260936431586742
Latency: 1.5274626798927784
Latency: 1.5288228578865528
Latency: 1.5301794749684632
Latency: 1.5403427029959857
Latency: 1.541764538967982
Latency: 1.5431106160394847
Latency: 1.5445334550458938
Latency: 1.5457276899833232
Latency: 1.547140024136752
Latency: 1.5485870749689639
Latency: 1.4977812168654054
Latency: 1.4990947279147804
Latency: 1.5958609660156071
Latency: 1.5971962921321392
Latency: 1.598511592950672
Latency: 1.599942249013111
Latency: 1.600905637955293
Latency: 1.6022376511245966
Latency: 1.6036338219419122
Latency: 1.6049758940935135
Latency: 1.606372213922441
Latency: 1.6077443060930818
Latency: 1.6091399390716106
Latency: 1.6102391760796309
Latency: 1.6115518400911242
Latency: 1.6129846691619605
Latency: 1.6143517040181905
Latency: 1.6157165609765798
Latency: 1.6170839429832995
Latency: 1.6184439449571073
Latency: 1.619860202074051
Latency: 1.6212941918056458
Latency: 1.6227361499331892
Latency: 1.624131727963686
Latency: 1.625458937836811
Latency: 1.6268192490097135
Latency: 1.6281663519330323
Latency: 1.629592026118189
Latency: 1.6309531480073929
Latency: 1.6323617468588054
Latency: 1.6337959689553827
Latency: 1.6351759580429643
Latency: 1.6354167100507766
Latency: 1.6367425362113863
Latency: 1.6381526628974825
Latency: 1.4648131770081818
Latency: 1.455921103945002
Latency: 1.4572171398904175
Latency: 1.4578272770158947
Latency: 1.4595422209240496
Latency: 1.4609957619104534
Latency: 1.4623869149945676
Latency: 1.4637684349436313
Latency: 1.4651387901976705
Latency: 1.4665025430731475
Latency: 1.467877164017409
Latency: 1.4991162510123104
Latency: 1.4989003129303455
Latency: 1.504986739018932
Latency: 1.5047337298747152
Latency: 1.5044750538654625
Latency: 1.504152945941314
Latency: 1.5041972352191806
Latency: 1.5181826148182154
Latency: 1.5196350649930537
Latency: 1.5211467321496457
Latency: 1.5227702921256423
Latency: 1.524157539010048
Latency: 1.5256016820203513
Latency: 1.5269993820693344
Latency: 1.5284446137957275
Latency: 1.5298851639963686
Latency: 1.5313125050161034
Latency: 1.5327354420442134
Latency: 1.534152999985963
Latency: 1.5355548129882663
Latency: 1.5370163938496262
Latency: 1.5384210580959916
Latency: 1.5398120151367038
Latency: 1.5412189760245383
Latency: 1.5426446730270982
Latency: 1.5440625781193376
Latency: 1.5443593300879002
Latency: 1.5457150819711387
Latency: 1.5471246300730854
Latency: 1.5485287478659302
Latency: 1.5499825838487595
Latency: 1.5489487228915095
Latency: 1.5464497618377209
Latency: 1.5478499899618328
Latency: 1.5492624829057604
Latency: 1.5507046580314636
Latency: 1.5520495409145951
Latency: 1.5534934741444886
Latency: 1.5549025950022042
Latency: 1.5563016801606864
Latency: 1.5324738859198987
Latency: 1.5338085959665477
Latency: 1.5351597471162677
Latency: 1.5365209258161485
Latency: 1.537927893921733
Latency: 1.5392531189136207
Latency: 1.5406291459221393
Latency: 1.5420355601236224
Latency: 1.5434095689561218
Latency: 1.544789619045332
Latency: 1.5461698160506785
Latency: 1.54755322705023
Latency: 1.5489625670015812
Latency: 1.5505502729211003
Latency: 1.5519865350797772
Latency: 1.5897415180224925
Latency: 1.5904767280444503
Latency: 1.59006611793302
Latency: 1.5897115611005574
Latency: 1.5899443591479212
Latency: 1.5946132089011371
Latency: 1.4811667711474001
Latency: 1.480946415103972
Latency: 1.4813629100099206
Latency: 1.482747710077092
Latency: 1.4841509310062975
Latency: 1.4855477979872376
Latency: 1.4869666781742126
Latency: 1.4879078920930624
Latency: 1.4893090859986842
Latency: 1.48965365299955
Latency: 1.491060890024528
Latency: 1.4924674918875098
Latency: 1.493855545995757
Latency: 1.4952486890833825
Latency: 1.4966394200455397
Latency: 1.4981114889960736
Latency: 1.4995194610673934
Latency: 1.4985252360347658
Latency: 1.4999285510275513
Latency: 1.5012601420748979
Latency: 1.5028077778406441
Latency: 1.504198119044304
Latency: 1.5056407158263028
Latency: 1.507836126955226
Latency: 1.5092841379810125
Latency: 1.5107309711165726
Latency: 1.52857610094361
Latency: 1.5300239380449057
Latency: 1.5314317508600652
Latency: 1.52625966607593
Latency: 1.527626331197098
Latency: 1.5289994170889258
Latency: 1.530374787049368
Latency: 1.5318138140719384
Latency: 1.5331643871031702
Latency: 1.534638785989955
Latency: 1.5360874610487372
Latency: 1.5374646889977157
Latency: 1.5388439679518342
Latency: 1.5375122600235045
Latency: 1.5542483089957386
Latency: 1.5556408888660371
Latency: 1.5570645679254085
Latency: 1.5584289310500026
Latency: 1.559752801200375
Latency: 1.5612173900008202
Latency: 1.5626326550263911
Latency: 1.5640821331180632
Latency: 1.6532995898742229
Latency: 1.3884204290807247
Latency: 1.3895526709966362
Latency: 1.3908238660078496
Latency: 1.392186040058732
Latency: 1.3935702270828187
Latency: 1.3947182840202004
Latency: 1.3960768200922757
Latency: 1.3974427070934325
Latency: 1.5132391301449388
Latency: 1.5144992400892079
Latency: 1.5158346090465784
Latency: 1.3354312209412456
Latency: 1.336632673861459
Latency: 1.337967187864706
Latency: 1.3393209830392152
Latency: 1.3406826299615204
Latency: 1.34204479213804
Latency: 1.343420766061172
Latency: 1.3447945259977132
Latency: 1.34558419091627
Latency: 1.3468930770177394
Latency: 1.3483369119931012
Latency: 1.3497120100073516
Latency: 1.3511117049492896
Latency: 1.3524639399256557
Latency: 1.3539041779004037
Latency: 1.43868043506518
Latency: 1.4403109680861235
Latency: 1.4417133638635278
Latency: 1.4431115430779755
Latency: 1.4444712679833174
Latency: 1.4458506719674915
Latency: 1.4472662641201168
Latency: 1.4486906959209591
Latency: 1.4500801800750196
Latency: 1.450659513939172
Latency: 1.4520233601797372
Latency: 1.4534315078053623
Latency: 1.4548241950105876
Latency: 1.456217170925811
Latency: 1.4576204111799598
Latency: 1.351932471850887
Latency: 1.3523843898437917
Latency: 1.3538078870624304
Latency: 1.3533646799623966
Latency: 1.354741282062605
Latency: 1.356089032953605
Latency: 1.3574687829241157
Latency: 1.3577852491289377
Latency: 1.3591542930807918
Latency: 1.3605515861418098
Latency: 1.3619746679905802
Latency: 1.3633595400024205
Latency: 1.364907642127946
Latency: 1.365310826804489
Latency: 1.366696875076741
Latency: 1.3681004701647907
Latency: 1.3694807589054108
Latency: 1.3709069639444351
Latency: 1.3723131641745567
Latency: 1.3736870558932424
Latency: 1.3751243560109288
Latency: 1.3743479170370847
Latency: 1.3757017038296908
Latency: 1.3770838310010731
Latency: 1.3784916701260954
Latency: 1.379908800125122
Latency: 1.3813052559271455
Latency: 1.3826754249166697
Latency: 1.3842373301740736
Latency: 1.3856764370575547
Latency: 1.3870987019035965
Latency: 1.388522489927709
Latency: 1.389929651049897
Latency: 1.3913907289970666
Latency: 1.3914801920764148
Latency: 1.392883581807837
Latency: 1.5722414611373097
Latency: 1.5736964128445834
Latency: 1.5750417429953814
Latency: 1.431190773844719
Latency: 1.432662219973281
Latency: 1.4340514219366014
Latency: 1.4354553688317537
Latency: 1.4368933800142258
Latency: 1.4382615380454808
Latency: 1.439655144000426
Latency: 1.4906895889434963
Latency: 1.4921075629536062
Latency: 1.4824212361127138
Latency: 1.483636399032548
Latency: 1.4850984350778162
Latency: 1.486550172790885
Latency: 1.4376602820120752
Latency: 1.4385004851501435
Latency: 1.439852382056415
Latency: 1.4407312930561602
Latency: 1.4421260971575975
Latency: 1.443532173987478
Latency: 1.4796163260471076
Latency: 1.4795765320304781
Latency: 1.4810626248363405
Latency: 1.4344170349650085
Latency: 1.4357012410182506
Latency: 1.4369990359991789
Latency: 1.4383643369656056
Latency: 1.4397919769398868
Latency: 1.4411446969024837
Latency: 1.4425616490188986
Latency: 1.4439103591721505
Latency: 1.4440663589630276
Latency: 1.4454290899448097
Latency: 1.446855008834973
Latency: 1.4478782238438725
Latency: 1.449304541805759
Latency: 1.4507109748665243
Latency: 1.4521285488735884
Latency: 1.4535554589238018
Latency: 1.4549680680502206
Latency: 1.4563872278667986
Latency: 1.4577947398647666
Latency: 1.4592357960063964
Latency: 1.4606243029702455
Latency: 1.4608433360699564
Latency: 1.462218454806134
Latency: 1.4636140691582114
Latency: 1.4650026611052454
Latency: 1.4664251189678907
Latency: 1.4678273450117558
Latency: 1.4692284979391843
Latency: 1.4706513059791178
Latency: 1.4720428481232375
Latency: 1.4736526920460165
Latency: 1.4751193809788674
Latency: 1.4765525178518146
Latency: 1.4779937220737338
Latency: 1.4786868710070848
Latency: 1.4800554930698127
Latency: 1.481482039904222
Latency: 1.4828961880411953
Latency: 1.4843040469568223
Latency: 1.4857532668393105
Latency: 1.4871269080322236
Latency: 1.4885510799940675
Latency: 1.489967567147687
Latency: 1.4914160980843008
Latency: 1.4861625828780234
Latency: 1.4874967439100146
Latency: 1.4889091229997575
Latency: 1.493526916950941
Latency: 1.494927522027865
Latency: 1.496299800928682
Latency: 1.4976477769669145
Latency: 1.48424584697932
Latency: 1.4854341379832476
Latency: 1.4867800739593804
Latency: 1.488179218955338
Latency: 1.4895305030513555
Latency: 1.4909057749900967
Latency: 1.4923091328237206
Latency: 1.4936982998624444
Latency: 1.4951165390666574
Latency: 1.4964941700454801
Latency: 1.4979404248297215
Latency: 1.499249393120408
Latency: 1.5006365159060806
Latency: 1.5022018540184945
Latency: 1.5036480810958892
Latency: 1.5050850429106504
Latency: 1.5064846898894757
Latency: 1.5078876169864088
Latency: 1.5092794748488814
Latency: 1.5106705769430846
Latency: 1.5121064949780703
Latency: 1.5135340469423681
Latency: 1.5139188549946994
Latency: 1.515285274013877
Latency: 1.5166572898160666
Latency: 1.518065437907353
Latency: 1.5194747189525515
Latency: 1.520852382062003
Latency: 1.522297051968053
Latency: 1.5238621919415891
Latency: 1.5252398878801614
Latency: 1.5266425318550318
Latency: 1.5280397029127926
Latency: 1.5294688739813864
Latency: 1.5308746627997607
Latency: 1.5323213830124587
Latency: 1.5337404471356422
Latency: 1.5560573060065508
Latency: 1.557426794897765
Latency: 1.5588066601194441
Latency: 1.5602178319822997
Latency: 1.5616310050245374
Latency: 1.5630212100222707
Latency: 1.5644381090532988
Latency: 1.5652919160202146
Latency: 1.5666362289339304
Latency: 1.5681757100392133
Latency: 1.5696161061059684
Latency: 1.5611286819912493
Latency: 1.5602217379491776
Latency: 1.5597870470955968
Latency: 1.5602520029060543
Latency: 1.5599205591715872
Latency: 1.5583546059206128
Latency: 1.558831854024902
Latency: 1.558626753045246
Latency: 1.558374202111736
Latency: 1.5107774620410055
Latency: 1.5103946670424193
Latency: 1.5102766680065542
Latency: 1.5089862088207155
Latency: 1.5214756550267339
Latency: 1.5229604910127819
Latency: 1.5243462179787457
Latency: 1.5226445589214563
Latency: 1.5239863481838256
Latency: 1.5253538899123669
Latency: 1.5267322540748864
Latency: 1.5281307289842516
Latency: 1.5294960578903556
Latency: 1.530885455198586
Latency: 1.5322754380758852
Latency: 1.5337093870621175
Latency: 1.5351201039738953
Latency: 1.531274446984753
Latency: 1.5326470821164548
Latency: 1.5340295140631497
Latency: 1.5353992849122733
Latency: 1.5266478289850056
Latency: 1.5279848841018975
Latency: 1.560172121040523
Latency: 1.5615646650549024
Latency: 1.5249804749619216
Latency: 1.5263496458064765
Latency: 1.5278011041227728
Latency: 1.5291732088662684
Latency: 1.5305280399043113
Latency: 1.53193099796772
Latency: 1.5328689271118492
Latency: 1.534268886083737
Latency: 1.5647165910340846
Latency: 1.5661256690509617
Latency: 1.5675470118876547
Latency: 1.568948051892221
Latency: 1.5703454008325934
Latency: 1.5717906889040023
Latency: 1.5669687420595437
Latency: 1.5683419150300324
Latency: 1.5697053580079228
Latency: 1.571105120005086
Latency: 1.572484761942178
Latency: 1.5744649188127369
Latency: 1.5323814111761749
Latency: 1.52962348703295
Latency: 1.5308701710309833
Latency: 1.532228606985882
Latency: 1.5335932241287082
Latency: 1.5348944240249693
Latency: 1.5362469931133091
Latency: 1.5529659669846296
Latency: 1.5543358360882849
Latency: 1.3217819479759783
Latency: 1.3234087019227445
Latency: 1.3248045530635864
Latency: 1.4981853908393532
Latency: 1.4994715321809053
Latency: 1.5008385539986193
Latency: 1.5018295568879694
Latency: 1.5032451809383929
Latency: 1.5046831939835101
Latency: 1.5060685670468956
Latency: 1.5074691029731184
Latency: 1.5088952612131834
Latency: 1.510239409049973
Latency: 1.5114664328284562
Latency: 1.512851492036134
Latency: 1.5142226109746844
Latency: 1.5157032599672675
Latency: 1.5170856721233577
Latency: 1.3125851599033922
Latency: 1.3138292510993779
Latency: 1.3147211361210793
Latency: 1.3168869139626622
Latency: 1.3183765741996467
Latency: 1.3197794370353222
Latency: 1.321168685797602
Latency: 1.3225701621267945
Latency: 1.3239592050667852
Latency: 1.325376647990197
Latency: 1.3267963379621506
Latency: 1.3282417808659375
Latency: 1.3296189669054002
Latency: 1.331069078994915
Latency: 1.3319422390777618
Latency: 1.3332942628767341
Latency: 1.3025108240544796
Latency: 1.3038120169658214
Latency: 1.3051673551090062
Latency: 1.3065365918446332
Latency: 1.3079262298997492
Latency: 1.3093401629012078
Latency: 1.435368332080543
Latency: 1.4368495428934693
Latency: 1.4378096358850598
Latency: 1.4391603451222181
Latency: 1.4405762699898332
Latency: 1.4418820468708873
Latency: 1.4439832030329853
Latency: 1.4453850600402802
Latency: 1.44684003200382
Latency: 1.4482761989347637
Latency: 1.4496746689546853
Latency: 1.4511239789426327
Latency: 1.4525386330205947
Latency: 1.4539684280753136
Latency: 1.4476729410234839
Latency: 1.4490576239768416
Latency: 1.450437266845256
Latency: 1.4518472889903933
Latency: 1.451907284092158
Latency: 1.4533008260186762
Latency: 1.4547180330846459
Latency: 1.4561276198364794
Latency: 1.457526413956657
Latency: 1.458920065080747
Latency: 1.4603110919706523
Latency: 1.4619753130245954
Latency: 1.4634248141665012
Latency: 1.464870521100238
Latency: 1.4662666840013117
Latency: 1.45904821716249
Latency: 1.4604507870972157
Latency: 1.461875727865845
Latency: 1.4633009310346097
Latency: 1.4647446610033512
Latency: 1.4661181780975312
Latency: 1.467565445927903
Latency: 1.4689875841140747
Latency: 1.4704437570180744
Latency: 1.4718255628831685
Latency: 1.470020268112421
Latency: 1.471387400990352
Latency: 1.4730199351906776
Latency: 1.4739366320427507
Latency: 1.475280495127663
Latency: 1.4766887188889086
Latency: 1.4781103490386158
Latency: 1.4795080800540745
Latency: 1.4808537831995636
Latency: 1.4823037111200392
Latency: 1.4837226220406592
Latency: 1.485119357937947
Latency: 1.5584343641530722
Latency: 1.5597818170208484
Latency: 1.5611653600353748
Latency: 1.437962861964479
Latency: 1.4386337040923536
Latency: 1.439963614102453
Latency: 1.4413415230810642
Latency: 1.4427414129022509
Latency: 1.4441391839645803
Latency: 1.4454510000068694
Latency: 1.4469415459316224
Latency: 1.4483189349994063
Latency: 1.4497387879528105
Latency: 1.4511593920178711
Latency: 1.4525456768460572
Latency: 1.4539526340086013
Latency: 1.4877171809785068
Latency: 1.487444425933063
Latency: 1.4871199140325189
Latency: 1.4866941620130092
Latency: 1.4863573641050607
Latency: 1.4860122490208596
Latency: 1.485790973994881
Latency: 1.4855625729542226
Latency: 1.4853171040304005
Latency: 1.485416512005031
Latency: 1.4868260950315744
Latency: 1.488254910102114
Latency: 1.4896414729300886
Latency: 1.4910783199593425
Latency: 1.492806039052084
Latency: 1.4942335900850594
Latency: 1.49567999294959
Latency: 1.4965875002089888
Latency: 1.4981018339749426
Latency: 1.4995542168617249
Latency: 1.500912558985874
Latency: 1.522917180787772
Latency: 1.5242840971332043
Latency: 1.5257566650398076
Latency: 1.5271813930012286
Latency: 1.5285805079620332
Latency: 1.493517260067165
Latency: 1.4947346069384366
Latency: 1.4961473159492016
Latency: 1.4974827920086682
Latency: 1.4988622651435435
Latency: 1.50024130102247
Latency: 1.5016615979839116
Latency: 1.503043768927455
Latency: 1.504459684016183
Latency: 1.5058368290774524
Latency: 1.5072757478337735
Latency: 1.5086719579994678
Latency: 1.5101338899694383
Latency: 1.511480525135994
Latency: 1.5133632270153612
Latency: 1.5147954910062253
Latency: 1.5162167840171605
Latency: 1.5176425860263407
Latency: 1.5190422518644482
Latency: 1.5204496551305056
Latency: 1.5218445050995797
Latency: 1.5232867139857262
Latency: 1.5247199770528823
Latency: 1.526119947899133
Latency: 1.5275005348958075
Latency: 1.5277035050094128
Latency: 1.5290454418864101
Latency: 1.5304273590445518
Latency: 1.5318094710819423
Latency: 1.533191714901477
Latency: 1.5346030730288476
Latency: 1.5359978580381721
Latency: 1.537575950147584
Latency: 1.5389828719198704
Latency: 1.5403632679954171
Latency: 1.5418279019650072
Latency: 1.5432114501018077
Latency: 1.5446212817914784
Latency: 1.5460131731815636
Latency: 1.5474405300337821
Latency: 1.5488279180135578
Latency: 1.5502718689385802
Latency: 1.5516481779050082
Latency: 1.553074625087902
Latency: 1.5544452969916165
Latency: 1.555815229890868
Latency: 1.557256172876805
Latency: 1.558646459132433
Latency: 1.5624007540754974
Latency: 1.5621764610987157
Latency: 1.5635092700831592
Latency: 1.5649071920197457
Latency: 1.5662916430737823
Latency: 1.5676856490317732
Latency: 1.5690639060921967
Latency: 1.587533200159669
Latency: 1.5889264328870922
Latency: 1.5903475750237703
Latency: 1.5917593429330736
Latency: 1.593144471058622
Latency: 1.4465466039255261
Latency: 1.4478248141240329
Latency: 1.4491934981197119
Latency: 1.4505680759903044
Latency: 1.4833665189798921
Latency: 1.4847660658415407
Latency: 1.4861807939596474
Latency: 1.4858518592081964
Latency: 1.4856905860360712
Latency: 1.4853426211047918
Latency: 1.4846333169844002
Latency: 1.4842946911230683
Latency: 1.4839408539701253
Latency: 1.3732841617893428
Latency: 1.3727906229905784
Latency: 1.372677450068295
Latency: 1.3727637929841876
Latency: 1.392795769032091
Latency: 1.3933409620076418
Latency: 1.394081707810983
Latency: 1.410587057005614
Latency: 1.4120317518245429
Latency: 1.4134997557848692
Latency: 1.414886225014925
Latency: 1.4161573250312358
Latency: 1.4167341119609773
Latency: 1.418085812823847
Latency: 1.4194933590479195
Latency: 1.4208668959327042
Latency: 1.4222593570593745
Latency: 1.4142922409810126
Latency: 1.4156260041054338
Latency: 1.4168728429358453
Latency: 1.4184304820373654
Latency: 1.4196413138415664
Latency: 1.4210384408943355
Latency: 1.441546737216413
Latency: 1.442935542203486
Latency: 1.4436644450761378
Latency: 1.4450451461598277
