Latency: 0.08735051820985973
Latency: 0.11331270192749798
Latency: 0.08784775785170496
Latency: 0.0841416569892317
Latency: 0.08054189290851355
Latency: 0.0813970579765737
Latency: 0.08423942886292934
Latency: 0.07994216494262218
Latency: 0.10828223684802651
Latency: 0.07929297909140587
Latency: 0.08070055418647826
Latency: 0.081253114156425
Latency: 0.07920049992389977
Latency: 0.08170629199594259
Latency: 0.08295230800285935
Latency: 0.1183348298072815
Latency: 0.08603479596786201
Latency: 0.08635196788236499
Latency: 0.08391614514403045
Latency: 0.08053010096773505
Latency: 0.08721123402938247
Latency: 0.08113718801178038
Latency: 0.06911980896256864
Latency: 0.0808074208907783
Latency: 0.08410235401242971
Latency: 0.08851266000419855
Latency: 0.08233104483224452
Latency: 0.08716308115981519
Latency: 0.08713972102850676
Latency: 0.1175095560029149
Latency: 0.08979459991678596
Latency: 0.08760144398547709
Latency: 0.09059282694943249
Latency: 0.08855670806951821
Latency: 0.09184442483820021
Latency: 0.08574665593914688
Latency: 0.12163692992180586
Latency: 0.08820171211846173
Latency: 0.08779745316132903
Latency: 0.08571355789899826
Latency: 0.08789261407218874
Latency: 0.08356574014760554
Latency: 0.0788680100813508
Latency: 0.1137680858373642
Latency: 0.08637482603080571
Latency: 0.08667747909203172
Latency: 0.08290751604363322
Latency: 0.08083015098236501
Latency: 0.08408623607829213
Latency: 0.08758459403179586
Latency: 0.11816829605959356
Latency: 0.08555574691854417
Latency: 0.08325889613479376
Latency: 0.07874636608175933
Latency: 0.0709349678363651
Latency: 0.08166708284989
Latency: 0.08292654296383262
Latency: 0.11135997902601957
Latency: 0.08673683693632483
Latency: 0.08443800103850663
Latency: 0.08234817697666585
Latency: 0.08190652914345264
Latency: 0.08392453799024224
Latency: 0.0885988250374794
Latency: 0.1186169229913503
Latency: 0.09279158595018089
Latency: 0.09292048797942698
Latency: 0.09466203488409519
Latency: 0.08620662987232208
Latency: 0.08638266706839204
Latency: 0.08592832507565618
Latency: 0.11071847192943096
Latency: 0.07802368304692209
Latency: 0.07937504700385034
Latency: 0.0803434879053384
Latency: 0.0809693499468267
Latency: 0.08250641589984298
Latency: 0.08175066998228431
Latency: 0.11230361019261181
Latency: 0.07743635307997465
Latency: 0.07536058500409126
Latency: 0.08285668399184942
Latency: 0.08310178993269801
Latency: 0.07933593285270035
Latency: 0.08357242704369128
Latency: 0.12510306504555047
Latency: 0.09204973792657256
Latency: 0.08496020501479506
Latency: 0.08708196110092103
Latency: 0.08576754294335842
Latency: 0.08538596401922405
Latency: 0.07791158487088978
Latency: 0.07858729385770857
Latency: 0.0812849102076143
Latency: 0.08121826103888452
Latency: 0.08238752000033855
Latency: 0.08405328704975545
Latency: 0.07949551404453814
Latency: 0.08882875996641815
Latency: 0.08781810197979212
Latency: 0.08503671898506582
Latency: 0.08420624816790223
Latency: 0.08108016801998019
Latency: 0.0813917329069227
Latency: 0.08355954708531499
Latency: 0.07987246988341212
Latency: 0.08440443594008684
Latency: 0.11734918993897736
Latency: 0.08176046120934188
Latency: 0.07766512501984835
Latency: 0.08097396790981293
Latency: 0.0817243829369545
Latency: 0.08566467696800828
Latency: 0.08384216902777553
Latency: 0.13191389688290656
Latency: 0.08087547798641026
Latency: 0.08121713413856924
Latency: 0.08129395707510412
Latency: 0.0818649169523269
Latency: 0.07917571906000376
Latency: 0.08653956209309399
Latency: 0.08271452505141497
Latency: 0.08470991509966552
Latency: 0.08398349210619926
Latency: 0.08947278885170817
Latency: 0.09164800797589123
Latency: 0.08637937717139721
Latency: 0.08994771796278656
Latency: 0.08927908097393811
Latency: 0.08931661397218704
Latency: 0.08878089301288128
Latency: 0.09579485701397061
Latency: 0.08842333289794624
Latency: 0.08499080711044371
Latency: 0.08183391904458404
Latency: 0.1141434758901596
Latency: 0.07881788583472371
Latency: 0.07967753801494837
Latency: 0.07827647705562413
Latency: 0.08141693496145308
Latency: 0.08219547499902546
Latency: 0.08102273615077138
Latency: 0.11265471903607249
Latency: 0.08020967291668057
Latency: 0.07785950391553342
Latency: 0.07926276791840792
Latency: 0.0758415088057518
Latency: 0.07422814005985856
Latency: 0.08550068596377969
Latency: 0.12362847989425063
Latency: 0.08442926197312772
Latency: 0.08692101784981787
Latency: 0.08205108786933124
Latency: 0.08683934202417731
Latency: 0.07429441693238914
Latency: 0.08183719497174025
Latency: 0.11919433902949095
Latency: 0.08172104810364544
Latency: 0.08642194280400872
Latency: 0.08652848191559315
Latency: 0.08674332010559738
Latency: 0.08393048099242151
Latency: 0.08495939290151
Latency: 0.12332037999294698
Latency: 0.08891374780796468
Latency: 0.08716773893684149
Latency: 0.0908309540245682
Latency: 0.0887187379412353
Latency: 0.08999464986845851
Latency: 0.08781989221461117
Latency: 0.08527596085332334
Latency: 0.09052325505763292
Latency: 0.08560750796459615
Latency: 0.06812868709675968
Latency: 0.0075478029903024435
Latency: 0.009135256987065077
Latency: 0.012644401984289289
Latency: 0.00886711198836565
Latency: 0.007659361930564046
Latency: 0.0076574780978262424
Latency: 0.007649362087249756
Latency: 0.007537649944424629
Latency: 0.007636962924152613
Latency: 0.007250962080433965
Latency: 0.007325167069211602
Latency: 0.0074163381941616535
Latency: 0.008572242921218276
Latency: 0.007529296912252903
Latency: 0.009111858904361725
Latency: 0.009065815014764667
Latency: 0.008439819095656276
Latency: 0.007820506114512682
Latency: 0.008136389078572392
Latency: 0.008104322012513876
Latency: 0.007686296943575144
Latency: 0.007593125104904175
Latency: 0.007250733906403184
Latency: 0.007379770977422595
Latency: 0.007236456964164972
Latency: 0.008818804984912276
Latency: 0.00749586895108223
Latency: 0.008454364957287908
Latency: 0.00918796588666737
Latency: 0.007819339167326689
Latency: 0.007795737124979496
Latency: 0.008604621980339289
Latency: 0.014060808112844825
Latency: 0.011682932963594794
Latency: 0.010300463996827602
Latency: 0.00779705005697906
Latency: 0.007545300992205739
Latency: 0.008736215066164732
Latency: 0.007488304981961846
Latency: 0.007346760015934706
Latency: 0.007396462839096785
Latency: 0.0074330768547952175
Latency: 0.007382485084235668
Latency: 0.007279684999957681
Latency: 0.007432179991155863
Latency: 0.0073369701858609915
Latency: 0.007344083860516548
Latency: 0.007422948023304343
Latency: 0.0074191398452967405
Latency: 0.00829047104343772
Latency: 0.007303629070520401
Latency: 0.007513413904234767
Latency: 0.007516239071264863
Latency: 0.007912721019238234
Latency: 0.007388307945802808
Latency: 0.007378795882686973
Latency: 0.007458351086825132
Latency: 0.007343666860833764
Latency: 0.007523278938606381
Latency: 0.007378096925094724
Latency: 0.007446344010531902
Latency: 0.008416818920522928
Latency: 0.038400677032768726
Latency: 0.007984600029885769
Latency: 0.007522332016378641
Latency: 0.007528977002948523
Latency: 0.007460857974365354
Latency: 0.007432339014485478
Latency: 0.007477576844394207
Latency: 0.007558843120932579
Latency: 0.0073291941080242395
Latency: 0.007544962922111154
Latency: 0.008528969017788768
Latency: 0.007550478912889957
Latency: 0.0074754501692950726
Latency: 0.007532248040661216
Latency: 0.007569690002128482
Latency: 0.007520204875618219
Latency: 0.007528604008257389
Latency: 0.007382722105830908
Latency: 0.007491797907277942
Latency: 0.007626784965395927
Latency: 0.007454446982592344
Latency: 0.008593627950176597
Latency: 0.0076021000277251005
Latency: 0.00770086795091629
Latency: 0.007449812954291701
Latency: 0.0074470071122050285
Latency: 0.0074866090435534716
Latency: 0.007580532925203443
Latency: 0.007671642117202282
Latency: 0.007357598980888724
Latency: 0.0074928991962224245
Latency: 0.007315361872315407
Latency: 0.008397411089390516
Latency: 0.007151774130761623
Latency: 0.007366939913481474
Latency: 0.007784873945638537
Latency: 0.007538792910054326
Latency: 0.007332189008593559
Latency: 0.0072007798589766026
Latency: 0.007380456896498799
Latency: 0.007313450798392296
Latency: 0.007174232974648476
Latency: 0.0073376428335905075
Latency: 0.007354178000241518
Latency: 0.00852123205550015
Latency: 0.007227899972349405
Latency: 0.007234067190438509
Latency: 0.007293215952813625
Latency: 0.0073153849225491285
Latency: 0.007365891942754388
Latency: 0.007395222084596753
Latency: 0.007296334020793438
Latency: 0.007303979946300387
Latency: 0.007225899025797844
Latency: 0.007392521947622299
Latency: 0.007409849902614951
Latency: 0.00838465616106987
Latency: 0.007383324904367328
Latency: 0.007356869988143444
Latency: 0.007578602060675621
Latency: 0.007333029992878437
Latency: 0.007504427107051015
Latency: 0.007264743791893125
Latency: 0.007282144855707884
Latency: 0.007379797985777259
Latency: 0.007419467903673649
Latency: 0.007362590869888663
Latency: 0.009379190159961581
Latency: 0.007333704037591815
Latency: 0.007571683963760734
Latency: 0.007384631782770157
Latency: 0.00739759486168623
Latency: 0.007936568930745125
Latency: 0.007341128075495362
Latency: 0.007413781946524978
Latency: 0.0074199100490659475
Latency: 0.007315852912142873
Latency: 0.007444079965353012
Latency: 0.00743727688677609
Latency: 0.008335329126566648
Latency: 0.00729347113519907
Latency: 0.0073612520936876535
Latency: 0.007276790216565132
Latency: 0.007250654045492411
Latency: 0.00737819098867476
Latency: 0.0072955850046128035
Latency: 0.007300786208361387
Latency: 0.007406216114759445
Latency: 0.0073227540124207735
Latency: 0.007359672803431749
Latency: 0.008563040057197213
Latency: 0.007447622949257493
Latency: 0.007186169968917966
Latency: 0.0071415051352232695
Latency: 0.0073301580268889666
Latency: 0.0072368839755654335
Latency: 0.007365365978330374
Latency: 0.007425170158967376
Latency: 0.007456261897459626
Latency: 0.007401704089716077
Latency: 0.0073974288534373045
Latency: 0.008461964083835483
Latency: 0.0073210690170526505
Latency: 0.007429433986544609
Latency: 0.007292976137250662
Latency: 0.007184981135651469
Latency: 0.007292926078662276
Latency: 0.007204385008662939
Latency: 0.008017605170607567
Latency: 0.00746450200676918
Latency: 0.0074694359209388494
Latency: 0.007284944877028465
Latency: 0.008410550886765122
Latency: 0.00735067599453032
Latency: 0.007339962059631944
Latency: 0.007385972887277603
Latency: 0.00746756698936224
Latency: 0.0071595420595258474
Latency: 0.007191824959591031
Latency: 0.007411541184410453
Latency: 0.007335689151659608
Latency: 0.0072951659094542265
Latency: 0.007236876059323549
Latency: 0.008422587998211384
Latency: 0.00744689698331058
Latency: 0.007355382898822427
Latency: 0.007509598974138498
Latency: 0.0074141190852969885
Latency: 0.007318151881918311
Latency: 0.0073155679274350405
Latency: 0.007339824922382832
Latency: 0.00726340408436954
Latency: 0.007211095187813044
Latency: 0.007289494154974818
Latency: 0.008530134102329612
Latency: 0.007518532918766141
Latency: 0.007307282881811261
Latency: 0.00742783909663558
Latency: 0.007424233015626669
Latency: 0.007379057817161083
Latency: 0.007213667035102844
Latency: 0.007474201964214444
Latency: 0.007414838997647166
Latency: 0.00741773284971714
Latency: 0.007336423033848405
Latency: 0.007287000073119998
Latency: 0.008328320924192667
Latency: 0.007051481865346432
Latency: 0.00722202705219388
Latency: 0.007277690107002854
Latency: 0.007123532006517053
Latency: 0.007306270068511367
Latency: 0.007276979042217135
Latency: 0.007399098947644234
Latency: 0.007388450903818011
Latency: 0.007148479111492634
Latency: 0.007225684123113751
Latency: 0.007129481062293053
Latency: 0.008389958180487156
Latency: 0.007261381018906832
Latency: 0.007305746199563146
Latency: 0.007243884960189462
Latency: 0.007316400064155459
Latency: 0.007403580006211996
Latency: 0.007312416099011898
Latency: 0.007421965012326837
Latency: 0.007265864172950387
Latency: 0.007355086971074343
Latency: 0.007342191878706217
Latency: 0.00836912589147687
Latency: 0.0074684759601950645
Latency: 0.007328568026423454
Latency: 0.0073386370204389095
Latency: 0.007387205958366394
Latency: 0.007218441925942898
Latency: 0.007383777992799878
Latency: 0.007367383921518922
Latency: 0.00748631008900702
Latency: 0.007510612020269036
Latency: 0.007336836075410247
Latency: 0.007506427122280002
Latency: 0.009333556052297354
Latency: 0.007443981012329459
Latency: 0.007363469107076526
Latency: 0.007430918049067259
Latency: 0.007273531053215265
Latency: 0.007458030944690108
Latency: 0.007446003146469593
Latency: 0.00738459313288331
Latency: 0.007399429101496935
Latency: 0.007260889047756791
Latency: 0.007261257851496339
Latency: 0.008610951015725732
Latency: 0.007137849926948547
Latency: 0.007578626042231917
Latency: 0.00729871797375381
Latency: 0.007471477845683694
Latency: 0.007257682038471103
Latency: 0.0072182281874120235
Latency: 0.007385466946288943
Latency: 0.007460214197635651
Latency: 0.0074115421157330275
Latency: 0.007259185891598463
Latency: 0.007347423117607832
Latency: 0.008526565972715616
Latency: 0.007070716004818678
Latency: 0.007079903967678547
Latency: 0.007205246947705746
Latency: 0.007578920107334852
Latency: 0.007384385913610458
Latency: 0.007416269974783063
Latency: 0.007451037177816033
Latency: 0.007354961009696126
Latency: 0.007296886062249541
Latency: 0.0073251789435744286
Latency: 0.007430976023897529
Latency: 0.008317715022712946
Latency: 0.007309718988835812
Latency: 0.007436976069584489
Latency: 0.007430247031152248
Latency: 0.0072134630754590034
Latency: 0.0071484679356217384
Latency: 0.0072703598998487
Latency: 0.007405261974781752
Latency: 0.007325098849833012
Latency: 0.007448569871485233
Latency: 0.0073063240852206945
Latency: 0.008582639042288065
Latency: 0.007316458970308304
Latency: 0.0072912489995360374
Latency: 0.007338101975619793
Latency: 0.007546951994299889
Latency: 0.007294340990483761
Latency: 0.00716383196413517
Latency: 0.0073251789435744286
Latency: 0.007387418067082763
Latency: 0.007153172045946121
Latency: 0.007458773907274008
Latency: 0.008446054067462683
Latency: 0.028572493931278586
Latency: 0.007414944935590029
Latency: 0.007565992185845971
Latency: 0.007419197121635079
Latency: 0.007409942802041769
Latency: 0.0071754599921405315
Latency: 0.0072289879899472
Latency: 0.007356095127761364
Latency: 0.0074673418421298265
Latency: 0.007989328121766448
Latency: 0.007362372009083629
Latency: 0.007438965141773224
Latency: 0.008441776968538761
Latency: 0.007259294856339693
Latency: 0.0073541628662496805
Latency: 0.0071871348191052675
Latency: 0.007301189936697483
Latency: 0.007319045020267367
Latency: 0.007343635894358158
Latency: 0.007359019946306944
Latency: 0.007313877111300826
Latency: 0.008196254959329963
Latency: 0.007298248820006847
Latency: 0.007453161058947444
Latency: 0.0074336889665573835
Latency: 0.007218043087050319
Latency: 0.007187613984569907
Latency: 0.0072347980458289385
Latency: 0.007275809068232775
Latency: 0.007388527039438486
Latency: 0.0073202799540013075
Latency: 0.007337955990806222
Latency: 0.00842921994626522
Latency: 0.007095736917108297
Latency: 0.007193491095677018
Latency: 0.007315032882615924
Latency: 0.007279850076884031
Latency: 0.007568401051685214
Latency: 0.007315227063372731
Latency: 0.007268162909895182
Latency: 0.0074887259397655725
Latency: 0.007340867072343826
Latency: 0.007405098993331194
Latency: 0.007432497106492519
Latency: 0.00816520513035357
Latency: 0.00733461300842464
Latency: 0.007347973063588142
Latency: 0.0073938260320574045
Latency: 0.0073116368148475885
Latency: 0.007221383973956108
Latency: 0.007040116004645824
Latency: 0.007059285184368491
Latency: 0.007221985841169953
Latency: 0.0072621628642082214
Latency: 0.007315078051760793
Latency: 0.0083399279974401
Latency: 0.0073767059948295355
Latency: 0.0072187078185379505
Latency: 0.007286865031346679
Latency: 0.0072940809186547995
Latency: 0.0072164449375122786
Latency: 0.007348804967477918
Latency: 0.007309257052838802
Latency: 0.00723255705088377
Latency: 0.007215593010187149
Latency: 0.0072731878608465195
Latency: 0.007322699064388871
Latency: 0.008280684007331729
Latency: 0.007289065048098564
Latency: 0.007149663986638188
Latency: 0.0071613118052482605
Latency: 0.007312346016988158
Latency: 0.007292286027222872
Latency: 0.007238062098622322
Latency: 0.007257697870954871
Latency: 0.007352469954639673
Latency: 0.007261854130774736
Latency: 0.007243613945320249
Latency: 0.008519049035385251
Latency: 0.0073106358759105206
Latency: 0.007339037023484707
Latency: 0.007228974951431155
Latency: 0.007199987070634961
Latency: 0.0072559320833534
Latency: 0.007450269069522619
Latency: 0.008140916004776955
Latency: 0.007358748000115156
Latency: 0.00737270200625062
Latency: 0.007332375971600413
Latency: 0.007123469840735197
Latency: 0.008406098932027817
Latency: 0.007387167075648904
Latency: 0.007266847882419825
Latency: 0.007309098029509187
Latency: 0.007326221093535423
Latency: 0.007129552075639367
Latency: 0.007221312960609794
Latency: 0.007274913834407926
Latency: 0.007374119944870472
Latency: 0.007220464060083032
Latency: 0.007367991143837571
Latency: 0.008562796050682664
Latency: 0.007226577028632164
Latency: 0.00735237286426127
Latency: 0.007276571122929454
Latency: 0.007244959007948637
Latency: 0.007289868080988526
Latency: 0.007111422950401902
Latency: 0.007222319953143597
Latency: 0.007254747906699777
Latency: 0.007143115159124136
Latency: 0.007317597046494484
Latency: 0.007207171991467476
Latency: 0.00830281712114811
Latency: 0.007299451855942607
Latency: 0.00730437389574945
Latency: 0.007236640900373459
Latency: 0.007301674922928214
Latency: 0.007312635891139507
Latency: 0.007248464040458202
Latency: 0.00742493593133986
Latency: 0.0073911878280341625
Latency: 0.007353851106017828
Latency: 0.007479719119146466
Latency: 0.00858458993025124
Latency: 0.007375180954113603
Latency: 0.007243323838338256
Latency: 0.00728630693629384
Latency: 0.007297606905922294
Latency: 0.007370273815467954
Latency: 0.007367071928456426
Latency: 0.007410539081320167
Latency: 0.007358976872637868
Latency: 0.007169449934735894
Latency: 0.007462356938049197
Latency: 0.00735555705614388
Latency: 0.00845165504142642
Latency: 0.007332946173846722
Latency: 0.007262365892529488
Latency: 0.007259933045133948
Latency: 0.007431486854329705
Latency: 0.007281097117811441
Latency: 0.0071971670258790255
Latency: 0.007255692034959793
Latency: 0.007334795780479908
Latency: 0.007305149920284748
Latency: 0.007352618966251612
Latency: 0.008589955978095531
Latency: 0.0073553749825805426
Latency: 0.0073058148846030235
Latency: 0.007432074053213
Latency: 0.007361595053225756
Latency: 0.0077647080179303885
Latency: 0.007465179776772857
Latency: 0.0073196301236748695
Latency: 0.0073432051576673985
Latency: 0.007383374031633139
Latency: 0.007454651175066829
Latency: 0.009200080065056682
Latency: 0.007494683843106031
Latency: 0.007247143192216754
Latency: 0.007293622940778732
Latency: 0.007310535991564393
Latency: 0.00736880605109036
Latency: 0.007399440975859761
Latency: 0.007245116168633103
Latency: 0.007318045943975449
Latency: 0.007239531958475709
Latency: 0.007247000001370907
Latency: 0.00845250696875155
Latency: 0.007320291129872203
Latency: 0.00729877594858408
Latency: 0.007223139051347971
Latency: 0.007294001989066601
Latency: 0.007192587945610285
Latency: 0.00722725479863584
Latency: 0.007312496891245246
Latency: 0.007349650841206312
Latency: 0.007351395906880498
Latency: 0.007400141796097159
Latency: 0.007285560015588999
Latency: 0.008501339005306363
Latency: 0.0074417858850210905
Latency: 0.00722857192158699
Latency: 0.007528652204200625
Latency: 0.007354128174483776
Latency: 0.007496875943616033
Latency: 0.007559647085145116
Latency: 0.0074563538655638695
Latency: 0.00730973482131958
Latency: 0.007372474996373057
Latency: 0.0073611021507531404
Latency: 0.00842601410113275
Latency: 0.007184313144534826
Latency: 0.007284527877345681
Latency: 0.0072882219683378935
Latency: 0.007317403797060251
Latency: 0.007375761866569519
Latency: 0.007319524185732007
Latency: 0.007099153008311987
Latency: 0.0072016490157693624
Latency: 0.007232138188555837
Latency: 0.007050293032079935
Latency: 0.007194477133452892
Latency: 0.008266703924164176
Latency: 0.00727918092161417
Latency: 0.007267670007422566
Latency: 0.007353249005973339
Latency: 0.007320074830204248
Latency: 0.007294964976608753
Latency: 0.007341821910813451
Latency: 0.007292073918506503
Latency: 0.007285243133082986
Latency: 0.007386362878605723
Latency: 0.007461843080818653
Latency: 0.008641466964036226
Latency: 0.0073667538817971945
Latency: 0.007187751121819019
Latency: 0.007196972845122218
Latency: 0.007378274109214544
Latency: 0.00725205079652369
Latency: 0.0071842060424387455
Latency: 0.0071125279646366835
Latency: 0.007110205013304949
Latency: 0.007180347107350826
Latency: 0.007222901098430157
Latency: 0.007267619017511606
Latency: 0.008436796953901649
Latency: 0.00728660193271935
Latency: 0.007362233009189367
Latency: 0.00757928192615509
Latency: 0.007650181883946061
Latency: 0.007252114126458764
Latency: 0.007086876081302762
Latency: 0.00732403015717864
Latency: 0.0073551880195736885
Latency: 0.007206022972241044
Latency: 0.007326164981350303
Latency: 0.008750148816034198
Latency: 0.02862290618941188
Latency: 0.007694340078160167
Latency: 0.007440043846145272
Latency: 0.007382962154224515
Latency: 0.007249212125316262
Latency: 0.007154725957661867
Latency: 0.007182514062151313
Latency: 0.007174396188929677
Latency: 0.0073478748090565205
Latency: 0.008227132959291339
Latency: 0.007449514931067824
Latency: 0.0072599840350449085
Latency: 0.0073705860413610935
Latency: 0.007356377085670829
Latency: 0.0074546909891068935
Latency: 0.0074222879484295845
Latency: 0.007377808913588524
Latency: 0.007262500002980232
Latency: 0.007252424955368042
Latency: 0.0072350758127868176
Latency: 0.007361103082075715
Latency: 0.008376694982871413
Latency: 0.007324642036110163
Latency: 0.007340442156419158
Latency: 0.0074794350657612085
Latency: 0.007504777051508427
Latency: 0.007521071005612612
Latency: 0.007501009851694107
Latency: 0.007531781913712621
Latency: 0.007415519095957279
Latency: 0.0075464698020368814
Latency: 0.007869835011661053
Latency: 0.00902406801469624
Latency: 0.007385000120848417
Latency: 0.007400295929983258
Latency: 0.007317315088585019
Latency: 0.007272110087797046
Latency: 0.007205093977972865
Latency: 0.007323198951780796
Latency: 0.007303318008780479
Latency: 0.00733918696641922
Latency: 0.0073244511149823666
Latency: 0.007156937848776579
Latency: 0.007303277030587196
Latency: 0.008336798986420035
Latency: 0.007376716937869787
Latency: 0.007178229978308082
Latency: 0.007283492013812065
Latency: 0.0073606830555945635
Latency: 0.007295683957636356
Latency: 0.007269709138199687
Latency: 0.007400834001600742
Latency: 0.007329982006922364
Latency: 0.007379845017567277
Latency: 0.007480913074687123
Latency: 0.008433751994743943
Latency: 0.0071743500884622335
Latency: 0.007312149042263627
Latency: 0.007371983956545591
Latency: 0.007392389001324773
Latency: 0.007269101915881038
Latency: 0.00785806798376143
Latency: 0.007313288049772382
Latency: 0.007330477936193347
Latency: 0.007407733937725425
Latency: 0.007236754987388849
Latency: 0.007248427020385861
Latency: 0.008386196102946997
Latency: 0.007193970959633589
Latency: 0.007263171020895243
Latency: 0.007164419163018465
Latency: 0.007309893146157265
Latency: 0.0073014379013329744
Latency: 0.007449252065271139
Latency: 0.007218342972919345
Latency: 0.007209344068542123
Latency: 0.007341993041336536
Latency: 0.007405053824186325
Latency: 0.008509906008839607
Latency: 0.007384998956695199
Latency: 0.007391905877739191
Latency: 0.007445978000760078
Latency: 0.0073317240457981825
Latency: 0.0072476358618587255
Latency: 0.007320475997403264
Latency: 0.007160815875977278
Latency: 0.014255553018301725
Latency: 0.007566383108496666
Latency: 0.007233807118609548
Latency: 0.007579147815704346
Latency: 0.008312706835567951
Latency: 0.007374363020062447
Latency: 0.007443937938660383
Latency: 0.007277114083990455
Latency: 0.007605480030179024
Latency: 0.007379983086138964
Latency: 0.007324141915887594
Latency: 0.007239341037347913
Latency: 0.007310282904654741
Latency: 0.007319475058466196
Latency: 0.0072091310285031796
Latency: 0.008269699988886714
Latency: 0.00718001089990139
Latency: 0.007331453030928969
Latency: 0.007309338077902794
Latency: 0.0074526420794427395
Latency: 0.00725049595348537
Latency: 0.0072434761095792055
Latency: 0.007241186918690801
Latency: 0.00721470988355577
Latency: 0.007113300962373614
Latency: 0.007136262021958828
Latency: 0.00727184908464551
Latency: 0.008217811118811369
Latency: 0.007365321973338723
Latency: 0.007188549032434821
Latency: 0.007353486958891153
Latency: 0.00729759712703526
Latency: 0.007329879095777869
Latency: 0.007282273145392537
Latency: 0.00723844300955534
Latency: 0.0073814841452986
Latency: 0.00737259816378355
Latency: 0.007392680970951915
Latency: 0.00863930699415505
Latency: 0.0073825339786708355
Latency: 0.00722983805462718
Latency: 0.007305272854864597
Latency: 0.0073284299578517675
Latency: 0.007156517123803496
Latency: 0.007160248933359981
Latency: 0.00740723917260766
Latency: 0.00727556087076664
Latency: 0.007811072980985045
Latency: 0.007509395945817232
Latency: 0.007435930892825127
Latency: 0.008915709098801017
Latency: 0.007334008812904358
Latency: 0.0072676618583500385
Latency: 0.007254862925037742
Latency: 0.007229835959151387
Latency: 0.007258711149916053
Latency: 0.00724189798347652
Latency: 0.007297565927729011
Latency: 0.007402862189337611
Latency: 0.007364613004028797
Latency: 0.007324007106944919
Latency: 0.0074075639713555574
Latency: 0.00833973684348166
Latency: 0.007381065981462598
Latency: 0.007271497044712305
Latency: 0.007381086004897952
Latency: 0.00739657087251544
Latency: 0.0074365579057484865
Latency: 0.007218821905553341
Latency: 0.007234618999063969
Latency: 0.007371378131210804
Latency: 0.007336679846048355
Latency: 0.007518816040828824
Latency: 0.008442043093964458
Latency: 0.007272327085956931
Latency: 0.007371359970420599
Latency: 0.007390826009213924
Latency: 0.007353636901825666
Latency: 0.007261359132826328
Latency: 0.007355166831985116
Latency: 0.0073173739947378635
Latency: 0.007350309984758496
Latency: 0.007470908807590604
Latency: 0.007364867953583598
Latency: 0.00718842982314527
Latency: 0.008317386033013463
Latency: 0.00739648099988699
Latency: 0.00727882981300354
Latency: 0.007382288808003068
Latency: 0.007376753957942128
Latency: 0.007415899075567722
Latency: 0.007364978082478046
Latency: 0.007315451977774501
Latency: 0.007399079157039523
Latency: 0.007370270090177655
Latency: 0.007301241159439087
Latency: 0.008550937986001372
Latency: 0.007185534108430147
Latency: 0.00728310109116137
Latency: 0.007485192967578769
Latency: 0.007337059825658798
Latency: 0.007275378098711371
Latency: 0.007236707955598831
Latency: 0.007223895052447915
Latency: 0.007219404214993119
Latency: 0.007098853820934892
Latency: 0.007119596004486084
Latency: 0.007314746966585517
Latency: 0.008272496983408928
Latency: 0.00715802307240665
Latency: 0.007167364004999399
Latency: 0.007288889028131962
Latency: 0.007385551929473877
Latency: 0.0073655101004987955
Latency: 0.007337790913879871
Latency: 0.007333000190556049
Latency: 0.007271466078236699
Latency: 0.007425521966069937
Latency: 0.007323913974687457
Latency: 0.007331097964197397
Latency: 0.007690423866733909
Latency: 0.007461535977199674
Latency: 0.007387501187622547
Latency: 0.007323892088606954
Latency: 0.007465926930308342
Latency: 0.00732776802033186
Latency: 0.007285504136234522
Latency: 0.007267927983775735
Latency: 0.007357439957559109
Latency: 0.007243664003908634
Latency: 0.007312718080356717
Latency: 0.008716376964002848
Latency: 0.007314214948564768
Latency: 0.007276671938598156
Latency: 0.007587778149172664
Latency: 0.007479330059140921
Latency: 0.0074923650827258825
Latency: 0.007370495004579425
Latency: 0.007387357065454125
Latency: 0.007297244155779481
Latency: 0.007279932964593172
Latency: 0.007375651970505714
Latency: 0.007277588825672865
Latency: 0.008249382022768259
Latency: 0.0073168231174349785
Latency: 0.0073534338735044
Latency: 0.007366512203589082
Latency: 0.0072752360720187426
Latency: 0.007277257973328233
Latency: 0.007197423139587045
Latency: 0.007296519121155143
Latency: 0.00730163580738008
Latency: 0.007348746992647648
Latency: 0.007230873918160796
Latency: 0.008573290193453431
Latency: 0.007319665048271418
Latency: 0.0073108619544655085
Latency: 0.007320828968659043
Latency: 0.007202564971521497
Latency: 0.007372341118752956
Latency: 0.007341389777138829
Latency: 0.0073622469790279865
Latency: 0.007375384913757443
Latency: 0.007410770049318671
Latency: 0.007257172139361501
Latency: 0.008509852923452854
Latency: 0.007360450923442841
Latency: 0.0073990849778056145
Latency: 0.00750917405821383
Latency: 0.00736432196572423
Latency: 0.007341113872826099
Latency: 0.007391859078779817
Latency: 0.007282622857019305
Latency: 0.007404600037261844
Latency: 0.007388527970761061
Latency: 0.007255522068589926
Latency: 0.008716613054275513
Latency: 0.02987507008947432
Latency: 0.007446913048624992
Latency: 0.007459854008629918
Latency: 0.007273821858689189
Latency: 0.007355434820055962
Latency: 0.007320626871660352
Latency: 0.007208072114735842
Latency: 0.007276958087459207
Latency: 0.00715522700920701
Latency: 0.008101822808384895
Latency: 0.007308143889531493
Latency: 0.007238313090056181
Latency: 0.007220450090244412
Latency: 0.007860689889639616
Latency: 0.007325859973207116
Latency: 0.00738701899535954
Latency: 0.007468317169696093
Latency: 0.007334592053666711
Latency: 0.007499851984903216
Latency: 0.007337481016293168
Latency: 0.00730341300368309
Latency: 0.008366827853024006
Latency: 0.007337417919188738
Latency: 0.00742725096642971
Latency: 0.007403673836961389
Latency: 0.007208077935501933
Latency: 0.007171957986429334
Latency: 0.007282979087904096
Latency: 0.007436688058078289
Latency: 0.007319719064980745
Latency: 0.007270050933584571
Latency: 0.007334521971642971
Latency: 0.008235839894041419
Latency: 0.007336759008467197
Latency: 0.007517658174037933
Latency: 0.007264523999765515
Latency: 0.0072704399935901165
Latency: 0.0073282779194414616
Latency: 0.007393022999167442
Latency: 0.0074212560430169106
Latency: 0.00736640184186399
Latency: 0.007372480118647218
Latency: 0.007464766036719084
Latency: 0.007383069954812527
Latency: 0.008430088171735406
Latency: 0.007353985914960504
Latency: 0.007356557995080948
Latency: 0.007415569154545665
Latency: 0.00724980398081243
Latency: 0.007258180063217878
Latency: 0.007420676993206143
Latency: 0.007575960131362081
Latency: 0.007291745860129595
Latency: 0.007196333026513457
Latency: 0.007155774859711528
Latency: 0.00725212786346674
Latency: 0.007373238913714886
Latency: 0.0073104428593069315
Latency: 0.007204347988590598
Latency: 0.0072845290414988995
Latency: 0.007188965100795031
Latency: 0.007228873902931809
Latency: 0.007186820963397622
Latency: 0.007165384944528341
Latency: 0.00736256199888885
Latency: 0.007435965118929744
Latency: 0.008655526209622622
Latency: 0.007305859122425318
Latency: 0.007193756056949496
Latency: 0.007305645849555731
Latency: 0.0072059789672493935
Latency: 0.007204355904832482
Latency: 0.007280264049768448
Latency: 0.007252340903505683
Latency: 0.007259333040565252
Latency: 0.007354943081736565
Latency: 0.0073710058350116014
Latency: 0.007401763927191496
Latency: 0.00837816996499896
Latency: 0.007292422000318766
Latency: 0.007349255960434675
Latency: 0.0073932199738919735
Latency: 0.007323794066905975
Latency: 0.007273046998307109
Latency: 0.0072264589834958315
Latency: 0.007246355060487986
Latency: 0.008248185971751809
Latency: 0.007687086006626487
Latency: 0.007687540026381612
Latency: 0.0087239861022681
Latency: 0.007252890150994062
Latency: 0.007311350898817182
Latency: 0.007167886942625046
Latency: 0.007263955892995
Latency: 0.007209769915789366
Latency: 0.007325350074097514
Latency: 0.00733654317446053
Latency: 0.007252201903611422
Latency: 0.0073167982045561075
Latency: 0.007277914090082049
Latency: 0.007149545010179281
Latency: 0.008240974973887205
Latency: 0.007343230070546269
Latency: 0.007399737136438489
Latency: 0.007260099984705448
Latency: 0.007321835029870272
Latency: 0.007257860852405429
Latency: 0.007272158050909638
Latency: 0.007325690006837249
Latency: 0.007360093994066119
Latency: 0.0074770229402929544
Latency: 0.0074207407888025045
Latency: 0.008640740066766739
Latency: 0.007376549066975713
Latency: 0.007460579974576831
Latency: 0.007241024868562818
Latency: 0.007338786963373423
Latency: 0.007398820947855711
Latency: 0.007245079148560762
Latency: 0.007263986160978675
Latency: 0.007215396035462618
Latency: 0.007281733909621835
Latency: 0.007340783951804042
Latency: 0.007364418124780059
Latency: 0.008286272874101996
Latency: 0.007551925024017692
Latency: 0.007366142934188247
Latency: 0.007297442061826587
Latency: 0.00719055300578475
Latency: 0.007299513090401888
Latency: 0.0073808771558105946
Latency: 0.00729678594507277
Latency: 0.007357800146564841
Latency: 0.0073385220021009445
Latency: 0.007266608998179436
Latency: 0.00858374498784542
Latency: 0.007408712059259415
Latency: 0.007351258071139455
Latency: 0.00738335307687521
Latency: 0.007341184187680483
Latency: 0.007347612176090479
Latency: 0.007313181180506945
Latency: 0.0072506628930568695
Latency: 0.007320343051105738
Latency: 0.007187739014625549
Latency: 0.007238965947180986
Latency: 0.007317474810406566
Latency: 0.008353332057595253
Latency: 0.007485032081604004
Latency: 0.007451165001839399
Latency: 0.007289408007636666
Latency: 0.007325344951823354
Latency: 0.007227558176964521
Latency: 0.007894931826740503
Latency: 0.007373854052275419
Latency: 0.007391383871436119
Latency: 0.0073080898728221655
Latency: 0.0072021030355244875
Latency: 0.009037679061293602
Latency: 0.007457253057509661
Latency: 0.0073940029833465815
Latency: 0.007383163087069988
Latency: 0.007404953008517623
Latency: 0.007469445001333952
Latency: 0.007366598816588521
Latency: 0.008217433001846075
Latency: 0.015091374050825834
Latency: 0.007622798904776573
Latency: 0.007462074980139732
Latency: 0.0075949979946017265
Latency: 0.008936079917475581
Latency: 0.007324296049773693
Latency: 0.007284339051693678
Latency: 0.007313467096537352
Latency: 0.007372661028057337
Latency: 0.007309700129553676
Latency: 0.007357280934229493
Latency: 0.007371681043878198
Latency: 0.0075621160212904215
Latency: 0.007405661977827549
Latency: 0.007426704978570342
Latency: 0.007452767109498382
Latency: 0.008299187989905477
Latency: 0.007374868029728532
Latency: 0.007288407068699598
Latency: 0.007246366934850812
Latency: 0.007268666988238692
Latency: 0.007180113811045885
Latency: 0.007240961072966456
Latency: 0.007367480080574751
Latency: 0.007417808985337615
Latency: 0.007309981854632497
Latency: 0.007241663057357073
Latency: 0.008526827907189727
Latency: 0.007316737901419401
Latency: 0.007157423067837954
Latency: 0.007293584058061242
Latency: 0.00727211800403893
Latency: 0.0073037168476730585
Latency: 0.00724761513993144
Latency: 0.0074248157907277346
Latency: 0.0074605681002140045
Latency: 0.007308100117370486
Latency: 0.007219102932140231
Latency: 0.007371555082499981
Latency: 0.008390374947339296
Latency: 0.007235872093588114
Latency: 0.007238093996420503
Latency: 0.00738531188108027
Latency: 0.007317397044971585
Latency: 0.007518270052969456
Latency: 0.007420446025207639
Latency: 0.007407895987853408
Latency: 0.007498906925320625
Latency: 0.0072913640178740025
Latency: 0.007331188069656491
Latency: 0.008392164949327707
Latency: 0.007286241976544261
Latency: 0.007232400123029947
Latency: 0.007345488993450999
Latency: 0.007355373119935393
Latency: 0.007441509980708361
Latency: 0.0072352890856564045
Latency: 0.007336813025176525
Latency: 0.00732209999114275
Latency: 0.00735010183416307
Latency: 0.007513218093663454
Latency: 0.007422234863042831
Latency: 0.00820594490505755
Latency: 0.007369420025497675
Latency: 0.008152710041031241
Latency: 0.007756891893222928
Latency: 0.007567264838144183
Latency: 0.007483884925022721
Latency: 0.007469360018149018
Latency: 0.007508913986384869
Latency: 0.007486914051696658
Latency: 0.0074026500806212425
Latency: 0.0074026689399033785
Latency: 0.00865707895718515
Latency: 0.007240951061248779
Latency: 0.00733473408035934
Latency: 0.007530084811151028
Latency: 0.007529236143454909
Latency: 0.0072887130081653595
Latency: 0.007354124914854765
Latency: 0.007291809190064669
Latency: 0.007320042001083493
Latency: 0.007472201948985457
Latency: 0.007438881089910865
Latency: 0.007313586072996259
Latency: 0.008335252990946174
Latency: 0.007415255066007376
Latency: 0.007329710992053151
Latency: 0.0073135229758918285
Latency: 0.007243108935654163
Latency: 0.007308988831937313
Latency: 0.007330464897677302
Latency: 0.007562500890344381
Latency: 0.007255699951201677
Latency: 0.007266669999808073
Latency: 0.007228978909552097
Latency: 0.008384977001696825
Latency: 0.007224109023809433
Latency: 0.03076192899607122
Latency: 0.007535381009802222
Latency: 0.007435118081048131
Latency: 0.007287417072802782
Latency: 0.007276933174580336
Latency: 0.007316309958696365
Latency: 0.007508269976824522
Latency: 0.007394678890705109
Latency: 0.007411169819533825
Latency: 0.008363793138414621
Latency: 0.007462300127372146
Latency: 0.0071794139221310616
Latency: 0.007314551156014204
Latency: 0.0074015711434185505
Latency: 0.007369761820882559
Latency: 0.007365155965089798
Latency: 0.007435427978634834
Latency: 0.007354499073699117
Latency: 0.007348177954554558
Latency: 0.008590144105255604
Latency: 0.007178392959758639
Latency: 0.007440618006512523
Latency: 0.007301317062228918
Latency: 0.007221560925245285
Latency: 0.0073520170990377665
Latency: 0.007248484995216131
Latency: 0.00734724709764123
Latency: 0.007320202887058258
Latency: 0.007232034811750054
Latency: 0.0072114060167223215
Latency: 0.007255383068695664
Latency: 0.00848655798472464
Latency: 0.007241400890052319
Latency: 0.007317486917600036
Latency: 0.007396162021905184
Latency: 0.0074243738781660795
Latency: 0.007786588976159692
Latency: 0.007235089084133506
Latency: 0.0073285819962620735
Latency: 0.007428556913509965
Latency: 0.007346999133005738
Latency: 0.007368968101218343
Latency: 0.008658909937366843
Latency: 0.007412567036226392
Latency: 0.007357286987826228
Latency: 0.007197560975328088
Latency: 0.00724392500706017
Latency: 0.007354388013482094
Latency: 0.007428302895277739
Latency: 0.007271494017913938
Latency: 0.00727422209456563
Latency: 0.0075043251272290945
Latency: 0.007436098996549845
Latency: 0.008458421099931002
Latency: 0.007375589106231928
Latency: 0.007372026098892093
Latency: 0.007336298003792763
Latency: 0.007415958913043141
Latency: 0.007445312105119228
Latency: 0.0071865590289235115
Latency: 0.0072159310802817345
Latency: 0.007245952030643821
Latency: 0.007264422019943595
Latency: 0.007321061100810766
Latency: 0.0073431627824902534
Latency: 0.008252850966528058
Latency: 0.007319407071918249
Latency: 0.007235083030536771
Latency: 0.00735294003970921
Latency: 0.0074162890668958426
Latency: 0.007050209911540151
Latency: 0.007459869142621756
Latency: 0.0074788948986679316
Latency: 0.007328043924644589
Latency: 0.007451395969837904
Latency: 0.00736540905199945
Latency: 0.008566874079406261
Latency: 0.00730064301751554
Latency: 0.007343810983002186
Latency: 0.007344024954363704
Latency: 0.007388919126242399
Latency: 0.007325435057282448
Latency: 0.007456106133759022
Latency: 0.007346519036218524
Latency: 0.007318746065720916
Latency: 0.007368843071162701
Latency: 0.007382096955552697
Latency: 0.007232713978737593
Latency: 0.008448692969977856
Latency: 0.007443480892106891
Latency: 0.007374537875875831
Latency: 0.0073722959496080875
Latency: 0.007302695885300636
Latency: 0.007226212881505489
Latency: 0.00738108204677701
Latency: 0.0073788410518318415
Latency: 0.007231748895719647
Latency: 0.0073651468846946955
Latency: 0.007401031907647848
Latency: 0.008445487124845386
Latency: 0.007314911112189293
Latency: 0.007286348845809698
Latency: 0.008155485149472952
Latency: 0.007355618989095092
Latency: 0.0072625549510121346
Latency: 0.0072085182182490826
Latency: 0.00734878215007484
Latency: 0.007237409008666873
Latency: 0.007958194939419627
Latency: 0.007422468159347773
Latency: 0.007371163927018642
Latency: 0.008662199834361672
Latency: 0.007360880030319095
Latency: 0.007319258060306311
Latency: 0.007330860942602158
Latency: 0.007496254052966833
Latency: 0.00722371693700552
Latency: 0.007335182977840304
Latency: 0.007187934825196862
Latency: 0.007302714977413416
Latency: 0.007388081168755889
Latency: 0.00738538010045886
Latency: 0.00882291398011148
Latency: 0.0072234871331602335
Latency: 0.007202052976936102
Latency: 0.0074210758320987225
Latency: 0.007189020048826933
Latency: 0.007160818902775645
Latency: 0.007342522032558918
Latency: 0.007370881037786603
Latency: 0.007444991962984204
Latency: 0.007481473032385111
Latency: 0.007320893928408623
Latency: 0.008469447027891874
Latency: 0.0075375051237642765
Latency: 0.007345203077420592
Latency: 0.007311102002859116
Latency: 0.007456867024302483
Latency: 0.007445873226970434
Latency: 0.007262889062985778
Latency: 0.007398483110591769
Latency: 0.007354154950007796
Latency: 0.007391751976683736
Latency: 0.007410440826788545
Latency: 0.0087126768194139
Latency: 0.007452550111338496
Latency: 0.007369484985247254
Latency: 0.007401884067803621
Latency: 0.007260315120220184
Latency: 0.007229232927784324
Latency: 0.007212211145088077
Latency: 0.00730689219199121
Latency: 0.0074207899160683155
Latency: 0.007259733974933624
Latency: 0.007545812986791134
Latency: 0.008411879884079099
Latency: 0.013294333824887872
Latency: 0.00745308306068182
Latency: 0.00723868515342474
Latency: 0.007991908118128777
Latency: 0.0073773430194705725
Latency: 0.007466315990313888
