Latency: 1.1279665869660676
Latency: 1.2871050739195198
Latency: 1.2040935510303825
Latency: 1.1570091841276735
Latency: 1.2313074260018766
Latency: 1.3846460939384997
Latency: 1.5027049998752773
Latency: 1.4208128829486668
Latency: 1.1730250359978527
Latency: 1.2482722490094602
Latency: 1.2352484029252082
Latency: 1.3407170600257814
Latency: 1.0082938789855689
Latency: 0.8208321859128773
Latency: 0.8401575000025332
Latency: 0.8310640149284154
Latency: 0.8321934840641916
Latency: 0.8226544018834829
Latency: 0.8389346608892083
Latency: 0.8390346409287304
Latency: 0.8254176040645689
Latency: 0.8256131131201982
