Latency: 0.9414857130032033
Latency: 0.944364728173241
Latency: 0.8229860081337392
Latency: 0.8361075290013105
Latency: 0.8303725719451904
Latency: 0.836884155170992
Latency: 0.8421408091671765
Latency: 0.850495734019205
Latency: 0.8241636760067195
Latency: 0.8250727241393179
Latency: 0.8524377150461078
Latency: 0.8316347138024867
Latency: 0.846336767077446
Latency: 0.8574713519774377
Latency: 0.8444077949970961
Latency: 0.850974865956232
Latency: 0.8324805528391153
Latency: 0.8540116189979017
Latency: 0.845153866102919
Latency: 0.8529393530916423
Latency: 0.844887328101322
Latency: 0.8397783390246332
Latency: 0.8333881101571023
Latency: 0.8383289640769362
Latency: 0.8404326708987355
Latency: 0.837360625853762
Latency: 0.8452079240232706
Latency: 0.8381726269144565
Latency: 0.8345835048239678
Latency: 0.8451745719648898
Latency: 0.833959564100951
Latency: 0.8356676190160215
Latency: 0.8430771238636225
Latency: 0.8552491259761155
Latency: 0.8485669349320233
Latency: 0.846445987932384
Latency: 0.8296491620130837
Latency: 0.8304983319249004
Latency: 0.8432927820831537
Latency: 0.8326170269865543
