Latency: 0.4383854679763317
Latency: 0.5997647519689053
Latency: 0.6810349421575665
Latency: 0.6540968809276819
Latency: 0.6698665379080921
Latency: 0.6877741359639913
Latency: 0.7158518868964165
Latency: 0.7319572649430484
Latency: 0.6453932570293546
Latency: 0.6519341410603374
Latency: 0.6366309791337699
Latency: 0.6506126520689577
Latency: 0.6507653321605176
Latency: 0.5963800339959562
Latency: 0.6198260420933366
Latency: 0.602285877102986
Latency: 0.6607624501921237
Latency: 0.6468595848418772
Latency: 0.6887387461028993
Latency: 0.6152978239115328
Latency: 0.5362285340670496
Latency: 0.5596383181400597
Latency: 0.5206287209875882
Latency: 0.5436043520458043
Latency: 0.01115340506657958
Latency: 0.01393750007264316
Latency: 0.008213233901187778
Latency: 0.007841426879167557
Latency: 0.007584033999592066
Latency: 0.0075433210004121065
Latency: 0.00946361804381013
Latency: 0.009761688997969031
Latency: 0.007737915962934494
Latency: 0.0076260550413280725
Latency: 0.007557514123618603
Latency: 0.007512296084314585
Latency: 0.00785260391421616
Latency: 0.00817708601243794
Latency: 0.008639902109280229
Latency: 0.007519820937886834
Latency: 0.008243491174653172
Latency: 0.008699830854311585
Latency: 0.014878506073728204
Latency: 0.01591268996708095
Latency: 0.008287638891488314
Latency: 0.09449235489591956
Latency: 0.007775675039738417
Latency: 0.007638726849108934
Latency: 0.007914084009826183
Latency: 0.007665409008041024
Latency: 0.007396375993266702
Latency: 0.007709139958024025
Latency: 0.007401103153824806
Latency: 0.0074707630556076765
Latency: 0.008346456103026867
Latency: 0.007474374957382679
Latency: 0.007366161094978452
Latency: 0.007374984910711646
Latency: 0.007517023012042046
Latency: 0.007424829062074423
Latency: 0.007456200895830989
Latency: 0.00731497909873724
Latency: 0.007463342044502497
Latency: 0.007536313962191343
Latency: 0.007502639200538397
Latency: 0.007529505994170904
Latency: 0.007449859986081719
Latency: 0.007302101934328675
Latency: 0.007308501051738858
Latency: 0.007362992037087679
Latency: 0.007230181014165282
Latency: 0.007233198033645749
Latency: 0.00731121189892292
Latency: 0.007391988066956401
Latency: 0.00740427803248167
Latency: 0.007345902035012841
Latency: 0.008519823895767331
Latency: 0.0074297720566391945
Latency: 0.0074110550340265036
Latency: 0.007460615132004023
Latency: 0.0075293900445103645
Latency: 0.007668351987376809
Latency: 0.007413243874907494
Latency: 0.007433461956679821
Latency: 0.007415706058964133
Latency: 0.00740354903973639
Latency: 0.007527523906901479
Latency: 0.007363520096987486
Latency: 0.008469769963994622
Latency: 0.007445252034813166
Latency: 0.007315723923966289
Latency: 0.0074002721812576056
Latency: 0.007499502971768379
Latency: 0.007555688964203
Latency: 0.007438265020027757
Latency: 0.0073511190712451935
Latency: 0.007245577871799469
Latency: 0.007419082103297114
Latency: 0.007262235973030329
Latency: 0.007309729931876063
Latency: 0.008085309062153101
Latency: 0.007648119004443288
Latency: 0.007227351190522313
Latency: 0.0071968259289860725
Latency: 0.007301537087187171
Latency: 0.00730031100101769
Latency: 0.007337099872529507
Latency: 0.007458186009898782
Latency: 0.007328598061576486
Latency: 0.00730539602227509
Latency: 0.007281885016709566
Latency: 0.007270887028425932
Latency: 0.007836858974769711
Latency: 0.007483613910153508
Latency: 0.007322343997657299
Latency: 0.007261659950017929
Latency: 0.007213914999738336
Latency: 0.007088434882462025
Latency: 0.007248560898005962
Latency: 0.007372099906206131
Latency: 0.007302175043150783
Latency: 0.007311227964237332
Latency: 0.007288167951628566
Latency: 0.007300628814846277
Latency: 0.007854735013097525
Latency: 0.007420598063617945
Latency: 0.007382033159956336
Latency: 0.007246762979775667
Latency: 0.00733735179528594
Latency: 0.007469596108421683
Latency: 0.007251891074702144
Latency: 0.007287001004442573
Latency: 0.00792581308633089
Latency: 0.007377183996140957
Latency: 0.007290111156180501
Latency: 0.007171144941821694
Latency: 0.008634893223643303
Latency: 0.007286899955943227
Latency: 0.007399422116577625
Latency: 0.007278450997546315
Latency: 0.007226072018966079
Latency: 0.007233938202261925
Latency: 0.007224984932690859
Latency: 0.0072121890261769295
Latency: 0.007252665003761649
Latency: 0.007353737950325012
Latency: 0.007253575837239623
Latency: 0.007450630888342857
Latency: 0.00828878814354539
Latency: 0.007095753913745284
Latency: 0.007332773180678487
Latency: 0.007248514797538519
Latency: 0.007230837130919099
Latency: 0.007189112948253751
Latency: 0.007354300003498793
Latency: 0.00728648598305881
Latency: 0.007162592140957713
Latency: 0.007182484958320856
Latency: 0.007299071177840233
Latency: 0.007226476911455393
Latency: 0.008197905961424112
Latency: 0.007262841099873185
Latency: 0.007346632890403271
Latency: 0.007326778024435043
Latency: 0.007339887088164687
Latency: 0.007176463957875967
Latency: 0.007202025968581438
Latency: 0.007161146029829979
Latency: 0.007189175812527537
Latency: 0.007228233851492405
Latency: 0.007962048053741455
Latency: 0.00734042888507247
Latency: 0.008371773874387145
Latency: 0.0071250449400395155
Latency: 0.007910117972642183
Latency: 0.007612711982801557
Latency: 0.007519508013501763
Latency: 0.007639860035851598
Latency: 0.007402294082567096
Latency: 0.007229469018056989
Latency: 0.007308105006814003
Latency: 0.007453497964888811
Latency: 0.007306884042918682
Latency: 0.00730149494484067
Latency: 0.0084050209261477
Latency: 0.007077888119965792
Latency: 0.007338845869526267
Latency: 0.007156367879360914
Latency: 0.007209697039797902
Latency: 0.007353268098086119
Latency: 0.0071810230147093534
Latency: 0.00722837308421731
Latency: 0.007246070075780153
Latency: 0.007323018042370677
Latency: 0.007177727995440364
Latency: 0.007201707921922207
Latency: 0.008251544088125229
Latency: 0.007264147978276014
Latency: 0.007345102960243821
Latency: 0.007355862995609641
Latency: 0.007395063992589712
Latency: 0.0073528599459677935
Latency: 0.007287653163075447
Latency: 0.0073653950821608305
Latency: 0.007356132147833705
Latency: 0.007380789145827293
Latency: 0.007430215831845999
Latency: 0.00735106784850359
Latency: 0.008271743077784777
Latency: 0.007394715212285519
Latency: 0.007248167879879475
Latency: 0.00721032009460032
Latency: 0.007140222936868668
Latency: 0.0073829879984259605
Latency: 0.007236731005832553
Latency: 0.007292916998267174
Latency: 0.007327158935368061
Latency: 0.007201080210506916
Latency: 0.007095139008015394
Latency: 0.007305047940462828
Latency: 0.00809434987604618
Latency: 0.007383393123745918
Latency: 0.007314066868275404
Latency: 0.007377307862043381
Latency: 0.0072720590978860855
Latency: 0.007350480882450938
Latency: 0.007354564964771271
Latency: 0.007234622957184911
Latency: 0.007159044034779072
Latency: 0.007313085021451116
Latency: 0.0072407650295645
Latency: 0.007275211159139872
Latency: 0.00819295714609325
Latency: 0.007025848841294646
Latency: 0.0072518030647188425
Latency: 0.007148182950913906
Latency: 0.0072091210167855024
Latency: 0.007268170127645135
Latency: 0.007218255894258618
Latency: 0.007186220958828926
Latency: 0.007219417952001095
Latency: 0.007528545102104545
Latency: 0.007269236026331782
Latency: 0.007151496829465032
Latency: 0.008328857133165002
Latency: 0.007300151977688074
Latency: 0.007314329966902733
Latency: 0.007374393055215478
Latency: 0.007693615043535829
Latency: 0.007326733088120818
Latency: 0.0074720061384141445
Latency: 0.00741953682154417
Latency: 0.007395148044452071
Latency: 0.00746318488381803
Latency: 0.00740231410600245
Latency: 0.007248452864587307
Latency: 0.008377188118174672
Latency: 0.007551942951977253
Latency: 0.007332724053412676
Latency: 0.007229684852063656
Latency: 0.007373847998678684
Latency: 0.007366296136751771
Latency: 0.007250952068716288
Latency: 0.007371769053861499
Latency: 0.007400766015052795
Latency: 0.0071917378809303045
Latency: 0.0073934809770435095
Latency: 0.007372333901003003
Latency: 0.008254708955064416
Latency: 0.007341132033616304
Latency: 0.007340506883338094
Latency: 0.007400264032185078
Latency: 0.007188061950728297
Latency: 0.00723650585860014
Latency: 0.007139017106965184
Latency: 0.0073894059751182795
Latency: 0.007185484049841762
Latency: 0.0072280028834939
Latency: 0.007243711035698652
Latency: 0.007152915000915527
Latency: 0.008223957847803831
Latency: 0.007358293980360031
Latency: 0.007299185963347554
Latency: 0.007288770051673055
Latency: 0.007323951926082373
Latency: 0.007361487951129675
Latency: 0.007324666948989034
Latency: 0.0073095199186354876
Latency: 0.007217326899990439
Latency: 0.007414589868858457
Latency: 0.007316435920074582
Latency: 0.007101158844307065
Latency: 0.008155088871717453
Latency: 0.007172492099925876
Latency: 0.007211959920823574
Latency: 0.0073067869525402784
Latency: 0.00732260593213141
Latency: 0.0072754379361867905
Latency: 0.007418869994580746
Latency: 0.007290167035534978
Latency: 0.007260309066623449
Latency: 0.007159907137975097
Latency: 0.007127424003556371
Latency: 0.007267789915204048
Latency: 0.008304671850055456
Latency: 0.0073874760419130325
Latency: 0.00737264403142035
Latency: 0.007355443201959133
Latency: 0.007269661873579025
Latency: 0.007184343878179789
Latency: 0.007346218917518854
Latency: 0.007261113030835986
Latency: 0.007208324037492275
Latency: 0.007229380076751113
Latency: 0.007196142105385661
Latency: 0.007178016938269138
Latency: 0.008249888895079494
Latency: 0.007055419962853193
Latency: 0.03132180287502706
Latency: 0.0074555170722305775
Latency: 0.007375715998932719
Latency: 0.007424586918205023
Latency: 0.007162139052525163
Latency: 0.007245616056025028
Latency: 0.0073838490061461926
Latency: 0.007159955101087689
Latency: 0.00718715088441968
Latency: 0.0071666850708425045
Latency: 0.007354741916060448
Latency: 0.007287709042429924
Latency: 0.007251441944390535
Latency: 0.007310589076951146
Latency: 0.007122067967429757
Latency: 0.007182846078649163
Latency: 0.0071447258815169334
Latency: 0.007140839006751776
Latency: 0.007358670001849532
Latency: 0.0075932911131531
Latency: 0.008151161950081587
Latency: 0.007301595993340015
Latency: 0.00728355604223907
Latency: 0.007338821887969971
Latency: 0.007195811020210385
Latency: 0.007170269964262843
Latency: 0.007142223883420229
Latency: 0.007353937951847911
Latency: 0.007188715040683746
Latency: 0.0072613072115927935
Latency: 0.007233666023239493
Latency: 0.008188254898414016
Latency: 0.007328093983232975
Latency: 0.007346533006057143
Latency: 0.007350706961005926
Latency: 0.007506876019760966
Latency: 0.007254531141370535
Latency: 0.007248432142660022
Latency: 0.007249082904309034
Latency: 0.007242111023515463
Latency: 0.00742595293559134
Latency: 0.007304416038095951
Latency: 0.008173127891495824
Latency: 0.007280054967850447
Latency: 0.007288055028766394
Latency: 0.00728605012409389
Latency: 0.007267495850101113
Latency: 0.007257379125803709
Latency: 0.007250915048643947
Latency: 0.007272146875038743
Latency: 0.007235056953504682
Latency: 0.007347737904638052
Latency: 0.007383743999525905
Latency: 0.007221677107736468
Latency: 0.008165280101820827
Latency: 0.00736231985501945
Latency: 0.00725761684589088
Latency: 0.007249569054692984
Latency: 0.00724104605615139
Latency: 0.0072520950343459845
Latency: 0.0072292189579457045
Latency: 0.007275138050317764
Latency: 0.007267510984092951
Latency: 0.007365176919847727
Latency: 0.007283016107976437
Latency: 0.008260580943897367
Latency: 0.0074029050301760435
Latency: 0.0075316461734473705
Latency: 0.007253607967868447
Latency: 0.007167383097112179
Latency: 0.00716014695353806
Latency: 0.007177453022450209
Latency: 0.007252917159348726
Latency: 0.007213233038783073
Latency: 0.007815700955688953
Latency: 0.007154605118557811
Latency: 0.007321540033444762
Latency: 0.008298350032418966
Latency: 0.007187890121713281
Latency: 0.007101736031472683
Latency: 0.0072029028087854385
Latency: 0.007099966052919626
Latency: 0.007167491130530834
Latency: 0.00729589513503015
Latency: 0.007140376139432192
Latency: 0.007277430966496468
Latency: 0.00712998490780592
Latency: 0.007310231914743781
Latency: 0.00721303909085691
Latency: 0.008109053131192923
Latency: 0.0073492678347975016
Latency: 0.007245084038004279
Latency: 0.007250945083796978
Latency: 0.007312015863135457
Latency: 0.007308413041755557
Latency: 0.007264643907546997
Latency: 0.00737020093947649
Latency: 0.007219020975753665
Latency: 0.007422705180943012
Latency: 0.007485669106245041
Latency: 0.007360024843364954
Latency: 0.008229931117966771
Latency: 0.00727442279458046
Latency: 0.007282234029844403
Latency: 0.007356822956353426
Latency: 0.007140490924939513
Latency: 0.007252084091305733
Latency: 0.007181877037510276
Latency: 0.007274003932252526
Latency: 0.007186675909906626
Latency: 0.00720616802573204
Latency: 0.007265405030921102
Latency: 0.008215083973482251
Latency: 0.007291701855137944
Latency: 0.007258419878780842
Latency: 0.007407735101878643
Latency: 0.0071977239567786455
Latency: 0.007275791838765144
Latency: 0.00714559480547905
Latency: 0.007159330882132053
Latency: 0.0072630110662430525
Latency: 0.007411401951685548
Latency: 0.0073552438989281654
Latency: 0.008373632095754147
Latency: 0.007295446004718542
Latency: 0.0074678591918200254
Latency: 0.007331443950533867
Latency: 0.007361195981502533
Latency: 0.007224160945042968
Latency: 0.007194735109806061
Latency: 0.007210837909951806
Latency: 0.007269209949299693
Latency: 0.007168887881562114
Latency: 0.007248251000419259
Latency: 0.0072317400481551886
Latency: 0.00809214892797172
Latency: 0.007244389969855547
Latency: 0.007337781833484769
Latency: 0.00707926694303751
Latency: 0.007202859967947006
Latency: 0.00728701101616025
Latency: 0.007275804178789258
Latency: 0.007279250072315335
Latency: 0.00732248998247087
Latency: 0.007437500171363354
Latency: 0.0072077319491654634
Latency: 0.008458022959530354
Latency: 0.0077847379725426435
Latency: 0.007548489840701222
Latency: 0.007491769967600703
Latency: 0.007403666852042079
Latency: 0.007227449910715222
Latency: 0.007267091888934374
Latency: 0.007276188116520643
Latency: 0.007619195152074099
Latency: 0.007379462942481041
Latency: 0.007242945022881031
Latency: 0.007416577776893973
Latency: 0.008418161887675524
Latency: 0.0073205658700317144
Latency: 0.007208581082522869
Latency: 0.007320459000766277
Latency: 0.007270913105458021
Latency: 0.007407377008348703
Latency: 0.007424675161018968
Latency: 0.007402629824355245
Latency: 0.007263607112690806
Latency: 0.007370439125224948
Latency: 0.007314963033422828
Latency: 0.007184404181316495
Latency: 0.007295447867363691
Latency: 0.0074660019017755985
Latency: 0.007378038018941879
Latency: 0.007390962913632393
Latency: 0.007356385933235288
Latency: 0.0072267791256308556
Latency: 0.007184437941759825
Latency: 0.007314830087125301
Latency: 0.007230725837871432
Latency: 0.00747259589843452
Latency: 0.007325854850932956
Latency: 0.008148747961968184
Latency: 0.00716134998947382
Latency: 0.007200113032013178
Latency: 0.007287487853318453
Latency: 0.007875619921833277
Latency: 0.007304516853764653
Latency: 0.007159767905250192
Latency: 0.007125318981707096
Latency: 0.007175775012001395
Latency: 0.0071421179454773664
Latency: 0.0071991439908742905
Latency: 0.0073061371222138405
Latency: 0.008307693991810083
Latency: 0.007206453010439873
Latency: 0.007393840001896024
Latency: 0.007425428135320544
Latency: 0.007368729216977954
Latency: 0.007199517916887999
Latency: 0.007217357866466045
Latency: 0.007170504191890359
Latency: 0.0072426809929311275
Latency: 0.007234237156808376
Latency: 0.007264325860887766
Latency: 0.008353869896382093
Latency: 0.007265546126291156
Latency: 0.007333832094445825
Latency: 0.0072329540271312
Latency: 0.007281236117705703
Latency: 0.007253838004544377
Latency: 0.007316804025322199
Latency: 0.007480753120034933
Latency: 0.007177619030699134
Latency: 0.007212586933746934
Latency: 0.00729012000374496
Latency: 0.007093115942552686
Latency: 0.00827503902837634
Latency: 0.007296247174963355
Latency: 0.007439626147970557
Latency: 0.0072689170483499765
Latency: 0.007511358009651303
Latency: 0.007978194858878851
Latency: 0.007492175791412592
Latency: 0.007649503881111741
Latency: 0.007559835910797119
Latency: 0.0072053170297294855
Latency: 0.007364426041021943
Latency: 0.008683814899995923
Latency: 0.007132434984669089
Latency: 0.007223187014460564
Latency: 0.007239371072500944
Latency: 0.0071984759997576475
Latency: 0.0072624769527465105
Latency: 0.007161809829995036
Latency: 0.007236650912091136
Latency: 0.007223881082609296
Latency: 0.007278322009369731
Latency: 0.0073439618572592735
Latency: 0.007247528992593288
Latency: 0.008317624917253852
Latency: 0.031854432076215744
Latency: 0.007545233005657792
Latency: 0.00750046013854444
Latency: 0.0074765251483768225
Latency: 0.007355374051257968
Latency: 0.007209246978163719
Latency: 0.007300471188500524
Latency: 0.007291032001376152
Latency: 0.00754771800711751
Latency: 0.008179643889889121
Latency: 0.007372731110081077
Latency: 0.00720879016444087
Latency: 0.007315034978091717
Latency: 0.007166972849518061
Latency: 0.007275115931406617
Latency: 0.007242832100018859
Latency: 0.007239620899781585
Latency: 0.007393097970634699
Latency: 0.007330864202231169
Latency: 0.007811786141246557
Latency: 0.0073664451483637094
Latency: 0.00822465494275093
Latency: 0.007199750980362296
Latency: 0.007236866047605872
Latency: 0.00728371599689126
Latency: 0.007257160032168031
Latency: 0.007186989998444915
Latency: 0.007203330053016543
Latency: 0.007160058012232184
Latency: 0.007117506116628647
Latency: 0.007150823017582297
Latency: 0.007209964096546173
Latency: 0.008182696998119354
Latency: 0.007273457944393158
Latency: 0.007240945007652044
Latency: 0.007464071968570352
Latency: 0.007337742950767279
Latency: 0.007372432854026556
Latency: 0.00739473314024508
Latency: 0.00726916897110641
Latency: 0.007246027933433652
Latency: 0.007268290966749191
Latency: 0.0071302291471511126
Latency: 0.007022749166935682
Latency: 0.008167005842551589
Latency: 0.0071982950903475285
Latency: 0.007208463968709111
Latency: 0.007409753045067191
Latency: 0.007348618935793638
Latency: 0.0072739580646157265
Latency: 0.007491698954254389
Latency: 0.007842372870072722
Latency: 0.007477492094039917
Latency: 0.007412520004436374
Latency: 0.007420583162456751
Latency: 0.007187893148511648
Latency: 0.008529366925358772
Latency: 0.00733194500207901
Latency: 0.007349101128056645
Latency: 0.007378231966868043
Latency: 0.007449914934113622
Latency: 0.007230058079585433
Latency: 0.007288044085726142
Latency: 0.007219665916636586
Latency: 0.007187326904386282
Latency: 0.007265865104272962
Latency: 0.00729243503883481
Latency: 0.008543121861293912
Latency: 0.007292423164471984
Latency: 0.00720776803791523
Latency: 0.008202739991247654
Latency: 0.015642707934603095
Latency: 0.007849816931411624
Latency: 0.0075996199157088995
Latency: 0.013424425851553679
Latency: 0.007450151955708861
Latency: 0.007387204095721245
Latency: 0.007426766911521554
Latency: 0.008817218011245131
Latency: 0.007327761966735125
Latency: 0.00728530203923583
Latency: 0.007310170913115144
Latency: 0.007404539035633206
Latency: 0.007409615907818079
Latency: 0.007310142973437905
Latency: 0.007255226140841842
Latency: 0.0072935218922793865
Latency: 0.007350486004725099
Latency: 0.007219358813017607
Latency: 0.008366521913558245
Latency: 0.007320808945223689
Latency: 0.0072786088567227125
Latency: 0.007258706027641892
Latency: 0.0075487319845706224
Latency: 0.007296012016013265
Latency: 0.007266502128913999
Latency: 0.007307911990210414
Latency: 0.00728026800788939
Latency: 0.007225627079606056
Latency: 0.00731931789778173
Latency: 0.008399248123168945
Latency: 0.007210511015728116
Latency: 0.007284651044756174
Latency: 0.00729813682846725
Latency: 0.007334749214351177
Latency: 0.0072888771537691355
Latency: 0.007248596986755729
Latency: 0.007263208972290158
Latency: 0.007202089065685868
Latency: 0.007223153952509165
Latency: 0.0072316068690270185
Latency: 0.007211020914837718
Latency: 0.008232192136347294
Latency: 0.007281741127371788
Latency: 0.007354722125455737
Latency: 0.0074724911246448755
Latency: 0.007331789005547762
Latency: 0.007202574051916599
Latency: 0.007282604929059744
Latency: 0.007230448070913553
Latency: 0.007239434868097305
Latency: 0.007218664046376944
Latency: 0.007867272011935711
Latency: 0.00899403402581811
Latency: 0.007468400988727808
Latency: 0.0074822690803557634
Latency: 0.007325182901695371
Latency: 0.007419008994475007
Latency: 0.0070966079365462065
Latency: 0.007264828076586127
Latency: 0.007175927981734276
Latency: 0.0072554731741547585
Latency: 0.007255028001964092
Latency: 0.007229299983009696
Latency: 0.008228580001741648
Latency: 0.007149856071919203
Latency: 0.007272313116118312
Latency: 0.007205490954220295
Latency: 0.007104682037606835
Latency: 0.0071657279040664434
Latency: 0.007199704879894853
Latency: 0.007257780991494656
Latency: 0.007215216988697648
Latency: 0.007242320105433464
Latency: 0.007215793011710048
Latency: 0.0072409650310873985
Latency: 0.008422422921285033
Latency: 0.0074910910334438086
Latency: 0.007182613015174866
Latency: 0.007179450010880828
Latency: 0.007172132143750787
Latency: 0.0071939711924642324
Latency: 0.00720765208825469
Latency: 0.007196247112005949
Latency: 0.007180290063843131
Latency: 0.007162580965086818
Latency: 0.007324888836592436
Latency: 0.008314664009958506
Latency: 0.007268676068633795
Latency: 0.007248332956805825
Latency: 0.007078142138198018
Latency: 0.0071776751428842545
Latency: 0.007302921963855624
Latency: 0.007334155961871147
Latency: 0.007157881977036595
Latency: 0.007364179007709026
Latency: 0.007322538876906037
Latency: 0.007238326128572226
Latency: 0.007138987071812153
Latency: 0.008341353153809905
Latency: 0.007313601905480027
Latency: 0.007452170131728053
Latency: 0.007257146993651986
Latency: 0.007333722896873951
Latency: 0.007327082799747586
Latency: 0.0074558809865266085
Latency: 0.007285248953849077
Latency: 0.007170046912506223
Latency: 0.007185311987996101
Latency: 0.007375146960839629
Latency: 0.007131693884730339
Latency: 0.008287156000733376
Latency: 0.007264445070177317
Latency: 0.007200957043096423
Latency: 0.007180450018495321
Latency: 0.0071984410751610994
Latency: 0.007184191839769483
Latency: 0.007269755005836487
Latency: 0.007298267912119627
Latency: 0.007198436185717583
Latency: 0.007342361146584153
Latency: 0.007354759145528078
Latency: 0.007332530803978443
Latency: 0.008220650954172015
Latency: 0.007181006018072367
Latency: 0.008026690920814872
Latency: 0.007475303951650858
Latency: 0.007377872010692954
Latency: 0.00738985207863152
Latency: 0.007539412938058376
Latency: 0.007313702953979373
Latency: 0.007317285053431988
Latency: 0.007228468079119921
Latency: 0.007299405988305807
Latency: 0.0072383638471364975
Latency: 0.008295624982565641
Latency: 0.007039555814117193
Latency: 0.00738380616530776
Latency: 0.007341121090576053
Latency: 0.0074156480841338634
Latency: 0.007545366184785962
Latency: 0.0074775489047169685
Latency: 0.007219475926831365
Latency: 0.007305996026843786
Latency: 0.007374199107289314
Latency: 0.007246338063850999
Latency: 0.007155389990657568
Latency: 0.008028486045077443
Latency: 0.007418836001306772
Latency: 0.007338307099416852
Latency: 0.007319563068449497
Latency: 0.007409003097563982
Latency: 0.007215699879452586
Latency: 0.007266515167430043
Latency: 0.007373904110863805
Latency: 0.00735164899379015
Latency: 0.007333383895456791
Latency: 0.007511046016588807
Latency: 0.007267108885571361
Latency: 0.008325153961777687
Latency: 0.007339549018070102
Latency: 0.007311563938856125
Latency: 0.007228163070976734
Latency: 0.007224604953080416
Latency: 0.007301877019926906
Latency: 0.007230530958622694
Latency: 0.007253424031659961
Latency: 0.007305146893486381
Latency: 0.007187731098383665
Latency: 0.007156234933063388
Latency: 0.007161143934354186
Latency: 0.008217226946726441
Latency: 0.007239628816023469
Latency: 0.007370854960754514
Latency: 0.00721642398275435
Latency: 0.007293528877198696
Latency: 0.007315068040043116
Latency: 0.007342948112636805
Latency: 0.00727303815074265
Latency: 0.0071512809954583645
Latency: 0.007264348911121488
Latency: 0.007371943909674883
Latency: 0.007404535077512264
Latency: 0.008049527183175087
Latency: 0.007340684998780489
Latency: 0.007264788961037993
Latency: 0.007299270946532488
Latency: 0.007402543909847736
Latency: 0.007203755201771855
Latency: 0.0075009900610893965
Latency: 0.007311260094866157
Latency: 0.007374310865998268
Latency: 0.007336572976782918
Latency: 0.007345676887780428
Latency: 0.007254005176946521
Latency: 0.008427388034760952
Latency: 0.035655310144647956
Latency: 0.007926638005301356
Latency: 0.007587215164676309
Latency: 0.007324445992708206
Latency: 0.007252159994095564
Latency: 0.007235734956339002
Latency: 0.007345803081989288
Latency: 0.0070787761360406876
Latency: 0.007201292086392641
Latency: 0.008479648968204856
Latency: 0.007273184135556221
Latency: 0.007157346932217479
Latency: 0.007272874005138874
Latency: 0.00712778395973146
Latency: 0.0072555579245090485
Latency: 0.00722586689516902
Latency: 0.007260373095050454
Latency: 0.00724499486386776
Latency: 0.00715522700920701
Latency: 0.007227669935673475
Latency: 0.007262404076755047
Latency: 0.008140193996950984
Latency: 0.007376088062301278
Latency: 0.007305326871573925
Latency: 0.007251024013385177
Latency: 0.007468074094504118
Latency: 0.007216647965833545
Latency: 0.0071870500687509775
Latency: 0.007195282028988004
Latency: 0.007034416077658534
Latency: 0.007070006802678108
Latency: 0.007207093061879277
Latency: 0.008292522048577666
Latency: 0.007268754066899419
Latency: 0.007256918121129274
Latency: 0.0072594210505485535
Latency: 0.007348068989813328
Latency: 0.007206398993730545
Latency: 0.007165474118664861
Latency: 0.007153381826356053
Latency: 0.0071535720489919186
Latency: 0.007220305036753416
Latency: 0.007098902948200703
Latency: 0.007258641999214888
Latency: 0.00810010707937181
Latency: 0.007110190112143755
Latency: 0.007097483845427632
Latency: 0.007352708140388131
Latency: 0.007356812013313174
Latency: 0.007317310897633433
Latency: 0.007367484970018268
Latency: 0.007322074146941304
Latency: 0.007307781837880611
Latency: 0.007275118958204985
Latency: 0.007224257104098797
Latency: 0.008349357871338725
Latency: 0.007051852997392416
Latency: 0.0075274500995874405
Latency: 0.0072248580399900675
Latency: 0.0072469040751457214
Latency: 0.007345607038587332
Latency: 0.007218533894047141
Latency: 0.007179355947300792
Latency: 0.007238943828269839
Latency: 0.00742004718631506
Latency: 0.0073729041032493114
Latency: 0.007330398075282574
Latency: 0.00830492889508605
Latency: 0.007301766891032457
Latency: 0.0074201959650963545
Latency: 0.00737050105817616
Latency: 0.007229676935821772
Latency: 0.007196798920631409
Latency: 0.007962042931467295
Latency: 0.007349882973358035
Latency: 0.0072360828053206205
Latency: 0.007309735985472798
Latency: 0.007327734027057886
Latency: 0.007387232966721058
Latency: 0.008563592098653316
Latency: 0.007311881985515356
Latency: 0.007188050076365471
Latency: 0.007227216847240925
Latency: 0.007364943856373429
Latency: 0.007261663908138871
Latency: 0.007237842073664069
Latency: 0.007264353800565004
Latency: 0.007244238164275885
Latency: 0.007204675814136863
Latency: 0.007294581970199943
Latency: 0.008063280954957008
Latency: 0.007286148844286799
Latency: 0.00730883190408349
Latency: 0.0071375269908457994
Latency: 0.007227148162201047
Latency: 0.007284093182533979
Latency: 0.007292912108823657
Latency: 0.00737468502484262
Latency: 0.00752279395237565
Latency: 0.007314258953556418
Latency: 0.007317518116906285
Latency: 0.007393169915303588
Latency: 0.008456974988803267
Latency: 0.007141815032809973
Latency: 0.007197606144472957
Latency: 0.007343912031501532
Latency: 0.00715309102088213
Latency: 0.0071567881386727095
Latency: 0.007149046054109931
Latency: 0.007132785161957145
Latency: 0.00713818590156734
Latency: 0.007151281926780939
Latency: 0.007194266188889742
Latency: 0.007700336864218116
Latency: 0.008603656897321343
Latency: 0.0073727748822420835
Latency: 0.007390073966234922
Latency: 0.007309944136068225
Latency: 0.007268628804013133
Latency: 0.007162959082052112
Latency: 0.007302838144823909
Latency: 0.007702759932726622
Latency: 0.007669408107176423
Latency: 0.007787778973579407
Latency: 0.007448858115822077
Latency: 0.0074936149176210165
Latency: 0.00967176491394639
Latency: 0.007511653937399387
Latency: 0.007470515090972185
Latency: 0.007348243147134781
Latency: 0.007381046190857887
Latency: 0.007311695022508502
Latency: 0.007398983929306269
Latency: 0.00740990205667913
Latency: 0.0074912430718541145
Latency: 0.0073511782102286816
Latency: 0.007365838857367635
Latency: 0.007486725924536586
Latency: 0.00834557507187128
Latency: 0.007411472033709288
Latency: 0.007409482030197978
Latency: 0.007392020896077156
Latency: 0.007326787104830146
Latency: 0.0072253430262207985
Latency: 0.007273195777088404
Latency: 0.007545422064140439
Latency: 0.007854265859350562
Latency: 0.007526208879426122
Latency: 0.007469115080311894
Latency: 0.007589233107864857
Latency: 0.008340416941791773
Latency: 0.007454165956005454
Latency: 0.007315488066524267
Latency: 0.007458892883732915
Latency: 0.007320271106436849
Latency: 0.007216107798740268
Latency: 0.00730531383305788
Latency: 0.007330496096983552
Latency: 0.007322895107790828
Latency: 0.007300541969016194
Latency: 0.007335135946050286
Latency: 0.007282879902049899
Latency: 0.007978399051353335
Latency: 0.007235584082081914
Latency: 0.0071914540603756905
Latency: 0.007275076117366552
Latency: 0.0073379771783947945
Latency: 0.007317699026316404
Latency: 0.007369903149083257
Latency: 0.007470485987141728
Latency: 0.007254560943692923
Latency: 0.007192407036200166
Latency: 0.00708052609115839
Latency: 0.007093331078067422
Latency: 0.008342165034264326
Latency: 0.007276521995663643
Latency: 0.0072854270692914724
Latency: 0.0073039839044213295
Latency: 0.0073130030650645494
Latency: 0.007193200057372451
Latency: 0.0073648118413984776
Latency: 0.007276966003701091
Latency: 0.007291433168575168
Latency: 0.00736691989004612
Latency: 0.007216153899207711
Latency: 0.007293899077922106
Latency: 0.008264376083388925
Latency: 0.00733498390763998
Latency: 0.007205849047750235
Latency: 0.007280315971001983
Latency: 0.007445149123668671
Latency: 0.007416512118652463
Latency: 0.007354571018368006
Latency: 0.007238639052957296
Latency: 0.0072837951593101025
Latency: 0.007414466002956033
Latency: 0.007334979018196464
Latency: 0.007405173033475876
Latency: 0.00836521596647799
Latency: 0.007236132863909006
Latency: 0.007172445068135858
Latency: 0.007396108936518431
Latency: 0.007259428966790438
Latency: 0.007263334933668375
Latency: 0.007237839046865702
Latency: 0.0071766788605600595
Latency: 0.0072330262046307325
Latency: 0.007185789057984948
Latency: 0.007185213966295123
Latency: 0.007212875178083777
Latency: 0.008456388022750616
Latency: 0.0072684199549257755
Latency: 0.0073089199140667915
Latency: 0.007391392020508647
Latency: 0.007222167914733291
Latency: 0.007261964026838541
Latency: 0.007190852891653776
Latency: 0.007472852012142539
Latency: 0.007343058008700609
Latency: 0.007992659928277135
Latency: 0.007442402886226773
Latency: 0.007319160038605332
Latency: 0.008528323145583272
Latency: 0.007242921041324735
Latency: 0.007294422946870327
Latency: 0.007337359944358468
Latency: 0.0074459409806877375
Latency: 0.007420944049954414
Latency: 0.0072331910487264395
Latency: 0.0072703189216554165
Latency: 0.007286536041647196
Latency: 0.007285929983481765
Latency: 0.007139974972233176
Latency: 0.007421497954055667
Latency: 0.00844088988378644
Latency: 0.00714249606244266
Latency: 0.007234587101265788
Latency: 0.007252271054312587
Latency: 0.007280311081558466
Latency: 0.0072491648606956005
Latency: 0.007224032888188958
Latency: 0.00725908181630075
Latency: 0.007203121203929186
Latency: 0.007205921923741698
Latency: 0.007234943099319935
Latency: 0.0070988519582897425
Latency: 0.00806822394952178
Latency: 0.007275759940966964
Latency: 0.007290770998224616
Latency: 0.007450323086231947
Latency: 0.007322343997657299
Latency: 0.007309470092877746
Latency: 0.007325529120862484
Latency: 0.007240612059831619
Latency: 0.007337096147239208
Latency: 0.007293259026482701
Latency: 0.007177657913416624
Latency: 0.007201964966952801
Latency: 0.008161811856552958
Latency: 0.007180619053542614
Latency: 0.007264729822054505
Latency: 0.00729445181787014
Latency: 0.007245487999171019
Latency: 0.007289109984412789
Latency: 0.007297496078535914
Latency: 0.007467614021152258
Latency: 0.007321573095396161
Latency: 0.00726107694208622
Latency: 0.007218242157250643
Latency: 0.007208538008853793
Latency: 0.008429275127127767
Latency: 0.0073251579888165
Latency: 0.0073404680006206036
Latency: 0.007262476021423936
Latency: 0.0072423608507961035
Latency: 0.007338511059060693
Latency: 0.007327547064051032
Latency: 0.007352672982960939
Latency: 0.007125515025109053
Latency: 0.007218480110168457
Latency: 0.007227878086268902
Latency: 0.007447642972692847
Latency: 0.008155491901561618
Latency: 0.007274820003658533
Latency: 0.007240670965984464
Latency: 0.00724801211617887
Latency: 0.007494952064007521
Latency: 0.007315604016184807
Latency: 0.007330650929361582
Latency: 0.007387439021840692
Latency: 0.0073092938400805
Latency: 0.0073202019557356834
Latency: 0.007871130015701056
Latency: 0.0073498638812452555
Latency: 0.008619719883427024
Latency: 0.032997800037264824
Latency: 0.007836734876036644
Latency: 0.007614093832671642
Latency: 0.007297120057046413
Latency: 0.0073545759078115225
Latency: 0.007167430827394128
Latency: 0.0073465690948069096
Latency: 0.007107423851266503
Latency: 0.0071965709794312716
Latency: 0.008269106969237328
Latency: 0.0073333061300218105
Latency: 0.007684093900024891
Latency: 0.007238644873723388
Latency: 0.00737047684378922
Latency: 0.007343540899455547
Latency: 0.007268995046615601
Latency: 0.007261080900207162
Latency: 0.007299065124243498
Latency: 0.007490106858313084
Latency: 0.0072533548809587955
Latency: 0.007315275026485324
Latency: 0.008283967152237892
Latency: 0.0073648260440677404
Latency: 0.0071748660411685705
Latency: 0.007093525025993586
Latency: 0.007361870026215911
Latency: 0.007382276002317667
Latency: 0.007314688991755247
Latency: 0.0073119779117405415
Latency: 0.007372044958174229
Latency: 0.007457807892933488
Latency: 0.007510773139074445
Latency: 0.008291939040645957
Latency: 0.0073998249135911465
Latency: 0.007376136956736445
Latency: 0.007298322161659598
Latency: 0.007252237992361188
Latency: 0.0071267420426011086
Latency: 0.0072411419823765755
Latency: 0.007370305946096778
Latency: 0.007272165967151523
Latency: 0.007253196090459824
Latency: 0.007185814902186394
Latency: 0.007102594943717122
Latency: 0.008262870134785771
Latency: 0.007322838995605707
Latency: 0.007398694986477494
Latency: 0.007277369033545256
Latency: 0.007483511930331588
Latency: 0.007393266074359417
Latency: 0.00734836095944047
Latency: 0.007125165080651641
Latency: 0.007114246021956205
Latency: 0.007326932856813073
Latency: 0.0074431197717785835
Latency: 0.007267073029652238
Latency: 0.008254678919911385
Latency: 0.007349448977038264
Latency: 0.007129963021725416
Latency: 0.007245653076097369
Latency: 0.007163704140111804
Latency: 0.00722994701936841
Latency: 0.00719624781049788
Latency: 0.0072740300092846155
Latency: 0.007166568888351321
Latency: 0.007197486003860831
Latency: 0.007242009975016117
Latency: 0.007784340996295214
Latency: 0.00880605191923678
Latency: 0.00757420901209116
Latency: 0.007442205911502242
Latency: 0.0071707291062921286
Latency: 0.007250558119267225
Latency: 0.00716237910091877
Latency: 0.00718375900760293
Latency: 0.007184301968663931
Latency: 0.007171765901148319
Latency: 0.007216606056317687
Latency: 0.00730025814846158
Latency: 0.007344366982579231
Latency: 0.008126565953716636
Latency: 0.007214548997581005
Latency: 0.007341376971453428
Latency: 0.007283303886651993
Latency: 0.007405751850455999
Latency: 0.007402695948258042
Latency: 0.007149410899728537
Latency: 0.007275292184203863
Latency: 0.007099286885932088
Latency: 0.007302465848624706
Latency: 0.007395446067675948
Latency: 0.007477230159565806
Latency: 0.008462218102067709
Latency: 0.007341335061937571
Latency: 0.007281817961484194
Latency: 0.007240698905661702
Latency: 0.007240425096824765
Latency: 0.007116885855793953
Latency: 0.0073767900466918945
Latency: 0.007259822217747569
Latency: 0.007232580799609423
Latency: 0.007261991035193205
Latency: 0.007228812202811241
Latency: 0.007243192056193948
Latency: 0.00815738388337195
Latency: 0.007131797028705478
Latency: 0.007292217807844281
Latency: 0.0072408500127494335
Latency: 0.007239670027047396
Latency: 0.007200558204203844
Latency: 0.007276637014001608
Latency: 0.007296873023733497
Latency: 0.007383454125374556
Latency: 0.007357069058343768
Latency: 0.007446682080626488
Latency: 0.014554477063938975
Latency: 0.007469189120456576
Latency: 0.007411362836137414
Latency: 0.007552259135991335
Latency: 0.007816186873242259
Latency: 0.007622051984071732
