Latency: 0.9539975591469556
Latency: 0.8385004291776568
Latency: 0.8225926160812378
Latency: 0.8493488901294768
Latency: 0.8400942820589989
Latency: 0.8423394109122455
Latency: 0.8370683309622109
Latency: 0.8374930880963802
Latency: 0.8354909340851009
Latency: 0.8401234888006002
Latency: 0.8457823211792856
Latency: 0.8294611729215831
Latency: 0.8317438531666994
Latency: 0.8288406990468502
Latency: 0.8409003401175141
Latency: 0.8485377910546958
Latency: 0.8505258851218969
Latency: 0.8389419938903302
Latency: 0.8406266949605197
Latency: 0.8347437889315188
Latency: 0.8490152850281447
Latency: 0.8238840969279408
Latency: 0.8296573639381677
Latency: 0.8304335009306669
Latency: 0.8573640119284391
Latency: 0.8391582269687206
Latency: 0.8403646068181843
Latency: 0.8426886301022023
Latency: 0.8466845860239118
