Latency: 0.9307281379587948
Latency: 0.9428005958907306
Latency: 0.9467414340469986
Latency: 0.9554871178697795
Latency: 0.9486245419830084
Latency: 0.9553278591483831
Latency: 0.9485726780258119
Latency: 0.9495719720143825
Latency: 0.9577515639830381
Latency: 0.9491978648584336
Latency: 0.9667856579180807
Latency: 0.9528046499472111
Latency: 0.9585909969173372
Latency: 0.9705379940569401
Latency: 0.9590050920378417
Latency: 0.9720403070095927
Latency: 0.9658105650451034
Latency: 0.9621342560276389
Latency: 0.9631799028720707
Latency: 0.9719168869778514
Latency: 0.9616113731171936
Latency: 0.9698390460107476
Latency: 0.97491678991355
Latency: 0.9724983870983124
Latency: 0.9783076578751206
Latency: 0.961845668964088
Latency: 0.9751274778973311
Latency: 0.9713230538181961
Latency: 0.9719878530595452
Latency: 0.9697997560724616
Latency: 0.9728576438501477
Latency: 0.9736910478677601
Latency: 0.972778680967167
Latency: 0.9786410918459296
Latency: 0.9785894700326025
Latency: 0.9750115920323879
Latency: 0.9849249818362296
Latency: 1.021390549140051
Latency: 1.0155479940585792
Latency: 1.0281946840696037
Latency: 1.0191854538861662
Latency: 1.0249261329881847
Latency: 1.0271332568954676
Latency: 1.0251279051881284
Latency: 1.0354405019897968
Latency: 1.0234387498348951
Latency: 1.0300852390937507
Latency: 1.0354145979508758
Latency: 1.040214099921286
Latency: 1.0402580979280174
Latency: 1.0299484489951283
Latency: 1.0467090900056064
Latency: 1.0339618630241603
Latency: 1.0442857320886105
Latency: 1.0382150490768254
Latency: 1.0473005089443177
Latency: 1.0343737080693245
Latency: 1.0450651561841369
Latency: 1.0484127688687295
Latency: 1.0443430999293923
Latency: 1.0391362041700631
Latency: 1.0396208721213043
Latency: 1.0466190709266812
Latency: 1.053111436078325
Latency: 0.8158507461193949
Latency: 0.8147581580560654
Latency: 0.8163675661198795
Latency: 0.8134044881444424
Latency: 0.8210282900836319
Latency: 0.832175238057971
Latency: 0.816541412146762
Latency: 0.7975298040546477
Latency: 0.8133782132063061
Latency: 0.8113846450578421
Latency: 0.8068233791273087
Latency: 0.8245358688291162
Latency: 0.7991357198916376
Latency: 0.8091936041601002
Latency: 0.8060418760869652
Latency: 0.8070700669195503
Latency: 0.8019868899136782
Latency: 0.8173814229667187
Latency: 0.802102847956121
Latency: 0.8127744649536908
Latency: 0.8276443730574101
Latency: 0.8169123560655862
Latency: 0.8102234879042953
Latency: 0.8086008350364864
Latency: 0.8044095099903643
Latency: 0.8330752500332892
Latency: 0.8207200958859175
Latency: 0.8191945590078831
Latency: 0.816514350939542
Latency: 0.814771078992635
Latency: 0.816085257101804
Latency: 0.8269099488388747
Latency: 0.8133851820603013
Latency: 0.8233269520569593
Latency: 0.8109097080305219
Latency: 0.8159558640327305
Latency: 0.8147954060696065
Latency: 0.810420721070841
Latency: 0.8288881359621882
Latency: 0.8303779179695994
Latency: 0.8351193380076438
Latency: 0.838535632006824
Latency: 0.8161796110216528
Latency: 0.840232060989365
Latency: 0.8283055908977985
Latency: 0.8307979360688478
Latency: 0.8223610571585596
Latency: 0.8340263369027525
Latency: 0.8444766448810697
Latency: 0.8359688830096275
Latency: 0.8400330119766295
Latency: 0.8397463690489531
Latency: 0.8252934389747679
Latency: 0.8301997929811478
Latency: 0.822765746852383
Latency: 0.8274279909674078
Latency: 0.829003602033481
Latency: 0.8309272769838572
Latency: 0.8351441309787333
Latency: 0.8342471979558468
Latency: 0.8286682819016278
Latency: 0.8401278599631041
Latency: 0.8406275908928365
Latency: 0.8339083320461214
Latency: 0.84098244109191
Latency: 0.8330769811291248
Latency: 0.833629080792889
Latency: 0.8299438781104982
Latency: 0.8379886648617685
Latency: 0.8326579320710152
Latency: 0.8280365599785
Latency: 0.8229199449997395
Latency: 0.8370625718962401
Latency: 0.8298908758442849
Latency: 0.8315665989648551
Latency: 0.8311933618970215
Latency: 0.8335691019892693
Latency: 0.8373326419387013
Latency: 0.8397220100741833
Latency: 0.8417360340245068
Latency: 0.8284145460929722
Latency: 0.8285379318986088
Latency: 0.8353242799639702
Latency: 0.8371396160218865
Latency: 0.8417482699733227
Latency: 0.8340216539800167
Latency: 0.8345545458141714
Latency: 0.8258610880002379
Latency: 0.841468496946618
Latency: 0.8413305839058012
Latency: 0.8343833829276264
Latency: 0.8369186280760914
Latency: 0.8318798560649157
Latency: 0.8278711941093206
Latency: 0.8468830229248852
Latency: 0.8449417180381715
Latency: 0.8330420148558915
Latency: 0.8350694598630071
Latency: 0.84515216993168
Latency: 0.8457278700079769
Latency: 0.8452013838104904
Latency: 0.8271757250186056
Latency: 0.8264107462018728
Latency: 0.8349037780426443
Latency: 0.8273994741030037
Latency: 0.8355109449476004
Latency: 0.8279605039861053
Latency: 0.8276563722174615
Latency: 0.8260373598895967
Latency: 0.8292454509064555
Latency: 0.8358943969942629
Latency: 0.841194414999336
Latency: 0.8439120051916689
Latency: 0.8644292219541967
Latency: 0.8702507528942078
Latency: 0.8808998030144721
Latency: 0.8662031919229776
Latency: 0.8689917919691652
Latency: 0.8674207360018045
Latency: 0.8651863900013268
Latency: 0.8668845349457115
Latency: 0.8678354378789663
Latency: 0.872579543152824
Latency: 0.8760095040779561
Latency: 0.8669410918373615
Latency: 0.8661845149472356
Latency: 0.8666734590660781
Latency: 0.8736802299972624
Latency: 0.807453139917925
Latency: 0.8112483900040388
Latency: 0.8114649339113384
Latency: 0.8251500949263573
Latency: 0.8231207330245525
Latency: 0.8143237489275634
Latency: 0.8345457850955427
Latency: 0.8302555799018592
Latency: 0.8379972139373422
Latency: 0.8286735329311341
Latency: 0.8331185730639845
Latency: 0.8335329571273178
Latency: 0.8327930390369147
Latency: 0.836891767103225
Latency: 0.8334103368688375
Latency: 0.838569245999679
Latency: 0.8364461278542876
Latency: 0.8331840059254318
Latency: 0.8369619001168758
Latency: 0.8384458250366151
Latency: 0.837093380978331
Latency: 0.8384373709559441
Latency: 0.8434374248608947
Latency: 0.8429166360292584
Latency: 0.810983480187133
Latency: 0.8391283978708088
Latency: 0.829757145838812
Latency: 0.840999020030722
Latency: 0.8523662609513849
Latency: 0.8454416850581765
Latency: 0.8470749841071665
Latency: 0.8152417920064181
Latency: 0.8518188751768321
Latency: 0.8451798618771136
Latency: 0.8505557919852436
Latency: 0.84914441104047
Latency: 0.8527768841013312
Latency: 0.8557163439691067
Latency: 0.8583063629921526
Latency: 0.8083736309781671
Latency: 0.8583569149486721
Latency: 0.8619915340095758
Latency: 0.815124232089147
Latency: 0.8217359168920666
Latency: 0.8206957089714706
Latency: 0.8201967210043222
Latency: 0.816106524085626
Latency: 0.8156037949956954
Latency: 0.8191340791527182
Latency: 0.8173342780210078
Latency: 0.8317416389472783
Latency: 0.8312873470131308
Latency: 0.8341410970315337
Latency: 0.8331972539890558
Latency: 0.8333097111899406
Latency: 0.8332266609650105
Latency: 0.8390082500409335
Latency: 0.840548224048689
Latency: 0.8378257569856942
Latency: 0.8368875349406153
Latency: 0.8385688581038266
Latency: 0.8413293370977044
Latency: 0.8446513218805194
Latency: 0.8435790410730988
Latency: 0.8233143039979041
Latency: 0.8101183150429279
Latency: 0.8217217109631747
Latency: 0.825676596025005
Latency: 0.8302549000363797
Latency: 0.8167053998913616
Latency: 0.8355827161576599
Latency: 0.8412308988627046
Latency: 0.817877349909395
Latency: 0.8189736679196358
Latency: 0.8381853529717773
Latency: 0.8259323718957603
Latency: 0.8330271360464394
Latency: 0.8216102309525013
Latency: 0.8276133530307561
Latency: 0.8308337589260191
Latency: 0.8371067028492689
Latency: 0.8307995388749987
Latency: 0.8341311190742999
Latency: 0.8207653660792857
Latency: 0.8189978189766407
Latency: 0.8215433130972087
Latency: 0.8405820981133729
Latency: 0.829899829113856
Latency: 0.8321421460714191
Latency: 0.8279516808688641
Latency: 0.8285522279329598
Latency: 0.8386476540472358
Latency: 0.823917917907238
Latency: 0.8322042250074446
Latency: 0.8313288080971688
Latency: 0.8262295241001993
Latency: 0.8225553128868341
Latency: 0.8270928340498358
Latency: 0.8252191939391196
Latency: 0.8200466940179467
Latency: 0.8323937219101936
Latency: 0.8297784391324967
Latency: 0.8371940788347274
Latency: 0.8178035181481391
Latency: 0.8156918240711093
Latency: 0.838270110078156
Latency: 0.8190826550126076
Latency: 0.8341600699350238
Latency: 0.8332956209778786
Latency: 0.8380968358833343
Latency: 0.8335975280497223
Latency: 0.8486762389075011
Latency: 0.826721970923245
Latency: 0.8349881451576948
Latency: 0.8222027099691331
Latency: 0.8358847720082849
Latency: 0.819736260920763
Latency: 0.8222790719009936
Latency: 0.8256681538186967
Latency: 0.8285035460721701
Latency: 0.8197141878772527
Latency: 0.8333527480717748
Latency: 0.840318783884868
Latency: 0.8331985108088702
Latency: 0.8311899709515274
Latency: 0.8422123959753662
Latency: 0.8416305519640446
Latency: 0.8431317410431802
Latency: 0.8155266621615738
Latency: 0.8288055141456425
Latency: 0.8427500789985061
Latency: 0.8487451621331275
Latency: 0.8113177560735494
Latency: 0.8302882220596075
Latency: 0.8246170580387115
Latency: 0.8241012510843575
Latency: 0.8299098198767751
Latency: 0.8245049330871552
Latency: 0.8281547180376947
Latency: 0.8325023171491921
Latency: 0.8373699858784676
Latency: 0.8236412149854004
Latency: 0.8282864501234144
Latency: 0.8392012051772326
Latency: 0.8197146549355239
Latency: 0.8316463259980083
Latency: 0.8348770570009947
Latency: 0.8264049841091037
Latency: 0.8286281679756939
Latency: 0.8328276318497956
Latency: 0.8300941661000252
Latency: 0.8357222850900143
Latency: 0.8336365050636232
Latency: 0.8248403430916369
Latency: 0.8328992968890816
Latency: 0.8257910669781268
Latency: 0.8396665740292519
Latency: 0.8406924810260534
Latency: 0.8367907670326531
Latency: 0.8288673290517181
Latency: 0.8297461541369557
Latency: 0.8261209710035473
Latency: 0.8350723669864237
Latency: 0.8294608390424401
Latency: 0.8382458260748535
Latency: 0.833264091052115
Latency: 0.8298967350274324
Latency: 0.830561735201627
Latency: 0.8440276719629765
Latency: 0.8400518270209432
Latency: 0.840064954943955
Latency: 0.8536939669866115
Latency: 0.8339392319321632
Latency: 0.8422337111551315
Latency: 0.8449626630172133
Latency: 0.8439439479261637
Latency: 0.8435594560578465
Latency: 0.8150884651113302
Latency: 0.8248508719261736
Latency: 0.8311342489905655
Latency: 0.8261225379537791
Latency: 0.836943828035146
Latency: 0.8385018059052527
Latency: 0.8316914739552885
Latency: 0.8376280579250306
Latency: 0.830365464091301
Latency: 0.8348132539540529
Latency: 0.8345674509182572
Latency: 0.8312625151593238
Latency: 0.8288100629579276
Latency: 0.8453963859938085
Latency: 0.8327287358697504
Latency: 0.8441741410642862
Latency: 0.8807832740712911
Latency: 0.8872003380674869
Latency: 0.9100562229286879
Latency: 0.840074939886108
Latency: 0.8184195980429649
Latency: 0.8295413551386446
Latency: 0.8279755909461528
Latency: 0.8494196298997849
Latency: 0.9018321810290217
Latency: 0.8235215309541672
Latency: 0.8119172288570553
Latency: 0.8155245811212808
Latency: 0.8159066080115736
Latency: 0.8194483418483287
Latency: 0.812185610178858
Latency: 0.8368553770706058
Latency: 0.8582990958821028
Latency: 0.8716159979812801
Latency: 0.8878139019943774
Latency: 0.8759128809906542
Latency: 0.8783906900789589
Latency: 0.881982543040067
Latency: 0.8958413100335747
Latency: 0.8876865210477263
Latency: 0.9005945480894297
Latency: 0.9034894551150501
Latency: 0.8919988789130002
Latency: 0.8911302990745753
Latency: 0.9035548460669816
Latency: 0.8938711599912494
Latency: 0.898411629954353
Latency: 0.8953744219616055
Latency: 0.8985105238389224
Latency: 0.9002441100310534
Latency: 0.8340207380242646
Latency: 0.9083158699795604
Latency: 0.9049705408979207
Latency: 0.9022673130966723
Latency: 0.9061818630434573
Latency: 0.9017975749447942
Latency: 0.8068530771415681
Latency: 0.888021897058934
Latency: 0.9071479879785329
Latency: 0.9015444179531187
Latency: 0.9111362211406231
Latency: 0.9012631780933589
Latency: 0.9163671829737723
Latency: 0.9088262009900063
Latency: 0.8972435879986733
Latency: 0.8985737508628517
Latency: 0.8270665949676186
Latency: 0.8621212288271636
Latency: 0.8600908550433815
Latency: 0.8714202190749347
Latency: 0.8671070518903434
Latency: 0.8797943880781531
Latency: 0.8792212489061058
Latency: 0.8966005649417639
Latency: 0.8928943080827594
Latency: 0.8873775771353394
Latency: 0.8926922050304711
Latency: 0.8982974430546165
Latency: 0.8993925522081554
Latency: 0.8170284889638424
Latency: 0.8404574219603091
Latency: 0.8248569518327713
Latency: 0.8482064008712769
Latency: 0.8516706249210984
Latency: 0.8458087968174368
Latency: 0.8513170061632991
Latency: 0.8549494119361043
Latency: 0.851260889088735
Latency: 0.8493043200578541
Latency: 0.8387519188690931
Latency: 0.8490182410459965
Latency: 0.859557073097676
Latency: 0.8494239079300314
Latency: 0.8476627881173044
Latency: 0.8515026730019599
Latency: 0.8459230510052294
Latency: 0.8279778151772916
Latency: 0.8321130340918899
Latency: 0.8208772309590131
Latency: 0.8263439240399748
Latency: 0.8272673711180687
Latency: 0.8454574781935662
Latency: 0.8401026460342109
Latency: 0.8280966540332884
Latency: 0.8335390218999237
Latency: 0.831223577959463
Latency: 0.8314430110622197
Latency: 0.8243231680244207
Latency: 0.8384121300186962
Latency: 0.8307103379629552
Latency: 0.8294073238503188
Latency: 0.828384093940258
Latency: 0.8308830761816353
Latency: 0.8387349131517112
Latency: 0.8380456450395286
Latency: 0.8404280608519912
Latency: 0.8336837540846318
Latency: 0.8331563770771027
Latency: 0.8342875270172954
Latency: 0.8529059498105198
Latency: 0.8414869068656117
Latency: 0.8365099260117859
Latency: 0.841789429076016
Latency: 0.8474028049968183
Latency: 0.843535820953548
Latency: 0.8401057228911668
Latency: 0.8491334880236536
Latency: 0.8525922510307282
Latency: 0.8489529890939593
Latency: 0.8461848718579859
Latency: 0.848240477964282
Latency: 0.8226393789518625
Latency: 0.8206144610885531
Latency: 0.8251849219668657
Latency: 0.8406647611409426
Latency: 0.8245606501586735
Latency: 0.8416819341946393
Latency: 0.829734493046999
Latency: 0.8353709320072085
Latency: 0.8435672479681671
Latency: 0.8529797899536788
Latency: 0.8500215129461139
Latency: 0.8597253968473524
Latency: 0.822396197123453
Latency: 0.8370350790210068
Latency: 0.8351110678631812
Latency: 0.8323947179596871
Latency: 0.8282586259301752
Latency: 0.8275442731101066
Latency: 0.835758597124368
Latency: 0.8287903529126197
Latency: 0.8311728599946946
Latency: 0.832468813052401
Latency: 0.8742594351060688
Latency: 0.8314918549731374
Latency: 0.8111351151019335
Latency: 0.8568118668626994
Latency: 0.8357571139931679
Latency: 0.8338980928529054
Latency: 0.8357273498550057
Latency: 0.8397690670099109
Latency: 0.8234921009279788
Latency: 0.8310067858546972
Latency: 0.8430040050297976
Latency: 0.8356437559705228
Latency: 0.8476240620948374
Latency: 0.8557078829035163
Latency: 0.8492779959924519
Latency: 0.8755270841065794
Latency: 0.830974310869351
Latency: 0.8346826469060034
Latency: 0.8295786189846694
Latency: 0.8312824838794768
Latency: 0.8356222910806537
Latency: 0.8516215891577303
Latency: 0.8591432760003954
Latency: 0.8458462371490896
Latency: 0.848687781020999
Latency: 0.8481459491886199
Latency: 0.8565906218718737
Latency: 0.8436519438400865
Latency: 0.871380542870611
Latency: 0.8562317199539393
Latency: 0.8404055321589112
Latency: 0.8518171589821577
Latency: 0.8539475391153246
Latency: 0.8444111519493163
Latency: 0.8370781859848648
Latency: 0.8560441029258072
Latency: 0.8429745039902627
Latency: 0.8449832461774349
Latency: 0.8404727289453149
Latency: 0.8560817239340395
Latency: 0.8114089381415397
Latency: 0.856711383908987
Latency: 0.8433696499560028
Latency: 0.8302447500173002
Latency: 0.8244828549213707
Latency: 0.8517437768168747
Latency: 0.8297708889003843
Latency: 0.8373113409616053
Latency: 0.8236982501111925
Latency: 0.8474360131658614
Latency: 0.8470512998756021
Latency: 0.8467434488702565
Latency: 0.8776604169979692
Latency: 0.8621758539229631
Latency: 0.8272788771428168
Latency: 0.8216837970539927
Latency: 0.8239290500059724
Latency: 0.8280343441292644
Latency: 0.8351494788657874
Latency: 0.8301477080676705
Latency: 0.8395816029515117
Latency: 0.8419588340912014
Latency: 0.8668738668784499
Latency: 0.8721075309440494
Latency: 0.8814316550269723
Latency: 0.8792665519285947
Latency: 0.8880979581736028
Latency: 0.8879167570266873
Latency: 0.8821207890287042
Latency: 0.890321372076869
Latency: 0.883389692986384
Latency: 0.8247668480034918
Latency: 0.8066957578994334
Latency: 0.8855760041624308
Latency: 0.8488538009114563
Latency: 0.8234724861104041
Latency: 0.8377216670196503
Latency: 0.8131216429173946
Latency: 0.8176597361452878
Latency: 0.8231220291927457
Latency: 0.8247840479016304
Latency: 0.8304912589956075
Latency: 0.8292593059595674
Latency: 0.84371009003371
Latency: 0.8238689419813454
Latency: 0.8304397100582719
Latency: 0.8329314540605992
Latency: 0.8387776690069586
Latency: 0.8332369639538229
Latency: 0.8299736201297492
Latency: 0.8335333319846541
Latency: 0.8326438500080258
Latency: 0.84801892680116
Latency: 0.8312545600347221
Latency: 0.8512925608083606
Latency: 0.8578672339208424
Latency: 0.8605759697966278
Latency: 0.8664466449990869
Latency: 0.870454991934821
Latency: 0.8734042879659683
Latency: 0.8767820899374783
Latency: 0.8639990468509495
Latency: 0.8120285500772297
Latency: 0.8825852849986404
Latency: 0.8751604768913239
Latency: 0.8614402669481933
Latency: 0.8815156659111381
Latency: 0.876895755995065
Latency: 0.8825166241731495
Latency: 0.8800221381243318
Latency: 0.811454514041543
Latency: 0.818982572061941
Latency: 0.8203930580057204
Latency: 0.8061324800364673
Latency: 0.8178046438843012
Latency: 0.8202828019857407
Latency: 0.8202894909773022
Latency: 0.8322684881277382
Latency: 0.8284263878595084
Latency: 0.8122464378830045
Latency: 0.8161616940051317
Latency: 0.808272274909541
Latency: 0.8127861469984055
Latency: 0.7983752491418272
Latency: 0.8021044509951025
Latency: 0.8141852440312505
Latency: 0.8347002090886235
Latency: 0.8273018810432404
Latency: 0.8247526411432773
Latency: 0.8232387900352478
Latency: 0.8174725801218301
Latency: 0.8159260950051248
Latency: 0.8259110569488257
Latency: 0.824420893099159
Latency: 0.834447830915451
Latency: 0.8269102568738163
Latency: 0.8236522690858692
Latency: 0.8252799669280648
Latency: 0.8171033621765673
Latency: 0.828551622107625
Latency: 0.810000800061971
Latency: 0.8310828439425677
Latency: 0.8160375179722905
Latency: 0.8065265549812466
Latency: 0.8108470761217177
Latency: 0.8175457578618079
Latency: 0.8079914511181414
Latency: 0.8161386239808053
Latency: 0.802379408152774
Latency: 0.8098484219517559
Latency: 0.8060619810130447
Latency: 0.8081354510504752
Latency: 0.8256668520625681
Latency: 0.824412883957848
Latency: 0.8216508210171014
Latency: 0.8165495430584997
Latency: 0.8151774080470204
Latency: 0.819191592046991
Latency: 0.8178709808271378
Latency: 0.8295238390564919
Latency: 0.8228424999397248
Latency: 0.8267956110648811
Latency: 0.8188687241636217
Latency: 0.8344799920450896
Latency: 0.8238215411547571
Latency: 0.8282412481494248
Latency: 0.8291269820183516
Latency: 0.8264526701532304
Latency: 0.8253446980379522
Latency: 0.8254013569094241
Latency: 0.8260070530232042
Latency: 0.8197989349719137
Latency: 0.8285828968510032
Latency: 0.8149208219256252
Latency: 0.7959267960395664
Latency: 0.8277582279406488
Latency: 0.8182406919077039
Latency: 0.8368956279009581
Latency: 0.8053589100018144
Latency: 0.814944950863719
Latency: 0.8184490802232176
Latency: 0.8088082771282643
Latency: 0.8372947049792856
Latency: 0.8372726058587432
Latency: 0.8265653739217669
Latency: 0.8345943700987846
Latency: 0.8305624960921705
Latency: 0.8292542409617454
Latency: 0.8376983241178095
Latency: 0.8333173401188105
Latency: 0.8376429330091923
Latency: 0.8257270369213074
Latency: 0.8274710001423955
Latency: 0.8461655199062079
Latency: 0.8377563860267401
Latency: 0.8473575948737562
Latency: 0.849988454952836
Latency: 0.8503792530391365
Latency: 0.8290254999883473
Latency: 0.8468579521868378
Latency: 0.8486131890676916
Latency: 0.8494179870467633
Latency: 0.8204814391210675
Latency: 0.8547207280062139
Latency: 0.8336335050407797
Latency: 0.8494551230687648
Latency: 0.8430773939471692
Latency: 0.8552678620908409
Latency: 0.8368446009699255
Latency: 0.851366028888151
Latency: 0.8309941769111902
Latency: 0.8387369739357382
Latency: 0.8510076371021569
Latency: 0.8340127519331872
Latency: 0.8263429750222713
Latency: 0.8243843158707023
Latency: 0.841368688037619
Latency: 0.8321313059423119
Latency: 0.8174542060587555
Latency: 0.8254767369944602
Latency: 0.8366685179062188
Latency: 0.8495190041139722
Latency: 0.8388317869976163
Latency: 0.8362142140977085
Latency: 0.8364452421665192
Latency: 0.8357623941265047
Latency: 0.8344182809814811
Latency: 0.8393024920951575
Latency: 0.8430936988443136
Latency: 0.8406934570521116
Latency: 0.8411744919139892
Latency: 0.8484107970725745
Latency: 0.8400222901254892
Latency: 0.8492821240797639
Latency: 0.8567232729401439
Latency: 0.8565515622030944
Latency: 0.8495801440440118
Latency: 0.8634431089740247
Latency: 0.8473750250414014
Latency: 0.8469597748480737
Latency: 0.8422357710078359
Latency: 0.8483446799218655
Latency: 0.8505131818819791
Latency: 0.8505327901802957
Latency: 0.8329231599345803
Latency: 0.8571363769005984
Latency: 0.8250457469839603
Latency: 0.8222148860804737
Latency: 0.819895823020488
Latency: 0.8204011700581759
Latency: 0.8244960180018097
Latency: 0.8333109279628843
Latency: 0.8289164260495454
Latency: 0.8298266490455717
Latency: 0.8296801068354398
Latency: 0.8248953549191356
Latency: 0.8404033549595624
Latency: 0.8392612659372389
Latency: 0.8357009880710393
Latency: 0.810219561913982
Latency: 0.8211933427955955
Latency: 0.8197052290197462
Latency: 0.8359067649580538
Latency: 0.8135794540867209
Latency: 0.8136049679014832
Latency: 0.8181871941778809
Latency: 0.8317314318846911
Latency: 0.8160835078451782
Latency: 0.8304649679921567
Latency: 0.8324584939982742
Latency: 0.818116300040856
Latency: 0.8150884041097015
Latency: 0.8273031210992485
Latency: 0.8285021709743887
Latency: 0.8261224899906665
Latency: 0.8184131658636034
Latency: 0.8246503809932619
Latency: 0.8291134969331324
Latency: 0.8280118661932647
Latency: 0.8263403729069978
Latency: 0.8226707761641592
Latency: 0.8344642450101674
Latency: 0.8316364251077175
Latency: 0.8367839641869068
Latency: 0.8550196120049804
Latency: 0.8603515671566129
Latency: 0.8334536261390895
Latency: 0.8171629949938506
Latency: 0.8313254960812628
Latency: 0.8288781379815191
Latency: 0.8259340790100396
Latency: 0.8142602110747248
Latency: 0.8235419620759785
Latency: 0.8218778960872442
Latency: 0.8196432508993894
Latency: 0.8202743791043758
Latency: 0.8197170118801296
Latency: 0.8161968549247831
Latency: 0.8212902341037989
Latency: 0.8259931791108102
Latency: 0.8213796529453248
Latency: 0.8259923469740897
Latency: 0.8278613570146263
Latency: 0.8319550738669932
Latency: 0.8269814220257103
Latency: 0.8288062021601945
Latency: 0.8265972819644958
Latency: 0.8246423751115799
Latency: 0.8288472970016301
Latency: 0.8300767811015248
Latency: 0.8408729159273207
Latency: 0.8104344399180263
Latency: 0.8227172398474067
Latency: 0.8241130711976439
Latency: 0.8327088570222259
Latency: 0.8167775690089911
Latency: 0.828168811975047
Latency: 0.8300250489264727
Latency: 0.8227693731896579
Latency: 0.8232232031878084
Latency: 0.8206247880589217
Latency: 0.8238833229988813
Latency: 0.8154127029702067
Latency: 0.8213864399585873
Latency: 0.8183148831594735
Latency: 0.8526422851718962
Latency: 0.8499379600398242
Latency: 0.8270418290048838
Latency: 0.8215200139675289
Latency: 0.8295768490061164
Latency: 0.8194244848564267
Latency: 0.832140551880002
Latency: 0.8330362029373646
Latency: 0.8288447631057352
Latency: 0.8274742187932134
Latency: 0.8217009869404137
Latency: 0.8248578959610313
Latency: 0.8246900329831988
Latency: 0.8302720019128174
Latency: 0.8285999791696668
Latency: 0.836714148055762
Latency: 0.826871391851455
Latency: 0.828882500063628
Latency: 0.837683028075844
Latency: 0.8320502801798284
Latency: 0.8270193780772388
Latency: 0.8361298278905451
Latency: 0.8372362898662686
Latency: 0.8095958789344877
Latency: 0.8266038889996707
Latency: 0.8158053839579225
Latency: 0.8415886948350817
Latency: 0.829177098814398
Latency: 0.8113800990395248
Latency: 0.8225474630016834
Latency: 0.8308942848816514
Latency: 0.8302882821299136
Latency: 0.8452470160555094
Latency: 0.8166912188753486
Latency: 0.8377573520410806
Latency: 0.8190289211925119
Latency: 0.8122604968957603
Latency: 0.8216823160182685
Latency: 0.8387483388651162
Latency: 0.8335814832244068
Latency: 0.8158733840100467
Latency: 0.8268750421702862
Latency: 0.8232576639857143
Latency: 0.8246767830569297
Latency: 0.828409228939563
Latency: 0.8296180441975594
Latency: 0.8293619549367577
Latency: 0.8334077799227089
Latency: 0.8382225309032947
Latency: 0.8204931269865483
Latency: 0.8502745679579675
Latency: 0.8604153818450868
Latency: 0.8504836349748075
Latency: 0.8490742361173034
Latency: 0.8482284280471504
Latency: 0.840327886864543
Latency: 0.859388125827536
Latency: 0.8140658070333302
Latency: 0.8216673079878092
Latency: 0.8357683080248535
Latency: 0.8321830478962511
Latency: 0.83059321786277
Latency: 0.8415990089997649
Latency: 0.8344783401116729
Latency: 0.8397550850640982
Latency: 0.8299725949764252
Latency: 0.8392512549180537
Latency: 0.8436927648726851
Latency: 0.835129430051893
Latency: 0.8366147950291634
Latency: 0.8497843369841576
Latency: 0.838800588157028
Latency: 0.8274142239242792
Latency: 0.8454395669978112
Latency: 0.8544383170083165
Latency: 0.8498617869336158
Latency: 0.8550101779401302
Latency: 0.8437924070749432
Latency: 0.848018926102668
Latency: 0.8463379179593176
Latency: 0.8494999189861119
Latency: 0.8516543230507523
Latency: 0.8443596391007304
Latency: 0.8494372798595577
Latency: 0.8468819009140134
Latency: 0.8570887700188905
Latency: 0.8582828450016677
Latency: 0.8452681328635663
Latency: 0.8253315770998597
Latency: 0.8193381058517843
Latency: 0.8227650269400328
Latency: 0.8334487141110003
Latency: 0.8170759119093418
Latency: 0.8273074328899384
Latency: 0.8157570511102676
Latency: 0.8180585470981896
Latency: 0.8382511020172387
Latency: 0.8325805359054357
Latency: 0.8369327450636774
Latency: 0.8415259888861328
Latency: 0.8468370451591909
Latency: 0.8337327591143548
Latency: 0.8441107219550759
Latency: 0.8437331069726497
Latency: 0.8488283588085324
Latency: 0.8535143418703228
Latency: 0.842899652896449
Latency: 0.8580381670035422
Latency: 0.8435031459666789
Latency: 0.8435735797975212
Latency: 0.8613314400427043
Latency: 0.8475759460125118
Latency: 0.854154845001176
Latency: 0.8251619241200387
Latency: 0.8341629849746823
Latency: 0.842757155187428
Latency: 0.8415267360396683
Latency: 0.8330943549517542
Latency: 0.8366754869930446
Latency: 0.838145500048995
Latency: 0.8415462211705744
Latency: 0.8245567369740456
Latency: 0.8358487479854375
Latency: 0.8473739391192794
Latency: 0.8712147970218211
Latency: 0.8536539999768138
Latency: 0.8465626649558544
Latency: 0.8549285850021988
Latency: 0.8694411509204656
Latency: 0.8523807439487427
Latency: 0.8549076868221164
Latency: 0.8584645420778543
Latency: 0.8462541380431503
Latency: 0.8481739528942853
Latency: 0.848055331967771
Latency: 0.8429063248913735
Latency: 0.8438722908031195
Latency: 0.8516216399148107
Latency: 0.8476864418480545
Latency: 0.8444276431109756
Latency: 0.8317006910219789
Latency: 0.8593249011319131
Latency: 0.8557927520014346
Latency: 0.8472276930697262
Latency: 0.8292811110150069
Latency: 0.8524238360114396
Latency: 0.8507691270206124
Latency: 0.8504234000574797
Latency: 0.8556019579991698
Latency: 0.8565473051276058
Latency: 0.8592271530069411
Latency: 0.8211931760888547
Latency: 0.8640774788800627
Latency: 0.8601997150108218
Latency: 0.8645425550639629
Latency: 0.8191142780706286
Latency: 0.8231406251434237
Latency: 0.8171146179083735
Latency: 0.8373631159774959
Latency: 0.8305409129243344
Latency: 0.840485850116238
Latency: 0.8518853848800063
Latency: 0.84622279019095
Latency: 0.8379699739161879
Latency: 0.82698989007622
Latency: 0.8384294561110437
Latency: 0.8504579230211675
Latency: 0.8468852250371128
Latency: 0.8461535118985921
Latency: 0.8522098299581558
Latency: 0.8499113318976015
Latency: 0.8557371960487217
Latency: 0.8445915419142693
Latency: 0.8544968599453568
Latency: 0.8512720910366625
Latency: 0.8507044650614262
Latency: 0.8524034840520471
Latency: 0.8227449462283403
Latency: 0.8295853689778596
Latency: 0.8216220908798277
Latency: 0.8409579298458993
Latency: 0.8524734950624406
Latency: 0.8422522130422294
Latency: 0.8447068980894983
Latency: 0.828041581902653
Latency: 0.8524443150963634
Latency: 0.8224693448282778
Latency: 0.8262798460200429
Latency: 0.8224929401185364
Latency: 0.8410507431253791
Latency: 0.8399410180281848
Latency: 0.8552347600925714
Latency: 0.8364648141432554
Latency: 0.8433053821790963
Latency: 0.8540578130632639
Latency: 0.8489139119628817
Latency: 0.8554962989874184
Latency: 0.8471430249046534
Latency: 0.8502088380046189
Latency: 0.8489386020228267
Latency: 0.854341529076919
Latency: 0.8409076419193298
Latency: 0.852535268990323
Latency: 0.8541506610345095
Latency: 0.8463237069081515
Latency: 0.849690459901467
Latency: 0.8470986559987068
Latency: 0.8457746729254723
Latency: 0.8452648459933698
Latency: 0.8435309410560876
Latency: 0.8455457051750273
Latency: 0.844536375021562
Latency: 0.8455885599832982
Latency: 0.8463596068322659
Latency: 0.843678851146251
Latency: 0.8549467381089926
Latency: 0.8596936180256307
Latency: 0.8446587708313018
Latency: 0.845966282999143
Latency: 0.8243027310818434
Latency: 0.8494726540520787
Latency: 0.8445430430583656
Latency: 0.8492232870776206
Latency: 0.8292291739489883
Latency: 0.8202016609720886
Latency: 0.8306026039645076
Latency: 0.8373144960496575
Latency: 0.8205733809154481
Latency: 0.8460780449677259
Latency: 0.8368305480107665
Latency: 0.8427802450023592
Latency: 0.8372219358570874
Latency: 0.8318981959018856
Latency: 0.8449765720870346
Latency: 0.8683713849168271
Latency: 0.8469966701231897
Latency: 0.843788550933823
Latency: 0.8576543449889868
Latency: 0.8664788699243218
Latency: 0.8565209910739213
Latency: 0.8556933689396828
Latency: 0.832624311093241
Latency: 0.8356396851595491
Latency: 0.8404604941606522
Latency: 0.8077577641233802
Latency: 0.8235243419185281
Latency: 0.826169494073838
Latency: 0.829011000925675
Latency: 0.8339441479183733
Latency: 0.841091166017577
Latency: 0.8361336030066013
Latency: 0.830034863203764
Latency: 0.8347517331130803
Latency: 0.8268918360117823
Latency: 0.8258044279646128
Latency: 0.8336106520146132
Latency: 0.8321205200627446
Latency: 0.8306380868889391
Latency: 0.8257113299332559
Latency: 0.8270015448797494
Latency: 0.8221647900063545
Latency: 0.8307070760056376
Latency: 0.8342528059147298
Latency: 0.82483492908068
Latency: 0.8264209791086614
Latency: 0.8323459720704705
Latency: 0.8265005808789283
Latency: 0.8290687049739063
Latency: 0.8248966718092561
Latency: 0.8329581699799746
Latency: 0.839748291997239
Latency: 0.83487270004116
Latency: 0.8352540929336101
Latency: 0.8340336468536407
Latency: 0.8272088228259236
Latency: 0.8297340599820018
Latency: 0.835931854089722
Latency: 0.8290895989630371
Latency: 0.8436570281628519
Latency: 0.8299019201658666
Latency: 0.8292092550545931
Latency: 0.8367486069910228
Latency: 0.8356020289938897
Latency: 0.8356386590749025
Latency: 0.8362084631808102
Latency: 0.816950045991689
Latency: 0.8399292470421642
Latency: 0.840449052862823
Latency: 0.8415342119988054
Latency: 0.8198526948690414
Latency: 0.8349691350013018
Latency: 0.823627611156553
Latency: 0.8419979000464082
Latency: 0.8437288431450725
Latency: 0.838599578011781
Latency: 0.8254258572123945
Latency: 0.8349849071819335
Latency: 0.8307506639976054
Latency: 0.8323423638939857
Latency: 0.8296110010705888
Latency: 0.828223428921774
Latency: 0.8282476619351655
Latency: 0.8347120578400791
Latency: 0.829952860949561
Latency: 0.8327600250486284
Latency: 0.8331187118310481
Latency: 0.8422327109146863
Latency: 0.8332062161061913
Latency: 0.8323255209252238
Latency: 0.8295700838789344
Latency: 0.8313554897904396
Latency: 0.8263409901410341
Latency: 0.8768594460561872
Latency: 0.8661993539426476
Latency: 0.8180279640946537
Latency: 0.8285722378641367
Latency: 0.843660726910457
Latency: 0.8158296609763056
Latency: 0.8134049489162862
Latency: 0.8093147680629045
Latency: 0.8166414019651711
Latency: 0.8254336600657552
Latency: 0.8108591879718006
Latency: 0.8185338659677655
Latency: 0.8101217469666153
Latency: 0.8147804320324212
Latency: 0.8248400168959051
Latency: 0.8325935110915452
Latency: 0.8131437650881708
Latency: 0.8240892828907818
Latency: 0.8149159189779311
Latency: 0.8230206021107733
Latency: 0.8230492030270398
Latency: 0.8210441211704165
Latency: 0.8290324548725039
Latency: 0.8341478679794818
Latency: 0.8250522131565958
Latency: 0.8232560388278216
Latency: 0.8189191250130534
Latency: 0.8259142129682004
Latency: 0.825334417168051
Latency: 0.8221558190416545
Latency: 0.824569612974301
Latency: 0.8230399428866804
Latency: 0.8223291381727904
Latency: 0.8611476959194988
Latency: 0.8691014680080116
Latency: 0.8616817179135978
Latency: 0.8628728750627488
Latency: 0.8513430140446872
Latency: 0.8735545519739389
Latency: 0.8729879888705909
Latency: 0.810733427060768
Latency: 0.8737281549256295
Latency: 0.8797141299583018
Latency: 0.8240641520824283
Latency: 0.8277460678946227
Latency: 0.8341397179756314
Latency: 0.8188685160130262
Latency: 0.81978146196343
Latency: 0.8311627069488168
Latency: 0.8205346919130534
Latency: 0.8177395339589566
Latency: 0.8224904481321573
Latency: 0.8331400440074503
Latency: 0.8215441110078245
Latency: 0.830606043105945
Latency: 0.8283957128878683
Latency: 0.86003073817119
Latency: 0.8309375538956374
Latency: 0.8137350711040199
Latency: 0.8138584329281002
Latency: 0.8183290841989219
Latency: 0.8303516721352935
Latency: 0.8367592750582844
Latency: 0.8347662980668247
Latency: 0.8298222420271486
Latency: 0.8340086000971496
Latency: 0.844386518932879
Latency: 0.8181922209914774
Latency: 0.8484909131657332
Latency: 0.8167515289969742
Latency: 0.8291605969425291
Latency: 0.8316535910125822
Latency: 0.8259170348756015
Latency: 0.824491951148957
Latency: 0.8338258969597518
Latency: 0.8318318808451295
Latency: 0.8341018799692392
Latency: 0.8315093668643385
Latency: 0.8338832010049373
Latency: 0.8354811670724303
Latency: 0.8521783540491015
Latency: 0.8298592430073768
Latency: 0.8309755730442703
Latency: 0.825701158028096
Latency: 0.8341075838543475
Latency: 0.8336347418371588
Latency: 0.8265257540624589
Latency: 0.8413801481947303
Latency: 0.8307077148929238
Latency: 0.8447068019304425
Latency: 0.8500215630047023
Latency: 0.8441198379732668
Latency: 0.8353094269987196
Latency: 0.8379107548389584
Latency: 0.8415746400132775
Latency: 0.837331733899191
Latency: 0.8406386510469019
Latency: 0.8134925151243806
Latency: 0.8337665880098939
Latency: 0.8252468460705131
Latency: 0.8332783810328692
Latency: 0.8321590789128095
Latency: 0.8497069801669568
Latency: 0.844363080104813
Latency: 0.8510926309973001
Latency: 0.8455406229477376
Latency: 0.8449037738610059
Latency: 0.8473998280242085
Latency: 0.841551705962047
Latency: 0.8262284190859646
Latency: 0.8299783640541136
Latency: 0.8353709119837731
Latency: 0.8379928760696203
Latency: 0.8365520131774247
Latency: 0.8456584590021521
Latency: 0.8321050959639251
Latency: 0.8369843061082065
Latency: 0.8274510889314115
Latency: 0.843025190057233
Latency: 0.8422973689157516
Latency: 0.8553096959367394
